[0.007s] Invoking command in '/home/jason/gxs/GXS_2024_VisionCode/build/colorblock_detector': CMAKE_PREFIX_PATH=/home/jason/gxs/GXS_2024_VisionCode/install/qrmsg:/home/jason/gxs/GXS_2024_VisionCode/install/gxs_serial_driver:/home/jason/gxs/GXS_2024_VisionCode/install/colorblock_detector:/home/jason/gxs/GXS_2024_VisionCode/install/binary_detector:/home/jason/gxs/GXS_2024_VisionCode/install/adjust_hsv:/home/jason/gxs/GXS_2024_VisionCode/install/line_follow:/opt/ros/humble LD_LIBRARY_PATH=/home/jason/gxs/GXS_2024_VisionCode/install/qrmsg/lib:/home/jason/gxs/GXS_2024_VisionCode/install/gxs_serial_driver/lib:/opt/MVS/lib/64:/opt/MVS/lib/32:/usr/lib/x86_64-linux-gnu/gazebo-11/plugins:/opt/ros/humble/opt/rviz_ogre_vendor/lib:/opt/ros/humble/lib/x86_64-linux-gnu:/opt/ros/humble/lib:/opt/MVS/lib/64:/opt/MVS/lib/32:/opt/MVS/lib/64:/opt/MVS/lib/32 /usr/bin/cmake --build /home/jason/gxs/GXS_2024_VisionCode/build/colorblock_detector -- -j16 -l16
[0.039s] [ 50%] [32mBuilding CXX object CMakeFiles/colorblock.dir/src/colorblock.cpp.o[0m
[3.154s] [100%] [32m[1mLinking CXX executable colorblock[0m
[3.476s] [100%] Built target colorblock
[3.481s] Invoked command in '/home/jason/gxs/GXS_2024_VisionCode/build/colorblock_detector' returned '0': CMAKE_PREFIX_PATH=/home/jason/gxs/GXS_2024_VisionCode/install/qrmsg:/home/jason/gxs/GXS_2024_VisionCode/install/gxs_serial_driver:/home/jason/gxs/GXS_2024_VisionCode/install/colorblock_detector:/home/jason/gxs/GXS_2024_VisionCode/install/binary_detector:/home/jason/gxs/GXS_2024_VisionCode/install/adjust_hsv:/home/jason/gxs/GXS_2024_VisionCode/install/line_follow:/opt/ros/humble LD_LIBRARY_PATH=/home/jason/gxs/GXS_2024_VisionCode/install/qrmsg/lib:/home/jason/gxs/GXS_2024_VisionCode/install/gxs_serial_driver/lib:/opt/MVS/lib/64:/opt/MVS/lib/32:/usr/lib/x86_64-linux-gnu/gazebo-11/plugins:/opt/ros/humble/opt/rviz_ogre_vendor/lib:/opt/ros/humble/lib/x86_64-linux-gnu:/opt/ros/humble/lib:/opt/MVS/lib/64:/opt/MVS/lib/32:/opt/MVS/lib/64:/opt/MVS/lib/32 /usr/bin/cmake --build /home/jason/gxs/GXS_2024_VisionCode/build/colorblock_detector -- -j16 -l16
[3.495s] Invoking command in '/home/jason/gxs/GXS_2024_VisionCode/build/colorblock_detector': CMAKE_PREFIX_PATH=/home/jason/gxs/GXS_2024_VisionCode/install/qrmsg:/home/jason/gxs/GXS_2024_VisionCode/install/gxs_serial_driver:/home/jason/gxs/GXS_2024_VisionCode/install/colorblock_detector:/home/jason/gxs/GXS_2024_VisionCode/install/binary_detector:/home/jason/gxs/GXS_2024_VisionCode/install/adjust_hsv:/home/jason/gxs/GXS_2024_VisionCode/install/line_follow:/opt/ros/humble LD_LIBRARY_PATH=/home/jason/gxs/GXS_2024_VisionCode/install/qrmsg/lib:/home/jason/gxs/GXS_2024_VisionCode/install/gxs_serial_driver/lib:/opt/MVS/lib/64:/opt/MVS/lib/32:/usr/lib/x86_64-linux-gnu/gazebo-11/plugins:/opt/ros/humble/opt/rviz_ogre_vendor/lib:/opt/ros/humble/lib/x86_64-linux-gnu:/opt/ros/humble/lib:/opt/MVS/lib/64:/opt/MVS/lib/32:/opt/MVS/lib/64:/opt/MVS/lib/32 /usr/bin/cmake --install /home/jason/gxs/GXS_2024_VisionCode/build/colorblock_detector
[3.499s] -- Install configuration: ""
[3.499s] -- Up-to-date: /home/jason/gxs/GXS_2024_VisionCode/install/colorblock_detector/share/colorblock_detector/launch
[3.499s] -- Up-to-date: /home/jason/gxs/GXS_2024_VisionCode/install/colorblock_detector/share/colorblock_detector/launch/bringup.launch.py
[3.499s] -- Installing: /home/jason/gxs/GXS_2024_VisionCode/install/colorblock_detector/lib/colorblock_detector/colorblock
[3.500s] -- Set runtime path of "/home/jason/gxs/GXS_2024_VisionCode/install/colorblock_detector/lib/colorblock_detector/colorblock" to ""
[3.500s] -- Up-to-date: /home/jason/gxs/GXS_2024_VisionCode/install/colorblock_detector/share/ament_index/resource_index/package_run_dependencies/colorblock_detector
[3.500s] -- Up-to-date: /home/jason/gxs/GXS_2024_VisionCode/install/colorblock_detector/share/ament_index/resource_index/parent_prefix_path/colorblock_detector
[3.500s] -- Up-to-date: /home/jason/gxs/GXS_2024_VisionCode/install/colorblock_detector/share/colorblock_detector/environment/ament_prefix_path.sh
[3.500s] -- Up-to-date: /home/jason/gxs/GXS_2024_VisionCode/install/colorblock_detector/share/colorblock_detector/environment/ament_prefix_path.dsv
[3.500s] -- Up-to-date: /home/jason/gxs/GXS_2024_VisionCode/install/colorblock_detector/share/colorblock_detector/environment/path.sh
[3.500s] -- Up-to-date: /home/jason/gxs/GXS_2024_VisionCode/install/colorblock_detector/share/colorblock_detector/environment/path.dsv
[3.500s] -- Up-to-date: /home/jason/gxs/GXS_2024_VisionCode/install/colorblock_detector/share/colorblock_detector/local_setup.bash
[3.500s] -- Up-to-date: /home/jason/gxs/GXS_2024_VisionCode/install/colorblock_detector/share/colorblock_detector/local_setup.sh
[3.500s] -- Up-to-date: /home/jason/gxs/GXS_2024_VisionCode/install/colorblock_detector/share/colorblock_detector/local_setup.zsh
[3.500s] -- Up-to-date: /home/jason/gxs/GXS_2024_VisionCode/install/colorblock_detector/share/colorblock_detector/local_setup.dsv
[3.500s] -- Installing: /home/jason/gxs/GXS_2024_VisionCode/install/colorblock_detector/share/colorblock_detector/package.dsv
[3.500s] -- Up-to-date: /home/jason/gxs/GXS_2024_VisionCode/install/colorblock_detector/share/ament_index/resource_index/packages/colorblock_detector
[3.500s] -- Up-to-date: /home/jason/gxs/GXS_2024_VisionCode/install/colorblock_detector/share/colorblock_detector/cmake/colorblock_detectorConfig.cmake
[3.500s] -- Up-to-date: /home/jason/gxs/GXS_2024_VisionCode/install/colorblock_detector/share/colorblock_detector/cmake/colorblock_detectorConfig-version.cmake
[3.500s] -- Up-to-date: /home/jason/gxs/GXS_2024_VisionCode/install/colorblock_detector/share/colorblock_detector/package.xml
[3.501s] Invoked command in '/home/jason/gxs/GXS_2024_VisionCode/build/colorblock_detector' returned '0': CMAKE_PREFIX_PATH=/home/jason/gxs/GXS_2024_VisionCode/install/qrmsg:/home/jason/gxs/GXS_2024_VisionCode/install/gxs_serial_driver:/home/jason/gxs/GXS_2024_VisionCode/install/colorblock_detector:/home/jason/gxs/GXS_2024_VisionCode/install/binary_detector:/home/jason/gxs/GXS_2024_VisionCode/install/adjust_hsv:/home/jason/gxs/GXS_2024_VisionCode/install/line_follow:/opt/ros/humble LD_LIBRARY_PATH=/home/jason/gxs/GXS_2024_VisionCode/install/qrmsg/lib:/home/jason/gxs/GXS_2024_VisionCode/install/gxs_serial_driver/lib:/opt/MVS/lib/64:/opt/MVS/lib/32:/usr/lib/x86_64-linux-gnu/gazebo-11/plugins:/opt/ros/humble/opt/rviz_ogre_vendor/lib:/opt/ros/humble/lib/x86_64-linux-gnu:/opt/ros/humble/lib:/opt/MVS/lib/64:/opt/MVS/lib/32:/opt/MVS/lib/64:/opt/MVS/lib/32 /usr/bin/cmake --install /home/jason/gxs/GXS_2024_VisionCode/build/colorblock_detector
