[0.012s] Invoking command in '/home/lccc/Desktop/GXS_2024_VisionCode/build/line_follow': AMENT_PREFIX_PATH=/home/lccc/Desktop/GXS_2024_VisionCode/install/qrmsg:${AMENT_PREFIX_PATH} CMAKE_PREFIX_PATH=/home/lccc/Desktop/GXS_2024_VisionCode/install/qrmsg:/opt/ros/humble LD_LIBRARY_PATH=/home/lccc/Desktop/GXS_2024_VisionCode/install/qrmsg/lib:${LD_LIBRARY_PATH} PYTHONPATH=/home/lccc/Desktop/GXS_2024_VisionCode/install/qrmsg/local/lib/python3.10/dist-packages:${PYTHONPATH} /usr/bin/cmake --build /home/lccc/Desktop/GXS_2024_VisionCode/build/line_follow -- -j16 -l16
[0.056s] [100%] Built target lf
[0.063s] Invoked command in '/home/lccc/Desktop/GXS_2024_VisionCode/build/line_follow' returned '0': AMENT_PREFIX_PATH=/home/lccc/Desktop/GXS_2024_VisionCode/install/qrmsg:${AMENT_PREFIX_PATH} CMAKE_PREFIX_PATH=/home/lccc/Desktop/GXS_2024_VisionCode/install/qrmsg:/opt/ros/humble LD_LIBRARY_PATH=/home/lccc/Desktop/GXS_2024_VisionCode/install/qrmsg/lib:${LD_LIBRARY_PATH} PYTHONPATH=/home/lccc/Desktop/GXS_2024_VisionCode/install/qrmsg/local/lib/python3.10/dist-packages:${PYTHONPATH} /usr/bin/cmake --build /home/lccc/Desktop/GXS_2024_VisionCode/build/line_follow -- -j16 -l16
[0.081s] Invoking command in '/home/lccc/Desktop/GXS_2024_VisionCode/build/line_follow': AMENT_PREFIX_PATH=/home/lccc/Desktop/GXS_2024_VisionCode/install/qrmsg:${AMENT_PREFIX_PATH} CMAKE_PREFIX_PATH=/home/lccc/Desktop/GXS_2024_VisionCode/install/qrmsg:/opt/ros/humble LD_LIBRARY_PATH=/home/lccc/Desktop/GXS_2024_VisionCode/install/qrmsg/lib:${LD_LIBRARY_PATH} PYTHONPATH=/home/lccc/Desktop/GXS_2024_VisionCode/install/qrmsg/local/lib/python3.10/dist-packages:${PYTHONPATH} /usr/bin/cmake --install /home/lccc/Desktop/GXS_2024_VisionCode/build/line_follow
[0.087s] -- Install configuration: ""
[0.089s] -- Up-to-date: /home/lccc/Desktop/GXS_2024_VisionCode/install/line_follow/lib/line_follow/lf
[0.090s] -- Up-to-date: /home/lccc/Desktop/GXS_2024_VisionCode/install/line_follow/share/ament_index/resource_index/package_run_dependencies/line_follow
[0.090s] -- Up-to-date: /home/lccc/Desktop/GXS_2024_VisionCode/install/line_follow/share/ament_index/resource_index/parent_prefix_path/line_follow
[0.090s] -- Up-to-date: /home/lccc/Desktop/GXS_2024_VisionCode/install/line_follow/share/line_follow/environment/ament_prefix_path.sh
[0.090s] -- Up-to-date: /home/lccc/Desktop/GXS_2024_VisionCode/install/line_follow/share/line_follow/environment/ament_prefix_path.dsv
[0.090s] -- Up-to-date: /home/lccc/Desktop/GXS_2024_VisionCode/install/line_follow/share/line_follow/environment/path.sh
[0.090s] -- Up-to-date: /home/lccc/Desktop/GXS_2024_VisionCode/install/line_follow/share/line_follow/environment/path.dsv
[0.090s] -- Up-to-date: /home/lccc/Desktop/GXS_2024_VisionCode/install/line_follow/share/line_follow/local_setup.bash
[0.090s] -- Up-to-date: /home/lccc/Desktop/GXS_2024_VisionCode/install/line_follow/share/line_follow/local_setup.sh
[0.090s] -- Up-to-date: /home/lccc/Desktop/GXS_2024_VisionCode/install/line_follow/share/line_follow/local_setup.zsh
[0.090s] -- Up-to-date: /home/lccc/Desktop/GXS_2024_VisionCode/install/line_follow/share/line_follow/local_setup.dsv
[0.090s] -- Installing: /home/lccc/Desktop/GXS_2024_VisionCode/install/line_follow/share/line_follow/package.dsv
[0.091s] -- Up-to-date: /home/lccc/Desktop/GXS_2024_VisionCode/install/line_follow/share/ament_index/resource_index/packages/line_follow
[0.091s] -- Up-to-date: /home/lccc/Desktop/GXS_2024_VisionCode/install/line_follow/share/line_follow/cmake/line_followConfig.cmake
[0.091s] -- Up-to-date: /home/lccc/Desktop/GXS_2024_VisionCode/install/line_follow/share/line_follow/cmake/line_followConfig-version.cmake
[0.091s] -- Up-to-date: /home/lccc/Desktop/GXS_2024_VisionCode/install/line_follow/share/line_follow/package.xml
[0.100s] Invoked command in '/home/lccc/Desktop/GXS_2024_VisionCode/build/line_follow' returned '0': AMENT_PREFIX_PATH=/home/lccc/Desktop/GXS_2024_VisionCode/install/qrmsg:${AMENT_PREFIX_PATH} CMAKE_PREFIX_PATH=/home/lccc/Desktop/GXS_2024_VisionCode/install/qrmsg:/opt/ros/humble LD_LIBRARY_PATH=/home/lccc/Desktop/GXS_2024_VisionCode/install/qrmsg/lib:${LD_LIBRARY_PATH} PYTHONPATH=/home/lccc/Desktop/GXS_2024_VisionCode/install/qrmsg/local/lib/python3.10/dist-packages:${PYTHONPATH} /usr/bin/cmake --install /home/lccc/Desktop/GXS_2024_VisionCode/build/line_follow
