[0.052s] DEBUG:colcon:Command line arguments: ['/usr/bin/colcon', 'build']
[0.052s] DEBUG:colcon:Parsed command line arguments: Namespace(log_base=None, log_level=None, verb_name='build', build_base='build', install_base='install', merge_install=False, symlink_install=False, test_result_base=None, continue_on_error=False, executor='parallel', parallel_workers=16, event_handlers=None, ignore_user_meta=False, metas=['./colcon.meta'], base_paths=['.'], packages_ignore=None, packages_ignore_regex=None, paths=None, packages_up_to=None, packages_up_to_regex=None, packages_above=None, packages_above_and_dependencies=None, packages_above_depth=None, packages_select_by_dep=None, packages_skip_by_dep=None, packages_skip_up_to=None, packages_select_build_failed=False, packages_skip_build_finished=False, packages_select_test_failures=False, packages_skip_test_passed=False, packages_select=None, packages_skip=None, packages_select_regex=None, packages_skip_regex=None, packages_start=None, packages_end=None, allow_overriding=[], cmake_args=None, cmake_target=None, cmake_target_skip_unavailable=False, cmake_clean_cache=False, cmake_clean_first=False, cmake_force_configure=False, ament_cmake_args=None, catkin_cmake_args=None, catkin_skip_building_tests=False, verb_parser=<colcon_defaults.argument_parser.defaults.DefaultArgumentsDecorator object at 0x7e91d4048eb0>, verb_extension=<colcon_core.verb.build.BuildVerb object at 0x7e91d40488b0>, main=<bound method BuildVerb.main of <colcon_core.verb.build.BuildVerb object at 0x7e91d40488b0>>)
[0.134s] Level 1:colcon.colcon_core.package_discovery:discover_packages(colcon_meta) check parameters
[0.134s] Level 1:colcon.colcon_core.package_discovery:discover_packages(recursive) check parameters
[0.134s] Level 1:colcon.colcon_core.package_discovery:discover_packages(ignore) check parameters
[0.134s] Level 1:colcon.colcon_core.package_discovery:discover_packages(path) check parameters
[0.134s] Level 1:colcon.colcon_core.package_discovery:discover_packages(colcon_meta) discover
[0.134s] Level 1:colcon.colcon_core.package_discovery:discover_packages(recursive) discover
[0.135s] INFO:colcon.colcon_core.package_discovery:Crawling recursively for packages in '/home/jason/gxs/GXS_2024_VisionCode/src/binary_detector'
[0.135s] Level 1:colcon.colcon_core.package_identification:_identify(.) by extensions ['ignore', 'ignore_ament_install']
[0.135s] Level 1:colcon.colcon_core.package_identification:_identify(.) by extension 'ignore'
[0.135s] Level 1:colcon.colcon_core.package_identification:_identify(.) by extension 'ignore_ament_install'
[0.135s] Level 1:colcon.colcon_core.package_identification:_identify(.) by extensions ['colcon_pkg']
[0.135s] Level 1:colcon.colcon_core.package_identification:_identify(.) by extension 'colcon_pkg'
[0.135s] Level 1:colcon.colcon_core.package_identification:_identify(.) by extensions ['colcon_meta']
[0.135s] Level 1:colcon.colcon_core.package_identification:_identify(.) by extension 'colcon_meta'
[0.135s] Level 1:colcon.colcon_core.package_identification:_identify(.) by extensions ['ros']
[0.135s] Level 1:colcon.colcon_core.package_identification:_identify(.) by extension 'ros'
[0.143s] DEBUG:colcon.colcon_core.package_identification:Package '.' with type 'ros.ament_cmake' and name 'binary_detector'
[0.143s] Level 1:colcon.colcon_core.package_discovery:discover_packages(recursive) using defaults
[0.143s] Level 1:colcon.colcon_core.package_discovery:discover_packages(ignore) discover
[0.143s] Level 1:colcon.colcon_core.package_discovery:discover_packages(ignore) using defaults
[0.143s] Level 1:colcon.colcon_core.package_discovery:discover_packages(path) discover
[0.143s] Level 1:colcon.colcon_core.package_discovery:discover_packages(path) using defaults
[0.154s] Level 1:colcon.colcon_core.package_discovery:discover_packages(prefix_path) check parameters
[0.154s] Level 1:colcon.colcon_core.package_discovery:discover_packages(prefix_path) discover
[0.161s] DEBUG:colcon.colcon_installed_package_information.package_discovery:Found 1 installed packages in /home/jason/gxs/GXS_2024_VisionCode/src/adjust/install
[0.162s] DEBUG:colcon.colcon_installed_package_information.package_discovery:Found 425 installed packages in /opt/ros/humble
[0.163s] Level 1:colcon.colcon_core.package_discovery:discover_packages(prefix_path) using defaults
[0.188s] Level 5:colcon.colcon_core.verb:set package 'binary_detector' build argument 'cmake_args' from command line to 'None'
[0.188s] Level 5:colcon.colcon_core.verb:set package 'binary_detector' build argument 'cmake_target' from command line to 'None'
[0.188s] Level 5:colcon.colcon_core.verb:set package 'binary_detector' build argument 'cmake_target_skip_unavailable' from command line to 'False'
[0.188s] Level 5:colcon.colcon_core.verb:set package 'binary_detector' build argument 'cmake_clean_cache' from command line to 'False'
[0.188s] Level 5:colcon.colcon_core.verb:set package 'binary_detector' build argument 'cmake_clean_first' from command line to 'False'
[0.188s] Level 5:colcon.colcon_core.verb:set package 'binary_detector' build argument 'cmake_force_configure' from command line to 'False'
[0.188s] Level 5:colcon.colcon_core.verb:set package 'binary_detector' build argument 'ament_cmake_args' from command line to 'None'
[0.188s] Level 5:colcon.colcon_core.verb:set package 'binary_detector' build argument 'catkin_cmake_args' from command line to 'None'
[0.188s] Level 5:colcon.colcon_core.verb:set package 'binary_detector' build argument 'catkin_skip_building_tests' from command line to 'False'
[0.188s] DEBUG:colcon.colcon_core.verb:Building package 'binary_detector' with the following arguments: {'ament_cmake_args': None, 'build_base': '/home/jason/gxs/GXS_2024_VisionCode/src/binary_detector/build/binary_detector', 'catkin_cmake_args': None, 'catkin_skip_building_tests': False, 'cmake_args': None, 'cmake_clean_cache': False, 'cmake_clean_first': False, 'cmake_force_configure': False, 'cmake_target': None, 'cmake_target_skip_unavailable': False, 'install_base': '/home/jason/gxs/GXS_2024_VisionCode/src/binary_detector/install/binary_detector', 'merge_install': False, 'path': '/home/jason/gxs/GXS_2024_VisionCode/src/binary_detector', 'symlink_install': False, 'test_result_base': None}
[0.188s] INFO:colcon.colcon_core.executor:Executing jobs using 'parallel' executor
[0.189s] DEBUG:colcon.colcon_parallel_executor.executor.parallel:run_until_complete
[0.189s] INFO:colcon.colcon_ros.task.ament_cmake.build:Building ROS package in '/home/jason/gxs/GXS_2024_VisionCode/src/binary_detector' with build type 'ament_cmake'
[0.189s] INFO:colcon.colcon_cmake.task.cmake.build:Building CMake package in '/home/jason/gxs/GXS_2024_VisionCode/src/binary_detector'
[0.190s] INFO:colcon.colcon_core.plugin_system:Skipping extension 'colcon_core.shell.bat': Not used on non-Windows systems
[0.190s] INFO:colcon.colcon_core.shell:Skip shell extension 'powershell' for command environment: Not usable outside of PowerShell
[0.190s] DEBUG:colcon.colcon_core.shell:Skip shell extension 'dsv' for command environment
[0.194s] DEBUG:colcon.colcon_core.event_handler.log_command:Invoking command in '/home/jason/gxs/GXS_2024_VisionCode/src/binary_detector/build/binary_detector': CMAKE_PREFIX_PATH=${CMAKE_PREFIX_PATH}:/opt/ros/humble /usr/bin/cmake /home/jason/gxs/GXS_2024_VisionCode/src/binary_detector -DCMAKE_INSTALL_PREFIX=/home/jason/gxs/GXS_2024_VisionCode/src/binary_detector/install/binary_detector
[0.962s] DEBUG:colcon.colcon_core.event_handler.log_command:Invoked command in '/home/jason/gxs/GXS_2024_VisionCode/src/binary_detector/build/binary_detector' returned '1': CMAKE_PREFIX_PATH=${CMAKE_PREFIX_PATH}:/opt/ros/humble /usr/bin/cmake /home/jason/gxs/GXS_2024_VisionCode/src/binary_detector -DCMAKE_INSTALL_PREFIX=/home/jason/gxs/GXS_2024_VisionCode/src/binary_detector/install/binary_detector
[0.969s] Level 1:colcon.colcon_core.environment:create_environment_scripts_only(binary_detector)
[0.970s] Level 1:colcon.colcon_core.environment:checking '/home/jason/gxs/GXS_2024_VisionCode/src/binary_detector/install/binary_detector' for CMake module files
[0.970s] Level 1:colcon.colcon_core.environment:checking '/home/jason/gxs/GXS_2024_VisionCode/src/binary_detector/install/binary_detector' for CMake config files
[0.970s] Level 1:colcon.colcon_core.environment:checking '/home/jason/gxs/GXS_2024_VisionCode/src/binary_detector/install/binary_detector/bin'
[0.971s] Level 1:colcon.colcon_core.environment:checking '/home/jason/gxs/GXS_2024_VisionCode/src/binary_detector/install/binary_detector/lib/pkgconfig/binary_detector.pc'
[0.971s] Level 1:colcon.colcon_core.environment:checking '/home/jason/gxs/GXS_2024_VisionCode/src/binary_detector/install/binary_detector/lib/python3.10/site-packages'
[0.971s] Level 1:colcon.colcon_core.environment:checking '/home/jason/gxs/GXS_2024_VisionCode/src/binary_detector/install/binary_detector/bin'
[0.971s] INFO:colcon.colcon_core.shell:Creating package script '/home/jason/gxs/GXS_2024_VisionCode/src/binary_detector/install/binary_detector/share/binary_detector/package.ps1'
[0.971s] INFO:colcon.colcon_core.shell:Creating package descriptor '/home/jason/gxs/GXS_2024_VisionCode/src/binary_detector/install/binary_detector/share/binary_detector/package.dsv'
[0.971s] INFO:colcon.colcon_core.shell:Creating package script '/home/jason/gxs/GXS_2024_VisionCode/src/binary_detector/install/binary_detector/share/binary_detector/package.sh'
[0.972s] INFO:colcon.colcon_core.shell:Creating package script '/home/jason/gxs/GXS_2024_VisionCode/src/binary_detector/install/binary_detector/share/binary_detector/package.bash'
[0.972s] INFO:colcon.colcon_core.shell:Creating package script '/home/jason/gxs/GXS_2024_VisionCode/src/binary_detector/install/binary_detector/share/binary_detector/package.zsh'
[0.972s] Level 1:colcon.colcon_core.environment:create_file_with_runtime_dependencies(/home/jason/gxs/GXS_2024_VisionCode/src/binary_detector/install/binary_detector/share/colcon-core/packages/binary_detector)
[0.983s] DEBUG:colcon.colcon_parallel_executor.executor.parallel:closing loop
[0.983s] DEBUG:colcon.colcon_parallel_executor.executor.parallel:loop closed
[0.983s] DEBUG:colcon.colcon_parallel_executor.executor.parallel:run_until_complete finished with '1'
[0.983s] DEBUG:colcon.colcon_core.event_reactor:joining thread
[0.988s] INFO:colcon.colcon_core.plugin_system:Skipping extension 'colcon_notification.desktop_notification.terminal_notifier': Not used on non-Darwin systems
[0.988s] INFO:colcon.colcon_core.plugin_system:Skipping extension 'colcon_notification.desktop_notification.win32': Not used on non-Windows systems
[0.988s] INFO:colcon.colcon_notification.desktop_notification:Sending desktop notification using 'notify2'
[0.997s] DEBUG:colcon.colcon_core.event_reactor:joined thread
[0.997s] INFO:colcon.colcon_core.shell:Creating prefix script '/home/jason/gxs/GXS_2024_VisionCode/src/binary_detector/install/local_setup.ps1'
[0.998s] INFO:colcon.colcon_core.shell:Creating prefix util module '/home/jason/gxs/GXS_2024_VisionCode/src/binary_detector/install/_local_setup_util_ps1.py'
[0.999s] INFO:colcon.colcon_core.shell:Creating prefix chain script '/home/jason/gxs/GXS_2024_VisionCode/src/binary_detector/install/setup.ps1'
[1.000s] INFO:colcon.colcon_core.shell:Creating prefix script '/home/jason/gxs/GXS_2024_VisionCode/src/binary_detector/install/local_setup.sh'
[1.000s] INFO:colcon.colcon_core.shell:Creating prefix util module '/home/jason/gxs/GXS_2024_VisionCode/src/binary_detector/install/_local_setup_util_sh.py'
[1.000s] INFO:colcon.colcon_core.shell:Creating prefix chain script '/home/jason/gxs/GXS_2024_VisionCode/src/binary_detector/install/setup.sh'
[1.001s] INFO:colcon.colcon_core.shell:Creating prefix script '/home/jason/gxs/GXS_2024_VisionCode/src/binary_detector/install/local_setup.bash'
[1.001s] INFO:colcon.colcon_core.shell:Creating prefix chain script '/home/jason/gxs/GXS_2024_VisionCode/src/binary_detector/install/setup.bash'
[1.001s] INFO:colcon.colcon_core.shell:Creating prefix script '/home/jason/gxs/GXS_2024_VisionCode/src/binary_detector/install/local_setup.zsh'
[1.001s] INFO:colcon.colcon_core.shell:Creating prefix chain script '/home/jason/gxs/GXS_2024_VisionCode/src/binary_detector/install/setup.zsh'
