[0.100s] DEBUG:colcon:Command line arguments: ['/usr/bin/colcon', 'build']
[0.100s] DEBUG:colcon:Parsed command line arguments: Namespace(log_base=None, log_level=None, verb_name='build', build_base='build', install_base='install', merge_install=False, symlink_install=False, test_result_base=None, continue_on_error=False, executor='parallel', parallel_workers=16, event_handlers=None, ignore_user_meta=False, metas=['./colcon.meta'], base_paths=['.'], packages_ignore=None, packages_ignore_regex=None, paths=None, packages_up_to=None, packages_up_to_regex=None, packages_above=None, packages_above_and_dependencies=None, packages_above_depth=None, packages_select_by_dep=None, packages_skip_by_dep=None, packages_skip_up_to=None, packages_select_build_failed=False, packages_skip_build_finished=False, packages_select_test_failures=False, packages_skip_test_passed=False, packages_select=None, packages_skip=None, packages_select_regex=None, packages_skip_regex=None, packages_start=None, packages_end=None, allow_overriding=[], cmake_args=None, cmake_target=None, cmake_target_skip_unavailable=False, cmake_clean_cache=False, cmake_clean_first=False, cmake_force_configure=False, ament_cmake_args=None, catkin_cmake_args=None, catkin_skip_building_tests=False, verb_parser=<colcon_defaults.argument_parser.defaults.DefaultArgumentsDecorator object at 0x7455c3087d00>, verb_extension=<colcon_core.verb.build.BuildVerb object at 0x7455c3087730>, main=<bound method BuildVerb.main of <colcon_core.verb.build.BuildVerb object at 0x7455c3087730>>)
[0.266s] Level 1:colcon.colcon_core.package_discovery:discover_packages(colcon_meta) check parameters
[0.266s] Level 1:colcon.colcon_core.package_discovery:discover_packages(recursive) check parameters
[0.266s] Level 1:colcon.colcon_core.package_discovery:discover_packages(ignore) check parameters
[0.266s] Level 1:colcon.colcon_core.package_discovery:discover_packages(path) check parameters
[0.266s] Level 1:colcon.colcon_core.package_discovery:discover_packages(colcon_meta) discover
[0.266s] Level 1:colcon.colcon_core.package_discovery:discover_packages(recursive) discover
[0.266s] INFO:colcon.colcon_core.package_discovery:Crawling recursively for packages in '/home/lccc/Desktop/GXS_2024_VisionCode'
[0.266s] Level 1:colcon.colcon_core.package_identification:_identify(.) by extensions ['ignore', 'ignore_ament_install']
[0.266s] Level 1:colcon.colcon_core.package_identification:_identify(.) by extension 'ignore'
[0.266s] Level 1:colcon.colcon_core.package_identification:_identify(.) by extension 'ignore_ament_install'
[0.266s] Level 1:colcon.colcon_core.package_identification:_identify(.) by extensions ['colcon_pkg']
[0.266s] Level 1:colcon.colcon_core.package_identification:_identify(.) by extension 'colcon_pkg'
[0.266s] Level 1:colcon.colcon_core.package_identification:_identify(.) by extensions ['colcon_meta']
[0.266s] Level 1:colcon.colcon_core.package_identification:_identify(.) by extension 'colcon_meta'
[0.266s] Level 1:colcon.colcon_core.package_identification:_identify(.) by extensions ['ros']
[0.266s] Level 1:colcon.colcon_core.package_identification:_identify(.) by extension 'ros'
[0.276s] Level 1:colcon.colcon_core.package_identification:_identify(.) by extensions ['cmake', 'python']
[0.276s] Level 1:colcon.colcon_core.package_identification:_identify(.) by extension 'cmake'
[0.276s] Level 1:colcon.colcon_core.package_identification:_identify(.) by extension 'python'
[0.276s] Level 1:colcon.colcon_core.package_identification:_identify(.) by extensions ['python_setup_py']
[0.276s] Level 1:colcon.colcon_core.package_identification:_identify(.) by extension 'python_setup_py'
[0.277s] Level 1:colcon.colcon_core.package_identification:_identify(build) by extensions ['ignore', 'ignore_ament_install']
[0.277s] Level 1:colcon.colcon_core.package_identification:_identify(build) by extension 'ignore'
[0.277s] Level 1:colcon.colcon_core.package_identification:_identify(build) ignored
[0.277s] Level 1:colcon.colcon_core.package_identification:_identify(install) by extensions ['ignore', 'ignore_ament_install']
[0.277s] Level 1:colcon.colcon_core.package_identification:_identify(install) by extension 'ignore'
[0.277s] Level 1:colcon.colcon_core.package_identification:_identify(install) ignored
[0.277s] Level 1:colcon.colcon_core.package_identification:_identify(log) by extensions ['ignore', 'ignore_ament_install']
[0.277s] Level 1:colcon.colcon_core.package_identification:_identify(log) by extension 'ignore'
[0.277s] Level 1:colcon.colcon_core.package_identification:_identify(log) ignored
[0.277s] Level 1:colcon.colcon_core.package_identification:_identify(src) by extensions ['ignore', 'ignore_ament_install']
[0.277s] Level 1:colcon.colcon_core.package_identification:_identify(src) by extension 'ignore'
[0.277s] Level 1:colcon.colcon_core.package_identification:_identify(src) by extension 'ignore_ament_install'
[0.277s] Level 1:colcon.colcon_core.package_identification:_identify(src) by extensions ['colcon_pkg']
[0.277s] Level 1:colcon.colcon_core.package_identification:_identify(src) by extension 'colcon_pkg'
[0.277s] Level 1:colcon.colcon_core.package_identification:_identify(src) by extensions ['colcon_meta']
[0.277s] Level 1:colcon.colcon_core.package_identification:_identify(src) by extension 'colcon_meta'
[0.277s] Level 1:colcon.colcon_core.package_identification:_identify(src) by extensions ['ros']
[0.277s] Level 1:colcon.colcon_core.package_identification:_identify(src) by extension 'ros'
[0.277s] Level 1:colcon.colcon_core.package_identification:_identify(src) by extensions ['cmake', 'python']
[0.277s] Level 1:colcon.colcon_core.package_identification:_identify(src) by extension 'cmake'
[0.277s] Level 1:colcon.colcon_core.package_identification:_identify(src) by extension 'python'
[0.277s] Level 1:colcon.colcon_core.package_identification:_identify(src) by extensions ['python_setup_py']
[0.277s] Level 1:colcon.colcon_core.package_identification:_identify(src) by extension 'python_setup_py'
[0.277s] Level 1:colcon.colcon_core.package_identification:_identify(src/adjust) by extensions ['ignore', 'ignore_ament_install']
[0.277s] Level 1:colcon.colcon_core.package_identification:_identify(src/adjust) by extension 'ignore'
[0.277s] Level 1:colcon.colcon_core.package_identification:_identify(src/adjust) by extension 'ignore_ament_install'
[0.277s] Level 1:colcon.colcon_core.package_identification:_identify(src/adjust) by extensions ['colcon_pkg']
[0.277s] Level 1:colcon.colcon_core.package_identification:_identify(src/adjust) by extension 'colcon_pkg'
[0.277s] Level 1:colcon.colcon_core.package_identification:_identify(src/adjust) by extensions ['colcon_meta']
[0.277s] Level 1:colcon.colcon_core.package_identification:_identify(src/adjust) by extension 'colcon_meta'
[0.277s] Level 1:colcon.colcon_core.package_identification:_identify(src/adjust) by extensions ['ros']
[0.278s] Level 1:colcon.colcon_core.package_identification:_identify(src/adjust) by extension 'ros'
[0.280s] DEBUG:colcon.colcon_core.package_identification:Package 'src/adjust' with type 'ros.ament_cmake' and name 'adjust_hsv'
[0.280s] Level 1:colcon.colcon_core.package_identification:_identify(src/binary_detector) by extensions ['ignore', 'ignore_ament_install']
[0.280s] Level 1:colcon.colcon_core.package_identification:_identify(src/binary_detector) by extension 'ignore'
[0.280s] Level 1:colcon.colcon_core.package_identification:_identify(src/binary_detector) by extension 'ignore_ament_install'
[0.280s] Level 1:colcon.colcon_core.package_identification:_identify(src/binary_detector) by extensions ['colcon_pkg']
[0.280s] Level 1:colcon.colcon_core.package_identification:_identify(src/binary_detector) by extension 'colcon_pkg'
[0.280s] Level 1:colcon.colcon_core.package_identification:_identify(src/binary_detector) by extensions ['colcon_meta']
[0.280s] Level 1:colcon.colcon_core.package_identification:_identify(src/binary_detector) by extension 'colcon_meta'
[0.280s] Level 1:colcon.colcon_core.package_identification:_identify(src/binary_detector) by extensions ['ros']
[0.280s] Level 1:colcon.colcon_core.package_identification:_identify(src/binary_detector) by extension 'ros'
[0.281s] DEBUG:colcon.colcon_core.package_identification:Package 'src/binary_detector' with type 'ros.ament_cmake' and name 'binary_detector'
[0.281s] Level 1:colcon.colcon_core.package_identification:_identify(src/camera_driver) by extensions ['ignore', 'ignore_ament_install']
[0.281s] Level 1:colcon.colcon_core.package_identification:_identify(src/camera_driver) by extension 'ignore'
[0.281s] Level 1:colcon.colcon_core.package_identification:_identify(src/camera_driver) by extension 'ignore_ament_install'
[0.281s] Level 1:colcon.colcon_core.package_identification:_identify(src/camera_driver) by extensions ['colcon_pkg']
[0.281s] Level 1:colcon.colcon_core.package_identification:_identify(src/camera_driver) by extension 'colcon_pkg'
[0.281s] Level 1:colcon.colcon_core.package_identification:_identify(src/camera_driver) by extensions ['colcon_meta']
[0.281s] Level 1:colcon.colcon_core.package_identification:_identify(src/camera_driver) by extension 'colcon_meta'
[0.281s] Level 1:colcon.colcon_core.package_identification:_identify(src/camera_driver) by extensions ['ros']
[0.281s] Level 1:colcon.colcon_core.package_identification:_identify(src/camera_driver) by extension 'ros'
[0.282s] DEBUG:colcon.colcon_core.package_identification:Package 'src/camera_driver' with type 'ros.ament_cmake' and name 'camera_driver'
[0.282s] Level 1:colcon.colcon_core.package_identification:_identify(src/colorblock_detector) by extensions ['ignore', 'ignore_ament_install']
[0.282s] Level 1:colcon.colcon_core.package_identification:_identify(src/colorblock_detector) by extension 'ignore'
[0.282s] Level 1:colcon.colcon_core.package_identification:_identify(src/colorblock_detector) by extension 'ignore_ament_install'
[0.282s] Level 1:colcon.colcon_core.package_identification:_identify(src/colorblock_detector) by extensions ['colcon_pkg']
[0.282s] Level 1:colcon.colcon_core.package_identification:_identify(src/colorblock_detector) by extension 'colcon_pkg'
[0.282s] Level 1:colcon.colcon_core.package_identification:_identify(src/colorblock_detector) by extensions ['colcon_meta']
[0.282s] Level 1:colcon.colcon_core.package_identification:_identify(src/colorblock_detector) by extension 'colcon_meta'
[0.282s] Level 1:colcon.colcon_core.package_identification:_identify(src/colorblock_detector) by extensions ['ros']
[0.282s] Level 1:colcon.colcon_core.package_identification:_identify(src/colorblock_detector) by extension 'ros'
[0.283s] DEBUG:colcon.colcon_core.package_identification:Package 'src/colorblock_detector' with type 'ros.ament_cmake' and name 'colorblock_detector'
[0.283s] Level 1:colcon.colcon_core.package_identification:_identify(src/image_data) by extensions ['ignore', 'ignore_ament_install']
[0.283s] Level 1:colcon.colcon_core.package_identification:_identify(src/image_data) by extension 'ignore'
[0.283s] Level 1:colcon.colcon_core.package_identification:_identify(src/image_data) by extension 'ignore_ament_install'
[0.283s] Level 1:colcon.colcon_core.package_identification:_identify(src/image_data) by extensions ['colcon_pkg']
[0.283s] Level 1:colcon.colcon_core.package_identification:_identify(src/image_data) by extension 'colcon_pkg'
[0.283s] Level 1:colcon.colcon_core.package_identification:_identify(src/image_data) by extensions ['colcon_meta']
[0.283s] Level 1:colcon.colcon_core.package_identification:_identify(src/image_data) by extension 'colcon_meta'
[0.283s] Level 1:colcon.colcon_core.package_identification:_identify(src/image_data) by extensions ['ros']
[0.283s] Level 1:colcon.colcon_core.package_identification:_identify(src/image_data) by extension 'ros'
[0.283s] Level 1:colcon.colcon_core.package_identification:_identify(src/image_data) by extensions ['cmake', 'python']
[0.283s] Level 1:colcon.colcon_core.package_identification:_identify(src/image_data) by extension 'cmake'
[0.283s] Level 1:colcon.colcon_core.package_identification:_identify(src/image_data) by extension 'python'
[0.283s] Level 1:colcon.colcon_core.package_identification:_identify(src/image_data) by extensions ['python_setup_py']
[0.283s] Level 1:colcon.colcon_core.package_identification:_identify(src/image_data) by extension 'python_setup_py'
[0.283s] Level 1:colcon.colcon_core.package_identification:_identify(src/image_data/build) by extensions ['ignore', 'ignore_ament_install']
[0.283s] Level 1:colcon.colcon_core.package_identification:_identify(src/image_data/build) by extension 'ignore'
[0.283s] Level 1:colcon.colcon_core.package_identification:_identify(src/image_data/build) ignored
[0.284s] Level 1:colcon.colcon_core.package_identification:_identify(src/image_data/images) by extensions ['ignore', 'ignore_ament_install']
[0.284s] Level 1:colcon.colcon_core.package_identification:_identify(src/image_data/images) by extension 'ignore'
[0.284s] Level 1:colcon.colcon_core.package_identification:_identify(src/image_data/images) by extension 'ignore_ament_install'
[0.284s] Level 1:colcon.colcon_core.package_identification:_identify(src/image_data/images) by extensions ['colcon_pkg']
[0.284s] Level 1:colcon.colcon_core.package_identification:_identify(src/image_data/images) by extension 'colcon_pkg'
[0.284s] Level 1:colcon.colcon_core.package_identification:_identify(src/image_data/images) by extensions ['colcon_meta']
[0.284s] Level 1:colcon.colcon_core.package_identification:_identify(src/image_data/images) by extension 'colcon_meta'
[0.284s] Level 1:colcon.colcon_core.package_identification:_identify(src/image_data/images) by extensions ['ros']
[0.284s] Level 1:colcon.colcon_core.package_identification:_identify(src/image_data/images) by extension 'ros'
[0.284s] Level 1:colcon.colcon_core.package_identification:_identify(src/image_data/images) by extensions ['cmake', 'python']
[0.284s] Level 1:colcon.colcon_core.package_identification:_identify(src/image_data/images) by extension 'cmake'
[0.284s] Level 1:colcon.colcon_core.package_identification:_identify(src/image_data/images) by extension 'python'
[0.284s] Level 1:colcon.colcon_core.package_identification:_identify(src/image_data/images) by extensions ['python_setup_py']
[0.284s] Level 1:colcon.colcon_core.package_identification:_identify(src/image_data/images) by extension 'python_setup_py'
[0.284s] Level 1:colcon.colcon_core.package_identification:_identify(src/image_data/install) by extensions ['ignore', 'ignore_ament_install']
[0.284s] Level 1:colcon.colcon_core.package_identification:_identify(src/image_data/install) by extension 'ignore'
[0.284s] Level 1:colcon.colcon_core.package_identification:_identify(src/image_data/install) ignored
[0.284s] Level 1:colcon.colcon_core.package_identification:_identify(src/image_data/log) by extensions ['ignore', 'ignore_ament_install']
[0.284s] Level 1:colcon.colcon_core.package_identification:_identify(src/image_data/log) by extension 'ignore'
[0.284s] Level 1:colcon.colcon_core.package_identification:_identify(src/image_data/log) ignored
[0.284s] Level 1:colcon.colcon_core.package_identification:_identify(src/line_follow) by extensions ['ignore', 'ignore_ament_install']
[0.284s] Level 1:colcon.colcon_core.package_identification:_identify(src/line_follow) by extension 'ignore'
[0.284s] Level 1:colcon.colcon_core.package_identification:_identify(src/line_follow) by extension 'ignore_ament_install'
[0.284s] Level 1:colcon.colcon_core.package_identification:_identify(src/line_follow) by extensions ['colcon_pkg']
[0.284s] Level 1:colcon.colcon_core.package_identification:_identify(src/line_follow) by extension 'colcon_pkg'
[0.284s] Level 1:colcon.colcon_core.package_identification:_identify(src/line_follow) by extensions ['colcon_meta']
[0.284s] Level 1:colcon.colcon_core.package_identification:_identify(src/line_follow) by extension 'colcon_meta'
[0.284s] Level 1:colcon.colcon_core.package_identification:_identify(src/line_follow) by extensions ['ros']
[0.284s] Level 1:colcon.colcon_core.package_identification:_identify(src/line_follow) by extension 'ros'
[0.285s] DEBUG:colcon.colcon_core.package_identification:Package 'src/line_follow' with type 'ros.ament_cmake' and name 'line_follow'
[0.285s] Level 1:colcon.colcon_core.package_identification:_identify(src/qrmsg) by extensions ['ignore', 'ignore_ament_install']
[0.285s] Level 1:colcon.colcon_core.package_identification:_identify(src/qrmsg) by extension 'ignore'
[0.285s] Level 1:colcon.colcon_core.package_identification:_identify(src/qrmsg) by extension 'ignore_ament_install'
[0.285s] Level 1:colcon.colcon_core.package_identification:_identify(src/qrmsg) by extensions ['colcon_pkg']
[0.285s] Level 1:colcon.colcon_core.package_identification:_identify(src/qrmsg) by extension 'colcon_pkg'
[0.285s] Level 1:colcon.colcon_core.package_identification:_identify(src/qrmsg) by extensions ['colcon_meta']
[0.285s] Level 1:colcon.colcon_core.package_identification:_identify(src/qrmsg) by extension 'colcon_meta'
[0.285s] Level 1:colcon.colcon_core.package_identification:_identify(src/qrmsg) by extensions ['ros']
[0.285s] Level 1:colcon.colcon_core.package_identification:_identify(src/qrmsg) by extension 'ros'
[0.286s] DEBUG:colcon.colcon_core.package_identification:Package 'src/qrmsg' with type 'ros.ament_cmake' and name 'qrmsg'
[0.286s] Level 1:colcon.colcon_core.package_identification:_identify(src/rm_serial_driver) by extensions ['ignore', 'ignore_ament_install']
[0.286s] Level 1:colcon.colcon_core.package_identification:_identify(src/rm_serial_driver) by extension 'ignore'
[0.286s] Level 1:colcon.colcon_core.package_identification:_identify(src/rm_serial_driver) by extension 'ignore_ament_install'
[0.286s] Level 1:colcon.colcon_core.package_identification:_identify(src/rm_serial_driver) by extensions ['colcon_pkg']
[0.286s] Level 1:colcon.colcon_core.package_identification:_identify(src/rm_serial_driver) by extension 'colcon_pkg'
[0.286s] Level 1:colcon.colcon_core.package_identification:_identify(src/rm_serial_driver) by extensions ['colcon_meta']
[0.286s] Level 1:colcon.colcon_core.package_identification:_identify(src/rm_serial_driver) by extension 'colcon_meta'
[0.286s] Level 1:colcon.colcon_core.package_identification:_identify(src/rm_serial_driver) by extensions ['ros']
[0.286s] Level 1:colcon.colcon_core.package_identification:_identify(src/rm_serial_driver) by extension 'ros'
[0.287s] DEBUG:colcon.colcon_core.package_identification:Package 'src/rm_serial_driver' with type 'ros.ament_cmake' and name 'gxs_serial_driver'
[0.287s] Level 1:colcon.colcon_core.package_discovery:discover_packages(recursive) using defaults
[0.287s] Level 1:colcon.colcon_core.package_discovery:discover_packages(ignore) discover
[0.287s] Level 1:colcon.colcon_core.package_discovery:discover_packages(ignore) using defaults
[0.287s] Level 1:colcon.colcon_core.package_discovery:discover_packages(path) discover
[0.287s] Level 1:colcon.colcon_core.package_discovery:discover_packages(path) using defaults
[0.309s] Level 1:colcon.colcon_core.package_discovery:discover_packages(prefix_path) check parameters
[0.309s] Level 1:colcon.colcon_core.package_discovery:discover_packages(prefix_path) discover
[0.311s] DEBUG:colcon.colcon_installed_package_information.package_discovery:Found 274 installed packages in /opt/ros/humble
[0.313s] Level 1:colcon.colcon_core.package_discovery:discover_packages(prefix_path) using defaults
[0.339s] Level 5:colcon.colcon_core.verb:set package 'adjust_hsv' build argument 'cmake_args' from command line to 'None'
[0.339s] Level 5:colcon.colcon_core.verb:set package 'adjust_hsv' build argument 'cmake_target' from command line to 'None'
[0.339s] Level 5:colcon.colcon_core.verb:set package 'adjust_hsv' build argument 'cmake_target_skip_unavailable' from command line to 'False'
[0.340s] Level 5:colcon.colcon_core.verb:set package 'adjust_hsv' build argument 'cmake_clean_cache' from command line to 'False'
[0.340s] Level 5:colcon.colcon_core.verb:set package 'adjust_hsv' build argument 'cmake_clean_first' from command line to 'False'
[0.340s] Level 5:colcon.colcon_core.verb:set package 'adjust_hsv' build argument 'cmake_force_configure' from command line to 'False'
[0.340s] Level 5:colcon.colcon_core.verb:set package 'adjust_hsv' build argument 'ament_cmake_args' from command line to 'None'
[0.340s] Level 5:colcon.colcon_core.verb:set package 'adjust_hsv' build argument 'catkin_cmake_args' from command line to 'None'
[0.340s] Level 5:colcon.colcon_core.verb:set package 'adjust_hsv' build argument 'catkin_skip_building_tests' from command line to 'False'
[0.340s] DEBUG:colcon.colcon_core.verb:Building package 'adjust_hsv' with the following arguments: {'ament_cmake_args': None, 'build_base': '/home/lccc/Desktop/GXS_2024_VisionCode/build/adjust_hsv', 'catkin_cmake_args': None, 'catkin_skip_building_tests': False, 'cmake_args': None, 'cmake_clean_cache': False, 'cmake_clean_first': False, 'cmake_force_configure': False, 'cmake_target': None, 'cmake_target_skip_unavailable': False, 'install_base': '/home/lccc/Desktop/GXS_2024_VisionCode/install/adjust_hsv', 'merge_install': False, 'path': '/home/lccc/Desktop/GXS_2024_VisionCode/src/adjust', 'symlink_install': False, 'test_result_base': None}
[0.340s] Level 5:colcon.colcon_core.verb:set package 'camera_driver' build argument 'cmake_args' from command line to 'None'
[0.340s] Level 5:colcon.colcon_core.verb:set package 'camera_driver' build argument 'cmake_target' from command line to 'None'
[0.340s] Level 5:colcon.colcon_core.verb:set package 'camera_driver' build argument 'cmake_target_skip_unavailable' from command line to 'False'
[0.340s] Level 5:colcon.colcon_core.verb:set package 'camera_driver' build argument 'cmake_clean_cache' from command line to 'False'
[0.340s] Level 5:colcon.colcon_core.verb:set package 'camera_driver' build argument 'cmake_clean_first' from command line to 'False'
[0.340s] Level 5:colcon.colcon_core.verb:set package 'camera_driver' build argument 'cmake_force_configure' from command line to 'False'
[0.340s] Level 5:colcon.colcon_core.verb:set package 'camera_driver' build argument 'ament_cmake_args' from command line to 'None'
[0.340s] Level 5:colcon.colcon_core.verb:set package 'camera_driver' build argument 'catkin_cmake_args' from command line to 'None'
[0.340s] Level 5:colcon.colcon_core.verb:set package 'camera_driver' build argument 'catkin_skip_building_tests' from command line to 'False'
[0.340s] DEBUG:colcon.colcon_core.verb:Building package 'camera_driver' with the following arguments: {'ament_cmake_args': None, 'build_base': '/home/lccc/Desktop/GXS_2024_VisionCode/build/camera_driver', 'catkin_cmake_args': None, 'catkin_skip_building_tests': False, 'cmake_args': None, 'cmake_clean_cache': False, 'cmake_clean_first': False, 'cmake_force_configure': False, 'cmake_target': None, 'cmake_target_skip_unavailable': False, 'install_base': '/home/lccc/Desktop/GXS_2024_VisionCode/install/camera_driver', 'merge_install': False, 'path': '/home/lccc/Desktop/GXS_2024_VisionCode/src/camera_driver', 'symlink_install': False, 'test_result_base': None}
[0.340s] Level 5:colcon.colcon_core.verb:set package 'qrmsg' build argument 'cmake_args' from command line to 'None'
[0.340s] Level 5:colcon.colcon_core.verb:set package 'qrmsg' build argument 'cmake_target' from command line to 'None'
[0.340s] Level 5:colcon.colcon_core.verb:set package 'qrmsg' build argument 'cmake_target_skip_unavailable' from command line to 'False'
[0.340s] Level 5:colcon.colcon_core.verb:set package 'qrmsg' build argument 'cmake_clean_cache' from command line to 'False'
[0.340s] Level 5:colcon.colcon_core.verb:set package 'qrmsg' build argument 'cmake_clean_first' from command line to 'False'
[0.340s] Level 5:colcon.colcon_core.verb:set package 'qrmsg' build argument 'cmake_force_configure' from command line to 'False'
[0.340s] Level 5:colcon.colcon_core.verb:set package 'qrmsg' build argument 'ament_cmake_args' from command line to 'None'
[0.340s] Level 5:colcon.colcon_core.verb:set package 'qrmsg' build argument 'catkin_cmake_args' from command line to 'None'
[0.340s] Level 5:colcon.colcon_core.verb:set package 'qrmsg' build argument 'catkin_skip_building_tests' from command line to 'False'
[0.340s] DEBUG:colcon.colcon_core.verb:Building package 'qrmsg' with the following arguments: {'ament_cmake_args': None, 'build_base': '/home/lccc/Desktop/GXS_2024_VisionCode/build/qrmsg', 'catkin_cmake_args': None, 'catkin_skip_building_tests': False, 'cmake_args': None, 'cmake_clean_cache': False, 'cmake_clean_first': False, 'cmake_force_configure': False, 'cmake_target': None, 'cmake_target_skip_unavailable': False, 'install_base': '/home/lccc/Desktop/GXS_2024_VisionCode/install/qrmsg', 'merge_install': False, 'path': '/home/lccc/Desktop/GXS_2024_VisionCode/src/qrmsg', 'symlink_install': False, 'test_result_base': None}
[0.340s] Level 5:colcon.colcon_core.verb:set package 'binary_detector' build argument 'cmake_args' from command line to 'None'
[0.340s] Level 5:colcon.colcon_core.verb:set package 'binary_detector' build argument 'cmake_target' from command line to 'None'
[0.340s] Level 5:colcon.colcon_core.verb:set package 'binary_detector' build argument 'cmake_target_skip_unavailable' from command line to 'False'
[0.340s] Level 5:colcon.colcon_core.verb:set package 'binary_detector' build argument 'cmake_clean_cache' from command line to 'False'
[0.341s] Level 5:colcon.colcon_core.verb:set package 'binary_detector' build argument 'cmake_clean_first' from command line to 'False'
[0.341s] Level 5:colcon.colcon_core.verb:set package 'binary_detector' build argument 'cmake_force_configure' from command line to 'False'
[0.341s] Level 5:colcon.colcon_core.verb:set package 'binary_detector' build argument 'ament_cmake_args' from command line to 'None'
[0.341s] Level 5:colcon.colcon_core.verb:set package 'binary_detector' build argument 'catkin_cmake_args' from command line to 'None'
[0.341s] Level 5:colcon.colcon_core.verb:set package 'binary_detector' build argument 'catkin_skip_building_tests' from command line to 'False'
[0.341s] DEBUG:colcon.colcon_core.verb:Building package 'binary_detector' with the following arguments: {'ament_cmake_args': None, 'build_base': '/home/lccc/Desktop/GXS_2024_VisionCode/build/binary_detector', 'catkin_cmake_args': None, 'catkin_skip_building_tests': False, 'cmake_args': None, 'cmake_clean_cache': False, 'cmake_clean_first': False, 'cmake_force_configure': False, 'cmake_target': None, 'cmake_target_skip_unavailable': False, 'install_base': '/home/lccc/Desktop/GXS_2024_VisionCode/install/binary_detector', 'merge_install': False, 'path': '/home/lccc/Desktop/GXS_2024_VisionCode/src/binary_detector', 'symlink_install': False, 'test_result_base': None}
[0.341s] Level 5:colcon.colcon_core.verb:set package 'colorblock_detector' build argument 'cmake_args' from command line to 'None'
[0.341s] Level 5:colcon.colcon_core.verb:set package 'colorblock_detector' build argument 'cmake_target' from command line to 'None'
[0.341s] Level 5:colcon.colcon_core.verb:set package 'colorblock_detector' build argument 'cmake_target_skip_unavailable' from command line to 'False'
[0.341s] Level 5:colcon.colcon_core.verb:set package 'colorblock_detector' build argument 'cmake_clean_cache' from command line to 'False'
[0.341s] Level 5:colcon.colcon_core.verb:set package 'colorblock_detector' build argument 'cmake_clean_first' from command line to 'False'
[0.341s] Level 5:colcon.colcon_core.verb:set package 'colorblock_detector' build argument 'cmake_force_configure' from command line to 'False'
[0.341s] Level 5:colcon.colcon_core.verb:set package 'colorblock_detector' build argument 'ament_cmake_args' from command line to 'None'
[0.341s] Level 5:colcon.colcon_core.verb:set package 'colorblock_detector' build argument 'catkin_cmake_args' from command line to 'None'
[0.341s] Level 5:colcon.colcon_core.verb:set package 'colorblock_detector' build argument 'catkin_skip_building_tests' from command line to 'False'
[0.341s] DEBUG:colcon.colcon_core.verb:Building package 'colorblock_detector' with the following arguments: {'ament_cmake_args': None, 'build_base': '/home/lccc/Desktop/GXS_2024_VisionCode/build/colorblock_detector', 'catkin_cmake_args': None, 'catkin_skip_building_tests': False, 'cmake_args': None, 'cmake_clean_cache': False, 'cmake_clean_first': False, 'cmake_force_configure': False, 'cmake_target': None, 'cmake_target_skip_unavailable': False, 'install_base': '/home/lccc/Desktop/GXS_2024_VisionCode/install/colorblock_detector', 'merge_install': False, 'path': '/home/lccc/Desktop/GXS_2024_VisionCode/src/colorblock_detector', 'symlink_install': False, 'test_result_base': None}
[0.341s] Level 5:colcon.colcon_core.verb:set package 'gxs_serial_driver' build argument 'cmake_args' from command line to 'None'
[0.341s] Level 5:colcon.colcon_core.verb:set package 'gxs_serial_driver' build argument 'cmake_target' from command line to 'None'
[0.341s] Level 5:colcon.colcon_core.verb:set package 'gxs_serial_driver' build argument 'cmake_target_skip_unavailable' from command line to 'False'
[0.341s] Level 5:colcon.colcon_core.verb:set package 'gxs_serial_driver' build argument 'cmake_clean_cache' from command line to 'False'
[0.341s] Level 5:colcon.colcon_core.verb:set package 'gxs_serial_driver' build argument 'cmake_clean_first' from command line to 'False'
[0.341s] Level 5:colcon.colcon_core.verb:set package 'gxs_serial_driver' build argument 'cmake_force_configure' from command line to 'False'
[0.341s] Level 5:colcon.colcon_core.verb:set package 'gxs_serial_driver' build argument 'ament_cmake_args' from command line to 'None'
[0.341s] Level 5:colcon.colcon_core.verb:set package 'gxs_serial_driver' build argument 'catkin_cmake_args' from command line to 'None'
[0.341s] Level 5:colcon.colcon_core.verb:set package 'gxs_serial_driver' build argument 'catkin_skip_building_tests' from command line to 'False'
[0.341s] DEBUG:colcon.colcon_core.verb:Building package 'gxs_serial_driver' with the following arguments: {'ament_cmake_args': None, 'build_base': '/home/lccc/Desktop/GXS_2024_VisionCode/build/gxs_serial_driver', 'catkin_cmake_args': None, 'catkin_skip_building_tests': False, 'cmake_args': None, 'cmake_clean_cache': False, 'cmake_clean_first': False, 'cmake_force_configure': False, 'cmake_target': None, 'cmake_target_skip_unavailable': False, 'install_base': '/home/lccc/Desktop/GXS_2024_VisionCode/install/gxs_serial_driver', 'merge_install': False, 'path': '/home/lccc/Desktop/GXS_2024_VisionCode/src/rm_serial_driver', 'symlink_install': False, 'test_result_base': None}
[0.341s] Level 5:colcon.colcon_core.verb:set package 'line_follow' build argument 'cmake_args' from command line to 'None'
[0.341s] Level 5:colcon.colcon_core.verb:set package 'line_follow' build argument 'cmake_target' from command line to 'None'
[0.341s] Level 5:colcon.colcon_core.verb:set package 'line_follow' build argument 'cmake_target_skip_unavailable' from command line to 'False'
[0.341s] Level 5:colcon.colcon_core.verb:set package 'line_follow' build argument 'cmake_clean_cache' from command line to 'False'
[0.341s] Level 5:colcon.colcon_core.verb:set package 'line_follow' build argument 'cmake_clean_first' from command line to 'False'
[0.341s] Level 5:colcon.colcon_core.verb:set package 'line_follow' build argument 'cmake_force_configure' from command line to 'False'
[0.341s] Level 5:colcon.colcon_core.verb:set package 'line_follow' build argument 'ament_cmake_args' from command line to 'None'
[0.341s] Level 5:colcon.colcon_core.verb:set package 'line_follow' build argument 'catkin_cmake_args' from command line to 'None'
[0.341s] Level 5:colcon.colcon_core.verb:set package 'line_follow' build argument 'catkin_skip_building_tests' from command line to 'False'
[0.341s] DEBUG:colcon.colcon_core.verb:Building package 'line_follow' with the following arguments: {'ament_cmake_args': None, 'build_base': '/home/lccc/Desktop/GXS_2024_VisionCode/build/line_follow', 'catkin_cmake_args': None, 'catkin_skip_building_tests': False, 'cmake_args': None, 'cmake_clean_cache': False, 'cmake_clean_first': False, 'cmake_force_configure': False, 'cmake_target': None, 'cmake_target_skip_unavailable': False, 'install_base': '/home/lccc/Desktop/GXS_2024_VisionCode/install/line_follow', 'merge_install': False, 'path': '/home/lccc/Desktop/GXS_2024_VisionCode/src/line_follow', 'symlink_install': False, 'test_result_base': None}
[0.342s] INFO:colcon.colcon_core.executor:Executing jobs using 'parallel' executor
[0.342s] DEBUG:colcon.colcon_parallel_executor.executor.parallel:run_until_complete
[0.342s] INFO:colcon.colcon_ros.task.ament_cmake.build:Building ROS package in '/home/lccc/Desktop/GXS_2024_VisionCode/src/qrmsg' with build type 'ament_cmake'
[0.343s] INFO:colcon.colcon_cmake.task.cmake.build:Building CMake package in '/home/lccc/Desktop/GXS_2024_VisionCode/src/qrmsg'
[0.346s] INFO:colcon.colcon_core.plugin_system:Skipping extension 'colcon_core.shell.bat': Not used on non-Windows systems
[0.346s] INFO:colcon.colcon_core.shell:Skip shell extension 'powershell' for command environment: Not usable outside of PowerShell
[0.346s] DEBUG:colcon.colcon_core.shell:Skip shell extension 'dsv' for command environment
[0.348s] INFO:colcon.colcon_ros.task.ament_cmake.build:Building ROS package in '/home/lccc/Desktop/GXS_2024_VisionCode/src/adjust' with build type 'ament_cmake'
[0.348s] INFO:colcon.colcon_cmake.task.cmake.build:Building CMake package in '/home/lccc/Desktop/GXS_2024_VisionCode/src/adjust'
[0.348s] INFO:colcon.colcon_core.shell:Skip shell extension 'powershell' for command environment: Not usable outside of PowerShell
[0.348s] DEBUG:colcon.colcon_core.shell:Skip shell extension 'dsv' for command environment
[0.350s] INFO:colcon.colcon_ros.task.ament_cmake.build:Building ROS package in '/home/lccc/Desktop/GXS_2024_VisionCode/src/camera_driver' with build type 'ament_cmake'
[0.350s] INFO:colcon.colcon_cmake.task.cmake.build:Building CMake package in '/home/lccc/Desktop/GXS_2024_VisionCode/src/camera_driver'
[0.350s] INFO:colcon.colcon_core.shell:Skip shell extension 'powershell' for command environment: Not usable outside of PowerShell
[0.350s] DEBUG:colcon.colcon_core.shell:Skip shell extension 'dsv' for command environment
[0.356s] DEBUG:colcon.colcon_core.event_handler.log_command:Invoking command in '/home/lccc/Desktop/GXS_2024_VisionCode/build/qrmsg': CMAKE_PREFIX_PATH=/opt/ros/humble /usr/bin/cmake --build /home/lccc/Desktop/GXS_2024_VisionCode/build/qrmsg -- -j16 -l16
[0.359s] DEBUG:colcon.colcon_core.event_handler.log_command:Invoking command in '/home/lccc/Desktop/GXS_2024_VisionCode/build/adjust_hsv': CMAKE_PREFIX_PATH=/opt/ros/humble /usr/bin/cmake --build /home/lccc/Desktop/GXS_2024_VisionCode/build/adjust_hsv -- -j16 -l16
[0.361s] DEBUG:colcon.colcon_core.event_handler.log_command:Invoking command in '/home/lccc/Desktop/GXS_2024_VisionCode/build/camera_driver': CMAKE_PREFIX_PATH=/opt/ros/humble /usr/bin/cmake --build /home/lccc/Desktop/GXS_2024_VisionCode/build/camera_driver -- -j16 -l16
[0.472s] DEBUG:colcon.colcon_core.event_handler.log_command:Invoked command in '/home/lccc/Desktop/GXS_2024_VisionCode/build/adjust_hsv' returned '0': CMAKE_PREFIX_PATH=/opt/ros/humble /usr/bin/cmake --build /home/lccc/Desktop/GXS_2024_VisionCode/build/adjust_hsv -- -j16 -l16
[0.483s] DEBUG:colcon.colcon_core.event_handler.log_command:Invoked command in '/home/lccc/Desktop/GXS_2024_VisionCode/build/camera_driver' returned '0': CMAKE_PREFIX_PATH=/opt/ros/humble /usr/bin/cmake --build /home/lccc/Desktop/GXS_2024_VisionCode/build/camera_driver -- -j16 -l16
[0.501s] DEBUG:colcon.colcon_core.event_handler.log_command:Invoking command in '/home/lccc/Desktop/GXS_2024_VisionCode/build/adjust_hsv': CMAKE_PREFIX_PATH=/opt/ros/humble /usr/bin/cmake --install /home/lccc/Desktop/GXS_2024_VisionCode/build/adjust_hsv
[0.503s] DEBUG:colcon.colcon_core.event_handler.log_command:Invoking command in '/home/lccc/Desktop/GXS_2024_VisionCode/build/camera_driver': CMAKE_PREFIX_PATH=/opt/ros/humble /usr/bin/cmake --install /home/lccc/Desktop/GXS_2024_VisionCode/build/camera_driver
[0.512s] Level 1:colcon.colcon_core.environment:create_environment_scripts_only(adjust_hsv)
[0.512s] DEBUG:colcon.colcon_core.event_handler.log_command:Invoked command in '/home/lccc/Desktop/GXS_2024_VisionCode/build/adjust_hsv' returned '0': CMAKE_PREFIX_PATH=/opt/ros/humble /usr/bin/cmake --install /home/lccc/Desktop/GXS_2024_VisionCode/build/adjust_hsv
[0.517s] Level 1:colcon.colcon_core.environment:checking '/home/lccc/Desktop/GXS_2024_VisionCode/install/adjust_hsv' for CMake module files
[0.517s] Level 1:colcon.colcon_core.environment:checking '/home/lccc/Desktop/GXS_2024_VisionCode/install/adjust_hsv' for CMake config files
[0.518s] Level 1:colcon.colcon_core.shell:create_environment_hook('adjust_hsv', 'cmake_prefix_path')
[0.518s] INFO:colcon.colcon_core.shell:Creating environment hook '/home/lccc/Desktop/GXS_2024_VisionCode/install/adjust_hsv/share/adjust_hsv/hook/cmake_prefix_path.ps1'
[0.518s] INFO:colcon.colcon_core.shell:Creating environment descriptor '/home/lccc/Desktop/GXS_2024_VisionCode/install/adjust_hsv/share/adjust_hsv/hook/cmake_prefix_path.dsv'
[0.519s] INFO:colcon.colcon_core.shell:Creating environment hook '/home/lccc/Desktop/GXS_2024_VisionCode/install/adjust_hsv/share/adjust_hsv/hook/cmake_prefix_path.sh'
[0.520s] Level 1:colcon.colcon_core.environment:checking '/home/lccc/Desktop/GXS_2024_VisionCode/install/adjust_hsv/lib'
[0.520s] Level 1:colcon.colcon_core.environment:checking '/home/lccc/Desktop/GXS_2024_VisionCode/install/adjust_hsv/bin'
[0.520s] Level 1:colcon.colcon_core.environment:checking '/home/lccc/Desktop/GXS_2024_VisionCode/install/adjust_hsv/lib/pkgconfig/adjust_hsv.pc'
[0.520s] Level 1:colcon.colcon_core.environment:checking '/home/lccc/Desktop/GXS_2024_VisionCode/install/adjust_hsv/lib/python3.10/site-packages'
[0.520s] Level 1:colcon.colcon_core.environment:checking '/home/lccc/Desktop/GXS_2024_VisionCode/install/adjust_hsv/bin'
[0.520s] INFO:colcon.colcon_core.shell:Creating package script '/home/lccc/Desktop/GXS_2024_VisionCode/install/adjust_hsv/share/adjust_hsv/package.ps1'
[0.521s] INFO:colcon.colcon_core.shell:Creating package descriptor '/home/lccc/Desktop/GXS_2024_VisionCode/install/adjust_hsv/share/adjust_hsv/package.dsv'
[0.522s] INFO:colcon.colcon_core.shell:Creating package script '/home/lccc/Desktop/GXS_2024_VisionCode/install/adjust_hsv/share/adjust_hsv/package.sh'
[0.522s] INFO:colcon.colcon_core.shell:Creating package script '/home/lccc/Desktop/GXS_2024_VisionCode/install/adjust_hsv/share/adjust_hsv/package.bash'
[0.523s] INFO:colcon.colcon_core.shell:Creating package script '/home/lccc/Desktop/GXS_2024_VisionCode/install/adjust_hsv/share/adjust_hsv/package.zsh'
[0.523s] Level 1:colcon.colcon_core.environment:create_file_with_runtime_dependencies(/home/lccc/Desktop/GXS_2024_VisionCode/install/adjust_hsv/share/colcon-core/packages/adjust_hsv)
[0.524s] Level 1:colcon.colcon_core.environment:create_environment_scripts_only(camera_driver)
[0.524s] Level 1:colcon.colcon_core.environment:checking '/home/lccc/Desktop/GXS_2024_VisionCode/install/camera_driver' for CMake module files
[0.525s] DEBUG:colcon.colcon_core.event_handler.log_command:Invoked command in '/home/lccc/Desktop/GXS_2024_VisionCode/build/camera_driver' returned '0': CMAKE_PREFIX_PATH=/opt/ros/humble /usr/bin/cmake --install /home/lccc/Desktop/GXS_2024_VisionCode/build/camera_driver
[0.525s] Level 1:colcon.colcon_core.environment:checking '/home/lccc/Desktop/GXS_2024_VisionCode/install/camera_driver' for CMake config files
[0.525s] Level 1:colcon.colcon_core.shell:create_environment_hook('camera_driver', 'cmake_prefix_path')
[0.525s] INFO:colcon.colcon_core.shell:Creating environment hook '/home/lccc/Desktop/GXS_2024_VisionCode/install/camera_driver/share/camera_driver/hook/cmake_prefix_path.ps1'
[0.526s] INFO:colcon.colcon_core.shell:Creating environment descriptor '/home/lccc/Desktop/GXS_2024_VisionCode/install/camera_driver/share/camera_driver/hook/cmake_prefix_path.dsv'
[0.526s] INFO:colcon.colcon_core.shell:Creating environment hook '/home/lccc/Desktop/GXS_2024_VisionCode/install/camera_driver/share/camera_driver/hook/cmake_prefix_path.sh'
[0.526s] Level 1:colcon.colcon_core.environment:checking '/home/lccc/Desktop/GXS_2024_VisionCode/install/camera_driver/lib'
[0.526s] Level 1:colcon.colcon_core.environment:checking '/home/lccc/Desktop/GXS_2024_VisionCode/install/camera_driver/bin'
[0.526s] Level 1:colcon.colcon_core.environment:checking '/home/lccc/Desktop/GXS_2024_VisionCode/install/camera_driver/lib/pkgconfig/camera_driver.pc'
[0.526s] Level 1:colcon.colcon_core.environment:checking '/home/lccc/Desktop/GXS_2024_VisionCode/install/camera_driver/lib/python3.10/site-packages'
[0.526s] Level 1:colcon.colcon_core.environment:checking '/home/lccc/Desktop/GXS_2024_VisionCode/install/camera_driver/bin'
[0.527s] INFO:colcon.colcon_core.shell:Creating package script '/home/lccc/Desktop/GXS_2024_VisionCode/install/camera_driver/share/camera_driver/package.ps1'
[0.527s] INFO:colcon.colcon_core.shell:Creating package descriptor '/home/lccc/Desktop/GXS_2024_VisionCode/install/camera_driver/share/camera_driver/package.dsv'
[0.527s] INFO:colcon.colcon_core.shell:Creating package script '/home/lccc/Desktop/GXS_2024_VisionCode/install/camera_driver/share/camera_driver/package.sh'
[0.527s] INFO:colcon.colcon_core.shell:Creating package script '/home/lccc/Desktop/GXS_2024_VisionCode/install/camera_driver/share/camera_driver/package.bash'
[0.528s] INFO:colcon.colcon_core.shell:Creating package script '/home/lccc/Desktop/GXS_2024_VisionCode/install/camera_driver/share/camera_driver/package.zsh'
[0.528s] Level 1:colcon.colcon_core.environment:create_file_with_runtime_dependencies(/home/lccc/Desktop/GXS_2024_VisionCode/install/camera_driver/share/colcon-core/packages/camera_driver)
[0.542s] Level 1:colcon.colcon_core.environment:create_environment_scripts_only(adjust_hsv)
[0.542s] Level 1:colcon.colcon_core.environment:checking '/home/lccc/Desktop/GXS_2024_VisionCode/install/adjust_hsv' for CMake module files
[0.542s] Level 1:colcon.colcon_core.environment:checking '/home/lccc/Desktop/GXS_2024_VisionCode/install/adjust_hsv' for CMake config files
[0.542s] Level 1:colcon.colcon_core.shell:create_environment_hook('adjust_hsv', 'cmake_prefix_path')
[0.543s] INFO:colcon.colcon_core.shell:Creating environment hook '/home/lccc/Desktop/GXS_2024_VisionCode/install/adjust_hsv/share/adjust_hsv/hook/cmake_prefix_path.ps1'
[0.543s] INFO:colcon.colcon_core.shell:Creating environment descriptor '/home/lccc/Desktop/GXS_2024_VisionCode/install/adjust_hsv/share/adjust_hsv/hook/cmake_prefix_path.dsv'
[0.543s] INFO:colcon.colcon_core.shell:Creating environment hook '/home/lccc/Desktop/GXS_2024_VisionCode/install/adjust_hsv/share/adjust_hsv/hook/cmake_prefix_path.sh'
[0.544s] Level 1:colcon.colcon_core.environment:checking '/home/lccc/Desktop/GXS_2024_VisionCode/install/adjust_hsv/lib'
[0.544s] Level 1:colcon.colcon_core.environment:checking '/home/lccc/Desktop/GXS_2024_VisionCode/install/adjust_hsv/bin'
[0.544s] Level 1:colcon.colcon_core.environment:checking '/home/lccc/Desktop/GXS_2024_VisionCode/install/adjust_hsv/lib/pkgconfig/adjust_hsv.pc'
[0.544s] Level 1:colcon.colcon_core.environment:checking '/home/lccc/Desktop/GXS_2024_VisionCode/install/adjust_hsv/lib/python3.10/site-packages'
[0.544s] Level 1:colcon.colcon_core.environment:checking '/home/lccc/Desktop/GXS_2024_VisionCode/install/adjust_hsv/bin'
[0.544s] INFO:colcon.colcon_core.shell:Creating package script '/home/lccc/Desktop/GXS_2024_VisionCode/install/adjust_hsv/share/adjust_hsv/package.ps1'
[0.545s] INFO:colcon.colcon_core.shell:Creating package descriptor '/home/lccc/Desktop/GXS_2024_VisionCode/install/adjust_hsv/share/adjust_hsv/package.dsv'
[0.545s] INFO:colcon.colcon_core.shell:Creating package script '/home/lccc/Desktop/GXS_2024_VisionCode/install/adjust_hsv/share/adjust_hsv/package.sh'
[0.545s] INFO:colcon.colcon_core.shell:Creating package script '/home/lccc/Desktop/GXS_2024_VisionCode/install/adjust_hsv/share/adjust_hsv/package.bash'
[0.546s] INFO:colcon.colcon_core.shell:Creating package script '/home/lccc/Desktop/GXS_2024_VisionCode/install/adjust_hsv/share/adjust_hsv/package.zsh'
[0.546s] Level 1:colcon.colcon_core.environment:create_file_with_runtime_dependencies(/home/lccc/Desktop/GXS_2024_VisionCode/install/adjust_hsv/share/colcon-core/packages/adjust_hsv)
[0.547s] Level 1:colcon.colcon_core.environment:create_environment_scripts_only(camera_driver)
[0.547s] Level 1:colcon.colcon_core.environment:checking '/home/lccc/Desktop/GXS_2024_VisionCode/install/camera_driver' for CMake module files
[0.547s] Level 1:colcon.colcon_core.environment:checking '/home/lccc/Desktop/GXS_2024_VisionCode/install/camera_driver' for CMake config files
[0.547s] Level 1:colcon.colcon_core.shell:create_environment_hook('camera_driver', 'cmake_prefix_path')
[0.547s] INFO:colcon.colcon_core.shell:Creating environment hook '/home/lccc/Desktop/GXS_2024_VisionCode/install/camera_driver/share/camera_driver/hook/cmake_prefix_path.ps1'
[0.548s] INFO:colcon.colcon_core.shell:Creating environment descriptor '/home/lccc/Desktop/GXS_2024_VisionCode/install/camera_driver/share/camera_driver/hook/cmake_prefix_path.dsv'
[0.548s] INFO:colcon.colcon_core.shell:Creating environment hook '/home/lccc/Desktop/GXS_2024_VisionCode/install/camera_driver/share/camera_driver/hook/cmake_prefix_path.sh'
[0.548s] Level 1:colcon.colcon_core.environment:checking '/home/lccc/Desktop/GXS_2024_VisionCode/install/camera_driver/lib'
[0.548s] Level 1:colcon.colcon_core.environment:checking '/home/lccc/Desktop/GXS_2024_VisionCode/install/camera_driver/bin'
[0.548s] Level 1:colcon.colcon_core.environment:checking '/home/lccc/Desktop/GXS_2024_VisionCode/install/camera_driver/lib/pkgconfig/camera_driver.pc'
[0.548s] Level 1:colcon.colcon_core.environment:checking '/home/lccc/Desktop/GXS_2024_VisionCode/install/camera_driver/lib/python3.10/site-packages'
[0.549s] Level 1:colcon.colcon_core.environment:checking '/home/lccc/Desktop/GXS_2024_VisionCode/install/camera_driver/bin'
[0.549s] INFO:colcon.colcon_core.shell:Creating package script '/home/lccc/Desktop/GXS_2024_VisionCode/install/camera_driver/share/camera_driver/package.ps1'
[0.549s] INFO:colcon.colcon_core.shell:Creating package descriptor '/home/lccc/Desktop/GXS_2024_VisionCode/install/camera_driver/share/camera_driver/package.dsv'
[0.549s] INFO:colcon.colcon_core.shell:Creating package script '/home/lccc/Desktop/GXS_2024_VisionCode/install/camera_driver/share/camera_driver/package.sh'
[0.550s] INFO:colcon.colcon_core.shell:Creating package script '/home/lccc/Desktop/GXS_2024_VisionCode/install/camera_driver/share/camera_driver/package.bash'
[0.550s] INFO:colcon.colcon_core.shell:Creating package script '/home/lccc/Desktop/GXS_2024_VisionCode/install/camera_driver/share/camera_driver/package.zsh'
[0.550s] Level 1:colcon.colcon_core.environment:create_file_with_runtime_dependencies(/home/lccc/Desktop/GXS_2024_VisionCode/install/camera_driver/share/colcon-core/packages/camera_driver)
[0.634s] DEBUG:colcon.colcon_core.event_handler.log_command:Invoked command in '/home/lccc/Desktop/GXS_2024_VisionCode/build/qrmsg' returned '0': CMAKE_PREFIX_PATH=/opt/ros/humble /usr/bin/cmake --build /home/lccc/Desktop/GXS_2024_VisionCode/build/qrmsg -- -j16 -l16
[0.702s] DEBUG:colcon.colcon_core.event_handler.log_command:Invoking command in '/home/lccc/Desktop/GXS_2024_VisionCode/build/qrmsg': CMAKE_PREFIX_PATH=/opt/ros/humble /usr/bin/cmake --install /home/lccc/Desktop/GXS_2024_VisionCode/build/qrmsg
[0.747s] Level 1:colcon.colcon_core.environment:create_environment_scripts_only(qrmsg)
[0.747s] Level 1:colcon.colcon_core.environment:checking '/home/lccc/Desktop/GXS_2024_VisionCode/install/qrmsg' for CMake module files
[0.747s] DEBUG:colcon.colcon_core.event_handler.log_command:Invoked command in '/home/lccc/Desktop/GXS_2024_VisionCode/build/qrmsg' returned '0': CMAKE_PREFIX_PATH=/opt/ros/humble /usr/bin/cmake --install /home/lccc/Desktop/GXS_2024_VisionCode/build/qrmsg
[0.747s] Level 1:colcon.colcon_core.environment:checking '/home/lccc/Desktop/GXS_2024_VisionCode/install/qrmsg' for CMake config files
[0.747s] Level 1:colcon.colcon_core.shell:create_environment_hook('qrmsg', 'cmake_prefix_path')
[0.748s] INFO:colcon.colcon_core.shell:Creating environment hook '/home/lccc/Desktop/GXS_2024_VisionCode/install/qrmsg/share/qrmsg/hook/cmake_prefix_path.ps1'
[0.748s] INFO:colcon.colcon_core.shell:Creating environment descriptor '/home/lccc/Desktop/GXS_2024_VisionCode/install/qrmsg/share/qrmsg/hook/cmake_prefix_path.dsv'
[0.748s] INFO:colcon.colcon_core.shell:Creating environment hook '/home/lccc/Desktop/GXS_2024_VisionCode/install/qrmsg/share/qrmsg/hook/cmake_prefix_path.sh'
[0.748s] Level 1:colcon.colcon_core.environment:checking '/home/lccc/Desktop/GXS_2024_VisionCode/install/qrmsg/lib'
[0.749s] Level 1:colcon.colcon_core.shell:create_environment_hook('qrmsg', 'ld_library_path_lib')
[0.749s] INFO:colcon.colcon_core.shell:Creating environment hook '/home/lccc/Desktop/GXS_2024_VisionCode/install/qrmsg/share/qrmsg/hook/ld_library_path_lib.ps1'
[0.749s] INFO:colcon.colcon_core.shell:Creating environment descriptor '/home/lccc/Desktop/GXS_2024_VisionCode/install/qrmsg/share/qrmsg/hook/ld_library_path_lib.dsv'
[0.749s] INFO:colcon.colcon_core.shell:Creating environment hook '/home/lccc/Desktop/GXS_2024_VisionCode/install/qrmsg/share/qrmsg/hook/ld_library_path_lib.sh'
[0.749s] Level 1:colcon.colcon_core.environment:checking '/home/lccc/Desktop/GXS_2024_VisionCode/install/qrmsg/bin'
[0.749s] Level 1:colcon.colcon_core.environment:checking '/home/lccc/Desktop/GXS_2024_VisionCode/install/qrmsg/lib/pkgconfig/qrmsg.pc'
[0.749s] Level 1:colcon.colcon_core.environment:checking '/home/lccc/Desktop/GXS_2024_VisionCode/install/qrmsg/lib/python3.10/site-packages'
[0.750s] Level 1:colcon.colcon_core.environment:checking '/home/lccc/Desktop/GXS_2024_VisionCode/install/qrmsg/bin'
[0.750s] INFO:colcon.colcon_core.shell:Creating package script '/home/lccc/Desktop/GXS_2024_VisionCode/install/qrmsg/share/qrmsg/package.ps1'
[0.750s] INFO:colcon.colcon_core.shell:Creating package descriptor '/home/lccc/Desktop/GXS_2024_VisionCode/install/qrmsg/share/qrmsg/package.dsv'
[0.750s] INFO:colcon.colcon_core.shell:Creating package script '/home/lccc/Desktop/GXS_2024_VisionCode/install/qrmsg/share/qrmsg/package.sh'
[0.751s] INFO:colcon.colcon_core.shell:Creating package script '/home/lccc/Desktop/GXS_2024_VisionCode/install/qrmsg/share/qrmsg/package.bash'
[0.751s] INFO:colcon.colcon_core.shell:Creating package script '/home/lccc/Desktop/GXS_2024_VisionCode/install/qrmsg/share/qrmsg/package.zsh'
[0.751s] Level 1:colcon.colcon_core.environment:create_file_with_runtime_dependencies(/home/lccc/Desktop/GXS_2024_VisionCode/install/qrmsg/share/colcon-core/packages/qrmsg)
[0.817s] Level 1:colcon.colcon_core.environment:create_environment_scripts_only(qrmsg)
[0.818s] Level 1:colcon.colcon_core.environment:checking '/home/lccc/Desktop/GXS_2024_VisionCode/install/qrmsg' for CMake module files
[0.818s] Level 1:colcon.colcon_core.environment:checking '/home/lccc/Desktop/GXS_2024_VisionCode/install/qrmsg' for CMake config files
[0.818s] Level 1:colcon.colcon_core.shell:create_environment_hook('qrmsg', 'cmake_prefix_path')
[0.818s] INFO:colcon.colcon_core.shell:Creating environment hook '/home/lccc/Desktop/GXS_2024_VisionCode/install/qrmsg/share/qrmsg/hook/cmake_prefix_path.ps1'
[0.818s] INFO:colcon.colcon_core.shell:Creating environment descriptor '/home/lccc/Desktop/GXS_2024_VisionCode/install/qrmsg/share/qrmsg/hook/cmake_prefix_path.dsv'
[0.819s] INFO:colcon.colcon_core.shell:Creating environment hook '/home/lccc/Desktop/GXS_2024_VisionCode/install/qrmsg/share/qrmsg/hook/cmake_prefix_path.sh'
[0.819s] Level 1:colcon.colcon_core.environment:checking '/home/lccc/Desktop/GXS_2024_VisionCode/install/qrmsg/lib'
[0.819s] Level 1:colcon.colcon_core.shell:create_environment_hook('qrmsg', 'ld_library_path_lib')
[0.819s] INFO:colcon.colcon_core.shell:Creating environment hook '/home/lccc/Desktop/GXS_2024_VisionCode/install/qrmsg/share/qrmsg/hook/ld_library_path_lib.ps1'
[0.819s] INFO:colcon.colcon_core.shell:Creating environment descriptor '/home/lccc/Desktop/GXS_2024_VisionCode/install/qrmsg/share/qrmsg/hook/ld_library_path_lib.dsv'
[0.820s] INFO:colcon.colcon_core.shell:Creating environment hook '/home/lccc/Desktop/GXS_2024_VisionCode/install/qrmsg/share/qrmsg/hook/ld_library_path_lib.sh'
[0.820s] Level 1:colcon.colcon_core.environment:checking '/home/lccc/Desktop/GXS_2024_VisionCode/install/qrmsg/bin'
[0.820s] Level 1:colcon.colcon_core.environment:checking '/home/lccc/Desktop/GXS_2024_VisionCode/install/qrmsg/lib/pkgconfig/qrmsg.pc'
[0.820s] Level 1:colcon.colcon_core.environment:checking '/home/lccc/Desktop/GXS_2024_VisionCode/install/qrmsg/lib/python3.10/site-packages'
[0.820s] Level 1:colcon.colcon_core.environment:checking '/home/lccc/Desktop/GXS_2024_VisionCode/install/qrmsg/bin'
[0.820s] INFO:colcon.colcon_core.shell:Creating package script '/home/lccc/Desktop/GXS_2024_VisionCode/install/qrmsg/share/qrmsg/package.ps1'
[0.821s] INFO:colcon.colcon_core.shell:Creating package descriptor '/home/lccc/Desktop/GXS_2024_VisionCode/install/qrmsg/share/qrmsg/package.dsv'
[0.821s] INFO:colcon.colcon_core.shell:Creating package script '/home/lccc/Desktop/GXS_2024_VisionCode/install/qrmsg/share/qrmsg/package.sh'
[0.821s] INFO:colcon.colcon_core.shell:Creating package script '/home/lccc/Desktop/GXS_2024_VisionCode/install/qrmsg/share/qrmsg/package.bash'
[0.821s] INFO:colcon.colcon_core.shell:Creating package script '/home/lccc/Desktop/GXS_2024_VisionCode/install/qrmsg/share/qrmsg/package.zsh'
[0.822s] Level 1:colcon.colcon_core.environment:create_file_with_runtime_dependencies(/home/lccc/Desktop/GXS_2024_VisionCode/install/qrmsg/share/colcon-core/packages/qrmsg)
[0.822s] INFO:colcon.colcon_ros.task.ament_cmake.build:Building ROS package in '/home/lccc/Desktop/GXS_2024_VisionCode/src/binary_detector' with build type 'ament_cmake'
[0.822s] INFO:colcon.colcon_cmake.task.cmake.build:Building CMake package in '/home/lccc/Desktop/GXS_2024_VisionCode/src/binary_detector'
[0.822s] INFO:colcon.colcon_core.shell:Skip shell extension 'powershell' for command environment: Not usable outside of PowerShell
[0.822s] DEBUG:colcon.colcon_core.shell:Skip shell extension 'dsv' for command environment
[0.824s] INFO:colcon.colcon_ros.task.ament_cmake.build:Building ROS package in '/home/lccc/Desktop/GXS_2024_VisionCode/src/colorblock_detector' with build type 'ament_cmake'
[0.824s] INFO:colcon.colcon_cmake.task.cmake.build:Building CMake package in '/home/lccc/Desktop/GXS_2024_VisionCode/src/colorblock_detector'
[0.824s] INFO:colcon.colcon_core.shell:Skip shell extension 'powershell' for command environment: Not usable outside of PowerShell
[0.824s] DEBUG:colcon.colcon_core.shell:Skip shell extension 'dsv' for command environment
[0.826s] INFO:colcon.colcon_ros.task.ament_cmake.build:Building ROS package in '/home/lccc/Desktop/GXS_2024_VisionCode/src/rm_serial_driver' with build type 'ament_cmake'
[0.826s] INFO:colcon.colcon_cmake.task.cmake.build:Building CMake package in '/home/lccc/Desktop/GXS_2024_VisionCode/src/rm_serial_driver'
[0.826s] INFO:colcon.colcon_core.shell:Skip shell extension 'powershell' for command environment: Not usable outside of PowerShell
[0.826s] DEBUG:colcon.colcon_core.shell:Skip shell extension 'dsv' for command environment
[0.828s] INFO:colcon.colcon_ros.task.ament_cmake.build:Building ROS package in '/home/lccc/Desktop/GXS_2024_VisionCode/src/line_follow' with build type 'ament_cmake'
[0.828s] INFO:colcon.colcon_cmake.task.cmake.build:Building CMake package in '/home/lccc/Desktop/GXS_2024_VisionCode/src/line_follow'
[0.828s] INFO:colcon.colcon_core.shell:Skip shell extension 'powershell' for command environment: Not usable outside of PowerShell
[0.828s] DEBUG:colcon.colcon_core.shell:Skip shell extension 'dsv' for command environment
[0.833s] DEBUG:colcon.colcon_core.event_handler.log_command:Invoking command in '/home/lccc/Desktop/GXS_2024_VisionCode/build/binary_detector': AMENT_PREFIX_PATH=/home/lccc/Desktop/GXS_2024_VisionCode/install/qrmsg:${AMENT_PREFIX_PATH} CMAKE_PREFIX_PATH=/home/lccc/Desktop/GXS_2024_VisionCode/install/qrmsg:/opt/ros/humble LD_LIBRARY_PATH=/home/lccc/Desktop/GXS_2024_VisionCode/install/qrmsg/lib:${LD_LIBRARY_PATH} PYTHONPATH=/home/lccc/Desktop/GXS_2024_VisionCode/install/qrmsg/local/lib/python3.10/dist-packages:${PYTHONPATH} /usr/bin/cmake --build /home/lccc/Desktop/GXS_2024_VisionCode/build/binary_detector -- -j16 -l16
[0.835s] DEBUG:colcon.colcon_core.event_handler.log_command:Invoking command in '/home/lccc/Desktop/GXS_2024_VisionCode/build/colorblock_detector': AMENT_PREFIX_PATH=/home/lccc/Desktop/GXS_2024_VisionCode/install/qrmsg:${AMENT_PREFIX_PATH} CMAKE_PREFIX_PATH=/home/lccc/Desktop/GXS_2024_VisionCode/install/qrmsg:/opt/ros/humble LD_LIBRARY_PATH=/home/lccc/Desktop/GXS_2024_VisionCode/install/qrmsg/lib:${LD_LIBRARY_PATH} PYTHONPATH=/home/lccc/Desktop/GXS_2024_VisionCode/install/qrmsg/local/lib/python3.10/dist-packages:${PYTHONPATH} /usr/bin/cmake --build /home/lccc/Desktop/GXS_2024_VisionCode/build/colorblock_detector -- -j16 -l16
[0.837s] DEBUG:colcon.colcon_core.event_handler.log_command:Invoking command in '/home/lccc/Desktop/GXS_2024_VisionCode/build/gxs_serial_driver': AMENT_PREFIX_PATH=/home/lccc/Desktop/GXS_2024_VisionCode/install/qrmsg:${AMENT_PREFIX_PATH} CMAKE_PREFIX_PATH=/home/lccc/Desktop/GXS_2024_VisionCode/install/qrmsg:/opt/ros/humble LD_LIBRARY_PATH=/home/lccc/Desktop/GXS_2024_VisionCode/install/qrmsg/lib:${LD_LIBRARY_PATH} PYTHONPATH=/home/lccc/Desktop/GXS_2024_VisionCode/install/qrmsg/local/lib/python3.10/dist-packages:${PYTHONPATH} /usr/bin/cmake --build /home/lccc/Desktop/GXS_2024_VisionCode/build/gxs_serial_driver -- -j16 -l16
[0.839s] DEBUG:colcon.colcon_core.event_handler.log_command:Invoking command in '/home/lccc/Desktop/GXS_2024_VisionCode/build/line_follow': AMENT_PREFIX_PATH=/home/lccc/Desktop/GXS_2024_VisionCode/install/qrmsg:${AMENT_PREFIX_PATH} CMAKE_PREFIX_PATH=/home/lccc/Desktop/GXS_2024_VisionCode/install/qrmsg:/opt/ros/humble LD_LIBRARY_PATH=/home/lccc/Desktop/GXS_2024_VisionCode/install/qrmsg/lib:${LD_LIBRARY_PATH} PYTHONPATH=/home/lccc/Desktop/GXS_2024_VisionCode/install/qrmsg/local/lib/python3.10/dist-packages:${PYTHONPATH} /usr/bin/cmake --build /home/lccc/Desktop/GXS_2024_VisionCode/build/line_follow -- -j16 -l16
[0.894s] DEBUG:colcon.colcon_core.event_handler.log_command:Invoked command in '/home/lccc/Desktop/GXS_2024_VisionCode/build/colorblock_detector' returned '0': AMENT_PREFIX_PATH=/home/lccc/Desktop/GXS_2024_VisionCode/install/qrmsg:${AMENT_PREFIX_PATH} CMAKE_PREFIX_PATH=/home/lccc/Desktop/GXS_2024_VisionCode/install/qrmsg:/opt/ros/humble LD_LIBRARY_PATH=/home/lccc/Desktop/GXS_2024_VisionCode/install/qrmsg/lib:${LD_LIBRARY_PATH} PYTHONPATH=/home/lccc/Desktop/GXS_2024_VisionCode/install/qrmsg/local/lib/python3.10/dist-packages:${PYTHONPATH} /usr/bin/cmake --build /home/lccc/Desktop/GXS_2024_VisionCode/build/colorblock_detector -- -j16 -l16
[0.897s] DEBUG:colcon.colcon_core.event_handler.log_command:Invoked command in '/home/lccc/Desktop/GXS_2024_VisionCode/build/line_follow' returned '0': AMENT_PREFIX_PATH=/home/lccc/Desktop/GXS_2024_VisionCode/install/qrmsg:${AMENT_PREFIX_PATH} CMAKE_PREFIX_PATH=/home/lccc/Desktop/GXS_2024_VisionCode/install/qrmsg:/opt/ros/humble LD_LIBRARY_PATH=/home/lccc/Desktop/GXS_2024_VisionCode/install/qrmsg/lib:${LD_LIBRARY_PATH} PYTHONPATH=/home/lccc/Desktop/GXS_2024_VisionCode/install/qrmsg/local/lib/python3.10/dist-packages:${PYTHONPATH} /usr/bin/cmake --build /home/lccc/Desktop/GXS_2024_VisionCode/build/line_follow -- -j16 -l16
[0.909s] DEBUG:colcon.colcon_core.event_handler.log_command:Invoked command in '/home/lccc/Desktop/GXS_2024_VisionCode/build/gxs_serial_driver' returned '0': AMENT_PREFIX_PATH=/home/lccc/Desktop/GXS_2024_VisionCode/install/qrmsg:${AMENT_PREFIX_PATH} CMAKE_PREFIX_PATH=/home/lccc/Desktop/GXS_2024_VisionCode/install/qrmsg:/opt/ros/humble LD_LIBRARY_PATH=/home/lccc/Desktop/GXS_2024_VisionCode/install/qrmsg/lib:${LD_LIBRARY_PATH} PYTHONPATH=/home/lccc/Desktop/GXS_2024_VisionCode/install/qrmsg/local/lib/python3.10/dist-packages:${PYTHONPATH} /usr/bin/cmake --build /home/lccc/Desktop/GXS_2024_VisionCode/build/gxs_serial_driver -- -j16 -l16
[0.912s] DEBUG:colcon.colcon_core.event_handler.log_command:Invoking command in '/home/lccc/Desktop/GXS_2024_VisionCode/build/colorblock_detector': AMENT_PREFIX_PATH=/home/lccc/Desktop/GXS_2024_VisionCode/install/qrmsg:${AMENT_PREFIX_PATH} CMAKE_PREFIX_PATH=/home/lccc/Desktop/GXS_2024_VisionCode/install/qrmsg:/opt/ros/humble LD_LIBRARY_PATH=/home/lccc/Desktop/GXS_2024_VisionCode/install/qrmsg/lib:${LD_LIBRARY_PATH} PYTHONPATH=/home/lccc/Desktop/GXS_2024_VisionCode/install/qrmsg/local/lib/python3.10/dist-packages:${PYTHONPATH} /usr/bin/cmake --install /home/lccc/Desktop/GXS_2024_VisionCode/build/colorblock_detector
[0.917s] DEBUG:colcon.colcon_core.event_handler.log_command:Invoking command in '/home/lccc/Desktop/GXS_2024_VisionCode/build/line_follow': AMENT_PREFIX_PATH=/home/lccc/Desktop/GXS_2024_VisionCode/install/qrmsg:${AMENT_PREFIX_PATH} CMAKE_PREFIX_PATH=/home/lccc/Desktop/GXS_2024_VisionCode/install/qrmsg:/opt/ros/humble LD_LIBRARY_PATH=/home/lccc/Desktop/GXS_2024_VisionCode/install/qrmsg/lib:${LD_LIBRARY_PATH} PYTHONPATH=/home/lccc/Desktop/GXS_2024_VisionCode/install/qrmsg/local/lib/python3.10/dist-packages:${PYTHONPATH} /usr/bin/cmake --install /home/lccc/Desktop/GXS_2024_VisionCode/build/line_follow
[0.928s] Level 1:colcon.colcon_core.environment:create_environment_scripts_only(colorblock_detector)
[0.928s] Level 1:colcon.colcon_core.environment:checking '/home/lccc/Desktop/GXS_2024_VisionCode/install/colorblock_detector' for CMake module files
[0.929s] DEBUG:colcon.colcon_core.event_handler.log_command:Invoked command in '/home/lccc/Desktop/GXS_2024_VisionCode/build/colorblock_detector' returned '0': AMENT_PREFIX_PATH=/home/lccc/Desktop/GXS_2024_VisionCode/install/qrmsg:${AMENT_PREFIX_PATH} CMAKE_PREFIX_PATH=/home/lccc/Desktop/GXS_2024_VisionCode/install/qrmsg:/opt/ros/humble LD_LIBRARY_PATH=/home/lccc/Desktop/GXS_2024_VisionCode/install/qrmsg/lib:${LD_LIBRARY_PATH} PYTHONPATH=/home/lccc/Desktop/GXS_2024_VisionCode/install/qrmsg/local/lib/python3.10/dist-packages:${PYTHONPATH} /usr/bin/cmake --install /home/lccc/Desktop/GXS_2024_VisionCode/build/colorblock_detector
[0.929s] Level 1:colcon.colcon_core.environment:checking '/home/lccc/Desktop/GXS_2024_VisionCode/install/colorblock_detector' for CMake config files
[0.930s] Level 1:colcon.colcon_core.shell:create_environment_hook('colorblock_detector', 'cmake_prefix_path')
[0.930s] INFO:colcon.colcon_core.shell:Creating environment hook '/home/lccc/Desktop/GXS_2024_VisionCode/install/colorblock_detector/share/colorblock_detector/hook/cmake_prefix_path.ps1'
[0.930s] INFO:colcon.colcon_core.shell:Creating environment descriptor '/home/lccc/Desktop/GXS_2024_VisionCode/install/colorblock_detector/share/colorblock_detector/hook/cmake_prefix_path.dsv'
[0.931s] INFO:colcon.colcon_core.shell:Creating environment hook '/home/lccc/Desktop/GXS_2024_VisionCode/install/colorblock_detector/share/colorblock_detector/hook/cmake_prefix_path.sh'
[0.931s] Level 1:colcon.colcon_core.environment:checking '/home/lccc/Desktop/GXS_2024_VisionCode/install/colorblock_detector/lib'
[0.931s] Level 1:colcon.colcon_core.environment:checking '/home/lccc/Desktop/GXS_2024_VisionCode/install/colorblock_detector/bin'
[0.931s] Level 1:colcon.colcon_core.environment:checking '/home/lccc/Desktop/GXS_2024_VisionCode/install/colorblock_detector/lib/pkgconfig/colorblock_detector.pc'
[0.931s] Level 1:colcon.colcon_core.environment:checking '/home/lccc/Desktop/GXS_2024_VisionCode/install/colorblock_detector/lib/python3.10/site-packages'
[0.932s] Level 1:colcon.colcon_core.environment:checking '/home/lccc/Desktop/GXS_2024_VisionCode/install/colorblock_detector/bin'
[0.932s] INFO:colcon.colcon_core.shell:Creating package script '/home/lccc/Desktop/GXS_2024_VisionCode/install/colorblock_detector/share/colorblock_detector/package.ps1'
[0.932s] INFO:colcon.colcon_core.shell:Creating package descriptor '/home/lccc/Desktop/GXS_2024_VisionCode/install/colorblock_detector/share/colorblock_detector/package.dsv'
[0.933s] INFO:colcon.colcon_core.shell:Creating package script '/home/lccc/Desktop/GXS_2024_VisionCode/install/colorblock_detector/share/colorblock_detector/package.sh'
[0.933s] INFO:colcon.colcon_core.shell:Creating package script '/home/lccc/Desktop/GXS_2024_VisionCode/install/colorblock_detector/share/colorblock_detector/package.bash'
[0.933s] INFO:colcon.colcon_core.shell:Creating package script '/home/lccc/Desktop/GXS_2024_VisionCode/install/colorblock_detector/share/colorblock_detector/package.zsh'
[0.934s] Level 1:colcon.colcon_core.environment:create_file_with_runtime_dependencies(/home/lccc/Desktop/GXS_2024_VisionCode/install/colorblock_detector/share/colcon-core/packages/colorblock_detector)
[0.936s] DEBUG:colcon.colcon_core.event_handler.log_command:Invoking command in '/home/lccc/Desktop/GXS_2024_VisionCode/build/gxs_serial_driver': AMENT_PREFIX_PATH=/home/lccc/Desktop/GXS_2024_VisionCode/install/qrmsg:${AMENT_PREFIX_PATH} CMAKE_PREFIX_PATH=/home/lccc/Desktop/GXS_2024_VisionCode/install/qrmsg:/opt/ros/humble LD_LIBRARY_PATH=/home/lccc/Desktop/GXS_2024_VisionCode/install/qrmsg/lib:${LD_LIBRARY_PATH} PYTHONPATH=/home/lccc/Desktop/GXS_2024_VisionCode/install/qrmsg/local/lib/python3.10/dist-packages:${PYTHONPATH} /usr/bin/cmake --install /home/lccc/Desktop/GXS_2024_VisionCode/build/gxs_serial_driver
[0.936s] Level 1:colcon.colcon_core.environment:create_environment_scripts_only(line_follow)
[0.937s] Level 1:colcon.colcon_core.environment:checking '/home/lccc/Desktop/GXS_2024_VisionCode/install/line_follow' for CMake module files
[0.937s] DEBUG:colcon.colcon_core.event_handler.log_command:Invoked command in '/home/lccc/Desktop/GXS_2024_VisionCode/build/line_follow' returned '0': AMENT_PREFIX_PATH=/home/lccc/Desktop/GXS_2024_VisionCode/install/qrmsg:${AMENT_PREFIX_PATH} CMAKE_PREFIX_PATH=/home/lccc/Desktop/GXS_2024_VisionCode/install/qrmsg:/opt/ros/humble LD_LIBRARY_PATH=/home/lccc/Desktop/GXS_2024_VisionCode/install/qrmsg/lib:${LD_LIBRARY_PATH} PYTHONPATH=/home/lccc/Desktop/GXS_2024_VisionCode/install/qrmsg/local/lib/python3.10/dist-packages:${PYTHONPATH} /usr/bin/cmake --install /home/lccc/Desktop/GXS_2024_VisionCode/build/line_follow
[0.938s] Level 1:colcon.colcon_core.environment:checking '/home/lccc/Desktop/GXS_2024_VisionCode/install/line_follow' for CMake config files
[0.938s] Level 1:colcon.colcon_core.shell:create_environment_hook('line_follow', 'cmake_prefix_path')
[0.938s] INFO:colcon.colcon_core.shell:Creating environment hook '/home/lccc/Desktop/GXS_2024_VisionCode/install/line_follow/share/line_follow/hook/cmake_prefix_path.ps1'
[0.939s] INFO:colcon.colcon_core.shell:Creating environment descriptor '/home/lccc/Desktop/GXS_2024_VisionCode/install/line_follow/share/line_follow/hook/cmake_prefix_path.dsv'
[0.939s] INFO:colcon.colcon_core.shell:Creating environment hook '/home/lccc/Desktop/GXS_2024_VisionCode/install/line_follow/share/line_follow/hook/cmake_prefix_path.sh'
[0.939s] Level 1:colcon.colcon_core.environment:checking '/home/lccc/Desktop/GXS_2024_VisionCode/install/line_follow/lib'
[0.940s] Level 1:colcon.colcon_core.environment:checking '/home/lccc/Desktop/GXS_2024_VisionCode/install/line_follow/bin'
[0.940s] Level 1:colcon.colcon_core.environment:checking '/home/lccc/Desktop/GXS_2024_VisionCode/install/line_follow/lib/pkgconfig/line_follow.pc'
[0.940s] Level 1:colcon.colcon_core.environment:checking '/home/lccc/Desktop/GXS_2024_VisionCode/install/line_follow/lib/python3.10/site-packages'
[0.940s] Level 1:colcon.colcon_core.environment:checking '/home/lccc/Desktop/GXS_2024_VisionCode/install/line_follow/bin'
[0.940s] INFO:colcon.colcon_core.shell:Creating package script '/home/lccc/Desktop/GXS_2024_VisionCode/install/line_follow/share/line_follow/package.ps1'
[0.941s] INFO:colcon.colcon_core.shell:Creating package descriptor '/home/lccc/Desktop/GXS_2024_VisionCode/install/line_follow/share/line_follow/package.dsv'
[0.941s] INFO:colcon.colcon_core.shell:Creating package script '/home/lccc/Desktop/GXS_2024_VisionCode/install/line_follow/share/line_follow/package.sh'
[0.941s] INFO:colcon.colcon_core.shell:Creating package script '/home/lccc/Desktop/GXS_2024_VisionCode/install/line_follow/share/line_follow/package.bash'
[0.942s] INFO:colcon.colcon_core.shell:Creating package script '/home/lccc/Desktop/GXS_2024_VisionCode/install/line_follow/share/line_follow/package.zsh'
[0.942s] Level 1:colcon.colcon_core.environment:create_file_with_runtime_dependencies(/home/lccc/Desktop/GXS_2024_VisionCode/install/line_follow/share/colcon-core/packages/line_follow)
[0.947s] Level 1:colcon.colcon_core.environment:create_environment_scripts_only(gxs_serial_driver)
[0.947s] Level 1:colcon.colcon_core.environment:checking '/home/lccc/Desktop/GXS_2024_VisionCode/install/gxs_serial_driver' for CMake module files
[0.948s] DEBUG:colcon.colcon_core.event_handler.log_command:Invoked command in '/home/lccc/Desktop/GXS_2024_VisionCode/build/gxs_serial_driver' returned '0': AMENT_PREFIX_PATH=/home/lccc/Desktop/GXS_2024_VisionCode/install/qrmsg:${AMENT_PREFIX_PATH} CMAKE_PREFIX_PATH=/home/lccc/Desktop/GXS_2024_VisionCode/install/qrmsg:/opt/ros/humble LD_LIBRARY_PATH=/home/lccc/Desktop/GXS_2024_VisionCode/install/qrmsg/lib:${LD_LIBRARY_PATH} PYTHONPATH=/home/lccc/Desktop/GXS_2024_VisionCode/install/qrmsg/local/lib/python3.10/dist-packages:${PYTHONPATH} /usr/bin/cmake --install /home/lccc/Desktop/GXS_2024_VisionCode/build/gxs_serial_driver
[0.948s] Level 1:colcon.colcon_core.environment:checking '/home/lccc/Desktop/GXS_2024_VisionCode/install/gxs_serial_driver' for CMake config files
[0.948s] Level 1:colcon.colcon_core.shell:create_environment_hook('gxs_serial_driver', 'cmake_prefix_path')
[0.949s] INFO:colcon.colcon_core.shell:Creating environment hook '/home/lccc/Desktop/GXS_2024_VisionCode/install/gxs_serial_driver/share/gxs_serial_driver/hook/cmake_prefix_path.ps1'
[0.949s] INFO:colcon.colcon_core.shell:Creating environment descriptor '/home/lccc/Desktop/GXS_2024_VisionCode/install/gxs_serial_driver/share/gxs_serial_driver/hook/cmake_prefix_path.dsv'
[0.949s] INFO:colcon.colcon_core.shell:Creating environment hook '/home/lccc/Desktop/GXS_2024_VisionCode/install/gxs_serial_driver/share/gxs_serial_driver/hook/cmake_prefix_path.sh'
[0.949s] Level 1:colcon.colcon_core.environment:checking '/home/lccc/Desktop/GXS_2024_VisionCode/install/gxs_serial_driver/lib'
[0.949s] Level 1:colcon.colcon_core.shell:create_environment_hook('gxs_serial_driver', 'ld_library_path_lib')
[0.950s] INFO:colcon.colcon_core.shell:Creating environment hook '/home/lccc/Desktop/GXS_2024_VisionCode/install/gxs_serial_driver/share/gxs_serial_driver/hook/ld_library_path_lib.ps1'
[0.950s] INFO:colcon.colcon_core.shell:Creating environment descriptor '/home/lccc/Desktop/GXS_2024_VisionCode/install/gxs_serial_driver/share/gxs_serial_driver/hook/ld_library_path_lib.dsv'
[0.950s] INFO:colcon.colcon_core.shell:Creating environment hook '/home/lccc/Desktop/GXS_2024_VisionCode/install/gxs_serial_driver/share/gxs_serial_driver/hook/ld_library_path_lib.sh'
[0.950s] Level 1:colcon.colcon_core.environment:checking '/home/lccc/Desktop/GXS_2024_VisionCode/install/gxs_serial_driver/bin'
[0.950s] Level 1:colcon.colcon_core.environment:checking '/home/lccc/Desktop/GXS_2024_VisionCode/install/gxs_serial_driver/lib/pkgconfig/gxs_serial_driver.pc'
[0.950s] Level 1:colcon.colcon_core.environment:checking '/home/lccc/Desktop/GXS_2024_VisionCode/install/gxs_serial_driver/lib/python3.10/site-packages'
[0.950s] Level 1:colcon.colcon_core.environment:checking '/home/lccc/Desktop/GXS_2024_VisionCode/install/gxs_serial_driver/bin'
[0.951s] INFO:colcon.colcon_core.shell:Creating package script '/home/lccc/Desktop/GXS_2024_VisionCode/install/gxs_serial_driver/share/gxs_serial_driver/package.ps1'
[0.951s] INFO:colcon.colcon_core.shell:Creating package descriptor '/home/lccc/Desktop/GXS_2024_VisionCode/install/gxs_serial_driver/share/gxs_serial_driver/package.dsv'
[0.951s] INFO:colcon.colcon_core.shell:Creating package script '/home/lccc/Desktop/GXS_2024_VisionCode/install/gxs_serial_driver/share/gxs_serial_driver/package.sh'
[0.951s] INFO:colcon.colcon_core.shell:Creating package script '/home/lccc/Desktop/GXS_2024_VisionCode/install/gxs_serial_driver/share/gxs_serial_driver/package.bash'
[0.952s] INFO:colcon.colcon_core.shell:Creating package script '/home/lccc/Desktop/GXS_2024_VisionCode/install/gxs_serial_driver/share/gxs_serial_driver/package.zsh'
[0.952s] Level 1:colcon.colcon_core.environment:create_file_with_runtime_dependencies(/home/lccc/Desktop/GXS_2024_VisionCode/install/gxs_serial_driver/share/colcon-core/packages/gxs_serial_driver)
[0.953s] Level 1:colcon.colcon_core.environment:create_environment_scripts_only(colorblock_detector)
[0.953s] Level 1:colcon.colcon_core.environment:checking '/home/lccc/Desktop/GXS_2024_VisionCode/install/colorblock_detector' for CMake module files
[0.953s] Level 1:colcon.colcon_core.environment:checking '/home/lccc/Desktop/GXS_2024_VisionCode/install/colorblock_detector' for CMake config files
[0.953s] Level 1:colcon.colcon_core.shell:create_environment_hook('colorblock_detector', 'cmake_prefix_path')
[0.953s] INFO:colcon.colcon_core.shell:Creating environment hook '/home/lccc/Desktop/GXS_2024_VisionCode/install/colorblock_detector/share/colorblock_detector/hook/cmake_prefix_path.ps1'
[0.954s] INFO:colcon.colcon_core.shell:Creating environment descriptor '/home/lccc/Desktop/GXS_2024_VisionCode/install/colorblock_detector/share/colorblock_detector/hook/cmake_prefix_path.dsv'
[0.954s] INFO:colcon.colcon_core.shell:Creating environment hook '/home/lccc/Desktop/GXS_2024_VisionCode/install/colorblock_detector/share/colorblock_detector/hook/cmake_prefix_path.sh'
[0.954s] Level 1:colcon.colcon_core.environment:checking '/home/lccc/Desktop/GXS_2024_VisionCode/install/colorblock_detector/lib'
[0.954s] Level 1:colcon.colcon_core.environment:checking '/home/lccc/Desktop/GXS_2024_VisionCode/install/colorblock_detector/bin'
[0.954s] Level 1:colcon.colcon_core.environment:checking '/home/lccc/Desktop/GXS_2024_VisionCode/install/colorblock_detector/lib/pkgconfig/colorblock_detector.pc'
[0.954s] Level 1:colcon.colcon_core.environment:checking '/home/lccc/Desktop/GXS_2024_VisionCode/install/colorblock_detector/lib/python3.10/site-packages'
[0.955s] Level 1:colcon.colcon_core.environment:checking '/home/lccc/Desktop/GXS_2024_VisionCode/install/colorblock_detector/bin'
[0.955s] INFO:colcon.colcon_core.shell:Creating package script '/home/lccc/Desktop/GXS_2024_VisionCode/install/colorblock_detector/share/colorblock_detector/package.ps1'
[0.955s] INFO:colcon.colcon_core.shell:Creating package descriptor '/home/lccc/Desktop/GXS_2024_VisionCode/install/colorblock_detector/share/colorblock_detector/package.dsv'
[0.955s] INFO:colcon.colcon_core.shell:Creating package script '/home/lccc/Desktop/GXS_2024_VisionCode/install/colorblock_detector/share/colorblock_detector/package.sh'
[0.955s] INFO:colcon.colcon_core.shell:Creating package script '/home/lccc/Desktop/GXS_2024_VisionCode/install/colorblock_detector/share/colorblock_detector/package.bash'
[0.956s] INFO:colcon.colcon_core.shell:Creating package script '/home/lccc/Desktop/GXS_2024_VisionCode/install/colorblock_detector/share/colorblock_detector/package.zsh'
[0.956s] Level 1:colcon.colcon_core.environment:create_file_with_runtime_dependencies(/home/lccc/Desktop/GXS_2024_VisionCode/install/colorblock_detector/share/colcon-core/packages/colorblock_detector)
[0.959s] Level 1:colcon.colcon_core.environment:create_environment_scripts_only(line_follow)
[0.959s] Level 1:colcon.colcon_core.environment:checking '/home/lccc/Desktop/GXS_2024_VisionCode/install/line_follow' for CMake module files
[0.960s] Level 1:colcon.colcon_core.environment:checking '/home/lccc/Desktop/GXS_2024_VisionCode/install/line_follow' for CMake config files
[0.960s] Level 1:colcon.colcon_core.shell:create_environment_hook('line_follow', 'cmake_prefix_path')
[0.960s] INFO:colcon.colcon_core.shell:Creating environment hook '/home/lccc/Desktop/GXS_2024_VisionCode/install/line_follow/share/line_follow/hook/cmake_prefix_path.ps1'
[0.960s] INFO:colcon.colcon_core.shell:Creating environment descriptor '/home/lccc/Desktop/GXS_2024_VisionCode/install/line_follow/share/line_follow/hook/cmake_prefix_path.dsv'
[0.960s] INFO:colcon.colcon_core.shell:Creating environment hook '/home/lccc/Desktop/GXS_2024_VisionCode/install/line_follow/share/line_follow/hook/cmake_prefix_path.sh'
[0.961s] Level 1:colcon.colcon_core.environment:checking '/home/lccc/Desktop/GXS_2024_VisionCode/install/line_follow/lib'
[0.961s] Level 1:colcon.colcon_core.environment:checking '/home/lccc/Desktop/GXS_2024_VisionCode/install/line_follow/bin'
[0.961s] Level 1:colcon.colcon_core.environment:checking '/home/lccc/Desktop/GXS_2024_VisionCode/install/line_follow/lib/pkgconfig/line_follow.pc'
[0.961s] Level 1:colcon.colcon_core.environment:checking '/home/lccc/Desktop/GXS_2024_VisionCode/install/line_follow/lib/python3.10/site-packages'
[0.961s] Level 1:colcon.colcon_core.environment:checking '/home/lccc/Desktop/GXS_2024_VisionCode/install/line_follow/bin'
[0.961s] INFO:colcon.colcon_core.shell:Creating package script '/home/lccc/Desktop/GXS_2024_VisionCode/install/line_follow/share/line_follow/package.ps1'
[0.962s] INFO:colcon.colcon_core.shell:Creating package descriptor '/home/lccc/Desktop/GXS_2024_VisionCode/install/line_follow/share/line_follow/package.dsv'
[0.962s] INFO:colcon.colcon_core.shell:Creating package script '/home/lccc/Desktop/GXS_2024_VisionCode/install/line_follow/share/line_follow/package.sh'
[0.962s] INFO:colcon.colcon_core.shell:Creating package script '/home/lccc/Desktop/GXS_2024_VisionCode/install/line_follow/share/line_follow/package.bash'
[0.962s] INFO:colcon.colcon_core.shell:Creating package script '/home/lccc/Desktop/GXS_2024_VisionCode/install/line_follow/share/line_follow/package.zsh'
[0.962s] Level 1:colcon.colcon_core.environment:create_file_with_runtime_dependencies(/home/lccc/Desktop/GXS_2024_VisionCode/install/line_follow/share/colcon-core/packages/line_follow)
[0.974s] Level 1:colcon.colcon_core.environment:create_environment_scripts_only(gxs_serial_driver)
[0.974s] Level 1:colcon.colcon_core.environment:checking '/home/lccc/Desktop/GXS_2024_VisionCode/install/gxs_serial_driver' for CMake module files
[0.974s] Level 1:colcon.colcon_core.environment:checking '/home/lccc/Desktop/GXS_2024_VisionCode/install/gxs_serial_driver' for CMake config files
[0.974s] Level 1:colcon.colcon_core.shell:create_environment_hook('gxs_serial_driver', 'cmake_prefix_path')
[0.974s] INFO:colcon.colcon_core.shell:Creating environment hook '/home/lccc/Desktop/GXS_2024_VisionCode/install/gxs_serial_driver/share/gxs_serial_driver/hook/cmake_prefix_path.ps1'
[0.975s] INFO:colcon.colcon_core.shell:Creating environment descriptor '/home/lccc/Desktop/GXS_2024_VisionCode/install/gxs_serial_driver/share/gxs_serial_driver/hook/cmake_prefix_path.dsv'
[0.975s] INFO:colcon.colcon_core.shell:Creating environment hook '/home/lccc/Desktop/GXS_2024_VisionCode/install/gxs_serial_driver/share/gxs_serial_driver/hook/cmake_prefix_path.sh'
[0.976s] Level 1:colcon.colcon_core.environment:checking '/home/lccc/Desktop/GXS_2024_VisionCode/install/gxs_serial_driver/lib'
[0.976s] Level 1:colcon.colcon_core.shell:create_environment_hook('gxs_serial_driver', 'ld_library_path_lib')
[0.976s] INFO:colcon.colcon_core.shell:Creating environment hook '/home/lccc/Desktop/GXS_2024_VisionCode/install/gxs_serial_driver/share/gxs_serial_driver/hook/ld_library_path_lib.ps1'
[0.976s] INFO:colcon.colcon_core.shell:Creating environment descriptor '/home/lccc/Desktop/GXS_2024_VisionCode/install/gxs_serial_driver/share/gxs_serial_driver/hook/ld_library_path_lib.dsv'
[0.976s] INFO:colcon.colcon_core.shell:Creating environment hook '/home/lccc/Desktop/GXS_2024_VisionCode/install/gxs_serial_driver/share/gxs_serial_driver/hook/ld_library_path_lib.sh'
[0.976s] Level 1:colcon.colcon_core.environment:checking '/home/lccc/Desktop/GXS_2024_VisionCode/install/gxs_serial_driver/bin'
[0.976s] Level 1:colcon.colcon_core.environment:checking '/home/lccc/Desktop/GXS_2024_VisionCode/install/gxs_serial_driver/lib/pkgconfig/gxs_serial_driver.pc'
[0.977s] Level 1:colcon.colcon_core.environment:checking '/home/lccc/Desktop/GXS_2024_VisionCode/install/gxs_serial_driver/lib/python3.10/site-packages'
[0.977s] Level 1:colcon.colcon_core.environment:checking '/home/lccc/Desktop/GXS_2024_VisionCode/install/gxs_serial_driver/bin'
[0.977s] INFO:colcon.colcon_core.shell:Creating package script '/home/lccc/Desktop/GXS_2024_VisionCode/install/gxs_serial_driver/share/gxs_serial_driver/package.ps1'
[0.977s] INFO:colcon.colcon_core.shell:Creating package descriptor '/home/lccc/Desktop/GXS_2024_VisionCode/install/gxs_serial_driver/share/gxs_serial_driver/package.dsv'
[0.978s] INFO:colcon.colcon_core.shell:Creating package script '/home/lccc/Desktop/GXS_2024_VisionCode/install/gxs_serial_driver/share/gxs_serial_driver/package.sh'
[0.978s] INFO:colcon.colcon_core.shell:Creating package script '/home/lccc/Desktop/GXS_2024_VisionCode/install/gxs_serial_driver/share/gxs_serial_driver/package.bash'
[0.978s] INFO:colcon.colcon_core.shell:Creating package script '/home/lccc/Desktop/GXS_2024_VisionCode/install/gxs_serial_driver/share/gxs_serial_driver/package.zsh'
[0.978s] Level 1:colcon.colcon_core.environment:create_file_with_runtime_dependencies(/home/lccc/Desktop/GXS_2024_VisionCode/install/gxs_serial_driver/share/colcon-core/packages/gxs_serial_driver)
[5.432s] DEBUG:colcon.colcon_core.event_handler.log_command:Invoked command in '/home/lccc/Desktop/GXS_2024_VisionCode/build/binary_detector' returned '2': AMENT_PREFIX_PATH=/home/lccc/Desktop/GXS_2024_VisionCode/install/qrmsg:${AMENT_PREFIX_PATH} CMAKE_PREFIX_PATH=/home/lccc/Desktop/GXS_2024_VisionCode/install/qrmsg:/opt/ros/humble LD_LIBRARY_PATH=/home/lccc/Desktop/GXS_2024_VisionCode/install/qrmsg/lib:${LD_LIBRARY_PATH} PYTHONPATH=/home/lccc/Desktop/GXS_2024_VisionCode/install/qrmsg/local/lib/python3.10/dist-packages:${PYTHONPATH} /usr/bin/cmake --build /home/lccc/Desktop/GXS_2024_VisionCode/build/binary_detector -- -j16 -l16
[5.450s] Level 1:colcon.colcon_core.environment:create_environment_scripts_only(binary_detector)
[5.451s] Level 1:colcon.colcon_core.environment:checking '/home/lccc/Desktop/GXS_2024_VisionCode/install/binary_detector' for CMake module files
[5.451s] Level 1:colcon.colcon_core.environment:checking '/home/lccc/Desktop/GXS_2024_VisionCode/install/binary_detector' for CMake config files
[5.451s] Level 1:colcon.colcon_core.shell:create_environment_hook('binary_detector', 'cmake_prefix_path')
[5.451s] INFO:colcon.colcon_core.shell:Creating environment hook '/home/lccc/Desktop/GXS_2024_VisionCode/install/binary_detector/share/binary_detector/hook/cmake_prefix_path.ps1'
[5.452s] INFO:colcon.colcon_core.shell:Creating environment descriptor '/home/lccc/Desktop/GXS_2024_VisionCode/install/binary_detector/share/binary_detector/hook/cmake_prefix_path.dsv'
[5.452s] INFO:colcon.colcon_core.shell:Creating environment hook '/home/lccc/Desktop/GXS_2024_VisionCode/install/binary_detector/share/binary_detector/hook/cmake_prefix_path.sh'
[5.452s] Level 1:colcon.colcon_core.environment:checking '/home/lccc/Desktop/GXS_2024_VisionCode/install/binary_detector/lib'
[5.452s] Level 1:colcon.colcon_core.environment:checking '/home/lccc/Desktop/GXS_2024_VisionCode/install/binary_detector/bin'
[5.452s] Level 1:colcon.colcon_core.environment:checking '/home/lccc/Desktop/GXS_2024_VisionCode/install/binary_detector/lib/pkgconfig/binary_detector.pc'
[5.452s] Level 1:colcon.colcon_core.environment:checking '/home/lccc/Desktop/GXS_2024_VisionCode/install/binary_detector/lib/python3.10/site-packages'
[5.453s] Level 1:colcon.colcon_core.environment:checking '/home/lccc/Desktop/GXS_2024_VisionCode/install/binary_detector/bin'
[5.453s] INFO:colcon.colcon_core.shell:Creating package script '/home/lccc/Desktop/GXS_2024_VisionCode/install/binary_detector/share/binary_detector/package.ps1'
[5.453s] INFO:colcon.colcon_core.shell:Creating package descriptor '/home/lccc/Desktop/GXS_2024_VisionCode/install/binary_detector/share/binary_detector/package.dsv'
[5.453s] INFO:colcon.colcon_core.shell:Creating package script '/home/lccc/Desktop/GXS_2024_VisionCode/install/binary_detector/share/binary_detector/package.sh'
[5.454s] INFO:colcon.colcon_core.shell:Creating package script '/home/lccc/Desktop/GXS_2024_VisionCode/install/binary_detector/share/binary_detector/package.bash'
[5.454s] INFO:colcon.colcon_core.shell:Creating package script '/home/lccc/Desktop/GXS_2024_VisionCode/install/binary_detector/share/binary_detector/package.zsh'
[5.454s] Level 1:colcon.colcon_core.environment:create_file_with_runtime_dependencies(/home/lccc/Desktop/GXS_2024_VisionCode/install/binary_detector/share/colcon-core/packages/binary_detector)
[5.464s] DEBUG:colcon.colcon_parallel_executor.executor.parallel:closing loop
[5.464s] DEBUG:colcon.colcon_parallel_executor.executor.parallel:loop closed
[5.464s] DEBUG:colcon.colcon_parallel_executor.executor.parallel:run_until_complete finished with '2'
[5.464s] DEBUG:colcon.colcon_core.event_reactor:joining thread
[5.468s] INFO:colcon.colcon_core.plugin_system:Skipping extension 'colcon_notification.desktop_notification.terminal_notifier': Not used on non-Darwin systems
[5.468s] INFO:colcon.colcon_core.plugin_system:Skipping extension 'colcon_notification.desktop_notification.win32': Not used on non-Windows systems
[5.468s] INFO:colcon.colcon_notification.desktop_notification:Sending desktop notification using 'notify2'
[5.479s] DEBUG:colcon.colcon_core.event_reactor:joined thread
[5.479s] INFO:colcon.colcon_core.shell:Creating prefix script '/home/lccc/Desktop/GXS_2024_VisionCode/install/local_setup.ps1'
[5.480s] INFO:colcon.colcon_core.shell:Creating prefix util module '/home/lccc/Desktop/GXS_2024_VisionCode/install/_local_setup_util_ps1.py'
[5.481s] INFO:colcon.colcon_core.shell:Creating prefix chain script '/home/lccc/Desktop/GXS_2024_VisionCode/install/setup.ps1'
[5.481s] INFO:colcon.colcon_core.shell:Creating prefix script '/home/lccc/Desktop/GXS_2024_VisionCode/install/local_setup.sh'
[5.482s] INFO:colcon.colcon_core.shell:Creating prefix util module '/home/lccc/Desktop/GXS_2024_VisionCode/install/_local_setup_util_sh.py'
[5.482s] INFO:colcon.colcon_core.shell:Creating prefix chain script '/home/lccc/Desktop/GXS_2024_VisionCode/install/setup.sh'
[5.483s] INFO:colcon.colcon_core.shell:Creating prefix script '/home/lccc/Desktop/GXS_2024_VisionCode/install/local_setup.bash'
[5.483s] INFO:colcon.colcon_core.shell:Creating prefix chain script '/home/lccc/Desktop/GXS_2024_VisionCode/install/setup.bash'
[5.484s] INFO:colcon.colcon_core.shell:Creating prefix script '/home/lccc/Desktop/GXS_2024_VisionCode/install/local_setup.zsh'
[5.484s] INFO:colcon.colcon_core.shell:Creating prefix chain script '/home/lccc/Desktop/GXS_2024_VisionCode/install/setup.zsh'
