[0.005s] Invoking command in '/home/jason/gxs/GXS_2024_VisionCode/src/binary_detector/build/binary_detector': CMAKE_PREFIX_PATH=${CMAKE_PREFIX_PATH}:/opt/ros/humble /usr/bin/cmake /home/jason/gxs/GXS_2024_VisionCode/src/binary_detector -DCMAKE_INSTALL_PREFIX=/home/jason/gxs/GXS_2024_VisionCode/src/binary_detector/install/binary_detector
[0.039s] -- The C compiler identification is GNU 11.4.0
[0.067s] -- The CXX compiler identification is GNU 11.4.0
[0.071s] -- Detecting C compiler ABI info
[0.106s] -- Detecting C compiler ABI info - done
[0.110s] -- Check for working C compiler: /usr/bin/cc - skipped
[0.110s] -- Detecting C compile features
[0.111s] -- Detecting C compile features - done
[0.113s] -- Detecting CXX compiler ABI info
[0.161s] -- Detecting CXX compiler ABI info - done
[0.166s] -- Check for working CXX compiler: /usr/bin/c++ - skipped
[0.166s] -- Detecting CXX compile features
[0.166s] -- Detecting CXX compile features - done
[0.167s] -- Found ament_cmake: 1.3.8 (/opt/ros/humble/share/ament_cmake/cmake)
[0.248s] -- Found Python3: /usr/bin/python3 (found version "3.10.12") found components: Interpreter 
[0.292s] -- Found rclcpp: 16.0.8 (/opt/ros/humble/share/rclcpp/cmake)
[0.319s] -- Found rosidl_generator_c: 3.1.5 (/opt/ros/humble/share/rosidl_generator_c/cmake)
[0.322s] -- Found rosidl_adapter: 3.1.5 (/opt/ros/humble/share/rosidl_adapter/cmake)
[0.328s] -- Found rosidl_generator_cpp: 3.1.5 (/opt/ros/humble/share/rosidl_generator_cpp/cmake)
[0.335s] -- Using all available rosidl_typesupport_c: rosidl_typesupport_fastrtps_c;rosidl_typesupport_introspection_c
[0.346s] -- Using all available rosidl_typesupport_cpp: rosidl_typesupport_fastrtps_cpp;rosidl_typesupport_introspection_cpp
[0.383s] -- Found rmw_implementation_cmake: 6.1.1 (/opt/ros/humble/share/rmw_implementation_cmake/cmake)
[0.384s] -- Found rmw_fastrtps_cpp: 6.2.6 (/opt/ros/humble/share/rmw_fastrtps_cpp/cmake)
[0.439s] -- Found OpenSSL: /usr/lib/x86_64-linux-gnu/libcrypto.so (found version "3.0.2")  
[0.459s] -- Found FastRTPS: /opt/ros/humble/include  
[0.489s] -- Using RMW implementation 'rmw_fastrtps_cpp' as default
[0.494s] -- Looking for pthread.h
[0.541s] -- Looking for pthread.h - found
[0.541s] -- Performing Test CMAKE_HAVE_LIBC_PTHREAD
[0.594s] -- Performing Test CMAKE_HAVE_LIBC_PTHREAD - Success
[0.594s] -- Found Threads: TRUE  
[0.680s] -- Found sensor_msgs: 4.2.3 (/opt/ros/humble/share/sensor_msgs/cmake)
[0.752s] -- Found cv_bridge: 3.2.1 (/opt/ros/humble/share/cv_bridge/cmake)
[0.762s] -- Found OpenCV: /usr (found version "4.5.4") 
[0.768s] -- Configuring incomplete, errors occurred!
[0.768s] See also "/home/jason/gxs/GXS_2024_VisionCode/src/binary_detector/build/binary_detector/CMakeFiles/CMakeOutput.log".
[0.768s] [31mCMake Error at CMakeLists.txt:10 (find_package):
[0.768s]   By not providing "Findqrmsg.cmake" in CMAKE_MODULE_PATH this project has
[0.768s]   asked CMake to find a package configuration file provided by "qrmsg", but
[0.768s]   CMake did not find one.
[0.768s] 
[0.768s]   Could not find a package configuration file provided by "qrmsg" with any of
[0.768s]   the following names:
[0.768s] 
[0.769s]     qrmsgConfig.cmake
[0.769s]     qrmsg-config.cmake
[0.769s] 
[0.769s]   Add the installation prefix of "qrmsg" to CMAKE_PREFIX_PATH or set
[0.769s]   "qrmsg_DIR" to a directory containing one of the above files.  If "qrmsg"
[0.769s]   provides a separate development package or SDK, be sure it has been
[0.769s]   installed.
[0.769s] 
[0.769s] [0m
[0.773s] Invoked command in '/home/jason/gxs/GXS_2024_VisionCode/src/binary_detector/build/binary_detector' returned '1': CMAKE_PREFIX_PATH=${CMAKE_PREFIX_PATH}:/opt/ros/humble /usr/bin/cmake /home/jason/gxs/GXS_2024_VisionCode/src/binary_detector -DCMAKE_INSTALL_PREFIX=/home/jason/gxs/GXS_2024_VisionCode/src/binary_detector/install/binary_detector
