[0.012s] Invoking command in '/home/jason/gxs/GXS_2024_VisionCode/build/gxs_serial_driver': AMENT_PREFIX_PATH=/home/jason/gxs/GXS_2024_VisionCode/install/qrmsg:${AMENT_PREFIX_PATH} CMAKE_PREFIX_PATH=/home/jason/gxs/GXS_2024_VisionCode/install/qrmsg:/home/jason/Desktop/rm_vision/install/trajectory:/home/jason/Desktop/rm_vision/install/rm_vision_bringup:/home/jason/Desktop/rm_vision/install/rm_serial_driver:/home/jason/Desktop/rm_vision/install/rm_gimbal_description:/home/jason/Desktop/rm_vision/install/rm_auto_aim:/home/jason/Desktop/rm_vision/install/mindvision_camera:/home/jason/Desktop/rm_vision/install/armor_tracker:/home/jason/Desktop/rm_vision/install/armor_detector:/home/jason/Desktop/rm_vision/install/auto_aim_interfaces:/opt/ros/humble LD_LIBRARY_PATH=/home/jason/gxs/GXS_2024_VisionCode/install/qrmsg/lib:${LD_LIBRARY_PATH} PYTHONPATH=/home/jason/gxs/GXS_2024_VisionCode/install/qrmsg/local/lib/python3.10/dist-packages:${PYTHONPATH} /usr/bin/cmake --build /home/jason/gxs/GXS_2024_VisionCode/build/gxs_serial_driver -- -j16 -l16
[0.061s] [35m[1mConsolidate compiler generated dependencies of target gxs_serial_driver_node[0m
[0.061s] [35m[1mConsolidate compiler generated dependencies of target gxs_serial_driver[0m
[0.079s] [ 40%] Built target gxs_serial_driver_node
[0.089s] [100%] Built target gxs_serial_driver
[0.108s] Invoked command in '/home/jason/gxs/GXS_2024_VisionCode/build/gxs_serial_driver' returned '0': AMENT_PREFIX_PATH=/home/jason/gxs/GXS_2024_VisionCode/install/qrmsg:${AMENT_PREFIX_PATH} CMAKE_PREFIX_PATH=/home/jason/gxs/GXS_2024_VisionCode/install/qrmsg:/home/jason/Desktop/rm_vision/install/trajectory:/home/jason/Desktop/rm_vision/install/rm_vision_bringup:/home/jason/Desktop/rm_vision/install/rm_serial_driver:/home/jason/Desktop/rm_vision/install/rm_gimbal_description:/home/jason/Desktop/rm_vision/install/rm_auto_aim:/home/jason/Desktop/rm_vision/install/mindvision_camera:/home/jason/Desktop/rm_vision/install/armor_tracker:/home/jason/Desktop/rm_vision/install/armor_detector:/home/jason/Desktop/rm_vision/install/auto_aim_interfaces:/opt/ros/humble LD_LIBRARY_PATH=/home/jason/gxs/GXS_2024_VisionCode/install/qrmsg/lib:${LD_LIBRARY_PATH} PYTHONPATH=/home/jason/gxs/GXS_2024_VisionCode/install/qrmsg/local/lib/python3.10/dist-packages:${PYTHONPATH} /usr/bin/cmake --build /home/jason/gxs/GXS_2024_VisionCode/build/gxs_serial_driver -- -j16 -l16
[0.129s] Invoking command in '/home/jason/gxs/GXS_2024_VisionCode/build/gxs_serial_driver': AMENT_PREFIX_PATH=/home/jason/gxs/GXS_2024_VisionCode/install/qrmsg:${AMENT_PREFIX_PATH} CMAKE_PREFIX_PATH=/home/jason/gxs/GXS_2024_VisionCode/install/qrmsg:/home/jason/Desktop/rm_vision/install/trajectory:/home/jason/Desktop/rm_vision/install/rm_vision_bringup:/home/jason/Desktop/rm_vision/install/rm_serial_driver:/home/jason/Desktop/rm_vision/install/rm_gimbal_description:/home/jason/Desktop/rm_vision/install/rm_auto_aim:/home/jason/Desktop/rm_vision/install/mindvision_camera:/home/jason/Desktop/rm_vision/install/armor_tracker:/home/jason/Desktop/rm_vision/install/armor_detector:/home/jason/Desktop/rm_vision/install/auto_aim_interfaces:/opt/ros/humble LD_LIBRARY_PATH=/home/jason/gxs/GXS_2024_VisionCode/install/qrmsg/lib:${LD_LIBRARY_PATH} PYTHONPATH=/home/jason/gxs/GXS_2024_VisionCode/install/qrmsg/local/lib/python3.10/dist-packages:${PYTHONPATH} /usr/bin/cmake --install /home/jason/gxs/GXS_2024_VisionCode/build/gxs_serial_driver
[0.139s] -- Install configuration: ""
[0.139s] -- Installing: /home/jason/gxs/GXS_2024_VisionCode/install/gxs_serial_driver/lib/gxs_serial_driver/gxs_serial_driver_node
[0.142s] -- Set runtime path of "/home/jason/gxs/GXS_2024_VisionCode/install/gxs_serial_driver/lib/gxs_serial_driver/gxs_serial_driver_node" to ""
[0.142s] -- Installing: /home/jason/gxs/GXS_2024_VisionCode/install/gxs_serial_driver/include
[0.142s] -- Installing: /home/jason/gxs/GXS_2024_VisionCode/install/gxs_serial_driver/include/rm_serial_driver
[0.142s] -- Installing: /home/jason/gxs/GXS_2024_VisionCode/install/gxs_serial_driver/include/rm_serial_driver/rm_serial_driver.hpp
[0.142s] -- Installing: /home/jason/gxs/GXS_2024_VisionCode/install/gxs_serial_driver/include/rm_serial_driver/crc.hpp
[0.142s] -- Installing: /home/jason/gxs/GXS_2024_VisionCode/install/gxs_serial_driver/include/rm_serial_driver/packet.hpp
[0.142s] -- Installing: /home/jason/gxs/GXS_2024_VisionCode/install/gxs_serial_driver/share/gxs_serial_driver/environment/library_path.sh
[0.142s] -- Installing: /home/jason/gxs/GXS_2024_VisionCode/install/gxs_serial_driver/share/gxs_serial_driver/environment/library_path.dsv
[0.143s] -- Installing: /home/jason/gxs/GXS_2024_VisionCode/install/gxs_serial_driver/lib/libgxs_serial_driver.so
[0.149s] -- Set runtime path of "/home/jason/gxs/GXS_2024_VisionCode/install/gxs_serial_driver/lib/libgxs_serial_driver.so" to ""
[0.149s] -- Installing: /home/jason/gxs/GXS_2024_VisionCode/install/gxs_serial_driver/share/gxs_serial_driver/config
[0.149s] -- Installing: /home/jason/gxs/GXS_2024_VisionCode/install/gxs_serial_driver/share/gxs_serial_driver/config/serial_driver.yaml
[0.150s] -- Installing: /home/jason/gxs/GXS_2024_VisionCode/install/gxs_serial_driver/share/gxs_serial_driver/launch
[0.150s] -- Installing: /home/jason/gxs/GXS_2024_VisionCode/install/gxs_serial_driver/share/gxs_serial_driver/launch/serial_driver.launch.py
[0.150s] -- Installing: /home/jason/gxs/GXS_2024_VisionCode/install/gxs_serial_driver/share/ament_index/resource_index/package_run_dependencies/gxs_serial_driver
[0.150s] -- Installing: /home/jason/gxs/GXS_2024_VisionCode/install/gxs_serial_driver/share/ament_index/resource_index/parent_prefix_path/gxs_serial_driver
[0.150s] -- Installing: /home/jason/gxs/GXS_2024_VisionCode/install/gxs_serial_driver/share/gxs_serial_driver/environment/ament_prefix_path.sh
[0.150s] -- Installing: /home/jason/gxs/GXS_2024_VisionCode/install/gxs_serial_driver/share/gxs_serial_driver/environment/ament_prefix_path.dsv
[0.150s] -- Installing: /home/jason/gxs/GXS_2024_VisionCode/install/gxs_serial_driver/share/gxs_serial_driver/environment/path.sh
[0.150s] -- Installing: /home/jason/gxs/GXS_2024_VisionCode/install/gxs_serial_driver/share/gxs_serial_driver/environment/path.dsv
[0.150s] -- Installing: /home/jason/gxs/GXS_2024_VisionCode/install/gxs_serial_driver/share/gxs_serial_driver/local_setup.bash
[0.150s] -- Installing: /home/jason/gxs/GXS_2024_VisionCode/install/gxs_serial_driver/share/gxs_serial_driver/local_setup.sh
[0.150s] -- Installing: /home/jason/gxs/GXS_2024_VisionCode/install/gxs_serial_driver/share/gxs_serial_driver/local_setup.zsh
[0.150s] -- Installing: /home/jason/gxs/GXS_2024_VisionCode/install/gxs_serial_driver/share/gxs_serial_driver/local_setup.dsv
[0.150s] -- Installing: /home/jason/gxs/GXS_2024_VisionCode/install/gxs_serial_driver/share/gxs_serial_driver/package.dsv
[0.150s] -- Installing: /home/jason/gxs/GXS_2024_VisionCode/install/gxs_serial_driver/share/ament_index/resource_index/packages/gxs_serial_driver
[0.150s] -- Installing: /home/jason/gxs/GXS_2024_VisionCode/install/gxs_serial_driver/share/ament_index/resource_index/rclcpp_components/gxs_serial_driver
[0.151s] -- Installing: /home/jason/gxs/GXS_2024_VisionCode/install/gxs_serial_driver/share/gxs_serial_driver/cmake/ament_cmake_export_dependencies-extras.cmake
[0.151s] -- Installing: /home/jason/gxs/GXS_2024_VisionCode/install/gxs_serial_driver/share/gxs_serial_driver/cmake/ament_cmake_export_include_directories-extras.cmake
[0.151s] -- Installing: /home/jason/gxs/GXS_2024_VisionCode/install/gxs_serial_driver/share/gxs_serial_driver/cmake/ament_cmake_export_libraries-extras.cmake
[0.151s] -- Installing: /home/jason/gxs/GXS_2024_VisionCode/install/gxs_serial_driver/share/gxs_serial_driver/cmake/gxs_serial_driverConfig.cmake
[0.151s] -- Installing: /home/jason/gxs/GXS_2024_VisionCode/install/gxs_serial_driver/share/gxs_serial_driver/cmake/gxs_serial_driverConfig-version.cmake
[0.151s] -- Installing: /home/jason/gxs/GXS_2024_VisionCode/install/gxs_serial_driver/share/gxs_serial_driver/package.xml
[0.153s] Invoked command in '/home/jason/gxs/GXS_2024_VisionCode/build/gxs_serial_driver' returned '0': AMENT_PREFIX_PATH=/home/jason/gxs/GXS_2024_VisionCode/install/qrmsg:${AMENT_PREFIX_PATH} CMAKE_PREFIX_PATH=/home/jason/gxs/GXS_2024_VisionCode/install/qrmsg:/home/jason/Desktop/rm_vision/install/trajectory:/home/jason/Desktop/rm_vision/install/rm_vision_bringup:/home/jason/Desktop/rm_vision/install/rm_serial_driver:/home/jason/Desktop/rm_vision/install/rm_gimbal_description:/home/jason/Desktop/rm_vision/install/rm_auto_aim:/home/jason/Desktop/rm_vision/install/mindvision_camera:/home/jason/Desktop/rm_vision/install/armor_tracker:/home/jason/Desktop/rm_vision/install/armor_detector:/home/jason/Desktop/rm_vision/install/auto_aim_interfaces:/opt/ros/humble LD_LIBRARY_PATH=/home/jason/gxs/GXS_2024_VisionCode/install/qrmsg/lib:${LD_LIBRARY_PATH} PYTHONPATH=/home/jason/gxs/GXS_2024_VisionCode/install/qrmsg/local/lib/python3.10/dist-packages:${PYTHONPATH} /usr/bin/cmake --install /home/jason/gxs/GXS_2024_VisionCode/build/gxs_serial_driver
