[0.185s] DEBUG:colcon:Command line arguments: ['/usr/bin/colcon', 'build']
[0.185s] DEBUG:colcon:Parsed command line arguments: Namespace(log_base=None, log_level=None, verb_name='build', build_base='build', install_base='install', merge_install=False, symlink_install=False, test_result_base=None, continue_on_error=False, executor='parallel', parallel_workers=8, event_handlers=None, ignore_user_meta=False, metas=['./colcon.meta'], base_paths=['.'], packages_ignore=None, packages_ignore_regex=None, paths=None, packages_up_to=None, packages_up_to_regex=None, packages_above=None, packages_above_and_dependencies=None, packages_above_depth=None, packages_select_by_dep=None, packages_skip_by_dep=None, packages_skip_up_to=None, packages_select_build_failed=False, packages_skip_build_finished=False, packages_select_test_failures=False, packages_skip_test_passed=False, packages_select=None, packages_skip=None, packages_select_regex=None, packages_skip_regex=None, packages_start=None, packages_end=None, allow_overriding=[], cmake_args=None, cmake_target=None, cmake_target_skip_unavailable=False, cmake_clean_cache=False, cmake_clean_first=False, cmake_force_configure=False, ament_cmake_args=None, catkin_cmake_args=None, catkin_skip_building_tests=False, verb_parser=<colcon_defaults.argument_parser.defaults.DefaultArgumentsDecorator object at 0x7f9641e7f100>, verb_extension=<colcon_core.verb.build.BuildVerb object at 0x7f9641e7ecb0>, main=<bound method BuildVerb.main of <colcon_core.verb.build.BuildVerb object at 0x7f9641e7ecb0>>)
[0.339s] Level 1:colcon.colcon_core.package_discovery:discover_packages(colcon_meta) check parameters
[0.339s] Level 1:colcon.colcon_core.package_discovery:discover_packages(recursive) check parameters
[0.339s] Level 1:colcon.colcon_core.package_discovery:discover_packages(ignore) check parameters
[0.339s] Level 1:colcon.colcon_core.package_discovery:discover_packages(path) check parameters
[0.339s] Level 1:colcon.colcon_core.package_discovery:discover_packages(colcon_meta) discover
[0.339s] Level 1:colcon.colcon_core.package_discovery:discover_packages(recursive) discover
[0.340s] INFO:colcon.colcon_core.package_discovery:Crawling recursively for packages in '/home/minehill/GXS_VisionData/src'
[0.340s] Level 1:colcon.colcon_core.package_identification:_identify(.) by extensions ['ignore', 'ignore_ament_install']
[0.340s] Level 1:colcon.colcon_core.package_identification:_identify(.) by extension 'ignore'
[0.340s] Level 1:colcon.colcon_core.package_identification:_identify(.) by extension 'ignore_ament_install'
[0.340s] Level 1:colcon.colcon_core.package_identification:_identify(.) by extensions ['colcon_pkg']
[0.340s] Level 1:colcon.colcon_core.package_identification:_identify(.) by extension 'colcon_pkg'
[0.340s] Level 1:colcon.colcon_core.package_identification:_identify(.) by extensions ['colcon_meta']
[0.340s] Level 1:colcon.colcon_core.package_identification:_identify(.) by extension 'colcon_meta'
[0.340s] Level 1:colcon.colcon_core.package_identification:_identify(.) by extensions ['ros']
[0.340s] Level 1:colcon.colcon_core.package_identification:_identify(.) by extension 'ros'
[0.352s] Level 1:colcon.colcon_core.package_identification:_identify(.) by extensions ['cmake', 'python']
[0.353s] Level 1:colcon.colcon_core.package_identification:_identify(.) by extension 'cmake'
[0.353s] Level 1:colcon.colcon_core.package_identification:_identify(.) by extension 'python'
[0.353s] Level 1:colcon.colcon_core.package_identification:_identify(.) by extensions ['python_setup_py']
[0.353s] Level 1:colcon.colcon_core.package_identification:_identify(.) by extension 'python_setup_py'
[0.353s] Level 1:colcon.colcon_core.package_identification:_identify(adjust) by extensions ['ignore', 'ignore_ament_install']
[0.353s] Level 1:colcon.colcon_core.package_identification:_identify(adjust) by extension 'ignore'
[0.353s] Level 1:colcon.colcon_core.package_identification:_identify(adjust) by extension 'ignore_ament_install'
[0.353s] Level 1:colcon.colcon_core.package_identification:_identify(adjust) by extensions ['colcon_pkg']
[0.353s] Level 1:colcon.colcon_core.package_identification:_identify(adjust) by extension 'colcon_pkg'
[0.354s] Level 1:colcon.colcon_core.package_identification:_identify(adjust) by extensions ['colcon_meta']
[0.354s] Level 1:colcon.colcon_core.package_identification:_identify(adjust) by extension 'colcon_meta'
[0.354s] Level 1:colcon.colcon_core.package_identification:_identify(adjust) by extensions ['ros']
[0.354s] Level 1:colcon.colcon_core.package_identification:_identify(adjust) by extension 'ros'
[0.356s] DEBUG:colcon.colcon_core.package_identification:Package 'adjust' with type 'ros.ament_cmake' and name 'vedio'
[0.356s] Level 1:colcon.colcon_core.package_identification:_identify(block_detector) by extensions ['ignore', 'ignore_ament_install']
[0.356s] Level 1:colcon.colcon_core.package_identification:_identify(block_detector) by extension 'ignore'
[0.356s] Level 1:colcon.colcon_core.package_identification:_identify(block_detector) by extension 'ignore_ament_install'
[0.356s] Level 1:colcon.colcon_core.package_identification:_identify(block_detector) by extensions ['colcon_pkg']
[0.356s] Level 1:colcon.colcon_core.package_identification:_identify(block_detector) by extension 'colcon_pkg'
[0.357s] Level 1:colcon.colcon_core.package_identification:_identify(block_detector) by extensions ['colcon_meta']
[0.357s] Level 1:colcon.colcon_core.package_identification:_identify(block_detector) by extension 'colcon_meta'
[0.357s] Level 1:colcon.colcon_core.package_identification:_identify(block_detector) by extensions ['ros']
[0.357s] Level 1:colcon.colcon_core.package_identification:_identify(block_detector) by extension 'ros'
[0.357s] Level 1:colcon.colcon_core.package_identification:_identify(block_detector) by extensions ['cmake', 'python']
[0.357s] Level 1:colcon.colcon_core.package_identification:_identify(block_detector) by extension 'cmake'
[0.357s] Level 1:colcon.colcon_core.package_identification:_identify(block_detector) by extension 'python'
[0.357s] Level 1:colcon.colcon_core.package_identification:_identify(block_detector) by extensions ['python_setup_py']
[0.357s] Level 1:colcon.colcon_core.package_identification:_identify(block_detector) by extension 'python_setup_py'
[0.357s] Level 1:colcon.colcon_core.package_identification:_identify(build) by extensions ['ignore', 'ignore_ament_install']
[0.357s] Level 1:colcon.colcon_core.package_identification:_identify(build) by extension 'ignore'
[0.357s] Level 1:colcon.colcon_core.package_identification:_identify(build) ignored
[0.357s] Level 1:colcon.colcon_core.package_identification:_identify(install) by extensions ['ignore', 'ignore_ament_install']
[0.358s] Level 1:colcon.colcon_core.package_identification:_identify(install) by extension 'ignore'
[0.358s] Level 1:colcon.colcon_core.package_identification:_identify(install) ignored
[0.358s] Level 1:colcon.colcon_core.package_identification:_identify(log) by extensions ['ignore', 'ignore_ament_install']
[0.358s] Level 1:colcon.colcon_core.package_identification:_identify(log) by extension 'ignore'
[0.358s] Level 1:colcon.colcon_core.package_identification:_identify(log) ignored
[0.358s] Level 1:colcon.colcon_core.package_discovery:discover_packages(recursive) using defaults
[0.358s] Level 1:colcon.colcon_core.package_discovery:discover_packages(ignore) discover
[0.358s] Level 1:colcon.colcon_core.package_discovery:discover_packages(ignore) using defaults
[0.358s] Level 1:colcon.colcon_core.package_discovery:discover_packages(path) discover
[0.358s] Level 1:colcon.colcon_core.package_discovery:discover_packages(path) using defaults
[0.379s] Level 1:colcon.colcon_core.package_discovery:discover_packages(prefix_path) check parameters
[0.379s] Level 1:colcon.colcon_core.package_discovery:discover_packages(prefix_path) discover
[0.380s] WARNING:colcon.colcon_ros.prefix_path.ament:The path '/home/minehill/RCS_VisionTrain/src/install/vedio' in the environment variable AMENT_PREFIX_PATH doesn't exist
[0.380s] WARNING:colcon.colcon_ros.prefix_path.catkin:The path '/home/minehill/RCS_VisionTrain/src/install/vedio' in the environment variable CMAKE_PREFIX_PATH doesn't exist
[0.381s] DEBUG:colcon.colcon_installed_package_information.package_discovery:Found 1 installed packages in /home/minehill/RCS_VisionTrain/src/install
[0.382s] DEBUG:colcon.colcon_installed_package_information.package_discovery:Found 270 installed packages in /opt/ros/humble
[0.383s] Level 1:colcon.colcon_core.package_discovery:discover_packages(prefix_path) using defaults
[0.434s] Level 5:colcon.colcon_core.verb:set package 'vedio' build argument 'cmake_args' from command line to 'None'
[0.435s] Level 5:colcon.colcon_core.verb:set package 'vedio' build argument 'cmake_target' from command line to 'None'
[0.435s] Level 5:colcon.colcon_core.verb:set package 'vedio' build argument 'cmake_target_skip_unavailable' from command line to 'False'
[0.435s] Level 5:colcon.colcon_core.verb:set package 'vedio' build argument 'cmake_clean_cache' from command line to 'False'
[0.435s] Level 5:colcon.colcon_core.verb:set package 'vedio' build argument 'cmake_clean_first' from command line to 'False'
[0.435s] Level 5:colcon.colcon_core.verb:set package 'vedio' build argument 'cmake_force_configure' from command line to 'False'
[0.435s] Level 5:colcon.colcon_core.verb:set package 'vedio' build argument 'ament_cmake_args' from command line to 'None'
[0.435s] Level 5:colcon.colcon_core.verb:set package 'vedio' build argument 'catkin_cmake_args' from command line to 'None'
[0.435s] Level 5:colcon.colcon_core.verb:set package 'vedio' build argument 'catkin_skip_building_tests' from command line to 'False'
[0.435s] DEBUG:colcon.colcon_core.verb:Building package 'vedio' with the following arguments: {'ament_cmake_args': None, 'build_base': '/home/minehill/GXS_VisionData/src/build/vedio', 'catkin_cmake_args': None, 'catkin_skip_building_tests': False, 'cmake_args': None, 'cmake_clean_cache': False, 'cmake_clean_first': False, 'cmake_force_configure': False, 'cmake_target': None, 'cmake_target_skip_unavailable': False, 'install_base': '/home/minehill/GXS_VisionData/src/install/vedio', 'merge_install': False, 'path': '/home/minehill/GXS_VisionData/src/adjust', 'symlink_install': False, 'test_result_base': None}
[0.435s] INFO:colcon.colcon_core.executor:Executing jobs using 'parallel' executor
[0.438s] DEBUG:colcon.colcon_parallel_executor.executor.parallel:run_until_complete
[0.438s] INFO:colcon.colcon_ros.task.ament_cmake.build:Building ROS package in '/home/minehill/GXS_VisionData/src/adjust' with build type 'ament_cmake'
[0.438s] INFO:colcon.colcon_cmake.task.cmake.build:Building CMake package in '/home/minehill/GXS_VisionData/src/adjust'
[0.441s] INFO:colcon.colcon_core.plugin_system:Skipping extension 'colcon_core.shell.bat': Not used on non-Windows systems
[0.441s] INFO:colcon.colcon_core.shell:Skip shell extension 'powershell' for command environment: Not usable outside of PowerShell
[0.441s] DEBUG:colcon.colcon_core.shell:Skip shell extension 'dsv' for command environment
[0.452s] DEBUG:colcon.colcon_core.event_handler.log_command:Invoking command in '/home/minehill/GXS_VisionData/src/build/vedio': CMAKE_PREFIX_PATH=${CMAKE_PREFIX_PATH}:/opt/ros/humble /usr/bin/cmake /home/minehill/GXS_VisionData/src/adjust -DCMAKE_INSTALL_PREFIX=/home/minehill/GXS_VisionData/src/install/vedio
[10.504s] DEBUG:colcon.colcon_core.event_handler.log_command:Invoked command in '/home/minehill/GXS_VisionData/src/build/vedio' returned '1': CMAKE_PREFIX_PATH=${CMAKE_PREFIX_PATH}:/opt/ros/humble /usr/bin/cmake /home/minehill/GXS_VisionData/src/adjust -DCMAKE_INSTALL_PREFIX=/home/minehill/GXS_VisionData/src/install/vedio
[10.516s] Level 1:colcon.colcon_core.environment:create_environment_scripts_only(vedio)
[10.518s] Level 1:colcon.colcon_core.environment:checking '/home/minehill/GXS_VisionData/src/install/vedio' for CMake module files
[10.518s] Level 1:colcon.colcon_core.environment:checking '/home/minehill/GXS_VisionData/src/install/vedio' for CMake config files
[10.519s] Level 1:colcon.colcon_core.environment:checking '/home/minehill/GXS_VisionData/src/install/vedio/bin'
[10.519s] Level 1:colcon.colcon_core.environment:checking '/home/minehill/GXS_VisionData/src/install/vedio/lib/pkgconfig/vedio.pc'
[10.520s] Level 1:colcon.colcon_core.environment:checking '/home/minehill/GXS_VisionData/src/install/vedio/lib/python3.10/site-packages'
[10.520s] Level 1:colcon.colcon_core.environment:checking '/home/minehill/GXS_VisionData/src/install/vedio/bin'
[10.521s] INFO:colcon.colcon_core.shell:Creating package script '/home/minehill/GXS_VisionData/src/install/vedio/share/vedio/package.ps1'
[10.522s] INFO:colcon.colcon_core.shell:Creating package descriptor '/home/minehill/GXS_VisionData/src/install/vedio/share/vedio/package.dsv'
[10.523s] INFO:colcon.colcon_core.shell:Creating package script '/home/minehill/GXS_VisionData/src/install/vedio/share/vedio/package.sh'
[10.523s] INFO:colcon.colcon_core.shell:Creating package script '/home/minehill/GXS_VisionData/src/install/vedio/share/vedio/package.bash'
[10.524s] INFO:colcon.colcon_core.shell:Creating package script '/home/minehill/GXS_VisionData/src/install/vedio/share/vedio/package.zsh'
[10.525s] Level 1:colcon.colcon_core.environment:create_file_with_runtime_dependencies(/home/minehill/GXS_VisionData/src/install/vedio/share/colcon-core/packages/vedio)
[10.536s] DEBUG:colcon.colcon_parallel_executor.executor.parallel:closing loop
[10.537s] DEBUG:colcon.colcon_parallel_executor.executor.parallel:loop closed
[10.537s] DEBUG:colcon.colcon_parallel_executor.executor.parallel:run_until_complete finished with '1'
[10.537s] DEBUG:colcon.colcon_core.event_reactor:joining thread
[10.602s] INFO:colcon.colcon_core.plugin_system:Skipping extension 'colcon_notification.desktop_notification.notify_send': Could not find 'notify-send'
[10.602s] INFO:colcon.colcon_core.plugin_system:Skipping extension 'colcon_notification.desktop_notification.terminal_notifier': Not used on non-Darwin systems
[10.602s] INFO:colcon.colcon_core.plugin_system:Skipping extension 'colcon_notification.desktop_notification.win32': Not used on non-Windows systems
[10.602s] INFO:colcon.colcon_notification.desktop_notification:Sending desktop notification using 'notify2'
[10.604s] DEBUG:colcon.colcon_notification.desktop_notification.notify2:Failed to initialize notify2: org.freedesktop.DBus.Error.ServiceUnknown: The name org.freedesktop.Notifications was not provided by any .service files
[10.604s] DEBUG:colcon.colcon_core.event_reactor:joined thread
[10.605s] INFO:colcon.colcon_core.shell:Creating prefix script '/home/minehill/GXS_VisionData/src/install/local_setup.ps1'
[10.606s] INFO:colcon.colcon_core.shell:Creating prefix util module '/home/minehill/GXS_VisionData/src/install/_local_setup_util_ps1.py'
[10.608s] INFO:colcon.colcon_core.shell:Creating prefix chain script '/home/minehill/GXS_VisionData/src/install/setup.ps1'
[10.609s] INFO:colcon.colcon_core.shell:Creating prefix script '/home/minehill/GXS_VisionData/src/install/local_setup.sh'
[10.610s] INFO:colcon.colcon_core.shell:Creating prefix util module '/home/minehill/GXS_VisionData/src/install/_local_setup_util_sh.py'
[10.611s] INFO:colcon.colcon_core.shell:Creating prefix chain script '/home/minehill/GXS_VisionData/src/install/setup.sh'
[10.612s] INFO:colcon.colcon_core.shell:Creating prefix script '/home/minehill/GXS_VisionData/src/install/local_setup.bash'
[10.613s] INFO:colcon.colcon_core.shell:Creating prefix chain script '/home/minehill/GXS_VisionData/src/install/setup.bash'
[10.614s] INFO:colcon.colcon_core.shell:Creating prefix script '/home/minehill/GXS_VisionData/src/install/local_setup.zsh'
[10.615s] INFO:colcon.colcon_core.shell:Creating prefix chain script '/home/minehill/GXS_VisionData/src/install/setup.zsh'
