[  2%] Built target qrmsg__cpp
[ 12%] Built target qrmsg__rosidl_generator_c
[ 12%] Built target ament_cmake_python_copy_qrmsg
[ 23%] Built target qrmsg__rosidl_typesupport_cpp
[ 33%] Built target qrmsg__rosidl_typesupport_c
[ 43%] Built target qrmsg__rosidl_typesupport_introspection_cpp
[ 53%] Built target qrmsg__rosidl_typesupport_fastrtps_c
[ 64%] Built target qrmsg__rosidl_typesupport_introspection_c
[ 74%] Built target qrmsg__rosidl_typesupport_fastrtps_cpp
[ 74%] Built target qrmsg
[ 76%] Built target qrmsg__py
[ 84%] Built target qrmsg__rosidl_generator_py
[ 89%] Built target qrmsg__rosidl_typesupport_introspection_c__pyext
[ 94%] Built target qrmsg__rosidl_typesupport_fastrtps_c__pyext
[100%] Built target qrmsg__rosidl_typesupport_c__pyext
running egg_info
writing qrmsg.egg-info/PKG-INFO
writing dependency_links to qrmsg.egg-info/dependency_links.txt
writing top-level names to qrmsg.egg-info/top_level.txt
reading manifest file 'qrmsg.egg-info/SOURCES.txt'
writing manifest file 'qrmsg.egg-info/SOURCES.txt'
[100%] Built target ament_cmake_python_build_qrmsg_egg
-- Install configuration: ""
-- Up-to-date: /home/jason/gxs/GXS_2024_VisionCode/install/qrmsg/share/ament_index/resource_index/rosidl_interfaces/qrmsg
-- Up-to-date: /home/jason/gxs/GXS_2024_VisionCode/install/qrmsg/include/qrmsg/qrmsg
-- Up-to-date: /home/jason/gxs/GXS_2024_VisionCode/install/qrmsg/include/qrmsg/qrmsg/msg
-- Up-to-date: /home/jason/gxs/GXS_2024_VisionCode/install/qrmsg/include/qrmsg/qrmsg/msg/detail
-- Up-to-date: /home/jason/gxs/GXS_2024_VisionCode/install/qrmsg/include/qrmsg/qrmsg/msg/detail/qr__functions.h
-- Up-to-date: /home/jason/gxs/GXS_2024_VisionCode/install/qrmsg/include/qrmsg/qrmsg/msg/detail/qr__functions.c
-- Up-to-date: /home/jason/gxs/GXS_2024_VisionCode/install/qrmsg/include/qrmsg/qrmsg/msg/detail/qr__type_support.h
-- Up-to-date: /home/jason/gxs/GXS_2024_VisionCode/install/qrmsg/include/qrmsg/qrmsg/msg/detail/qr__struct.h
-- Up-to-date: /home/jason/gxs/GXS_2024_VisionCode/install/qrmsg/include/qrmsg/qrmsg/msg/rosidl_generator_c__visibility_control.h
-- Up-to-date: /home/jason/gxs/GXS_2024_VisionCode/install/qrmsg/include/qrmsg/qrmsg/msg/qr.h
-- Up-to-date: /home/jason/gxs/GXS_2024_VisionCode/install/qrmsg/include/qrmsg/qrmsg/srv
-- Up-to-date: /home/jason/gxs/GXS_2024_VisionCode/install/qrmsg/include/qrmsg/qrmsg/srv/detail
-- Up-to-date: /home/jason/gxs/GXS_2024_VisionCode/install/qrmsg/include/qrmsg/qrmsg/srv/detail/qr__functions.h
-- Up-to-date: /home/jason/gxs/GXS_2024_VisionCode/install/qrmsg/include/qrmsg/qrmsg/srv/detail/qr__functions.c
-- Up-to-date: /home/jason/gxs/GXS_2024_VisionCode/install/qrmsg/include/qrmsg/qrmsg/srv/detail/qr__type_support.h
-- Up-to-date: /home/jason/gxs/GXS_2024_VisionCode/install/qrmsg/include/qrmsg/qrmsg/srv/detail/qr__struct.h
-- Up-to-date: /home/jason/gxs/GXS_2024_VisionCode/install/qrmsg/include/qrmsg/qrmsg/srv/qr.h
-- Up-to-date: /home/jason/gxs/GXS_2024_VisionCode/install/qrmsg/share/qrmsg/environment/library_path.sh
-- Up-to-date: /home/jason/gxs/GXS_2024_VisionCode/install/qrmsg/share/qrmsg/environment/library_path.dsv
-- Up-to-date: /home/jason/gxs/GXS_2024_VisionCode/install/qrmsg/lib/libqrmsg__rosidl_generator_c.so
-- Up-to-date: /home/jason/gxs/GXS_2024_VisionCode/install/qrmsg/include/qrmsg/qrmsg
-- Up-to-date: /home/jason/gxs/GXS_2024_VisionCode/install/qrmsg/include/qrmsg/qrmsg/msg
-- Up-to-date: /home/jason/gxs/GXS_2024_VisionCode/install/qrmsg/include/qrmsg/qrmsg/msg/detail
-- Up-to-date: /home/jason/gxs/GXS_2024_VisionCode/install/qrmsg/include/qrmsg/qrmsg/msg/detail/qr__rosidl_typesupport_fastrtps_c.h
-- Up-to-date: /home/jason/gxs/GXS_2024_VisionCode/install/qrmsg/include/qrmsg/qrmsg/msg/rosidl_typesupport_fastrtps_c__visibility_control.h
-- Up-to-date: /home/jason/gxs/GXS_2024_VisionCode/install/qrmsg/include/qrmsg/qrmsg/srv
-- Up-to-date: /home/jason/gxs/GXS_2024_VisionCode/install/qrmsg/include/qrmsg/qrmsg/srv/detail
-- Up-to-date: /home/jason/gxs/GXS_2024_VisionCode/install/qrmsg/include/qrmsg/qrmsg/srv/detail/qr__rosidl_typesupport_fastrtps_c.h
-- Up-to-date: /home/jason/gxs/GXS_2024_VisionCode/install/qrmsg/lib/libqrmsg__rosidl_typesupport_fastrtps_c.so
-- Up-to-date: /home/jason/gxs/GXS_2024_VisionCode/install/qrmsg/include/qrmsg/qrmsg
-- Up-to-date: /home/jason/gxs/GXS_2024_VisionCode/install/qrmsg/include/qrmsg/qrmsg/msg
-- Up-to-date: /home/jason/gxs/GXS_2024_VisionCode/install/qrmsg/include/qrmsg/qrmsg/msg/detail
-- Up-to-date: /home/jason/gxs/GXS_2024_VisionCode/install/qrmsg/include/qrmsg/qrmsg/msg/detail/qr__rosidl_typesupport_introspection_c.h
-- Up-to-date: /home/jason/gxs/GXS_2024_VisionCode/install/qrmsg/include/qrmsg/qrmsg/msg/detail/qr__type_support.c
-- Up-to-date: /home/jason/gxs/GXS_2024_VisionCode/install/qrmsg/include/qrmsg/qrmsg/msg/rosidl_typesupport_introspection_c__visibility_control.h
-- Up-to-date: /home/jason/gxs/GXS_2024_VisionCode/install/qrmsg/include/qrmsg/qrmsg/srv
-- Up-to-date: /home/jason/gxs/GXS_2024_VisionCode/install/qrmsg/include/qrmsg/qrmsg/srv/detail
-- Up-to-date: /home/jason/gxs/GXS_2024_VisionCode/install/qrmsg/include/qrmsg/qrmsg/srv/detail/qr__rosidl_typesupport_introspection_c.h
-- Up-to-date: /home/jason/gxs/GXS_2024_VisionCode/install/qrmsg/include/qrmsg/qrmsg/srv/detail/qr__type_support.c
-- Up-to-date: /home/jason/gxs/GXS_2024_VisionCode/install/qrmsg/lib/libqrmsg__rosidl_typesupport_introspection_c.so
-- Up-to-date: /home/jason/gxs/GXS_2024_VisionCode/install/qrmsg/lib/libqrmsg__rosidl_typesupport_c.so
-- Up-to-date: /home/jason/gxs/GXS_2024_VisionCode/install/qrmsg/include/qrmsg/qrmsg
-- Up-to-date: /home/jason/gxs/GXS_2024_VisionCode/install/qrmsg/include/qrmsg/qrmsg/msg
-- Up-to-date: /home/jason/gxs/GXS_2024_VisionCode/install/qrmsg/include/qrmsg/qrmsg/msg/qr.hpp
-- Up-to-date: /home/jason/gxs/GXS_2024_VisionCode/install/qrmsg/include/qrmsg/qrmsg/msg/detail
-- Up-to-date: /home/jason/gxs/GXS_2024_VisionCode/install/qrmsg/include/qrmsg/qrmsg/msg/detail/qr__traits.hpp
-- Up-to-date: /home/jason/gxs/GXS_2024_VisionCode/install/qrmsg/include/qrmsg/qrmsg/msg/detail/qr__builder.hpp
-- Up-to-date: /home/jason/gxs/GXS_2024_VisionCode/install/qrmsg/include/qrmsg/qrmsg/msg/detail/qr__struct.hpp
-- Up-to-date: /home/jason/gxs/GXS_2024_VisionCode/install/qrmsg/include/qrmsg/qrmsg/srv
-- Up-to-date: /home/jason/gxs/GXS_2024_VisionCode/install/qrmsg/include/qrmsg/qrmsg/srv/qr.hpp
-- Up-to-date: /home/jason/gxs/GXS_2024_VisionCode/install/qrmsg/include/qrmsg/qrmsg/srv/detail
-- Up-to-date: /home/jason/gxs/GXS_2024_VisionCode/install/qrmsg/include/qrmsg/qrmsg/srv/detail/qr__traits.hpp
-- Up-to-date: /home/jason/gxs/GXS_2024_VisionCode/install/qrmsg/include/qrmsg/qrmsg/srv/detail/qr__builder.hpp
-- Up-to-date: /home/jason/gxs/GXS_2024_VisionCode/install/qrmsg/include/qrmsg/qrmsg/srv/detail/qr__struct.hpp
-- Up-to-date: /home/jason/gxs/GXS_2024_VisionCode/install/qrmsg/include/qrmsg/qrmsg
-- Up-to-date: /home/jason/gxs/GXS_2024_VisionCode/install/qrmsg/include/qrmsg/qrmsg/msg
-- Up-to-date: /home/jason/gxs/GXS_2024_VisionCode/install/qrmsg/include/qrmsg/qrmsg/msg/detail
-- Up-to-date: /home/jason/gxs/GXS_2024_VisionCode/install/qrmsg/include/qrmsg/qrmsg/msg/detail/dds_fastrtps
-- Up-to-date: /home/jason/gxs/GXS_2024_VisionCode/install/qrmsg/include/qrmsg/qrmsg/msg/detail/qr__rosidl_typesupport_fastrtps_cpp.hpp
-- Up-to-date: /home/jason/gxs/GXS_2024_VisionCode/install/qrmsg/include/qrmsg/qrmsg/msg/rosidl_typesupport_fastrtps_cpp__visibility_control.h
-- Up-to-date: /home/jason/gxs/GXS_2024_VisionCode/install/qrmsg/include/qrmsg/qrmsg/srv
-- Up-to-date: /home/jason/gxs/GXS_2024_VisionCode/install/qrmsg/include/qrmsg/qrmsg/srv/detail
-- Up-to-date: /home/jason/gxs/GXS_2024_VisionCode/install/qrmsg/include/qrmsg/qrmsg/srv/detail/dds_fastrtps
-- Up-to-date: /home/jason/gxs/GXS_2024_VisionCode/install/qrmsg/include/qrmsg/qrmsg/srv/detail/qr__rosidl_typesupport_fastrtps_cpp.hpp
-- Up-to-date: /home/jason/gxs/GXS_2024_VisionCode/install/qrmsg/lib/libqrmsg__rosidl_typesupport_fastrtps_cpp.so
-- Up-to-date: /home/jason/gxs/GXS_2024_VisionCode/install/qrmsg/include/qrmsg/qrmsg
-- Up-to-date: /home/jason/gxs/GXS_2024_VisionCode/install/qrmsg/include/qrmsg/qrmsg/msg
-- Up-to-date: /home/jason/gxs/GXS_2024_VisionCode/install/qrmsg/include/qrmsg/qrmsg/msg/detail
-- Up-to-date: /home/jason/gxs/GXS_2024_VisionCode/install/qrmsg/include/qrmsg/qrmsg/msg/detail/qr__type_support.cpp
-- Up-to-date: /home/jason/gxs/GXS_2024_VisionCode/install/qrmsg/include/qrmsg/qrmsg/msg/detail/qr__rosidl_typesupport_introspection_cpp.hpp
-- Up-to-date: /home/jason/gxs/GXS_2024_VisionCode/install/qrmsg/include/qrmsg/qrmsg/srv
-- Up-to-date: /home/jason/gxs/GXS_2024_VisionCode/install/qrmsg/include/qrmsg/qrmsg/srv/detail
-- Up-to-date: /home/jason/gxs/GXS_2024_VisionCode/install/qrmsg/include/qrmsg/qrmsg/srv/detail/qr__type_support.cpp
-- Up-to-date: /home/jason/gxs/GXS_2024_VisionCode/install/qrmsg/include/qrmsg/qrmsg/srv/detail/qr__rosidl_typesupport_introspection_cpp.hpp
-- Up-to-date: /home/jason/gxs/GXS_2024_VisionCode/install/qrmsg/lib/libqrmsg__rosidl_typesupport_introspection_cpp.so
-- Up-to-date: /home/jason/gxs/GXS_2024_VisionCode/install/qrmsg/lib/libqrmsg__rosidl_typesupport_cpp.so
-- Up-to-date: /home/jason/gxs/GXS_2024_VisionCode/install/qrmsg/share/qrmsg/environment/pythonpath.sh
-- Up-to-date: /home/jason/gxs/GXS_2024_VisionCode/install/qrmsg/share/qrmsg/environment/pythonpath.dsv
-- Up-to-date: /home/jason/gxs/GXS_2024_VisionCode/install/qrmsg/local/lib/python3.10/dist-packages/qrmsg-0.0.0-py3.10.egg-info
-- Installing: /home/jason/gxs/GXS_2024_VisionCode/install/qrmsg/local/lib/python3.10/dist-packages/qrmsg-0.0.0-py3.10.egg-info/PKG-INFO
-- Installing: /home/jason/gxs/GXS_2024_VisionCode/install/qrmsg/local/lib/python3.10/dist-packages/qrmsg-0.0.0-py3.10.egg-info/SOURCES.txt
-- Installing: /home/jason/gxs/GXS_2024_VisionCode/install/qrmsg/local/lib/python3.10/dist-packages/qrmsg-0.0.0-py3.10.egg-info/top_level.txt
-- Installing: /home/jason/gxs/GXS_2024_VisionCode/install/qrmsg/local/lib/python3.10/dist-packages/qrmsg-0.0.0-py3.10.egg-info/dependency_links.txt
-- Up-to-date: /home/jason/gxs/GXS_2024_VisionCode/install/qrmsg/local/lib/python3.10/dist-packages/qrmsg
-- Up-to-date: /home/jason/gxs/GXS_2024_VisionCode/install/qrmsg/local/lib/python3.10/dist-packages/qrmsg/msg
-- Up-to-date: /home/jason/gxs/GXS_2024_VisionCode/install/qrmsg/local/lib/python3.10/dist-packages/qrmsg/msg/_qr_s.c
-- Up-to-date: /home/jason/gxs/GXS_2024_VisionCode/install/qrmsg/local/lib/python3.10/dist-packages/qrmsg/msg/__init__.py
-- Up-to-date: /home/jason/gxs/GXS_2024_VisionCode/install/qrmsg/local/lib/python3.10/dist-packages/qrmsg/msg/_qr.py
-- Up-to-date: /home/jason/gxs/GXS_2024_VisionCode/install/qrmsg/local/lib/python3.10/dist-packages/qrmsg/qrmsg_s__rosidl_typesupport_c.cpython-310-x86_64-linux-gnu.so
-- Up-to-date: /home/jason/gxs/GXS_2024_VisionCode/install/qrmsg/local/lib/python3.10/dist-packages/qrmsg/_qrmsg_s.ep.rosidl_typesupport_introspection_c.c
-- Up-to-date: /home/jason/gxs/GXS_2024_VisionCode/install/qrmsg/local/lib/python3.10/dist-packages/qrmsg/__init__.py
-- Up-to-date: /home/jason/gxs/GXS_2024_VisionCode/install/qrmsg/local/lib/python3.10/dist-packages/qrmsg/srv
-- Up-to-date: /home/jason/gxs/GXS_2024_VisionCode/install/qrmsg/local/lib/python3.10/dist-packages/qrmsg/srv/_qr_s.c
-- Up-to-date: /home/jason/gxs/GXS_2024_VisionCode/install/qrmsg/local/lib/python3.10/dist-packages/qrmsg/srv/__init__.py
-- Up-to-date: /home/jason/gxs/GXS_2024_VisionCode/install/qrmsg/local/lib/python3.10/dist-packages/qrmsg/srv/_qr.py
-- Up-to-date: /home/jason/gxs/GXS_2024_VisionCode/install/qrmsg/local/lib/python3.10/dist-packages/qrmsg/qrmsg_s__rosidl_typesupport_introspection_c.cpython-310-x86_64-linux-gnu.so
-- Up-to-date: /home/jason/gxs/GXS_2024_VisionCode/install/qrmsg/local/lib/python3.10/dist-packages/qrmsg/_qrmsg_s.ep.rosidl_typesupport_c.c
-- Up-to-date: /home/jason/gxs/GXS_2024_VisionCode/install/qrmsg/local/lib/python3.10/dist-packages/qrmsg/qrmsg_s__rosidl_typesupport_fastrtps_c.cpython-310-x86_64-linux-gnu.so
-- Up-to-date: /home/jason/gxs/GXS_2024_VisionCode/install/qrmsg/local/lib/python3.10/dist-packages/qrmsg/libqrmsg__rosidl_generator_py.so
-- Up-to-date: /home/jason/gxs/GXS_2024_VisionCode/install/qrmsg/local/lib/python3.10/dist-packages/qrmsg/_qrmsg_s.ep.rosidl_typesupport_fastrtps_c.c
Listing '/home/jason/gxs/GXS_2024_VisionCode/install/qrmsg/local/lib/python3.10/dist-packages/qrmsg'...
Listing '/home/jason/gxs/GXS_2024_VisionCode/install/qrmsg/local/lib/python3.10/dist-packages/qrmsg/msg'...
Listing '/home/jason/gxs/GXS_2024_VisionCode/install/qrmsg/local/lib/python3.10/dist-packages/qrmsg/srv'...
-- Up-to-date: /home/jason/gxs/GXS_2024_VisionCode/install/qrmsg/local/lib/python3.10/dist-packages/qrmsg/qrmsg_s__rosidl_typesupport_fastrtps_c.cpython-310-x86_64-linux-gnu.so
-- Up-to-date: /home/jason/gxs/GXS_2024_VisionCode/install/qrmsg/local/lib/python3.10/dist-packages/qrmsg/qrmsg_s__rosidl_typesupport_introspection_c.cpython-310-x86_64-linux-gnu.so
-- Up-to-date: /home/jason/gxs/GXS_2024_VisionCode/install/qrmsg/local/lib/python3.10/dist-packages/qrmsg/qrmsg_s__rosidl_typesupport_c.cpython-310-x86_64-linux-gnu.so
-- Up-to-date: /home/jason/gxs/GXS_2024_VisionCode/install/qrmsg/lib/libqrmsg__rosidl_generator_py.so
-- Up-to-date: /home/jason/gxs/GXS_2024_VisionCode/install/qrmsg/share/qrmsg/srv/Qr.idl
-- Up-to-date: /home/jason/gxs/GXS_2024_VisionCode/install/qrmsg/share/qrmsg/msg/Qr.idl
-- Up-to-date: /home/jason/gxs/GXS_2024_VisionCode/install/qrmsg/share/qrmsg/srv/Qr.srv
-- Up-to-date: /home/jason/gxs/GXS_2024_VisionCode/install/qrmsg/share/qrmsg/srv/Qr_Request.msg
-- Up-to-date: /home/jason/gxs/GXS_2024_VisionCode/install/qrmsg/share/qrmsg/srv/Qr_Response.msg
-- Up-to-date: /home/jason/gxs/GXS_2024_VisionCode/install/qrmsg/share/qrmsg/msg/Qr.msg
-- Up-to-date: /home/jason/gxs/GXS_2024_VisionCode/install/qrmsg/share/qrmsg/srv
-- Up-to-date: /home/jason/gxs/GXS_2024_VisionCode/install/qrmsg/share/qrmsg/srv/Qr.srv
-- Up-to-date: /home/jason/gxs/GXS_2024_VisionCode/install/qrmsg/share/qrmsg/msg
-- Up-to-date: /home/jason/gxs/GXS_2024_VisionCode/install/qrmsg/share/qrmsg/msg/Qr.msg
-- Up-to-date: /home/jason/gxs/GXS_2024_VisionCode/install/qrmsg/share/ament_index/resource_index/package_run_dependencies/qrmsg
-- Up-to-date: /home/jason/gxs/GXS_2024_VisionCode/install/qrmsg/share/ament_index/resource_index/parent_prefix_path/qrmsg
-- Up-to-date: /home/jason/gxs/GXS_2024_VisionCode/install/qrmsg/share/qrmsg/environment/ament_prefix_path.sh
-- Up-to-date: /home/jason/gxs/GXS_2024_VisionCode/install/qrmsg/share/qrmsg/environment/ament_prefix_path.dsv
-- Up-to-date: /home/jason/gxs/GXS_2024_VisionCode/install/qrmsg/share/qrmsg/environment/path.sh
-- Up-to-date: /home/jason/gxs/GXS_2024_VisionCode/install/qrmsg/share/qrmsg/environment/path.dsv
-- Up-to-date: /home/jason/gxs/GXS_2024_VisionCode/install/qrmsg/share/qrmsg/local_setup.bash
-- Up-to-date: /home/jason/gxs/GXS_2024_VisionCode/install/qrmsg/share/qrmsg/local_setup.sh
-- Up-to-date: /home/jason/gxs/GXS_2024_VisionCode/install/qrmsg/share/qrmsg/local_setup.zsh
-- Up-to-date: /home/jason/gxs/GXS_2024_VisionCode/install/qrmsg/share/qrmsg/local_setup.dsv
-- Installing: /home/jason/gxs/GXS_2024_VisionCode/install/qrmsg/share/qrmsg/package.dsv
-- Up-to-date: /home/jason/gxs/GXS_2024_VisionCode/install/qrmsg/share/ament_index/resource_index/packages/qrmsg
-- Up-to-date: /home/jason/gxs/GXS_2024_VisionCode/install/qrmsg/share/qrmsg/cmake/export_qrmsg__rosidl_generator_cExport.cmake
-- Up-to-date: /home/jason/gxs/GXS_2024_VisionCode/install/qrmsg/share/qrmsg/cmake/export_qrmsg__rosidl_generator_cExport-noconfig.cmake
-- Up-to-date: /home/jason/gxs/GXS_2024_VisionCode/install/qrmsg/share/qrmsg/cmake/export_qrmsg__rosidl_typesupport_fastrtps_cExport.cmake
-- Up-to-date: /home/jason/gxs/GXS_2024_VisionCode/install/qrmsg/share/qrmsg/cmake/export_qrmsg__rosidl_typesupport_fastrtps_cExport-noconfig.cmake
-- Up-to-date: /home/jason/gxs/GXS_2024_VisionCode/install/qrmsg/share/qrmsg/cmake/qrmsg__rosidl_typesupport_introspection_cExport.cmake
-- Up-to-date: /home/jason/gxs/GXS_2024_VisionCode/install/qrmsg/share/qrmsg/cmake/qrmsg__rosidl_typesupport_introspection_cExport-noconfig.cmake
-- Up-to-date: /home/jason/gxs/GXS_2024_VisionCode/install/qrmsg/share/qrmsg/cmake/qrmsg__rosidl_typesupport_cExport.cmake
-- Up-to-date: /home/jason/gxs/GXS_2024_VisionCode/install/qrmsg/share/qrmsg/cmake/qrmsg__rosidl_typesupport_cExport-noconfig.cmake
-- Up-to-date: /home/jason/gxs/GXS_2024_VisionCode/install/qrmsg/share/qrmsg/cmake/export_qrmsg__rosidl_generator_cppExport.cmake
-- Up-to-date: /home/jason/gxs/GXS_2024_VisionCode/install/qrmsg/share/qrmsg/cmake/export_qrmsg__rosidl_typesupport_fastrtps_cppExport.cmake
-- Up-to-date: /home/jason/gxs/GXS_2024_VisionCode/install/qrmsg/share/qrmsg/cmake/export_qrmsg__rosidl_typesupport_fastrtps_cppExport-noconfig.cmake
-- Up-to-date: /home/jason/gxs/GXS_2024_VisionCode/install/qrmsg/share/qrmsg/cmake/qrmsg__rosidl_typesupport_introspection_cppExport.cmake
-- Up-to-date: /home/jason/gxs/GXS_2024_VisionCode/install/qrmsg/share/qrmsg/cmake/qrmsg__rosidl_typesupport_introspection_cppExport-noconfig.cmake
-- Up-to-date: /home/jason/gxs/GXS_2024_VisionCode/install/qrmsg/share/qrmsg/cmake/qrmsg__rosidl_typesupport_cppExport.cmake
-- Up-to-date: /home/jason/gxs/GXS_2024_VisionCode/install/qrmsg/share/qrmsg/cmake/qrmsg__rosidl_typesupport_cppExport-noconfig.cmake
-- Up-to-date: /home/jason/gxs/GXS_2024_VisionCode/install/qrmsg/share/qrmsg/cmake/export_qrmsg__rosidl_generator_pyExport.cmake
-- Up-to-date: /home/jason/gxs/GXS_2024_VisionCode/install/qrmsg/share/qrmsg/cmake/export_qrmsg__rosidl_generator_pyExport-noconfig.cmake
-- Up-to-date: /home/jason/gxs/GXS_2024_VisionCode/install/qrmsg/share/qrmsg/cmake/rosidl_cmake-extras.cmake
-- Up-to-date: /home/jason/gxs/GXS_2024_VisionCode/install/qrmsg/share/qrmsg/cmake/ament_cmake_export_include_directories-extras.cmake
-- Up-to-date: /home/jason/gxs/GXS_2024_VisionCode/install/qrmsg/share/qrmsg/cmake/ament_cmake_export_libraries-extras.cmake
-- Up-to-date: /home/jason/gxs/GXS_2024_VisionCode/install/qrmsg/share/qrmsg/cmake/ament_cmake_export_targets-extras.cmake
-- Up-to-date: /home/jason/gxs/GXS_2024_VisionCode/install/qrmsg/share/qrmsg/cmake/rosidl_cmake_export_typesupport_targets-extras.cmake
-- Up-to-date: /home/jason/gxs/GXS_2024_VisionCode/install/qrmsg/share/qrmsg/cmake/ament_cmake_export_dependencies-extras.cmake
-- Up-to-date: /home/jason/gxs/GXS_2024_VisionCode/install/qrmsg/share/qrmsg/cmake/rosidl_cmake_export_typesupport_libraries-extras.cmake
-- Up-to-date: /home/jason/gxs/GXS_2024_VisionCode/install/qrmsg/share/qrmsg/cmake/qrmsgConfig.cmake
-- Up-to-date: /home/jason/gxs/GXS_2024_VisionCode/install/qrmsg/share/qrmsg/cmake/qrmsgConfig-version.cmake
-- Up-to-date: /home/jason/gxs/GXS_2024_VisionCode/install/qrmsg/share/qrmsg/package.xml
