[0.013s] Invoking command in '/home/lccc/Desktop/GXS_2024_VisionCode/build/line_follow': CMAKE_PREFIX_PATH=/home/lccc/Desktop/GXS_2024_VisionCode/install/qrmsg:/home/lccc/Desktop/GXS_2024_VisionCode/install/line_follow:/home/lccc/Desktop/GXS_2024_VisionCode/install/gxs_serial_driver:/home/lccc/Desktop/GXS_2024_VisionCode/install/colorblock_detector:/home/lccc/Desktop/GXS_2024_VisionCode/install/binary_detector:/home/lccc/Desktop/GXS_2024_VisionCode/install/camera_driver:/home/lccc/Desktop/GXS_2024_VisionCode/install/adjust_hsv:/opt/ros/humble LD_LIBRARY_PATH=/home/lccc/Desktop/GXS_2024_VisionCode/install/qrmsg/lib:/home/lccc/Desktop/GXS_2024_VisionCode/install/gxs_serial_driver/lib:/opt/ros/humble/opt/rviz_ogre_vendor/lib:/opt/ros/humble/lib/x86_64-linux-gnu:/opt/ros/humble/lib /usr/bin/cmake --build /home/lccc/Desktop/GXS_2024_VisionCode/build/line_follow -- -j16 -l16
[0.055s] [ 50%] [32mBuilding CXX object CMakeFiles/lf.dir/src/lf.cpp.o[0m
[6.189s] [100%] [32m[1mLinking CXX executable lf[0m
[6.681s] [100%] Built target lf
[6.688s] Invoked command in '/home/lccc/Desktop/GXS_2024_VisionCode/build/line_follow' returned '0': CMAKE_PREFIX_PATH=/home/lccc/Desktop/GXS_2024_VisionCode/install/qrmsg:/home/lccc/Desktop/GXS_2024_VisionCode/install/line_follow:/home/lccc/Desktop/GXS_2024_VisionCode/install/gxs_serial_driver:/home/lccc/Desktop/GXS_2024_VisionCode/install/colorblock_detector:/home/lccc/Desktop/GXS_2024_VisionCode/install/binary_detector:/home/lccc/Desktop/GXS_2024_VisionCode/install/camera_driver:/home/lccc/Desktop/GXS_2024_VisionCode/install/adjust_hsv:/opt/ros/humble LD_LIBRARY_PATH=/home/lccc/Desktop/GXS_2024_VisionCode/install/qrmsg/lib:/home/lccc/Desktop/GXS_2024_VisionCode/install/gxs_serial_driver/lib:/opt/ros/humble/opt/rviz_ogre_vendor/lib:/opt/ros/humble/lib/x86_64-linux-gnu:/opt/ros/humble/lib /usr/bin/cmake --build /home/lccc/Desktop/GXS_2024_VisionCode/build/line_follow -- -j16 -l16
[6.707s] Invoking command in '/home/lccc/Desktop/GXS_2024_VisionCode/build/line_follow': CMAKE_PREFIX_PATH=/home/lccc/Desktop/GXS_2024_VisionCode/install/qrmsg:/home/lccc/Desktop/GXS_2024_VisionCode/install/line_follow:/home/lccc/Desktop/GXS_2024_VisionCode/install/gxs_serial_driver:/home/lccc/Desktop/GXS_2024_VisionCode/install/colorblock_detector:/home/lccc/Desktop/GXS_2024_VisionCode/install/binary_detector:/home/lccc/Desktop/GXS_2024_VisionCode/install/camera_driver:/home/lccc/Desktop/GXS_2024_VisionCode/install/adjust_hsv:/opt/ros/humble LD_LIBRARY_PATH=/home/lccc/Desktop/GXS_2024_VisionCode/install/qrmsg/lib:/home/lccc/Desktop/GXS_2024_VisionCode/install/gxs_serial_driver/lib:/opt/ros/humble/opt/rviz_ogre_vendor/lib:/opt/ros/humble/lib/x86_64-linux-gnu:/opt/ros/humble/lib /usr/bin/cmake --install /home/lccc/Desktop/GXS_2024_VisionCode/build/line_follow
[6.715s] -- Install configuration: ""
[6.715s] -- Installing: /home/lccc/Desktop/GXS_2024_VisionCode/install/line_follow/lib/line_follow/lf
[6.717s] -- Set runtime path of "/home/lccc/Desktop/GXS_2024_VisionCode/install/line_follow/lib/line_follow/lf" to ""
[6.717s] -- Up-to-date: /home/lccc/Desktop/GXS_2024_VisionCode/install/line_follow/share/ament_index/resource_index/package_run_dependencies/line_follow
[6.717s] -- Up-to-date: /home/lccc/Desktop/GXS_2024_VisionCode/install/line_follow/share/ament_index/resource_index/parent_prefix_path/line_follow
[6.717s] -- Up-to-date: /home/lccc/Desktop/GXS_2024_VisionCode/install/line_follow/share/line_follow/environment/ament_prefix_path.sh
[6.717s] -- Up-to-date: /home/lccc/Desktop/GXS_2024_VisionCode/install/line_follow/share/line_follow/environment/ament_prefix_path.dsv
[6.718s] -- Up-to-date: /home/lccc/Desktop/GXS_2024_VisionCode/install/line_follow/share/line_follow/environment/path.sh
[6.718s] -- Up-to-date: /home/lccc/Desktop/GXS_2024_VisionCode/install/line_follow/share/line_follow/environment/path.dsv
[6.718s] -- Up-to-date: /home/lccc/Desktop/GXS_2024_VisionCode/install/line_follow/share/line_follow/local_setup.bash
[6.718s] -- Up-to-date: /home/lccc/Desktop/GXS_2024_VisionCode/install/line_follow/share/line_follow/local_setup.sh
[6.718s] -- Up-to-date: /home/lccc/Desktop/GXS_2024_VisionCode/install/line_follow/share/line_follow/local_setup.zsh
[6.718s] -- Up-to-date: /home/lccc/Desktop/GXS_2024_VisionCode/install/line_follow/share/line_follow/local_setup.dsv
[6.718s] -- Installing: /home/lccc/Desktop/GXS_2024_VisionCode/install/line_follow/share/line_follow/package.dsv
[6.718s] -- Up-to-date: /home/lccc/Desktop/GXS_2024_VisionCode/install/line_follow/share/ament_index/resource_index/packages/line_follow
[6.718s] -- Up-to-date: /home/lccc/Desktop/GXS_2024_VisionCode/install/line_follow/share/line_follow/cmake/line_followConfig.cmake
[6.718s] -- Up-to-date: /home/lccc/Desktop/GXS_2024_VisionCode/install/line_follow/share/line_follow/cmake/line_followConfig-version.cmake
[6.718s] -- Up-to-date: /home/lccc/Desktop/GXS_2024_VisionCode/install/line_follow/share/line_follow/package.xml
[6.719s] Invoked command in '/home/lccc/Desktop/GXS_2024_VisionCode/build/line_follow' returned '0': CMAKE_PREFIX_PATH=/home/lccc/Desktop/GXS_2024_VisionCode/install/qrmsg:/home/lccc/Desktop/GXS_2024_VisionCode/install/line_follow:/home/lccc/Desktop/GXS_2024_VisionCode/install/gxs_serial_driver:/home/lccc/Desktop/GXS_2024_VisionCode/install/colorblock_detector:/home/lccc/Desktop/GXS_2024_VisionCode/install/binary_detector:/home/lccc/Desktop/GXS_2024_VisionCode/install/camera_driver:/home/lccc/Desktop/GXS_2024_VisionCode/install/adjust_hsv:/opt/ros/humble LD_LIBRARY_PATH=/home/lccc/Desktop/GXS_2024_VisionCode/install/qrmsg/lib:/home/lccc/Desktop/GXS_2024_VisionCode/install/gxs_serial_driver/lib:/opt/ros/humble/opt/rviz_ogre_vendor/lib:/opt/ros/humble/lib/x86_64-linux-gnu:/opt/ros/humble/lib /usr/bin/cmake --install /home/lccc/Desktop/GXS_2024_VisionCode/build/line_follow
