[0.009s] Invoking command in '/home/lccc/Desktop/GXS_2024_VisionCode/build/camera_driver': CMAKE_PREFIX_PATH=${CMAKE_PREFIX_PATH}:/opt/ros/humble /usr/bin/cmake --build /home/lccc/Desktop/GXS_2024_VisionCode/build/camera_driver -- -j16 -l16
[0.049s] [ 50%] [32mBuilding CXX object CMakeFiles/image_publisher.dir/src/camera_driver.cpp.o[0m
[3.141s] [100%] [32m[1mLinking CXX executable image_publisher[0m
[3.423s] [100%] Built target image_publisher
[3.431s] Invoked command in '/home/lccc/Desktop/GXS_2024_VisionCode/build/camera_driver' returned '0': CMAKE_PREFIX_PATH=${CMAKE_PREFIX_PATH}:/opt/ros/humble /usr/bin/cmake --build /home/lccc/Desktop/GXS_2024_VisionCode/build/camera_driver -- -j16 -l16
[3.451s] Invoking command in '/home/lccc/Desktop/GXS_2024_VisionCode/build/camera_driver': CMAKE_PREFIX_PATH=${CMAKE_PREFIX_PATH}:/opt/ros/humble /usr/bin/cmake --install /home/lccc/Desktop/GXS_2024_VisionCode/build/camera_driver
[3.455s] -- Install configuration: ""
[3.455s] -- Installing: /home/lccc/Desktop/GXS_2024_VisionCode/install/camera_driver/lib/camera_driver/image_publisher
[3.455s] -- Set runtime path of "/home/lccc/Desktop/GXS_2024_VisionCode/install/camera_driver/lib/camera_driver/image_publisher" to ""
[3.455s] -- Up-to-date: /home/lccc/Desktop/GXS_2024_VisionCode/install/camera_driver/share/ament_index/resource_index/package_run_dependencies/camera_driver
[3.456s] -- Up-to-date: /home/lccc/Desktop/GXS_2024_VisionCode/install/camera_driver/share/ament_index/resource_index/parent_prefix_path/camera_driver
[3.456s] -- Up-to-date: /home/lccc/Desktop/GXS_2024_VisionCode/install/camera_driver/share/camera_driver/environment/ament_prefix_path.sh
[3.456s] -- Up-to-date: /home/lccc/Desktop/GXS_2024_VisionCode/install/camera_driver/share/camera_driver/environment/ament_prefix_path.dsv
[3.456s] -- Up-to-date: /home/lccc/Desktop/GXS_2024_VisionCode/install/camera_driver/share/camera_driver/environment/path.sh
[3.456s] -- Up-to-date: /home/lccc/Desktop/GXS_2024_VisionCode/install/camera_driver/share/camera_driver/environment/path.dsv
[3.456s] -- Up-to-date: /home/lccc/Desktop/GXS_2024_VisionCode/install/camera_driver/share/camera_driver/local_setup.bash
[3.456s] -- Up-to-date: /home/lccc/Desktop/GXS_2024_VisionCode/install/camera_driver/share/camera_driver/local_setup.sh
[3.456s] -- Up-to-date: /home/lccc/Desktop/GXS_2024_VisionCode/install/camera_driver/share/camera_driver/local_setup.zsh
[3.456s] -- Up-to-date: /home/lccc/Desktop/GXS_2024_VisionCode/install/camera_driver/share/camera_driver/local_setup.dsv
[3.456s] -- Installing: /home/lccc/Desktop/GXS_2024_VisionCode/install/camera_driver/share/camera_driver/package.dsv
[3.456s] -- Up-to-date: /home/lccc/Desktop/GXS_2024_VisionCode/install/camera_driver/share/ament_index/resource_index/packages/camera_driver
[3.456s] -- Up-to-date: /home/lccc/Desktop/GXS_2024_VisionCode/install/camera_driver/share/camera_driver/cmake/camera_driverConfig.cmake
[3.456s] -- Up-to-date: /home/lccc/Desktop/GXS_2024_VisionCode/install/camera_driver/share/camera_driver/cmake/camera_driverConfig-version.cmake
[3.456s] -- Up-to-date: /home/lccc/Desktop/GXS_2024_VisionCode/install/camera_driver/share/camera_driver/package.xml
[3.457s] Invoked command in '/home/lccc/Desktop/GXS_2024_VisionCode/build/camera_driver' returned '0': CMAKE_PREFIX_PATH=${CMAKE_PREFIX_PATH}:/opt/ros/humble /usr/bin/cmake --install /home/lccc/Desktop/GXS_2024_VisionCode/build/camera_driver
