[0.016s] Invoking command in '/home/jason/gxs/GXS_2024_VisionCode/build/camera_driver': CMAKE_PREFIX_PATH=${CMAKE_PREFIX_PATH}:/home/jason/gxs/GXS_2024_VisionCode/install/line_follow:/opt/ros/humble /usr/bin/cmake --build /home/jason/gxs/GXS_2024_VisionCode/build/camera_driver -- -j16 -l16
[0.039s] -- Found ament_cmake: 1.3.8 (/opt/ros/humble/share/ament_cmake/cmake)
[0.138s] -- Found rclcpp: 16.0.8 (/opt/ros/humble/share/rclcpp/cmake)
[0.162s] -- Found rosidl_generator_c: 3.1.5 (/opt/ros/humble/share/rosidl_generator_c/cmake)
[0.163s] -- Found rosidl_adapter: 3.1.5 (/opt/ros/humble/share/rosidl_adapter/cmake)
[0.167s] -- Found rosidl_generator_cpp: 3.1.5 (/opt/ros/humble/share/rosidl_generator_cpp/cmake)
[0.176s] -- Using all available rosidl_typesupport_c: rosidl_typesupport_fastrtps_c;rosidl_typesupport_introspection_c
[0.184s] -- Using all available rosidl_typesupport_cpp: rosidl_typesupport_fastrtps_cpp;rosidl_typesupport_introspection_cpp
[0.225s] -- Found rmw_implementation_cmake: 6.1.1 (/opt/ros/humble/share/rmw_implementation_cmake/cmake)
[0.226s] -- Found rmw_fastrtps_cpp: 6.2.6 (/opt/ros/humble/share/rmw_fastrtps_cpp/cmake)
[0.315s] -- Using RMW implementation 'rmw_fastrtps_cpp' as default
[0.420s] -- Found image_transport: 3.1.8 (/opt/ros/humble/share/image_transport/cmake)
[0.522s] [31mCMake Error at CMakeLists.txt:7 (find_package):
[0.522s]   By not providing "Findcv_bridge.cmake" in CMAKE_MODULE_PATH this project
[0.522s]   has asked CMake to find a package configuration file provided by
[0.522s]   "cv_bridge", but CMake did not find one.
[0.522s] 
[0.522s]   Could not find a package configuration file provided by "cv_bridge" with
[0.522s]   any of the following names:
[0.522s] 
[0.522s]     cv_bridgeConfig.cmake
[0.523s]     cv_bridge-config.cmake
[0.523s] 
[0.523s]   Add the installation prefix of "cv_bridge" to CMAKE_PREFIX_PATH or set
[0.523s]   "cv_bridge_DIR" to a directory containing one of the above files.  If
[0.523s]   "cv_bridge" provides a separate development package or SDK, be sure it has
[0.523s]   been installed.
[0.523s] 
[0.523s] [0m
[0.523s] -- Configuring incomplete, errors occurred!
[0.523s] See also "/home/jason/gxs/GXS_2024_VisionCode/build/camera_driver/CMakeFiles/CMakeOutput.log".
[0.528s] gmake: *** [Makefile:267: cmake_check_build_system] Error 1
