[0.005s] Invoking command in '/home/jason/gxs/GXS_2024_VisionCode/src/camera_driver/build/camera_driver': CMAKE_PREFIX_PATH=${CMAKE_PREFIX_PATH}:/opt/ros/humble /usr/bin/cmake /home/jason/gxs/GXS_2024_VisionCode/src/camera_driver -DCMAKE_INSTALL_PREFIX=/home/jason/gxs/GXS_2024_VisionCode/src/camera_driver/install/camera_driver
[0.036s] -- The C compiler identification is GNU 11.4.0
[0.067s] -- The CXX compiler identification is GNU 11.4.0
[0.071s] -- Detecting C compiler ABI info
[0.108s] -- Detecting C compiler ABI info - done
[0.112s] -- Check for working C compiler: /usr/bin/cc - skipped
[0.112s] -- Detecting C compile features
[0.112s] -- Detecting C compile features - done
[0.114s] -- Detecting CXX compiler ABI info
[0.161s] -- Detecting CXX compiler ABI info - done
[0.165s] -- Check for working CXX compiler: /usr/bin/c++ - skipped
[0.165s] -- Detecting CXX compile features
[0.165s] -- Detecting CXX compile features - done
[0.167s] -- Found ament_cmake: 1.3.8 (/opt/ros/humble/share/ament_cmake/cmake)
[0.246s] -- Found Python3: /usr/bin/python3 (found version "3.10.12") found components: Interpreter 
[0.290s] -- Found rclcpp: 16.0.8 (/opt/ros/humble/share/rclcpp/cmake)
[0.313s] -- Found rosidl_generator_c: 3.1.5 (/opt/ros/humble/share/rosidl_generator_c/cmake)
[0.316s] -- Found rosidl_adapter: 3.1.5 (/opt/ros/humble/share/rosidl_adapter/cmake)
[0.322s] -- Found rosidl_generator_cpp: 3.1.5 (/opt/ros/humble/share/rosidl_generator_cpp/cmake)
[0.329s] -- Using all available rosidl_typesupport_c: rosidl_typesupport_fastrtps_c;rosidl_typesupport_introspection_c
[0.341s] -- Using all available rosidl_typesupport_cpp: rosidl_typesupport_fastrtps_cpp;rosidl_typesupport_introspection_cpp
[0.378s] -- Found rmw_implementation_cmake: 6.1.1 (/opt/ros/humble/share/rmw_implementation_cmake/cmake)
[0.379s] -- Found rmw_fastrtps_cpp: 6.2.6 (/opt/ros/humble/share/rmw_fastrtps_cpp/cmake)
[0.445s] -- Found OpenSSL: /usr/lib/x86_64-linux-gnu/libcrypto.so (found version "3.0.2")  
[0.467s] -- Found FastRTPS: /opt/ros/humble/include  
[0.495s] -- Using RMW implementation 'rmw_fastrtps_cpp' as default
[0.500s] -- Looking for pthread.h
[0.545s] -- Looking for pthread.h - found
[0.545s] -- Performing Test CMAKE_HAVE_LIBC_PTHREAD
[0.591s] -- Performing Test CMAKE_HAVE_LIBC_PTHREAD - Success
[0.591s] -- Found Threads: TRUE  
[0.678s] -- Found image_transport: 3.1.8 (/opt/ros/humble/share/image_transport/cmake)
[0.779s] -- Found cv_bridge: 3.2.1 (/opt/ros/humble/share/cv_bridge/cmake)
[0.788s] -- Found OpenCV: /usr (found version "4.5.4") 
[0.789s] -- Found ament_lint_auto: 0.12.10 (/opt/ros/humble/share/ament_lint_auto/cmake)
[0.866s] -- Added test 'cppcheck' to perform static code analysis on C / C++ code
[0.866s] -- Configured cppcheck include dirs: 
[0.867s] -- Configured cppcheck exclude dirs and/or files: 
[0.867s] -- Added test 'lint_cmake' to check CMake code style
[0.869s] -- Added test 'uncrustify' to check C / C++ code style
[0.869s] -- Configured uncrustify additional arguments: 
[0.869s] -- Added test 'xmllint' to check XML markup files
[0.870s] -- Configuring done
[0.877s] -- Generating done
[0.878s] -- Build files have been written to: /home/jason/gxs/GXS_2024_VisionCode/src/camera_driver/build/camera_driver
[0.885s] Invoked command in '/home/jason/gxs/GXS_2024_VisionCode/src/camera_driver/build/camera_driver' returned '0': CMAKE_PREFIX_PATH=${CMAKE_PREFIX_PATH}:/opt/ros/humble /usr/bin/cmake /home/jason/gxs/GXS_2024_VisionCode/src/camera_driver -DCMAKE_INSTALL_PREFIX=/home/jason/gxs/GXS_2024_VisionCode/src/camera_driver/install/camera_driver
[0.886s] Invoking command in '/home/jason/gxs/GXS_2024_VisionCode/src/camera_driver/build/camera_driver': CMAKE_PREFIX_PATH=${CMAKE_PREFIX_PATH}:/opt/ros/humble /usr/bin/cmake --build /home/jason/gxs/GXS_2024_VisionCode/src/camera_driver/build/camera_driver -- -j16 -l16
[0.912s] [ 50%] [32mBuilding CXX object CMakeFiles/image_publisher.dir/src/camera_driver.cpp.o[0m
[4.207s] [100%] [32m[1mLinking CXX executable image_publisher[0m
[4.512s] [100%] Built target image_publisher
[4.518s] Invoked command in '/home/jason/gxs/GXS_2024_VisionCode/src/camera_driver/build/camera_driver' returned '0': CMAKE_PREFIX_PATH=${CMAKE_PREFIX_PATH}:/opt/ros/humble /usr/bin/cmake --build /home/jason/gxs/GXS_2024_VisionCode/src/camera_driver/build/camera_driver -- -j16 -l16
[4.542s] Invoking command in '/home/jason/gxs/GXS_2024_VisionCode/src/camera_driver/build/camera_driver': CMAKE_PREFIX_PATH=${CMAKE_PREFIX_PATH}:/opt/ros/humble /usr/bin/cmake --install /home/jason/gxs/GXS_2024_VisionCode/src/camera_driver/build/camera_driver
[4.546s] -- Install configuration: ""
[4.546s] -- Installing: /home/jason/gxs/GXS_2024_VisionCode/src/camera_driver/install/camera_driver/lib/camera_driver/image_publisher
[4.547s] -- Set runtime path of "/home/jason/gxs/GXS_2024_VisionCode/src/camera_driver/install/camera_driver/lib/camera_driver/image_publisher" to ""
[4.547s] -- Installing: /home/jason/gxs/GXS_2024_VisionCode/src/camera_driver/install/camera_driver/share/ament_index/resource_index/package_run_dependencies/camera_driver
[4.547s] -- Installing: /home/jason/gxs/GXS_2024_VisionCode/src/camera_driver/install/camera_driver/share/ament_index/resource_index/parent_prefix_path/camera_driver
[4.547s] -- Installing: /home/jason/gxs/GXS_2024_VisionCode/src/camera_driver/install/camera_driver/share/camera_driver/environment/ament_prefix_path.sh
[4.547s] -- Installing: /home/jason/gxs/GXS_2024_VisionCode/src/camera_driver/install/camera_driver/share/camera_driver/environment/ament_prefix_path.dsv
[4.547s] -- Installing: /home/jason/gxs/GXS_2024_VisionCode/src/camera_driver/install/camera_driver/share/camera_driver/environment/path.sh
[4.547s] -- Installing: /home/jason/gxs/GXS_2024_VisionCode/src/camera_driver/install/camera_driver/share/camera_driver/environment/path.dsv
[4.547s] -- Installing: /home/jason/gxs/GXS_2024_VisionCode/src/camera_driver/install/camera_driver/share/camera_driver/local_setup.bash
[4.547s] -- Installing: /home/jason/gxs/GXS_2024_VisionCode/src/camera_driver/install/camera_driver/share/camera_driver/local_setup.sh
[4.547s] -- Installing: /home/jason/gxs/GXS_2024_VisionCode/src/camera_driver/install/camera_driver/share/camera_driver/local_setup.zsh
[4.547s] -- Installing: /home/jason/gxs/GXS_2024_VisionCode/src/camera_driver/install/camera_driver/share/camera_driver/local_setup.dsv
[4.547s] -- Installing: /home/jason/gxs/GXS_2024_VisionCode/src/camera_driver/install/camera_driver/share/camera_driver/package.dsv
[4.547s] -- Installing: /home/jason/gxs/GXS_2024_VisionCode/src/camera_driver/install/camera_driver/share/ament_index/resource_index/packages/camera_driver
[4.547s] -- Installing: /home/jason/gxs/GXS_2024_VisionCode/src/camera_driver/install/camera_driver/share/camera_driver/cmake/camera_driverConfig.cmake
[4.548s] -- Installing: /home/jason/gxs/GXS_2024_VisionCode/src/camera_driver/install/camera_driver/share/camera_driver/cmake/camera_driverConfig-version.cmake
[4.548s] -- Installing: /home/jason/gxs/GXS_2024_VisionCode/src/camera_driver/install/camera_driver/share/camera_driver/package.xml
[4.549s] Invoked command in '/home/jason/gxs/GXS_2024_VisionCode/src/camera_driver/build/camera_driver' returned '0': CMAKE_PREFIX_PATH=${CMAKE_PREFIX_PATH}:/opt/ros/humble /usr/bin/cmake --install /home/jason/gxs/GXS_2024_VisionCode/src/camera_driver/build/camera_driver
