[0.010s] Invoking command in '/home/jason/gxs/GXS_2024_VisionCode/build/colorblock_detector': AMENT_PREFIX_PATH=/home/jason/gxs/GXS_2024_VisionCode/install/qrmsg:${AMENT_PREFIX_PATH} CMAKE_PREFIX_PATH=/home/jason/gxs/GXS_2024_VisionCode/install/qrmsg:/home/jason/Desktop/rm_vision/install/trajectory:/home/jason/Desktop/rm_vision/install/rm_vision_bringup:/home/jason/Desktop/rm_vision/install/rm_serial_driver:/home/jason/Desktop/rm_vision/install/rm_gimbal_description:/home/jason/Desktop/rm_vision/install/rm_auto_aim:/home/jason/Desktop/rm_vision/install/mindvision_camera:/home/jason/Desktop/rm_vision/install/armor_tracker:/home/jason/Desktop/rm_vision/install/armor_detector:/home/jason/Desktop/rm_vision/install/auto_aim_interfaces:/opt/ros/humble LD_LIBRARY_PATH=/home/jason/gxs/GXS_2024_VisionCode/install/qrmsg/lib:${LD_LIBRARY_PATH} PYTHONPATH=/home/jason/gxs/GXS_2024_VisionCode/install/qrmsg/local/lib/python3.10/dist-packages:${PYTHONPATH} /usr/bin/cmake /home/jason/gxs/GXS_2024_VisionCode/src/colorblock_detector -DCMAKE_INSTALL_PREFIX=/home/jason/gxs/GXS_2024_VisionCode/install/colorblock_detector
[0.052s] -- The C compiler identification is GNU 11.4.0
[0.106s] -- The CXX compiler identification is GNU 11.4.0
[0.112s] -- Detecting C compiler ABI info
[0.164s] -- Detecting C compiler ABI info - done
[0.170s] -- Check for working C compiler: /usr/bin/cc - skipped
[0.170s] -- Detecting C compile features
[0.170s] -- Detecting C compile features - done
[0.172s] -- Detecting CXX compiler ABI info
[0.228s] -- Detecting CXX compiler ABI info - done
[0.235s] -- Check for working CXX compiler: /usr/bin/c++ - skipped
[0.235s] -- Detecting CXX compile features
[0.236s] -- Detecting CXX compile features - done
[0.238s] -- Found ament_cmake: 1.3.8 (/opt/ros/humble/share/ament_cmake/cmake)
[0.362s] -- Found Python3: /usr/bin/python3 (found version "3.10.12") found components: Interpreter 
[0.443s] -- Found rclcpp: 16.0.8 (/opt/ros/humble/share/rclcpp/cmake)
[0.497s] -- Found rosidl_generator_c: 3.1.5 (/opt/ros/humble/share/rosidl_generator_c/cmake)
[0.504s] -- Found rosidl_adapter: 3.1.5 (/opt/ros/humble/share/rosidl_adapter/cmake)
[0.515s] -- Found rosidl_generator_cpp: 3.1.5 (/opt/ros/humble/share/rosidl_generator_cpp/cmake)
[0.533s] -- Using all available rosidl_typesupport_c: rosidl_typesupport_fastrtps_c;rosidl_typesupport_introspection_c
[0.555s] -- Using all available rosidl_typesupport_cpp: rosidl_typesupport_fastrtps_cpp;rosidl_typesupport_introspection_cpp
[0.631s] -- Found rmw_implementation_cmake: 6.1.1 (/opt/ros/humble/share/rmw_implementation_cmake/cmake)
[0.635s] -- Found rmw_fastrtps_cpp: 6.2.6 (/opt/ros/humble/share/rmw_fastrtps_cpp/cmake)
[0.753s] -- Found OpenSSL: /usr/lib/x86_64-linux-gnu/libcrypto.so (found version "3.0.2")  
[0.794s] -- Found FastRTPS: /opt/ros/humble/include  
[0.850s] -- Using RMW implementation 'rmw_fastrtps_cpp' as default
[0.859s] -- Looking for pthread.h
[0.921s] -- Looking for pthread.h - found
[0.921s] -- Performing Test CMAKE_HAVE_LIBC_PTHREAD
[0.996s] -- Performing Test CMAKE_HAVE_LIBC_PTHREAD - Success
[0.997s] -- Found Threads: TRUE  
[1.107s] -- Found cv_bridge: 3.2.1 (/opt/ros/humble/share/cv_bridge/cmake)
[1.249s] -- Found OpenCV: /usr (found version "4.5.4") 
[1.250s] -- Found qrmsg: 0.0.0 (/home/jason/gxs/GXS_2024_VisionCode/install/qrmsg/share/qrmsg/cmake)
[1.348s] -- Configuring done
[1.364s] -- Generating done
[1.366s] -- Build files have been written to: /home/jason/gxs/GXS_2024_VisionCode/build/colorblock_detector
[1.387s] Invoked command in '/home/jason/gxs/GXS_2024_VisionCode/build/colorblock_detector' returned '0': AMENT_PREFIX_PATH=/home/jason/gxs/GXS_2024_VisionCode/install/qrmsg:${AMENT_PREFIX_PATH} CMAKE_PREFIX_PATH=/home/jason/gxs/GXS_2024_VisionCode/install/qrmsg:/home/jason/Desktop/rm_vision/install/trajectory:/home/jason/Desktop/rm_vision/install/rm_vision_bringup:/home/jason/Desktop/rm_vision/install/rm_serial_driver:/home/jason/Desktop/rm_vision/install/rm_gimbal_description:/home/jason/Desktop/rm_vision/install/rm_auto_aim:/home/jason/Desktop/rm_vision/install/mindvision_camera:/home/jason/Desktop/rm_vision/install/armor_tracker:/home/jason/Desktop/rm_vision/install/armor_detector:/home/jason/Desktop/rm_vision/install/auto_aim_interfaces:/opt/ros/humble LD_LIBRARY_PATH=/home/jason/gxs/GXS_2024_VisionCode/install/qrmsg/lib:${LD_LIBRARY_PATH} PYTHONPATH=/home/jason/gxs/GXS_2024_VisionCode/install/qrmsg/local/lib/python3.10/dist-packages:${PYTHONPATH} /usr/bin/cmake /home/jason/gxs/GXS_2024_VisionCode/src/colorblock_detector -DCMAKE_INSTALL_PREFIX=/home/jason/gxs/GXS_2024_VisionCode/install/colorblock_detector
[1.388s] Invoking command in '/home/jason/gxs/GXS_2024_VisionCode/build/colorblock_detector': AMENT_PREFIX_PATH=/home/jason/gxs/GXS_2024_VisionCode/install/qrmsg:${AMENT_PREFIX_PATH} CMAKE_PREFIX_PATH=/home/jason/gxs/GXS_2024_VisionCode/install/qrmsg:/home/jason/Desktop/rm_vision/install/trajectory:/home/jason/Desktop/rm_vision/install/rm_vision_bringup:/home/jason/Desktop/rm_vision/install/rm_serial_driver:/home/jason/Desktop/rm_vision/install/rm_gimbal_description:/home/jason/Desktop/rm_vision/install/rm_auto_aim:/home/jason/Desktop/rm_vision/install/mindvision_camera:/home/jason/Desktop/rm_vision/install/armor_tracker:/home/jason/Desktop/rm_vision/install/armor_detector:/home/jason/Desktop/rm_vision/install/auto_aim_interfaces:/opt/ros/humble LD_LIBRARY_PATH=/home/jason/gxs/GXS_2024_VisionCode/install/qrmsg/lib:${LD_LIBRARY_PATH} PYTHONPATH=/home/jason/gxs/GXS_2024_VisionCode/install/qrmsg/local/lib/python3.10/dist-packages:${PYTHONPATH} /usr/bin/cmake --build /home/jason/gxs/GXS_2024_VisionCode/build/colorblock_detector -- -j16 -l16
[1.439s] [ 50%] [32mBuilding CXX object CMakeFiles/colorblock.dir/src/colorblock.cpp.o[0m
[6.487s] [100%] [32m[1mLinking CXX executable colorblock[0m
[7.026s] [100%] Built target colorblock
