[35m[1mConsolidate compiler generated dependencies of target colorblock[0m
[100%] Built target colorblock
-- Install configuration: ""
-- Up-to-date: /home/lccc/Desktop/GXS_2024_VisionCode/install/colorblock_detector/share/colorblock_detector/config
-- Installing: /home/lccc/Desktop/GXS_2024_VisionCode/install/colorblock_detector/share/colorblock_detector/config/colorblock.yaml
-- Up-to-date: /home/lccc/Desktop/GXS_2024_VisionCode/install/colorblock_detector/share/colorblock_detector/launch
-- Up-to-date: /home/lccc/Desktop/GXS_2024_VisionCode/install/colorblock_detector/share/colorblock_detector/launch/bringup.launch.py
-- Up-to-date: /home/lccc/Desktop/GXS_2024_VisionCode/install/colorblock_detector/lib/colorblock_detector/colorblock
-- Up-to-date: /home/lccc/Desktop/GXS_2024_VisionCode/install/colorblock_detector/share/ament_index/resource_index/package_run_dependencies/colorblock_detector
-- Up-to-date: /home/lccc/Desktop/GXS_2024_VisionCode/install/colorblock_detector/share/ament_index/resource_index/parent_prefix_path/colorblock_detector
-- Up-to-date: /home/lccc/Desktop/GXS_2024_VisionCode/install/colorblock_detector/share/colorblock_detector/environment/ament_prefix_path.sh
-- Up-to-date: /home/lccc/Desktop/GXS_2024_VisionCode/install/colorblock_detector/share/colorblock_detector/environment/ament_prefix_path.dsv
-- Up-to-date: /home/lccc/Desktop/GXS_2024_VisionCode/install/colorblock_detector/share/colorblock_detector/environment/path.sh
-- Up-to-date: /home/lccc/Desktop/GXS_2024_VisionCode/install/colorblock_detector/share/colorblock_detector/environment/path.dsv
-- Up-to-date: /home/lccc/Desktop/GXS_2024_VisionCode/install/colorblock_detector/share/colorblock_detector/local_setup.bash
-- Up-to-date: /home/lccc/Desktop/GXS_2024_VisionCode/install/colorblock_detector/share/colorblock_detector/local_setup.sh
-- Up-to-date: /home/lccc/Desktop/GXS_2024_VisionCode/install/colorblock_detector/share/colorblock_detector/local_setup.zsh
-- Up-to-date: /home/lccc/Desktop/GXS_2024_VisionCode/install/colorblock_detector/share/colorblock_detector/local_setup.dsv
-- Installing: /home/lccc/Desktop/GXS_2024_VisionCode/install/colorblock_detector/share/colorblock_detector/package.dsv
-- Up-to-date: /home/lccc/Desktop/GXS_2024_VisionCode/install/colorblock_detector/share/ament_index/resource_index/packages/colorblock_detector
-- Up-to-date: /home/lccc/Desktop/GXS_2024_VisionCode/install/colorblock_detector/share/colorblock_detector/cmake/colorblock_detectorConfig.cmake
-- Up-to-date: /home/lccc/Desktop/GXS_2024_VisionCode/install/colorblock_detector/share/colorblock_detector/cmake/colorblock_detectorConfig-version.cmake
-- Up-to-date: /home/lccc/Desktop/GXS_2024_VisionCode/install/colorblock_detector/share/colorblock_detector/package.xml
