[0.012s] Invoking command in '/home/jason/gxs/GXS_2024_VisionCode/build/colorblock_detector': CMAKE_PREFIX_PATH=/home/jason/gxs/GXS_2024_VisionCode/install/qrmsg:/home/jason/gxs/GXS_2024_VisionCode/install/gxs_serial_driver:/home/jason/gxs/GXS_2024_VisionCode/install/colorblock_detector:/home/jason/gxs/GXS_2024_VisionCode/install/binary_detector:/home/jason/gxs/GXS_2024_VisionCode/install/camera_driver:/home/jason/gxs/GXS_2024_VisionCode/install/adjust_hsv:/home/jason/gxs/GXS_2024_VisionCode/install/line_follow:/opt/ros/humble LD_LIBRARY_PATH=/home/jason/gxs/GXS_2024_VisionCode/install/qrmsg/lib:/home/jason/gxs/GXS_2024_VisionCode/install/gxs_serial_driver/lib:/opt/MVS/lib/64:/opt/MVS/lib/32:/usr/lib/x86_64-linux-gnu/gazebo-11/plugins:/opt/ros/humble/opt/rviz_ogre_vendor/lib:/opt/ros/humble/lib/x86_64-linux-gnu:/opt/ros/humble/lib:/opt/MVS/lib/64:/opt/MVS/lib/32:/opt/MVS/lib/64:/opt/MVS/lib/32 /usr/bin/cmake --build /home/jason/gxs/GXS_2024_VisionCode/build/colorblock_detector -- -j16 -l16
[0.032s] -- Found ament_cmake: 1.3.8 (/opt/ros/humble/share/ament_cmake/cmake)
[0.149s] -- Found rclcpp: 16.0.8 (/opt/ros/humble/share/rclcpp/cmake)
[0.180s] -- Found rosidl_generator_c: 3.1.5 (/opt/ros/humble/share/rosidl_generator_c/cmake)
[0.185s] -- Found rosidl_adapter: 3.1.5 (/opt/ros/humble/share/rosidl_adapter/cmake)
[0.192s] -- Found rosidl_generator_cpp: 3.1.5 (/opt/ros/humble/share/rosidl_generator_cpp/cmake)
[0.205s] -- Using all available rosidl_typesupport_c: rosidl_typesupport_fastrtps_c;rosidl_typesupport_introspection_c
[0.218s] -- Using all available rosidl_typesupport_cpp: rosidl_typesupport_fastrtps_cpp;rosidl_typesupport_introspection_cpp
[0.259s] -- Found rmw_implementation_cmake: 6.1.1 (/opt/ros/humble/share/rmw_implementation_cmake/cmake)
[0.260s] -- Found rmw_fastrtps_cpp: 6.2.6 (/opt/ros/humble/share/rmw_fastrtps_cpp/cmake)
[0.340s] -- Using RMW implementation 'rmw_fastrtps_cpp' as default
[0.433s] -- Found cv_bridge: 3.2.1 (/opt/ros/humble/share/cv_bridge/cmake)
[0.514s] -- Found qrmsg: 0.0.0 (/home/jason/gxs/GXS_2024_VisionCode/install/qrmsg/share/qrmsg/cmake)
[0.565s] -- Configuring done
[0.575s] -- Generating done
[0.576s] -- Build files have been written to: /home/jason/gxs/GXS_2024_VisionCode/build/colorblock_detector
[0.599s] [ 50%] [32mBuilding CXX object CMakeFiles/colorblock.dir/src/colorblock_new.cpp.o[0m
[7.854s] [100%] [32m[1mLinking CXX executable colorblock[0m
[8.422s] [100%] Built target colorblock
[8.428s] Invoked command in '/home/jason/gxs/GXS_2024_VisionCode/build/colorblock_detector' returned '0': CMAKE_PREFIX_PATH=/home/jason/gxs/GXS_2024_VisionCode/install/qrmsg:/home/jason/gxs/GXS_2024_VisionCode/install/gxs_serial_driver:/home/jason/gxs/GXS_2024_VisionCode/install/colorblock_detector:/home/jason/gxs/GXS_2024_VisionCode/install/binary_detector:/home/jason/gxs/GXS_2024_VisionCode/install/camera_driver:/home/jason/gxs/GXS_2024_VisionCode/install/adjust_hsv:/home/jason/gxs/GXS_2024_VisionCode/install/line_follow:/opt/ros/humble LD_LIBRARY_PATH=/home/jason/gxs/GXS_2024_VisionCode/install/qrmsg/lib:/home/jason/gxs/GXS_2024_VisionCode/install/gxs_serial_driver/lib:/opt/MVS/lib/64:/opt/MVS/lib/32:/usr/lib/x86_64-linux-gnu/gazebo-11/plugins:/opt/ros/humble/opt/rviz_ogre_vendor/lib:/opt/ros/humble/lib/x86_64-linux-gnu:/opt/ros/humble/lib:/opt/MVS/lib/64:/opt/MVS/lib/32:/opt/MVS/lib/64:/opt/MVS/lib/32 /usr/bin/cmake --build /home/jason/gxs/GXS_2024_VisionCode/build/colorblock_detector -- -j16 -l16
[8.445s] Invoking command in '/home/jason/gxs/GXS_2024_VisionCode/build/colorblock_detector': CMAKE_PREFIX_PATH=/home/jason/gxs/GXS_2024_VisionCode/install/qrmsg:/home/jason/gxs/GXS_2024_VisionCode/install/gxs_serial_driver:/home/jason/gxs/GXS_2024_VisionCode/install/colorblock_detector:/home/jason/gxs/GXS_2024_VisionCode/install/binary_detector:/home/jason/gxs/GXS_2024_VisionCode/install/camera_driver:/home/jason/gxs/GXS_2024_VisionCode/install/adjust_hsv:/home/jason/gxs/GXS_2024_VisionCode/install/line_follow:/opt/ros/humble LD_LIBRARY_PATH=/home/jason/gxs/GXS_2024_VisionCode/install/qrmsg/lib:/home/jason/gxs/GXS_2024_VisionCode/install/gxs_serial_driver/lib:/opt/MVS/lib/64:/opt/MVS/lib/32:/usr/lib/x86_64-linux-gnu/gazebo-11/plugins:/opt/ros/humble/opt/rviz_ogre_vendor/lib:/opt/ros/humble/lib/x86_64-linux-gnu:/opt/ros/humble/lib:/opt/MVS/lib/64:/opt/MVS/lib/32:/opt/MVS/lib/64:/opt/MVS/lib/32 /usr/bin/cmake --install /home/jason/gxs/GXS_2024_VisionCode/build/colorblock_detector
[8.448s] -- Install configuration: ""
[8.448s] -- Up-to-date: /home/jason/gxs/GXS_2024_VisionCode/install/colorblock_detector/share/colorblock_detector/config
[8.448s] -- Installing: /home/jason/gxs/GXS_2024_VisionCode/install/colorblock_detector/share/colorblock_detector/config/colorblock.yaml
[8.448s] -- Up-to-date: /home/jason/gxs/GXS_2024_VisionCode/install/colorblock_detector/share/colorblock_detector/launch
[8.448s] -- Up-to-date: /home/jason/gxs/GXS_2024_VisionCode/install/colorblock_detector/share/colorblock_detector/launch/bringup.launch.py
[8.448s] -- Installing: /home/jason/gxs/GXS_2024_VisionCode/install/colorblock_detector/lib/colorblock_detector/colorblock
[8.452s] -- Set runtime path of "/home/jason/gxs/GXS_2024_VisionCode/install/colorblock_detector/lib/colorblock_detector/colorblock" to ""
[8.452s] -- Up-to-date: /home/jason/gxs/GXS_2024_VisionCode/install/colorblock_detector/share/ament_index/resource_index/package_run_dependencies/colorblock_detector
[8.452s] -- Up-to-date: /home/jason/gxs/GXS_2024_VisionCode/install/colorblock_detector/share/ament_index/resource_index/parent_prefix_path/colorblock_detector
[8.452s] -- Up-to-date: /home/jason/gxs/GXS_2024_VisionCode/install/colorblock_detector/share/colorblock_detector/environment/ament_prefix_path.sh
[8.453s] -- Installing: /home/jason/gxs/GXS_2024_VisionCode/install/colorblock_detector/share/colorblock_detector/environment/ament_prefix_path.dsv
[8.453s] -- Up-to-date: /home/jason/gxs/GXS_2024_VisionCode/install/colorblock_detector/share/colorblock_detector/environment/path.sh
[8.453s] -- Installing: /home/jason/gxs/GXS_2024_VisionCode/install/colorblock_detector/share/colorblock_detector/environment/path.dsv
[8.453s] -- Up-to-date: /home/jason/gxs/GXS_2024_VisionCode/install/colorblock_detector/share/colorblock_detector/local_setup.bash
[8.453s] -- Up-to-date: /home/jason/gxs/GXS_2024_VisionCode/install/colorblock_detector/share/colorblock_detector/local_setup.sh
[8.453s] -- Up-to-date: /home/jason/gxs/GXS_2024_VisionCode/install/colorblock_detector/share/colorblock_detector/local_setup.zsh
[8.453s] -- Installing: /home/jason/gxs/GXS_2024_VisionCode/install/colorblock_detector/share/colorblock_detector/local_setup.dsv
[8.453s] -- Installing: /home/jason/gxs/GXS_2024_VisionCode/install/colorblock_detector/share/colorblock_detector/package.dsv
[8.453s] -- Up-to-date: /home/jason/gxs/GXS_2024_VisionCode/install/colorblock_detector/share/ament_index/resource_index/packages/colorblock_detector
[8.453s] -- Up-to-date: /home/jason/gxs/GXS_2024_VisionCode/install/colorblock_detector/share/colorblock_detector/cmake/colorblock_detectorConfig.cmake
[8.454s] -- Up-to-date: /home/jason/gxs/GXS_2024_VisionCode/install/colorblock_detector/share/colorblock_detector/cmake/colorblock_detectorConfig-version.cmake
[8.454s] -- Up-to-date: /home/jason/gxs/GXS_2024_VisionCode/install/colorblock_detector/share/colorblock_detector/package.xml
[8.454s] Invoked command in '/home/jason/gxs/GXS_2024_VisionCode/build/colorblock_detector' returned '0': CMAKE_PREFIX_PATH=/home/jason/gxs/GXS_2024_VisionCode/install/qrmsg:/home/jason/gxs/GXS_2024_VisionCode/install/gxs_serial_driver:/home/jason/gxs/GXS_2024_VisionCode/install/colorblock_detector:/home/jason/gxs/GXS_2024_VisionCode/install/binary_detector:/home/jason/gxs/GXS_2024_VisionCode/install/camera_driver:/home/jason/gxs/GXS_2024_VisionCode/install/adjust_hsv:/home/jason/gxs/GXS_2024_VisionCode/install/line_follow:/opt/ros/humble LD_LIBRARY_PATH=/home/jason/gxs/GXS_2024_VisionCode/install/qrmsg/lib:/home/jason/gxs/GXS_2024_VisionCode/install/gxs_serial_driver/lib:/opt/MVS/lib/64:/opt/MVS/lib/32:/usr/lib/x86_64-linux-gnu/gazebo-11/plugins:/opt/ros/humble/opt/rviz_ogre_vendor/lib:/opt/ros/humble/lib/x86_64-linux-gnu:/opt/ros/humble/lib:/opt/MVS/lib/64:/opt/MVS/lib/32:/opt/MVS/lib/64:/opt/MVS/lib/32 /usr/bin/cmake --install /home/jason/gxs/GXS_2024_VisionCode/build/colorblock_detector
