[ 50%] [32mBuilding CXX object CMakeFiles/colorblock.dir/src/colorblock_new.cpp.o[0m
In file included from [01m[K/opt/ros/humble/include/rclcpp/rclcpp/logging.hpp:24[m[K,
                 from [01m[K/opt/ros/humble/include/rclcpp/rclcpp/client.hpp:40[m[K,
                 from [01m[K/opt/ros/humble/include/rclcpp/rclcpp/callback_group.hpp:24[m[K,
                 from [01m[K/opt/ros/humble/include/rclcpp/rclcpp/any_executable.hpp:20[m[K,
                 from [01m[K/opt/ros/humble/include/rclcpp/rclcpp/memory_strategy.hpp:25[m[K,
                 from [01m[K/opt/ros/humble/include/rclcpp/rclcpp/memory_strategies.hpp:18[m[K,
                 from [01m[K/opt/ros/humble/include/rclcpp/rclcpp/executor_options.hpp:20[m[K,
                 from [01m[K/opt/ros/humble/include/rclcpp/rclcpp/executor.hpp:37[m[K,
                 from [01m[K/opt/ros/humble/include/rclcpp/rclcpp/executors/multi_threaded_executor.hpp:25[m[K,
                 from [01m[K/opt/ros/humble/include/rclcpp/rclcpp/executors.hpp:21[m[K,
                 from [01m[K/opt/ros/humble/include/rclcpp/rclcpp/rclcpp.hpp:155[m[K,
                 from [01m[K/home/lccc/Desktop/GXS_2024_VisionCode/src/colorblock_detector/src/colorblock_new.cpp:1[m[K:
[01m[K/home/lccc/Desktop/GXS_2024_VisionCode/src/colorblock_detector/src/colorblock_new.cpp:[m[K In member function ‘[01m[Kvoid SearchResponse::searchblock(qrmsg::msg::Qr_<std::allocator<void> >::SharedPtr)[m[K’:
[01m[K/home/lccc/Desktop/GXS_2024_VisionCode/src/colorblock_detector/src/colorblock_new.cpp:248:45:[m[K [01;35m[Kwarning: [m[Kformat ‘[01m[K%d[m[K’ expects argument of type ‘[01m[Kint[m[K’, but argument 5 has type ‘[01m[Kqrmsg::msg::Qr_<std::allocator<void> >::_num_type[m[K’ {aka ‘[01m[Klong int[m[K’} [[01;35m[K]8;;https://gcc.gnu.org/onlinedocs/gcc/Warning-Options.html#index-Wformat=-Wformat=]8;;[m[K]
  248 |             RCLCPP_INFO(this->get_logger(), [01;35m[K"colorblock out of index : %d"[m[K, [32m[Kmsg->num[m[K);
      |                                             [01;35m[K^~~~~~~~~~~~~~~~~~~~~~~~~~~~~~[m[K  [32m[K~~~~~~~~[m[K
      |                                                                                  [32m[K|[m[K
      |                                                                                  [32m[Kqrmsg::msg::Qr_<std::allocator<void> >::_num_type {aka long int}[m[K
[01m[K/home/lccc/Desktop/GXS_2024_VisionCode/src/colorblock_detector/src/colorblock_new.cpp:248:73:[m[K [01;36m[Knote: [m[Kformat string is defined here
  248 | RCLCPP_INFO(this->get_logger(), "colorblock out of index : [01;36m[K%d[m[K", msg->num);
      |                                                            [01;36m[K~^[m[K
      |                                                             [01;36m[K|[m[K
      |                                                             [01;36m[Kint[m[K
      |                                                            [32m[K%ld[m[K
[100%] [32m[1mLinking CXX executable colorblock[0m
[100%] Built target colorblock
-- Install configuration: ""
-- Up-to-date: /home/lccc/Desktop/GXS_2024_VisionCode/install/colorblock_detector/share/colorblock_detector/config
-- Up-to-date: /home/lccc/Desktop/GXS_2024_VisionCode/install/colorblock_detector/share/colorblock_detector/config/colorblock.yaml
-- Up-to-date: /home/lccc/Desktop/GXS_2024_VisionCode/install/colorblock_detector/share/colorblock_detector/launch
-- Up-to-date: /home/lccc/Desktop/GXS_2024_VisionCode/install/colorblock_detector/share/colorblock_detector/launch/bringup.launch.py
-- Installing: /home/lccc/Desktop/GXS_2024_VisionCode/install/colorblock_detector/lib/colorblock_detector/colorblock
-- Set runtime path of "/home/lccc/Desktop/GXS_2024_VisionCode/install/colorblock_detector/lib/colorblock_detector/colorblock" to ""
-- Up-to-date: /home/lccc/Desktop/GXS_2024_VisionCode/install/colorblock_detector/share/ament_index/resource_index/package_run_dependencies/colorblock_detector
-- Up-to-date: /home/lccc/Desktop/GXS_2024_VisionCode/install/colorblock_detector/share/ament_index/resource_index/parent_prefix_path/colorblock_detector
-- Up-to-date: /home/lccc/Desktop/GXS_2024_VisionCode/install/colorblock_detector/share/colorblock_detector/environment/ament_prefix_path.sh
-- Up-to-date: /home/lccc/Desktop/GXS_2024_VisionCode/install/colorblock_detector/share/colorblock_detector/environment/ament_prefix_path.dsv
-- Up-to-date: /home/lccc/Desktop/GXS_2024_VisionCode/install/colorblock_detector/share/colorblock_detector/environment/path.sh
-- Up-to-date: /home/lccc/Desktop/GXS_2024_VisionCode/install/colorblock_detector/share/colorblock_detector/environment/path.dsv
-- Up-to-date: /home/lccc/Desktop/GXS_2024_VisionCode/install/colorblock_detector/share/colorblock_detector/local_setup.bash
-- Up-to-date: /home/lccc/Desktop/GXS_2024_VisionCode/install/colorblock_detector/share/colorblock_detector/local_setup.sh
-- Up-to-date: /home/lccc/Desktop/GXS_2024_VisionCode/install/colorblock_detector/share/colorblock_detector/local_setup.zsh
-- Up-to-date: /home/lccc/Desktop/GXS_2024_VisionCode/install/colorblock_detector/share/colorblock_detector/local_setup.dsv
-- Installing: /home/lccc/Desktop/GXS_2024_VisionCode/install/colorblock_detector/share/colorblock_detector/package.dsv
-- Up-to-date: /home/lccc/Desktop/GXS_2024_VisionCode/install/colorblock_detector/share/ament_index/resource_index/packages/colorblock_detector
-- Up-to-date: /home/lccc/Desktop/GXS_2024_VisionCode/install/colorblock_detector/share/colorblock_detector/cmake/colorblock_detectorConfig.cmake
-- Up-to-date: /home/lccc/Desktop/GXS_2024_VisionCode/install/colorblock_detector/share/colorblock_detector/cmake/colorblock_detectorConfig-version.cmake
-- Up-to-date: /home/lccc/Desktop/GXS_2024_VisionCode/install/colorblock_detector/share/colorblock_detector/package.xml
