[0.010s] Invoking command in '/home/lccc/Desktop/GXS_2024_VisionCode/build/qrmsg': CMAKE_PREFIX_PATH=/opt/ros/humble /usr/bin/cmake --build /home/lccc/Desktop/GXS_2024_VisionCode/build/qrmsg -- -j16 -l16
[0.055s] [35m[1mConsolidate compiler generated dependencies of target qrmsg__rosidl_generator_c[0m
[0.062s] [ 10%] Built target qrmsg__rosidl_generator_c
[0.064s] [ 12%] Built target qrmsg__cpp
[0.073s] [35m[1mConsolidate compiler generated dependencies of target qrmsg__rosidl_typesupport_c[0m
[0.075s] [35m[1mConsolidate compiler generated dependencies of target qrmsg__rosidl_typesupport_fastrtps_cpp[0m
[0.075s] [35m[1mConsolidate compiler generated dependencies of target qrmsg__rosidl_typesupport_cpp[0m
[0.076s] [35m[1mConsolidate compiler generated dependencies of target qrmsg__rosidl_typesupport_fastrtps_c[0m
[0.077s] [35m[1mConsolidate compiler generated dependencies of target qrmsg__rosidl_typesupport_introspection_c[0m
[0.079s] [35m[1mConsolidate compiler generated dependencies of target qrmsg__rosidl_typesupport_introspection_cpp[0m
[0.082s] [ 12%] Built target ament_cmake_python_copy_qrmsg
[0.085s] [ 23%] Built target qrmsg__rosidl_typesupport_c
[0.086s] [ 34%] Built target qrmsg__rosidl_typesupport_fastrtps_cpp
[0.087s] [ 44%] Built target qrmsg__rosidl_typesupport_introspection_c
[0.088s] [ 55%] Built target qrmsg__rosidl_typesupport_cpp
[0.090s] [ 65%] Built target qrmsg__rosidl_typesupport_introspection_cpp
[0.091s] [ 76%] Built target qrmsg__rosidl_typesupport_fastrtps_c
[0.108s] [ 76%] Built target qrmsg
[0.125s] [ 78%] Built target qrmsg__py
[0.136s] [35m[1mConsolidate compiler generated dependencies of target qrmsg__rosidl_generator_py[0m
[0.148s] [ 87%] Built target qrmsg__rosidl_generator_py
[0.156s] [35m[1mConsolidate compiler generated dependencies of target qrmsg__rosidl_typesupport_c__pyext[0m
[0.156s] [35m[1mConsolidate compiler generated dependencies of target qrmsg__rosidl_typesupport_fastrtps_c__pyext[0m
[0.158s] [35m[1mConsolidate compiler generated dependencies of target qrmsg__rosidl_typesupport_introspection_c__pyext[0m
[0.165s] [ 91%] Built target qrmsg__rosidl_typesupport_c__pyext
[0.165s] [ 95%] Built target qrmsg__rosidl_typesupport_fastrtps_c__pyext
[0.168s] [100%] Built target qrmsg__rosidl_typesupport_introspection_c__pyext
[0.218s] running egg_info
[0.219s] writing qrmsg.egg-info/PKG-INFO
[0.219s] writing dependency_links to qrmsg.egg-info/dependency_links.txt
[0.219s] writing top-level names to qrmsg.egg-info/top_level.txt
[0.221s] reading manifest file 'qrmsg.egg-info/SOURCES.txt'
[0.222s] writing manifest file 'qrmsg.egg-info/SOURCES.txt'
[0.240s] [100%] Built target ament_cmake_python_build_qrmsg_egg
[0.250s] Invoked command in '/home/lccc/Desktop/GXS_2024_VisionCode/build/qrmsg' returned '0': CMAKE_PREFIX_PATH=/opt/ros/humble /usr/bin/cmake --build /home/lccc/Desktop/GXS_2024_VisionCode/build/qrmsg -- -j16 -l16
[0.317s] Invoking command in '/home/lccc/Desktop/GXS_2024_VisionCode/build/qrmsg': CMAKE_PREFIX_PATH=/opt/ros/humble /usr/bin/cmake --install /home/lccc/Desktop/GXS_2024_VisionCode/build/qrmsg
[0.324s] -- Install configuration: ""
[0.324s] -- Up-to-date: /home/lccc/Desktop/GXS_2024_VisionCode/install/qrmsg/share/ament_index/resource_index/rosidl_interfaces/qrmsg
[0.324s] -- Up-to-date: /home/lccc/Desktop/GXS_2024_VisionCode/install/qrmsg/include/qrmsg/qrmsg
[0.324s] -- Up-to-date: /home/lccc/Desktop/GXS_2024_VisionCode/install/qrmsg/include/qrmsg/qrmsg/srv
[0.324s] -- Up-to-date: /home/lccc/Desktop/GXS_2024_VisionCode/install/qrmsg/include/qrmsg/qrmsg/srv/detail
[0.324s] -- Up-to-date: /home/lccc/Desktop/GXS_2024_VisionCode/install/qrmsg/include/qrmsg/qrmsg/srv/detail/qr__functions.c
[0.324s] -- Up-to-date: /home/lccc/Desktop/GXS_2024_VisionCode/install/qrmsg/include/qrmsg/qrmsg/srv/detail/qr__struct.h
[0.324s] -- Up-to-date: /home/lccc/Desktop/GXS_2024_VisionCode/install/qrmsg/include/qrmsg/qrmsg/srv/detail/qr__functions.h
[0.324s] -- Up-to-date: /home/lccc/Desktop/GXS_2024_VisionCode/install/qrmsg/include/qrmsg/qrmsg/srv/detail/qr__type_support.h
[0.324s] -- Up-to-date: /home/lccc/Desktop/GXS_2024_VisionCode/install/qrmsg/include/qrmsg/qrmsg/srv/qr.h
[0.324s] -- Up-to-date: /home/lccc/Desktop/GXS_2024_VisionCode/install/qrmsg/include/qrmsg/qrmsg/msg
[0.324s] -- Up-to-date: /home/lccc/Desktop/GXS_2024_VisionCode/install/qrmsg/include/qrmsg/qrmsg/msg/rosidl_generator_c__visibility_control.h
[0.324s] -- Up-to-date: /home/lccc/Desktop/GXS_2024_VisionCode/install/qrmsg/include/qrmsg/qrmsg/msg/detail
[0.324s] -- Up-to-date: /home/lccc/Desktop/GXS_2024_VisionCode/install/qrmsg/include/qrmsg/qrmsg/msg/detail/qr__functions.c
[0.324s] -- Up-to-date: /home/lccc/Desktop/GXS_2024_VisionCode/install/qrmsg/include/qrmsg/qrmsg/msg/detail/qr__struct.h
[0.324s] -- Up-to-date: /home/lccc/Desktop/GXS_2024_VisionCode/install/qrmsg/include/qrmsg/qrmsg/msg/detail/lf__struct.h
[0.324s] -- Up-to-date: /home/lccc/Desktop/GXS_2024_VisionCode/install/qrmsg/include/qrmsg/qrmsg/msg/detail/qr__functions.h
[0.324s] -- Up-to-date: /home/lccc/Desktop/GXS_2024_VisionCode/install/qrmsg/include/qrmsg/qrmsg/msg/detail/lf__type_support.h
[0.324s] -- Up-to-date: /home/lccc/Desktop/GXS_2024_VisionCode/install/qrmsg/include/qrmsg/qrmsg/msg/detail/lf__functions.h
[0.324s] -- Up-to-date: /home/lccc/Desktop/GXS_2024_VisionCode/install/qrmsg/include/qrmsg/qrmsg/msg/detail/lf__functions.c
[0.324s] -- Up-to-date: /home/lccc/Desktop/GXS_2024_VisionCode/install/qrmsg/include/qrmsg/qrmsg/msg/detail/qr__type_support.h
[0.324s] -- Up-to-date: /home/lccc/Desktop/GXS_2024_VisionCode/install/qrmsg/include/qrmsg/qrmsg/msg/qr.h
[0.324s] -- Up-to-date: /home/lccc/Desktop/GXS_2024_VisionCode/install/qrmsg/include/qrmsg/qrmsg/msg/lf.h
[0.324s] -- Up-to-date: /home/lccc/Desktop/GXS_2024_VisionCode/install/qrmsg/share/qrmsg/environment/library_path.sh
[0.324s] -- Up-to-date: /home/lccc/Desktop/GXS_2024_VisionCode/install/qrmsg/share/qrmsg/environment/library_path.dsv
[0.324s] -- Up-to-date: /home/lccc/Desktop/GXS_2024_VisionCode/install/qrmsg/lib/libqrmsg__rosidl_generator_c.so
[0.325s] -- Up-to-date: /home/lccc/Desktop/GXS_2024_VisionCode/install/qrmsg/include/qrmsg/qrmsg
[0.325s] -- Up-to-date: /home/lccc/Desktop/GXS_2024_VisionCode/install/qrmsg/include/qrmsg/qrmsg/srv
[0.325s] -- Up-to-date: /home/lccc/Desktop/GXS_2024_VisionCode/install/qrmsg/include/qrmsg/qrmsg/srv/detail
[0.325s] -- Up-to-date: /home/lccc/Desktop/GXS_2024_VisionCode/install/qrmsg/include/qrmsg/qrmsg/srv/detail/qr__rosidl_typesupport_fastrtps_c.h
[0.325s] -- Up-to-date: /home/lccc/Desktop/GXS_2024_VisionCode/install/qrmsg/include/qrmsg/qrmsg/msg
[0.325s] -- Up-to-date: /home/lccc/Desktop/GXS_2024_VisionCode/install/qrmsg/include/qrmsg/qrmsg/msg/detail
[0.325s] -- Up-to-date: /home/lccc/Desktop/GXS_2024_VisionCode/install/qrmsg/include/qrmsg/qrmsg/msg/detail/lf__rosidl_typesupport_fastrtps_c.h
[0.325s] -- Up-to-date: /home/lccc/Desktop/GXS_2024_VisionCode/install/qrmsg/include/qrmsg/qrmsg/msg/detail/qr__rosidl_typesupport_fastrtps_c.h
[0.325s] -- Up-to-date: /home/lccc/Desktop/GXS_2024_VisionCode/install/qrmsg/include/qrmsg/qrmsg/msg/rosidl_typesupport_fastrtps_c__visibility_control.h
[0.325s] -- Up-to-date: /home/lccc/Desktop/GXS_2024_VisionCode/install/qrmsg/lib/libqrmsg__rosidl_typesupport_fastrtps_c.so
[0.325s] -- Up-to-date: /home/lccc/Desktop/GXS_2024_VisionCode/install/qrmsg/include/qrmsg/qrmsg
[0.325s] -- Up-to-date: /home/lccc/Desktop/GXS_2024_VisionCode/install/qrmsg/include/qrmsg/qrmsg/srv
[0.325s] -- Up-to-date: /home/lccc/Desktop/GXS_2024_VisionCode/install/qrmsg/include/qrmsg/qrmsg/srv/detail
[0.325s] -- Up-to-date: /home/lccc/Desktop/GXS_2024_VisionCode/install/qrmsg/include/qrmsg/qrmsg/srv/detail/qr__rosidl_typesupport_introspection_c.h
[0.325s] -- Up-to-date: /home/lccc/Desktop/GXS_2024_VisionCode/install/qrmsg/include/qrmsg/qrmsg/srv/detail/qr__type_support.c
[0.325s] -- Up-to-date: /home/lccc/Desktop/GXS_2024_VisionCode/install/qrmsg/include/qrmsg/qrmsg/msg
[0.325s] -- Up-to-date: /home/lccc/Desktop/GXS_2024_VisionCode/install/qrmsg/include/qrmsg/qrmsg/msg/rosidl_typesupport_introspection_c__visibility_control.h
[0.325s] -- Up-to-date: /home/lccc/Desktop/GXS_2024_VisionCode/install/qrmsg/include/qrmsg/qrmsg/msg/detail
[0.325s] -- Up-to-date: /home/lccc/Desktop/GXS_2024_VisionCode/install/qrmsg/include/qrmsg/qrmsg/msg/detail/qr__rosidl_typesupport_introspection_c.h
[0.325s] -- Up-to-date: /home/lccc/Desktop/GXS_2024_VisionCode/install/qrmsg/include/qrmsg/qrmsg/msg/detail/lf__type_support.c
[0.325s] -- Up-to-date: /home/lccc/Desktop/GXS_2024_VisionCode/install/qrmsg/include/qrmsg/qrmsg/msg/detail/qr__type_support.c
[0.325s] -- Up-to-date: /home/lccc/Desktop/GXS_2024_VisionCode/install/qrmsg/include/qrmsg/qrmsg/msg/detail/lf__rosidl_typesupport_introspection_c.h
[0.326s] -- Up-to-date: /home/lccc/Desktop/GXS_2024_VisionCode/install/qrmsg/lib/libqrmsg__rosidl_typesupport_introspection_c.so
[0.326s] -- Up-to-date: /home/lccc/Desktop/GXS_2024_VisionCode/install/qrmsg/lib/libqrmsg__rosidl_typesupport_c.so
[0.326s] -- Up-to-date: /home/lccc/Desktop/GXS_2024_VisionCode/install/qrmsg/include/qrmsg/qrmsg
[0.326s] -- Up-to-date: /home/lccc/Desktop/GXS_2024_VisionCode/install/qrmsg/include/qrmsg/qrmsg/srv
[0.326s] -- Up-to-date: /home/lccc/Desktop/GXS_2024_VisionCode/install/qrmsg/include/qrmsg/qrmsg/srv/detail
[0.326s] -- Up-to-date: /home/lccc/Desktop/GXS_2024_VisionCode/install/qrmsg/include/qrmsg/qrmsg/srv/detail/qr__struct.hpp
[0.327s] -- Up-to-date: /home/lccc/Desktop/GXS_2024_VisionCode/install/qrmsg/include/qrmsg/qrmsg/srv/detail/qr__traits.hpp
[0.327s] -- Up-to-date: /home/lccc/Desktop/GXS_2024_VisionCode/install/qrmsg/include/qrmsg/qrmsg/srv/detail/qr__builder.hpp
[0.327s] -- Up-to-date: /home/lccc/Desktop/GXS_2024_VisionCode/install/qrmsg/include/qrmsg/qrmsg/srv/qr.hpp
[0.327s] -- Up-to-date: /home/lccc/Desktop/GXS_2024_VisionCode/install/qrmsg/include/qrmsg/qrmsg/msg
[0.327s] -- Up-to-date: /home/lccc/Desktop/GXS_2024_VisionCode/install/qrmsg/include/qrmsg/qrmsg/msg/detail
[0.327s] -- Up-to-date: /home/lccc/Desktop/GXS_2024_VisionCode/install/qrmsg/include/qrmsg/qrmsg/msg/detail/qr__struct.hpp
[0.327s] -- Up-to-date: /home/lccc/Desktop/GXS_2024_VisionCode/install/qrmsg/include/qrmsg/qrmsg/msg/detail/lf__struct.hpp
[0.327s] -- Up-to-date: /home/lccc/Desktop/GXS_2024_VisionCode/install/qrmsg/include/qrmsg/qrmsg/msg/detail/lf__builder.hpp
[0.327s] -- Up-to-date: /home/lccc/Desktop/GXS_2024_VisionCode/install/qrmsg/include/qrmsg/qrmsg/msg/detail/qr__traits.hpp
[0.327s] -- Up-to-date: /home/lccc/Desktop/GXS_2024_VisionCode/install/qrmsg/include/qrmsg/qrmsg/msg/detail/qr__builder.hpp
[0.327s] -- Up-to-date: /home/lccc/Desktop/GXS_2024_VisionCode/install/qrmsg/include/qrmsg/qrmsg/msg/detail/lf__traits.hpp
[0.327s] -- Up-to-date: /home/lccc/Desktop/GXS_2024_VisionCode/install/qrmsg/include/qrmsg/qrmsg/msg/lf.hpp
[0.327s] -- Up-to-date: /home/lccc/Desktop/GXS_2024_VisionCode/install/qrmsg/include/qrmsg/qrmsg/msg/qr.hpp
[0.327s] -- Up-to-date: /home/lccc/Desktop/GXS_2024_VisionCode/install/qrmsg/include/qrmsg/qrmsg
[0.327s] -- Up-to-date: /home/lccc/Desktop/GXS_2024_VisionCode/install/qrmsg/include/qrmsg/qrmsg/srv
[0.328s] -- Up-to-date: /home/lccc/Desktop/GXS_2024_VisionCode/install/qrmsg/include/qrmsg/qrmsg/srv/detail
[0.328s] -- Up-to-date: /home/lccc/Desktop/GXS_2024_VisionCode/install/qrmsg/include/qrmsg/qrmsg/srv/detail/dds_fastrtps
[0.328s] -- Up-to-date: /home/lccc/Desktop/GXS_2024_VisionCode/install/qrmsg/include/qrmsg/qrmsg/srv/detail/qr__rosidl_typesupport_fastrtps_cpp.hpp
[0.328s] -- Up-to-date: /home/lccc/Desktop/GXS_2024_VisionCode/install/qrmsg/include/qrmsg/qrmsg/msg
[0.328s] -- Up-to-date: /home/lccc/Desktop/GXS_2024_VisionCode/install/qrmsg/include/qrmsg/qrmsg/msg/rosidl_typesupport_fastrtps_cpp__visibility_control.h
[0.328s] -- Up-to-date: /home/lccc/Desktop/GXS_2024_VisionCode/install/qrmsg/include/qrmsg/qrmsg/msg/detail
[0.328s] -- Up-to-date: /home/lccc/Desktop/GXS_2024_VisionCode/install/qrmsg/include/qrmsg/qrmsg/msg/detail/lf__rosidl_typesupport_fastrtps_cpp.hpp
[0.328s] -- Up-to-date: /home/lccc/Desktop/GXS_2024_VisionCode/install/qrmsg/include/qrmsg/qrmsg/msg/detail/dds_fastrtps
[0.328s] -- Up-to-date: /home/lccc/Desktop/GXS_2024_VisionCode/install/qrmsg/include/qrmsg/qrmsg/msg/detail/qr__rosidl_typesupport_fastrtps_cpp.hpp
[0.328s] -- Up-to-date: /home/lccc/Desktop/GXS_2024_VisionCode/install/qrmsg/lib/libqrmsg__rosidl_typesupport_fastrtps_cpp.so
[0.328s] -- Up-to-date: /home/lccc/Desktop/GXS_2024_VisionCode/install/qrmsg/include/qrmsg/qrmsg
[0.328s] -- Up-to-date: /home/lccc/Desktop/GXS_2024_VisionCode/install/qrmsg/include/qrmsg/qrmsg/srv
[0.328s] -- Up-to-date: /home/lccc/Desktop/GXS_2024_VisionCode/install/qrmsg/include/qrmsg/qrmsg/srv/detail
[0.328s] -- Up-to-date: /home/lccc/Desktop/GXS_2024_VisionCode/install/qrmsg/include/qrmsg/qrmsg/srv/detail/qr__rosidl_typesupport_introspection_cpp.hpp
[0.328s] -- Up-to-date: /home/lccc/Desktop/GXS_2024_VisionCode/install/qrmsg/include/qrmsg/qrmsg/srv/detail/qr__type_support.cpp
[0.328s] -- Up-to-date: /home/lccc/Desktop/GXS_2024_VisionCode/install/qrmsg/include/qrmsg/qrmsg/msg
[0.329s] -- Up-to-date: /home/lccc/Desktop/GXS_2024_VisionCode/install/qrmsg/include/qrmsg/qrmsg/msg/detail
[0.329s] -- Up-to-date: /home/lccc/Desktop/GXS_2024_VisionCode/install/qrmsg/include/qrmsg/qrmsg/msg/detail/lf__rosidl_typesupport_introspection_cpp.hpp
[0.329s] -- Up-to-date: /home/lccc/Desktop/GXS_2024_VisionCode/install/qrmsg/include/qrmsg/qrmsg/msg/detail/lf__type_support.cpp
[0.329s] -- Up-to-date: /home/lccc/Desktop/GXS_2024_VisionCode/install/qrmsg/include/qrmsg/qrmsg/msg/detail/qr__rosidl_typesupport_introspection_cpp.hpp
[0.329s] -- Up-to-date: /home/lccc/Desktop/GXS_2024_VisionCode/install/qrmsg/include/qrmsg/qrmsg/msg/detail/qr__type_support.cpp
[0.329s] -- Up-to-date: /home/lccc/Desktop/GXS_2024_VisionCode/install/qrmsg/lib/libqrmsg__rosidl_typesupport_introspection_cpp.so
[0.329s] -- Up-to-date: /home/lccc/Desktop/GXS_2024_VisionCode/install/qrmsg/lib/libqrmsg__rosidl_typesupport_cpp.so
[0.329s] -- Up-to-date: /home/lccc/Desktop/GXS_2024_VisionCode/install/qrmsg/share/qrmsg/environment/pythonpath.sh
[0.329s] -- Up-to-date: /home/lccc/Desktop/GXS_2024_VisionCode/install/qrmsg/share/qrmsg/environment/pythonpath.dsv
[0.329s] -- Up-to-date: /home/lccc/Desktop/GXS_2024_VisionCode/install/qrmsg/local/lib/python3.10/dist-packages/qrmsg-0.0.0-py3.10.egg-info
[0.329s] -- Installing: /home/lccc/Desktop/GXS_2024_VisionCode/install/qrmsg/local/lib/python3.10/dist-packages/qrmsg-0.0.0-py3.10.egg-info/PKG-INFO
[0.329s] -- Installing: /home/lccc/Desktop/GXS_2024_VisionCode/install/qrmsg/local/lib/python3.10/dist-packages/qrmsg-0.0.0-py3.10.egg-info/top_level.txt
[0.329s] -- Installing: /home/lccc/Desktop/GXS_2024_VisionCode/install/qrmsg/local/lib/python3.10/dist-packages/qrmsg-0.0.0-py3.10.egg-info/SOURCES.txt
[0.329s] -- Installing: /home/lccc/Desktop/GXS_2024_VisionCode/install/qrmsg/local/lib/python3.10/dist-packages/qrmsg-0.0.0-py3.10.egg-info/dependency_links.txt
[0.329s] -- Up-to-date: /home/lccc/Desktop/GXS_2024_VisionCode/install/qrmsg/local/lib/python3.10/dist-packages/qrmsg
[0.329s] -- Up-to-date: /home/lccc/Desktop/GXS_2024_VisionCode/install/qrmsg/local/lib/python3.10/dist-packages/qrmsg/srv
[0.329s] -- Up-to-date: /home/lccc/Desktop/GXS_2024_VisionCode/install/qrmsg/local/lib/python3.10/dist-packages/qrmsg/srv/_qr.py
[0.330s] -- Up-to-date: /home/lccc/Desktop/GXS_2024_VisionCode/install/qrmsg/local/lib/python3.10/dist-packages/qrmsg/srv/__init__.py
[0.330s] -- Up-to-date: /home/lccc/Desktop/GXS_2024_VisionCode/install/qrmsg/local/lib/python3.10/dist-packages/qrmsg/srv/_qr_s.c
[0.330s] -- Up-to-date: /home/lccc/Desktop/GXS_2024_VisionCode/install/qrmsg/local/lib/python3.10/dist-packages/qrmsg/__init__.py
[0.330s] -- Up-to-date: /home/lccc/Desktop/GXS_2024_VisionCode/install/qrmsg/local/lib/python3.10/dist-packages/qrmsg/libqrmsg__rosidl_generator_py.so
[0.330s] -- Up-to-date: /home/lccc/Desktop/GXS_2024_VisionCode/install/qrmsg/local/lib/python3.10/dist-packages/qrmsg/qrmsg_s__rosidl_typesupport_fastrtps_c.cpython-310-x86_64-linux-gnu.so
[0.330s] -- Up-to-date: /home/lccc/Desktop/GXS_2024_VisionCode/install/qrmsg/local/lib/python3.10/dist-packages/qrmsg/_qrmsg_s.ep.rosidl_typesupport_introspection_c.c
[0.330s] -- Up-to-date: /home/lccc/Desktop/GXS_2024_VisionCode/install/qrmsg/local/lib/python3.10/dist-packages/qrmsg/qrmsg_s__rosidl_typesupport_introspection_c.cpython-310-x86_64-linux-gnu.so
[0.330s] -- Up-to-date: /home/lccc/Desktop/GXS_2024_VisionCode/install/qrmsg/local/lib/python3.10/dist-packages/qrmsg/msg
[0.330s] -- Up-to-date: /home/lccc/Desktop/GXS_2024_VisionCode/install/qrmsg/local/lib/python3.10/dist-packages/qrmsg/msg/_qr.py
[0.330s] -- Up-to-date: /home/lccc/Desktop/GXS_2024_VisionCode/install/qrmsg/local/lib/python3.10/dist-packages/qrmsg/msg/__init__.py
[0.330s] -- Up-to-date: /home/lccc/Desktop/GXS_2024_VisionCode/install/qrmsg/local/lib/python3.10/dist-packages/qrmsg/msg/_lf.py
[0.330s] -- Up-to-date: /home/lccc/Desktop/GXS_2024_VisionCode/install/qrmsg/local/lib/python3.10/dist-packages/qrmsg/msg/_qr_s.c
[0.330s] -- Up-to-date: /home/lccc/Desktop/GXS_2024_VisionCode/install/qrmsg/local/lib/python3.10/dist-packages/qrmsg/msg/_lf_s.c
[0.330s] -- Up-to-date: /home/lccc/Desktop/GXS_2024_VisionCode/install/qrmsg/local/lib/python3.10/dist-packages/qrmsg/_qrmsg_s.ep.rosidl_typesupport_c.c
[0.330s] -- Up-to-date: /home/lccc/Desktop/GXS_2024_VisionCode/install/qrmsg/local/lib/python3.10/dist-packages/qrmsg/_qrmsg_s.ep.rosidl_typesupport_fastrtps_c.c
[0.331s] -- Up-to-date: /home/lccc/Desktop/GXS_2024_VisionCode/install/qrmsg/local/lib/python3.10/dist-packages/qrmsg/qrmsg_s__rosidl_typesupport_c.cpython-310-x86_64-linux-gnu.so
[0.354s] Listing '/home/lccc/Desktop/GXS_2024_VisionCode/install/qrmsg/local/lib/python3.10/dist-packages/qrmsg'...
[0.354s] Listing '/home/lccc/Desktop/GXS_2024_VisionCode/install/qrmsg/local/lib/python3.10/dist-packages/qrmsg/msg'...
[0.355s] Listing '/home/lccc/Desktop/GXS_2024_VisionCode/install/qrmsg/local/lib/python3.10/dist-packages/qrmsg/srv'...
[0.357s] -- Up-to-date: /home/lccc/Desktop/GXS_2024_VisionCode/install/qrmsg/local/lib/python3.10/dist-packages/qrmsg/qrmsg_s__rosidl_typesupport_fastrtps_c.cpython-310-x86_64-linux-gnu.so
[0.358s] -- Up-to-date: /home/lccc/Desktop/GXS_2024_VisionCode/install/qrmsg/local/lib/python3.10/dist-packages/qrmsg/qrmsg_s__rosidl_typesupport_introspection_c.cpython-310-x86_64-linux-gnu.so
[0.358s] -- Up-to-date: /home/lccc/Desktop/GXS_2024_VisionCode/install/qrmsg/local/lib/python3.10/dist-packages/qrmsg/qrmsg_s__rosidl_typesupport_c.cpython-310-x86_64-linux-gnu.so
[0.359s] -- Up-to-date: /home/lccc/Desktop/GXS_2024_VisionCode/install/qrmsg/lib/libqrmsg__rosidl_generator_py.so
[0.359s] -- Up-to-date: /home/lccc/Desktop/GXS_2024_VisionCode/install/qrmsg/share/qrmsg/srv/Qr.idl
[0.359s] -- Up-to-date: /home/lccc/Desktop/GXS_2024_VisionCode/install/qrmsg/share/qrmsg/msg/Lf.idl
[0.359s] -- Up-to-date: /home/lccc/Desktop/GXS_2024_VisionCode/install/qrmsg/share/qrmsg/msg/Qr.idl
[0.359s] -- Up-to-date: /home/lccc/Desktop/GXS_2024_VisionCode/install/qrmsg/share/qrmsg/srv/Qr.srv
[0.359s] -- Up-to-date: /home/lccc/Desktop/GXS_2024_VisionCode/install/qrmsg/share/qrmsg/srv/Qr_Request.msg
[0.359s] -- Up-to-date: /home/lccc/Desktop/GXS_2024_VisionCode/install/qrmsg/share/qrmsg/srv/Qr_Response.msg
[0.360s] -- Up-to-date: /home/lccc/Desktop/GXS_2024_VisionCode/install/qrmsg/share/qrmsg/msg/Lf.msg
[0.360s] -- Up-to-date: /home/lccc/Desktop/GXS_2024_VisionCode/install/qrmsg/share/qrmsg/msg/Qr.msg
[0.360s] -- Up-to-date: /home/lccc/Desktop/GXS_2024_VisionCode/install/qrmsg/share/qrmsg/srv
[0.360s] -- Up-to-date: /home/lccc/Desktop/GXS_2024_VisionCode/install/qrmsg/share/qrmsg/srv/Qr.srv
[0.360s] -- Up-to-date: /home/lccc/Desktop/GXS_2024_VisionCode/install/qrmsg/share/qrmsg/msg
[0.360s] -- Up-to-date: /home/lccc/Desktop/GXS_2024_VisionCode/install/qrmsg/share/qrmsg/msg/Qr.msg
[0.360s] -- Up-to-date: /home/lccc/Desktop/GXS_2024_VisionCode/install/qrmsg/share/qrmsg/msg/Lf.msg
[0.360s] -- Up-to-date: /home/lccc/Desktop/GXS_2024_VisionCode/install/qrmsg/share/ament_index/resource_index/package_run_dependencies/qrmsg
[0.360s] -- Up-to-date: /home/lccc/Desktop/GXS_2024_VisionCode/install/qrmsg/share/ament_index/resource_index/parent_prefix_path/qrmsg
[0.360s] -- Up-to-date: /home/lccc/Desktop/GXS_2024_VisionCode/install/qrmsg/share/qrmsg/environment/ament_prefix_path.sh
[0.360s] -- Up-to-date: /home/lccc/Desktop/GXS_2024_VisionCode/install/qrmsg/share/qrmsg/environment/ament_prefix_path.dsv
[0.360s] -- Up-to-date: /home/lccc/Desktop/GXS_2024_VisionCode/install/qrmsg/share/qrmsg/environment/path.sh
[0.360s] -- Up-to-date: /home/lccc/Desktop/GXS_2024_VisionCode/install/qrmsg/share/qrmsg/environment/path.dsv
[0.360s] -- Up-to-date: /home/lccc/Desktop/GXS_2024_VisionCode/install/qrmsg/share/qrmsg/local_setup.bash
[0.361s] -- Up-to-date: /home/lccc/Desktop/GXS_2024_VisionCode/install/qrmsg/share/qrmsg/local_setup.sh
[0.361s] -- Up-to-date: /home/lccc/Desktop/GXS_2024_VisionCode/install/qrmsg/share/qrmsg/local_setup.zsh
[0.361s] -- Up-to-date: /home/lccc/Desktop/GXS_2024_VisionCode/install/qrmsg/share/qrmsg/local_setup.dsv
[0.361s] -- Installing: /home/lccc/Desktop/GXS_2024_VisionCode/install/qrmsg/share/qrmsg/package.dsv
[0.361s] -- Up-to-date: /home/lccc/Desktop/GXS_2024_VisionCode/install/qrmsg/share/ament_index/resource_index/packages/qrmsg
[0.361s] -- Up-to-date: /home/lccc/Desktop/GXS_2024_VisionCode/install/qrmsg/share/qrmsg/cmake/export_qrmsg__rosidl_generator_cExport.cmake
[0.361s] -- Up-to-date: /home/lccc/Desktop/GXS_2024_VisionCode/install/qrmsg/share/qrmsg/cmake/export_qrmsg__rosidl_generator_cExport-noconfig.cmake
[0.361s] -- Up-to-date: /home/lccc/Desktop/GXS_2024_VisionCode/install/qrmsg/share/qrmsg/cmake/export_qrmsg__rosidl_typesupport_fastrtps_cExport.cmake
[0.361s] -- Up-to-date: /home/lccc/Desktop/GXS_2024_VisionCode/install/qrmsg/share/qrmsg/cmake/export_qrmsg__rosidl_typesupport_fastrtps_cExport-noconfig.cmake
[0.361s] -- Up-to-date: /home/lccc/Desktop/GXS_2024_VisionCode/install/qrmsg/share/qrmsg/cmake/qrmsg__rosidl_typesupport_introspection_cExport.cmake
[0.361s] -- Up-to-date: /home/lccc/Desktop/GXS_2024_VisionCode/install/qrmsg/share/qrmsg/cmake/qrmsg__rosidl_typesupport_introspection_cExport-noconfig.cmake
[0.361s] -- Up-to-date: /home/lccc/Desktop/GXS_2024_VisionCode/install/qrmsg/share/qrmsg/cmake/qrmsg__rosidl_typesupport_cExport.cmake
[0.361s] -- Up-to-date: /home/lccc/Desktop/GXS_2024_VisionCode/install/qrmsg/share/qrmsg/cmake/qrmsg__rosidl_typesupport_cExport-noconfig.cmake
[0.361s] -- Up-to-date: /home/lccc/Desktop/GXS_2024_VisionCode/install/qrmsg/share/qrmsg/cmake/export_qrmsg__rosidl_generator_cppExport.cmake
[0.361s] -- Up-to-date: /home/lccc/Desktop/GXS_2024_VisionCode/install/qrmsg/share/qrmsg/cmake/export_qrmsg__rosidl_typesupport_fastrtps_cppExport.cmake
[0.362s] -- Up-to-date: /home/lccc/Desktop/GXS_2024_VisionCode/install/qrmsg/share/qrmsg/cmake/export_qrmsg__rosidl_typesupport_fastrtps_cppExport-noconfig.cmake
[0.362s] -- Up-to-date: /home/lccc/Desktop/GXS_2024_VisionCode/install/qrmsg/share/qrmsg/cmake/qrmsg__rosidl_typesupport_introspection_cppExport.cmake
[0.362s] -- Up-to-date: /home/lccc/Desktop/GXS_2024_VisionCode/install/qrmsg/share/qrmsg/cmake/qrmsg__rosidl_typesupport_introspection_cppExport-noconfig.cmake
[0.362s] -- Up-to-date: /home/lccc/Desktop/GXS_2024_VisionCode/install/qrmsg/share/qrmsg/cmake/qrmsg__rosidl_typesupport_cppExport.cmake
[0.362s] -- Up-to-date: /home/lccc/Desktop/GXS_2024_VisionCode/install/qrmsg/share/qrmsg/cmake/qrmsg__rosidl_typesupport_cppExport-noconfig.cmake
[0.362s] -- Up-to-date: /home/lccc/Desktop/GXS_2024_VisionCode/install/qrmsg/share/qrmsg/cmake/export_qrmsg__rosidl_generator_pyExport.cmake
[0.362s] -- Up-to-date: /home/lccc/Desktop/GXS_2024_VisionCode/install/qrmsg/share/qrmsg/cmake/export_qrmsg__rosidl_generator_pyExport-noconfig.cmake
[0.362s] -- Up-to-date: /home/lccc/Desktop/GXS_2024_VisionCode/install/qrmsg/share/qrmsg/cmake/rosidl_cmake-extras.cmake
[0.362s] -- Up-to-date: /home/lccc/Desktop/GXS_2024_VisionCode/install/qrmsg/share/qrmsg/cmake/ament_cmake_export_include_directories-extras.cmake
[0.362s] -- Up-to-date: /home/lccc/Desktop/GXS_2024_VisionCode/install/qrmsg/share/qrmsg/cmake/ament_cmake_export_libraries-extras.cmake
[0.362s] -- Up-to-date: /home/lccc/Desktop/GXS_2024_VisionCode/install/qrmsg/share/qrmsg/cmake/ament_cmake_export_targets-extras.cmake
[0.362s] -- Up-to-date: /home/lccc/Desktop/GXS_2024_VisionCode/install/qrmsg/share/qrmsg/cmake/rosidl_cmake_export_typesupport_targets-extras.cmake
[0.362s] -- Up-to-date: /home/lccc/Desktop/GXS_2024_VisionCode/install/qrmsg/share/qrmsg/cmake/ament_cmake_export_dependencies-extras.cmake
[0.362s] -- Up-to-date: /home/lccc/Desktop/GXS_2024_VisionCode/install/qrmsg/share/qrmsg/cmake/rosidl_cmake_export_typesupport_libraries-extras.cmake
[0.362s] -- Up-to-date: /home/lccc/Desktop/GXS_2024_VisionCode/install/qrmsg/share/qrmsg/cmake/qrmsgConfig.cmake
[0.363s] -- Up-to-date: /home/lccc/Desktop/GXS_2024_VisionCode/install/qrmsg/share/qrmsg/cmake/qrmsgConfig-version.cmake
[0.363s] -- Up-to-date: /home/lccc/Desktop/GXS_2024_VisionCode/install/qrmsg/share/qrmsg/package.xml
[0.364s] Invoked command in '/home/lccc/Desktop/GXS_2024_VisionCode/build/qrmsg' returned '0': CMAKE_PREFIX_PATH=/opt/ros/humble /usr/bin/cmake --install /home/lccc/Desktop/GXS_2024_VisionCode/build/qrmsg
