[0.014s] Invoking command in '/home/jason/gxs/GXS_2024_VisionCode/build/adjust_hsv': CMAKE_PREFIX_PATH=${CMAKE_PREFIX_PATH}:/home/jason/gxs/GXS_2024_VisionCode/install/line_follow:/opt/ros/humble /usr/bin/cmake --build /home/jason/gxs/GXS_2024_VisionCode/build/adjust_hsv -- -j16 -l16
[0.040s] -- Found ament_cmake: 1.3.8 (/opt/ros/humble/share/ament_cmake/cmake)
[0.140s] -- Found rclcpp: 16.0.8 (/opt/ros/humble/share/rclcpp/cmake)
[0.166s] -- Found rosidl_generator_c: 3.1.5 (/opt/ros/humble/share/rosidl_generator_c/cmake)
[0.167s] -- Found rosidl_adapter: 3.1.5 (/opt/ros/humble/share/rosidl_adapter/cmake)
[0.171s] -- Found rosidl_generator_cpp: 3.1.5 (/opt/ros/humble/share/rosidl_generator_cpp/cmake)
[0.178s] -- Using all available rosidl_typesupport_c: rosidl_typesupport_fastrtps_c;rosidl_typesupport_introspection_c
[0.186s] -- Using all available rosidl_typesupport_cpp: rosidl_typesupport_fastrtps_cpp;rosidl_typesupport_introspection_cpp
[0.227s] -- Found rmw_implementation_cmake: 6.1.1 (/opt/ros/humble/share/rmw_implementation_cmake/cmake)
[0.228s] -- Found rmw_fastrtps_cpp: 6.2.6 (/opt/ros/humble/share/rmw_fastrtps_cpp/cmake)
[0.316s] -- Using RMW implementation 'rmw_fastrtps_cpp' as default
[0.426s] [31mCMake Error at CMakeLists.txt:11 (find_package):
[0.426s]   By not providing "FindOpenCV.cmake" in CMAKE_MODULE_PATH this project has
[0.426s]   asked CMake to find a package configuration file provided by "OpenCV", but
[0.426s]   CMake did not find one.
[0.426s] 
[0.426s]   Could not find a package configuration file provided by "OpenCV" with any
[0.426s]   of the following names:
[0.426s] 
[0.426s]     OpenCVConfig.cmake
[0.426s]     opencv-config.cmake
[0.426s] 
[0.426s]   Add the installation prefix of "OpenCV" to CMAKE_PREFIX_PATH or set
[0.427s]   "OpenCV_DIR" to a directory containing one of the above files.  If "OpenCV"
[0.427s]   provides a separate development package or SDK, be sure it has been
[0.427s]   installed.
[0.427s] 
[0.427s] [0m
[0.427s] -- Configuring incomplete, errors occurred!
[0.427s] See also "/home/jason/gxs/GXS_2024_VisionCode/build/adjust_hsv/CMakeFiles/CMakeOutput.log".
[0.430s] gmake: *** [Makefile:267: cmake_check_build_system] Error 1
