[0.017s] Invoking command in '/home/jason/gxs/GXS_2024_VisionCode/build/gxs_serial_driver': CMAKE_PREFIX_PATH=/home/jason/gxs/GXS_2024_VisionCode/install/qrmsg:/home/jason/gxs/GXS_2024_VisionCode/install/gxs_serial_driver:/home/jason/gxs/GXS_2024_VisionCode/install/colorblock_detector:/home/jason/gxs/GXS_2024_VisionCode/install/binary_detector:/home/jason/gxs/GXS_2024_VisionCode/install/camera_driver:/home/jason/gxs/GXS_2024_VisionCode/install/adjust_hsv:/home/jason/rm_aim/install/rm_vision_bringup:/home/jason/rm_aim/install/rm_serial_driver:/home/jason/rm_aim/install/rm_gimbal_description:/home/jason/rm_aim/install/rm_auto_aim:/home/jason/rm_aim/install/mindvision_camera:/home/jason/rm_aim/install/hik_camera:/home/jason/rm_aim/install/armor_tracker:/home/jason/rm_aim/install/armor_detector:/home/jason/rm_aim/install/auto_aim_interfaces:/home/jason/gxs/GXS_2024_VisionCode/install/line_follow:/opt/ros/humble LD_LIBRARY_PATH=/home/jason/gxs/GXS_2024_VisionCode/install/qrmsg/lib:/home/jason/gxs/GXS_2024_VisionCode/install/gxs_serial_driver/lib:/home/jason/rm_aim/install/rm_serial_driver/lib:/home/jason/rm_aim/install/mindvision_camera/lib:/home/jason/rm_aim/install/hik_camera/lib:/home/jason/rm_aim/install/armor_tracker/lib:/home/jason/rm_aim/install/armor_detector/lib:/home/jason/rm_aim/install/auto_aim_interfaces/lib:/opt/MVS/lib/64:/opt/MVS/lib/32:/usr/lib/x86_64-linux-gnu/gazebo-11/plugins:/opt/ros/humble/opt/rviz_ogre_vendor/lib:/opt/ros/humble/lib/x86_64-linux-gnu:/opt/ros/humble/lib:/opt/MVS/lib/64:/opt/MVS/lib/32:/opt/MVS/lib/64:/opt/MVS/lib/32 /usr/bin/cmake --build /home/jason/gxs/GXS_2024_VisionCode/build/gxs_serial_driver -- -j16 -l16
[0.061s] [35m[1mConsolidate compiler generated dependencies of target gxs_serial_driver[0m
[0.071s] [ 40%] Built target gxs_serial_driver_node
[0.084s] [ 60%] [32mBuilding CXX object CMakeFiles/gxs_serial_driver.dir/src/rm_serial_driver.cpp.o[0m
[8.151s] [ 80%] [32m[1mLinking CXX shared library libgxs_serial_driver.so[0m
[8.532s] [100%] Built target gxs_serial_driver
[8.540s] Invoked command in '/home/jason/gxs/GXS_2024_VisionCode/build/gxs_serial_driver' returned '0': CMAKE_PREFIX_PATH=/home/jason/gxs/GXS_2024_VisionCode/install/qrmsg:/home/jason/gxs/GXS_2024_VisionCode/install/gxs_serial_driver:/home/jason/gxs/GXS_2024_VisionCode/install/colorblock_detector:/home/jason/gxs/GXS_2024_VisionCode/install/binary_detector:/home/jason/gxs/GXS_2024_VisionCode/install/camera_driver:/home/jason/gxs/GXS_2024_VisionCode/install/adjust_hsv:/home/jason/rm_aim/install/rm_vision_bringup:/home/jason/rm_aim/install/rm_serial_driver:/home/jason/rm_aim/install/rm_gimbal_description:/home/jason/rm_aim/install/rm_auto_aim:/home/jason/rm_aim/install/mindvision_camera:/home/jason/rm_aim/install/hik_camera:/home/jason/rm_aim/install/armor_tracker:/home/jason/rm_aim/install/armor_detector:/home/jason/rm_aim/install/auto_aim_interfaces:/home/jason/gxs/GXS_2024_VisionCode/install/line_follow:/opt/ros/humble LD_LIBRARY_PATH=/home/jason/gxs/GXS_2024_VisionCode/install/qrmsg/lib:/home/jason/gxs/GXS_2024_VisionCode/install/gxs_serial_driver/lib:/home/jason/rm_aim/install/rm_serial_driver/lib:/home/jason/rm_aim/install/mindvision_camera/lib:/home/jason/rm_aim/install/hik_camera/lib:/home/jason/rm_aim/install/armor_tracker/lib:/home/jason/rm_aim/install/armor_detector/lib:/home/jason/rm_aim/install/auto_aim_interfaces/lib:/opt/MVS/lib/64:/opt/MVS/lib/32:/usr/lib/x86_64-linux-gnu/gazebo-11/plugins:/opt/ros/humble/opt/rviz_ogre_vendor/lib:/opt/ros/humble/lib/x86_64-linux-gnu:/opt/ros/humble/lib:/opt/MVS/lib/64:/opt/MVS/lib/32:/opt/MVS/lib/64:/opt/MVS/lib/32 /usr/bin/cmake --build /home/jason/gxs/GXS_2024_VisionCode/build/gxs_serial_driver -- -j16 -l16
[8.561s] Invoking command in '/home/jason/gxs/GXS_2024_VisionCode/build/gxs_serial_driver': CMAKE_PREFIX_PATH=/home/jason/gxs/GXS_2024_VisionCode/install/qrmsg:/home/jason/gxs/GXS_2024_VisionCode/install/gxs_serial_driver:/home/jason/gxs/GXS_2024_VisionCode/install/colorblock_detector:/home/jason/gxs/GXS_2024_VisionCode/install/binary_detector:/home/jason/gxs/GXS_2024_VisionCode/install/camera_driver:/home/jason/gxs/GXS_2024_VisionCode/install/adjust_hsv:/home/jason/rm_aim/install/rm_vision_bringup:/home/jason/rm_aim/install/rm_serial_driver:/home/jason/rm_aim/install/rm_gimbal_description:/home/jason/rm_aim/install/rm_auto_aim:/home/jason/rm_aim/install/mindvision_camera:/home/jason/rm_aim/install/hik_camera:/home/jason/rm_aim/install/armor_tracker:/home/jason/rm_aim/install/armor_detector:/home/jason/rm_aim/install/auto_aim_interfaces:/home/jason/gxs/GXS_2024_VisionCode/install/line_follow:/opt/ros/humble LD_LIBRARY_PATH=/home/jason/gxs/GXS_2024_VisionCode/install/qrmsg/lib:/home/jason/gxs/GXS_2024_VisionCode/install/gxs_serial_driver/lib:/home/jason/rm_aim/install/rm_serial_driver/lib:/home/jason/rm_aim/install/mindvision_camera/lib:/home/jason/rm_aim/install/hik_camera/lib:/home/jason/rm_aim/install/armor_tracker/lib:/home/jason/rm_aim/install/armor_detector/lib:/home/jason/rm_aim/install/auto_aim_interfaces/lib:/opt/MVS/lib/64:/opt/MVS/lib/32:/usr/lib/x86_64-linux-gnu/gazebo-11/plugins:/opt/ros/humble/opt/rviz_ogre_vendor/lib:/opt/ros/humble/lib/x86_64-linux-gnu:/opt/ros/humble/lib:/opt/MVS/lib/64:/opt/MVS/lib/32:/opt/MVS/lib/64:/opt/MVS/lib/32 /usr/bin/cmake --install /home/jason/gxs/GXS_2024_VisionCode/build/gxs_serial_driver
[8.568s] -- Install configuration: ""
[8.568s] -- Up-to-date: /home/jason/gxs/GXS_2024_VisionCode/install/gxs_serial_driver/lib/gxs_serial_driver/gxs_serial_driver_node
[8.568s] -- Up-to-date: /home/jason/gxs/GXS_2024_VisionCode/install/gxs_serial_driver/include
[8.568s] -- Up-to-date: /home/jason/gxs/GXS_2024_VisionCode/install/gxs_serial_driver/include/rm_serial_driver
[8.568s] -- Up-to-date: /home/jason/gxs/GXS_2024_VisionCode/install/gxs_serial_driver/include/rm_serial_driver/rm_serial_driver.hpp
[8.568s] -- Up-to-date: /home/jason/gxs/GXS_2024_VisionCode/install/gxs_serial_driver/include/rm_serial_driver/crc.hpp
[8.568s] -- Up-to-date: /home/jason/gxs/GXS_2024_VisionCode/install/gxs_serial_driver/include/rm_serial_driver/packet.hpp
[8.568s] -- Up-to-date: /home/jason/gxs/GXS_2024_VisionCode/install/gxs_serial_driver/share/gxs_serial_driver/environment/library_path.sh
[8.568s] -- Up-to-date: /home/jason/gxs/GXS_2024_VisionCode/install/gxs_serial_driver/share/gxs_serial_driver/environment/library_path.dsv
[8.568s] -- Installing: /home/jason/gxs/GXS_2024_VisionCode/install/gxs_serial_driver/lib/libgxs_serial_driver.so
[8.573s] -- Set runtime path of "/home/jason/gxs/GXS_2024_VisionCode/install/gxs_serial_driver/lib/libgxs_serial_driver.so" to ""
[8.573s] -- Up-to-date: /home/jason/gxs/GXS_2024_VisionCode/install/gxs_serial_driver/share/gxs_serial_driver/config
[8.573s] -- Up-to-date: /home/jason/gxs/GXS_2024_VisionCode/install/gxs_serial_driver/share/gxs_serial_driver/config/serial_driver.yaml
[8.573s] -- Up-to-date: /home/jason/gxs/GXS_2024_VisionCode/install/gxs_serial_driver/share/gxs_serial_driver/launch
[8.573s] -- Up-to-date: /home/jason/gxs/GXS_2024_VisionCode/install/gxs_serial_driver/share/gxs_serial_driver/launch/serial_driver.launch.py
[8.573s] -- Up-to-date: /home/jason/gxs/GXS_2024_VisionCode/install/gxs_serial_driver/share/ament_index/resource_index/package_run_dependencies/gxs_serial_driver
[8.574s] -- Up-to-date: /home/jason/gxs/GXS_2024_VisionCode/install/gxs_serial_driver/share/ament_index/resource_index/parent_prefix_path/gxs_serial_driver
[8.574s] -- Up-to-date: /home/jason/gxs/GXS_2024_VisionCode/install/gxs_serial_driver/share/gxs_serial_driver/environment/ament_prefix_path.sh
[8.574s] -- Up-to-date: /home/jason/gxs/GXS_2024_VisionCode/install/gxs_serial_driver/share/gxs_serial_driver/environment/ament_prefix_path.dsv
[8.574s] -- Up-to-date: /home/jason/gxs/GXS_2024_VisionCode/install/gxs_serial_driver/share/gxs_serial_driver/environment/path.sh
[8.574s] -- Up-to-date: /home/jason/gxs/GXS_2024_VisionCode/install/gxs_serial_driver/share/gxs_serial_driver/environment/path.dsv
[8.574s] -- Up-to-date: /home/jason/gxs/GXS_2024_VisionCode/install/gxs_serial_driver/share/gxs_serial_driver/local_setup.bash
[8.574s] -- Up-to-date: /home/jason/gxs/GXS_2024_VisionCode/install/gxs_serial_driver/share/gxs_serial_driver/local_setup.sh
[8.574s] -- Up-to-date: /home/jason/gxs/GXS_2024_VisionCode/install/gxs_serial_driver/share/gxs_serial_driver/local_setup.zsh
[8.574s] -- Up-to-date: /home/jason/gxs/GXS_2024_VisionCode/install/gxs_serial_driver/share/gxs_serial_driver/local_setup.dsv
[8.574s] -- Installing: /home/jason/gxs/GXS_2024_VisionCode/install/gxs_serial_driver/share/gxs_serial_driver/package.dsv
[8.574s] -- Up-to-date: /home/jason/gxs/GXS_2024_VisionCode/install/gxs_serial_driver/share/ament_index/resource_index/packages/gxs_serial_driver
[8.574s] -- Up-to-date: /home/jason/gxs/GXS_2024_VisionCode/install/gxs_serial_driver/share/ament_index/resource_index/rclcpp_components/gxs_serial_driver
[8.574s] -- Up-to-date: /home/jason/gxs/GXS_2024_VisionCode/install/gxs_serial_driver/share/gxs_serial_driver/cmake/ament_cmake_export_dependencies-extras.cmake
[8.574s] -- Up-to-date: /home/jason/gxs/GXS_2024_VisionCode/install/gxs_serial_driver/share/gxs_serial_driver/cmake/ament_cmake_export_include_directories-extras.cmake
[8.575s] -- Up-to-date: /home/jason/gxs/GXS_2024_VisionCode/install/gxs_serial_driver/share/gxs_serial_driver/cmake/ament_cmake_export_libraries-extras.cmake
[8.575s] -- Up-to-date: /home/jason/gxs/GXS_2024_VisionCode/install/gxs_serial_driver/share/gxs_serial_driver/cmake/gxs_serial_driverConfig.cmake
[8.575s] -- Up-to-date: /home/jason/gxs/GXS_2024_VisionCode/install/gxs_serial_driver/share/gxs_serial_driver/cmake/gxs_serial_driverConfig-version.cmake
[8.575s] -- Up-to-date: /home/jason/gxs/GXS_2024_VisionCode/install/gxs_serial_driver/share/gxs_serial_driver/package.xml
[8.575s] Invoked command in '/home/jason/gxs/GXS_2024_VisionCode/build/gxs_serial_driver' returned '0': CMAKE_PREFIX_PATH=/home/jason/gxs/GXS_2024_VisionCode/install/qrmsg:/home/jason/gxs/GXS_2024_VisionCode/install/gxs_serial_driver:/home/jason/gxs/GXS_2024_VisionCode/install/colorblock_detector:/home/jason/gxs/GXS_2024_VisionCode/install/binary_detector:/home/jason/gxs/GXS_2024_VisionCode/install/camera_driver:/home/jason/gxs/GXS_2024_VisionCode/install/adjust_hsv:/home/jason/rm_aim/install/rm_vision_bringup:/home/jason/rm_aim/install/rm_serial_driver:/home/jason/rm_aim/install/rm_gimbal_description:/home/jason/rm_aim/install/rm_auto_aim:/home/jason/rm_aim/install/mindvision_camera:/home/jason/rm_aim/install/hik_camera:/home/jason/rm_aim/install/armor_tracker:/home/jason/rm_aim/install/armor_detector:/home/jason/rm_aim/install/auto_aim_interfaces:/home/jason/gxs/GXS_2024_VisionCode/install/line_follow:/opt/ros/humble LD_LIBRARY_PATH=/home/jason/gxs/GXS_2024_VisionCode/install/qrmsg/lib:/home/jason/gxs/GXS_2024_VisionCode/install/gxs_serial_driver/lib:/home/jason/rm_aim/install/rm_serial_driver/lib:/home/jason/rm_aim/install/mindvision_camera/lib:/home/jason/rm_aim/install/hik_camera/lib:/home/jason/rm_aim/install/armor_tracker/lib:/home/jason/rm_aim/install/armor_detector/lib:/home/jason/rm_aim/install/auto_aim_interfaces/lib:/opt/MVS/lib/64:/opt/MVS/lib/32:/usr/lib/x86_64-linux-gnu/gazebo-11/plugins:/opt/ros/humble/opt/rviz_ogre_vendor/lib:/opt/ros/humble/lib/x86_64-linux-gnu:/opt/ros/humble/lib:/opt/MVS/lib/64:/opt/MVS/lib/32:/opt/MVS/lib/64:/opt/MVS/lib/32 /usr/bin/cmake --install /home/jason/gxs/GXS_2024_VisionCode/build/gxs_serial_driver
