[0.012s] Invoking command in '/home/jason/gxs/GXS_2024_VisionCode/build/camera_driver': /usr/bin/cmake /home/jason/gxs/GXS_2024_VisionCode/src/camera_driver -DCMAKE_INSTALL_PREFIX=/home/jason/gxs/GXS_2024_VisionCode/install/camera_driver
[0.075s] -- The C compiler identification is GNU 11.4.0
[0.140s] -- The CXX compiler identification is GNU 11.4.0
[0.149s] -- Detecting C compiler ABI info
[0.202s] -- Detecting C compiler ABI info - done
[0.211s] -- Check for working C compiler: /usr/bin/cc - skipped
[0.212s] -- Detecting C compile features
[0.213s] -- Detecting C compile features - done
[0.214s] -- Detecting CXX compiler ABI info
[0.272s] -- Detecting CXX compiler ABI info - done
[0.280s] -- Check for working CXX compiler: /usr/bin/c++ - skipped
[0.281s] -- Detecting CXX compile features
[0.281s] -- Detecting CXX compile features - done
[0.284s] -- Found ament_cmake: 1.3.8 (/opt/ros/humble/share/ament_cmake/cmake)
[0.430s] -- Found Python3: /usr/bin/python3 (found version "3.10.12") found components: Interpreter 
[0.606s] -- Found rclcpp: 16.0.8 (/opt/ros/humble/share/rclcpp/cmake)
[0.668s] -- Found rosidl_generator_c: 3.1.5 (/opt/ros/humble/share/rosidl_generator_c/cmake)
[0.676s] -- Found rosidl_adapter: 3.1.5 (/opt/ros/humble/share/rosidl_adapter/cmake)
[0.688s] -- Found rosidl_generator_cpp: 3.1.5 (/opt/ros/humble/share/rosidl_generator_cpp/cmake)
[0.710s] -- Using all available rosidl_typesupport_c: rosidl_typesupport_fastrtps_c;rosidl_typesupport_introspection_c
[0.739s] -- Using all available rosidl_typesupport_cpp: rosidl_typesupport_fastrtps_cpp;rosidl_typesupport_introspection_cpp
[0.820s] -- Found rmw_implementation_cmake: 6.1.1 (/opt/ros/humble/share/rmw_implementation_cmake/cmake)
[0.822s] -- Found rmw_fastrtps_cpp: 6.2.6 (/opt/ros/humble/share/rmw_fastrtps_cpp/cmake)
[0.947s] -- Found OpenSSL: /usr/lib/x86_64-linux-gnu/libcrypto.so (found version "3.0.2")  
[0.968s] -- Found FastRTPS: /opt/ros/humble/include  
[1.009s] -- Using RMW implementation 'rmw_fastrtps_cpp' as default
[1.021s] -- Looking for pthread.h
[1.099s] -- Looking for pthread.h - found
[1.099s] -- Performing Test CMAKE_HAVE_LIBC_PTHREAD
[1.170s] -- Performing Test CMAKE_HAVE_LIBC_PTHREAD - Success
[1.171s] -- Found Threads: TRUE  
[1.504s] -- Found image_transport: 3.1.8 (/opt/ros/humble/share/image_transport/cmake)
[1.658s] -- Found cv_bridge: 3.2.1 (/opt/ros/humble/share/cv_bridge/cmake)
[1.681s] -- Found OpenCV: /usr (found version "4.5.4") 
[1.683s] -- Found ament_lint_auto: 0.12.10 (/opt/ros/humble/share/ament_lint_auto/cmake)
[1.730s] Error parsing '/home/jason/gxs/GXS_2024_VisionCode/src/camera_driver/package.xml':
[1.764s] Traceback (most recent call last):
[1.764s]   File "/opt/ros/humble/share/ament_cmake_core/cmake/core/package_xml_2_cmake.py", line 150, in <module>
[1.764s]     main()
[1.764s]   File "/opt/ros/humble/share/ament_cmake_core/cmake/core/package_xml_2_cmake.py", line 53, in main
[1.764s]     raise e
[1.764s]   File "/opt/ros/humble/share/ament_cmake_core/cmake/core/package_xml_2_cmake.py", line 49, in main
[1.764s]     package = parse_package_string(
[1.764s]   File "/usr/lib/python3/dist-packages/catkin_pkg/package.py", line 786, in parse_package_string
[1.764s]     raise InvalidPackage('Error(s):%s' % (''.join(['\n- %s' % e for e in errors])), filename)
[1.764s] catkin_pkg.package.InvalidPackage: Error(s) in package '/home/jason/gxs/GXS_2024_VisionCode/src/camera_driver/package.xml':
[1.765s] Error(s):
[1.765s] - The generic dependency on 'rclcpp' is redundant with: exec_depend
[1.765s] - The generic dependency on 'image_transport' is redundant with: exec_depend
[1.765s] - The generic dependency on 'cv_bridge' is redundant with: exec_depend
[1.765s] - The generic dependency on 'sensor_msgs' is redundant with: exec_depend
[1.765s] - The generic dependency on 'opencv' is redundant with: exec_depend
[1.778s] [31mCMake Error at /opt/ros/humble/share/ament_cmake_core/cmake/core/ament_package_xml.cmake:95 (message):
[1.779s]   execute_process(/usr/bin/python3
[1.779s]   /opt/ros/humble/share/ament_cmake_core/cmake/core/package_xml_2_cmake.py
[1.779s]   /home/jason/gxs/GXS_2024_VisionCode/src/camera_driver/package.xml
[1.779s]   /home/jason/gxs/GXS_2024_VisionCode/build/camera_driver/ament_cmake_core/package.cmake)
[1.779s]   returned error code 1
[1.779s] Call Stack (most recent call first):
[1.779s]   /opt/ros/humble/share/ament_cmake_core/cmake/core/ament_package_xml.cmake:49 (_ament_package_xml)
[1.779s]   /opt/ros/humble/share/ament_lint_auto/cmake/ament_lint_auto_find_test_dependencies.cmake:31 (ament_package_xml)
[1.779s]   CMakeLists.txt:29 (ament_lint_auto_find_test_dependencies)
[1.779s] 
[1.779s] -- Configuring incomplete, errors occurred!
[1.779s] See also "/home/jason/gxs/GXS_2024_VisionCode/build/camera_driver/CMakeFiles/CMakeOutput.log".
[1.779s] [0m
[1.789s] Invoked command in '/home/jason/gxs/GXS_2024_VisionCode/build/camera_driver' returned '1': /usr/bin/cmake /home/jason/gxs/GXS_2024_VisionCode/src/camera_driver -DCMAKE_INSTALL_PREFIX=/home/jason/gxs/GXS_2024_VisionCode/install/camera_driver
