[0.023s] Invoking command in '/home/jason/gxs/GXS_2024_VisionCode/build/qrmsg': CMAKE_PREFIX_PATH=${CMAKE_PREFIX_PATH}:/home/jason/gxs/GXS_2024_VisionCode/install/line_follow:/opt/ros/humble /usr/bin/cmake --build /home/jason/gxs/GXS_2024_VisionCode/build/qrmsg -- -j16 -l16
[0.085s] [  2%] Built target qrmsg__cpp
[0.086s] [ 12%] Built target qrmsg__rosidl_generator_c
[0.102s] [ 12%] Built target ament_cmake_python_copy_qrmsg
[0.111s] [ 38%] Built target qrmsg__rosidl_typesupport_c
[0.111s] [ 46%] Built target qrmsg__rosidl_typesupport_fastrtps_c
[0.111s] [ 48%] Built target qrmsg__rosidl_typesupport_introspection_cpp
[0.111s] [ 53%] Built target qrmsg__rosidl_typesupport_introspection_c
[0.121s] [ 64%] Built target qrmsg__rosidl_typesupport_cpp
[0.129s] [ 74%] Built target qrmsg__rosidl_typesupport_fastrtps_cpp
[0.154s] [ 74%] Built target qrmsg
[0.173s] [ 76%] Built target qrmsg__py
[0.194s] [ 84%] Built target qrmsg__rosidl_generator_py
[0.219s] [ 89%] Built target qrmsg__rosidl_typesupport_fastrtps_c__pyext
[0.221s] [ 94%] Built target qrmsg__rosidl_typesupport_introspection_c__pyext
[0.223s] [100%] Built target qrmsg__rosidl_typesupport_c__pyext
[0.290s] running egg_info
[0.291s] writing qrmsg.egg-info/PKG-INFO
[0.291s] writing dependency_links to qrmsg.egg-info/dependency_links.txt
[0.291s] writing top-level names to qrmsg.egg-info/top_level.txt
[0.292s] reading manifest file 'qrmsg.egg-info/SOURCES.txt'
[0.293s] writing manifest file 'qrmsg.egg-info/SOURCES.txt'
[0.329s] [100%] Built target ament_cmake_python_build_qrmsg_egg
[0.368s] Invoked command in '/home/jason/gxs/GXS_2024_VisionCode/build/qrmsg' returned '0': CMAKE_PREFIX_PATH=${CMAKE_PREFIX_PATH}:/home/jason/gxs/GXS_2024_VisionCode/install/line_follow:/opt/ros/humble /usr/bin/cmake --build /home/jason/gxs/GXS_2024_VisionCode/build/qrmsg -- -j16 -l16
[0.473s] Invoking command in '/home/jason/gxs/GXS_2024_VisionCode/build/qrmsg': CMAKE_PREFIX_PATH=${CMAKE_PREFIX_PATH}:/home/jason/gxs/GXS_2024_VisionCode/install/line_follow:/opt/ros/humble /usr/bin/cmake --install /home/jason/gxs/GXS_2024_VisionCode/build/qrmsg
[0.486s] -- Install configuration: ""
[0.486s] -- Up-to-date: /home/jason/gxs/GXS_2024_VisionCode/install/qrmsg/share/ament_index/resource_index/rosidl_interfaces/qrmsg
[0.486s] -- Up-to-date: /home/jason/gxs/GXS_2024_VisionCode/install/qrmsg/include/qrmsg/qrmsg
[0.486s] -- Up-to-date: /home/jason/gxs/GXS_2024_VisionCode/install/qrmsg/include/qrmsg/qrmsg/msg
[0.486s] -- Up-to-date: /home/jason/gxs/GXS_2024_VisionCode/install/qrmsg/include/qrmsg/qrmsg/msg/detail
[0.487s] -- Up-to-date: /home/jason/gxs/GXS_2024_VisionCode/install/qrmsg/include/qrmsg/qrmsg/msg/detail/qr__functions.h
[0.487s] -- Up-to-date: /home/jason/gxs/GXS_2024_VisionCode/install/qrmsg/include/qrmsg/qrmsg/msg/detail/qr__functions.c
[0.487s] -- Up-to-date: /home/jason/gxs/GXS_2024_VisionCode/install/qrmsg/include/qrmsg/qrmsg/msg/detail/qr__type_support.h
[0.487s] -- Up-to-date: /home/jason/gxs/GXS_2024_VisionCode/install/qrmsg/include/qrmsg/qrmsg/msg/detail/qr__struct.h
[0.487s] -- Up-to-date: /home/jason/gxs/GXS_2024_VisionCode/install/qrmsg/include/qrmsg/qrmsg/msg/rosidl_generator_c__visibility_control.h
[0.487s] -- Up-to-date: /home/jason/gxs/GXS_2024_VisionCode/install/qrmsg/include/qrmsg/qrmsg/msg/qr.h
[0.488s] -- Up-to-date: /home/jason/gxs/GXS_2024_VisionCode/install/qrmsg/include/qrmsg/qrmsg/srv
[0.488s] -- Up-to-date: /home/jason/gxs/GXS_2024_VisionCode/install/qrmsg/include/qrmsg/qrmsg/srv/detail
[0.488s] -- Up-to-date: /home/jason/gxs/GXS_2024_VisionCode/install/qrmsg/include/qrmsg/qrmsg/srv/detail/qr__functions.h
[0.488s] -- Up-to-date: /home/jason/gxs/GXS_2024_VisionCode/install/qrmsg/include/qrmsg/qrmsg/srv/detail/qr__functions.c
[0.488s] -- Up-to-date: /home/jason/gxs/GXS_2024_VisionCode/install/qrmsg/include/qrmsg/qrmsg/srv/detail/qr__type_support.h
[0.488s] -- Up-to-date: /home/jason/gxs/GXS_2024_VisionCode/install/qrmsg/include/qrmsg/qrmsg/srv/detail/qr__struct.h
[0.488s] -- Up-to-date: /home/jason/gxs/GXS_2024_VisionCode/install/qrmsg/include/qrmsg/qrmsg/srv/qr.h
[0.489s] -- Up-to-date: /home/jason/gxs/GXS_2024_VisionCode/install/qrmsg/share/qrmsg/environment/library_path.sh
[0.489s] -- Up-to-date: /home/jason/gxs/GXS_2024_VisionCode/install/qrmsg/share/qrmsg/environment/library_path.dsv
[0.489s] -- Up-to-date: /home/jason/gxs/GXS_2024_VisionCode/install/qrmsg/lib/libqrmsg__rosidl_generator_c.so
[0.489s] -- Up-to-date: /home/jason/gxs/GXS_2024_VisionCode/install/qrmsg/include/qrmsg/qrmsg
[0.489s] -- Up-to-date: /home/jason/gxs/GXS_2024_VisionCode/install/qrmsg/include/qrmsg/qrmsg/msg
[0.489s] -- Up-to-date: /home/jason/gxs/GXS_2024_VisionCode/install/qrmsg/include/qrmsg/qrmsg/msg/detail
[0.489s] -- Up-to-date: /home/jason/gxs/GXS_2024_VisionCode/install/qrmsg/include/qrmsg/qrmsg/msg/detail/qr__rosidl_typesupport_fastrtps_c.h
[0.489s] -- Up-to-date: /home/jason/gxs/GXS_2024_VisionCode/install/qrmsg/include/qrmsg/qrmsg/msg/rosidl_typesupport_fastrtps_c__visibility_control.h
[0.489s] -- Up-to-date: /home/jason/gxs/GXS_2024_VisionCode/install/qrmsg/include/qrmsg/qrmsg/srv
[0.489s] -- Up-to-date: /home/jason/gxs/GXS_2024_VisionCode/install/qrmsg/include/qrmsg/qrmsg/srv/detail
[0.489s] -- Up-to-date: /home/jason/gxs/GXS_2024_VisionCode/install/qrmsg/include/qrmsg/qrmsg/srv/detail/qr__rosidl_typesupport_fastrtps_c.h
[0.490s] -- Up-to-date: /home/jason/gxs/GXS_2024_VisionCode/install/qrmsg/lib/libqrmsg__rosidl_typesupport_fastrtps_c.so
[0.490s] -- Up-to-date: /home/jason/gxs/GXS_2024_VisionCode/install/qrmsg/include/qrmsg/qrmsg
[0.490s] -- Up-to-date: /home/jason/gxs/GXS_2024_VisionCode/install/qrmsg/include/qrmsg/qrmsg/msg
[0.490s] -- Up-to-date: /home/jason/gxs/GXS_2024_VisionCode/install/qrmsg/include/qrmsg/qrmsg/msg/detail
[0.490s] -- Up-to-date: /home/jason/gxs/GXS_2024_VisionCode/install/qrmsg/include/qrmsg/qrmsg/msg/detail/qr__rosidl_typesupport_introspection_c.h
[0.490s] -- Up-to-date: /home/jason/gxs/GXS_2024_VisionCode/install/qrmsg/include/qrmsg/qrmsg/msg/detail/qr__type_support.c
[0.490s] -- Up-to-date: /home/jason/gxs/GXS_2024_VisionCode/install/qrmsg/include/qrmsg/qrmsg/msg/rosidl_typesupport_introspection_c__visibility_control.h
[0.490s] -- Up-to-date: /home/jason/gxs/GXS_2024_VisionCode/install/qrmsg/include/qrmsg/qrmsg/srv
[0.491s] -- Up-to-date: /home/jason/gxs/GXS_2024_VisionCode/install/qrmsg/include/qrmsg/qrmsg/srv/detail
[0.491s] -- Up-to-date: /home/jason/gxs/GXS_2024_VisionCode/install/qrmsg/include/qrmsg/qrmsg/srv/detail/qr__rosidl_typesupport_introspection_c.h
[0.491s] -- Up-to-date: /home/jason/gxs/GXS_2024_VisionCode/install/qrmsg/include/qrmsg/qrmsg/srv/detail/qr__type_support.c
[0.491s] -- Up-to-date: /home/jason/gxs/GXS_2024_VisionCode/install/qrmsg/lib/libqrmsg__rosidl_typesupport_introspection_c.so
[0.491s] -- Up-to-date: /home/jason/gxs/GXS_2024_VisionCode/install/qrmsg/lib/libqrmsg__rosidl_typesupport_c.so
[0.491s] -- Up-to-date: /home/jason/gxs/GXS_2024_VisionCode/install/qrmsg/include/qrmsg/qrmsg
[0.491s] -- Up-to-date: /home/jason/gxs/GXS_2024_VisionCode/install/qrmsg/include/qrmsg/qrmsg/msg
[0.491s] -- Up-to-date: /home/jason/gxs/GXS_2024_VisionCode/install/qrmsg/include/qrmsg/qrmsg/msg/qr.hpp
[0.491s] -- Up-to-date: /home/jason/gxs/GXS_2024_VisionCode/install/qrmsg/include/qrmsg/qrmsg/msg/detail
[0.491s] -- Up-to-date: /home/jason/gxs/GXS_2024_VisionCode/install/qrmsg/include/qrmsg/qrmsg/msg/detail/qr__traits.hpp
[0.491s] -- Up-to-date: /home/jason/gxs/GXS_2024_VisionCode/install/qrmsg/include/qrmsg/qrmsg/msg/detail/qr__builder.hpp
[0.491s] -- Up-to-date: /home/jason/gxs/GXS_2024_VisionCode/install/qrmsg/include/qrmsg/qrmsg/msg/detail/qr__struct.hpp
[0.491s] -- Up-to-date: /home/jason/gxs/GXS_2024_VisionCode/install/qrmsg/include/qrmsg/qrmsg/srv
[0.491s] -- Up-to-date: /home/jason/gxs/GXS_2024_VisionCode/install/qrmsg/include/qrmsg/qrmsg/srv/qr.hpp
[0.491s] -- Up-to-date: /home/jason/gxs/GXS_2024_VisionCode/install/qrmsg/include/qrmsg/qrmsg/srv/detail
[0.491s] -- Up-to-date: /home/jason/gxs/GXS_2024_VisionCode/install/qrmsg/include/qrmsg/qrmsg/srv/detail/qr__traits.hpp
[0.491s] -- Up-to-date: /home/jason/gxs/GXS_2024_VisionCode/install/qrmsg/include/qrmsg/qrmsg/srv/detail/qr__builder.hpp
[0.491s] -- Up-to-date: /home/jason/gxs/GXS_2024_VisionCode/install/qrmsg/include/qrmsg/qrmsg/srv/detail/qr__struct.hpp
[0.492s] -- Up-to-date: /home/jason/gxs/GXS_2024_VisionCode/install/qrmsg/include/qrmsg/qrmsg
[0.492s] -- Up-to-date: /home/jason/gxs/GXS_2024_VisionCode/install/qrmsg/include/qrmsg/qrmsg/msg
[0.492s] -- Up-to-date: /home/jason/gxs/GXS_2024_VisionCode/install/qrmsg/include/qrmsg/qrmsg/msg/detail
[0.492s] -- Up-to-date: /home/jason/gxs/GXS_2024_VisionCode/install/qrmsg/include/qrmsg/qrmsg/msg/detail/dds_fastrtps
[0.492s] -- Up-to-date: /home/jason/gxs/GXS_2024_VisionCode/install/qrmsg/include/qrmsg/qrmsg/msg/detail/qr__rosidl_typesupport_fastrtps_cpp.hpp
[0.492s] -- Up-to-date: /home/jason/gxs/GXS_2024_VisionCode/install/qrmsg/include/qrmsg/qrmsg/msg/rosidl_typesupport_fastrtps_cpp__visibility_control.h
[0.492s] -- Up-to-date: /home/jason/gxs/GXS_2024_VisionCode/install/qrmsg/include/qrmsg/qrmsg/srv
[0.492s] -- Up-to-date: /home/jason/gxs/GXS_2024_VisionCode/install/qrmsg/include/qrmsg/qrmsg/srv/detail
[0.492s] -- Up-to-date: /home/jason/gxs/GXS_2024_VisionCode/install/qrmsg/include/qrmsg/qrmsg/srv/detail/dds_fastrtps
[0.492s] -- Up-to-date: /home/jason/gxs/GXS_2024_VisionCode/install/qrmsg/include/qrmsg/qrmsg/srv/detail/qr__rosidl_typesupport_fastrtps_cpp.hpp
[0.492s] -- Up-to-date: /home/jason/gxs/GXS_2024_VisionCode/install/qrmsg/lib/libqrmsg__rosidl_typesupport_fastrtps_cpp.so
[0.492s] -- Up-to-date: /home/jason/gxs/GXS_2024_VisionCode/install/qrmsg/include/qrmsg/qrmsg
[0.492s] -- Up-to-date: /home/jason/gxs/GXS_2024_VisionCode/install/qrmsg/include/qrmsg/qrmsg/msg
[0.492s] -- Up-to-date: /home/jason/gxs/GXS_2024_VisionCode/install/qrmsg/include/qrmsg/qrmsg/msg/detail
[0.492s] -- Up-to-date: /home/jason/gxs/GXS_2024_VisionCode/install/qrmsg/include/qrmsg/qrmsg/msg/detail/qr__type_support.cpp
[0.493s] -- Up-to-date: /home/jason/gxs/GXS_2024_VisionCode/install/qrmsg/include/qrmsg/qrmsg/msg/detail/qr__rosidl_typesupport_introspection_cpp.hpp
[0.493s] -- Up-to-date: /home/jason/gxs/GXS_2024_VisionCode/install/qrmsg/include/qrmsg/qrmsg/srv
[0.493s] -- Up-to-date: /home/jason/gxs/GXS_2024_VisionCode/install/qrmsg/include/qrmsg/qrmsg/srv/detail
[0.493s] -- Up-to-date: /home/jason/gxs/GXS_2024_VisionCode/install/qrmsg/include/qrmsg/qrmsg/srv/detail/qr__type_support.cpp
[0.493s] -- Up-to-date: /home/jason/gxs/GXS_2024_VisionCode/install/qrmsg/include/qrmsg/qrmsg/srv/detail/qr__rosidl_typesupport_introspection_cpp.hpp
[0.493s] -- Up-to-date: /home/jason/gxs/GXS_2024_VisionCode/install/qrmsg/lib/libqrmsg__rosidl_typesupport_introspection_cpp.so
[0.493s] -- Up-to-date: /home/jason/gxs/GXS_2024_VisionCode/install/qrmsg/lib/libqrmsg__rosidl_typesupport_cpp.so
[0.493s] -- Up-to-date: /home/jason/gxs/GXS_2024_VisionCode/install/qrmsg/share/qrmsg/environment/pythonpath.sh
[0.493s] -- Up-to-date: /home/jason/gxs/GXS_2024_VisionCode/install/qrmsg/share/qrmsg/environment/pythonpath.dsv
[0.493s] -- Up-to-date: /home/jason/gxs/GXS_2024_VisionCode/install/qrmsg/local/lib/python3.10/dist-packages/qrmsg-0.0.0-py3.10.egg-info
[0.493s] -- Installing: /home/jason/gxs/GXS_2024_VisionCode/install/qrmsg/local/lib/python3.10/dist-packages/qrmsg-0.0.0-py3.10.egg-info/PKG-INFO
[0.493s] -- Installing: /home/jason/gxs/GXS_2024_VisionCode/install/qrmsg/local/lib/python3.10/dist-packages/qrmsg-0.0.0-py3.10.egg-info/SOURCES.txt
[0.493s] -- Installing: /home/jason/gxs/GXS_2024_VisionCode/install/qrmsg/local/lib/python3.10/dist-packages/qrmsg-0.0.0-py3.10.egg-info/top_level.txt
[0.493s] -- Installing: /home/jason/gxs/GXS_2024_VisionCode/install/qrmsg/local/lib/python3.10/dist-packages/qrmsg-0.0.0-py3.10.egg-info/dependency_links.txt
[0.493s] -- Up-to-date: /home/jason/gxs/GXS_2024_VisionCode/install/qrmsg/local/lib/python3.10/dist-packages/qrmsg
[0.493s] -- Up-to-date: /home/jason/gxs/GXS_2024_VisionCode/install/qrmsg/local/lib/python3.10/dist-packages/qrmsg/msg
[0.493s] -- Up-to-date: /home/jason/gxs/GXS_2024_VisionCode/install/qrmsg/local/lib/python3.10/dist-packages/qrmsg/msg/_qr_s.c
[0.493s] -- Up-to-date: /home/jason/gxs/GXS_2024_VisionCode/install/qrmsg/local/lib/python3.10/dist-packages/qrmsg/msg/__init__.py
[0.493s] -- Up-to-date: /home/jason/gxs/GXS_2024_VisionCode/install/qrmsg/local/lib/python3.10/dist-packages/qrmsg/msg/_qr.py
[0.493s] -- Up-to-date: /home/jason/gxs/GXS_2024_VisionCode/install/qrmsg/local/lib/python3.10/dist-packages/qrmsg/qrmsg_s__rosidl_typesupport_c.cpython-310-x86_64-linux-gnu.so
[0.493s] -- Up-to-date: /home/jason/gxs/GXS_2024_VisionCode/install/qrmsg/local/lib/python3.10/dist-packages/qrmsg/_qrmsg_s.ep.rosidl_typesupport_introspection_c.c
[0.493s] -- Up-to-date: /home/jason/gxs/GXS_2024_VisionCode/install/qrmsg/local/lib/python3.10/dist-packages/qrmsg/__init__.py
[0.493s] -- Up-to-date: /home/jason/gxs/GXS_2024_VisionCode/install/qrmsg/local/lib/python3.10/dist-packages/qrmsg/srv
[0.493s] -- Up-to-date: /home/jason/gxs/GXS_2024_VisionCode/install/qrmsg/local/lib/python3.10/dist-packages/qrmsg/srv/_qr_s.c
[0.493s] -- Up-to-date: /home/jason/gxs/GXS_2024_VisionCode/install/qrmsg/local/lib/python3.10/dist-packages/qrmsg/srv/__init__.py
[0.493s] -- Up-to-date: /home/jason/gxs/GXS_2024_VisionCode/install/qrmsg/local/lib/python3.10/dist-packages/qrmsg/srv/_qr.py
[0.494s] -- Up-to-date: /home/jason/gxs/GXS_2024_VisionCode/install/qrmsg/local/lib/python3.10/dist-packages/qrmsg/qrmsg_s__rosidl_typesupport_introspection_c.cpython-310-x86_64-linux-gnu.so
[0.494s] -- Up-to-date: /home/jason/gxs/GXS_2024_VisionCode/install/qrmsg/local/lib/python3.10/dist-packages/qrmsg/_qrmsg_s.ep.rosidl_typesupport_c.c
[0.494s] -- Up-to-date: /home/jason/gxs/GXS_2024_VisionCode/install/qrmsg/local/lib/python3.10/dist-packages/qrmsg/qrmsg_s__rosidl_typesupport_fastrtps_c.cpython-310-x86_64-linux-gnu.so
[0.494s] -- Up-to-date: /home/jason/gxs/GXS_2024_VisionCode/install/qrmsg/local/lib/python3.10/dist-packages/qrmsg/libqrmsg__rosidl_generator_py.so
[0.494s] -- Up-to-date: /home/jason/gxs/GXS_2024_VisionCode/install/qrmsg/local/lib/python3.10/dist-packages/qrmsg/_qrmsg_s.ep.rosidl_typesupport_fastrtps_c.c
[0.523s] Listing '/home/jason/gxs/GXS_2024_VisionCode/install/qrmsg/local/lib/python3.10/dist-packages/qrmsg'...
[0.523s] Listing '/home/jason/gxs/GXS_2024_VisionCode/install/qrmsg/local/lib/python3.10/dist-packages/qrmsg/msg'...
[0.523s] Listing '/home/jason/gxs/GXS_2024_VisionCode/install/qrmsg/local/lib/python3.10/dist-packages/qrmsg/srv'...
[0.529s] -- Up-to-date: /home/jason/gxs/GXS_2024_VisionCode/install/qrmsg/local/lib/python3.10/dist-packages/qrmsg/qrmsg_s__rosidl_typesupport_fastrtps_c.cpython-310-x86_64-linux-gnu.so
[0.529s] -- Up-to-date: /home/jason/gxs/GXS_2024_VisionCode/install/qrmsg/local/lib/python3.10/dist-packages/qrmsg/qrmsg_s__rosidl_typesupport_introspection_c.cpython-310-x86_64-linux-gnu.so
[0.529s] -- Up-to-date: /home/jason/gxs/GXS_2024_VisionCode/install/qrmsg/local/lib/python3.10/dist-packages/qrmsg/qrmsg_s__rosidl_typesupport_c.cpython-310-x86_64-linux-gnu.so
[0.529s] -- Up-to-date: /home/jason/gxs/GXS_2024_VisionCode/install/qrmsg/lib/libqrmsg__rosidl_generator_py.so
[0.529s] -- Up-to-date: /home/jason/gxs/GXS_2024_VisionCode/install/qrmsg/share/qrmsg/srv/Qr.idl
[0.529s] -- Up-to-date: /home/jason/gxs/GXS_2024_VisionCode/install/qrmsg/share/qrmsg/msg/Qr.idl
[0.529s] -- Up-to-date: /home/jason/gxs/GXS_2024_VisionCode/install/qrmsg/share/qrmsg/srv/Qr.srv
[0.530s] -- Up-to-date: /home/jason/gxs/GXS_2024_VisionCode/install/qrmsg/share/qrmsg/srv/Qr_Request.msg
[0.530s] -- Up-to-date: /home/jason/gxs/GXS_2024_VisionCode/install/qrmsg/share/qrmsg/srv/Qr_Response.msg
[0.530s] -- Up-to-date: /home/jason/gxs/GXS_2024_VisionCode/install/qrmsg/share/qrmsg/msg/Qr.msg
[0.530s] -- Up-to-date: /home/jason/gxs/GXS_2024_VisionCode/install/qrmsg/share/qrmsg/srv
[0.530s] -- Up-to-date: /home/jason/gxs/GXS_2024_VisionCode/install/qrmsg/share/qrmsg/srv/Qr.srv
[0.530s] -- Up-to-date: /home/jason/gxs/GXS_2024_VisionCode/install/qrmsg/share/qrmsg/msg
[0.530s] -- Up-to-date: /home/jason/gxs/GXS_2024_VisionCode/install/qrmsg/share/qrmsg/msg/Qr.msg
[0.530s] -- Up-to-date: /home/jason/gxs/GXS_2024_VisionCode/install/qrmsg/share/ament_index/resource_index/package_run_dependencies/qrmsg
[0.530s] -- Up-to-date: /home/jason/gxs/GXS_2024_VisionCode/install/qrmsg/share/ament_index/resource_index/parent_prefix_path/qrmsg
[0.531s] -- Up-to-date: /home/jason/gxs/GXS_2024_VisionCode/install/qrmsg/share/qrmsg/environment/ament_prefix_path.sh
[0.531s] -- Up-to-date: /home/jason/gxs/GXS_2024_VisionCode/install/qrmsg/share/qrmsg/environment/ament_prefix_path.dsv
[0.531s] -- Up-to-date: /home/jason/gxs/GXS_2024_VisionCode/install/qrmsg/share/qrmsg/environment/path.sh
[0.531s] -- Up-to-date: /home/jason/gxs/GXS_2024_VisionCode/install/qrmsg/share/qrmsg/environment/path.dsv
[0.531s] -- Up-to-date: /home/jason/gxs/GXS_2024_VisionCode/install/qrmsg/share/qrmsg/local_setup.bash
[0.531s] -- Up-to-date: /home/jason/gxs/GXS_2024_VisionCode/install/qrmsg/share/qrmsg/local_setup.sh
[0.531s] -- Up-to-date: /home/jason/gxs/GXS_2024_VisionCode/install/qrmsg/share/qrmsg/local_setup.zsh
[0.531s] -- Up-to-date: /home/jason/gxs/GXS_2024_VisionCode/install/qrmsg/share/qrmsg/local_setup.dsv
[0.531s] -- Installing: /home/jason/gxs/GXS_2024_VisionCode/install/qrmsg/share/qrmsg/package.dsv
[0.531s] -- Up-to-date: /home/jason/gxs/GXS_2024_VisionCode/install/qrmsg/share/ament_index/resource_index/packages/qrmsg
[0.531s] -- Up-to-date: /home/jason/gxs/GXS_2024_VisionCode/install/qrmsg/share/qrmsg/cmake/export_qrmsg__rosidl_generator_cExport.cmake
[0.531s] -- Up-to-date: /home/jason/gxs/GXS_2024_VisionCode/install/qrmsg/share/qrmsg/cmake/export_qrmsg__rosidl_generator_cExport-noconfig.cmake
[0.531s] -- Up-to-date: /home/jason/gxs/GXS_2024_VisionCode/install/qrmsg/share/qrmsg/cmake/export_qrmsg__rosidl_typesupport_fastrtps_cExport.cmake
[0.532s] -- Up-to-date: /home/jason/gxs/GXS_2024_VisionCode/install/qrmsg/share/qrmsg/cmake/export_qrmsg__rosidl_typesupport_fastrtps_cExport-noconfig.cmake
[0.532s] -- Up-to-date: /home/jason/gxs/GXS_2024_VisionCode/install/qrmsg/share/qrmsg/cmake/qrmsg__rosidl_typesupport_introspection_cExport.cmake
[0.532s] -- Up-to-date: /home/jason/gxs/GXS_2024_VisionCode/install/qrmsg/share/qrmsg/cmake/qrmsg__rosidl_typesupport_introspection_cExport-noconfig.cmake
[0.532s] -- Up-to-date: /home/jason/gxs/GXS_2024_VisionCode/install/qrmsg/share/qrmsg/cmake/qrmsg__rosidl_typesupport_cExport.cmake
[0.532s] -- Up-to-date: /home/jason/gxs/GXS_2024_VisionCode/install/qrmsg/share/qrmsg/cmake/qrmsg__rosidl_typesupport_cExport-noconfig.cmake
[0.532s] -- Up-to-date: /home/jason/gxs/GXS_2024_VisionCode/install/qrmsg/share/qrmsg/cmake/export_qrmsg__rosidl_generator_cppExport.cmake
[0.532s] -- Up-to-date: /home/jason/gxs/GXS_2024_VisionCode/install/qrmsg/share/qrmsg/cmake/export_qrmsg__rosidl_typesupport_fastrtps_cppExport.cmake
[0.532s] -- Up-to-date: /home/jason/gxs/GXS_2024_VisionCode/install/qrmsg/share/qrmsg/cmake/export_qrmsg__rosidl_typesupport_fastrtps_cppExport-noconfig.cmake
[0.532s] -- Up-to-date: /home/jason/gxs/GXS_2024_VisionCode/install/qrmsg/share/qrmsg/cmake/qrmsg__rosidl_typesupport_introspection_cppExport.cmake
[0.532s] -- Up-to-date: /home/jason/gxs/GXS_2024_VisionCode/install/qrmsg/share/qrmsg/cmake/qrmsg__rosidl_typesupport_introspection_cppExport-noconfig.cmake
[0.532s] -- Up-to-date: /home/jason/gxs/GXS_2024_VisionCode/install/qrmsg/share/qrmsg/cmake/qrmsg__rosidl_typesupport_cppExport.cmake
[0.532s] -- Up-to-date: /home/jason/gxs/GXS_2024_VisionCode/install/qrmsg/share/qrmsg/cmake/qrmsg__rosidl_typesupport_cppExport-noconfig.cmake
[0.532s] -- Up-to-date: /home/jason/gxs/GXS_2024_VisionCode/install/qrmsg/share/qrmsg/cmake/export_qrmsg__rosidl_generator_pyExport.cmake
[0.532s] -- Up-to-date: /home/jason/gxs/GXS_2024_VisionCode/install/qrmsg/share/qrmsg/cmake/export_qrmsg__rosidl_generator_pyExport-noconfig.cmake
[0.532s] -- Up-to-date: /home/jason/gxs/GXS_2024_VisionCode/install/qrmsg/share/qrmsg/cmake/rosidl_cmake-extras.cmake
[0.532s] -- Up-to-date: /home/jason/gxs/GXS_2024_VisionCode/install/qrmsg/share/qrmsg/cmake/ament_cmake_export_include_directories-extras.cmake
[0.532s] -- Up-to-date: /home/jason/gxs/GXS_2024_VisionCode/install/qrmsg/share/qrmsg/cmake/ament_cmake_export_libraries-extras.cmake
[0.532s] -- Up-to-date: /home/jason/gxs/GXS_2024_VisionCode/install/qrmsg/share/qrmsg/cmake/ament_cmake_export_targets-extras.cmake
[0.532s] -- Up-to-date: /home/jason/gxs/GXS_2024_VisionCode/install/qrmsg/share/qrmsg/cmake/rosidl_cmake_export_typesupport_targets-extras.cmake
[0.532s] -- Up-to-date: /home/jason/gxs/GXS_2024_VisionCode/install/qrmsg/share/qrmsg/cmake/ament_cmake_export_dependencies-extras.cmake
[0.532s] -- Up-to-date: /home/jason/gxs/GXS_2024_VisionCode/install/qrmsg/share/qrmsg/cmake/rosidl_cmake_export_typesupport_libraries-extras.cmake
[0.533s] -- Up-to-date: /home/jason/gxs/GXS_2024_VisionCode/install/qrmsg/share/qrmsg/cmake/qrmsgConfig.cmake
[0.533s] -- Up-to-date: /home/jason/gxs/GXS_2024_VisionCode/install/qrmsg/share/qrmsg/cmake/qrmsgConfig-version.cmake
[0.533s] -- Up-to-date: /home/jason/gxs/GXS_2024_VisionCode/install/qrmsg/share/qrmsg/package.xml
[0.535s] Invoked command in '/home/jason/gxs/GXS_2024_VisionCode/build/qrmsg' returned '0': CMAKE_PREFIX_PATH=${CMAKE_PREFIX_PATH}:/home/jason/gxs/GXS_2024_VisionCode/install/line_follow:/opt/ros/humble /usr/bin/cmake --install /home/jason/gxs/GXS_2024_VisionCode/build/qrmsg
