[0.335s] Invoking command in '/home/jason/gxs/GXS_2024_VisionCode/src/line_follow': PYTHONPATH=/home/jason/gxs/GXS_2024_VisionCode/build/line_follow/prefix_override:/home/jason/gxs/GXS_2024_VisionCode/install/line_follow/lib/python3.10/site-packages:${PYTHONPATH} /usr/bin/python3 -W ignore:setup.py install is deprecated setup.py egg_info --egg-base ../../build/line_follow build --build-base /home/jason/gxs/GXS_2024_VisionCode/build/line_follow/build install --record /home/jason/gxs/GXS_2024_VisionCode/build/line_follow/install.log --single-version-externally-managed install_data
[0.455s] running egg_info
[0.455s] writing ../../build/line_follow/line_follow.egg-info/PKG-INFO
[0.455s] writing dependency_links to ../../build/line_follow/line_follow.egg-info/dependency_links.txt
[0.455s] writing entry points to ../../build/line_follow/line_follow.egg-info/entry_points.txt
[0.455s] writing requirements to ../../build/line_follow/line_follow.egg-info/requires.txt
[0.455s] writing top-level names to ../../build/line_follow/line_follow.egg-info/top_level.txt
[0.456s] reading manifest file '../../build/line_follow/line_follow.egg-info/SOURCES.txt'
[0.456s] writing manifest file '../../build/line_follow/line_follow.egg-info/SOURCES.txt'
[0.456s] running build
[0.456s] running build_py
[0.456s] copying line_follow/lf.py -> /home/jason/gxs/GXS_2024_VisionCode/build/line_follow/build/lib/line_follow
[0.456s] running install
[0.456s] running install_lib
[0.457s] copying /home/jason/gxs/GXS_2024_VisionCode/build/line_follow/build/lib/line_follow/lf.py -> /home/jason/gxs/GXS_2024_VisionCode/install/line_follow/lib/python3.10/site-packages/line_follow
[0.457s] byte-compiling /home/jason/gxs/GXS_2024_VisionCode/install/line_follow/lib/python3.10/site-packages/line_follow/lf.py to lf.cpython-310.pyc
[0.457s]   File "/home/jason/gxs/GXS_2024_VisionCode/install/line_follow/lib/python3.10/site-packages/line_follow/lf.py", line 101
[0.457s]     读取图片。
[0.457s]         ^
[0.457s] SyntaxError: invalid character '。' (U+3002)
[0.457s] 
[0.457s] running install_data
[0.458s] running install_egg_info
[0.458s] removing '/home/jason/gxs/GXS_2024_VisionCode/install/line_follow/lib/python3.10/site-packages/line_follow-0.0.0-py3.10.egg-info' (and everything under it)
[0.458s] Copying ../../build/line_follow/line_follow.egg-info to /home/jason/gxs/GXS_2024_VisionCode/install/line_follow/lib/python3.10/site-packages/line_follow-0.0.0-py3.10.egg-info
[0.459s] running install_scripts
[0.468s] Installing line_follow script to /home/jason/gxs/GXS_2024_VisionCode/install/line_follow/lib/line_follow
[0.469s] writing list of installed files to '/home/jason/gxs/GXS_2024_VisionCode/build/line_follow/install.log'
[0.480s] Invoked command in '/home/jason/gxs/GXS_2024_VisionCode/src/line_follow' returned '0': PYTHONPATH=/home/jason/gxs/GXS_2024_VisionCode/build/line_follow/prefix_override:/home/jason/gxs/GXS_2024_VisionCode/install/line_follow/lib/python3.10/site-packages:${PYTHONPATH} /usr/bin/python3 -W ignore:setup.py install is deprecated setup.py egg_info --egg-base ../../build/line_follow build --build-base /home/jason/gxs/GXS_2024_VisionCode/build/line_follow/build install --record /home/jason/gxs/GXS_2024_VisionCode/build/line_follow/install.log --single-version-externally-managed install_data
