[0.013s] Invoking command in '/home/jason/gxs/GXS_2024_VisionCode/build/qrmsg': CMAKE_PREFIX_PATH=${CMAKE_PREFIX_PATH}:/home/jason/gxs/GXS_2024_VisionCode/install/line_follow:/opt/ros/humble /usr/bin/cmake --build /home/jason/gxs/GXS_2024_VisionCode/build/qrmsg -- -j16 -l16
[0.030s] -- Found ament_cmake: 1.3.8 (/opt/ros/humble/share/ament_cmake/cmake)
[0.107s] -- Found rosidl_default_generators: 1.2.0 (/opt/ros/humble/share/rosidl_default_generators/cmake)
[0.108s] -- Using all available rosidl_typesupport_c: rosidl_typesupport_fastrtps_c;rosidl_typesupport_introspection_c
[0.110s] -- Found rosidl_adapter: 3.1.5 (/opt/ros/humble/share/rosidl_adapter/cmake)
[0.128s] -- Using all available rosidl_typesupport_cpp: rosidl_typesupport_fastrtps_cpp;rosidl_typesupport_introspection_cpp
[0.142s] -- Found ament_lint_auto: 0.12.10 (/opt/ros/humble/share/ament_lint_auto/cmake)
[0.317s] -- Found ament_cmake_ros: 0.10.0 (/opt/ros/humble/share/ament_cmake_ros/cmake)
[0.429s] -- Using all available rosidl_typesupport_c: rosidl_typesupport_fastrtps_c;rosidl_typesupport_introspection_c
[0.583s] -- Using all available rosidl_typesupport_cpp: rosidl_typesupport_fastrtps_cpp;rosidl_typesupport_introspection_cpp
[0.597s] -- Found python_cmake_module: 0.10.0 (/opt/ros/humble/share/python_cmake_module/cmake)
[0.610s] -- Using PYTHON_EXECUTABLE: /usr/bin/python3
[0.611s] -- Using PYTHON_INCLUDE_DIRS: /usr/include/python3.10
[0.611s] -- Using PYTHON_LIBRARIES: /usr/lib/x86_64-linux-gnu/libpython3.10.so
[0.622s] -- Added test 'lint_cmake' to check CMake code style
[0.622s] -- Added test 'xmllint' to check XML markup files
[0.628s] -- Configuring done
[0.656s] -- Generating done
[0.657s] -- Build files have been written to: /home/jason/gxs/GXS_2024_VisionCode/build/qrmsg
[0.676s] [  2%] [34m[1mGenerating C code for ROS interfaces[0m
[0.683s] [  5%] [34m[1mGenerating C++ code for ROS interfaces[0m
[0.689s] [  5%] Built target ament_cmake_python_copy_qrmsg
[0.829s] running egg_info
[0.830s] writing qrmsg.egg-info/PKG-INFO
[0.830s] writing dependency_links to qrmsg.egg-info/dependency_links.txt
[0.830s] writing top-level names to qrmsg.egg-info/top_level.txt
[0.831s] reading manifest file 'qrmsg.egg-info/SOURCES.txt'
[0.832s] writing manifest file 'qrmsg.egg-info/SOURCES.txt'
[0.852s] [  5%] Built target ament_cmake_python_build_qrmsg_egg
[0.882s] [35m[1mConsolidate compiler generated dependencies of target qrmsg__rosidl_generator_c[0m
[0.884s] [  5%] Built target qrmsg__cpp
[0.890s] [  7%] [32mBuilding C object CMakeFiles/qrmsg__rosidl_generator_c.dir/rosidl_generator_c/qrmsg/msg/detail/qr__functions.c.o[0m
[0.890s] [ 10%] [34m[1mGenerating C++ introspection for ROS interfaces[0m
[0.890s] [ 12%] [34m[1mGenerating C++ type support dispatch for ROS interfaces[0m
[0.892s] [ 15%] [32mBuilding C object CMakeFiles/qrmsg__rosidl_generator_c.dir/rosidl_generator_c/qrmsg/srv/detail/qr__functions.c.o[0m
[0.893s] [ 17%] [34m[1mGenerating C++ type support for eProsima Fast-RTPS[0m
[0.936s] [ 20%] [32m[1mLinking C shared library libqrmsg__rosidl_generator_c.so[0m
[0.961s] [ 20%] Built target qrmsg__rosidl_generator_c
[0.970s] [ 23%] [34m[1mGenerating C type support for eProsima Fast-RTPS[0m
[0.973s] [ 28%] [34m[1mGenerating C type support dispatch for ROS interfaces[0m
[0.973s] [ 28%] [34m[1mGenerating C introspection for ROS interfaces[0m
[1.055s] [35m[1mConsolidate compiler generated dependencies of target qrmsg__rosidl_typesupport_cpp[0m
[1.065s] [ 30%] [32mBuilding CXX object CMakeFiles/qrmsg__rosidl_typesupport_cpp.dir/rosidl_typesupport_cpp/qrmsg/srv/qr__type_support.cpp.o[0m
[1.068s] [ 33%] [32mBuilding CXX object CMakeFiles/qrmsg__rosidl_typesupport_cpp.dir/rosidl_typesupport_cpp/qrmsg/msg/qr__type_support.cpp.o[0m
[1.090s] [35m[1mConsolidate compiler generated dependencies of target qrmsg__rosidl_typesupport_introspection_cpp[0m
[1.105s] [ 38%] [32mBuilding CXX object CMakeFiles/qrmsg__rosidl_typesupport_introspection_cpp.dir/rosidl_typesupport_introspection_cpp/qrmsg/msg/detail/qr__type_support.cpp.o[0m
[1.105s] [ 38%] [32mBuilding CXX object CMakeFiles/qrmsg__rosidl_typesupport_introspection_cpp.dir/rosidl_typesupport_introspection_cpp/qrmsg/srv/detail/qr__type_support.cpp.o[0m
[1.248s] [35m[1mConsolidate compiler generated dependencies of target qrmsg__rosidl_typesupport_fastrtps_c[0m
[1.253s] [35m[1mConsolidate compiler generated dependencies of target qrmsg__rosidl_typesupport_fastrtps_cpp[0m
[1.262s] [ 41%] [32mBuilding CXX object CMakeFiles/qrmsg__rosidl_typesupport_fastrtps_c.dir/rosidl_typesupport_fastrtps_c/qrmsg/srv/detail/qr__type_support_c.cpp.o[0m
[1.262s] [ 43%] [32m[1mLinking CXX shared library libqrmsg__rosidl_typesupport_cpp.so[0m
[1.264s] [ 46%] [32mBuilding CXX object CMakeFiles/qrmsg__rosidl_typesupport_fastrtps_c.dir/rosidl_typesupport_fastrtps_c/qrmsg/msg/detail/qr__type_support_c.cpp.o[0m
[1.272s] [ 51%] [32mBuilding CXX object CMakeFiles/qrmsg__rosidl_typesupport_fastrtps_cpp.dir/rosidl_typesupport_fastrtps_cpp/qrmsg/srv/detail/dds_fastrtps/qr__type_support.cpp.o[0m
[1.273s] [ 51%] [32mBuilding CXX object CMakeFiles/qrmsg__rosidl_typesupport_fastrtps_cpp.dir/rosidl_typesupport_fastrtps_cpp/qrmsg/msg/detail/dds_fastrtps/qr__type_support.cpp.o[0m
[1.318s] [35m[1mConsolidate compiler generated dependencies of target qrmsg__rosidl_typesupport_c[0m
[1.323s] [ 51%] Built target qrmsg__rosidl_typesupport_cpp
[1.339s] [ 56%] [32mBuilding CXX object CMakeFiles/qrmsg__rosidl_typesupport_c.dir/rosidl_typesupport_c/qrmsg/msg/qr__type_support.cpp.o[0m
[1.340s] [ 56%] [32mBuilding CXX object CMakeFiles/qrmsg__rosidl_typesupport_c.dir/rosidl_typesupport_c/qrmsg/srv/qr__type_support.cpp.o[0m
[1.344s] [35m[1mConsolidate compiler generated dependencies of target qrmsg__rosidl_typesupport_introspection_c[0m
[1.357s] [ 58%] [32mBuilding C object CMakeFiles/qrmsg__rosidl_typesupport_introspection_c.dir/rosidl_typesupport_introspection_c/qrmsg/srv/detail/qr__type_support.c.o[0m
[1.360s] [ 61%] [32mBuilding C object CMakeFiles/qrmsg__rosidl_typesupport_introspection_c.dir/rosidl_typesupport_introspection_c/qrmsg/msg/detail/qr__type_support.c.o[0m
[1.375s] [ 64%] [32m[1mLinking CXX shared library libqrmsg__rosidl_typesupport_c.so[0m
[1.400s] [ 66%] [32m[1mLinking C shared library libqrmsg__rosidl_typesupport_introspection_c.so[0m
[1.429s] [ 66%] Built target qrmsg__rosidl_typesupport_c
[1.440s] [ 66%] Built target qrmsg__rosidl_typesupport_introspection_c
[1.455s] [ 69%] [32m[1mLinking CXX shared library libqrmsg__rosidl_typesupport_introspection_cpp.so[0m
[1.487s] [ 69%] Built target qrmsg__rosidl_typesupport_introspection_cpp
[1.542s] [ 71%] [32m[1mLinking CXX shared library libqrmsg__rosidl_typesupport_fastrtps_c.so[0m
[1.601s] [ 71%] Built target qrmsg__rosidl_typesupport_fastrtps_c
[1.634s] [ 74%] [32m[1mLinking CXX shared library libqrmsg__rosidl_typesupport_fastrtps_cpp.so[0m
[1.686s] [ 74%] Built target qrmsg__rosidl_typesupport_fastrtps_cpp
[1.699s] [ 74%] Built target qrmsg
[1.712s] [ 76%] [34m[1mGenerating Python code for ROS interfaces[0m
[1.975s] [ 76%] Built target qrmsg__py
[1.982s] [35m[1mConsolidate compiler generated dependencies of target qrmsg__rosidl_generator_py[0m
[1.989s] [ 82%] [32mBuilding C object CMakeFiles/qrmsg__rosidl_generator_py.dir/rosidl_generator_py/qrmsg/srv/_qr_s.c.o[0m
[1.989s] [ 82%] [32mBuilding C object CMakeFiles/qrmsg__rosidl_generator_py.dir/rosidl_generator_py/qrmsg/msg/_qr_s.c.o[0m
[2.062s] [ 84%] [32m[1mLinking C shared library rosidl_generator_py/qrmsg/libqrmsg__rosidl_generator_py.so[0m
[2.086s] [ 84%] Built target qrmsg__rosidl_generator_py
[2.093s] [35m[1mConsolidate compiler generated dependencies of target qrmsg__rosidl_typesupport_introspection_c__pyext[0m
[2.094s] [35m[1mConsolidate compiler generated dependencies of target qrmsg__rosidl_typesupport_c__pyext[0m
[2.094s] [35m[1mConsolidate compiler generated dependencies of target qrmsg__rosidl_typesupport_fastrtps_c__pyext[0m
[2.102s] [ 89%] [32mBuilding C object CMakeFiles/qrmsg__rosidl_typesupport_introspection_c__pyext.dir/rosidl_generator_py/qrmsg/_qrmsg_s.ep.rosidl_typesupport_introspection_c.c.o[0m
[2.102s] [ 89%] [32mBuilding C object CMakeFiles/qrmsg__rosidl_typesupport_c__pyext.dir/rosidl_generator_py/qrmsg/_qrmsg_s.ep.rosidl_typesupport_c.c.o[0m
[2.102s] [ 92%] [32mBuilding C object CMakeFiles/qrmsg__rosidl_typesupport_fastrtps_c__pyext.dir/rosidl_generator_py/qrmsg/_qrmsg_s.ep.rosidl_typesupport_fastrtps_c.c.o[0m
[2.160s] [ 94%] [32m[1mLinking C shared library rosidl_generator_py/qrmsg/qrmsg_s__rosidl_typesupport_c.cpython-310-x86_64-linux-gnu.so[0m
[2.160s] [ 97%] [32m[1mLinking C shared library rosidl_generator_py/qrmsg/qrmsg_s__rosidl_typesupport_fastrtps_c.cpython-310-x86_64-linux-gnu.so[0m
[2.185s] [ 97%] Built target qrmsg__rosidl_typesupport_fastrtps_c__pyext
[2.185s] [ 97%] Built target qrmsg__rosidl_typesupport_c__pyext
[2.194s] [100%] [32m[1mLinking C shared library rosidl_generator_py/qrmsg/qrmsg_s__rosidl_typesupport_introspection_c.cpython-310-x86_64-linux-gnu.so[0m
[2.218s] [100%] Built target qrmsg__rosidl_typesupport_introspection_c__pyext
[2.228s] Invoked command in '/home/jason/gxs/GXS_2024_VisionCode/build/qrmsg' returned '0': CMAKE_PREFIX_PATH=${CMAKE_PREFIX_PATH}:/home/jason/gxs/GXS_2024_VisionCode/install/line_follow:/opt/ros/humble /usr/bin/cmake --build /home/jason/gxs/GXS_2024_VisionCode/build/qrmsg -- -j16 -l16
[2.274s] Invoking command in '/home/jason/gxs/GXS_2024_VisionCode/build/qrmsg': CMAKE_PREFIX_PATH=${CMAKE_PREFIX_PATH}:/home/jason/gxs/GXS_2024_VisionCode/install/line_follow:/opt/ros/humble /usr/bin/cmake --install /home/jason/gxs/GXS_2024_VisionCode/build/qrmsg
[2.281s] -- Install configuration: ""
[2.281s] -- Installing: /home/jason/gxs/GXS_2024_VisionCode/install/qrmsg/share/ament_index/resource_index/rosidl_interfaces/qrmsg
[2.281s] -- Up-to-date: /home/jason/gxs/GXS_2024_VisionCode/install/qrmsg/include/qrmsg/qrmsg
[2.281s] -- Up-to-date: /home/jason/gxs/GXS_2024_VisionCode/install/qrmsg/include/qrmsg/qrmsg/msg
[2.281s] -- Installing: /home/jason/gxs/GXS_2024_VisionCode/install/qrmsg/include/qrmsg/qrmsg/msg/detail
[2.281s] -- Installing: /home/jason/gxs/GXS_2024_VisionCode/install/qrmsg/include/qrmsg/qrmsg/msg/detail/qr__functions.h
[2.281s] -- Installing: /home/jason/gxs/GXS_2024_VisionCode/install/qrmsg/include/qrmsg/qrmsg/msg/detail/qr__functions.c
[2.281s] -- Installing: /home/jason/gxs/GXS_2024_VisionCode/install/qrmsg/include/qrmsg/qrmsg/msg/detail/qr__type_support.h
[2.281s] -- Installing: /home/jason/gxs/GXS_2024_VisionCode/install/qrmsg/include/qrmsg/qrmsg/msg/detail/qr__struct.h
[2.281s] -- Up-to-date: /home/jason/gxs/GXS_2024_VisionCode/install/qrmsg/include/qrmsg/qrmsg/msg/rosidl_generator_c__visibility_control.h
[2.282s] -- Installing: /home/jason/gxs/GXS_2024_VisionCode/install/qrmsg/include/qrmsg/qrmsg/msg/qr.h
[2.282s] -- Up-to-date: /home/jason/gxs/GXS_2024_VisionCode/install/qrmsg/include/qrmsg/qrmsg/srv
[2.282s] -- Up-to-date: /home/jason/gxs/GXS_2024_VisionCode/install/qrmsg/include/qrmsg/qrmsg/srv/detail
[2.282s] -- Installing: /home/jason/gxs/GXS_2024_VisionCode/install/qrmsg/include/qrmsg/qrmsg/srv/detail/qr__functions.h
[2.282s] -- Installing: /home/jason/gxs/GXS_2024_VisionCode/install/qrmsg/include/qrmsg/qrmsg/srv/detail/qr__functions.c
[2.282s] -- Installing: /home/jason/gxs/GXS_2024_VisionCode/install/qrmsg/include/qrmsg/qrmsg/srv/detail/qr__type_support.h
[2.282s] -- Installing: /home/jason/gxs/GXS_2024_VisionCode/install/qrmsg/include/qrmsg/qrmsg/srv/detail/qr__struct.h
[2.282s] -- Installing: /home/jason/gxs/GXS_2024_VisionCode/install/qrmsg/include/qrmsg/qrmsg/srv/qr.h
[2.282s] -- Up-to-date: /home/jason/gxs/GXS_2024_VisionCode/install/qrmsg/share/qrmsg/environment/library_path.sh
[2.282s] -- Installing: /home/jason/gxs/GXS_2024_VisionCode/install/qrmsg/share/qrmsg/environment/library_path.dsv
[2.282s] -- Installing: /home/jason/gxs/GXS_2024_VisionCode/install/qrmsg/lib/libqrmsg__rosidl_generator_c.so
[2.282s] -- Set runtime path of "/home/jason/gxs/GXS_2024_VisionCode/install/qrmsg/lib/libqrmsg__rosidl_generator_c.so" to ""
[2.282s] -- Up-to-date: /home/jason/gxs/GXS_2024_VisionCode/install/qrmsg/include/qrmsg/qrmsg
[2.282s] -- Up-to-date: /home/jason/gxs/GXS_2024_VisionCode/install/qrmsg/include/qrmsg/qrmsg/msg
[2.283s] -- Up-to-date: /home/jason/gxs/GXS_2024_VisionCode/install/qrmsg/include/qrmsg/qrmsg/msg/detail
[2.283s] -- Installing: /home/jason/gxs/GXS_2024_VisionCode/install/qrmsg/include/qrmsg/qrmsg/msg/detail/qr__rosidl_typesupport_fastrtps_c.h
[2.283s] -- Up-to-date: /home/jason/gxs/GXS_2024_VisionCode/install/qrmsg/include/qrmsg/qrmsg/msg/rosidl_typesupport_fastrtps_c__visibility_control.h
[2.283s] -- Up-to-date: /home/jason/gxs/GXS_2024_VisionCode/install/qrmsg/include/qrmsg/qrmsg/srv
[2.283s] -- Up-to-date: /home/jason/gxs/GXS_2024_VisionCode/install/qrmsg/include/qrmsg/qrmsg/srv/detail
[2.283s] -- Installing: /home/jason/gxs/GXS_2024_VisionCode/install/qrmsg/include/qrmsg/qrmsg/srv/detail/qr__rosidl_typesupport_fastrtps_c.h
[2.283s] -- Installing: /home/jason/gxs/GXS_2024_VisionCode/install/qrmsg/lib/libqrmsg__rosidl_typesupport_fastrtps_c.so
[2.283s] -- Set runtime path of "/home/jason/gxs/GXS_2024_VisionCode/install/qrmsg/lib/libqrmsg__rosidl_typesupport_fastrtps_c.so" to ""
[2.283s] -- Up-to-date: /home/jason/gxs/GXS_2024_VisionCode/install/qrmsg/include/qrmsg/qrmsg
[2.283s] -- Up-to-date: /home/jason/gxs/GXS_2024_VisionCode/install/qrmsg/include/qrmsg/qrmsg/msg
[2.283s] -- Up-to-date: /home/jason/gxs/GXS_2024_VisionCode/install/qrmsg/include/qrmsg/qrmsg/msg/detail
[2.283s] -- Installing: /home/jason/gxs/GXS_2024_VisionCode/install/qrmsg/include/qrmsg/qrmsg/msg/detail/qr__rosidl_typesupport_introspection_c.h
[2.284s] -- Installing: /home/jason/gxs/GXS_2024_VisionCode/install/qrmsg/include/qrmsg/qrmsg/msg/detail/qr__type_support.c
[2.284s] -- Up-to-date: /home/jason/gxs/GXS_2024_VisionCode/install/qrmsg/include/qrmsg/qrmsg/msg/rosidl_typesupport_introspection_c__visibility_control.h
[2.284s] -- Up-to-date: /home/jason/gxs/GXS_2024_VisionCode/install/qrmsg/include/qrmsg/qrmsg/srv
[2.284s] -- Up-to-date: /home/jason/gxs/GXS_2024_VisionCode/install/qrmsg/include/qrmsg/qrmsg/srv/detail
[2.284s] -- Installing: /home/jason/gxs/GXS_2024_VisionCode/install/qrmsg/include/qrmsg/qrmsg/srv/detail/qr__rosidl_typesupport_introspection_c.h
[2.284s] -- Installing: /home/jason/gxs/GXS_2024_VisionCode/install/qrmsg/include/qrmsg/qrmsg/srv/detail/qr__type_support.c
[2.284s] -- Installing: /home/jason/gxs/GXS_2024_VisionCode/install/qrmsg/lib/libqrmsg__rosidl_typesupport_introspection_c.so
[2.284s] -- Set runtime path of "/home/jason/gxs/GXS_2024_VisionCode/install/qrmsg/lib/libqrmsg__rosidl_typesupport_introspection_c.so" to ""
[2.284s] -- Installing: /home/jason/gxs/GXS_2024_VisionCode/install/qrmsg/lib/libqrmsg__rosidl_typesupport_c.so
[2.284s] -- Set runtime path of "/home/jason/gxs/GXS_2024_VisionCode/install/qrmsg/lib/libqrmsg__rosidl_typesupport_c.so" to ""
[2.284s] -- Up-to-date: /home/jason/gxs/GXS_2024_VisionCode/install/qrmsg/include/qrmsg/qrmsg
[2.284s] -- Up-to-date: /home/jason/gxs/GXS_2024_VisionCode/install/qrmsg/include/qrmsg/qrmsg/msg
[2.284s] -- Installing: /home/jason/gxs/GXS_2024_VisionCode/install/qrmsg/include/qrmsg/qrmsg/msg/qr.hpp
[2.284s] -- Up-to-date: /home/jason/gxs/GXS_2024_VisionCode/install/qrmsg/include/qrmsg/qrmsg/msg/detail
[2.285s] -- Installing: /home/jason/gxs/GXS_2024_VisionCode/install/qrmsg/include/qrmsg/qrmsg/msg/detail/qr__traits.hpp
[2.285s] -- Installing: /home/jason/gxs/GXS_2024_VisionCode/install/qrmsg/include/qrmsg/qrmsg/msg/detail/qr__builder.hpp
[2.285s] -- Installing: /home/jason/gxs/GXS_2024_VisionCode/install/qrmsg/include/qrmsg/qrmsg/msg/detail/qr__struct.hpp
[2.285s] -- Up-to-date: /home/jason/gxs/GXS_2024_VisionCode/install/qrmsg/include/qrmsg/qrmsg/srv
[2.285s] -- Installing: /home/jason/gxs/GXS_2024_VisionCode/install/qrmsg/include/qrmsg/qrmsg/srv/qr.hpp
[2.285s] -- Up-to-date: /home/jason/gxs/GXS_2024_VisionCode/install/qrmsg/include/qrmsg/qrmsg/srv/detail
[2.285s] -- Installing: /home/jason/gxs/GXS_2024_VisionCode/install/qrmsg/include/qrmsg/qrmsg/srv/detail/qr__traits.hpp
[2.285s] -- Installing: /home/jason/gxs/GXS_2024_VisionCode/install/qrmsg/include/qrmsg/qrmsg/srv/detail/qr__builder.hpp
[2.285s] -- Installing: /home/jason/gxs/GXS_2024_VisionCode/install/qrmsg/include/qrmsg/qrmsg/srv/detail/qr__struct.hpp
[2.285s] -- Up-to-date: /home/jason/gxs/GXS_2024_VisionCode/install/qrmsg/include/qrmsg/qrmsg
[2.285s] -- Up-to-date: /home/jason/gxs/GXS_2024_VisionCode/install/qrmsg/include/qrmsg/qrmsg/msg
[2.285s] -- Up-to-date: /home/jason/gxs/GXS_2024_VisionCode/install/qrmsg/include/qrmsg/qrmsg/msg/detail
[2.285s] -- Installing: /home/jason/gxs/GXS_2024_VisionCode/install/qrmsg/include/qrmsg/qrmsg/msg/detail/dds_fastrtps
[2.286s] -- Installing: /home/jason/gxs/GXS_2024_VisionCode/install/qrmsg/include/qrmsg/qrmsg/msg/detail/qr__rosidl_typesupport_fastrtps_cpp.hpp
[2.286s] -- Up-to-date: /home/jason/gxs/GXS_2024_VisionCode/install/qrmsg/include/qrmsg/qrmsg/msg/rosidl_typesupport_fastrtps_cpp__visibility_control.h
[2.286s] -- Up-to-date: /home/jason/gxs/GXS_2024_VisionCode/install/qrmsg/include/qrmsg/qrmsg/srv
[2.286s] -- Up-to-date: /home/jason/gxs/GXS_2024_VisionCode/install/qrmsg/include/qrmsg/qrmsg/srv/detail
[2.286s] -- Up-to-date: /home/jason/gxs/GXS_2024_VisionCode/install/qrmsg/include/qrmsg/qrmsg/srv/detail/dds_fastrtps
[2.286s] -- Installing: /home/jason/gxs/GXS_2024_VisionCode/install/qrmsg/include/qrmsg/qrmsg/srv/detail/qr__rosidl_typesupport_fastrtps_cpp.hpp
[2.286s] -- Installing: /home/jason/gxs/GXS_2024_VisionCode/install/qrmsg/lib/libqrmsg__rosidl_typesupport_fastrtps_cpp.so
[2.286s] -- Set runtime path of "/home/jason/gxs/GXS_2024_VisionCode/install/qrmsg/lib/libqrmsg__rosidl_typesupport_fastrtps_cpp.so" to ""
[2.286s] -- Up-to-date: /home/jason/gxs/GXS_2024_VisionCode/install/qrmsg/include/qrmsg/qrmsg
[2.286s] -- Up-to-date: /home/jason/gxs/GXS_2024_VisionCode/install/qrmsg/include/qrmsg/qrmsg/msg
[2.286s] -- Up-to-date: /home/jason/gxs/GXS_2024_VisionCode/install/qrmsg/include/qrmsg/qrmsg/msg/detail
[2.286s] -- Installing: /home/jason/gxs/GXS_2024_VisionCode/install/qrmsg/include/qrmsg/qrmsg/msg/detail/qr__type_support.cpp
[2.286s] -- Installing: /home/jason/gxs/GXS_2024_VisionCode/install/qrmsg/include/qrmsg/qrmsg/msg/detail/qr__rosidl_typesupport_introspection_cpp.hpp
[2.286s] -- Up-to-date: /home/jason/gxs/GXS_2024_VisionCode/install/qrmsg/include/qrmsg/qrmsg/srv
[2.286s] -- Up-to-date: /home/jason/gxs/GXS_2024_VisionCode/install/qrmsg/include/qrmsg/qrmsg/srv/detail
[2.286s] -- Installing: /home/jason/gxs/GXS_2024_VisionCode/install/qrmsg/include/qrmsg/qrmsg/srv/detail/qr__type_support.cpp
[2.287s] -- Installing: /home/jason/gxs/GXS_2024_VisionCode/install/qrmsg/include/qrmsg/qrmsg/srv/detail/qr__rosidl_typesupport_introspection_cpp.hpp
[2.287s] -- Installing: /home/jason/gxs/GXS_2024_VisionCode/install/qrmsg/lib/libqrmsg__rosidl_typesupport_introspection_cpp.so
[2.287s] -- Set runtime path of "/home/jason/gxs/GXS_2024_VisionCode/install/qrmsg/lib/libqrmsg__rosidl_typesupport_introspection_cpp.so" to ""
[2.287s] -- Installing: /home/jason/gxs/GXS_2024_VisionCode/install/qrmsg/lib/libqrmsg__rosidl_typesupport_cpp.so
[2.287s] -- Set runtime path of "/home/jason/gxs/GXS_2024_VisionCode/install/qrmsg/lib/libqrmsg__rosidl_typesupport_cpp.so" to ""
[2.287s] -- Up-to-date: /home/jason/gxs/GXS_2024_VisionCode/install/qrmsg/share/qrmsg/environment/pythonpath.sh
[2.287s] -- Installing: /home/jason/gxs/GXS_2024_VisionCode/install/qrmsg/share/qrmsg/environment/pythonpath.dsv
[2.287s] -- Up-to-date: /home/jason/gxs/GXS_2024_VisionCode/install/qrmsg/local/lib/python3.10/dist-packages/qrmsg-0.0.0-py3.10.egg-info
[2.287s] -- Installing: /home/jason/gxs/GXS_2024_VisionCode/install/qrmsg/local/lib/python3.10/dist-packages/qrmsg-0.0.0-py3.10.egg-info/PKG-INFO
[2.287s] -- Installing: /home/jason/gxs/GXS_2024_VisionCode/install/qrmsg/local/lib/python3.10/dist-packages/qrmsg-0.0.0-py3.10.egg-info/SOURCES.txt
[2.287s] -- Installing: /home/jason/gxs/GXS_2024_VisionCode/install/qrmsg/local/lib/python3.10/dist-packages/qrmsg-0.0.0-py3.10.egg-info/top_level.txt
[2.287s] -- Installing: /home/jason/gxs/GXS_2024_VisionCode/install/qrmsg/local/lib/python3.10/dist-packages/qrmsg-0.0.0-py3.10.egg-info/dependency_links.txt
[2.287s] -- Up-to-date: /home/jason/gxs/GXS_2024_VisionCode/install/qrmsg/local/lib/python3.10/dist-packages/qrmsg
[2.287s] -- Installing: /home/jason/gxs/GXS_2024_VisionCode/install/qrmsg/local/lib/python3.10/dist-packages/qrmsg/msg
[2.287s] -- Installing: /home/jason/gxs/GXS_2024_VisionCode/install/qrmsg/local/lib/python3.10/dist-packages/qrmsg/msg/_qr_s.c
[2.287s] -- Installing: /home/jason/gxs/GXS_2024_VisionCode/install/qrmsg/local/lib/python3.10/dist-packages/qrmsg/msg/__init__.py
[2.288s] -- Installing: /home/jason/gxs/GXS_2024_VisionCode/install/qrmsg/local/lib/python3.10/dist-packages/qrmsg/msg/_qr.py
[2.288s] -- Installing: /home/jason/gxs/GXS_2024_VisionCode/install/qrmsg/local/lib/python3.10/dist-packages/qrmsg/qrmsg_s__rosidl_typesupport_c.cpython-310-x86_64-linux-gnu.so
[2.288s] -- Installing: /home/jason/gxs/GXS_2024_VisionCode/install/qrmsg/local/lib/python3.10/dist-packages/qrmsg/_qrmsg_s.ep.rosidl_typesupport_introspection_c.c
[2.288s] -- Installing: /home/jason/gxs/GXS_2024_VisionCode/install/qrmsg/local/lib/python3.10/dist-packages/qrmsg/__init__.py
[2.288s] -- Up-to-date: /home/jason/gxs/GXS_2024_VisionCode/install/qrmsg/local/lib/python3.10/dist-packages/qrmsg/srv
[2.288s] -- Installing: /home/jason/gxs/GXS_2024_VisionCode/install/qrmsg/local/lib/python3.10/dist-packages/qrmsg/srv/_qr_s.c
[2.288s] -- Installing: /home/jason/gxs/GXS_2024_VisionCode/install/qrmsg/local/lib/python3.10/dist-packages/qrmsg/srv/__init__.py
[2.288s] -- Installing: /home/jason/gxs/GXS_2024_VisionCode/install/qrmsg/local/lib/python3.10/dist-packages/qrmsg/srv/_qr.py
[2.288s] -- Installing: /home/jason/gxs/GXS_2024_VisionCode/install/qrmsg/local/lib/python3.10/dist-packages/qrmsg/qrmsg_s__rosidl_typesupport_introspection_c.cpython-310-x86_64-linux-gnu.so
[2.288s] -- Installing: /home/jason/gxs/GXS_2024_VisionCode/install/qrmsg/local/lib/python3.10/dist-packages/qrmsg/_qrmsg_s.ep.rosidl_typesupport_c.c
[2.288s] -- Installing: /home/jason/gxs/GXS_2024_VisionCode/install/qrmsg/local/lib/python3.10/dist-packages/qrmsg/qrmsg_s__rosidl_typesupport_fastrtps_c.cpython-310-x86_64-linux-gnu.so
[2.288s] -- Installing: /home/jason/gxs/GXS_2024_VisionCode/install/qrmsg/local/lib/python3.10/dist-packages/qrmsg/libqrmsg__rosidl_generator_py.so
[2.288s] -- Installing: /home/jason/gxs/GXS_2024_VisionCode/install/qrmsg/local/lib/python3.10/dist-packages/qrmsg/_qrmsg_s.ep.rosidl_typesupport_fastrtps_c.c
[2.307s] Listing '/home/jason/gxs/GXS_2024_VisionCode/install/qrmsg/local/lib/python3.10/dist-packages/qrmsg'...
[2.307s] Compiling '/home/jason/gxs/GXS_2024_VisionCode/install/qrmsg/local/lib/python3.10/dist-packages/qrmsg/__init__.py'...
[2.307s] Listing '/home/jason/gxs/GXS_2024_VisionCode/install/qrmsg/local/lib/python3.10/dist-packages/qrmsg/msg'...
[2.307s] Compiling '/home/jason/gxs/GXS_2024_VisionCode/install/qrmsg/local/lib/python3.10/dist-packages/qrmsg/msg/__init__.py'...
[2.307s] Compiling '/home/jason/gxs/GXS_2024_VisionCode/install/qrmsg/local/lib/python3.10/dist-packages/qrmsg/msg/_qr.py'...
[2.307s] Listing '/home/jason/gxs/GXS_2024_VisionCode/install/qrmsg/local/lib/python3.10/dist-packages/qrmsg/srv'...
[2.308s] Compiling '/home/jason/gxs/GXS_2024_VisionCode/install/qrmsg/local/lib/python3.10/dist-packages/qrmsg/srv/__init__.py'...
[2.308s] Compiling '/home/jason/gxs/GXS_2024_VisionCode/install/qrmsg/local/lib/python3.10/dist-packages/qrmsg/srv/_qr.py'...
[2.310s] -- Installing: /home/jason/gxs/GXS_2024_VisionCode/install/qrmsg/local/lib/python3.10/dist-packages/qrmsg/qrmsg_s__rosidl_typesupport_fastrtps_c.cpython-310-x86_64-linux-gnu.so
[2.311s] -- Set runtime path of "/home/jason/gxs/GXS_2024_VisionCode/install/qrmsg/local/lib/python3.10/dist-packages/qrmsg/qrmsg_s__rosidl_typesupport_fastrtps_c.cpython-310-x86_64-linux-gnu.so" to ""
[2.311s] -- Installing: /home/jason/gxs/GXS_2024_VisionCode/install/qrmsg/local/lib/python3.10/dist-packages/qrmsg/qrmsg_s__rosidl_typesupport_introspection_c.cpython-310-x86_64-linux-gnu.so
[2.311s] -- Set runtime path of "/home/jason/gxs/GXS_2024_VisionCode/install/qrmsg/local/lib/python3.10/dist-packages/qrmsg/qrmsg_s__rosidl_typesupport_introspection_c.cpython-310-x86_64-linux-gnu.so" to ""
[2.311s] -- Installing: /home/jason/gxs/GXS_2024_VisionCode/install/qrmsg/local/lib/python3.10/dist-packages/qrmsg/qrmsg_s__rosidl_typesupport_c.cpython-310-x86_64-linux-gnu.so
[2.311s] -- Set runtime path of "/home/jason/gxs/GXS_2024_VisionCode/install/qrmsg/local/lib/python3.10/dist-packages/qrmsg/qrmsg_s__rosidl_typesupport_c.cpython-310-x86_64-linux-gnu.so" to ""
[2.311s] -- Installing: /home/jason/gxs/GXS_2024_VisionCode/install/qrmsg/lib/libqrmsg__rosidl_generator_py.so
[2.311s] -- Set runtime path of "/home/jason/gxs/GXS_2024_VisionCode/install/qrmsg/lib/libqrmsg__rosidl_generator_py.so" to ""
[2.311s] -- Up-to-date: /home/jason/gxs/GXS_2024_VisionCode/install/qrmsg/share/qrmsg/srv/Qr.idl
[2.311s] -- Installing: /home/jason/gxs/GXS_2024_VisionCode/install/qrmsg/share/qrmsg/msg/Qr.idl
[2.311s] -- Up-to-date: /home/jason/gxs/GXS_2024_VisionCode/install/qrmsg/share/qrmsg/srv/Qr.srv
[2.311s] -- Up-to-date: /home/jason/gxs/GXS_2024_VisionCode/install/qrmsg/share/qrmsg/srv/Qr_Request.msg
[2.312s] -- Up-to-date: /home/jason/gxs/GXS_2024_VisionCode/install/qrmsg/share/qrmsg/srv/Qr_Response.msg
[2.312s] -- Installing: /home/jason/gxs/GXS_2024_VisionCode/install/qrmsg/share/qrmsg/msg/Qr.msg
[2.312s] -- Up-to-date: /home/jason/gxs/GXS_2024_VisionCode/install/qrmsg/share/qrmsg/srv
[2.312s] -- Up-to-date: /home/jason/gxs/GXS_2024_VisionCode/install/qrmsg/share/qrmsg/srv/Qr.srv
[2.312s] -- Up-to-date: /home/jason/gxs/GXS_2024_VisionCode/install/qrmsg/share/qrmsg/msg
[2.312s] -- Up-to-date: /home/jason/gxs/GXS_2024_VisionCode/install/qrmsg/share/qrmsg/msg/Qr.msg
[2.312s] -- Up-to-date: /home/jason/gxs/GXS_2024_VisionCode/install/qrmsg/share/ament_index/resource_index/package_run_dependencies/qrmsg
[2.312s] -- Installing: /home/jason/gxs/GXS_2024_VisionCode/install/qrmsg/share/ament_index/resource_index/parent_prefix_path/qrmsg
[2.312s] -- Up-to-date: /home/jason/gxs/GXS_2024_VisionCode/install/qrmsg/share/qrmsg/environment/ament_prefix_path.sh
[2.312s] -- Installing: /home/jason/gxs/GXS_2024_VisionCode/install/qrmsg/share/qrmsg/environment/ament_prefix_path.dsv
[2.312s] -- Up-to-date: /home/jason/gxs/GXS_2024_VisionCode/install/qrmsg/share/qrmsg/environment/path.sh
[2.313s] -- Installing: /home/jason/gxs/GXS_2024_VisionCode/install/qrmsg/share/qrmsg/environment/path.dsv
[2.313s] -- Up-to-date: /home/jason/gxs/GXS_2024_VisionCode/install/qrmsg/share/qrmsg/local_setup.bash
[2.313s] -- Up-to-date: /home/jason/gxs/GXS_2024_VisionCode/install/qrmsg/share/qrmsg/local_setup.sh
[2.313s] -- Up-to-date: /home/jason/gxs/GXS_2024_VisionCode/install/qrmsg/share/qrmsg/local_setup.zsh
[2.313s] -- Installing: /home/jason/gxs/GXS_2024_VisionCode/install/qrmsg/share/qrmsg/local_setup.dsv
[2.313s] -- Installing: /home/jason/gxs/GXS_2024_VisionCode/install/qrmsg/share/qrmsg/package.dsv
[2.313s] -- Up-to-date: /home/jason/gxs/GXS_2024_VisionCode/install/qrmsg/share/ament_index/resource_index/packages/qrmsg
[2.313s] -- Up-to-date: /home/jason/gxs/GXS_2024_VisionCode/install/qrmsg/share/qrmsg/cmake/export_qrmsg__rosidl_generator_cExport.cmake
[2.313s] -- Up-to-date: /home/jason/gxs/GXS_2024_VisionCode/install/qrmsg/share/qrmsg/cmake/export_qrmsg__rosidl_generator_cExport-noconfig.cmake
[2.313s] -- Up-to-date: /home/jason/gxs/GXS_2024_VisionCode/install/qrmsg/share/qrmsg/cmake/export_qrmsg__rosidl_typesupport_fastrtps_cExport.cmake
[2.313s] -- Up-to-date: /home/jason/gxs/GXS_2024_VisionCode/install/qrmsg/share/qrmsg/cmake/export_qrmsg__rosidl_typesupport_fastrtps_cExport-noconfig.cmake
[2.313s] -- Up-to-date: /home/jason/gxs/GXS_2024_VisionCode/install/qrmsg/share/qrmsg/cmake/qrmsg__rosidl_typesupport_introspection_cExport.cmake
[2.313s] -- Up-to-date: /home/jason/gxs/GXS_2024_VisionCode/install/qrmsg/share/qrmsg/cmake/qrmsg__rosidl_typesupport_introspection_cExport-noconfig.cmake
[2.313s] -- Up-to-date: /home/jason/gxs/GXS_2024_VisionCode/install/qrmsg/share/qrmsg/cmake/qrmsg__rosidl_typesupport_cExport.cmake
[2.314s] -- Up-to-date: /home/jason/gxs/GXS_2024_VisionCode/install/qrmsg/share/qrmsg/cmake/qrmsg__rosidl_typesupport_cExport-noconfig.cmake
[2.314s] -- Up-to-date: /home/jason/gxs/GXS_2024_VisionCode/install/qrmsg/share/qrmsg/cmake/export_qrmsg__rosidl_generator_cppExport.cmake
[2.314s] -- Up-to-date: /home/jason/gxs/GXS_2024_VisionCode/install/qrmsg/share/qrmsg/cmake/export_qrmsg__rosidl_typesupport_fastrtps_cppExport.cmake
[2.314s] -- Up-to-date: /home/jason/gxs/GXS_2024_VisionCode/install/qrmsg/share/qrmsg/cmake/export_qrmsg__rosidl_typesupport_fastrtps_cppExport-noconfig.cmake
[2.314s] -- Up-to-date: /home/jason/gxs/GXS_2024_VisionCode/install/qrmsg/share/qrmsg/cmake/qrmsg__rosidl_typesupport_introspection_cppExport.cmake
[2.314s] -- Up-to-date: /home/jason/gxs/GXS_2024_VisionCode/install/qrmsg/share/qrmsg/cmake/qrmsg__rosidl_typesupport_introspection_cppExport-noconfig.cmake
[2.315s] -- Up-to-date: /home/jason/gxs/GXS_2024_VisionCode/install/qrmsg/share/qrmsg/cmake/qrmsg__rosidl_typesupport_cppExport.cmake
[2.315s] -- Up-to-date: /home/jason/gxs/GXS_2024_VisionCode/install/qrmsg/share/qrmsg/cmake/qrmsg__rosidl_typesupport_cppExport-noconfig.cmake
[2.315s] -- Up-to-date: /home/jason/gxs/GXS_2024_VisionCode/install/qrmsg/share/qrmsg/cmake/export_qrmsg__rosidl_generator_pyExport.cmake
[2.315s] -- Up-to-date: /home/jason/gxs/GXS_2024_VisionCode/install/qrmsg/share/qrmsg/cmake/export_qrmsg__rosidl_generator_pyExport-noconfig.cmake
[2.315s] -- Installing: /home/jason/gxs/GXS_2024_VisionCode/install/qrmsg/share/qrmsg/cmake/rosidl_cmake-extras.cmake
[2.315s] -- Up-to-date: /home/jason/gxs/GXS_2024_VisionCode/install/qrmsg/share/qrmsg/cmake/ament_cmake_export_include_directories-extras.cmake
[2.315s] -- Up-to-date: /home/jason/gxs/GXS_2024_VisionCode/install/qrmsg/share/qrmsg/cmake/ament_cmake_export_libraries-extras.cmake
[2.315s] -- Up-to-date: /home/jason/gxs/GXS_2024_VisionCode/install/qrmsg/share/qrmsg/cmake/ament_cmake_export_targets-extras.cmake
[2.315s] -- Up-to-date: /home/jason/gxs/GXS_2024_VisionCode/install/qrmsg/share/qrmsg/cmake/rosidl_cmake_export_typesupport_targets-extras.cmake
[2.315s] -- Up-to-date: /home/jason/gxs/GXS_2024_VisionCode/install/qrmsg/share/qrmsg/cmake/ament_cmake_export_dependencies-extras.cmake
[2.315s] -- Up-to-date: /home/jason/gxs/GXS_2024_VisionCode/install/qrmsg/share/qrmsg/cmake/rosidl_cmake_export_typesupport_libraries-extras.cmake
[2.315s] -- Up-to-date: /home/jason/gxs/GXS_2024_VisionCode/install/qrmsg/share/qrmsg/cmake/qrmsgConfig.cmake
[2.315s] -- Up-to-date: /home/jason/gxs/GXS_2024_VisionCode/install/qrmsg/share/qrmsg/cmake/qrmsgConfig-version.cmake
[2.315s] -- Up-to-date: /home/jason/gxs/GXS_2024_VisionCode/install/qrmsg/share/qrmsg/package.xml
[2.315s] Invoked command in '/home/jason/gxs/GXS_2024_VisionCode/build/qrmsg' returned '0': CMAKE_PREFIX_PATH=${CMAKE_PREFIX_PATH}:/home/jason/gxs/GXS_2024_VisionCode/install/line_follow:/opt/ros/humble /usr/bin/cmake --install /home/jason/gxs/GXS_2024_VisionCode/build/qrmsg
