[0.009s] Invoking command in '/home/jason/gxs/GXS_2024_VisionCode/build/binary_detector': CMAKE_PREFIX_PATH=/home/jason/gxs/GXS_2024_VisionCode/install/qrmsg:/home/jason/gxs/GXS_2024_VisionCode/install/gxs_serial_driver:/home/jason/gxs/GXS_2024_VisionCode/install/colorblock_detector:/home/jason/gxs/GXS_2024_VisionCode/install/binary_detector:/home/jason/gxs/GXS_2024_VisionCode/install/camera_driver:/home/jason/gxs/GXS_2024_VisionCode/install/adjust_hsv:/home/jason/gxs/GXS_2024_VisionCode/install/line_follow:/opt/ros/humble LD_LIBRARY_PATH=/home/jason/gxs/GXS_2024_VisionCode/install/qrmsg/lib:/home/jason/gxs/GXS_2024_VisionCode/install/gxs_serial_driver/lib:/opt/MVS/lib/64:/opt/MVS/lib/32:/usr/lib/x86_64-linux-gnu/gazebo-11/plugins:/opt/ros/humble/opt/rviz_ogre_vendor/lib:/opt/ros/humble/lib/x86_64-linux-gnu:/opt/ros/humble/lib:/opt/MVS/lib/64:/opt/MVS/lib/32:/opt/MVS/lib/64:/opt/MVS/lib/32 /usr/bin/cmake --build /home/jason/gxs/GXS_2024_VisionCode/build/binary_detector -- -j16 -l16
[0.037s] [35m[1mConsolidate compiler generated dependencies of target binary_detector[0m
[0.052s] [ 50%] Built target binary_detector
[0.061s] [35m[1mConsolidate compiler generated dependencies of target binary[0m
[0.074s] [ 75%] [32mBuilding CXX object CMakeFiles/binary.dir/src/main.cpp.o[0m
[2.691s] [100%] [32m[1mLinking CXX executable binary[0m
[3.279s] [100%] Built target binary
[3.286s] Invoked command in '/home/jason/gxs/GXS_2024_VisionCode/build/binary_detector' returned '0': CMAKE_PREFIX_PATH=/home/jason/gxs/GXS_2024_VisionCode/install/qrmsg:/home/jason/gxs/GXS_2024_VisionCode/install/gxs_serial_driver:/home/jason/gxs/GXS_2024_VisionCode/install/colorblock_detector:/home/jason/gxs/GXS_2024_VisionCode/install/binary_detector:/home/jason/gxs/GXS_2024_VisionCode/install/camera_driver:/home/jason/gxs/GXS_2024_VisionCode/install/adjust_hsv:/home/jason/gxs/GXS_2024_VisionCode/install/line_follow:/opt/ros/humble LD_LIBRARY_PATH=/home/jason/gxs/GXS_2024_VisionCode/install/qrmsg/lib:/home/jason/gxs/GXS_2024_VisionCode/install/gxs_serial_driver/lib:/opt/MVS/lib/64:/opt/MVS/lib/32:/usr/lib/x86_64-linux-gnu/gazebo-11/plugins:/opt/ros/humble/opt/rviz_ogre_vendor/lib:/opt/ros/humble/lib/x86_64-linux-gnu:/opt/ros/humble/lib:/opt/MVS/lib/64:/opt/MVS/lib/32:/opt/MVS/lib/64:/opt/MVS/lib/32 /usr/bin/cmake --build /home/jason/gxs/GXS_2024_VisionCode/build/binary_detector -- -j16 -l16
[3.305s] Invoking command in '/home/jason/gxs/GXS_2024_VisionCode/build/binary_detector': CMAKE_PREFIX_PATH=/home/jason/gxs/GXS_2024_VisionCode/install/qrmsg:/home/jason/gxs/GXS_2024_VisionCode/install/gxs_serial_driver:/home/jason/gxs/GXS_2024_VisionCode/install/colorblock_detector:/home/jason/gxs/GXS_2024_VisionCode/install/binary_detector:/home/jason/gxs/GXS_2024_VisionCode/install/camera_driver:/home/jason/gxs/GXS_2024_VisionCode/install/adjust_hsv:/home/jason/gxs/GXS_2024_VisionCode/install/line_follow:/opt/ros/humble LD_LIBRARY_PATH=/home/jason/gxs/GXS_2024_VisionCode/install/qrmsg/lib:/home/jason/gxs/GXS_2024_VisionCode/install/gxs_serial_driver/lib:/opt/MVS/lib/64:/opt/MVS/lib/32:/usr/lib/x86_64-linux-gnu/gazebo-11/plugins:/opt/ros/humble/opt/rviz_ogre_vendor/lib:/opt/ros/humble/lib/x86_64-linux-gnu:/opt/ros/humble/lib:/opt/MVS/lib/64:/opt/MVS/lib/32:/opt/MVS/lib/64:/opt/MVS/lib/32 /usr/bin/cmake --install /home/jason/gxs/GXS_2024_VisionCode/build/binary_detector
[3.309s] -- Install configuration: ""
[3.310s] -- Up-to-date: /home/jason/gxs/GXS_2024_VisionCode/install/binary_detector/lib/binary_detector/libbinary_detector.a
[3.310s] -- Up-to-date: /home/jason/gxs/GXS_2024_VisionCode/install/binary_detector/include/
[3.310s] -- Up-to-date: /home/jason/gxs/GXS_2024_VisionCode/install/binary_detector/include//binary_detector
[3.310s] -- Up-to-date: /home/jason/gxs/GXS_2024_VisionCode/install/binary_detector/include//binary_detector/binary.hpp
[3.310s] -- Installing: /home/jason/gxs/GXS_2024_VisionCode/install/binary_detector/lib/binary_detector/binary
[3.313s] -- Set runtime path of "/home/jason/gxs/GXS_2024_VisionCode/install/binary_detector/lib/binary_detector/binary" to ""
[3.313s] -- Up-to-date: /home/jason/gxs/GXS_2024_VisionCode/install/binary_detector/share/ament_index/resource_index/package_run_dependencies/binary_detector
[3.314s] -- Up-to-date: /home/jason/gxs/GXS_2024_VisionCode/install/binary_detector/share/ament_index/resource_index/parent_prefix_path/binary_detector
[3.314s] -- Up-to-date: /home/jason/gxs/GXS_2024_VisionCode/install/binary_detector/share/binary_detector/environment/ament_prefix_path.sh
[3.314s] -- Up-to-date: /home/jason/gxs/GXS_2024_VisionCode/install/binary_detector/share/binary_detector/environment/ament_prefix_path.dsv
[3.314s] -- Up-to-date: /home/jason/gxs/GXS_2024_VisionCode/install/binary_detector/share/binary_detector/environment/path.sh
[3.314s] -- Up-to-date: /home/jason/gxs/GXS_2024_VisionCode/install/binary_detector/share/binary_detector/environment/path.dsv
[3.314s] -- Up-to-date: /home/jason/gxs/GXS_2024_VisionCode/install/binary_detector/share/binary_detector/local_setup.bash
[3.314s] -- Up-to-date: /home/jason/gxs/GXS_2024_VisionCode/install/binary_detector/share/binary_detector/local_setup.sh
[3.314s] -- Up-to-date: /home/jason/gxs/GXS_2024_VisionCode/install/binary_detector/share/binary_detector/local_setup.zsh
[3.314s] -- Up-to-date: /home/jason/gxs/GXS_2024_VisionCode/install/binary_detector/share/binary_detector/local_setup.dsv
[3.314s] -- Installing: /home/jason/gxs/GXS_2024_VisionCode/install/binary_detector/share/binary_detector/package.dsv
[3.314s] -- Up-to-date: /home/jason/gxs/GXS_2024_VisionCode/install/binary_detector/share/ament_index/resource_index/packages/binary_detector
[3.314s] -- Up-to-date: /home/jason/gxs/GXS_2024_VisionCode/install/binary_detector/share/binary_detector/cmake/binary_detectorConfig.cmake
[3.314s] -- Up-to-date: /home/jason/gxs/GXS_2024_VisionCode/install/binary_detector/share/binary_detector/cmake/binary_detectorConfig-version.cmake
[3.314s] -- Up-to-date: /home/jason/gxs/GXS_2024_VisionCode/install/binary_detector/share/binary_detector/package.xml
[3.316s] Invoked command in '/home/jason/gxs/GXS_2024_VisionCode/build/binary_detector' returned '0': CMAKE_PREFIX_PATH=/home/jason/gxs/GXS_2024_VisionCode/install/qrmsg:/home/jason/gxs/GXS_2024_VisionCode/install/gxs_serial_driver:/home/jason/gxs/GXS_2024_VisionCode/install/colorblock_detector:/home/jason/gxs/GXS_2024_VisionCode/install/binary_detector:/home/jason/gxs/GXS_2024_VisionCode/install/camera_driver:/home/jason/gxs/GXS_2024_VisionCode/install/adjust_hsv:/home/jason/gxs/GXS_2024_VisionCode/install/line_follow:/opt/ros/humble LD_LIBRARY_PATH=/home/jason/gxs/GXS_2024_VisionCode/install/qrmsg/lib:/home/jason/gxs/GXS_2024_VisionCode/install/gxs_serial_driver/lib:/opt/MVS/lib/64:/opt/MVS/lib/32:/usr/lib/x86_64-linux-gnu/gazebo-11/plugins:/opt/ros/humble/opt/rviz_ogre_vendor/lib:/opt/ros/humble/lib/x86_64-linux-gnu:/opt/ros/humble/lib:/opt/MVS/lib/64:/opt/MVS/lib/32:/opt/MVS/lib/64:/opt/MVS/lib/32 /usr/bin/cmake --install /home/jason/gxs/GXS_2024_VisionCode/build/binary_detector
