[0.009s] Invoking command in '/home/jason/gxs/GXS_2024_VisionCode/build/binary_detector': CMAKE_PREFIX_PATH=/home/jason/gxs/GXS_2024_VisionCode/install/qrmsg:/home/jason/gxs/GXS_2024_VisionCode/install/gxs_serial_driver:/home/jason/gxs/GXS_2024_VisionCode/install/colorblock_detector:/home/jason/gxs/GXS_2024_VisionCode/install/binary_detector:/home/jason/gxs/GXS_2024_VisionCode/install/adjust_hsv:/home/jason/gxs/GXS_2024_VisionCode/install/line_follow:/opt/ros/humble LD_LIBRARY_PATH=/home/jason/gxs/GXS_2024_VisionCode/install/qrmsg/lib:/home/jason/gxs/GXS_2024_VisionCode/install/gxs_serial_driver/lib:/opt/MVS/lib/64:/opt/MVS/lib/32:/usr/lib/x86_64-linux-gnu/gazebo-11/plugins:/opt/ros/humble/opt/rviz_ogre_vendor/lib:/opt/ros/humble/lib/x86_64-linux-gnu:/opt/ros/humble/lib:/opt/MVS/lib/64:/opt/MVS/lib/32:/opt/MVS/lib/64:/opt/MVS/lib/32 /usr/bin/cmake --build /home/jason/gxs/GXS_2024_VisionCode/build/binary_detector -- -j16 -l16
[0.047s] [ 25%] [32mBuilding CXX object CMakeFiles/binary_detector.dir/src/binary.cpp.o[0m
[1.825s] [01m[K/home/jason/gxs/GXS_2024_VisionCode/src/binary_detector/src/binary.cpp:112:43:[m[K [01;31m[Kerror: [m[Kno declaration matches ‘[01m[Kstd::shared_ptr<qrmsg::srv::Qr_Response_<std::allocator<void> > > QrRequest::again_send_request(int&, int&)[m[K’
[1.825s]   112 | std::shared_ptr<qrmsg::srv::Qr::Response> [01;31m[KQrRequest[m[K::again_send_request(int &num_, int &way_)
[1.825s]       |                                           [01;31m[K^~~~~~~~~[m[K
[1.825s] In file included from [01m[K/home/jason/gxs/GXS_2024_VisionCode/src/binary_detector/src/binary.cpp:1[m[K:
[1.825s] [01m[K/home/jason/gxs/GXS_2024_VisionCode/src/binary_detector/include/binary_detector/binary.hpp:34:8:[m[K [01;36m[Knote: [m[Kcandidate is: ‘[01m[Kvoid QrRequest::again_send_request(int&, int&)[m[K’
[1.826s]    34 |   void [01;36m[Kagain_send_request[m[K(int &num_, int &way_);
[1.826s]       |        [01;36m[K^~~~~~~~~~~~~~~~~~[m[K
[1.826s] [01m[K/home/jason/gxs/GXS_2024_VisionCode/src/binary_detector/include/binary_detector/binary.hpp:27:7:[m[K [01;36m[Knote: [m[K‘[01m[Kclass QrRequest[m[K’ defined here
[1.826s]    27 | class [01;36m[KQrRequest[m[K : public rclcpp::Node
[1.826s]       |       [01;36m[K^~~~~~~~~[m[K
[1.826s] [01m[K/home/jason/gxs/GXS_2024_VisionCode/src/binary_detector/src/binary.cpp:[m[K In member function ‘[01m[Kvoid QrRequest::result_callback_(rclcpp::Client<qrmsg::srv::Qr>::SharedFuture)[m[K’:
[1.826s] [01m[K/home/jason/gxs/GXS_2024_VisionCode/src/binary_detector/src/binary.cpp:137:64:[m[K [01;31m[Kerror: [m[Kno match for ‘[01m[Koperator=[m[K’ (operand types are ‘[01m[Kstd::shared_ptr<qrmsg::srv::Qr_Response_<std::allocator<void> > >[m[K’ and ‘[01m[Kvoid[m[K’)
[1.826s]   137 |             response = again_send_request(arr[now_index], _way_[01;31m[K)[m[K;
[1.826s]       |                                                                [01;31m[K^[m[K
[1.826s] In file included from [01m[K/usr/include/c++/11/memory:77[m[K,
[1.826s]                  from [01m[K/usr/include/opencv4/opencv2/core/cvstd_wrapper.hpp:11[m[K,
[1.826s]                  from [01m[K/usr/include/opencv4/opencv2/core/cvstd.hpp:81[m[K,
[1.826s]                  from [01m[K/usr/include/opencv4/opencv2/core/base.hpp:58[m[K,
[1.826s]                  from [01m[K/usr/include/opencv4/opencv2/core.hpp:53[m[K,
[1.826s]                  from [01m[K/usr/include/opencv4/opencv2/opencv.hpp:52[m[K,
[1.826s]                  from [01m[K/home/jason/gxs/GXS_2024_VisionCode/src/binary_detector/include/binary_detector/binary.hpp:4[m[K,
[1.826s]                  from [01m[K/home/jason/gxs/GXS_2024_VisionCode/src/binary_detector/src/binary.cpp:1[m[K:
[1.826s] [01m[K/usr/include/c++/11/bits/shared_ptr.h:363:9:[m[K [01;36m[Knote: [m[Kcandidate: ‘[01m[Ktemplate<class _Yp> std::shared_ptr<_Tp>::_Assignable<const std::shared_ptr<_Yp>&> std::shared_ptr<_Tp>::operator=(const std::shared_ptr<_Yp>&) [with _Yp = _Yp; _Tp = qrmsg::srv::Qr_Response_<std::allocator<void> >][m[K’
[1.826s]   363 |         [01;36m[Koperator[m[K=(const shared_ptr<_Yp>& __r) noexcept
[1.826s]       |         [01;36m[K^~~~~~~~[m[K
[1.826s] [01m[K/usr/include/c++/11/bits/shared_ptr.h:363:9:[m[K [01;36m[Knote: [m[K  template argument deduction/substitution failed:
[1.826s] [01m[K/home/jason/gxs/GXS_2024_VisionCode/src/binary_detector/src/binary.cpp:137:64:[m[K [01;36m[Knote: [m[K  mismatched types ‘[01m[Kconst std::shared_ptr<_Tp>[m[K’ and ‘[01m[Kvoid[m[K’
[1.826s]   137 |             response = again_send_request(arr[now_index], _way_[01;36m[K)[m[K;
[1.826s]       |                                                                [01;36m[K^[m[K
[1.826s] In file included from [01m[K/usr/include/c++/11/memory:77[m[K,
[1.826s]                  from [01m[K/usr/include/opencv4/opencv2/core/cvstd_wrapper.hpp:11[m[K,
[1.826s]                  from [01m[K/usr/include/opencv4/opencv2/core/cvstd.hpp:81[m[K,
[1.826s]                  from [01m[K/usr/include/opencv4/opencv2/core/base.hpp:58[m[K,
[1.826s]                  from [01m[K/usr/include/opencv4/opencv2/core.hpp:53[m[K,
[1.826s]                  from [01m[K/usr/include/opencv4/opencv2/opencv.hpp:52[m[K,
[1.826s]                  from [01m[K/home/jason/gxs/GXS_2024_VisionCode/src/binary_detector/include/binary_detector/binary.hpp:4[m[K,
[1.826s]                  from [01m[K/home/jason/gxs/GXS_2024_VisionCode/src/binary_detector/src/binary.cpp:1[m[K:
[1.826s] [01m[K/usr/include/c++/11/bits/shared_ptr.h:374:9:[m[K [01;36m[Knote: [m[Kcandidate: ‘[01m[Ktemplate<class _Yp> std::shared_ptr<_Tp>::_Assignable<std::auto_ptr<_Up> > std::shared_ptr<_Tp>::operator=(std::auto_ptr<_Up>&&) [with _Yp = _Yp; _Tp = qrmsg::srv::Qr_Response_<std::allocator<void> >][m[K’
[1.826s]   374 |         [01;36m[Koperator[m[K=(auto_ptr<_Yp>&& __r)
[1.826s]       |         [01;36m[K^~~~~~~~[m[K
[1.827s] [01m[K/usr/include/c++/11/bits/shared_ptr.h:374:9:[m[K [01;36m[Knote: [m[K  template argument deduction/substitution failed:
[1.827s] [01m[K/home/jason/gxs/GXS_2024_VisionCode/src/binary_detector/src/binary.cpp:137:64:[m[K [01;36m[Knote: [m[K  mismatched types ‘[01m[Kstd::auto_ptr<_Up>[m[K’ and ‘[01m[Kvoid[m[K’
[1.827s]   137 |             response = again_send_request(arr[now_index], _way_[01;36m[K)[m[K;
[1.827s]       |                                                                [01;36m[K^[m[K
[1.827s] In file included from [01m[K/usr/include/c++/11/memory:77[m[K,
[1.827s]                  from [01m[K/usr/include/opencv4/opencv2/core/cvstd_wrapper.hpp:11[m[K,
[1.827s]                  from [01m[K/usr/include/opencv4/opencv2/core/cvstd.hpp:81[m[K,
[1.827s]                  from [01m[K/usr/include/opencv4/opencv2/core/base.hpp:58[m[K,
[1.827s]                  from [01m[K/usr/include/opencv4/opencv2/core.hpp:53[m[K,
[1.827s]                  from [01m[K/usr/include/opencv4/opencv2/opencv.hpp:52[m[K,
[1.827s]                  from [01m[K/home/jason/gxs/GXS_2024_VisionCode/src/binary_detector/include/binary_detector/binary.hpp:4[m[K,
[1.827s]                  from [01m[K/home/jason/gxs/GXS_2024_VisionCode/src/binary_detector/src/binary.cpp:1[m[K:
[1.827s] [01m[K/usr/include/c++/11/bits/shared_ptr.h:391:9:[m[K [01;36m[Knote: [m[Kcandidate: ‘[01m[Ktemplate<class _Yp> std::shared_ptr<_Tp>::_Assignable<std::shared_ptr<_Yp> > std::shared_ptr<_Tp>::operator=(std::shared_ptr<_Yp>&&) [with _Yp = _Yp; _Tp = qrmsg::srv::Qr_Response_<std::allocator<void> >][m[K’
[1.827s]   391 |         [01;36m[Koperator[m[K=(shared_ptr<_Yp>&& __r) noexcept
[1.827s]       |         [01;36m[K^~~~~~~~[m[K
[1.827s] [01m[K/usr/include/c++/11/bits/shared_ptr.h:391:9:[m[K [01;36m[Knote: [m[K  template argument deduction/substitution failed:
[1.827s] [01m[K/home/jason/gxs/GXS_2024_VisionCode/src/binary_detector/src/binary.cpp:137:64:[m[K [01;36m[Knote: [m[K  mismatched types ‘[01m[Kstd::shared_ptr<_Tp>[m[K’ and ‘[01m[Kvoid[m[K’
[1.827s]   137 |             response = again_send_request(arr[now_index], _way_[01;36m[K)[m[K;
[1.827s]       |                                                                [01;36m[K^[m[K
[1.827s] In file included from [01m[K/usr/include/c++/11/memory:77[m[K,
[1.827s]                  from [01m[K/usr/include/opencv4/opencv2/core/cvstd_wrapper.hpp:11[m[K,
[1.827s]                  from [01m[K/usr/include/opencv4/opencv2/core/cvstd.hpp:81[m[K,
[1.827s]                  from [01m[K/usr/include/opencv4/opencv2/core/base.hpp:58[m[K,
[1.827s]                  from [01m[K/usr/include/opencv4/opencv2/core.hpp:53[m[K,
[1.827s]                  from [01m[K/usr/include/opencv4/opencv2/opencv.hpp:52[m[K,
[1.827s]                  from [01m[K/home/jason/gxs/GXS_2024_VisionCode/src/binary_detector/include/binary_detector/binary.hpp:4[m[K,
[1.827s]                  from [01m[K/home/jason/gxs/GXS_2024_VisionCode/src/binary_detector/src/binary.cpp:1[m[K:
[1.827s] [01m[K/usr/include/c++/11/bits/shared_ptr.h:399:9:[m[K [01;36m[Knote: [m[Kcandidate: ‘[01m[Ktemplate<class _Yp, class _Del> std::shared_ptr<_Tp>::_Assignable<std::unique_ptr<_Up, _Ep> > std::shared_ptr<_Tp>::operator=(std::unique_ptr<_Up, _Ep>&&) [with _Yp = _Yp; _Del = _Del; _Tp = qrmsg::srv::Qr_Response_<std::allocator<void> >][m[K’
[1.827s]   399 |         [01;36m[Koperator[m[K=(unique_ptr<_Yp, _Del>&& __r)
[1.827s]       |         [01;36m[K^~~~~~~~[m[K
[1.827s] [01m[K/usr/include/c++/11/bits/shared_ptr.h:399:9:[m[K [01;36m[Knote: [m[K  template argument deduction/substitution failed:
[1.827s] [01m[K/home/jason/gxs/GXS_2024_VisionCode/src/binary_detector/src/binary.cpp:137:64:[m[K [01;36m[Knote: [m[K  mismatched types ‘[01m[Kstd::unique_ptr<_Tp, _Dp>[m[K’ and ‘[01m[Kvoid[m[K’
[1.827s]   137 |             response = again_send_request(arr[now_index], _way_[01;36m[K)[m[K;
[1.827s]       |                                                                [01;36m[K^[m[K
[1.827s] In file included from [01m[K/usr/include/c++/11/memory:77[m[K,
[1.827s]                  from [01m[K/usr/include/opencv4/opencv2/core/cvstd_wrapper.hpp:11[m[K,
[1.827s]                  from [01m[K/usr/include/opencv4/opencv2/core/cvstd.hpp:81[m[K,
[1.827s]                  from [01m[K/usr/include/opencv4/opencv2/core/base.hpp:58[m[K,
[1.827s]                  from [01m[K/usr/include/opencv4/opencv2/core.hpp:53[m[K,
[1.827s]                  from [01m[K/usr/include/opencv4/opencv2/opencv.hpp:52[m[K,
[1.827s]                  from [01m[K/home/jason/gxs/GXS_2024_VisionCode/src/binary_detector/include/binary_detector/binary.hpp:4[m[K,
[1.827s]                  from [01m[K/home/jason/gxs/GXS_2024_VisionCode/src/binary_detector/src/binary.cpp:1[m[K:
[1.827s] [01m[K/usr/include/c++/11/bits/shared_ptr.h:359:19:[m[K [01;36m[Knote: [m[Kcandidate: ‘[01m[Kstd::shared_ptr<_Tp>& std::shared_ptr<_Tp>::operator=(const std::shared_ptr<_Tp>&) [with _Tp = qrmsg::srv::Qr_Response_<std::allocator<void> >][m[K’
[1.827s]   359 |       shared_ptr& [01;36m[Koperator[m[K=(const shared_ptr&) noexcept = default;
[1.827s]       |                   [01;36m[K^~~~~~~~[m[K
[1.828s] [01m[K/usr/include/c++/11/bits/shared_ptr.h:359:29:[m[K [01;36m[Knote: [m[K  no known conversion for argument 1 from ‘[01m[Kvoid[m[K’ to ‘[01m[Kconst std::shared_ptr<qrmsg::srv::Qr_Response_<std::allocator<void> > >&[m[K’
[1.828s]   359 |       shared_ptr& operator=([01;36m[Kconst shared_ptr&[m[K) noexcept = default;
[1.828s]       |                             [01;36m[K^~~~~~~~~~~~~~~~~[m[K
[1.828s] [01m[K/usr/include/c++/11/bits/shared_ptr.h:383:7:[m[K [01;36m[Knote: [m[Kcandidate: ‘[01m[Kstd::shared_ptr<_Tp>& std::shared_ptr<_Tp>::operator=(std::shared_ptr<_Tp>&&) [with _Tp = qrmsg::srv::Qr_Response_<std::allocator<void> >][m[K’
[1.828s]   383 |       [01;36m[Koperator[m[K=(shared_ptr&& __r) noexcept
[1.828s]       |       [01;36m[K^~~~~~~~[m[K
[1.828s] [01m[K/usr/include/c++/11/bits/shared_ptr.h:383:30:[m[K [01;36m[Knote: [m[K  no known conversion for argument 1 from ‘[01m[Kvoid[m[K’ to ‘[01m[Kstd::shared_ptr<qrmsg::srv::Qr_Response_<std::allocator<void> > >&&[m[K’
[1.828s]   383 |       operator=([01;36m[Kshared_ptr&& __r[m[K) noexcept
[1.828s]       |                 [01;36m[K~~~~~~~~~~~~~^~~[m[K
[2.370s] gmake[2]: *** [CMakeFiles/binary_detector.dir/build.make:76: CMakeFiles/binary_detector.dir/src/binary.cpp.o] Error 1
[2.370s] gmake[1]: *** [CMakeFiles/Makefile2:139: CMakeFiles/binary_detector.dir/all] Error 2
[2.370s] gmake: *** [Makefile:146: all] Error 2
[2.372s] Invoked command in '/home/jason/gxs/GXS_2024_VisionCode/build/binary_detector' returned '2': CMAKE_PREFIX_PATH=/home/jason/gxs/GXS_2024_VisionCode/install/qrmsg:/home/jason/gxs/GXS_2024_VisionCode/install/gxs_serial_driver:/home/jason/gxs/GXS_2024_VisionCode/install/colorblock_detector:/home/jason/gxs/GXS_2024_VisionCode/install/binary_detector:/home/jason/gxs/GXS_2024_VisionCode/install/adjust_hsv:/home/jason/gxs/GXS_2024_VisionCode/install/line_follow:/opt/ros/humble LD_LIBRARY_PATH=/home/jason/gxs/GXS_2024_VisionCode/install/qrmsg/lib:/home/jason/gxs/GXS_2024_VisionCode/install/gxs_serial_driver/lib:/opt/MVS/lib/64:/opt/MVS/lib/32:/usr/lib/x86_64-linux-gnu/gazebo-11/plugins:/opt/ros/humble/opt/rviz_ogre_vendor/lib:/opt/ros/humble/lib/x86_64-linux-gnu:/opt/ros/humble/lib:/opt/MVS/lib/64:/opt/MVS/lib/32:/opt/MVS/lib/64:/opt/MVS/lib/32 /usr/bin/cmake --build /home/jason/gxs/GXS_2024_VisionCode/build/binary_detector -- -j16 -l16
