[0.013s] Invoking command in '/home/lccc/Desktop/GXS_2024_VisionCode/build/binary_detector': CMAKE_PREFIX_PATH=/home/lccc/Desktop/GXS_2024_VisionCode/install/qrmsg:/home/lccc/Desktop/GXS_2024_VisionCode/install/line_follow:/home/lccc/Desktop/GXS_2024_VisionCode/install/gxs_serial_driver:/home/lccc/Desktop/GXS_2024_VisionCode/install/colorblock_detector:/home/lccc/Desktop/GXS_2024_VisionCode/install/binary_detector:/home/lccc/Desktop/GXS_2024_VisionCode/install/camera_driver:/home/lccc/Desktop/GXS_2024_VisionCode/install/adjust_hsv:/opt/ros/humble LD_LIBRARY_PATH=/home/lccc/Desktop/GXS_2024_VisionCode/install/qrmsg/lib:/home/lccc/Desktop/GXS_2024_VisionCode/install/gxs_serial_driver/lib:/opt/ros/humble/opt/rviz_ogre_vendor/lib:/opt/ros/humble/lib/x86_64-linux-gnu:/opt/ros/humble/lib /usr/bin/cmake --build /home/lccc/Desktop/GXS_2024_VisionCode/build/binary_detector -- -j16 -l16
[0.054s] [ 50%] Built target binary_detector
[0.078s] [100%] Built target binary
[0.087s] Invoked command in '/home/lccc/Desktop/GXS_2024_VisionCode/build/binary_detector' returned '0': CMAKE_PREFIX_PATH=/home/lccc/Desktop/GXS_2024_VisionCode/install/qrmsg:/home/lccc/Desktop/GXS_2024_VisionCode/install/line_follow:/home/lccc/Desktop/GXS_2024_VisionCode/install/gxs_serial_driver:/home/lccc/Desktop/GXS_2024_VisionCode/install/colorblock_detector:/home/lccc/Desktop/GXS_2024_VisionCode/install/binary_detector:/home/lccc/Desktop/GXS_2024_VisionCode/install/camera_driver:/home/lccc/Desktop/GXS_2024_VisionCode/install/adjust_hsv:/opt/ros/humble LD_LIBRARY_PATH=/home/lccc/Desktop/GXS_2024_VisionCode/install/qrmsg/lib:/home/lccc/Desktop/GXS_2024_VisionCode/install/gxs_serial_driver/lib:/opt/ros/humble/opt/rviz_ogre_vendor/lib:/opt/ros/humble/lib/x86_64-linux-gnu:/opt/ros/humble/lib /usr/bin/cmake --build /home/lccc/Desktop/GXS_2024_VisionCode/build/binary_detector -- -j16 -l16
[0.115s] Invoking command in '/home/lccc/Desktop/GXS_2024_VisionCode/build/binary_detector': CMAKE_PREFIX_PATH=/home/lccc/Desktop/GXS_2024_VisionCode/install/qrmsg:/home/lccc/Desktop/GXS_2024_VisionCode/install/line_follow:/home/lccc/Desktop/GXS_2024_VisionCode/install/gxs_serial_driver:/home/lccc/Desktop/GXS_2024_VisionCode/install/colorblock_detector:/home/lccc/Desktop/GXS_2024_VisionCode/install/binary_detector:/home/lccc/Desktop/GXS_2024_VisionCode/install/camera_driver:/home/lccc/Desktop/GXS_2024_VisionCode/install/adjust_hsv:/opt/ros/humble LD_LIBRARY_PATH=/home/lccc/Desktop/GXS_2024_VisionCode/install/qrmsg/lib:/home/lccc/Desktop/GXS_2024_VisionCode/install/gxs_serial_driver/lib:/opt/ros/humble/opt/rviz_ogre_vendor/lib:/opt/ros/humble/lib/x86_64-linux-gnu:/opt/ros/humble/lib /usr/bin/cmake --install /home/lccc/Desktop/GXS_2024_VisionCode/build/binary_detector
[0.122s] -- Install configuration: ""
[0.122s] -- Up-to-date: /home/lccc/Desktop/GXS_2024_VisionCode/install/binary_detector/lib/binary_detector/libbinary_detector.a
[0.122s] -- Up-to-date: /home/lccc/Desktop/GXS_2024_VisionCode/install/binary_detector/include/
[0.122s] -- Up-to-date: /home/lccc/Desktop/GXS_2024_VisionCode/install/binary_detector/include//binary_detector
[0.122s] -- Up-to-date: /home/lccc/Desktop/GXS_2024_VisionCode/install/binary_detector/include//binary_detector/binary.hpp
[0.123s] -- Up-to-date: /home/lccc/Desktop/GXS_2024_VisionCode/install/binary_detector/lib/binary_detector/binary
[0.123s] -- Up-to-date: /home/lccc/Desktop/GXS_2024_VisionCode/install/binary_detector/share/ament_index/resource_index/package_run_dependencies/binary_detector
[0.123s] -- Up-to-date: /home/lccc/Desktop/GXS_2024_VisionCode/install/binary_detector/share/ament_index/resource_index/parent_prefix_path/binary_detector
[0.123s] -- Up-to-date: /home/lccc/Desktop/GXS_2024_VisionCode/install/binary_detector/share/binary_detector/environment/ament_prefix_path.sh
[0.123s] -- Up-to-date: /home/lccc/Desktop/GXS_2024_VisionCode/install/binary_detector/share/binary_detector/environment/ament_prefix_path.dsv
[0.123s] -- Up-to-date: /home/lccc/Desktop/GXS_2024_VisionCode/install/binary_detector/share/binary_detector/environment/path.sh
[0.123s] -- Up-to-date: /home/lccc/Desktop/GXS_2024_VisionCode/install/binary_detector/share/binary_detector/environment/path.dsv
[0.123s] -- Up-to-date: /home/lccc/Desktop/GXS_2024_VisionCode/install/binary_detector/share/binary_detector/local_setup.bash
[0.123s] -- Up-to-date: /home/lccc/Desktop/GXS_2024_VisionCode/install/binary_detector/share/binary_detector/local_setup.sh
[0.123s] -- Up-to-date: /home/lccc/Desktop/GXS_2024_VisionCode/install/binary_detector/share/binary_detector/local_setup.zsh
[0.123s] -- Up-to-date: /home/lccc/Desktop/GXS_2024_VisionCode/install/binary_detector/share/binary_detector/local_setup.dsv
[0.123s] -- Installing: /home/lccc/Desktop/GXS_2024_VisionCode/install/binary_detector/share/binary_detector/package.dsv
[0.123s] -- Up-to-date: /home/lccc/Desktop/GXS_2024_VisionCode/install/binary_detector/share/ament_index/resource_index/packages/binary_detector
[0.124s] -- Up-to-date: /home/lccc/Desktop/GXS_2024_VisionCode/install/binary_detector/share/binary_detector/cmake/binary_detectorConfig.cmake
[0.124s] -- Up-to-date: /home/lccc/Desktop/GXS_2024_VisionCode/install/binary_detector/share/binary_detector/cmake/binary_detectorConfig-version.cmake
[0.124s] -- Up-to-date: /home/lccc/Desktop/GXS_2024_VisionCode/install/binary_detector/share/binary_detector/package.xml
[0.135s] Invoked command in '/home/lccc/Desktop/GXS_2024_VisionCode/build/binary_detector' returned '0': CMAKE_PREFIX_PATH=/home/lccc/Desktop/GXS_2024_VisionCode/install/qrmsg:/home/lccc/Desktop/GXS_2024_VisionCode/install/line_follow:/home/lccc/Desktop/GXS_2024_VisionCode/install/gxs_serial_driver:/home/lccc/Desktop/GXS_2024_VisionCode/install/colorblock_detector:/home/lccc/Desktop/GXS_2024_VisionCode/install/binary_detector:/home/lccc/Desktop/GXS_2024_VisionCode/install/camera_driver:/home/lccc/Desktop/GXS_2024_VisionCode/install/adjust_hsv:/opt/ros/humble LD_LIBRARY_PATH=/home/lccc/Desktop/GXS_2024_VisionCode/install/qrmsg/lib:/home/lccc/Desktop/GXS_2024_VisionCode/install/gxs_serial_driver/lib:/opt/ros/humble/opt/rviz_ogre_vendor/lib:/opt/ros/humble/lib/x86_64-linux-gnu:/opt/ros/humble/lib /usr/bin/cmake --install /home/lccc/Desktop/GXS_2024_VisionCode/build/binary_detector
