[0.012s] Invoking command in '/home/jason/gxs/GXS_2024_VisionCode/build/colorblock_detector': CMAKE_PREFIX_PATH=/home/jason/gxs/GXS_2024_VisionCode/install/qrmsg:/home/jason/gxs/GXS_2024_VisionCode/install/gxs_serial_driver:/home/jason/gxs/GXS_2024_VisionCode/install/colorblock_detector:/home/jason/gxs/GXS_2024_VisionCode/install/binary_detector:/home/jason/gxs/GXS_2024_VisionCode/install/camera_driver:/home/jason/gxs/GXS_2024_VisionCode/install/adjust_hsv:/home/jason/gxs/GXS_2024_VisionCode/install/line_follow:/opt/ros/humble LD_LIBRARY_PATH=/home/jason/gxs/GXS_2024_VisionCode/install/qrmsg/lib:/home/jason/gxs/GXS_2024_VisionCode/install/gxs_serial_driver/lib:/opt/MVS/lib/64:/opt/MVS/lib/32:/usr/lib/x86_64-linux-gnu/gazebo-11/plugins:/opt/ros/humble/opt/rviz_ogre_vendor/lib:/opt/ros/humble/lib/x86_64-linux-gnu:/opt/ros/humble/lib:/opt/MVS/lib/64:/opt/MVS/lib/32:/opt/MVS/lib/64:/opt/MVS/lib/32 /usr/bin/cmake --build /home/jason/gxs/GXS_2024_VisionCode/build/colorblock_detector -- -j16 -l16
[0.039s] [35m[1mConsolidate compiler generated dependencies of target colorblock[0m
[0.050s] [ 50%] [32mBuilding CXX object CMakeFiles/colorblock.dir/src/colorblock.cpp.o[0m
[1.841s] In file included from [01m[K/usr/include/c++/11/pstl/glue_algorithm_defs.h:13[m[K,
[1.841s]                  from [01m[K/usr/include/c++/11/algorithm:74[m[K,
[1.841s]                  from [01m[K/opt/ros/humble/include/rclcpp/rclcpp/executor.hpp:18[m[K,
[1.841s]                  from [01m[K/opt/ros/humble/include/rclcpp/rclcpp/executors/multi_threaded_executor.hpp:25[m[K,
[1.841s]                  from [01m[K/opt/ros/humble/include/rclcpp/rclcpp/executors.hpp:21[m[K,
[1.841s]                  from [01m[K/opt/ros/humble/include/rclcpp/rclcpp/rclcpp.hpp:155[m[K,
[1.841s]                  from [01m[K/home/jason/gxs/GXS_2024_VisionCode/src/colorblock_detector/src/colorblock.cpp:1[m[K:
[1.841s] /usr/include/c++/11/functional: In instantiation of ‘[01m[Kstruct std::_Bind_check_arity<void (SearchResponse::*)(std::shared_ptr<qrmsg::msg::Qr_<std::allocator<void> > >), SearchResponse*, const std::_Placeholder<1>&, const std::_Placeholder<2>&>[m[K’:
[1.841s] [01m[K/usr/include/c++/11/functional:768:12:[m[K   required from ‘[01m[Kstruct std::_Bind_helper<false, void (SearchResponse::*)(std::shared_ptr<qrmsg::msg::Qr_<std::allocator<void> > >), SearchResponse*, const std::_Placeholder<1>&, const std::_Placeholder<2>&>[m[K’
[1.841s] [01m[K/usr/include/c++/11/functional:789:5:[m[K   required by substitution of ‘[01m[Ktemplate<class _Func, class ... _BoundArgs> typename std::_Bind_helper<std::__is_socketlike<_Func>::value, _Func, _BoundArgs ...>::type std::bind(_Func&&, _BoundArgs&& ...) [with _Func = void (SearchResponse::*)(std::shared_ptr<qrmsg::msg::Qr_<std::allocator<void> > >); _BoundArgs = {SearchResponse*, const std::_Placeholder<1>&, const std::_Placeholder<2>&}][m[K’
[1.842s] [01m[K/home/jason/gxs/GXS_2024_VisionCode/src/colorblock_detector/src/colorblock.cpp:41:22:[m[K   required from here
[1.842s] [01m[K/usr/include/c++/11/functional:756:21:[m[K [01;31m[Kerror: [m[Kstatic assertion failed: Wrong number of arguments for pointer-to-member
[1.842s]   755 |       static_assert(_Varargs::[01;31m[Kvalue[m[K
[1.842s]       |                               [01;31m[K~~~~~[m[K
[1.842s]   756 | [01;31m[K                    ? sizeof...(_BoundArgs) >= _Arity::value + 1[m[K
[1.842s]       |                     [01;31m[K^~~~~~~~~~~~~~~~~~~~~~~~~~~~~~~~~~~~~~~~~~~~[m[K
[1.842s]   757 | [01;31m[K                    : sizeof...(_BoundArgs) == _Arity::value + 1[m[K,
[1.842s]       |                     [01;31m[K~~~~~~~~~~~~~~~~~~~~~~~~~~~~~~~~~~~~~~~~~~~~[m[K
[1.842s] [01m[K/usr/include/c++/11/functional:756:21:[m[K [01;36m[Knote: [m[K‘[01m[K(false ? (3 >= (((long unsigned int)std::integral_constant<long unsigned int, 1>::value) + 1)) : (3 == (((long unsigned int)std::integral_constant<long unsigned int, 1>::value) + 1)))[m[K’ evaluates to false
[2.579s] In file included from [01m[K/opt/ros/humble/include/rclcpp/rclcpp/subscription_base.hpp:32[m[K,
[2.579s]                  from [01m[K/opt/ros/humble/include/rclcpp/rclcpp/callback_group.hpp:29[m[K,
[2.579s]                  from [01m[K/opt/ros/humble/include/rclcpp/rclcpp/any_executable.hpp:20[m[K,
[2.579s]                  from [01m[K/opt/ros/humble/include/rclcpp/rclcpp/memory_strategy.hpp:25[m[K,
[2.579s]                  from [01m[K/opt/ros/humble/include/rclcpp/rclcpp/memory_strategies.hpp:18[m[K,
[2.579s]                  from [01m[K/opt/ros/humble/include/rclcpp/rclcpp/executor_options.hpp:20[m[K,
[2.579s]                  from [01m[K/opt/ros/humble/include/rclcpp/rclcpp/executor.hpp:37[m[K,
[2.579s]                  from [01m[K/opt/ros/humble/include/rclcpp/rclcpp/executors/multi_threaded_executor.hpp:25[m[K,
[2.579s]                  from [01m[K/opt/ros/humble/include/rclcpp/rclcpp/executors.hpp:21[m[K,
[2.579s]                  from [01m[K/opt/ros/humble/include/rclcpp/rclcpp/rclcpp.hpp:155[m[K,
[2.579s]                  from [01m[K/home/jason/gxs/GXS_2024_VisionCode/src/colorblock_detector/src/colorblock.cpp:1[m[K:
[2.580s] /opt/ros/humble/include/rclcpp/rclcpp/any_subscription_callback.hpp: In instantiation of ‘[01m[Krclcpp::AnySubscriptionCallback<MessageT, AllocatorT> rclcpp::AnySubscriptionCallback<MessageT, AllocatorT>::set(CallbackT) [with CallbackT = std::_Bind<void (SearchResponse::*(SearchResponse*, std::_Placeholder<1>, std::_Placeholder<2>))(std::shared_ptr<qrmsg::msg::Qr_<std::allocator<void> > >)>; MessageT = qrmsg::msg::Qr_<std::allocator<void> >; AllocatorT = std::allocator<void>][m[K’:
[2.580s] [01m[K/opt/ros/humble/include/rclcpp/rclcpp/subscription_factory.hpp:94:32:[m[K   required from ‘[01m[Krclcpp::SubscriptionFactory rclcpp::create_subscription_factory(CallbackT&&, const rclcpp::SubscriptionOptionsWithAllocator<AllocatorT>&, typename MessageMemoryStrategyT::SharedPtr, std::shared_ptr<rclcpp::topic_statistics::SubscriptionTopicStatistics<ROSMessageType> >) [with MessageT = qrmsg::msg::Qr_<std::allocator<void> >; CallbackT = std::_Bind<void (SearchResponse::*(SearchResponse*, std::_Placeholder<1>, std::_Placeholder<2>))(std::shared_ptr<qrmsg::msg::Qr_<std::allocator<void> > >)>; AllocatorT = std::allocator<void>; SubscriptionT = rclcpp::Subscription<qrmsg::msg::Qr_<std::allocator<void> > >; MessageMemoryStrategyT = rclcpp::message_memory_strategy::MessageMemoryStrategy<qrmsg::msg::Qr_<std::allocator<void> >, std::allocator<void> >; ROSMessageType = qrmsg::msg::Qr_<std::allocator<void> >; typename MessageMemoryStrategyT::SharedPtr = std::shared_ptr<rclcpp::message_memory_strategy::MessageMemoryStrategy<qrmsg::msg::Qr_<std::allocator<void> >, std::allocator<void> > >][m[K’
[2.580s] [01m[K/opt/ros/humble/include/rclcpp/rclcpp/create_subscription.hpp:122:63:[m[K   required from ‘[01m[Kstd::shared_ptr<ROSMessageT> rclcpp::detail::create_subscription(NodeParametersT&, NodeTopicsT&, const string&, const rclcpp::QoS&, CallbackT&&, const rclcpp::SubscriptionOptionsWithAllocator<AllocatorT>&, typename MessageMemoryStrategyT::SharedPtr) [with MessageT = qrmsg::msg::Qr_<std::allocator<void> >; CallbackT = std::_Bind<void (SearchResponse::*(SearchResponse*, std::_Placeholder<1>, std::_Placeholder<2>))(std::shared_ptr<qrmsg::msg::Qr_<std::allocator<void> > >)>; AllocatorT = std::allocator<void>; SubscriptionT = rclcpp::Subscription<qrmsg::msg::Qr_<std::allocator<void> > >; MessageMemoryStrategyT = rclcpp::message_memory_strategy::MessageMemoryStrategy<qrmsg::msg::Qr_<std::allocator<void> >, std::allocator<void> >; NodeParametersT = rclcpp::Node; NodeTopicsT = rclcpp::Node; ROSMessageType = qrmsg::msg::Qr_<std::allocator<void> >; std::string = std::__cxx11::basic_string<char>; typename MessageMemoryStrategyT::SharedPtr = std::shared_ptr<rclcpp::message_memory_strategy::MessageMemoryStrategy<qrmsg::msg::Qr_<std::allocator<void> >, std::allocator<void> > >][m[K’
[2.580s] [01m[K/opt/ros/humble/include/rclcpp/rclcpp/create_subscription.hpp:191:76:[m[K   required from ‘[01m[Kstd::shared_ptr<ROSMessageT> rclcpp::create_subscription(NodeT&, const string&, const rclcpp::QoS&, CallbackT&&, const rclcpp::SubscriptionOptionsWithAllocator<AllocatorT>&, typename MessageMemoryStrategyT::SharedPtr) [with MessageT = qrmsg::msg::Qr_<std::allocator<void> >; CallbackT = std::_Bind<void (SearchResponse::*(SearchResponse*, std::_Placeholder<1>, std::_Placeholder<2>))(std::shared_ptr<qrmsg::msg::Qr_<std::allocator<void> > >)>; AllocatorT = std::allocator<void>; SubscriptionT = rclcpp::Subscription<qrmsg::msg::Qr_<std::allocator<void> > >; MessageMemoryStrategyT = rclcpp::message_memory_strategy::MessageMemoryStrategy<qrmsg::msg::Qr_<std::allocator<void> >, std::allocator<void> >; NodeT = rclcpp::Node; std::string = std::__cxx11::basic_string<char>; typename MessageMemoryStrategyT::SharedPtr = std::shared_ptr<rclcpp::message_memory_strategy::MessageMemoryStrategy<qrmsg::msg::Qr_<std::allocator<void> >, std::allocator<void> > >][m[K’
[2.580s] [01m[K/opt/ros/humble/include/rclcpp/rclcpp/node_impl.hpp:99:47:[m[K   required from ‘[01m[Kstd::shared_ptr<ROSMessageT> rclcpp::Node::create_subscription(const string&, const rclcpp::QoS&, CallbackT&&, const rclcpp::SubscriptionOptionsWithAllocator<AllocatorT>&, typename MessageMemoryStrategyT::SharedPtr) [with MessageT = qrmsg::msg::Qr_<std::allocator<void> >; CallbackT = std::_Bind<void (SearchResponse::*(SearchResponse*, std::_Placeholder<1>, std::_Placeholder<2>))(std::shared_ptr<qrmsg::msg::Qr_<std::allocator<void> > >)>; AllocatorT = std::allocator<void>; SubscriptionT = rclcpp::Subscription<qrmsg::msg::Qr_<std::allocator<void> > >; MessageMemoryStrategyT = rclcpp::message_memory_strategy::MessageMemoryStrategy<qrmsg::msg::Qr_<std::allocator<void> >, std::allocator<void> >; std::string = std::__cxx11::basic_string<char>; typename MessageMemoryStrategyT::SharedPtr = std::shared_ptr<rclcpp::message_memory_strategy::MessageMemoryStrategy<qrmsg::msg::Qr_<std::allocator<void> >, std::allocator<void> > >][m[K’
[2.580s] [01m[K/home/jason/gxs/GXS_2024_VisionCode/src/colorblock_detector/src/colorblock.cpp:39:64:[m[K   required from here
[2.580s] [01m[K/opt/ros/humble/include/rclcpp/rclcpp/any_subscription_callback.hpp:391:22:[m[K [01;31m[Kerror: [m[Kno matching function for call to ‘[01m[Kstd::function<void(std::shared_ptr<qrmsg::msg::Qr_<std::allocator<void> > >)>::function(std::_Bind<void (SearchResponse::*(SearchResponse*, std::_Placeholder<1>, std::_Placeholder<2>))(std::shared_ptr<qrmsg::msg::Qr_<std::allocator<void> > >)>&)[m[K’
[2.580s]   391 |       set_deprecated([01;31m[Kstatic_cast<typename scbth::callback_type>(callback)[m[K);
[2.580s]       |                      [01;31m[K^~~~~~~~~~~~~~~~~~~~~~~~~~~~~~~~~~~~~~~~~~~~~~~~~~~~[m[K
[2.580s] In file included from [01m[K/usr/include/c++/11/future:47[m[K,
[2.580s]                  from [01m[K/opt/ros/humble/include/rclcpp/rclcpp/executors.hpp:18[m[K,
[2.580s]                  from [01m[K/opt/ros/humble/include/rclcpp/rclcpp/rclcpp.hpp:155[m[K,
[2.580s]                  from [01m[K/home/jason/gxs/GXS_2024_VisionCode/src/colorblock_detector/src/colorblock.cpp:1[m[K:
[2.580s] [01m[K/usr/include/c++/11/bits/std_function.h:435:9:[m[K [01;36m[Knote: [m[Kcandidate: ‘[01m[Ktemplate<class _Functor, class _Constraints> std::function<_Res(_ArgTypes ...)>::function(_Functor&&) [with _Functor = _Functor; _Constraints = _Constraints; _Res = void; _ArgTypes = {std::shared_ptr<qrmsg::msg::Qr_<std::allocator<void> > >}][m[K’
[2.580s]   435 |         [01;36m[Kfunction[m[K(_Functor&& __f)
[2.580s]       |         [01;36m[K^~~~~~~~[m[K
[2.580s] [01m[K/usr/include/c++/11/bits/std_function.h:435:9:[m[K [01;36m[Knote: [m[K  template argument deduction/substitution failed:
[2.580s] In file included from [01m[K/usr/include/c++/11/bits/move.h:57[m[K,
[2.580s]                  from [01m[K/usr/include/c++/11/bits/stl_pair.h:59[m[K,
[2.580s]                  from [01m[K/usr/include/c++/11/bits/stl_algobase.h:64[m[K,
[2.580s]                  from [01m[K/usr/include/c++/11/memory:63[m[K,
[2.580s]                  from [01m[K/opt/ros/humble/include/rclcpp/rclcpp/rclcpp.hpp:153[m[K,
[2.580s]                  from [01m[K/home/jason/gxs/GXS_2024_VisionCode/src/colorblock_detector/src/colorblock.cpp:1[m[K:
[2.580s] /usr/include/c++/11/type_traits: In substitution of ‘[01m[Ktemplate<bool _Cond, class _Tp> using __enable_if_t = typename std::enable_if::type [with bool _Cond = false; _Tp = void][m[K’:
[2.580s] [01m[K/usr/include/c++/11/bits/std_function.h:353:8:[m[K   required by substitution of ‘[01m[Ktemplate<class _Res, class ... _ArgTypes> template<class _Cond, class _Tp> using _Requires = std::__enable_if_t<_Cond::value, _Tp> [with _Cond = std::function<void(std::shared_ptr<qrmsg::msg::Qr_<std::allocator<void> > >)>::_Callable<std::_Bind<void (SearchResponse::*(SearchResponse*, std::_Placeholder<1>, std::_Placeholder<2>))(std::shared_ptr<qrmsg::msg::Qr_<std::allocator<void> > >)>&, std::_Bind<void (SearchResponse::*(SearchResponse*, std::_Placeholder<1>, std::_Placeholder<2>))(std::shared_ptr<qrmsg::msg::Qr_<std::allocator<void> > >)>, std::__invoke_result<std::_Bind<void (SearchResponse::*(SearchResponse*, std::_Placeholder<1>, std::_Placeholder<2>))(std::shared_ptr<qrmsg::msg::Qr_<std::allocator<void> > >)>&, std::shared_ptr<qrmsg::msg::Qr_<std::allocator<void> > > > >; _Tp = void; _Res = void; _ArgTypes = {std::shared_ptr<qrmsg::msg::Qr_<std::allocator<void> > >}][m[K’
[2.580s] [01m[K/usr/include/c++/11/bits/std_function.h:434:9:[m[K   required from ‘[01m[Krclcpp::AnySubscriptionCallback<MessageT, AllocatorT> rclcpp::AnySubscriptionCallback<MessageT, AllocatorT>::set(CallbackT) [with CallbackT = std::_Bind<void (SearchResponse::*(SearchResponse*, std::_Placeholder<1>, std::_Placeholder<2>))(std::shared_ptr<qrmsg::msg::Qr_<std::allocator<void> > >)>; MessageT = qrmsg::msg::Qr_<std::allocator<void> >; AllocatorT = std::allocator<void>][m[K’
[2.580s] [01m[K/opt/ros/humble/include/rclcpp/rclcpp/subscription_factory.hpp:94:32:[m[K   required from ‘[01m[Krclcpp::SubscriptionFactory rclcpp::create_subscription_factory(CallbackT&&, const rclcpp::SubscriptionOptionsWithAllocator<AllocatorT>&, typename MessageMemoryStrategyT::SharedPtr, std::shared_ptr<rclcpp::topic_statistics::SubscriptionTopicStatistics<ROSMessageType> >) [with MessageT = qrmsg::msg::Qr_<std::allocator<void> >; CallbackT = std::_Bind<void (SearchResponse::*(SearchResponse*, std::_Placeholder<1>, std::_Placeholder<2>))(std::shared_ptr<qrmsg::msg::Qr_<std::allocator<void> > >)>; AllocatorT = std::allocator<void>; SubscriptionT = rclcpp::Subscription<qrmsg::msg::Qr_<std::allocator<void> > >; MessageMemoryStrategyT = rclcpp::message_memory_strategy::MessageMemoryStrategy<qrmsg::msg::Qr_<std::allocator<void> >, std::allocator<void> >; ROSMessageType = qrmsg::msg::Qr_<std::allocator<void> >; typename MessageMemoryStrategyT::SharedPtr = std::shared_ptr<rclcpp::message_memory_strategy::MessageMemoryStrategy<qrmsg::msg::Qr_<std::allocator<void> >, std::allocator<void> > >][m[K’
[2.580s] [01m[K/opt/ros/humble/include/rclcpp/rclcpp/create_subscription.hpp:122:63:[m[K   required from ‘[01m[Kstd::shared_ptr<ROSMessageT> rclcpp::detail::create_subscription(NodeParametersT&, NodeTopicsT&, const string&, const rclcpp::QoS&, CallbackT&&, const rclcpp::SubscriptionOptionsWithAllocator<AllocatorT>&, typename MessageMemoryStrategyT::SharedPtr) [with MessageT = qrmsg::msg::Qr_<std::allocator<void> >; CallbackT = std::_Bind<void (SearchResponse::*(SearchResponse*, std::_Placeholder<1>, std::_Placeholder<2>))(std::shared_ptr<qrmsg::msg::Qr_<std::allocator<void> > >)>; AllocatorT = std::allocator<void>; SubscriptionT = rclcpp::Subscription<qrmsg::msg::Qr_<std::allocator<void> > >; MessageMemoryStrategyT = rclcpp::message_memory_strategy::MessageMemoryStrategy<qrmsg::msg::Qr_<std::allocator<void> >, std::allocator<void> >; NodeParametersT = rclcpp::Node; NodeTopicsT = rclcpp::Node; ROSMessageType = qrmsg::msg::Qr_<std::allocator<void> >; std::string = std::__cxx11::basic_string<char>; typename MessageMemoryStrategyT::SharedPtr = std::shared_ptr<rclcpp::message_memory_strategy::MessageMemoryStrategy<qrmsg::msg::Qr_<std::allocator<void> >, std::allocator<void> > >][m[K’
[2.580s] [01m[K/opt/ros/humble/include/rclcpp/rclcpp/create_subscription.hpp:191:76:[m[K   required from ‘[01m[Kstd::shared_ptr<ROSMessageT> rclcpp::create_subscription(NodeT&, const string&, const rclcpp::QoS&, CallbackT&&, const rclcpp::SubscriptionOptionsWithAllocator<AllocatorT>&, typename MessageMemoryStrategyT::SharedPtr) [with MessageT = qrmsg::msg::Qr_<std::allocator<void> >; CallbackT = std::_Bind<void (SearchResponse::*(SearchResponse*, std::_Placeholder<1>, std::_Placeholder<2>))(std::shared_ptr<qrmsg::msg::Qr_<std::allocator<void> > >)>; AllocatorT = std::allocator<void>; SubscriptionT = rclcpp::Subscription<qrmsg::msg::Qr_<std::allocator<void> > >; MessageMemoryStrategyT = rclcpp::message_memory_strategy::MessageMemoryStrategy<qrmsg::msg::Qr_<std::allocator<void> >, std::allocator<void> >; NodeT = rclcpp::Node; std::string = std::__cxx11::basic_string<char>; typename MessageMemoryStrategyT::SharedPtr = std::shared_ptr<rclcpp::message_memory_strategy::MessageMemoryStrategy<qrmsg::msg::Qr_<std::allocator<void> >, std::allocator<void> > >][m[K’
[2.580s] [01m[K/opt/ros/humble/include/rclcpp/rclcpp/node_impl.hpp:99:47:[m[K   required from ‘[01m[Kstd::shared_ptr<ROSMessageT> rclcpp::Node::create_subscription(const string&, const rclcpp::QoS&, CallbackT&&, const rclcpp::SubscriptionOptionsWithAllocator<AllocatorT>&, typename MessageMemoryStrategyT::SharedPtr) [with MessageT = qrmsg::msg::Qr_<std::allocator<void> >; CallbackT = std::_Bind<void (SearchResponse::*(SearchResponse*, std::_Placeholder<1>, std::_Placeholder<2>))(std::shared_ptr<qrmsg::msg::Qr_<std::allocator<void> > >)>; AllocatorT = std::allocator<void>; SubscriptionT = rclcpp::Subscription<qrmsg::msg::Qr_<std::allocator<void> > >; MessageMemoryStrategyT = rclcpp::message_memory_strategy::MessageMemoryStrategy<qrmsg::msg::Qr_<std::allocator<void> >, std::allocator<void> >; std::string = std::__cxx11::basic_string<char>; typename MessageMemoryStrategyT::SharedPtr = std::shared_ptr<rclcpp::message_memory_strategy::MessageMemoryStrategy<qrmsg::msg::Qr_<std::allocator<void> >, std::allocator<void> > >][m[K’
[2.580s] [01m[K/home/jason/gxs/GXS_2024_VisionCode/src/colorblock_detector/src/colorblock.cpp:39:64:[m[K   required from here
[2.580s] [01m[K/usr/include/c++/11/type_traits:2205:11:[m[K [01;31m[Kerror: [m[Kno type named ‘[01m[Ktype[m[K’ in ‘[01m[Kstruct std::enable_if<false, void>[m[K’
[2.581s]  2205 |     using [01;31m[K__enable_if_t[m[K = typename enable_if<_Cond, _Tp>::type;
[2.581s]       |           [01;31m[K^~~~~~~~~~~~~[m[K
[2.581s] In file included from [01m[K/usr/include/c++/11/future:47[m[K,
[2.581s]                  from [01m[K/opt/ros/humble/include/rclcpp/rclcpp/executors.hpp:18[m[K,
[2.581s]                  from [01m[K/opt/ros/humble/include/rclcpp/rclcpp/rclcpp.hpp:155[m[K,
[2.581s]                  from [01m[K/home/jason/gxs/GXS_2024_VisionCode/src/colorblock_detector/src/colorblock.cpp:1[m[K:
[2.581s] /opt/ros/humble/include/rclcpp/rclcpp/any_subscription_callback.hpp: In instantiation of ‘[01m[Krclcpp::AnySubscriptionCallback<MessageT, AllocatorT> rclcpp::AnySubscriptionCallback<MessageT, AllocatorT>::set(CallbackT) [with CallbackT = std::_Bind<void (SearchResponse::*(SearchResponse*, std::_Placeholder<1>, std::_Placeholder<2>))(std::shared_ptr<qrmsg::msg::Qr_<std::allocator<void> > >)>; MessageT = qrmsg::msg::Qr_<std::allocator<void> >; AllocatorT = std::allocator<void>][m[K’:
[2.581s] [01m[K/opt/ros/humble/include/rclcpp/rclcpp/subscription_factory.hpp:94:32:[m[K   required from ‘[01m[Krclcpp::SubscriptionFactory rclcpp::create_subscription_factory(CallbackT&&, const rclcpp::SubscriptionOptionsWithAllocator<AllocatorT>&, typename MessageMemoryStrategyT::SharedPtr, std::shared_ptr<rclcpp::topic_statistics::SubscriptionTopicStatistics<ROSMessageType> >) [with MessageT = qrmsg::msg::Qr_<std::allocator<void> >; CallbackT = std::_Bind<void (SearchResponse::*(SearchResponse*, std::_Placeholder<1>, std::_Placeholder<2>))(std::shared_ptr<qrmsg::msg::Qr_<std::allocator<void> > >)>; AllocatorT = std::allocator<void>; SubscriptionT = rclcpp::Subscription<qrmsg::msg::Qr_<std::allocator<void> > >; MessageMemoryStrategyT = rclcpp::message_memory_strategy::MessageMemoryStrategy<qrmsg::msg::Qr_<std::allocator<void> >, std::allocator<void> >; ROSMessageType = qrmsg::msg::Qr_<std::allocator<void> >; typename MessageMemoryStrategyT::SharedPtr = std::shared_ptr<rclcpp::message_memory_strategy::MessageMemoryStrategy<qrmsg::msg::Qr_<std::allocator<void> >, std::allocator<void> > >][m[K’
[2.581s] [01m[K/opt/ros/humble/include/rclcpp/rclcpp/create_subscription.hpp:122:63:[m[K   required from ‘[01m[Kstd::shared_ptr<ROSMessageT> rclcpp::detail::create_subscription(NodeParametersT&, NodeTopicsT&, const string&, const rclcpp::QoS&, CallbackT&&, const rclcpp::SubscriptionOptionsWithAllocator<AllocatorT>&, typename MessageMemoryStrategyT::SharedPtr) [with MessageT = qrmsg::msg::Qr_<std::allocator<void> >; CallbackT = std::_Bind<void (SearchResponse::*(SearchResponse*, std::_Placeholder<1>, std::_Placeholder<2>))(std::shared_ptr<qrmsg::msg::Qr_<std::allocator<void> > >)>; AllocatorT = std::allocator<void>; SubscriptionT = rclcpp::Subscription<qrmsg::msg::Qr_<std::allocator<void> > >; MessageMemoryStrategyT = rclcpp::message_memory_strategy::MessageMemoryStrategy<qrmsg::msg::Qr_<std::allocator<void> >, std::allocator<void> >; NodeParametersT = rclcpp::Node; NodeTopicsT = rclcpp::Node; ROSMessageType = qrmsg::msg::Qr_<std::allocator<void> >; std::string = std::__cxx11::basic_string<char>; typename MessageMemoryStrategyT::SharedPtr = std::shared_ptr<rclcpp::message_memory_strategy::MessageMemoryStrategy<qrmsg::msg::Qr_<std::allocator<void> >, std::allocator<void> > >][m[K’
[2.581s] [01m[K/opt/ros/humble/include/rclcpp/rclcpp/create_subscription.hpp:191:76:[m[K   required from ‘[01m[Kstd::shared_ptr<ROSMessageT> rclcpp::create_subscription(NodeT&, const string&, const rclcpp::QoS&, CallbackT&&, const rclcpp::SubscriptionOptionsWithAllocator<AllocatorT>&, typename MessageMemoryStrategyT::SharedPtr) [with MessageT = qrmsg::msg::Qr_<std::allocator<void> >; CallbackT = std::_Bind<void (SearchResponse::*(SearchResponse*, std::_Placeholder<1>, std::_Placeholder<2>))(std::shared_ptr<qrmsg::msg::Qr_<std::allocator<void> > >)>; AllocatorT = std::allocator<void>; SubscriptionT = rclcpp::Subscription<qrmsg::msg::Qr_<std::allocator<void> > >; MessageMemoryStrategyT = rclcpp::message_memory_strategy::MessageMemoryStrategy<qrmsg::msg::Qr_<std::allocator<void> >, std::allocator<void> >; NodeT = rclcpp::Node; std::string = std::__cxx11::basic_string<char>; typename MessageMemoryStrategyT::SharedPtr = std::shared_ptr<rclcpp::message_memory_strategy::MessageMemoryStrategy<qrmsg::msg::Qr_<std::allocator<void> >, std::allocator<void> > >][m[K’
[2.581s] [01m[K/opt/ros/humble/include/rclcpp/rclcpp/node_impl.hpp:99:47:[m[K   required from ‘[01m[Kstd::shared_ptr<ROSMessageT> rclcpp::Node::create_subscription(const string&, const rclcpp::QoS&, CallbackT&&, const rclcpp::SubscriptionOptionsWithAllocator<AllocatorT>&, typename MessageMemoryStrategyT::SharedPtr) [with MessageT = qrmsg::msg::Qr_<std::allocator<void> >; CallbackT = std::_Bind<void (SearchResponse::*(SearchResponse*, std::_Placeholder<1>, std::_Placeholder<2>))(std::shared_ptr<qrmsg::msg::Qr_<std::allocator<void> > >)>; AllocatorT = std::allocator<void>; SubscriptionT = rclcpp::Subscription<qrmsg::msg::Qr_<std::allocator<void> > >; MessageMemoryStrategyT = rclcpp::message_memory_strategy::MessageMemoryStrategy<qrmsg::msg::Qr_<std::allocator<void> >, std::allocator<void> >; std::string = std::__cxx11::basic_string<char>; typename MessageMemoryStrategyT::SharedPtr = std::shared_ptr<rclcpp::message_memory_strategy::MessageMemoryStrategy<qrmsg::msg::Qr_<std::allocator<void> >, std::allocator<void> > >][m[K’
[2.581s] [01m[K/home/jason/gxs/GXS_2024_VisionCode/src/colorblock_detector/src/colorblock.cpp:39:64:[m[K   required from here
[2.581s] [01m[K/usr/include/c++/11/bits/std_function.h:404:7:[m[K [01;36m[Knote: [m[Kcandidate: ‘[01m[Kstd::function<_Res(_ArgTypes ...)>::function(std::function<_Res(_ArgTypes ...)>&&) [with _Res = void; _ArgTypes = {std::shared_ptr<qrmsg::msg::Qr_<std::allocator<void> > >}][m[K’
[2.581s]   404 |       [01;36m[Kfunction[m[K(function&& __x) noexcept
[2.581s]       |       [01;36m[K^~~~~~~~[m[K
[2.581s] [01m[K/usr/include/c++/11/bits/std_function.h:404:27:[m[K [01;36m[Knote: [m[K  no known conversion for argument 1 from ‘[01m[Kstd::_Bind<void (SearchResponse::*(SearchResponse*, std::_Placeholder<1>, std::_Placeholder<2>))(std::shared_ptr<qrmsg::msg::Qr_<std::allocator<void> > >)>[m[K’ to ‘[01m[Kstd::function<void(std::shared_ptr<qrmsg::msg::Qr_<std::allocator<void> > >)>&&[m[K’
[2.581s]   404 |       function([01;36m[Kfunction&& __x[m[K) noexcept
[2.581s]       |                [01;36m[K~~~~~~~~~~~^~~[m[K
[2.581s] [01m[K/usr/include/c++/11/bits/std_function.h:386:7:[m[K [01;36m[Knote: [m[Kcandidate: ‘[01m[Kstd::function<_Res(_ArgTypes ...)>::function(const std::function<_Res(_ArgTypes ...)>&) [with _Res = void; _ArgTypes = {std::shared_ptr<qrmsg::msg::Qr_<std::allocator<void> > >}][m[K’
[2.581s]   386 |       [01;36m[Kfunction[m[K(const function& __x)
[2.581s]       |       [01;36m[K^~~~~~~~[m[K
[2.581s] [01m[K/usr/include/c++/11/bits/std_function.h:386:32:[m[K [01;36m[Knote: [m[K  no known conversion for argument 1 from ‘[01m[Kstd::_Bind<void (SearchResponse::*(SearchResponse*, std::_Placeholder<1>, std::_Placeholder<2>))(std::shared_ptr<qrmsg::msg::Qr_<std::allocator<void> > >)>[m[K’ to ‘[01m[Kconst std::function<void(std::shared_ptr<qrmsg::msg::Qr_<std::allocator<void> > >)>&[m[K’
[2.581s]   386 |       function([01;36m[Kconst function& __x[m[K)
[2.581s]       |                [01;36m[K~~~~~~~~~~~~~~~~^~~[m[K
[2.581s] [01m[K/usr/include/c++/11/bits/std_function.h:375:7:[m[K [01;36m[Knote: [m[Kcandidate: ‘[01m[Kstd::function<_Res(_ArgTypes ...)>::function(std::nullptr_t) [with _Res = void; _ArgTypes = {std::shared_ptr<qrmsg::msg::Qr_<std::allocator<void> > >}; std::nullptr_t = std::nullptr_t][m[K’
[2.581s]   375 |       [01;36m[Kfunction[m[K(nullptr_t) noexcept
[2.581s]       |       [01;36m[K^~~~~~~~[m[K
[2.581s] [01m[K/usr/include/c++/11/bits/std_function.h:375:16:[m[K [01;36m[Knote: [m[K  no known conversion for argument 1 from ‘[01m[Kstd::_Bind<void (SearchResponse::*(SearchResponse*, std::_Placeholder<1>, std::_Placeholder<2>))(std::shared_ptr<qrmsg::msg::Qr_<std::allocator<void> > >)>[m[K’ to ‘[01m[Kstd::nullptr_t[m[K’
[2.581s]   375 |       function([01;36m[Knullptr_t[m[K) noexcept
[2.581s]       |                [01;36m[K^~~~~~~~~[m[K
[2.581s] [01m[K/usr/include/c++/11/bits/std_function.h:368:7:[m[K [01;36m[Knote: [m[Kcandidate: ‘[01m[Kstd::function<_Res(_ArgTypes ...)>::function() [with _Res = void; _ArgTypes = {std::shared_ptr<qrmsg::msg::Qr_<std::allocator<void> > >}][m[K’
[2.581s]   368 |       [01;36m[Kfunction[m[K() noexcept
[2.581s]       |       [01;36m[K^~~~~~~~[m[K
[2.581s] [01m[K/usr/include/c++/11/bits/std_function.h:368:7:[m[K [01;36m[Knote: [m[K  candidate expects 0 arguments, 1 provided
[3.966s] gmake[2]: *** [CMakeFiles/colorblock.dir/build.make:76: CMakeFiles/colorblock.dir/src/colorblock.cpp.o] Error 1
[3.966s] gmake[1]: *** [CMakeFiles/Makefile2:137: CMakeFiles/colorblock.dir/all] Error 2
[3.966s] gmake: *** [Makefile:146: all] Error 2
[3.968s] Invoked command in '/home/jason/gxs/GXS_2024_VisionCode/build/colorblock_detector' returned '2': CMAKE_PREFIX_PATH=/home/jason/gxs/GXS_2024_VisionCode/install/qrmsg:/home/jason/gxs/GXS_2024_VisionCode/install/gxs_serial_driver:/home/jason/gxs/GXS_2024_VisionCode/install/colorblock_detector:/home/jason/gxs/GXS_2024_VisionCode/install/binary_detector:/home/jason/gxs/GXS_2024_VisionCode/install/camera_driver:/home/jason/gxs/GXS_2024_VisionCode/install/adjust_hsv:/home/jason/gxs/GXS_2024_VisionCode/install/line_follow:/opt/ros/humble LD_LIBRARY_PATH=/home/jason/gxs/GXS_2024_VisionCode/install/qrmsg/lib:/home/jason/gxs/GXS_2024_VisionCode/install/gxs_serial_driver/lib:/opt/MVS/lib/64:/opt/MVS/lib/32:/usr/lib/x86_64-linux-gnu/gazebo-11/plugins:/opt/ros/humble/opt/rviz_ogre_vendor/lib:/opt/ros/humble/lib/x86_64-linux-gnu:/opt/ros/humble/lib:/opt/MVS/lib/64:/opt/MVS/lib/32:/opt/MVS/lib/64:/opt/MVS/lib/32 /usr/bin/cmake --build /home/jason/gxs/GXS_2024_VisionCode/build/colorblock_detector -- -j16 -l16
