[1.742s] Invoking command in '/home/jason/gxs/GXS_2024_VisionCode/src/line_follow': PYTHONPATH=/home/jason/gxs/GXS_2024_VisionCode/build/line_follow/prefix_override:/home/jason/gxs/GXS_2024_VisionCode/install/line_follow/lib/python3.10/site-packages:${PYTHONPATH} /usr/bin/python3 -W ignore:setup.py install is deprecated setup.py egg_info --egg-base ../../build/line_follow build --build-base /home/jason/gxs/GXS_2024_VisionCode/build/line_follow/build install --record /home/jason/gxs/GXS_2024_VisionCode/build/line_follow/install.log --single-version-externally-managed install_data
[2.187s] running egg_info
[2.189s] writing ../../build/line_follow/line_follow.egg-info/PKG-INFO
[2.189s] writing dependency_links to ../../build/line_follow/line_follow.egg-info/dependency_links.txt
[2.190s] writing entry points to ../../build/line_follow/line_follow.egg-info/entry_points.txt
[2.191s] writing requirements to ../../build/line_follow/line_follow.egg-info/requires.txt
[2.191s] writing top-level names to ../../build/line_follow/line_follow.egg-info/top_level.txt
[2.196s] reading manifest file '../../build/line_follow/line_follow.egg-info/SOURCES.txt'
[2.198s] writing manifest file '../../build/line_follow/line_follow.egg-info/SOURCES.txt'
[2.198s] running build
[2.199s] running build_py
[2.199s] running install
[2.200s] running install_lib
[2.204s] running install_data
[2.204s] running install_egg_info
[2.213s] removing '/home/jason/gxs/GXS_2024_VisionCode/install/line_follow/lib/python3.10/site-packages/line_follow-0.0.0-py3.10.egg-info' (and everything under it)
[2.214s] Copying ../../build/line_follow/line_follow.egg-info to /home/jason/gxs/GXS_2024_VisionCode/install/line_follow/lib/python3.10/site-packages/line_follow-0.0.0-py3.10.egg-info
[2.214s] running install_scripts
[2.262s] Installing line_follow script to /home/jason/gxs/GXS_2024_VisionCode/install/line_follow/lib/line_follow
[2.263s] writing list of installed files to '/home/jason/gxs/GXS_2024_VisionCode/build/line_follow/install.log'
[2.459s] Invoked command in '/home/jason/gxs/GXS_2024_VisionCode/src/line_follow' returned '0': PYTHONPATH=/home/jason/gxs/GXS_2024_VisionCode/build/line_follow/prefix_override:/home/jason/gxs/GXS_2024_VisionCode/install/line_follow/lib/python3.10/site-packages:${PYTHONPATH} /usr/bin/python3 -W ignore:setup.py install is deprecated setup.py egg_info --egg-base ../../build/line_follow build --build-base /home/jason/gxs/GXS_2024_VisionCode/build/line_follow/build install --record /home/jason/gxs/GXS_2024_VisionCode/build/line_follow/install.log --single-version-externally-managed install_data
