[0.556s] Invoking command in '/home/jason/gxs/GXS_2024_VisionCode/src/line_follow': PYTHONPATH=/home/jason/gxs/GXS_2024_VisionCode/build/line_follow/prefix_override:/home/jason/gxs/GXS_2024_VisionCode/install/line_follow/lib/python3.10/site-packages:${PYTHONPATH} /usr/bin/python3 -W ignore:setup.py install is deprecated setup.py egg_info --egg-base ../../build/line_follow build --build-base /home/jason/gxs/GXS_2024_VisionCode/build/line_follow/build install --record /home/jason/gxs/GXS_2024_VisionCode/build/line_follow/install.log --single-version-externally-managed install_data
[0.690s] running egg_info
[0.691s] creating ../../build/line_follow/line_follow.egg-info
[0.691s] writing ../../build/line_follow/line_follow.egg-info/PKG-INFO
[0.691s] writing dependency_links to ../../build/line_follow/line_follow.egg-info/dependency_links.txt
[0.691s] writing entry points to ../../build/line_follow/line_follow.egg-info/entry_points.txt
[0.691s] writing requirements to ../../build/line_follow/line_follow.egg-info/requires.txt
[0.691s] writing top-level names to ../../build/line_follow/line_follow.egg-info/top_level.txt
[0.691s] writing manifest file '../../build/line_follow/line_follow.egg-info/SOURCES.txt'
[0.692s] reading manifest file '../../build/line_follow/line_follow.egg-info/SOURCES.txt'
[0.692s] writing manifest file '../../build/line_follow/line_follow.egg-info/SOURCES.txt'
[0.692s] running build
[0.693s] running build_py
[0.693s] creating /home/jason/gxs/GXS_2024_VisionCode/build/line_follow/build
[0.693s] creating /home/jason/gxs/GXS_2024_VisionCode/build/line_follow/build/lib
[0.693s] creating /home/jason/gxs/GXS_2024_VisionCode/build/line_follow/build/lib/line_follow
[0.693s] copying line_follow/line_follow.py -> /home/jason/gxs/GXS_2024_VisionCode/build/line_follow/build/lib/line_follow
[0.693s] copying line_follow/__init__.py -> /home/jason/gxs/GXS_2024_VisionCode/build/line_follow/build/lib/line_follow
[0.693s] copying line_follow/lf.py -> /home/jason/gxs/GXS_2024_VisionCode/build/line_follow/build/lib/line_follow
[0.693s] running install
[0.694s] running install_lib
[0.694s] creating /home/jason/gxs/GXS_2024_VisionCode/install/line_follow/lib/python3.10/site-packages/line_follow
[0.694s] copying /home/jason/gxs/GXS_2024_VisionCode/build/line_follow/build/lib/line_follow/line_follow.py -> /home/jason/gxs/GXS_2024_VisionCode/install/line_follow/lib/python3.10/site-packages/line_follow
[0.694s] copying /home/jason/gxs/GXS_2024_VisionCode/build/line_follow/build/lib/line_follow/__init__.py -> /home/jason/gxs/GXS_2024_VisionCode/install/line_follow/lib/python3.10/site-packages/line_follow
[0.694s] copying /home/jason/gxs/GXS_2024_VisionCode/build/line_follow/build/lib/line_follow/lf.py -> /home/jason/gxs/GXS_2024_VisionCode/install/line_follow/lib/python3.10/site-packages/line_follow
[0.694s] byte-compiling /home/jason/gxs/GXS_2024_VisionCode/install/line_follow/lib/python3.10/site-packages/line_follow/line_follow.py to line_follow.cpython-310.pyc
[0.695s] byte-compiling /home/jason/gxs/GXS_2024_VisionCode/install/line_follow/lib/python3.10/site-packages/line_follow/__init__.py to __init__.cpython-310.pyc
[0.695s]   File "/home/jason/gxs/GXS_2024_VisionCode/install/line_follow/lib/python3.10/site-packages/line_follow/line_follow.py", line 109
[0.696s]     =
[0.696s]     ^
[0.696s] SyntaxError: invalid syntax
[0.696s] 
[0.696s] byte-compiling /home/jason/gxs/GXS_2024_VisionCode/install/line_follow/lib/python3.10/site-packages/line_follow/lf.py to lf.cpython-310.pyc
[0.696s] running install_data
[0.697s] creating /home/jason/gxs/GXS_2024_VisionCode/install/line_follow/share/ament_index
[0.697s] creating /home/jason/gxs/GXS_2024_VisionCode/install/line_follow/share/ament_index/resource_index
[0.697s] creating /home/jason/gxs/GXS_2024_VisionCode/install/line_follow/share/ament_index/resource_index/packages
[0.697s] copying resource/line_follow -> /home/jason/gxs/GXS_2024_VisionCode/install/line_follow/share/ament_index/resource_index/packages
[0.697s] copying package.xml -> /home/jason/gxs/GXS_2024_VisionCode/install/line_follow/share/line_follow
[0.697s] running install_egg_info
[0.699s] Copying ../../build/line_follow/line_follow.egg-info to /home/jason/gxs/GXS_2024_VisionCode/install/line_follow/lib/python3.10/site-packages/line_follow-0.0.0-py3.10.egg-info
[0.699s] running install_scripts
[0.712s] Installing line_follow script to /home/jason/gxs/GXS_2024_VisionCode/install/line_follow/lib/line_follow
[0.712s] writing list of installed files to '/home/jason/gxs/GXS_2024_VisionCode/build/line_follow/install.log'
[0.736s] Invoked command in '/home/jason/gxs/GXS_2024_VisionCode/src/line_follow' returned '0': PYTHONPATH=/home/jason/gxs/GXS_2024_VisionCode/build/line_follow/prefix_override:/home/jason/gxs/GXS_2024_VisionCode/install/line_follow/lib/python3.10/site-packages:${PYTHONPATH} /usr/bin/python3 -W ignore:setup.py install is deprecated setup.py egg_info --egg-base ../../build/line_follow build --build-base /home/jason/gxs/GXS_2024_VisionCode/build/line_follow/build install --record /home/jason/gxs/GXS_2024_VisionCode/build/line_follow/install.log --single-version-externally-managed install_data
