[0.009s] Invoking command in '/home/lccc/Desktop/GXS_2024_VisionCode/build/line_follow': AMENT_PREFIX_PATH=/home/lccc/Desktop/GXS_2024_VisionCode/install/qrmsg:${AMENT_PREFIX_PATH} CMAKE_PREFIX_PATH=/home/lccc/Desktop/GXS_2024_VisionCode/install/qrmsg:/opt/ros/humble LD_LIBRARY_PATH=/home/lccc/Desktop/GXS_2024_VisionCode/install/qrmsg/lib:${LD_LIBRARY_PATH} PYTHONPATH=/home/lccc/Desktop/GXS_2024_VisionCode/install/qrmsg/local/lib/python3.10/dist-packages:${PYTHONPATH} /usr/bin/cmake /home/lccc/Desktop/GXS_2024_VisionCode/src/line_follow -DCMAKE_INSTALL_PREFIX=/home/lccc/Desktop/GXS_2024_VisionCode/install/line_follow
[0.051s] -- The C compiler identification is GNU 11.4.0
[0.091s] -- The CXX compiler identification is GNU 11.4.0
[0.097s] -- Detecting C compiler ABI info
[0.154s] -- Detecting C compiler ABI info - done
[0.162s] -- Check for working C compiler: /usr/bin/cc - skipped
[0.162s] -- Detecting C compile features
[0.162s] -- Detecting C compile features - done
[0.165s] -- Detecting CXX compiler ABI info
[0.224s] -- Detecting CXX compiler ABI info - done
[0.230s] -- Check for working CXX compiler: /usr/bin/c++ - skipped
[0.230s] -- Detecting CXX compile features
[0.230s] -- Detecting CXX compile features - done
[0.231s] -- Found ament_cmake: 1.3.10 (/opt/ros/humble/share/ament_cmake/cmake)
[0.351s] -- Found Python3: /usr/bin/python3 (found version "3.10.12") found components: Interpreter 
[0.426s] -- Found rclcpp: 16.0.10 (/opt/ros/humble/share/rclcpp/cmake)
[0.453s] -- Found rosidl_generator_c: 3.1.5 (/opt/ros/humble/share/rosidl_generator_c/cmake)
[0.455s] -- Found rosidl_adapter: 3.1.5 (/opt/ros/humble/share/rosidl_adapter/cmake)
[0.460s] -- Found rosidl_generator_cpp: 3.1.5 (/opt/ros/humble/share/rosidl_generator_cpp/cmake)
[0.468s] -- Using all available rosidl_typesupport_c: rosidl_typesupport_fastrtps_c;rosidl_typesupport_introspection_c
[0.477s] -- Using all available rosidl_typesupport_cpp: rosidl_typesupport_fastrtps_cpp;rosidl_typesupport_introspection_cpp
[0.503s] -- Found rmw_implementation_cmake: 6.1.2 (/opt/ros/humble/share/rmw_implementation_cmake/cmake)
[0.504s] -- Found rmw_fastrtps_cpp: 6.2.7 (/opt/ros/humble/share/rmw_fastrtps_cpp/cmake)
[0.561s] -- Found OpenSSL: /usr/lib/x86_64-linux-gnu/libcrypto.so (found version "3.0.2")  
[0.580s] -- Found FastRTPS: /opt/ros/humble/include  
[0.614s] -- Using RMW implementation 'rmw_fastrtps_cpp' as default
[0.621s] -- Looking for pthread.h
[0.682s] -- Looking for pthread.h - found
[0.682s] -- Performing Test CMAKE_HAVE_LIBC_PTHREAD
[0.744s] -- Performing Test CMAKE_HAVE_LIBC_PTHREAD - Success
[0.745s] -- Found Threads: TRUE  
[0.795s] -- Found cv_bridge: 3.2.1 (/opt/ros/humble/share/cv_bridge/cmake)
[0.840s] -- Found OpenCV: /usr (found version "4.5.4") 
[0.841s] -- Found qrmsg: 0.0.0 (/home/lccc/Desktop/GXS_2024_VisionCode/install/qrmsg/share/qrmsg/cmake)
[0.850s] -- Found ament_lint_auto: 0.12.11 (/opt/ros/humble/share/ament_lint_auto/cmake)
[0.908s] -- Added test 'cppcheck' to perform static code analysis on C / C++ code
[0.908s] -- Configured cppcheck include dirs: 
[0.908s] -- Configured cppcheck exclude dirs and/or files: 
[0.908s] -- Added test 'lint_cmake' to check CMake code style
[0.909s] -- Added test 'uncrustify' to check C / C++ code style
[0.909s] -- Configured uncrustify additional arguments: 
[0.909s] -- Added test 'xmllint' to check XML markup files
[0.910s] -- Configuring done
[0.918s] -- Generating done
[0.919s] -- Build files have been written to: /home/lccc/Desktop/GXS_2024_VisionCode/build/line_follow
[0.926s] Invoked command in '/home/lccc/Desktop/GXS_2024_VisionCode/build/line_follow' returned '0': AMENT_PREFIX_PATH=/home/lccc/Desktop/GXS_2024_VisionCode/install/qrmsg:${AMENT_PREFIX_PATH} CMAKE_PREFIX_PATH=/home/lccc/Desktop/GXS_2024_VisionCode/install/qrmsg:/opt/ros/humble LD_LIBRARY_PATH=/home/lccc/Desktop/GXS_2024_VisionCode/install/qrmsg/lib:${LD_LIBRARY_PATH} PYTHONPATH=/home/lccc/Desktop/GXS_2024_VisionCode/install/qrmsg/local/lib/python3.10/dist-packages:${PYTHONPATH} /usr/bin/cmake /home/lccc/Desktop/GXS_2024_VisionCode/src/line_follow -DCMAKE_INSTALL_PREFIX=/home/lccc/Desktop/GXS_2024_VisionCode/install/line_follow
[0.927s] Invoking command in '/home/lccc/Desktop/GXS_2024_VisionCode/build/line_follow': AMENT_PREFIX_PATH=/home/lccc/Desktop/GXS_2024_VisionCode/install/qrmsg:${AMENT_PREFIX_PATH} CMAKE_PREFIX_PATH=/home/lccc/Desktop/GXS_2024_VisionCode/install/qrmsg:/opt/ros/humble LD_LIBRARY_PATH=/home/lccc/Desktop/GXS_2024_VisionCode/install/qrmsg/lib:${LD_LIBRARY_PATH} PYTHONPATH=/home/lccc/Desktop/GXS_2024_VisionCode/install/qrmsg/local/lib/python3.10/dist-packages:${PYTHONPATH} /usr/bin/cmake --build /home/lccc/Desktop/GXS_2024_VisionCode/build/line_follow -- -j16 -l16
[0.969s] [ 50%] [32mBuilding CXX object CMakeFiles/lf.dir/src/lf.cpp.o[0m
[7.443s] [100%] [32m[1mLinking CXX executable lf[0m
[7.940s] [100%] Built target lf
[7.949s] Invoked command in '/home/lccc/Desktop/GXS_2024_VisionCode/build/line_follow' returned '0': AMENT_PREFIX_PATH=/home/lccc/Desktop/GXS_2024_VisionCode/install/qrmsg:${AMENT_PREFIX_PATH} CMAKE_PREFIX_PATH=/home/lccc/Desktop/GXS_2024_VisionCode/install/qrmsg:/opt/ros/humble LD_LIBRARY_PATH=/home/lccc/Desktop/GXS_2024_VisionCode/install/qrmsg/lib:${LD_LIBRARY_PATH} PYTHONPATH=/home/lccc/Desktop/GXS_2024_VisionCode/install/qrmsg/local/lib/python3.10/dist-packages:${PYTHONPATH} /usr/bin/cmake --build /home/lccc/Desktop/GXS_2024_VisionCode/build/line_follow -- -j16 -l16
[7.969s] Invoking command in '/home/lccc/Desktop/GXS_2024_VisionCode/build/line_follow': AMENT_PREFIX_PATH=/home/lccc/Desktop/GXS_2024_VisionCode/install/qrmsg:${AMENT_PREFIX_PATH} CMAKE_PREFIX_PATH=/home/lccc/Desktop/GXS_2024_VisionCode/install/qrmsg:/opt/ros/humble LD_LIBRARY_PATH=/home/lccc/Desktop/GXS_2024_VisionCode/install/qrmsg/lib:${LD_LIBRARY_PATH} PYTHONPATH=/home/lccc/Desktop/GXS_2024_VisionCode/install/qrmsg/local/lib/python3.10/dist-packages:${PYTHONPATH} /usr/bin/cmake --install /home/lccc/Desktop/GXS_2024_VisionCode/build/line_follow
[7.976s] -- Install configuration: ""
[7.976s] -- Installing: /home/lccc/Desktop/GXS_2024_VisionCode/install/line_follow/lib/line_follow/lf
[7.979s] -- Set runtime path of "/home/lccc/Desktop/GXS_2024_VisionCode/install/line_follow/lib/line_follow/lf" to ""
[7.979s] -- Installing: /home/lccc/Desktop/GXS_2024_VisionCode/install/line_follow/share/ament_index/resource_index/package_run_dependencies/line_follow
[7.979s] -- Installing: /home/lccc/Desktop/GXS_2024_VisionCode/install/line_follow/share/ament_index/resource_index/parent_prefix_path/line_follow
[7.979s] -- Installing: /home/lccc/Desktop/GXS_2024_VisionCode/install/line_follow/share/line_follow/environment/ament_prefix_path.sh
[7.979s] -- Installing: /home/lccc/Desktop/GXS_2024_VisionCode/install/line_follow/share/line_follow/environment/ament_prefix_path.dsv
[7.979s] -- Installing: /home/lccc/Desktop/GXS_2024_VisionCode/install/line_follow/share/line_follow/environment/path.sh
[7.980s] -- Installing: /home/lccc/Desktop/GXS_2024_VisionCode/install/line_follow/share/line_follow/environment/path.dsv
[7.980s] -- Installing: /home/lccc/Desktop/GXS_2024_VisionCode/install/line_follow/share/line_follow/local_setup.bash
[7.980s] -- Installing: /home/lccc/Desktop/GXS_2024_VisionCode/install/line_follow/share/line_follow/local_setup.sh
[7.980s] -- Installing: /home/lccc/Desktop/GXS_2024_VisionCode/install/line_follow/share/line_follow/local_setup.zsh
[7.980s] -- Installing: /home/lccc/Desktop/GXS_2024_VisionCode/install/line_follow/share/line_follow/local_setup.dsv
[7.980s] -- Installing: /home/lccc/Desktop/GXS_2024_VisionCode/install/line_follow/share/line_follow/package.dsv
[7.980s] -- Installing: /home/lccc/Desktop/GXS_2024_VisionCode/install/line_follow/share/ament_index/resource_index/packages/line_follow
[7.980s] -- Installing: /home/lccc/Desktop/GXS_2024_VisionCode/install/line_follow/share/line_follow/cmake/line_followConfig.cmake
[7.981s] -- Installing: /home/lccc/Desktop/GXS_2024_VisionCode/install/line_follow/share/line_follow/cmake/line_followConfig-version.cmake
[7.981s] -- Installing: /home/lccc/Desktop/GXS_2024_VisionCode/install/line_follow/share/line_follow/package.xml
[7.983s] Invoked command in '/home/lccc/Desktop/GXS_2024_VisionCode/build/line_follow' returned '0': AMENT_PREFIX_PATH=/home/lccc/Desktop/GXS_2024_VisionCode/install/qrmsg:${AMENT_PREFIX_PATH} CMAKE_PREFIX_PATH=/home/lccc/Desktop/GXS_2024_VisionCode/install/qrmsg:/opt/ros/humble LD_LIBRARY_PATH=/home/lccc/Desktop/GXS_2024_VisionCode/install/qrmsg/lib:${LD_LIBRARY_PATH} PYTHONPATH=/home/lccc/Desktop/GXS_2024_VisionCode/install/qrmsg/local/lib/python3.10/dist-packages:${PYTHONPATH} /usr/bin/cmake --install /home/lccc/Desktop/GXS_2024_VisionCode/build/line_follow
