[0.013s] Invoking command in '/home/jason/gxs/GXS_2024_VisionCode/build/binary_detector': CMAKE_PREFIX_PATH=/home/jason/gxs/GXS_2024_VisionCode/install/qrmsg:/home/jason/gxs/GXS_2024_VisionCode/install/gxs_serial_driver:/home/jason/gxs/GXS_2024_VisionCode/install/colorblock_detector:/home/jason/gxs/GXS_2024_VisionCode/install/binary_detector:/home/jason/gxs/GXS_2024_VisionCode/install/camera_driver:/home/jason/gxs/GXS_2024_VisionCode/install/adjust_hsv:/home/jason/gxs/GXS_2024_VisionCode/install/line_follow:/opt/ros/humble LD_LIBRARY_PATH=/home/jason/gxs/GXS_2024_VisionCode/install/qrmsg/lib:/home/jason/gxs/GXS_2024_VisionCode/install/gxs_serial_driver/lib:/opt/MVS/lib/64:/opt/MVS/lib/32:/opt/ros/humble/opt/rviz_ogre_vendor/lib:/opt/ros/humble/lib/x86_64-linux-gnu:/opt/ros/humble/lib:/opt/MVS/lib/64:/opt/MVS/lib/32:/opt/MVS/lib/64:/opt/MVS/lib/32 /usr/bin/cmake --build /home/jason/gxs/GXS_2024_VisionCode/build/binary_detector -- -j16 -l16
[0.032s] -- Found ament_cmake: 1.3.8 (/opt/ros/humble/share/ament_cmake/cmake)
[0.112s] -- Found rclcpp: 16.0.8 (/opt/ros/humble/share/rclcpp/cmake)
[0.128s] -- Found rosidl_generator_c: 3.1.5 (/opt/ros/humble/share/rosidl_generator_c/cmake)
[0.129s] -- Found rosidl_adapter: 3.1.5 (/opt/ros/humble/share/rosidl_adapter/cmake)
[0.133s] -- Found rosidl_generator_cpp: 3.1.5 (/opt/ros/humble/share/rosidl_generator_cpp/cmake)
[0.138s] -- Using all available rosidl_typesupport_c: rosidl_typesupport_fastrtps_c;rosidl_typesupport_introspection_c
[0.147s] -- Using all available rosidl_typesupport_cpp: rosidl_typesupport_fastrtps_cpp;rosidl_typesupport_introspection_cpp
[0.180s] -- Found rmw_implementation_cmake: 6.1.1 (/opt/ros/humble/share/rmw_implementation_cmake/cmake)
[0.181s] -- Found rmw_fastrtps_cpp: 6.2.6 (/opt/ros/humble/share/rmw_fastrtps_cpp/cmake)
[0.244s] -- Using RMW implementation 'rmw_fastrtps_cpp' as default
[0.330s] -- Found sensor_msgs: 4.2.3 (/opt/ros/humble/share/sensor_msgs/cmake)
[0.402s] [31mCMake Error at CMakeLists.txt:8 (find_package):
[0.402s]   By not providing "Findcv_bridge.cmake" in CMAKE_MODULE_PATH this project
[0.403s]   has asked CMake to find a package configuration file provided by
[0.403s]   "cv_bridge", but CMake did not find one.
[0.403s] 
[0.403s]   Could not find a package configuration file provided by "cv_bridge" with
[0.403s]   any of the following names:
[0.403s] 
[0.403s]     cv_bridgeConfig.cmake
[0.403s]     cv_bridge-config.cmake
[0.403s] 
[0.403s]   Add the installation prefix of "cv_bridge" to CMAKE_PREFIX_PATH or set
[0.403s]   "cv_bridge_DIR" to a directory containing one of the above files.  If
[0.403s]   "cv_bridge" provides a separate development package or SDK, be sure it has
[0.403s]   been installed.
[0.403s] 
[0.403s] [0m
[0.403s] -- Configuring incomplete, errors occurred!
[0.403s] See also "/home/jason/gxs/GXS_2024_VisionCode/build/binary_detector/CMakeFiles/CMakeOutput.log".
[0.406s] gmake: *** [Makefile:308: cmake_check_build_system] Error 1
