[0.015s] Invoking command in '/home/minehill/GXS_VisionData/src/build/colorblock_detector': CMAKE_PREFIX_PATH=${CMAKE_PREFIX_PATH}:/opt/ros/humble /usr/bin/cmake --build /home/minehill/GXS_VisionData/src/build/colorblock_detector -- -j8 -l8
[0.048s] [35m[1mConsolidate compiler generated dependencies of target colorblock[0m
[0.064s] [ 50%] [32mBuilding CXX object CMakeFiles/colorblock.dir/src/colorblock.cpp.o[0m
[6.078s] [100%] [32m[1mLinking CXX executable colorblock[0m
[6.313s] [100%] Built target colorblock
[6.322s] Invoked command in '/home/minehill/GXS_VisionData/src/build/colorblock_detector' returned '0': CMAKE_PREFIX_PATH=${CMAKE_PREFIX_PATH}:/opt/ros/humble /usr/bin/cmake --build /home/minehill/GXS_VisionData/src/build/colorblock_detector -- -j8 -l8
[6.350s] Invoking command in '/home/minehill/GXS_VisionData/src/build/colorblock_detector': CMAKE_PREFIX_PATH=${CMAKE_PREFIX_PATH}:/opt/ros/humble /usr/bin/cmake --install /home/minehill/GXS_VisionData/src/build/colorblock_detector
[6.358s] -- Install configuration: ""
[6.358s] -- Installing: /home/minehill/GXS_VisionData/src/install/colorblock_detector/lib/colorblock_detector/colorblock
[6.359s] -- Set runtime path of "/home/minehill/GXS_VisionData/src/install/colorblock_detector/lib/colorblock_detector/colorblock" to ""
[6.359s] -- Installing: /home/minehill/GXS_VisionData/src/install/colorblock_detector/share/ament_index/resource_index/package_run_dependencies/colorblock_detector
[6.360s] -- Installing: /home/minehill/GXS_VisionData/src/install/colorblock_detector/share/ament_index/resource_index/parent_prefix_path/colorblock_detector
[6.360s] -- Installing: /home/minehill/GXS_VisionData/src/install/colorblock_detector/share/colorblock_detector/environment/ament_prefix_path.sh
[6.446s] -- Installing: /home/minehill/GXS_VisionData/src/install/colorblock_detector/share/colorblock_detector/environment/ament_prefix_path.dsv
[6.447s] -- Installing: /home/minehill/GXS_VisionData/src/install/colorblock_detector/share/colorblock_detector/environment/path.sh
[6.447s] -- Installing: /home/minehill/GXS_VisionData/src/install/colorblock_detector/share/colorblock_detector/environment/path.dsv
[6.447s] -- Installing: /home/minehill/GXS_VisionData/src/install/colorblock_detector/share/colorblock_detector/local_setup.bash
[6.448s] -- Installing: /home/minehill/GXS_VisionData/src/install/colorblock_detector/share/colorblock_detector/local_setup.sh
[6.448s] -- Installing: /home/minehill/GXS_VisionData/src/install/colorblock_detector/share/colorblock_detector/local_setup.zsh
[6.448s] -- Installing: /home/minehill/GXS_VisionData/src/install/colorblock_detector/share/colorblock_detector/local_setup.dsv
[6.448s] -- Installing: /home/minehill/GXS_VisionData/src/install/colorblock_detector/share/colorblock_detector/package.dsv
[6.448s] -- Installing: /home/minehill/GXS_VisionData/src/install/colorblock_detector/share/ament_index/resource_index/packages/colorblock_detector
[6.458s] -- Installing: /home/minehill/GXS_VisionData/src/install/colorblock_detector/share/colorblock_detector/cmake/colorblock_detectorConfig.cmake
[6.458s] -- Installing: /home/minehill/GXS_VisionData/src/install/colorblock_detector/share/colorblock_detector/cmake/colorblock_detectorConfig-version.cmake
[6.458s] -- Installing: /home/minehill/GXS_VisionData/src/install/colorblock_detector/share/colorblock_detector/package.xml
[6.460s] Invoked command in '/home/minehill/GXS_VisionData/src/build/colorblock_detector' returned '0': CMAKE_PREFIX_PATH=${CMAKE_PREFIX_PATH}:/opt/ros/humble /usr/bin/cmake --install /home/minehill/GXS_VisionData/src/build/colorblock_detector
