-- The C compiler identification is GNU 11.4.0
-- The CXX compiler identification is GNU 11.4.0
-- Detecting C compiler ABI info
-- Detecting C compiler ABI info - done
-- Check for working C compiler: /usr/bin/cc - skipped
-- Detecting C compile features
-- Detecting C compile features - done
-- Detecting CXX compiler ABI info
-- Detecting CXX compiler ABI info - done
-- Check for working CXX compiler: /usr/bin/c++ - skipped
-- Detecting CXX compile features
-- Detecting CXX compile features - done
-- Found ament_cmake: 1.3.10 (/opt/ros/humble/share/ament_cmake/cmake)
-- Found Python3: /usr/bin/python3 (found version "3.10.12") found components: Interpreter 
-- Found rclcpp: 16.0.10 (/opt/ros/humble/share/rclcpp/cmake)
-- Found rosidl_generator_c: 3.1.5 (/opt/ros/humble/share/rosidl_generator_c/cmake)
-- Found rosidl_adapter: 3.1.5 (/opt/ros/humble/share/rosidl_adapter/cmake)
-- Found rosidl_generator_cpp: 3.1.5 (/opt/ros/humble/share/rosidl_generator_cpp/cmake)
-- Using all available rosidl_typesupport_c: rosidl_typesupport_fastrtps_c;rosidl_typesupport_introspection_c
-- Using all available rosidl_typesupport_cpp: rosidl_typesupport_fastrtps_cpp;rosidl_typesupport_introspection_cpp
-- Found rmw_implementation_cmake: 6.1.2 (/opt/ros/humble/share/rmw_implementation_cmake/cmake)
-- Found rmw_fastrtps_cpp: 6.2.7 (/opt/ros/humble/share/rmw_fastrtps_cpp/cmake)
-- Found OpenSSL: /usr/lib/x86_64-linux-gnu/libcrypto.so (found version "3.0.2")  
-- Found FastRTPS: /opt/ros/humble/include  
-- Using RMW implementation 'rmw_fastrtps_cpp' as default
-- Looking for pthread.h
-- Looking for pthread.h - found
-- Performing Test CMAKE_HAVE_LIBC_PTHREAD
-- Performing Test CMAKE_HAVE_LIBC_PTHREAD - Success
-- Found Threads: TRUE  
-- Found sensor_msgs: 4.2.4 (/opt/ros/humble/share/sensor_msgs/cmake)
-- Found cv_bridge: 3.2.1 (/opt/ros/humble/share/cv_bridge/cmake)
-- Found OpenCV: /usr (found version "4.5.4") 
-- Found qrmsg: 0.0.0 (/home/lccc/Desktop/GXS_2024_VisionCode/install/qrmsg/share/qrmsg/cmake)
-- Found PkgConfig: /usr/bin/pkg-config (found version "0.29.2") 
-- Checking for module 'zbar'
--   Found zbar, version 0.23.92
-- Configuring done
-- Generating done
-- Build files have been written to: /home/lccc/Desktop/GXS_2024_VisionCode/build/binary_detector
[ 25%] [32mBuilding CXX object CMakeFiles/binary_detector.dir/src/binary.cpp.o[0m
[ 50%] [32m[1mLinking CXX static library libbinary_detector.a[0m
[ 50%] Built target binary_detector
[ 75%] [32mBuilding CXX object CMakeFiles/binary.dir/src/main.cpp.o[0m
[100%] [32m[1mLinking CXX executable binary[0m
[100%] Built target binary
-- Install configuration: ""
-- Installing: /home/lccc/Desktop/GXS_2024_VisionCode/install/binary_detector/lib/binary_detector/libbinary_detector.a
-- Installing: /home/lccc/Desktop/GXS_2024_VisionCode/install/binary_detector/include/
-- Installing: /home/lccc/Desktop/GXS_2024_VisionCode/install/binary_detector/include//binary_detector
-- Installing: /home/lccc/Desktop/GXS_2024_VisionCode/install/binary_detector/include//binary_detector/binary.hpp
-- Installing: /home/lccc/Desktop/GXS_2024_VisionCode/install/binary_detector/lib/binary_detector/binary
-- Set runtime path of "/home/lccc/Desktop/GXS_2024_VisionCode/install/binary_detector/lib/binary_detector/binary" to ""
-- Installing: /home/lccc/Desktop/GXS_2024_VisionCode/install/binary_detector/share/ament_index/resource_index/package_run_dependencies/binary_detector
-- Installing: /home/lccc/Desktop/GXS_2024_VisionCode/install/binary_detector/share/ament_index/resource_index/parent_prefix_path/binary_detector
-- Installing: /home/lccc/Desktop/GXS_2024_VisionCode/install/binary_detector/share/binary_detector/environment/ament_prefix_path.sh
-- Installing: /home/lccc/Desktop/GXS_2024_VisionCode/install/binary_detector/share/binary_detector/environment/ament_prefix_path.dsv
-- Installing: /home/lccc/Desktop/GXS_2024_VisionCode/install/binary_detector/share/binary_detector/environment/path.sh
-- Installing: /home/lccc/Desktop/GXS_2024_VisionCode/install/binary_detector/share/binary_detector/environment/path.dsv
-- Installing: /home/lccc/Desktop/GXS_2024_VisionCode/install/binary_detector/share/binary_detector/local_setup.bash
-- Installing: /home/lccc/Desktop/GXS_2024_VisionCode/install/binary_detector/share/binary_detector/local_setup.sh
-- Installing: /home/lccc/Desktop/GXS_2024_VisionCode/install/binary_detector/share/binary_detector/local_setup.zsh
-- Installing: /home/lccc/Desktop/GXS_2024_VisionCode/install/binary_detector/share/binary_detector/local_setup.dsv
-- Installing: /home/lccc/Desktop/GXS_2024_VisionCode/install/binary_detector/share/binary_detector/package.dsv
-- Installing: /home/lccc/Desktop/GXS_2024_VisionCode/install/binary_detector/share/ament_index/resource_index/packages/binary_detector
-- Installing: /home/lccc/Desktop/GXS_2024_VisionCode/install/binary_detector/share/binary_detector/cmake/binary_detectorConfig.cmake
-- Installing: /home/lccc/Desktop/GXS_2024_VisionCode/install/binary_detector/share/binary_detector/cmake/binary_detectorConfig-version.cmake
-- Installing: /home/lccc/Desktop/GXS_2024_VisionCode/install/binary_detector/share/binary_detector/package.xml
