-- The C compiler identification is GNU 11.4.0
-- The CXX compiler identification is GNU 11.4.0
-- Detecting C compiler ABI info
-- Detecting C compiler ABI info - done
-- Check for working C compiler: /usr/bin/cc - skipped
-- Detecting C compile features
-- Detecting C compile features - done
-- Detecting CXX compiler ABI info
-- Detecting CXX compiler ABI info - done
-- Check for working CXX compiler: /usr/bin/c++ - skipped
-- Detecting CXX compile features
-- Detecting CXX compile features - done
-- Found ament_cmake: 1.3.8 (/opt/ros/humble/share/ament_cmake/cmake)
-- Found Python3: /usr/bin/python3 (found version "3.10.12") found components: Interpreter 
-- Found rclcpp: 16.0.8 (/opt/ros/humble/share/rclcpp/cmake)
-- Found rosidl_generator_c: 3.1.5 (/opt/ros/humble/share/rosidl_generator_c/cmake)
-- Found rosidl_adapter: 3.1.5 (/opt/ros/humble/share/rosidl_adapter/cmake)
-- Found rosidl_generator_cpp: 3.1.5 (/opt/ros/humble/share/rosidl_generator_cpp/cmake)
-- Using all available rosidl_typesupport_c: rosidl_typesupport_fastrtps_c;rosidl_typesupport_introspection_c
-- Using all available rosidl_typesupport_cpp: rosidl_typesupport_fastrtps_cpp;rosidl_typesupport_introspection_cpp
-- Found rmw_implementation_cmake: 6.1.1 (/opt/ros/humble/share/rmw_implementation_cmake/cmake)
-- Found rmw_fastrtps_cpp: 6.2.6 (/opt/ros/humble/share/rmw_fastrtps_cpp/cmake)
-- Found OpenSSL: /usr/lib/x86_64-linux-gnu/libcrypto.so (found version "3.0.2")  
-- Found FastRTPS: /opt/ros/humble/include  
-- Using RMW implementation 'rmw_fastrtps_cpp' as default
-- Looking for pthread.h
-- Looking for pthread.h - found
-- Performing Test CMAKE_HAVE_LIBC_PTHREAD
-- Performing Test CMAKE_HAVE_LIBC_PTHREAD - Success
-- Found Threads: TRUE  
-- Found OpenCV: /usr (found version "4.5.4") 
-- Found ament_lint_auto: 0.12.10 (/opt/ros/humble/share/ament_lint_auto/cmake)
-- Added test 'cppcheck' to perform static code analysis on C / C++ code
-- Configured cppcheck include dirs: 
-- Configured cppcheck exclude dirs and/or files: 
-- Added test 'lint_cmake' to check CMake code style
-- Added test 'uncrustify' to check C / C++ code style
-- Configured uncrustify additional arguments: 
-- Added test 'xmllint' to check XML markup files
-- Configuring done
-- Generating done
-- Build files have been written to: /home/jason/gxs/GXS_2024_VisionCode/build/adjust_hsv
[ 50%] [32mBuilding CXX object CMakeFiles/adjust.dir/src/adjust.cpp.o[0m
[100%] [32m[1mLinking CXX executable adjust[0m
[100%] Built target adjust
-- Install configuration: ""
-- Installing: /home/jason/gxs/GXS_2024_VisionCode/install/adjust_hsv/lib/adjust_hsv/adjust
-- Set runtime path of "/home/jason/gxs/GXS_2024_VisionCode/install/adjust_hsv/lib/adjust_hsv/adjust" to ""
-- Installing: /home/jason/gxs/GXS_2024_VisionCode/install/adjust_hsv/share/ament_index/resource_index/package_run_dependencies/adjust_hsv
-- Installing: /home/jason/gxs/GXS_2024_VisionCode/install/adjust_hsv/share/ament_index/resource_index/parent_prefix_path/adjust_hsv
-- Installing: /home/jason/gxs/GXS_2024_VisionCode/install/adjust_hsv/share/adjust_hsv/environment/ament_prefix_path.sh
-- Installing: /home/jason/gxs/GXS_2024_VisionCode/install/adjust_hsv/share/adjust_hsv/environment/ament_prefix_path.dsv
-- Installing: /home/jason/gxs/GXS_2024_VisionCode/install/adjust_hsv/share/adjust_hsv/environment/path.sh
-- Installing: /home/jason/gxs/GXS_2024_VisionCode/install/adjust_hsv/share/adjust_hsv/environment/path.dsv
-- Installing: /home/jason/gxs/GXS_2024_VisionCode/install/adjust_hsv/share/adjust_hsv/local_setup.bash
-- Installing: /home/jason/gxs/GXS_2024_VisionCode/install/adjust_hsv/share/adjust_hsv/local_setup.sh
-- Installing: /home/jason/gxs/GXS_2024_VisionCode/install/adjust_hsv/share/adjust_hsv/local_setup.zsh
-- Installing: /home/jason/gxs/GXS_2024_VisionCode/install/adjust_hsv/share/adjust_hsv/local_setup.dsv
-- Installing: /home/jason/gxs/GXS_2024_VisionCode/install/adjust_hsv/share/adjust_hsv/package.dsv
-- Installing: /home/jason/gxs/GXS_2024_VisionCode/install/adjust_hsv/share/ament_index/resource_index/packages/adjust_hsv
-- Installing: /home/jason/gxs/GXS_2024_VisionCode/install/adjust_hsv/share/adjust_hsv/cmake/adjust_hsvConfig.cmake
-- Installing: /home/jason/gxs/GXS_2024_VisionCode/install/adjust_hsv/share/adjust_hsv/cmake/adjust_hsvConfig-version.cmake
-- Installing: /home/jason/gxs/GXS_2024_VisionCode/install/adjust_hsv/share/adjust_hsv/package.xml
