[0.052s] DEBUG:colcon:Command line arguments: ['/usr/bin/colcon', 'build']
[0.052s] DEBUG:colcon:Parsed command line arguments: Namespace(log_base=None, log_level=None, verb_name='build', build_base='build', install_base='install', merge_install=False, symlink_install=False, test_result_base=None, continue_on_error=False, executor='parallel', parallel_workers=16, event_handlers=None, ignore_user_meta=False, metas=['./colcon.meta'], base_paths=['.'], packages_ignore=None, packages_ignore_regex=None, paths=None, packages_up_to=None, packages_up_to_regex=None, packages_above=None, packages_above_and_dependencies=None, packages_above_depth=None, packages_select_by_dep=None, packages_skip_by_dep=None, packages_skip_up_to=None, packages_select_build_failed=False, packages_skip_build_finished=False, packages_select_test_failures=False, packages_skip_test_passed=False, packages_select=None, packages_skip=None, packages_select_regex=None, packages_skip_regex=None, packages_start=None, packages_end=None, allow_overriding=[], cmake_args=None, cmake_target=None, cmake_target_skip_unavailable=False, cmake_clean_cache=False, cmake_clean_first=False, cmake_force_configure=False, ament_cmake_args=None, catkin_cmake_args=None, catkin_skip_building_tests=False, verb_parser=<colcon_defaults.argument_parser.defaults.DefaultArgumentsDecorator object at 0x78d9b2983dc0>, verb_extension=<colcon_core.verb.build.BuildVerb object at 0x78d9b29837f0>, main=<bound method BuildVerb.main of <colcon_core.verb.build.BuildVerb object at 0x78d9b29837f0>>)
[0.125s] Level 1:colcon.colcon_core.package_discovery:discover_packages(colcon_meta) check parameters
[0.125s] Level 1:colcon.colcon_core.package_discovery:discover_packages(recursive) check parameters
[0.125s] Level 1:colcon.colcon_core.package_discovery:discover_packages(ignore) check parameters
[0.125s] Level 1:colcon.colcon_core.package_discovery:discover_packages(path) check parameters
[0.125s] Level 1:colcon.colcon_core.package_discovery:discover_packages(colcon_meta) discover
[0.125s] Level 1:colcon.colcon_core.package_discovery:discover_packages(recursive) discover
[0.125s] INFO:colcon.colcon_core.package_discovery:Crawling recursively for packages in '/home/lccc/Desktop/GXS_2024_VisionCode'
[0.125s] Level 1:colcon.colcon_core.package_identification:_identify(.) by extensions ['ignore', 'ignore_ament_install']
[0.125s] Level 1:colcon.colcon_core.package_identification:_identify(.) by extension 'ignore'
[0.125s] Level 1:colcon.colcon_core.package_identification:_identify(.) by extension 'ignore_ament_install'
[0.125s] Level 1:colcon.colcon_core.package_identification:_identify(.) by extensions ['colcon_pkg']
[0.125s] Level 1:colcon.colcon_core.package_identification:_identify(.) by extension 'colcon_pkg'
[0.125s] Level 1:colcon.colcon_core.package_identification:_identify(.) by extensions ['colcon_meta']
[0.125s] Level 1:colcon.colcon_core.package_identification:_identify(.) by extension 'colcon_meta'
[0.125s] Level 1:colcon.colcon_core.package_identification:_identify(.) by extensions ['ros']
[0.125s] Level 1:colcon.colcon_core.package_identification:_identify(.) by extension 'ros'
[0.131s] Level 1:colcon.colcon_core.package_identification:_identify(.) by extensions ['cmake', 'python']
[0.131s] Level 1:colcon.colcon_core.package_identification:_identify(.) by extension 'cmake'
[0.131s] Level 1:colcon.colcon_core.package_identification:_identify(.) by extension 'python'
[0.131s] Level 1:colcon.colcon_core.package_identification:_identify(.) by extensions ['python_setup_py']
[0.131s] Level 1:colcon.colcon_core.package_identification:_identify(.) by extension 'python_setup_py'
[0.131s] Level 1:colcon.colcon_core.package_identification:_identify(build) by extensions ['ignore', 'ignore_ament_install']
[0.131s] Level 1:colcon.colcon_core.package_identification:_identify(build) by extension 'ignore'
[0.131s] Level 1:colcon.colcon_core.package_identification:_identify(build) ignored
[0.132s] Level 1:colcon.colcon_core.package_identification:_identify(install) by extensions ['ignore', 'ignore_ament_install']
[0.132s] Level 1:colcon.colcon_core.package_identification:_identify(install) by extension 'ignore'
[0.132s] Level 1:colcon.colcon_core.package_identification:_identify(install) ignored
[0.132s] Level 1:colcon.colcon_core.package_identification:_identify(log) by extensions ['ignore', 'ignore_ament_install']
[0.132s] Level 1:colcon.colcon_core.package_identification:_identify(log) by extension 'ignore'
[0.132s] Level 1:colcon.colcon_core.package_identification:_identify(log) ignored
[0.132s] Level 1:colcon.colcon_core.package_identification:_identify(src) by extensions ['ignore', 'ignore_ament_install']
[0.132s] Level 1:colcon.colcon_core.package_identification:_identify(src) by extension 'ignore'
[0.132s] Level 1:colcon.colcon_core.package_identification:_identify(src) by extension 'ignore_ament_install'
[0.132s] Level 1:colcon.colcon_core.package_identification:_identify(src) by extensions ['colcon_pkg']
[0.132s] Level 1:colcon.colcon_core.package_identification:_identify(src) by extension 'colcon_pkg'
[0.132s] Level 1:colcon.colcon_core.package_identification:_identify(src) by extensions ['colcon_meta']
[0.132s] Level 1:colcon.colcon_core.package_identification:_identify(src) by extension 'colcon_meta'
[0.132s] Level 1:colcon.colcon_core.package_identification:_identify(src) by extensions ['ros']
[0.132s] Level 1:colcon.colcon_core.package_identification:_identify(src) by extension 'ros'
[0.132s] Level 1:colcon.colcon_core.package_identification:_identify(src) by extensions ['cmake', 'python']
[0.132s] Level 1:colcon.colcon_core.package_identification:_identify(src) by extension 'cmake'
[0.132s] Level 1:colcon.colcon_core.package_identification:_identify(src) by extension 'python'
[0.132s] Level 1:colcon.colcon_core.package_identification:_identify(src) by extensions ['python_setup_py']
[0.132s] Level 1:colcon.colcon_core.package_identification:_identify(src) by extension 'python_setup_py'
[0.132s] Level 1:colcon.colcon_core.package_identification:_identify(src/adjust) by extensions ['ignore', 'ignore_ament_install']
[0.132s] Level 1:colcon.colcon_core.package_identification:_identify(src/adjust) by extension 'ignore'
[0.132s] Level 1:colcon.colcon_core.package_identification:_identify(src/adjust) by extension 'ignore_ament_install'
[0.132s] Level 1:colcon.colcon_core.package_identification:_identify(src/adjust) by extensions ['colcon_pkg']
[0.132s] Level 1:colcon.colcon_core.package_identification:_identify(src/adjust) by extension 'colcon_pkg'
[0.132s] Level 1:colcon.colcon_core.package_identification:_identify(src/adjust) by extensions ['colcon_meta']
[0.132s] Level 1:colcon.colcon_core.package_identification:_identify(src/adjust) by extension 'colcon_meta'
[0.132s] Level 1:colcon.colcon_core.package_identification:_identify(src/adjust) by extensions ['ros']
[0.132s] Level 1:colcon.colcon_core.package_identification:_identify(src/adjust) by extension 'ros'
[0.133s] DEBUG:colcon.colcon_core.package_identification:Package 'src/adjust' with type 'ros.ament_cmake' and name 'adjust_hsv'
[0.133s] Level 1:colcon.colcon_core.package_identification:_identify(src/binary_detector) by extensions ['ignore', 'ignore_ament_install']
[0.134s] Level 1:colcon.colcon_core.package_identification:_identify(src/binary_detector) by extension 'ignore'
[0.134s] Level 1:colcon.colcon_core.package_identification:_identify(src/binary_detector) by extension 'ignore_ament_install'
[0.134s] Level 1:colcon.colcon_core.package_identification:_identify(src/binary_detector) by extensions ['colcon_pkg']
[0.134s] Level 1:colcon.colcon_core.package_identification:_identify(src/binary_detector) by extension 'colcon_pkg'
[0.134s] Level 1:colcon.colcon_core.package_identification:_identify(src/binary_detector) by extensions ['colcon_meta']
[0.134s] Level 1:colcon.colcon_core.package_identification:_identify(src/binary_detector) by extension 'colcon_meta'
[0.134s] Level 1:colcon.colcon_core.package_identification:_identify(src/binary_detector) by extensions ['ros']
[0.134s] Level 1:colcon.colcon_core.package_identification:_identify(src/binary_detector) by extension 'ros'
[0.134s] DEBUG:colcon.colcon_core.package_identification:Package 'src/binary_detector' with type 'ros.ament_cmake' and name 'binary_detector'
[0.134s] Level 1:colcon.colcon_core.package_identification:_identify(src/camera_driver) by extensions ['ignore', 'ignore_ament_install']
[0.134s] Level 1:colcon.colcon_core.package_identification:_identify(src/camera_driver) by extension 'ignore'
[0.134s] Level 1:colcon.colcon_core.package_identification:_identify(src/camera_driver) by extension 'ignore_ament_install'
[0.134s] Level 1:colcon.colcon_core.package_identification:_identify(src/camera_driver) by extensions ['colcon_pkg']
[0.134s] Level 1:colcon.colcon_core.package_identification:_identify(src/camera_driver) by extension 'colcon_pkg'
[0.134s] Level 1:colcon.colcon_core.package_identification:_identify(src/camera_driver) by extensions ['colcon_meta']
[0.134s] Level 1:colcon.colcon_core.package_identification:_identify(src/camera_driver) by extension 'colcon_meta'
[0.134s] Level 1:colcon.colcon_core.package_identification:_identify(src/camera_driver) by extensions ['ros']
[0.134s] Level 1:colcon.colcon_core.package_identification:_identify(src/camera_driver) by extension 'ros'
[0.135s] DEBUG:colcon.colcon_core.package_identification:Package 'src/camera_driver' with type 'ros.ament_cmake' and name 'camera_driver'
[0.135s] Level 1:colcon.colcon_core.package_identification:_identify(src/colorblock_detector) by extensions ['ignore', 'ignore_ament_install']
[0.135s] Level 1:colcon.colcon_core.package_identification:_identify(src/colorblock_detector) by extension 'ignore'
[0.135s] Level 1:colcon.colcon_core.package_identification:_identify(src/colorblock_detector) by extension 'ignore_ament_install'
[0.135s] Level 1:colcon.colcon_core.package_identification:_identify(src/colorblock_detector) by extensions ['colcon_pkg']
[0.135s] Level 1:colcon.colcon_core.package_identification:_identify(src/colorblock_detector) by extension 'colcon_pkg'
[0.135s] Level 1:colcon.colcon_core.package_identification:_identify(src/colorblock_detector) by extensions ['colcon_meta']
[0.135s] Level 1:colcon.colcon_core.package_identification:_identify(src/colorblock_detector) by extension 'colcon_meta'
[0.135s] Level 1:colcon.colcon_core.package_identification:_identify(src/colorblock_detector) by extensions ['ros']
[0.135s] Level 1:colcon.colcon_core.package_identification:_identify(src/colorblock_detector) by extension 'ros'
[0.135s] DEBUG:colcon.colcon_core.package_identification:Package 'src/colorblock_detector' with type 'ros.ament_cmake' and name 'colorblock_detector'
[0.135s] Level 1:colcon.colcon_core.package_identification:_identify(src/image_data) by extensions ['ignore', 'ignore_ament_install']
[0.136s] Level 1:colcon.colcon_core.package_identification:_identify(src/image_data) by extension 'ignore'
[0.136s] Level 1:colcon.colcon_core.package_identification:_identify(src/image_data) by extension 'ignore_ament_install'
[0.136s] Level 1:colcon.colcon_core.package_identification:_identify(src/image_data) by extensions ['colcon_pkg']
[0.136s] Level 1:colcon.colcon_core.package_identification:_identify(src/image_data) by extension 'colcon_pkg'
[0.136s] Level 1:colcon.colcon_core.package_identification:_identify(src/image_data) by extensions ['colcon_meta']
[0.136s] Level 1:colcon.colcon_core.package_identification:_identify(src/image_data) by extension 'colcon_meta'
[0.136s] Level 1:colcon.colcon_core.package_identification:_identify(src/image_data) by extensions ['ros']
[0.136s] Level 1:colcon.colcon_core.package_identification:_identify(src/image_data) by extension 'ros'
[0.136s] Level 1:colcon.colcon_core.package_identification:_identify(src/image_data) by extensions ['cmake', 'python']
[0.136s] Level 1:colcon.colcon_core.package_identification:_identify(src/image_data) by extension 'cmake'
[0.136s] Level 1:colcon.colcon_core.package_identification:_identify(src/image_data) by extension 'python'
[0.136s] Level 1:colcon.colcon_core.package_identification:_identify(src/image_data) by extensions ['python_setup_py']
[0.136s] Level 1:colcon.colcon_core.package_identification:_identify(src/image_data) by extension 'python_setup_py'
[0.136s] Level 1:colcon.colcon_core.package_identification:_identify(src/image_data/build) by extensions ['ignore', 'ignore_ament_install']
[0.136s] Level 1:colcon.colcon_core.package_identification:_identify(src/image_data/build) by extension 'ignore'
[0.136s] Level 1:colcon.colcon_core.package_identification:_identify(src/image_data/build) ignored
[0.136s] Level 1:colcon.colcon_core.package_identification:_identify(src/image_data/images) by extensions ['ignore', 'ignore_ament_install']
[0.136s] Level 1:colcon.colcon_core.package_identification:_identify(src/image_data/images) by extension 'ignore'
[0.136s] Level 1:colcon.colcon_core.package_identification:_identify(src/image_data/images) by extension 'ignore_ament_install'
[0.136s] Level 1:colcon.colcon_core.package_identification:_identify(src/image_data/images) by extensions ['colcon_pkg']
[0.136s] Level 1:colcon.colcon_core.package_identification:_identify(src/image_data/images) by extension 'colcon_pkg'
[0.136s] Level 1:colcon.colcon_core.package_identification:_identify(src/image_data/images) by extensions ['colcon_meta']
[0.136s] Level 1:colcon.colcon_core.package_identification:_identify(src/image_data/images) by extension 'colcon_meta'
[0.136s] Level 1:colcon.colcon_core.package_identification:_identify(src/image_data/images) by extensions ['ros']
[0.136s] Level 1:colcon.colcon_core.package_identification:_identify(src/image_data/images) by extension 'ros'
[0.136s] Level 1:colcon.colcon_core.package_identification:_identify(src/image_data/images) by extensions ['cmake', 'python']
[0.136s] Level 1:colcon.colcon_core.package_identification:_identify(src/image_data/images) by extension 'cmake'
[0.136s] Level 1:colcon.colcon_core.package_identification:_identify(src/image_data/images) by extension 'python'
[0.136s] Level 1:colcon.colcon_core.package_identification:_identify(src/image_data/images) by extensions ['python_setup_py']
[0.136s] Level 1:colcon.colcon_core.package_identification:_identify(src/image_data/images) by extension 'python_setup_py'
[0.136s] Level 1:colcon.colcon_core.package_identification:_identify(src/image_data/install) by extensions ['ignore', 'ignore_ament_install']
[0.136s] Level 1:colcon.colcon_core.package_identification:_identify(src/image_data/install) by extension 'ignore'
[0.136s] Level 1:colcon.colcon_core.package_identification:_identify(src/image_data/install) ignored
[0.136s] Level 1:colcon.colcon_core.package_identification:_identify(src/image_data/log) by extensions ['ignore', 'ignore_ament_install']
[0.136s] Level 1:colcon.colcon_core.package_identification:_identify(src/image_data/log) by extension 'ignore'
[0.136s] Level 1:colcon.colcon_core.package_identification:_identify(src/image_data/log) ignored
[0.136s] Level 1:colcon.colcon_core.package_identification:_identify(src/line_follow) by extensions ['ignore', 'ignore_ament_install']
[0.136s] Level 1:colcon.colcon_core.package_identification:_identify(src/line_follow) by extension 'ignore'
[0.136s] Level 1:colcon.colcon_core.package_identification:_identify(src/line_follow) by extension 'ignore_ament_install'
[0.136s] Level 1:colcon.colcon_core.package_identification:_identify(src/line_follow) by extensions ['colcon_pkg']
[0.136s] Level 1:colcon.colcon_core.package_identification:_identify(src/line_follow) by extension 'colcon_pkg'
[0.136s] Level 1:colcon.colcon_core.package_identification:_identify(src/line_follow) by extensions ['colcon_meta']
[0.136s] Level 1:colcon.colcon_core.package_identification:_identify(src/line_follow) by extension 'colcon_meta'
[0.136s] Level 1:colcon.colcon_core.package_identification:_identify(src/line_follow) by extensions ['ros']
[0.136s] Level 1:colcon.colcon_core.package_identification:_identify(src/line_follow) by extension 'ros'
[0.137s] DEBUG:colcon.colcon_core.package_identification:Package 'src/line_follow' with type 'ros.ament_cmake' and name 'line_follow'
[0.137s] Level 1:colcon.colcon_core.package_identification:_identify(src/qrmsg) by extensions ['ignore', 'ignore_ament_install']
[0.137s] Level 1:colcon.colcon_core.package_identification:_identify(src/qrmsg) by extension 'ignore'
[0.137s] Level 1:colcon.colcon_core.package_identification:_identify(src/qrmsg) by extension 'ignore_ament_install'
[0.137s] Level 1:colcon.colcon_core.package_identification:_identify(src/qrmsg) by extensions ['colcon_pkg']
[0.137s] Level 1:colcon.colcon_core.package_identification:_identify(src/qrmsg) by extension 'colcon_pkg'
[0.137s] Level 1:colcon.colcon_core.package_identification:_identify(src/qrmsg) by extensions ['colcon_meta']
[0.137s] Level 1:colcon.colcon_core.package_identification:_identify(src/qrmsg) by extension 'colcon_meta'
[0.137s] Level 1:colcon.colcon_core.package_identification:_identify(src/qrmsg) by extensions ['ros']
[0.137s] Level 1:colcon.colcon_core.package_identification:_identify(src/qrmsg) by extension 'ros'
[0.137s] DEBUG:colcon.colcon_core.package_identification:Package 'src/qrmsg' with type 'ros.ament_cmake' and name 'qrmsg'
[0.137s] Level 1:colcon.colcon_core.package_identification:_identify(src/rm_serial_driver) by extensions ['ignore', 'ignore_ament_install']
[0.137s] Level 1:colcon.colcon_core.package_identification:_identify(src/rm_serial_driver) by extension 'ignore'
[0.137s] Level 1:colcon.colcon_core.package_identification:_identify(src/rm_serial_driver) by extension 'ignore_ament_install'
[0.137s] Level 1:colcon.colcon_core.package_identification:_identify(src/rm_serial_driver) by extensions ['colcon_pkg']
[0.137s] Level 1:colcon.colcon_core.package_identification:_identify(src/rm_serial_driver) by extension 'colcon_pkg'
[0.138s] Level 1:colcon.colcon_core.package_identification:_identify(src/rm_serial_driver) by extensions ['colcon_meta']
[0.138s] Level 1:colcon.colcon_core.package_identification:_identify(src/rm_serial_driver) by extension 'colcon_meta'
[0.138s] Level 1:colcon.colcon_core.package_identification:_identify(src/rm_serial_driver) by extensions ['ros']
[0.138s] Level 1:colcon.colcon_core.package_identification:_identify(src/rm_serial_driver) by extension 'ros'
[0.138s] DEBUG:colcon.colcon_core.package_identification:Package 'src/rm_serial_driver' with type 'ros.ament_cmake' and name 'gxs_serial_driver'
[0.138s] Level 1:colcon.colcon_core.package_discovery:discover_packages(recursive) using defaults
[0.138s] Level 1:colcon.colcon_core.package_discovery:discover_packages(ignore) discover
[0.138s] Level 1:colcon.colcon_core.package_discovery:discover_packages(ignore) using defaults
[0.138s] Level 1:colcon.colcon_core.package_discovery:discover_packages(path) discover
[0.138s] Level 1:colcon.colcon_core.package_discovery:discover_packages(path) using defaults
[0.149s] Level 1:colcon.colcon_core.package_discovery:discover_packages(prefix_path) check parameters
[0.149s] Level 1:colcon.colcon_core.package_discovery:discover_packages(prefix_path) discover
[0.150s] DEBUG:colcon.colcon_installed_package_information.package_discovery:Found 7 installed packages in /home/lccc/Desktop/GXS_2024_VisionCode/install
[0.151s] DEBUG:colcon.colcon_installed_package_information.package_discovery:Found 274 installed packages in /opt/ros/humble
[0.152s] Level 1:colcon.colcon_core.package_discovery:discover_packages(prefix_path) using defaults
[0.174s] Level 5:colcon.colcon_core.verb:set package 'adjust_hsv' build argument 'cmake_args' from command line to 'None'
[0.174s] Level 5:colcon.colcon_core.verb:set package 'adjust_hsv' build argument 'cmake_target' from command line to 'None'
[0.174s] Level 5:colcon.colcon_core.verb:set package 'adjust_hsv' build argument 'cmake_target_skip_unavailable' from command line to 'False'
[0.174s] Level 5:colcon.colcon_core.verb:set package 'adjust_hsv' build argument 'cmake_clean_cache' from command line to 'False'
[0.174s] Level 5:colcon.colcon_core.verb:set package 'adjust_hsv' build argument 'cmake_clean_first' from command line to 'False'
[0.174s] Level 5:colcon.colcon_core.verb:set package 'adjust_hsv' build argument 'cmake_force_configure' from command line to 'False'
[0.174s] Level 5:colcon.colcon_core.verb:set package 'adjust_hsv' build argument 'ament_cmake_args' from command line to 'None'
[0.174s] Level 5:colcon.colcon_core.verb:set package 'adjust_hsv' build argument 'catkin_cmake_args' from command line to 'None'
[0.174s] Level 5:colcon.colcon_core.verb:set package 'adjust_hsv' build argument 'catkin_skip_building_tests' from command line to 'False'
[0.174s] DEBUG:colcon.colcon_core.verb:Building package 'adjust_hsv' with the following arguments: {'ament_cmake_args': None, 'build_base': '/home/lccc/Desktop/GXS_2024_VisionCode/build/adjust_hsv', 'catkin_cmake_args': None, 'catkin_skip_building_tests': False, 'cmake_args': None, 'cmake_clean_cache': False, 'cmake_clean_first': False, 'cmake_force_configure': False, 'cmake_target': None, 'cmake_target_skip_unavailable': False, 'install_base': '/home/lccc/Desktop/GXS_2024_VisionCode/install/adjust_hsv', 'merge_install': False, 'path': '/home/lccc/Desktop/GXS_2024_VisionCode/src/adjust', 'symlink_install': False, 'test_result_base': None}
[0.174s] Level 5:colcon.colcon_core.verb:set package 'camera_driver' build argument 'cmake_args' from command line to 'None'
[0.174s] Level 5:colcon.colcon_core.verb:set package 'camera_driver' build argument 'cmake_target' from command line to 'None'
[0.174s] Level 5:colcon.colcon_core.verb:set package 'camera_driver' build argument 'cmake_target_skip_unavailable' from command line to 'False'
[0.174s] Level 5:colcon.colcon_core.verb:set package 'camera_driver' build argument 'cmake_clean_cache' from command line to 'False'
[0.174s] Level 5:colcon.colcon_core.verb:set package 'camera_driver' build argument 'cmake_clean_first' from command line to 'False'
[0.174s] Level 5:colcon.colcon_core.verb:set package 'camera_driver' build argument 'cmake_force_configure' from command line to 'False'
[0.174s] Level 5:colcon.colcon_core.verb:set package 'camera_driver' build argument 'ament_cmake_args' from command line to 'None'
[0.174s] Level 5:colcon.colcon_core.verb:set package 'camera_driver' build argument 'catkin_cmake_args' from command line to 'None'
[0.174s] Level 5:colcon.colcon_core.verb:set package 'camera_driver' build argument 'catkin_skip_building_tests' from command line to 'False'
[0.174s] DEBUG:colcon.colcon_core.verb:Building package 'camera_driver' with the following arguments: {'ament_cmake_args': None, 'build_base': '/home/lccc/Desktop/GXS_2024_VisionCode/build/camera_driver', 'catkin_cmake_args': None, 'catkin_skip_building_tests': False, 'cmake_args': None, 'cmake_clean_cache': False, 'cmake_clean_first': False, 'cmake_force_configure': False, 'cmake_target': None, 'cmake_target_skip_unavailable': False, 'install_base': '/home/lccc/Desktop/GXS_2024_VisionCode/install/camera_driver', 'merge_install': False, 'path': '/home/lccc/Desktop/GXS_2024_VisionCode/src/camera_driver', 'symlink_install': False, 'test_result_base': None}
[0.175s] Level 5:colcon.colcon_core.verb:set package 'qrmsg' build argument 'cmake_args' from command line to 'None'
[0.175s] Level 5:colcon.colcon_core.verb:set package 'qrmsg' build argument 'cmake_target' from command line to 'None'
[0.175s] Level 5:colcon.colcon_core.verb:set package 'qrmsg' build argument 'cmake_target_skip_unavailable' from command line to 'False'
[0.175s] Level 5:colcon.colcon_core.verb:set package 'qrmsg' build argument 'cmake_clean_cache' from command line to 'False'
[0.175s] Level 5:colcon.colcon_core.verb:set package 'qrmsg' build argument 'cmake_clean_first' from command line to 'False'
[0.175s] Level 5:colcon.colcon_core.verb:set package 'qrmsg' build argument 'cmake_force_configure' from command line to 'False'
[0.175s] Level 5:colcon.colcon_core.verb:set package 'qrmsg' build argument 'ament_cmake_args' from command line to 'None'
[0.175s] Level 5:colcon.colcon_core.verb:set package 'qrmsg' build argument 'catkin_cmake_args' from command line to 'None'
[0.175s] Level 5:colcon.colcon_core.verb:set package 'qrmsg' build argument 'catkin_skip_building_tests' from command line to 'False'
[0.175s] DEBUG:colcon.colcon_core.verb:Building package 'qrmsg' with the following arguments: {'ament_cmake_args': None, 'build_base': '/home/lccc/Desktop/GXS_2024_VisionCode/build/qrmsg', 'catkin_cmake_args': None, 'catkin_skip_building_tests': False, 'cmake_args': None, 'cmake_clean_cache': False, 'cmake_clean_first': False, 'cmake_force_configure': False, 'cmake_target': None, 'cmake_target_skip_unavailable': False, 'install_base': '/home/lccc/Desktop/GXS_2024_VisionCode/install/qrmsg', 'merge_install': False, 'path': '/home/lccc/Desktop/GXS_2024_VisionCode/src/qrmsg', 'symlink_install': False, 'test_result_base': None}
[0.175s] Level 5:colcon.colcon_core.verb:set package 'binary_detector' build argument 'cmake_args' from command line to 'None'
[0.175s] Level 5:colcon.colcon_core.verb:set package 'binary_detector' build argument 'cmake_target' from command line to 'None'
[0.175s] Level 5:colcon.colcon_core.verb:set package 'binary_detector' build argument 'cmake_target_skip_unavailable' from command line to 'False'
[0.175s] Level 5:colcon.colcon_core.verb:set package 'binary_detector' build argument 'cmake_clean_cache' from command line to 'False'
[0.175s] Level 5:colcon.colcon_core.verb:set package 'binary_detector' build argument 'cmake_clean_first' from command line to 'False'
[0.175s] Level 5:colcon.colcon_core.verb:set package 'binary_detector' build argument 'cmake_force_configure' from command line to 'False'
[0.175s] Level 5:colcon.colcon_core.verb:set package 'binary_detector' build argument 'ament_cmake_args' from command line to 'None'
[0.175s] Level 5:colcon.colcon_core.verb:set package 'binary_detector' build argument 'catkin_cmake_args' from command line to 'None'
[0.175s] Level 5:colcon.colcon_core.verb:set package 'binary_detector' build argument 'catkin_skip_building_tests' from command line to 'False'
[0.175s] DEBUG:colcon.colcon_core.verb:Building package 'binary_detector' with the following arguments: {'ament_cmake_args': None, 'build_base': '/home/lccc/Desktop/GXS_2024_VisionCode/build/binary_detector', 'catkin_cmake_args': None, 'catkin_skip_building_tests': False, 'cmake_args': None, 'cmake_clean_cache': False, 'cmake_clean_first': False, 'cmake_force_configure': False, 'cmake_target': None, 'cmake_target_skip_unavailable': False, 'install_base': '/home/lccc/Desktop/GXS_2024_VisionCode/install/binary_detector', 'merge_install': False, 'path': '/home/lccc/Desktop/GXS_2024_VisionCode/src/binary_detector', 'symlink_install': False, 'test_result_base': None}
[0.175s] Level 5:colcon.colcon_core.verb:set package 'colorblock_detector' build argument 'cmake_args' from command line to 'None'
[0.175s] Level 5:colcon.colcon_core.verb:set package 'colorblock_detector' build argument 'cmake_target' from command line to 'None'
[0.175s] Level 5:colcon.colcon_core.verb:set package 'colorblock_detector' build argument 'cmake_target_skip_unavailable' from command line to 'False'
[0.175s] Level 5:colcon.colcon_core.verb:set package 'colorblock_detector' build argument 'cmake_clean_cache' from command line to 'False'
[0.175s] Level 5:colcon.colcon_core.verb:set package 'colorblock_detector' build argument 'cmake_clean_first' from command line to 'False'
[0.175s] Level 5:colcon.colcon_core.verb:set package 'colorblock_detector' build argument 'cmake_force_configure' from command line to 'False'
[0.175s] Level 5:colcon.colcon_core.verb:set package 'colorblock_detector' build argument 'ament_cmake_args' from command line to 'None'
[0.175s] Level 5:colcon.colcon_core.verb:set package 'colorblock_detector' build argument 'catkin_cmake_args' from command line to 'None'
[0.175s] Level 5:colcon.colcon_core.verb:set package 'colorblock_detector' build argument 'catkin_skip_building_tests' from command line to 'False'
[0.175s] DEBUG:colcon.colcon_core.verb:Building package 'colorblock_detector' with the following arguments: {'ament_cmake_args': None, 'build_base': '/home/lccc/Desktop/GXS_2024_VisionCode/build/colorblock_detector', 'catkin_cmake_args': None, 'catkin_skip_building_tests': False, 'cmake_args': None, 'cmake_clean_cache': False, 'cmake_clean_first': False, 'cmake_force_configure': False, 'cmake_target': None, 'cmake_target_skip_unavailable': False, 'install_base': '/home/lccc/Desktop/GXS_2024_VisionCode/install/colorblock_detector', 'merge_install': False, 'path': '/home/lccc/Desktop/GXS_2024_VisionCode/src/colorblock_detector', 'symlink_install': False, 'test_result_base': None}
[0.175s] Level 5:colcon.colcon_core.verb:set package 'gxs_serial_driver' build argument 'cmake_args' from command line to 'None'
[0.175s] Level 5:colcon.colcon_core.verb:set package 'gxs_serial_driver' build argument 'cmake_target' from command line to 'None'
[0.175s] Level 5:colcon.colcon_core.verb:set package 'gxs_serial_driver' build argument 'cmake_target_skip_unavailable' from command line to 'False'
[0.175s] Level 5:colcon.colcon_core.verb:set package 'gxs_serial_driver' build argument 'cmake_clean_cache' from command line to 'False'
[0.175s] Level 5:colcon.colcon_core.verb:set package 'gxs_serial_driver' build argument 'cmake_clean_first' from command line to 'False'
[0.175s] Level 5:colcon.colcon_core.verb:set package 'gxs_serial_driver' build argument 'cmake_force_configure' from command line to 'False'
[0.175s] Level 5:colcon.colcon_core.verb:set package 'gxs_serial_driver' build argument 'ament_cmake_args' from command line to 'None'
[0.175s] Level 5:colcon.colcon_core.verb:set package 'gxs_serial_driver' build argument 'catkin_cmake_args' from command line to 'None'
[0.175s] Level 5:colcon.colcon_core.verb:set package 'gxs_serial_driver' build argument 'catkin_skip_building_tests' from command line to 'False'
[0.175s] DEBUG:colcon.colcon_core.verb:Building package 'gxs_serial_driver' with the following arguments: {'ament_cmake_args': None, 'build_base': '/home/lccc/Desktop/GXS_2024_VisionCode/build/gxs_serial_driver', 'catkin_cmake_args': None, 'catkin_skip_building_tests': False, 'cmake_args': None, 'cmake_clean_cache': False, 'cmake_clean_first': False, 'cmake_force_configure': False, 'cmake_target': None, 'cmake_target_skip_unavailable': False, 'install_base': '/home/lccc/Desktop/GXS_2024_VisionCode/install/gxs_serial_driver', 'merge_install': False, 'path': '/home/lccc/Desktop/GXS_2024_VisionCode/src/rm_serial_driver', 'symlink_install': False, 'test_result_base': None}
[0.176s] Level 5:colcon.colcon_core.verb:set package 'line_follow' build argument 'cmake_args' from command line to 'None'
[0.176s] Level 5:colcon.colcon_core.verb:set package 'line_follow' build argument 'cmake_target' from command line to 'None'
[0.176s] Level 5:colcon.colcon_core.verb:set package 'line_follow' build argument 'cmake_target_skip_unavailable' from command line to 'False'
[0.176s] Level 5:colcon.colcon_core.verb:set package 'line_follow' build argument 'cmake_clean_cache' from command line to 'False'
[0.176s] Level 5:colcon.colcon_core.verb:set package 'line_follow' build argument 'cmake_clean_first' from command line to 'False'
[0.176s] Level 5:colcon.colcon_core.verb:set package 'line_follow' build argument 'cmake_force_configure' from command line to 'False'
[0.176s] Level 5:colcon.colcon_core.verb:set package 'line_follow' build argument 'ament_cmake_args' from command line to 'None'
[0.176s] Level 5:colcon.colcon_core.verb:set package 'line_follow' build argument 'catkin_cmake_args' from command line to 'None'
[0.176s] Level 5:colcon.colcon_core.verb:set package 'line_follow' build argument 'catkin_skip_building_tests' from command line to 'False'
[0.176s] DEBUG:colcon.colcon_core.verb:Building package 'line_follow' with the following arguments: {'ament_cmake_args': None, 'build_base': '/home/lccc/Desktop/GXS_2024_VisionCode/build/line_follow', 'catkin_cmake_args': None, 'catkin_skip_building_tests': False, 'cmake_args': None, 'cmake_clean_cache': False, 'cmake_clean_first': False, 'cmake_force_configure': False, 'cmake_target': None, 'cmake_target_skip_unavailable': False, 'install_base': '/home/lccc/Desktop/GXS_2024_VisionCode/install/line_follow', 'merge_install': False, 'path': '/home/lccc/Desktop/GXS_2024_VisionCode/src/line_follow', 'symlink_install': False, 'test_result_base': None}
[0.176s] INFO:colcon.colcon_core.executor:Executing jobs using 'parallel' executor
[0.176s] DEBUG:colcon.colcon_parallel_executor.executor.parallel:run_until_complete
[0.177s] INFO:colcon.colcon_ros.task.ament_cmake.build:Building ROS package in '/home/lccc/Desktop/GXS_2024_VisionCode/src/qrmsg' with build type 'ament_cmake'
[0.177s] INFO:colcon.colcon_cmake.task.cmake.build:Building CMake package in '/home/lccc/Desktop/GXS_2024_VisionCode/src/qrmsg'
[0.178s] INFO:colcon.colcon_core.plugin_system:Skipping extension 'colcon_core.shell.bat': Not used on non-Windows systems
[0.178s] INFO:colcon.colcon_core.shell:Skip shell extension 'powershell' for command environment: Not usable outside of PowerShell
[0.178s] DEBUG:colcon.colcon_core.shell:Skip shell extension 'dsv' for command environment
[0.180s] INFO:colcon.colcon_ros.task.ament_cmake.build:Building ROS package in '/home/lccc/Desktop/GXS_2024_VisionCode/src/adjust' with build type 'ament_cmake'
[0.180s] INFO:colcon.colcon_cmake.task.cmake.build:Building CMake package in '/home/lccc/Desktop/GXS_2024_VisionCode/src/adjust'
[0.180s] INFO:colcon.colcon_core.shell:Skip shell extension 'powershell' for command environment: Not usable outside of PowerShell
[0.180s] DEBUG:colcon.colcon_core.shell:Skip shell extension 'dsv' for command environment
[0.182s] INFO:colcon.colcon_ros.task.ament_cmake.build:Building ROS package in '/home/lccc/Desktop/GXS_2024_VisionCode/src/camera_driver' with build type 'ament_cmake'
[0.182s] INFO:colcon.colcon_cmake.task.cmake.build:Building CMake package in '/home/lccc/Desktop/GXS_2024_VisionCode/src/camera_driver'
[0.182s] INFO:colcon.colcon_core.shell:Skip shell extension 'powershell' for command environment: Not usable outside of PowerShell
[0.182s] DEBUG:colcon.colcon_core.shell:Skip shell extension 'dsv' for command environment
[0.187s] DEBUG:colcon.colcon_core.event_handler.log_command:Invoking command in '/home/lccc/Desktop/GXS_2024_VisionCode/build/qrmsg': CMAKE_PREFIX_PATH=${CMAKE_PREFIX_PATH}:/opt/ros/humble /usr/bin/cmake --build /home/lccc/Desktop/GXS_2024_VisionCode/build/qrmsg -- -j16 -l16
[0.189s] DEBUG:colcon.colcon_core.event_handler.log_command:Invoking command in '/home/lccc/Desktop/GXS_2024_VisionCode/build/adjust_hsv': CMAKE_PREFIX_PATH=${CMAKE_PREFIX_PATH}:/opt/ros/humble /usr/bin/cmake --build /home/lccc/Desktop/GXS_2024_VisionCode/build/adjust_hsv -- -j16 -l16
[0.191s] DEBUG:colcon.colcon_core.event_handler.log_command:Invoking command in '/home/lccc/Desktop/GXS_2024_VisionCode/build/camera_driver': CMAKE_PREFIX_PATH=${CMAKE_PREFIX_PATH}:/opt/ros/humble /usr/bin/cmake --build /home/lccc/Desktop/GXS_2024_VisionCode/build/camera_driver -- -j16 -l16
[0.230s] DEBUG:colcon.colcon_core.event_handler.log_command:Invoked command in '/home/lccc/Desktop/GXS_2024_VisionCode/build/adjust_hsv' returned '0': CMAKE_PREFIX_PATH=${CMAKE_PREFIX_PATH}:/opt/ros/humble /usr/bin/cmake --build /home/lccc/Desktop/GXS_2024_VisionCode/build/adjust_hsv -- -j16 -l16
[0.259s] DEBUG:colcon.colcon_core.event_handler.log_command:Invoking command in '/home/lccc/Desktop/GXS_2024_VisionCode/build/adjust_hsv': CMAKE_PREFIX_PATH=${CMAKE_PREFIX_PATH}:/opt/ros/humble /usr/bin/cmake --install /home/lccc/Desktop/GXS_2024_VisionCode/build/adjust_hsv
[0.260s] DEBUG:colcon.colcon_core.event_handler.log_command:Invoked command in '/home/lccc/Desktop/GXS_2024_VisionCode/build/camera_driver' returned '0': CMAKE_PREFIX_PATH=${CMAKE_PREFIX_PATH}:/opt/ros/humble /usr/bin/cmake --build /home/lccc/Desktop/GXS_2024_VisionCode/build/camera_driver -- -j16 -l16
[0.265s] Level 1:colcon.colcon_core.environment:create_environment_scripts_only(adjust_hsv)
[0.265s] DEBUG:colcon.colcon_core.event_handler.log_command:Invoked command in '/home/lccc/Desktop/GXS_2024_VisionCode/build/adjust_hsv' returned '0': CMAKE_PREFIX_PATH=${CMAKE_PREFIX_PATH}:/opt/ros/humble /usr/bin/cmake --install /home/lccc/Desktop/GXS_2024_VisionCode/build/adjust_hsv
[0.266s] Level 1:colcon.colcon_core.environment:checking '/home/lccc/Desktop/GXS_2024_VisionCode/install/adjust_hsv' for CMake module files
[0.267s] Level 1:colcon.colcon_core.environment:checking '/home/lccc/Desktop/GXS_2024_VisionCode/install/adjust_hsv' for CMake config files
[0.267s] Level 1:colcon.colcon_core.shell:create_environment_hook('adjust_hsv', 'cmake_prefix_path')
[0.267s] INFO:colcon.colcon_core.shell:Creating environment hook '/home/lccc/Desktop/GXS_2024_VisionCode/install/adjust_hsv/share/adjust_hsv/hook/cmake_prefix_path.ps1'
[0.267s] INFO:colcon.colcon_core.shell:Creating environment descriptor '/home/lccc/Desktop/GXS_2024_VisionCode/install/adjust_hsv/share/adjust_hsv/hook/cmake_prefix_path.dsv'
[0.268s] INFO:colcon.colcon_core.shell:Creating environment hook '/home/lccc/Desktop/GXS_2024_VisionCode/install/adjust_hsv/share/adjust_hsv/hook/cmake_prefix_path.sh'
[0.268s] Level 1:colcon.colcon_core.environment:checking '/home/lccc/Desktop/GXS_2024_VisionCode/install/adjust_hsv/lib'
[0.268s] Level 1:colcon.colcon_core.environment:checking '/home/lccc/Desktop/GXS_2024_VisionCode/install/adjust_hsv/bin'
[0.268s] Level 1:colcon.colcon_core.environment:checking '/home/lccc/Desktop/GXS_2024_VisionCode/install/adjust_hsv/lib/pkgconfig/adjust_hsv.pc'
[0.268s] Level 1:colcon.colcon_core.environment:checking '/home/lccc/Desktop/GXS_2024_VisionCode/install/adjust_hsv/lib/python3.10/site-packages'
[0.269s] Level 1:colcon.colcon_core.environment:checking '/home/lccc/Desktop/GXS_2024_VisionCode/install/adjust_hsv/bin'
[0.269s] INFO:colcon.colcon_core.shell:Creating package script '/home/lccc/Desktop/GXS_2024_VisionCode/install/adjust_hsv/share/adjust_hsv/package.ps1'
[0.269s] INFO:colcon.colcon_core.shell:Creating package descriptor '/home/lccc/Desktop/GXS_2024_VisionCode/install/adjust_hsv/share/adjust_hsv/package.dsv'
[0.269s] INFO:colcon.colcon_core.shell:Creating package script '/home/lccc/Desktop/GXS_2024_VisionCode/install/adjust_hsv/share/adjust_hsv/package.sh'
[0.270s] INFO:colcon.colcon_core.shell:Creating package script '/home/lccc/Desktop/GXS_2024_VisionCode/install/adjust_hsv/share/adjust_hsv/package.bash'
[0.270s] INFO:colcon.colcon_core.shell:Creating package script '/home/lccc/Desktop/GXS_2024_VisionCode/install/adjust_hsv/share/adjust_hsv/package.zsh'
[0.271s] Level 1:colcon.colcon_core.environment:create_file_with_runtime_dependencies(/home/lccc/Desktop/GXS_2024_VisionCode/install/adjust_hsv/share/colcon-core/packages/adjust_hsv)
[0.279s] DEBUG:colcon.colcon_core.event_handler.log_command:Invoking command in '/home/lccc/Desktop/GXS_2024_VisionCode/build/camera_driver': CMAKE_PREFIX_PATH=${CMAKE_PREFIX_PATH}:/opt/ros/humble /usr/bin/cmake --install /home/lccc/Desktop/GXS_2024_VisionCode/build/camera_driver
[0.287s] Level 1:colcon.colcon_core.environment:create_environment_scripts_only(camera_driver)
[0.287s] DEBUG:colcon.colcon_core.event_handler.log_command:Invoked command in '/home/lccc/Desktop/GXS_2024_VisionCode/build/camera_driver' returned '0': CMAKE_PREFIX_PATH=${CMAKE_PREFIX_PATH}:/opt/ros/humble /usr/bin/cmake --install /home/lccc/Desktop/GXS_2024_VisionCode/build/camera_driver
[0.288s] Level 1:colcon.colcon_core.environment:checking '/home/lccc/Desktop/GXS_2024_VisionCode/install/camera_driver' for CMake module files
[0.288s] Level 1:colcon.colcon_core.environment:checking '/home/lccc/Desktop/GXS_2024_VisionCode/install/camera_driver' for CMake config files
[0.288s] Level 1:colcon.colcon_core.shell:create_environment_hook('camera_driver', 'cmake_prefix_path')
[0.289s] INFO:colcon.colcon_core.shell:Creating environment hook '/home/lccc/Desktop/GXS_2024_VisionCode/install/camera_driver/share/camera_driver/hook/cmake_prefix_path.ps1'
[0.289s] INFO:colcon.colcon_core.shell:Creating environment descriptor '/home/lccc/Desktop/GXS_2024_VisionCode/install/camera_driver/share/camera_driver/hook/cmake_prefix_path.dsv'
[0.290s] INFO:colcon.colcon_core.shell:Creating environment hook '/home/lccc/Desktop/GXS_2024_VisionCode/install/camera_driver/share/camera_driver/hook/cmake_prefix_path.sh'
[0.290s] Level 1:colcon.colcon_core.environment:checking '/home/lccc/Desktop/GXS_2024_VisionCode/install/camera_driver/lib'
[0.290s] Level 1:colcon.colcon_core.environment:checking '/home/lccc/Desktop/GXS_2024_VisionCode/install/camera_driver/bin'
[0.290s] Level 1:colcon.colcon_core.environment:checking '/home/lccc/Desktop/GXS_2024_VisionCode/install/camera_driver/lib/pkgconfig/camera_driver.pc'
[0.291s] Level 1:colcon.colcon_core.environment:checking '/home/lccc/Desktop/GXS_2024_VisionCode/install/camera_driver/lib/python3.10/site-packages'
[0.291s] Level 1:colcon.colcon_core.environment:checking '/home/lccc/Desktop/GXS_2024_VisionCode/install/camera_driver/bin'
[0.291s] INFO:colcon.colcon_core.shell:Creating package script '/home/lccc/Desktop/GXS_2024_VisionCode/install/camera_driver/share/camera_driver/package.ps1'
[0.292s] INFO:colcon.colcon_core.shell:Creating package descriptor '/home/lccc/Desktop/GXS_2024_VisionCode/install/camera_driver/share/camera_driver/package.dsv'
[0.292s] INFO:colcon.colcon_core.shell:Creating package script '/home/lccc/Desktop/GXS_2024_VisionCode/install/camera_driver/share/camera_driver/package.sh'
[0.292s] INFO:colcon.colcon_core.shell:Creating package script '/home/lccc/Desktop/GXS_2024_VisionCode/install/camera_driver/share/camera_driver/package.bash'
[0.293s] INFO:colcon.colcon_core.shell:Creating package script '/home/lccc/Desktop/GXS_2024_VisionCode/install/camera_driver/share/camera_driver/package.zsh'
[0.293s] Level 1:colcon.colcon_core.environment:create_file_with_runtime_dependencies(/home/lccc/Desktop/GXS_2024_VisionCode/install/camera_driver/share/colcon-core/packages/camera_driver)
[0.295s] Level 1:colcon.colcon_core.environment:create_environment_scripts_only(adjust_hsv)
[0.295s] Level 1:colcon.colcon_core.environment:checking '/home/lccc/Desktop/GXS_2024_VisionCode/install/adjust_hsv' for CMake module files
[0.295s] Level 1:colcon.colcon_core.environment:checking '/home/lccc/Desktop/GXS_2024_VisionCode/install/adjust_hsv' for CMake config files
[0.296s] Level 1:colcon.colcon_core.shell:create_environment_hook('adjust_hsv', 'cmake_prefix_path')
[0.296s] INFO:colcon.colcon_core.shell:Creating environment hook '/home/lccc/Desktop/GXS_2024_VisionCode/install/adjust_hsv/share/adjust_hsv/hook/cmake_prefix_path.ps1'
[0.296s] INFO:colcon.colcon_core.shell:Creating environment descriptor '/home/lccc/Desktop/GXS_2024_VisionCode/install/adjust_hsv/share/adjust_hsv/hook/cmake_prefix_path.dsv'
[0.297s] INFO:colcon.colcon_core.shell:Creating environment hook '/home/lccc/Desktop/GXS_2024_VisionCode/install/adjust_hsv/share/adjust_hsv/hook/cmake_prefix_path.sh'
[0.297s] Level 1:colcon.colcon_core.environment:checking '/home/lccc/Desktop/GXS_2024_VisionCode/install/adjust_hsv/lib'
[0.297s] Level 1:colcon.colcon_core.environment:checking '/home/lccc/Desktop/GXS_2024_VisionCode/install/adjust_hsv/bin'
[0.297s] Level 1:colcon.colcon_core.environment:checking '/home/lccc/Desktop/GXS_2024_VisionCode/install/adjust_hsv/lib/pkgconfig/adjust_hsv.pc'
[0.298s] Level 1:colcon.colcon_core.environment:checking '/home/lccc/Desktop/GXS_2024_VisionCode/install/adjust_hsv/lib/python3.10/site-packages'
[0.298s] Level 1:colcon.colcon_core.environment:checking '/home/lccc/Desktop/GXS_2024_VisionCode/install/adjust_hsv/bin'
[0.298s] INFO:colcon.colcon_core.shell:Creating package script '/home/lccc/Desktop/GXS_2024_VisionCode/install/adjust_hsv/share/adjust_hsv/package.ps1'
[0.299s] INFO:colcon.colcon_core.shell:Creating package descriptor '/home/lccc/Desktop/GXS_2024_VisionCode/install/adjust_hsv/share/adjust_hsv/package.dsv'
[0.299s] INFO:colcon.colcon_core.shell:Creating package script '/home/lccc/Desktop/GXS_2024_VisionCode/install/adjust_hsv/share/adjust_hsv/package.sh'
[0.300s] INFO:colcon.colcon_core.shell:Creating package script '/home/lccc/Desktop/GXS_2024_VisionCode/install/adjust_hsv/share/adjust_hsv/package.bash'
[0.300s] INFO:colcon.colcon_core.shell:Creating package script '/home/lccc/Desktop/GXS_2024_VisionCode/install/adjust_hsv/share/adjust_hsv/package.zsh'
[0.300s] Level 1:colcon.colcon_core.environment:create_file_with_runtime_dependencies(/home/lccc/Desktop/GXS_2024_VisionCode/install/adjust_hsv/share/colcon-core/packages/adjust_hsv)
[0.315s] Level 1:colcon.colcon_core.environment:create_environment_scripts_only(camera_driver)
[0.315s] Level 1:colcon.colcon_core.environment:checking '/home/lccc/Desktop/GXS_2024_VisionCode/install/camera_driver' for CMake module files
[0.315s] Level 1:colcon.colcon_core.environment:checking '/home/lccc/Desktop/GXS_2024_VisionCode/install/camera_driver' for CMake config files
[0.316s] Level 1:colcon.colcon_core.shell:create_environment_hook('camera_driver', 'cmake_prefix_path')
[0.316s] INFO:colcon.colcon_core.shell:Creating environment hook '/home/lccc/Desktop/GXS_2024_VisionCode/install/camera_driver/share/camera_driver/hook/cmake_prefix_path.ps1'
[0.317s] INFO:colcon.colcon_core.shell:Creating environment descriptor '/home/lccc/Desktop/GXS_2024_VisionCode/install/camera_driver/share/camera_driver/hook/cmake_prefix_path.dsv'
[0.317s] INFO:colcon.colcon_core.shell:Creating environment hook '/home/lccc/Desktop/GXS_2024_VisionCode/install/camera_driver/share/camera_driver/hook/cmake_prefix_path.sh'
[0.318s] Level 1:colcon.colcon_core.environment:checking '/home/lccc/Desktop/GXS_2024_VisionCode/install/camera_driver/lib'
[0.318s] Level 1:colcon.colcon_core.environment:checking '/home/lccc/Desktop/GXS_2024_VisionCode/install/camera_driver/bin'
[0.318s] Level 1:colcon.colcon_core.environment:checking '/home/lccc/Desktop/GXS_2024_VisionCode/install/camera_driver/lib/pkgconfig/camera_driver.pc'
[0.318s] Level 1:colcon.colcon_core.environment:checking '/home/lccc/Desktop/GXS_2024_VisionCode/install/camera_driver/lib/python3.10/site-packages'
[0.318s] Level 1:colcon.colcon_core.environment:checking '/home/lccc/Desktop/GXS_2024_VisionCode/install/camera_driver/bin'
[0.319s] INFO:colcon.colcon_core.shell:Creating package script '/home/lccc/Desktop/GXS_2024_VisionCode/install/camera_driver/share/camera_driver/package.ps1'
[0.319s] INFO:colcon.colcon_core.shell:Creating package descriptor '/home/lccc/Desktop/GXS_2024_VisionCode/install/camera_driver/share/camera_driver/package.dsv'
[0.320s] INFO:colcon.colcon_core.shell:Creating package script '/home/lccc/Desktop/GXS_2024_VisionCode/install/camera_driver/share/camera_driver/package.sh'
[0.320s] INFO:colcon.colcon_core.shell:Creating package script '/home/lccc/Desktop/GXS_2024_VisionCode/install/camera_driver/share/camera_driver/package.bash'
[0.320s] INFO:colcon.colcon_core.shell:Creating package script '/home/lccc/Desktop/GXS_2024_VisionCode/install/camera_driver/share/camera_driver/package.zsh'
[0.320s] Level 1:colcon.colcon_core.environment:create_file_with_runtime_dependencies(/home/lccc/Desktop/GXS_2024_VisionCode/install/camera_driver/share/colcon-core/packages/camera_driver)
[0.398s] DEBUG:colcon.colcon_core.event_handler.log_command:Invoked command in '/home/lccc/Desktop/GXS_2024_VisionCode/build/qrmsg' returned '0': CMAKE_PREFIX_PATH=${CMAKE_PREFIX_PATH}:/opt/ros/humble /usr/bin/cmake --build /home/lccc/Desktop/GXS_2024_VisionCode/build/qrmsg -- -j16 -l16
[0.469s] DEBUG:colcon.colcon_core.event_handler.log_command:Invoking command in '/home/lccc/Desktop/GXS_2024_VisionCode/build/qrmsg': CMAKE_PREFIX_PATH=${CMAKE_PREFIX_PATH}:/opt/ros/humble /usr/bin/cmake --install /home/lccc/Desktop/GXS_2024_VisionCode/build/qrmsg
[0.499s] Level 1:colcon.colcon_core.environment:create_environment_scripts_only(qrmsg)
[0.499s] DEBUG:colcon.colcon_core.event_handler.log_command:Invoked command in '/home/lccc/Desktop/GXS_2024_VisionCode/build/qrmsg' returned '0': CMAKE_PREFIX_PATH=${CMAKE_PREFIX_PATH}:/opt/ros/humble /usr/bin/cmake --install /home/lccc/Desktop/GXS_2024_VisionCode/build/qrmsg
[0.499s] Level 1:colcon.colcon_core.environment:checking '/home/lccc/Desktop/GXS_2024_VisionCode/install/qrmsg' for CMake module files
[0.500s] Level 1:colcon.colcon_core.environment:checking '/home/lccc/Desktop/GXS_2024_VisionCode/install/qrmsg' for CMake config files
[0.500s] Level 1:colcon.colcon_core.shell:create_environment_hook('qrmsg', 'cmake_prefix_path')
[0.500s] INFO:colcon.colcon_core.shell:Creating environment hook '/home/lccc/Desktop/GXS_2024_VisionCode/install/qrmsg/share/qrmsg/hook/cmake_prefix_path.ps1'
[0.500s] INFO:colcon.colcon_core.shell:Creating environment descriptor '/home/lccc/Desktop/GXS_2024_VisionCode/install/qrmsg/share/qrmsg/hook/cmake_prefix_path.dsv'
[0.500s] INFO:colcon.colcon_core.shell:Creating environment hook '/home/lccc/Desktop/GXS_2024_VisionCode/install/qrmsg/share/qrmsg/hook/cmake_prefix_path.sh'
[0.501s] Level 1:colcon.colcon_core.environment:checking '/home/lccc/Desktop/GXS_2024_VisionCode/install/qrmsg/lib'
[0.501s] Level 1:colcon.colcon_core.shell:create_environment_hook('qrmsg', 'ld_library_path_lib')
[0.501s] INFO:colcon.colcon_core.shell:Creating environment hook '/home/lccc/Desktop/GXS_2024_VisionCode/install/qrmsg/share/qrmsg/hook/ld_library_path_lib.ps1'
[0.501s] INFO:colcon.colcon_core.shell:Creating environment descriptor '/home/lccc/Desktop/GXS_2024_VisionCode/install/qrmsg/share/qrmsg/hook/ld_library_path_lib.dsv'
[0.501s] INFO:colcon.colcon_core.shell:Creating environment hook '/home/lccc/Desktop/GXS_2024_VisionCode/install/qrmsg/share/qrmsg/hook/ld_library_path_lib.sh'
[0.501s] Level 1:colcon.colcon_core.environment:checking '/home/lccc/Desktop/GXS_2024_VisionCode/install/qrmsg/bin'
[0.501s] Level 1:colcon.colcon_core.environment:checking '/home/lccc/Desktop/GXS_2024_VisionCode/install/qrmsg/lib/pkgconfig/qrmsg.pc'
[0.502s] Level 1:colcon.colcon_core.environment:checking '/home/lccc/Desktop/GXS_2024_VisionCode/install/qrmsg/lib/python3.10/site-packages'
[0.502s] Level 1:colcon.colcon_core.environment:checking '/home/lccc/Desktop/GXS_2024_VisionCode/install/qrmsg/bin'
[0.502s] INFO:colcon.colcon_core.shell:Creating package script '/home/lccc/Desktop/GXS_2024_VisionCode/install/qrmsg/share/qrmsg/package.ps1'
[0.502s] INFO:colcon.colcon_core.shell:Creating package descriptor '/home/lccc/Desktop/GXS_2024_VisionCode/install/qrmsg/share/qrmsg/package.dsv'
[0.502s] INFO:colcon.colcon_core.shell:Creating package script '/home/lccc/Desktop/GXS_2024_VisionCode/install/qrmsg/share/qrmsg/package.sh'
[0.503s] INFO:colcon.colcon_core.shell:Creating package script '/home/lccc/Desktop/GXS_2024_VisionCode/install/qrmsg/share/qrmsg/package.bash'
[0.503s] INFO:colcon.colcon_core.shell:Creating package script '/home/lccc/Desktop/GXS_2024_VisionCode/install/qrmsg/share/qrmsg/package.zsh'
[0.503s] Level 1:colcon.colcon_core.environment:create_file_with_runtime_dependencies(/home/lccc/Desktop/GXS_2024_VisionCode/install/qrmsg/share/colcon-core/packages/qrmsg)
[0.576s] Level 1:colcon.colcon_core.environment:create_environment_scripts_only(qrmsg)
[0.576s] Level 1:colcon.colcon_core.environment:checking '/home/lccc/Desktop/GXS_2024_VisionCode/install/qrmsg' for CMake module files
[0.577s] Level 1:colcon.colcon_core.environment:checking '/home/lccc/Desktop/GXS_2024_VisionCode/install/qrmsg' for CMake config files
[0.577s] Level 1:colcon.colcon_core.shell:create_environment_hook('qrmsg', 'cmake_prefix_path')
[0.577s] INFO:colcon.colcon_core.shell:Creating environment hook '/home/lccc/Desktop/GXS_2024_VisionCode/install/qrmsg/share/qrmsg/hook/cmake_prefix_path.ps1'
[0.578s] INFO:colcon.colcon_core.shell:Creating environment descriptor '/home/lccc/Desktop/GXS_2024_VisionCode/install/qrmsg/share/qrmsg/hook/cmake_prefix_path.dsv'
[0.578s] INFO:colcon.colcon_core.shell:Creating environment hook '/home/lccc/Desktop/GXS_2024_VisionCode/install/qrmsg/share/qrmsg/hook/cmake_prefix_path.sh'
[0.578s] Level 1:colcon.colcon_core.environment:checking '/home/lccc/Desktop/GXS_2024_VisionCode/install/qrmsg/lib'
[0.578s] Level 1:colcon.colcon_core.shell:create_environment_hook('qrmsg', 'ld_library_path_lib')
[0.578s] INFO:colcon.colcon_core.shell:Creating environment hook '/home/lccc/Desktop/GXS_2024_VisionCode/install/qrmsg/share/qrmsg/hook/ld_library_path_lib.ps1'
[0.578s] INFO:colcon.colcon_core.shell:Creating environment descriptor '/home/lccc/Desktop/GXS_2024_VisionCode/install/qrmsg/share/qrmsg/hook/ld_library_path_lib.dsv'
[0.579s] INFO:colcon.colcon_core.shell:Creating environment hook '/home/lccc/Desktop/GXS_2024_VisionCode/install/qrmsg/share/qrmsg/hook/ld_library_path_lib.sh'
[0.579s] Level 1:colcon.colcon_core.environment:checking '/home/lccc/Desktop/GXS_2024_VisionCode/install/qrmsg/bin'
[0.579s] Level 1:colcon.colcon_core.environment:checking '/home/lccc/Desktop/GXS_2024_VisionCode/install/qrmsg/lib/pkgconfig/qrmsg.pc'
[0.579s] Level 1:colcon.colcon_core.environment:checking '/home/lccc/Desktop/GXS_2024_VisionCode/install/qrmsg/lib/python3.10/site-packages'
[0.579s] Level 1:colcon.colcon_core.environment:checking '/home/lccc/Desktop/GXS_2024_VisionCode/install/qrmsg/bin'
[0.579s] INFO:colcon.colcon_core.shell:Creating package script '/home/lccc/Desktop/GXS_2024_VisionCode/install/qrmsg/share/qrmsg/package.ps1'
[0.580s] INFO:colcon.colcon_core.shell:Creating package descriptor '/home/lccc/Desktop/GXS_2024_VisionCode/install/qrmsg/share/qrmsg/package.dsv'
[0.580s] INFO:colcon.colcon_core.shell:Creating package script '/home/lccc/Desktop/GXS_2024_VisionCode/install/qrmsg/share/qrmsg/package.sh'
[0.580s] INFO:colcon.colcon_core.shell:Creating package script '/home/lccc/Desktop/GXS_2024_VisionCode/install/qrmsg/share/qrmsg/package.bash'
[0.580s] INFO:colcon.colcon_core.shell:Creating package script '/home/lccc/Desktop/GXS_2024_VisionCode/install/qrmsg/share/qrmsg/package.zsh'
[0.581s] Level 1:colcon.colcon_core.environment:create_file_with_runtime_dependencies(/home/lccc/Desktop/GXS_2024_VisionCode/install/qrmsg/share/colcon-core/packages/qrmsg)
[0.581s] INFO:colcon.colcon_ros.task.ament_cmake.build:Building ROS package in '/home/lccc/Desktop/GXS_2024_VisionCode/src/binary_detector' with build type 'ament_cmake'
[0.581s] INFO:colcon.colcon_cmake.task.cmake.build:Building CMake package in '/home/lccc/Desktop/GXS_2024_VisionCode/src/binary_detector'
[0.581s] INFO:colcon.colcon_core.shell:Skip shell extension 'powershell' for command environment: Not usable outside of PowerShell
[0.581s] DEBUG:colcon.colcon_core.shell:Skip shell extension 'dsv' for command environment
[0.583s] INFO:colcon.colcon_ros.task.ament_cmake.build:Building ROS package in '/home/lccc/Desktop/GXS_2024_VisionCode/src/colorblock_detector' with build type 'ament_cmake'
[0.583s] INFO:colcon.colcon_cmake.task.cmake.build:Building CMake package in '/home/lccc/Desktop/GXS_2024_VisionCode/src/colorblock_detector'
[0.583s] INFO:colcon.colcon_core.shell:Skip shell extension 'powershell' for command environment: Not usable outside of PowerShell
[0.583s] DEBUG:colcon.colcon_core.shell:Skip shell extension 'dsv' for command environment
[0.585s] INFO:colcon.colcon_ros.task.ament_cmake.build:Building ROS package in '/home/lccc/Desktop/GXS_2024_VisionCode/src/rm_serial_driver' with build type 'ament_cmake'
[0.585s] INFO:colcon.colcon_cmake.task.cmake.build:Building CMake package in '/home/lccc/Desktop/GXS_2024_VisionCode/src/rm_serial_driver'
[0.586s] INFO:colcon.colcon_core.shell:Skip shell extension 'powershell' for command environment: Not usable outside of PowerShell
[0.586s] DEBUG:colcon.colcon_core.shell:Skip shell extension 'dsv' for command environment
[0.587s] INFO:colcon.colcon_ros.task.ament_cmake.build:Building ROS package in '/home/lccc/Desktop/GXS_2024_VisionCode/src/line_follow' with build type 'ament_cmake'
[0.587s] INFO:colcon.colcon_cmake.task.cmake.build:Building CMake package in '/home/lccc/Desktop/GXS_2024_VisionCode/src/line_follow'
[0.588s] INFO:colcon.colcon_core.shell:Skip shell extension 'powershell' for command environment: Not usable outside of PowerShell
[0.588s] DEBUG:colcon.colcon_core.shell:Skip shell extension 'dsv' for command environment
[0.592s] DEBUG:colcon.colcon_core.event_handler.log_command:Invoking command in '/home/lccc/Desktop/GXS_2024_VisionCode/build/binary_detector': CMAKE_PREFIX_PATH=/home/lccc/Desktop/GXS_2024_VisionCode/install/qrmsg:/home/lccc/Desktop/GXS_2024_VisionCode/install/line_follow:/home/lccc/Desktop/GXS_2024_VisionCode/install/gxs_serial_driver:/home/lccc/Desktop/GXS_2024_VisionCode/install/colorblock_detector:/home/lccc/Desktop/GXS_2024_VisionCode/install/binary_detector:/home/lccc/Desktop/GXS_2024_VisionCode/install/camera_driver:/home/lccc/Desktop/GXS_2024_VisionCode/install/adjust_hsv:/opt/ros/humble LD_LIBRARY_PATH=/home/lccc/Desktop/GXS_2024_VisionCode/install/qrmsg/lib:/home/lccc/Desktop/GXS_2024_VisionCode/install/gxs_serial_driver/lib:/opt/ros/humble/opt/rviz_ogre_vendor/lib:/opt/ros/humble/lib/x86_64-linux-gnu:/opt/ros/humble/lib /usr/bin/cmake --build /home/lccc/Desktop/GXS_2024_VisionCode/build/binary_detector -- -j16 -l16
[0.594s] DEBUG:colcon.colcon_core.event_handler.log_command:Invoking command in '/home/lccc/Desktop/GXS_2024_VisionCode/build/colorblock_detector': CMAKE_PREFIX_PATH=/home/lccc/Desktop/GXS_2024_VisionCode/install/qrmsg:/home/lccc/Desktop/GXS_2024_VisionCode/install/line_follow:/home/lccc/Desktop/GXS_2024_VisionCode/install/gxs_serial_driver:/home/lccc/Desktop/GXS_2024_VisionCode/install/colorblock_detector:/home/lccc/Desktop/GXS_2024_VisionCode/install/binary_detector:/home/lccc/Desktop/GXS_2024_VisionCode/install/camera_driver:/home/lccc/Desktop/GXS_2024_VisionCode/install/adjust_hsv:/opt/ros/humble LD_LIBRARY_PATH=/home/lccc/Desktop/GXS_2024_VisionCode/install/qrmsg/lib:/home/lccc/Desktop/GXS_2024_VisionCode/install/gxs_serial_driver/lib:/opt/ros/humble/opt/rviz_ogre_vendor/lib:/opt/ros/humble/lib/x86_64-linux-gnu:/opt/ros/humble/lib /usr/bin/cmake --build /home/lccc/Desktop/GXS_2024_VisionCode/build/colorblock_detector -- -j16 -l16
[0.596s] DEBUG:colcon.colcon_core.event_handler.log_command:Invoking command in '/home/lccc/Desktop/GXS_2024_VisionCode/build/gxs_serial_driver': CMAKE_PREFIX_PATH=/home/lccc/Desktop/GXS_2024_VisionCode/install/qrmsg:/home/lccc/Desktop/GXS_2024_VisionCode/install/line_follow:/home/lccc/Desktop/GXS_2024_VisionCode/install/gxs_serial_driver:/home/lccc/Desktop/GXS_2024_VisionCode/install/colorblock_detector:/home/lccc/Desktop/GXS_2024_VisionCode/install/binary_detector:/home/lccc/Desktop/GXS_2024_VisionCode/install/camera_driver:/home/lccc/Desktop/GXS_2024_VisionCode/install/adjust_hsv:/opt/ros/humble LD_LIBRARY_PATH=/home/lccc/Desktop/GXS_2024_VisionCode/install/qrmsg/lib:/home/lccc/Desktop/GXS_2024_VisionCode/install/gxs_serial_driver/lib:/opt/ros/humble/opt/rviz_ogre_vendor/lib:/opt/ros/humble/lib/x86_64-linux-gnu:/opt/ros/humble/lib /usr/bin/cmake --build /home/lccc/Desktop/GXS_2024_VisionCode/build/gxs_serial_driver -- -j16 -l16
[0.598s] DEBUG:colcon.colcon_core.event_handler.log_command:Invoking command in '/home/lccc/Desktop/GXS_2024_VisionCode/build/line_follow': CMAKE_PREFIX_PATH=/home/lccc/Desktop/GXS_2024_VisionCode/install/qrmsg:/home/lccc/Desktop/GXS_2024_VisionCode/install/line_follow:/home/lccc/Desktop/GXS_2024_VisionCode/install/gxs_serial_driver:/home/lccc/Desktop/GXS_2024_VisionCode/install/colorblock_detector:/home/lccc/Desktop/GXS_2024_VisionCode/install/binary_detector:/home/lccc/Desktop/GXS_2024_VisionCode/install/camera_driver:/home/lccc/Desktop/GXS_2024_VisionCode/install/adjust_hsv:/opt/ros/humble LD_LIBRARY_PATH=/home/lccc/Desktop/GXS_2024_VisionCode/install/qrmsg/lib:/home/lccc/Desktop/GXS_2024_VisionCode/install/gxs_serial_driver/lib:/opt/ros/humble/opt/rviz_ogre_vendor/lib:/opt/ros/humble/lib/x86_64-linux-gnu:/opt/ros/humble/lib /usr/bin/cmake --build /home/lccc/Desktop/GXS_2024_VisionCode/build/line_follow -- -j16 -l16
[0.643s] DEBUG:colcon.colcon_core.event_handler.log_command:Invoked command in '/home/lccc/Desktop/GXS_2024_VisionCode/build/colorblock_detector' returned '0': CMAKE_PREFIX_PATH=/home/lccc/Desktop/GXS_2024_VisionCode/install/qrmsg:/home/lccc/Desktop/GXS_2024_VisionCode/install/line_follow:/home/lccc/Desktop/GXS_2024_VisionCode/install/gxs_serial_driver:/home/lccc/Desktop/GXS_2024_VisionCode/install/colorblock_detector:/home/lccc/Desktop/GXS_2024_VisionCode/install/binary_detector:/home/lccc/Desktop/GXS_2024_VisionCode/install/camera_driver:/home/lccc/Desktop/GXS_2024_VisionCode/install/adjust_hsv:/opt/ros/humble LD_LIBRARY_PATH=/home/lccc/Desktop/GXS_2024_VisionCode/install/qrmsg/lib:/home/lccc/Desktop/GXS_2024_VisionCode/install/gxs_serial_driver/lib:/opt/ros/humble/opt/rviz_ogre_vendor/lib:/opt/ros/humble/lib/x86_64-linux-gnu:/opt/ros/humble/lib /usr/bin/cmake --build /home/lccc/Desktop/GXS_2024_VisionCode/build/colorblock_detector -- -j16 -l16
[0.644s] DEBUG:colcon.colcon_core.event_handler.log_command:Invoked command in '/home/lccc/Desktop/GXS_2024_VisionCode/build/gxs_serial_driver' returned '0': CMAKE_PREFIX_PATH=/home/lccc/Desktop/GXS_2024_VisionCode/install/qrmsg:/home/lccc/Desktop/GXS_2024_VisionCode/install/line_follow:/home/lccc/Desktop/GXS_2024_VisionCode/install/gxs_serial_driver:/home/lccc/Desktop/GXS_2024_VisionCode/install/colorblock_detector:/home/lccc/Desktop/GXS_2024_VisionCode/install/binary_detector:/home/lccc/Desktop/GXS_2024_VisionCode/install/camera_driver:/home/lccc/Desktop/GXS_2024_VisionCode/install/adjust_hsv:/opt/ros/humble LD_LIBRARY_PATH=/home/lccc/Desktop/GXS_2024_VisionCode/install/qrmsg/lib:/home/lccc/Desktop/GXS_2024_VisionCode/install/gxs_serial_driver/lib:/opt/ros/humble/opt/rviz_ogre_vendor/lib:/opt/ros/humble/lib/x86_64-linux-gnu:/opt/ros/humble/lib /usr/bin/cmake --build /home/lccc/Desktop/GXS_2024_VisionCode/build/gxs_serial_driver -- -j16 -l16
[0.646s] DEBUG:colcon.colcon_core.event_handler.log_command:Invoked command in '/home/lccc/Desktop/GXS_2024_VisionCode/build/line_follow' returned '0': CMAKE_PREFIX_PATH=/home/lccc/Desktop/GXS_2024_VisionCode/install/qrmsg:/home/lccc/Desktop/GXS_2024_VisionCode/install/line_follow:/home/lccc/Desktop/GXS_2024_VisionCode/install/gxs_serial_driver:/home/lccc/Desktop/GXS_2024_VisionCode/install/colorblock_detector:/home/lccc/Desktop/GXS_2024_VisionCode/install/binary_detector:/home/lccc/Desktop/GXS_2024_VisionCode/install/camera_driver:/home/lccc/Desktop/GXS_2024_VisionCode/install/adjust_hsv:/opt/ros/humble LD_LIBRARY_PATH=/home/lccc/Desktop/GXS_2024_VisionCode/install/qrmsg/lib:/home/lccc/Desktop/GXS_2024_VisionCode/install/gxs_serial_driver/lib:/opt/ros/humble/opt/rviz_ogre_vendor/lib:/opt/ros/humble/lib/x86_64-linux-gnu:/opt/ros/humble/lib /usr/bin/cmake --build /home/lccc/Desktop/GXS_2024_VisionCode/build/line_follow -- -j16 -l16
[0.661s] DEBUG:colcon.colcon_core.event_handler.log_command:Invoked command in '/home/lccc/Desktop/GXS_2024_VisionCode/build/binary_detector' returned '0': CMAKE_PREFIX_PATH=/home/lccc/Desktop/GXS_2024_VisionCode/install/qrmsg:/home/lccc/Desktop/GXS_2024_VisionCode/install/line_follow:/home/lccc/Desktop/GXS_2024_VisionCode/install/gxs_serial_driver:/home/lccc/Desktop/GXS_2024_VisionCode/install/colorblock_detector:/home/lccc/Desktop/GXS_2024_VisionCode/install/binary_detector:/home/lccc/Desktop/GXS_2024_VisionCode/install/camera_driver:/home/lccc/Desktop/GXS_2024_VisionCode/install/adjust_hsv:/opt/ros/humble LD_LIBRARY_PATH=/home/lccc/Desktop/GXS_2024_VisionCode/install/qrmsg/lib:/home/lccc/Desktop/GXS_2024_VisionCode/install/gxs_serial_driver/lib:/opt/ros/humble/opt/rviz_ogre_vendor/lib:/opt/ros/humble/lib/x86_64-linux-gnu:/opt/ros/humble/lib /usr/bin/cmake --build /home/lccc/Desktop/GXS_2024_VisionCode/build/binary_detector -- -j16 -l16
[0.663s] DEBUG:colcon.colcon_core.event_handler.log_command:Invoking command in '/home/lccc/Desktop/GXS_2024_VisionCode/build/colorblock_detector': CMAKE_PREFIX_PATH=/home/lccc/Desktop/GXS_2024_VisionCode/install/qrmsg:/home/lccc/Desktop/GXS_2024_VisionCode/install/line_follow:/home/lccc/Desktop/GXS_2024_VisionCode/install/gxs_serial_driver:/home/lccc/Desktop/GXS_2024_VisionCode/install/colorblock_detector:/home/lccc/Desktop/GXS_2024_VisionCode/install/binary_detector:/home/lccc/Desktop/GXS_2024_VisionCode/install/camera_driver:/home/lccc/Desktop/GXS_2024_VisionCode/install/adjust_hsv:/opt/ros/humble LD_LIBRARY_PATH=/home/lccc/Desktop/GXS_2024_VisionCode/install/qrmsg/lib:/home/lccc/Desktop/GXS_2024_VisionCode/install/gxs_serial_driver/lib:/opt/ros/humble/opt/rviz_ogre_vendor/lib:/opt/ros/humble/lib/x86_64-linux-gnu:/opt/ros/humble/lib /usr/bin/cmake --install /home/lccc/Desktop/GXS_2024_VisionCode/build/colorblock_detector
[0.665s] DEBUG:colcon.colcon_core.event_handler.log_command:Invoking command in '/home/lccc/Desktop/GXS_2024_VisionCode/build/line_follow': CMAKE_PREFIX_PATH=/home/lccc/Desktop/GXS_2024_VisionCode/install/qrmsg:/home/lccc/Desktop/GXS_2024_VisionCode/install/line_follow:/home/lccc/Desktop/GXS_2024_VisionCode/install/gxs_serial_driver:/home/lccc/Desktop/GXS_2024_VisionCode/install/colorblock_detector:/home/lccc/Desktop/GXS_2024_VisionCode/install/binary_detector:/home/lccc/Desktop/GXS_2024_VisionCode/install/camera_driver:/home/lccc/Desktop/GXS_2024_VisionCode/install/adjust_hsv:/opt/ros/humble LD_LIBRARY_PATH=/home/lccc/Desktop/GXS_2024_VisionCode/install/qrmsg/lib:/home/lccc/Desktop/GXS_2024_VisionCode/install/gxs_serial_driver/lib:/opt/ros/humble/opt/rviz_ogre_vendor/lib:/opt/ros/humble/lib/x86_64-linux-gnu:/opt/ros/humble/lib /usr/bin/cmake --install /home/lccc/Desktop/GXS_2024_VisionCode/build/line_follow
[0.671s] DEBUG:colcon.colcon_core.event_handler.log_command:Invoking command in '/home/lccc/Desktop/GXS_2024_VisionCode/build/gxs_serial_driver': CMAKE_PREFIX_PATH=/home/lccc/Desktop/GXS_2024_VisionCode/install/qrmsg:/home/lccc/Desktop/GXS_2024_VisionCode/install/line_follow:/home/lccc/Desktop/GXS_2024_VisionCode/install/gxs_serial_driver:/home/lccc/Desktop/GXS_2024_VisionCode/install/colorblock_detector:/home/lccc/Desktop/GXS_2024_VisionCode/install/binary_detector:/home/lccc/Desktop/GXS_2024_VisionCode/install/camera_driver:/home/lccc/Desktop/GXS_2024_VisionCode/install/adjust_hsv:/opt/ros/humble LD_LIBRARY_PATH=/home/lccc/Desktop/GXS_2024_VisionCode/install/qrmsg/lib:/home/lccc/Desktop/GXS_2024_VisionCode/install/gxs_serial_driver/lib:/opt/ros/humble/opt/rviz_ogre_vendor/lib:/opt/ros/humble/lib/x86_64-linux-gnu:/opt/ros/humble/lib /usr/bin/cmake --install /home/lccc/Desktop/GXS_2024_VisionCode/build/gxs_serial_driver
[0.671s] Level 1:colcon.colcon_core.environment:create_environment_scripts_only(colorblock_detector)
[0.671s] DEBUG:colcon.colcon_core.event_handler.log_command:Invoked command in '/home/lccc/Desktop/GXS_2024_VisionCode/build/colorblock_detector' returned '0': CMAKE_PREFIX_PATH=/home/lccc/Desktop/GXS_2024_VisionCode/install/qrmsg:/home/lccc/Desktop/GXS_2024_VisionCode/install/line_follow:/home/lccc/Desktop/GXS_2024_VisionCode/install/gxs_serial_driver:/home/lccc/Desktop/GXS_2024_VisionCode/install/colorblock_detector:/home/lccc/Desktop/GXS_2024_VisionCode/install/binary_detector:/home/lccc/Desktop/GXS_2024_VisionCode/install/camera_driver:/home/lccc/Desktop/GXS_2024_VisionCode/install/adjust_hsv:/opt/ros/humble LD_LIBRARY_PATH=/home/lccc/Desktop/GXS_2024_VisionCode/install/qrmsg/lib:/home/lccc/Desktop/GXS_2024_VisionCode/install/gxs_serial_driver/lib:/opt/ros/humble/opt/rviz_ogre_vendor/lib:/opt/ros/humble/lib/x86_64-linux-gnu:/opt/ros/humble/lib /usr/bin/cmake --install /home/lccc/Desktop/GXS_2024_VisionCode/build/colorblock_detector
[0.671s] Level 1:colcon.colcon_core.environment:checking '/home/lccc/Desktop/GXS_2024_VisionCode/install/colorblock_detector' for CMake module files
[0.673s] Level 1:colcon.colcon_core.environment:checking '/home/lccc/Desktop/GXS_2024_VisionCode/install/colorblock_detector' for CMake config files
[0.674s] Level 1:colcon.colcon_core.shell:create_environment_hook('colorblock_detector', 'cmake_prefix_path')
[0.674s] INFO:colcon.colcon_core.shell:Creating environment hook '/home/lccc/Desktop/GXS_2024_VisionCode/install/colorblock_detector/share/colorblock_detector/hook/cmake_prefix_path.ps1'
[0.674s] INFO:colcon.colcon_core.shell:Creating environment descriptor '/home/lccc/Desktop/GXS_2024_VisionCode/install/colorblock_detector/share/colorblock_detector/hook/cmake_prefix_path.dsv'
[0.677s] INFO:colcon.colcon_core.shell:Creating environment hook '/home/lccc/Desktop/GXS_2024_VisionCode/install/colorblock_detector/share/colorblock_detector/hook/cmake_prefix_path.sh'
[0.678s] Level 1:colcon.colcon_core.environment:checking '/home/lccc/Desktop/GXS_2024_VisionCode/install/colorblock_detector/lib'
[0.678s] Level 1:colcon.colcon_core.environment:checking '/home/lccc/Desktop/GXS_2024_VisionCode/install/colorblock_detector/bin'
[0.678s] Level 1:colcon.colcon_core.environment:checking '/home/lccc/Desktop/GXS_2024_VisionCode/install/colorblock_detector/lib/pkgconfig/colorblock_detector.pc'
[0.678s] Level 1:colcon.colcon_core.environment:checking '/home/lccc/Desktop/GXS_2024_VisionCode/install/colorblock_detector/lib/python3.10/site-packages'
[0.679s] Level 1:colcon.colcon_core.environment:checking '/home/lccc/Desktop/GXS_2024_VisionCode/install/colorblock_detector/bin'
[0.679s] INFO:colcon.colcon_core.shell:Creating package script '/home/lccc/Desktop/GXS_2024_VisionCode/install/colorblock_detector/share/colorblock_detector/package.ps1'
[0.679s] INFO:colcon.colcon_core.shell:Creating package descriptor '/home/lccc/Desktop/GXS_2024_VisionCode/install/colorblock_detector/share/colorblock_detector/package.dsv'
[0.680s] INFO:colcon.colcon_core.shell:Creating package script '/home/lccc/Desktop/GXS_2024_VisionCode/install/colorblock_detector/share/colorblock_detector/package.sh'
[0.680s] INFO:colcon.colcon_core.shell:Creating package script '/home/lccc/Desktop/GXS_2024_VisionCode/install/colorblock_detector/share/colorblock_detector/package.bash'
[0.680s] INFO:colcon.colcon_core.shell:Creating package script '/home/lccc/Desktop/GXS_2024_VisionCode/install/colorblock_detector/share/colorblock_detector/package.zsh'
[0.681s] Level 1:colcon.colcon_core.environment:create_file_with_runtime_dependencies(/home/lccc/Desktop/GXS_2024_VisionCode/install/colorblock_detector/share/colcon-core/packages/colorblock_detector)
[0.683s] DEBUG:colcon.colcon_core.event_handler.log_command:Invoking command in '/home/lccc/Desktop/GXS_2024_VisionCode/build/binary_detector': CMAKE_PREFIX_PATH=/home/lccc/Desktop/GXS_2024_VisionCode/install/qrmsg:/home/lccc/Desktop/GXS_2024_VisionCode/install/line_follow:/home/lccc/Desktop/GXS_2024_VisionCode/install/gxs_serial_driver:/home/lccc/Desktop/GXS_2024_VisionCode/install/colorblock_detector:/home/lccc/Desktop/GXS_2024_VisionCode/install/binary_detector:/home/lccc/Desktop/GXS_2024_VisionCode/install/camera_driver:/home/lccc/Desktop/GXS_2024_VisionCode/install/adjust_hsv:/opt/ros/humble LD_LIBRARY_PATH=/home/lccc/Desktop/GXS_2024_VisionCode/install/qrmsg/lib:/home/lccc/Desktop/GXS_2024_VisionCode/install/gxs_serial_driver/lib:/opt/ros/humble/opt/rviz_ogre_vendor/lib:/opt/ros/humble/lib/x86_64-linux-gnu:/opt/ros/humble/lib /usr/bin/cmake --install /home/lccc/Desktop/GXS_2024_VisionCode/build/binary_detector
[0.684s] Level 1:colcon.colcon_core.environment:create_environment_scripts_only(gxs_serial_driver)
[0.684s] Level 1:colcon.colcon_core.environment:checking '/home/lccc/Desktop/GXS_2024_VisionCode/install/gxs_serial_driver' for CMake module files
[0.684s] DEBUG:colcon.colcon_core.event_handler.log_command:Invoked command in '/home/lccc/Desktop/GXS_2024_VisionCode/build/gxs_serial_driver' returned '0': CMAKE_PREFIX_PATH=/home/lccc/Desktop/GXS_2024_VisionCode/install/qrmsg:/home/lccc/Desktop/GXS_2024_VisionCode/install/line_follow:/home/lccc/Desktop/GXS_2024_VisionCode/install/gxs_serial_driver:/home/lccc/Desktop/GXS_2024_VisionCode/install/colorblock_detector:/home/lccc/Desktop/GXS_2024_VisionCode/install/binary_detector:/home/lccc/Desktop/GXS_2024_VisionCode/install/camera_driver:/home/lccc/Desktop/GXS_2024_VisionCode/install/adjust_hsv:/opt/ros/humble LD_LIBRARY_PATH=/home/lccc/Desktop/GXS_2024_VisionCode/install/qrmsg/lib:/home/lccc/Desktop/GXS_2024_VisionCode/install/gxs_serial_driver/lib:/opt/ros/humble/opt/rviz_ogre_vendor/lib:/opt/ros/humble/lib/x86_64-linux-gnu:/opt/ros/humble/lib /usr/bin/cmake --install /home/lccc/Desktop/GXS_2024_VisionCode/build/gxs_serial_driver
[0.685s] Level 1:colcon.colcon_core.environment:checking '/home/lccc/Desktop/GXS_2024_VisionCode/install/gxs_serial_driver' for CMake config files
[0.685s] Level 1:colcon.colcon_core.shell:create_environment_hook('gxs_serial_driver', 'cmake_prefix_path')
[0.685s] INFO:colcon.colcon_core.shell:Creating environment hook '/home/lccc/Desktop/GXS_2024_VisionCode/install/gxs_serial_driver/share/gxs_serial_driver/hook/cmake_prefix_path.ps1'
[0.686s] INFO:colcon.colcon_core.shell:Creating environment descriptor '/home/lccc/Desktop/GXS_2024_VisionCode/install/gxs_serial_driver/share/gxs_serial_driver/hook/cmake_prefix_path.dsv'
[0.686s] INFO:colcon.colcon_core.shell:Creating environment hook '/home/lccc/Desktop/GXS_2024_VisionCode/install/gxs_serial_driver/share/gxs_serial_driver/hook/cmake_prefix_path.sh'
[0.686s] Level 1:colcon.colcon_core.environment:checking '/home/lccc/Desktop/GXS_2024_VisionCode/install/gxs_serial_driver/lib'
[0.686s] Level 1:colcon.colcon_core.shell:create_environment_hook('gxs_serial_driver', 'ld_library_path_lib')
[0.687s] INFO:colcon.colcon_core.shell:Creating environment hook '/home/lccc/Desktop/GXS_2024_VisionCode/install/gxs_serial_driver/share/gxs_serial_driver/hook/ld_library_path_lib.ps1'
[0.687s] INFO:colcon.colcon_core.shell:Creating environment descriptor '/home/lccc/Desktop/GXS_2024_VisionCode/install/gxs_serial_driver/share/gxs_serial_driver/hook/ld_library_path_lib.dsv'
[0.687s] INFO:colcon.colcon_core.shell:Creating environment hook '/home/lccc/Desktop/GXS_2024_VisionCode/install/gxs_serial_driver/share/gxs_serial_driver/hook/ld_library_path_lib.sh'
[0.688s] Level 1:colcon.colcon_core.environment:checking '/home/lccc/Desktop/GXS_2024_VisionCode/install/gxs_serial_driver/bin'
[0.688s] Level 1:colcon.colcon_core.environment:checking '/home/lccc/Desktop/GXS_2024_VisionCode/install/gxs_serial_driver/lib/pkgconfig/gxs_serial_driver.pc'
[0.688s] Level 1:colcon.colcon_core.environment:checking '/home/lccc/Desktop/GXS_2024_VisionCode/install/gxs_serial_driver/lib/python3.10/site-packages'
[0.688s] Level 1:colcon.colcon_core.environment:checking '/home/lccc/Desktop/GXS_2024_VisionCode/install/gxs_serial_driver/bin'
[0.688s] INFO:colcon.colcon_core.shell:Creating package script '/home/lccc/Desktop/GXS_2024_VisionCode/install/gxs_serial_driver/share/gxs_serial_driver/package.ps1'
[0.688s] INFO:colcon.colcon_core.shell:Creating package descriptor '/home/lccc/Desktop/GXS_2024_VisionCode/install/gxs_serial_driver/share/gxs_serial_driver/package.dsv'
[0.689s] INFO:colcon.colcon_core.shell:Creating package script '/home/lccc/Desktop/GXS_2024_VisionCode/install/gxs_serial_driver/share/gxs_serial_driver/package.sh'
[0.690s] INFO:colcon.colcon_core.shell:Creating package script '/home/lccc/Desktop/GXS_2024_VisionCode/install/gxs_serial_driver/share/gxs_serial_driver/package.bash'
[0.691s] INFO:colcon.colcon_core.shell:Creating package script '/home/lccc/Desktop/GXS_2024_VisionCode/install/gxs_serial_driver/share/gxs_serial_driver/package.zsh'
[0.691s] Level 1:colcon.colcon_core.environment:create_file_with_runtime_dependencies(/home/lccc/Desktop/GXS_2024_VisionCode/install/gxs_serial_driver/share/colcon-core/packages/gxs_serial_driver)
[0.692s] Level 1:colcon.colcon_core.environment:create_environment_scripts_only(line_follow)
[0.692s] Level 1:colcon.colcon_core.environment:checking '/home/lccc/Desktop/GXS_2024_VisionCode/install/line_follow' for CMake module files
[0.693s] DEBUG:colcon.colcon_core.event_handler.log_command:Invoked command in '/home/lccc/Desktop/GXS_2024_VisionCode/build/line_follow' returned '0': CMAKE_PREFIX_PATH=/home/lccc/Desktop/GXS_2024_VisionCode/install/qrmsg:/home/lccc/Desktop/GXS_2024_VisionCode/install/line_follow:/home/lccc/Desktop/GXS_2024_VisionCode/install/gxs_serial_driver:/home/lccc/Desktop/GXS_2024_VisionCode/install/colorblock_detector:/home/lccc/Desktop/GXS_2024_VisionCode/install/binary_detector:/home/lccc/Desktop/GXS_2024_VisionCode/install/camera_driver:/home/lccc/Desktop/GXS_2024_VisionCode/install/adjust_hsv:/opt/ros/humble LD_LIBRARY_PATH=/home/lccc/Desktop/GXS_2024_VisionCode/install/qrmsg/lib:/home/lccc/Desktop/GXS_2024_VisionCode/install/gxs_serial_driver/lib:/opt/ros/humble/opt/rviz_ogre_vendor/lib:/opt/ros/humble/lib/x86_64-linux-gnu:/opt/ros/humble/lib /usr/bin/cmake --install /home/lccc/Desktop/GXS_2024_VisionCode/build/line_follow
[0.693s] Level 1:colcon.colcon_core.environment:checking '/home/lccc/Desktop/GXS_2024_VisionCode/install/line_follow' for CMake config files
[0.693s] Level 1:colcon.colcon_core.shell:create_environment_hook('line_follow', 'cmake_prefix_path')
[0.694s] INFO:colcon.colcon_core.shell:Creating environment hook '/home/lccc/Desktop/GXS_2024_VisionCode/install/line_follow/share/line_follow/hook/cmake_prefix_path.ps1'
[0.694s] INFO:colcon.colcon_core.shell:Creating environment descriptor '/home/lccc/Desktop/GXS_2024_VisionCode/install/line_follow/share/line_follow/hook/cmake_prefix_path.dsv'
[0.694s] INFO:colcon.colcon_core.shell:Creating environment hook '/home/lccc/Desktop/GXS_2024_VisionCode/install/line_follow/share/line_follow/hook/cmake_prefix_path.sh'
[0.695s] Level 1:colcon.colcon_core.environment:checking '/home/lccc/Desktop/GXS_2024_VisionCode/install/line_follow/lib'
[0.695s] Level 1:colcon.colcon_core.environment:checking '/home/lccc/Desktop/GXS_2024_VisionCode/install/line_follow/bin'
[0.695s] Level 1:colcon.colcon_core.environment:checking '/home/lccc/Desktop/GXS_2024_VisionCode/install/line_follow/lib/pkgconfig/line_follow.pc'
[0.695s] Level 1:colcon.colcon_core.environment:checking '/home/lccc/Desktop/GXS_2024_VisionCode/install/line_follow/lib/python3.10/site-packages'
[0.695s] Level 1:colcon.colcon_core.environment:checking '/home/lccc/Desktop/GXS_2024_VisionCode/install/line_follow/bin'
[0.696s] INFO:colcon.colcon_core.shell:Creating package script '/home/lccc/Desktop/GXS_2024_VisionCode/install/line_follow/share/line_follow/package.ps1'
[0.696s] INFO:colcon.colcon_core.shell:Creating package descriptor '/home/lccc/Desktop/GXS_2024_VisionCode/install/line_follow/share/line_follow/package.dsv'
[0.696s] INFO:colcon.colcon_core.shell:Creating package script '/home/lccc/Desktop/GXS_2024_VisionCode/install/line_follow/share/line_follow/package.sh'
[0.697s] INFO:colcon.colcon_core.shell:Creating package script '/home/lccc/Desktop/GXS_2024_VisionCode/install/line_follow/share/line_follow/package.bash'
[0.697s] INFO:colcon.colcon_core.shell:Creating package script '/home/lccc/Desktop/GXS_2024_VisionCode/install/line_follow/share/line_follow/package.zsh'
[0.697s] Level 1:colcon.colcon_core.environment:create_file_with_runtime_dependencies(/home/lccc/Desktop/GXS_2024_VisionCode/install/line_follow/share/colcon-core/packages/line_follow)
[0.698s] Level 1:colcon.colcon_core.environment:create_environment_scripts_only(binary_detector)
[0.698s] Level 1:colcon.colcon_core.environment:checking '/home/lccc/Desktop/GXS_2024_VisionCode/install/binary_detector' for CMake module files
[0.699s] DEBUG:colcon.colcon_core.event_handler.log_command:Invoked command in '/home/lccc/Desktop/GXS_2024_VisionCode/build/binary_detector' returned '0': CMAKE_PREFIX_PATH=/home/lccc/Desktop/GXS_2024_VisionCode/install/qrmsg:/home/lccc/Desktop/GXS_2024_VisionCode/install/line_follow:/home/lccc/Desktop/GXS_2024_VisionCode/install/gxs_serial_driver:/home/lccc/Desktop/GXS_2024_VisionCode/install/colorblock_detector:/home/lccc/Desktop/GXS_2024_VisionCode/install/binary_detector:/home/lccc/Desktop/GXS_2024_VisionCode/install/camera_driver:/home/lccc/Desktop/GXS_2024_VisionCode/install/adjust_hsv:/opt/ros/humble LD_LIBRARY_PATH=/home/lccc/Desktop/GXS_2024_VisionCode/install/qrmsg/lib:/home/lccc/Desktop/GXS_2024_VisionCode/install/gxs_serial_driver/lib:/opt/ros/humble/opt/rviz_ogre_vendor/lib:/opt/ros/humble/lib/x86_64-linux-gnu:/opt/ros/humble/lib /usr/bin/cmake --install /home/lccc/Desktop/GXS_2024_VisionCode/build/binary_detector
[0.699s] Level 1:colcon.colcon_core.environment:checking '/home/lccc/Desktop/GXS_2024_VisionCode/install/binary_detector' for CMake config files
[0.699s] Level 1:colcon.colcon_core.shell:create_environment_hook('binary_detector', 'cmake_prefix_path')
[0.699s] INFO:colcon.colcon_core.shell:Creating environment hook '/home/lccc/Desktop/GXS_2024_VisionCode/install/binary_detector/share/binary_detector/hook/cmake_prefix_path.ps1'
[0.700s] INFO:colcon.colcon_core.shell:Creating environment descriptor '/home/lccc/Desktop/GXS_2024_VisionCode/install/binary_detector/share/binary_detector/hook/cmake_prefix_path.dsv'
[0.700s] INFO:colcon.colcon_core.shell:Creating environment hook '/home/lccc/Desktop/GXS_2024_VisionCode/install/binary_detector/share/binary_detector/hook/cmake_prefix_path.sh'
[0.701s] Level 1:colcon.colcon_core.environment:checking '/home/lccc/Desktop/GXS_2024_VisionCode/install/binary_detector/lib'
[0.701s] Level 1:colcon.colcon_core.environment:checking '/home/lccc/Desktop/GXS_2024_VisionCode/install/binary_detector/bin'
[0.701s] Level 1:colcon.colcon_core.environment:checking '/home/lccc/Desktop/GXS_2024_VisionCode/install/binary_detector/lib/pkgconfig/binary_detector.pc'
[0.701s] Level 1:colcon.colcon_core.environment:checking '/home/lccc/Desktop/GXS_2024_VisionCode/install/binary_detector/lib/python3.10/site-packages'
[0.701s] Level 1:colcon.colcon_core.environment:checking '/home/lccc/Desktop/GXS_2024_VisionCode/install/binary_detector/bin'
[0.702s] INFO:colcon.colcon_core.shell:Creating package script '/home/lccc/Desktop/GXS_2024_VisionCode/install/binary_detector/share/binary_detector/package.ps1'
[0.702s] INFO:colcon.colcon_core.shell:Creating package descriptor '/home/lccc/Desktop/GXS_2024_VisionCode/install/binary_detector/share/binary_detector/package.dsv'
[0.702s] INFO:colcon.colcon_core.shell:Creating package script '/home/lccc/Desktop/GXS_2024_VisionCode/install/binary_detector/share/binary_detector/package.sh'
[0.703s] INFO:colcon.colcon_core.shell:Creating package script '/home/lccc/Desktop/GXS_2024_VisionCode/install/binary_detector/share/binary_detector/package.bash'
[0.703s] INFO:colcon.colcon_core.shell:Creating package script '/home/lccc/Desktop/GXS_2024_VisionCode/install/binary_detector/share/binary_detector/package.zsh'
[0.703s] Level 1:colcon.colcon_core.environment:create_file_with_runtime_dependencies(/home/lccc/Desktop/GXS_2024_VisionCode/install/binary_detector/share/colcon-core/packages/binary_detector)
[0.705s] Level 1:colcon.colcon_core.environment:create_environment_scripts_only(colorblock_detector)
[0.705s] Level 1:colcon.colcon_core.environment:checking '/home/lccc/Desktop/GXS_2024_VisionCode/install/colorblock_detector' for CMake module files
[0.706s] Level 1:colcon.colcon_core.environment:checking '/home/lccc/Desktop/GXS_2024_VisionCode/install/colorblock_detector' for CMake config files
[0.706s] Level 1:colcon.colcon_core.shell:create_environment_hook('colorblock_detector', 'cmake_prefix_path')
[0.706s] INFO:colcon.colcon_core.shell:Creating environment hook '/home/lccc/Desktop/GXS_2024_VisionCode/install/colorblock_detector/share/colorblock_detector/hook/cmake_prefix_path.ps1'
[0.707s] INFO:colcon.colcon_core.shell:Creating environment descriptor '/home/lccc/Desktop/GXS_2024_VisionCode/install/colorblock_detector/share/colorblock_detector/hook/cmake_prefix_path.dsv'
[0.707s] INFO:colcon.colcon_core.shell:Creating environment hook '/home/lccc/Desktop/GXS_2024_VisionCode/install/colorblock_detector/share/colorblock_detector/hook/cmake_prefix_path.sh'
[0.707s] Level 1:colcon.colcon_core.environment:checking '/home/lccc/Desktop/GXS_2024_VisionCode/install/colorblock_detector/lib'
[0.708s] Level 1:colcon.colcon_core.environment:checking '/home/lccc/Desktop/GXS_2024_VisionCode/install/colorblock_detector/bin'
[0.708s] Level 1:colcon.colcon_core.environment:checking '/home/lccc/Desktop/GXS_2024_VisionCode/install/colorblock_detector/lib/pkgconfig/colorblock_detector.pc'
[0.708s] Level 1:colcon.colcon_core.environment:checking '/home/lccc/Desktop/GXS_2024_VisionCode/install/colorblock_detector/lib/python3.10/site-packages'
[0.708s] Level 1:colcon.colcon_core.environment:checking '/home/lccc/Desktop/GXS_2024_VisionCode/install/colorblock_detector/bin'
[0.708s] INFO:colcon.colcon_core.shell:Creating package script '/home/lccc/Desktop/GXS_2024_VisionCode/install/colorblock_detector/share/colorblock_detector/package.ps1'
[0.709s] INFO:colcon.colcon_core.shell:Creating package descriptor '/home/lccc/Desktop/GXS_2024_VisionCode/install/colorblock_detector/share/colorblock_detector/package.dsv'
[0.710s] INFO:colcon.colcon_core.shell:Creating package script '/home/lccc/Desktop/GXS_2024_VisionCode/install/colorblock_detector/share/colorblock_detector/package.sh'
[0.710s] INFO:colcon.colcon_core.shell:Creating package script '/home/lccc/Desktop/GXS_2024_VisionCode/install/colorblock_detector/share/colorblock_detector/package.bash'
[0.710s] INFO:colcon.colcon_core.shell:Creating package script '/home/lccc/Desktop/GXS_2024_VisionCode/install/colorblock_detector/share/colorblock_detector/package.zsh'
[0.711s] Level 1:colcon.colcon_core.environment:create_file_with_runtime_dependencies(/home/lccc/Desktop/GXS_2024_VisionCode/install/colorblock_detector/share/colcon-core/packages/colorblock_detector)
[0.715s] Level 1:colcon.colcon_core.environment:create_environment_scripts_only(line_follow)
[0.715s] Level 1:colcon.colcon_core.environment:checking '/home/lccc/Desktop/GXS_2024_VisionCode/install/line_follow' for CMake module files
[0.716s] Level 1:colcon.colcon_core.environment:checking '/home/lccc/Desktop/GXS_2024_VisionCode/install/line_follow' for CMake config files
[0.716s] Level 1:colcon.colcon_core.shell:create_environment_hook('line_follow', 'cmake_prefix_path')
[0.716s] INFO:colcon.colcon_core.shell:Creating environment hook '/home/lccc/Desktop/GXS_2024_VisionCode/install/line_follow/share/line_follow/hook/cmake_prefix_path.ps1'
[0.717s] INFO:colcon.colcon_core.shell:Creating environment descriptor '/home/lccc/Desktop/GXS_2024_VisionCode/install/line_follow/share/line_follow/hook/cmake_prefix_path.dsv'
[0.717s] INFO:colcon.colcon_core.shell:Creating environment hook '/home/lccc/Desktop/GXS_2024_VisionCode/install/line_follow/share/line_follow/hook/cmake_prefix_path.sh'
[0.717s] Level 1:colcon.colcon_core.environment:checking '/home/lccc/Desktop/GXS_2024_VisionCode/install/line_follow/lib'
[0.718s] Level 1:colcon.colcon_core.environment:checking '/home/lccc/Desktop/GXS_2024_VisionCode/install/line_follow/bin'
[0.718s] Level 1:colcon.colcon_core.environment:checking '/home/lccc/Desktop/GXS_2024_VisionCode/install/line_follow/lib/pkgconfig/line_follow.pc'
[0.718s] Level 1:colcon.colcon_core.environment:checking '/home/lccc/Desktop/GXS_2024_VisionCode/install/line_follow/lib/python3.10/site-packages'
[0.718s] Level 1:colcon.colcon_core.environment:checking '/home/lccc/Desktop/GXS_2024_VisionCode/install/line_follow/bin'
[0.718s] INFO:colcon.colcon_core.shell:Creating package script '/home/lccc/Desktop/GXS_2024_VisionCode/install/line_follow/share/line_follow/package.ps1'
[0.719s] INFO:colcon.colcon_core.shell:Creating package descriptor '/home/lccc/Desktop/GXS_2024_VisionCode/install/line_follow/share/line_follow/package.dsv'
[0.719s] INFO:colcon.colcon_core.shell:Creating package script '/home/lccc/Desktop/GXS_2024_VisionCode/install/line_follow/share/line_follow/package.sh'
[0.720s] INFO:colcon.colcon_core.shell:Creating package script '/home/lccc/Desktop/GXS_2024_VisionCode/install/line_follow/share/line_follow/package.bash'
[0.720s] INFO:colcon.colcon_core.shell:Creating package script '/home/lccc/Desktop/GXS_2024_VisionCode/install/line_follow/share/line_follow/package.zsh'
[0.720s] Level 1:colcon.colcon_core.environment:create_file_with_runtime_dependencies(/home/lccc/Desktop/GXS_2024_VisionCode/install/line_follow/share/colcon-core/packages/line_follow)
[0.721s] Level 1:colcon.colcon_core.environment:create_environment_scripts_only(gxs_serial_driver)
[0.722s] Level 1:colcon.colcon_core.environment:checking '/home/lccc/Desktop/GXS_2024_VisionCode/install/gxs_serial_driver' for CMake module files
[0.722s] Level 1:colcon.colcon_core.environment:checking '/home/lccc/Desktop/GXS_2024_VisionCode/install/gxs_serial_driver' for CMake config files
[0.722s] Level 1:colcon.colcon_core.shell:create_environment_hook('gxs_serial_driver', 'cmake_prefix_path')
[0.723s] INFO:colcon.colcon_core.shell:Creating environment hook '/home/lccc/Desktop/GXS_2024_VisionCode/install/gxs_serial_driver/share/gxs_serial_driver/hook/cmake_prefix_path.ps1'
[0.723s] INFO:colcon.colcon_core.shell:Creating environment descriptor '/home/lccc/Desktop/GXS_2024_VisionCode/install/gxs_serial_driver/share/gxs_serial_driver/hook/cmake_prefix_path.dsv'
[0.723s] INFO:colcon.colcon_core.shell:Creating environment hook '/home/lccc/Desktop/GXS_2024_VisionCode/install/gxs_serial_driver/share/gxs_serial_driver/hook/cmake_prefix_path.sh'
[0.723s] Level 1:colcon.colcon_core.environment:checking '/home/lccc/Desktop/GXS_2024_VisionCode/install/gxs_serial_driver/lib'
[0.723s] Level 1:colcon.colcon_core.shell:create_environment_hook('gxs_serial_driver', 'ld_library_path_lib')
[0.724s] INFO:colcon.colcon_core.shell:Creating environment hook '/home/lccc/Desktop/GXS_2024_VisionCode/install/gxs_serial_driver/share/gxs_serial_driver/hook/ld_library_path_lib.ps1'
[0.724s] INFO:colcon.colcon_core.shell:Creating environment descriptor '/home/lccc/Desktop/GXS_2024_VisionCode/install/gxs_serial_driver/share/gxs_serial_driver/hook/ld_library_path_lib.dsv'
[0.724s] INFO:colcon.colcon_core.shell:Creating environment hook '/home/lccc/Desktop/GXS_2024_VisionCode/install/gxs_serial_driver/share/gxs_serial_driver/hook/ld_library_path_lib.sh'
[0.724s] Level 1:colcon.colcon_core.environment:checking '/home/lccc/Desktop/GXS_2024_VisionCode/install/gxs_serial_driver/bin'
[0.724s] Level 1:colcon.colcon_core.environment:checking '/home/lccc/Desktop/GXS_2024_VisionCode/install/gxs_serial_driver/lib/pkgconfig/gxs_serial_driver.pc'
[0.724s] Level 1:colcon.colcon_core.environment:checking '/home/lccc/Desktop/GXS_2024_VisionCode/install/gxs_serial_driver/lib/python3.10/site-packages'
[0.724s] Level 1:colcon.colcon_core.environment:checking '/home/lccc/Desktop/GXS_2024_VisionCode/install/gxs_serial_driver/bin'
[0.724s] INFO:colcon.colcon_core.shell:Creating package script '/home/lccc/Desktop/GXS_2024_VisionCode/install/gxs_serial_driver/share/gxs_serial_driver/package.ps1'
[0.725s] INFO:colcon.colcon_core.shell:Creating package descriptor '/home/lccc/Desktop/GXS_2024_VisionCode/install/gxs_serial_driver/share/gxs_serial_driver/package.dsv'
[0.725s] INFO:colcon.colcon_core.shell:Creating package script '/home/lccc/Desktop/GXS_2024_VisionCode/install/gxs_serial_driver/share/gxs_serial_driver/package.sh'
[0.725s] INFO:colcon.colcon_core.shell:Creating package script '/home/lccc/Desktop/GXS_2024_VisionCode/install/gxs_serial_driver/share/gxs_serial_driver/package.bash'
[0.726s] INFO:colcon.colcon_core.shell:Creating package script '/home/lccc/Desktop/GXS_2024_VisionCode/install/gxs_serial_driver/share/gxs_serial_driver/package.zsh'
[0.726s] Level 1:colcon.colcon_core.environment:create_file_with_runtime_dependencies(/home/lccc/Desktop/GXS_2024_VisionCode/install/gxs_serial_driver/share/colcon-core/packages/gxs_serial_driver)
[0.726s] Level 1:colcon.colcon_core.environment:create_environment_scripts_only(binary_detector)
[0.726s] Level 1:colcon.colcon_core.environment:checking '/home/lccc/Desktop/GXS_2024_VisionCode/install/binary_detector' for CMake module files
[0.727s] Level 1:colcon.colcon_core.environment:checking '/home/lccc/Desktop/GXS_2024_VisionCode/install/binary_detector' for CMake config files
[0.727s] Level 1:colcon.colcon_core.shell:create_environment_hook('binary_detector', 'cmake_prefix_path')
[0.727s] INFO:colcon.colcon_core.shell:Creating environment hook '/home/lccc/Desktop/GXS_2024_VisionCode/install/binary_detector/share/binary_detector/hook/cmake_prefix_path.ps1'
[0.727s] INFO:colcon.colcon_core.shell:Creating environment descriptor '/home/lccc/Desktop/GXS_2024_VisionCode/install/binary_detector/share/binary_detector/hook/cmake_prefix_path.dsv'
[0.727s] INFO:colcon.colcon_core.shell:Creating environment hook '/home/lccc/Desktop/GXS_2024_VisionCode/install/binary_detector/share/binary_detector/hook/cmake_prefix_path.sh'
[0.728s] Level 1:colcon.colcon_core.environment:checking '/home/lccc/Desktop/GXS_2024_VisionCode/install/binary_detector/lib'
[0.728s] Level 1:colcon.colcon_core.environment:checking '/home/lccc/Desktop/GXS_2024_VisionCode/install/binary_detector/bin'
[0.728s] Level 1:colcon.colcon_core.environment:checking '/home/lccc/Desktop/GXS_2024_VisionCode/install/binary_detector/lib/pkgconfig/binary_detector.pc'
[0.728s] Level 1:colcon.colcon_core.environment:checking '/home/lccc/Desktop/GXS_2024_VisionCode/install/binary_detector/lib/python3.10/site-packages'
[0.728s] Level 1:colcon.colcon_core.environment:checking '/home/lccc/Desktop/GXS_2024_VisionCode/install/binary_detector/bin'
[0.728s] INFO:colcon.colcon_core.shell:Creating package script '/home/lccc/Desktop/GXS_2024_VisionCode/install/binary_detector/share/binary_detector/package.ps1'
[0.728s] INFO:colcon.colcon_core.shell:Creating package descriptor '/home/lccc/Desktop/GXS_2024_VisionCode/install/binary_detector/share/binary_detector/package.dsv'
[0.728s] INFO:colcon.colcon_core.shell:Creating package script '/home/lccc/Desktop/GXS_2024_VisionCode/install/binary_detector/share/binary_detector/package.sh'
[0.729s] INFO:colcon.colcon_core.shell:Creating package script '/home/lccc/Desktop/GXS_2024_VisionCode/install/binary_detector/share/binary_detector/package.bash'
[0.729s] INFO:colcon.colcon_core.shell:Creating package script '/home/lccc/Desktop/GXS_2024_VisionCode/install/binary_detector/share/binary_detector/package.zsh'
[0.729s] Level 1:colcon.colcon_core.environment:create_file_with_runtime_dependencies(/home/lccc/Desktop/GXS_2024_VisionCode/install/binary_detector/share/colcon-core/packages/binary_detector)
[0.729s] DEBUG:colcon.colcon_parallel_executor.executor.parallel:closing loop
[0.729s] DEBUG:colcon.colcon_parallel_executor.executor.parallel:loop closed
[0.729s] DEBUG:colcon.colcon_parallel_executor.executor.parallel:run_until_complete finished with '0'
[0.729s] DEBUG:colcon.colcon_core.event_reactor:joining thread
[0.732s] INFO:colcon.colcon_core.plugin_system:Skipping extension 'colcon_notification.desktop_notification.terminal_notifier': Not used on non-Darwin systems
[0.732s] INFO:colcon.colcon_core.plugin_system:Skipping extension 'colcon_notification.desktop_notification.win32': Not used on non-Windows systems
[0.732s] INFO:colcon.colcon_notification.desktop_notification:Sending desktop notification using 'notify2'
[0.740s] DEBUG:colcon.colcon_core.event_reactor:joined thread
[0.741s] INFO:colcon.colcon_core.shell:Creating prefix script '/home/lccc/Desktop/GXS_2024_VisionCode/install/local_setup.ps1'
[0.742s] INFO:colcon.colcon_core.shell:Creating prefix util module '/home/lccc/Desktop/GXS_2024_VisionCode/install/_local_setup_util_ps1.py'
[0.743s] INFO:colcon.colcon_core.shell:Creating prefix chain script '/home/lccc/Desktop/GXS_2024_VisionCode/install/setup.ps1'
[0.744s] INFO:colcon.colcon_core.shell:Creating prefix script '/home/lccc/Desktop/GXS_2024_VisionCode/install/local_setup.sh'
[0.744s] INFO:colcon.colcon_core.shell:Creating prefix util module '/home/lccc/Desktop/GXS_2024_VisionCode/install/_local_setup_util_sh.py'
[0.745s] INFO:colcon.colcon_core.shell:Creating prefix chain script '/home/lccc/Desktop/GXS_2024_VisionCode/install/setup.sh'
[0.746s] INFO:colcon.colcon_core.shell:Creating prefix script '/home/lccc/Desktop/GXS_2024_VisionCode/install/local_setup.bash'
[0.746s] INFO:colcon.colcon_core.shell:Creating prefix chain script '/home/lccc/Desktop/GXS_2024_VisionCode/install/setup.bash'
[0.747s] INFO:colcon.colcon_core.shell:Creating prefix script '/home/lccc/Desktop/GXS_2024_VisionCode/install/local_setup.zsh'
[0.747s] INFO:colcon.colcon_core.shell:Creating prefix chain script '/home/lccc/Desktop/GXS_2024_VisionCode/install/setup.zsh'
