[0.009s] Invoking command in '/home/lccc/Desktop/GXS_2024_VisionCode/build/colorblock_detector': AMENT_PREFIX_PATH=/home/lccc/Desktop/GXS_2024_VisionCode/install/qrmsg:${AMENT_PREFIX_PATH} CMAKE_PREFIX_PATH=/home/lccc/Desktop/GXS_2024_VisionCode/install/qrmsg:/opt/ros/humble LD_LIBRARY_PATH=/home/lccc/Desktop/GXS_2024_VisionCode/install/qrmsg/lib:${LD_LIBRARY_PATH} PYTHONPATH=/home/lccc/Desktop/GXS_2024_VisionCode/install/qrmsg/local/lib/python3.10/dist-packages:${PYTHONPATH} /usr/bin/cmake --build /home/lccc/Desktop/GXS_2024_VisionCode/build/colorblock_detector -- -j16 -l16
[0.050s] [ 50%] [32mBuilding CXX object CMakeFiles/colorblock.dir/src/colorblock_new.cpp.o[0m
[1.941s] In file included from [01m[K/opt/ros/humble/include/rclcpp/rclcpp/client.hpp:40[m[K,
[1.941s]                  from [01m[K/opt/ros/humble/include/rclcpp/rclcpp/callback_group.hpp:24[m[K,
[1.941s]                  from [01m[K/opt/ros/humble/include/rclcpp/rclcpp/any_executable.hpp:20[m[K,
[1.941s]                  from [01m[K/opt/ros/humble/include/rclcpp/rclcpp/memory_strategy.hpp:25[m[K,
[1.941s]                  from [01m[K/opt/ros/humble/include/rclcpp/rclcpp/memory_strategies.hpp:18[m[K,
[1.941s]                  from [01m[K/opt/ros/humble/include/rclcpp/rclcpp/executor_options.hpp:20[m[K,
[1.941s]                  from [01m[K/opt/ros/humble/include/rclcpp/rclcpp/executor.hpp:37[m[K,
[1.941s]                  from [01m[K/opt/ros/humble/include/rclcpp/rclcpp/executors/multi_threaded_executor.hpp:25[m[K,
[1.941s]                  from [01m[K/opt/ros/humble/include/rclcpp/rclcpp/executors.hpp:21[m[K,
[1.941s]                  from [01m[K/opt/ros/humble/include/rclcpp/rclcpp/rclcpp.hpp:155[m[K,
[1.941s]                  from [01m[K/home/lccc/Desktop/GXS_2024_VisionCode/src/colorblock_detector/src/colorblock_new.cpp:1[m[K:
[1.941s] [01m[K/home/lccc/Desktop/GXS_2024_VisionCode/src/colorblock_detector/src/colorblock_new.cpp:[m[K In member function ‘[01m[Kvoid SearchResponse::searchblock(qrmsg::msg::Qr_<std::allocator<void> >::SharedPtr)[m[K’:
[1.941s] [01m[K/home/lccc/Desktop/GXS_2024_VisionCode/src/colorblock_detector/src/colorblock_new.cpp:450:29:[m[K [01;31m[Kerror: [m[K‘[01m[Kthie[m[K’ was not declared in this scope; did you mean ‘[01m[Kthis[m[K’?
[1.941s]   450 |                 RCLCPP_INFO([01;31m[Kthie[m[K->get_logger(), "put to pick ring");
[1.941s]       |                             [01;31m[K^~~~[m[K
[1.941s] [01m[K/home/lccc/Desktop/GXS_2024_VisionCode/src/colorblock_detector/src/colorblock_new.cpp:450:17:[m[K [01;31m[Kerror: [m[Ktemplate argument 1 is invalid
[1.941s]   450 |                 [01;31m[KRCLCPP_INFO[m[K(thie->get_logger(), "put to pick ring");
[1.941s]       |                 [01;31m[K^~~~~~~~~~~[m[K
[1.941s] [01m[K/home/lccc/Desktop/GXS_2024_VisionCode/src/colorblock_detector/src/colorblock_new.cpp:450:17:[m[K [01;31m[Kerror: [m[Ktemplate argument 1 is invalid
[1.941s]   450 |                 [01;31m[KRCLCPP_INFO[m[K(thie->get_logger(), "put to pick ring");
[1.941s]       |                 [01;31m[K^~~~~~~~~~~[m[K
[1.941s] [01m[K/home/lccc/Desktop/GXS_2024_VisionCode/src/colorblock_detector/src/colorblock_new.cpp:450:17:[m[K [01;31m[Kerror: [m[Ktemplate argument 1 is invalid
[1.941s]   450 |                 [01;31m[KRCLCPP_INFO[m[K(thie->get_logger(), "put to pick ring");
[1.941s]       |                 [01;31m[K^~~~~~~~~~~[m[K
[1.947s] [01m[K/home/lccc/Desktop/GXS_2024_VisionCode/src/colorblock_detector/src/colorblock_new.cpp:576:29:[m[K [01;31m[Kerror: [m[K‘[01m[Kthie[m[K’ was not declared in this scope; did you mean ‘[01m[Kthis[m[K’?
[1.947s]   576 |                 RCLCPP_INFO([01;31m[Kthie[m[K->get_logger(), "pick colorblock in color ring");
[1.947s]       |                             [01;31m[K^~~~[m[K
[1.947s] [01m[K/home/lccc/Desktop/GXS_2024_VisionCode/src/colorblock_detector/src/colorblock_new.cpp:576:17:[m[K [01;31m[Kerror: [m[Ktemplate argument 1 is invalid
[1.947s]   576 |                 [01;31m[KRCLCPP_INFO[m[K(thie->get_logger(), "pick colorblock in color ring");
[1.947s]       |                 [01;31m[K^~~~~~~~~~~[m[K
[1.947s] [01m[K/home/lccc/Desktop/GXS_2024_VisionCode/src/colorblock_detector/src/colorblock_new.cpp:576:17:[m[K [01;31m[Kerror: [m[Ktemplate argument 1 is invalid
[1.947s]   576 |                 [01;31m[KRCLCPP_INFO[m[K(thie->get_logger(), "pick colorblock in color ring");
[1.947s]       |                 [01;31m[K^~~~~~~~~~~[m[K
[1.947s] [01m[K/home/lccc/Desktop/GXS_2024_VisionCode/src/colorblock_detector/src/colorblock_new.cpp:576:17:[m[K [01;31m[Kerror: [m[Ktemplate argument 1 is invalid
[1.947s]   576 |                 [01;31m[KRCLCPP_INFO[m[K(thie->get_logger(), "pick colorblock in color ring");
[1.947s]       |                 [01;31m[K^~~~~~~~~~~[m[K
[4.174s] gmake[2]: *** [CMakeFiles/colorblock.dir/build.make:76: CMakeFiles/colorblock.dir/src/colorblock_new.cpp.o] Error 1
[4.174s] gmake[1]: *** [CMakeFiles/Makefile2:137: CMakeFiles/colorblock.dir/all] Error 2
[4.174s] gmake: *** [Makefile:146: all] Error 2
[4.176s] Invoked command in '/home/lccc/Desktop/GXS_2024_VisionCode/build/colorblock_detector' returned '2': AMENT_PREFIX_PATH=/home/lccc/Desktop/GXS_2024_VisionCode/install/qrmsg:${AMENT_PREFIX_PATH} CMAKE_PREFIX_PATH=/home/lccc/Desktop/GXS_2024_VisionCode/install/qrmsg:/opt/ros/humble LD_LIBRARY_PATH=/home/lccc/Desktop/GXS_2024_VisionCode/install/qrmsg/lib:${LD_LIBRARY_PATH} PYTHONPATH=/home/lccc/Desktop/GXS_2024_VisionCode/install/qrmsg/local/lib/python3.10/dist-packages:${PYTHONPATH} /usr/bin/cmake --build /home/lccc/Desktop/GXS_2024_VisionCode/build/colorblock_detector -- -j16 -l16
