[0.010s] Invoking command in '/home/lccc/Desktop/GXS_2024_VisionCode/build/binary_detector': AMENT_PREFIX_PATH=/home/lccc/Desktop/GXS_2024_VisionCode/install/qrmsg:${AMENT_PREFIX_PATH} CMAKE_PREFIX_PATH=/home/lccc/Desktop/GXS_2024_VisionCode/install/qrmsg:/opt/ros/humble LD_LIBRARY_PATH=/home/lccc/Desktop/GXS_2024_VisionCode/install/qrmsg/lib:${LD_LIBRARY_PATH} PYTHONPATH=/home/lccc/Desktop/GXS_2024_VisionCode/install/qrmsg/local/lib/python3.10/dist-packages:${PYTHONPATH} /usr/bin/cmake --build /home/lccc/Desktop/GXS_2024_VisionCode/build/binary_detector -- -j16 -l16
[0.048s] [35m[1mConsolidate compiler generated dependencies of target binary_detector[0m
[0.060s] [ 25%] [32mBuilding CXX object CMakeFiles/binary_detector.dir/src/binary.cpp.o[0m
[4.329s] [01m[K/home/lccc/Desktop/GXS_2024_VisionCode/src/binary_detector/src/binary.cpp:[m[K In member function ‘[01m[Kstd::string QrDetector::detect(const cv::Mat&)[m[K’:
[4.329s] [01m[K/home/lccc/Desktop/GXS_2024_VisionCode/src/binary_detector/src/binary.cpp:97:1:[m[K [01;35m[Kwarning: [m[Kcontrol reaches end of non-void function [[01;35m[K]8;;https://gcc.gnu.org/onlinedocs/gcc/Warning-Options.html#index-Wreturn-type-Wreturn-type]8;;[m[K]
[4.329s]    97 | [01;35m[K}[m[K
[4.329s]       | [01;35m[K^[m[K
[7.740s] [ 50%] [32m[1mLinking CXX static library libbinary_detector.a[0m
[7.885s] [ 50%] Built target binary_detector
[7.907s] [ 75%] [32m[1mLinking CXX executable binary[0m
[8.478s] [100%] Built target binary
[8.485s] Invoked command in '/home/lccc/Desktop/GXS_2024_VisionCode/build/binary_detector' returned '0': AMENT_PREFIX_PATH=/home/lccc/Desktop/GXS_2024_VisionCode/install/qrmsg:${AMENT_PREFIX_PATH} CMAKE_PREFIX_PATH=/home/lccc/Desktop/GXS_2024_VisionCode/install/qrmsg:/opt/ros/humble LD_LIBRARY_PATH=/home/lccc/Desktop/GXS_2024_VisionCode/install/qrmsg/lib:${LD_LIBRARY_PATH} PYTHONPATH=/home/lccc/Desktop/GXS_2024_VisionCode/install/qrmsg/local/lib/python3.10/dist-packages:${PYTHONPATH} /usr/bin/cmake --build /home/lccc/Desktop/GXS_2024_VisionCode/build/binary_detector -- -j16 -l16
[8.504s] Invoking command in '/home/lccc/Desktop/GXS_2024_VisionCode/build/binary_detector': AMENT_PREFIX_PATH=/home/lccc/Desktop/GXS_2024_VisionCode/install/qrmsg:${AMENT_PREFIX_PATH} CMAKE_PREFIX_PATH=/home/lccc/Desktop/GXS_2024_VisionCode/install/qrmsg:/opt/ros/humble LD_LIBRARY_PATH=/home/lccc/Desktop/GXS_2024_VisionCode/install/qrmsg/lib:${LD_LIBRARY_PATH} PYTHONPATH=/home/lccc/Desktop/GXS_2024_VisionCode/install/qrmsg/local/lib/python3.10/dist-packages:${PYTHONPATH} /usr/bin/cmake --install /home/lccc/Desktop/GXS_2024_VisionCode/build/binary_detector
[8.510s] -- Install configuration: ""
[8.510s] -- Installing: /home/lccc/Desktop/GXS_2024_VisionCode/install/binary_detector/lib/binary_detector/libbinary_detector.a
[8.518s] -- Up-to-date: /home/lccc/Desktop/GXS_2024_VisionCode/install/binary_detector/include/
[8.518s] -- Up-to-date: /home/lccc/Desktop/GXS_2024_VisionCode/install/binary_detector/include//binary_detector
[8.518s] -- Up-to-date: /home/lccc/Desktop/GXS_2024_VisionCode/install/binary_detector/include//binary_detector/binary.hpp
[8.518s] -- Installing: /home/lccc/Desktop/GXS_2024_VisionCode/install/binary_detector/lib/binary_detector/binary
[8.521s] -- Set runtime path of "/home/lccc/Desktop/GXS_2024_VisionCode/install/binary_detector/lib/binary_detector/binary" to ""
[8.521s] -- Up-to-date: /home/lccc/Desktop/GXS_2024_VisionCode/install/binary_detector/share/ament_index/resource_index/package_run_dependencies/binary_detector
[8.521s] -- Up-to-date: /home/lccc/Desktop/GXS_2024_VisionCode/install/binary_detector/share/ament_index/resource_index/parent_prefix_path/binary_detector
[8.521s] -- Up-to-date: /home/lccc/Desktop/GXS_2024_VisionCode/install/binary_detector/share/binary_detector/environment/ament_prefix_path.sh
[8.521s] -- Up-to-date: /home/lccc/Desktop/GXS_2024_VisionCode/install/binary_detector/share/binary_detector/environment/ament_prefix_path.dsv
[8.521s] -- Up-to-date: /home/lccc/Desktop/GXS_2024_VisionCode/install/binary_detector/share/binary_detector/environment/path.sh
[8.521s] -- Up-to-date: /home/lccc/Desktop/GXS_2024_VisionCode/install/binary_detector/share/binary_detector/environment/path.dsv
[8.521s] -- Up-to-date: /home/lccc/Desktop/GXS_2024_VisionCode/install/binary_detector/share/binary_detector/local_setup.bash
[8.521s] -- Up-to-date: /home/lccc/Desktop/GXS_2024_VisionCode/install/binary_detector/share/binary_detector/local_setup.sh
[8.521s] -- Up-to-date: /home/lccc/Desktop/GXS_2024_VisionCode/install/binary_detector/share/binary_detector/local_setup.zsh
[8.521s] -- Up-to-date: /home/lccc/Desktop/GXS_2024_VisionCode/install/binary_detector/share/binary_detector/local_setup.dsv
[8.521s] -- Installing: /home/lccc/Desktop/GXS_2024_VisionCode/install/binary_detector/share/binary_detector/package.dsv
[8.522s] -- Up-to-date: /home/lccc/Desktop/GXS_2024_VisionCode/install/binary_detector/share/ament_index/resource_index/packages/binary_detector
[8.522s] -- Up-to-date: /home/lccc/Desktop/GXS_2024_VisionCode/install/binary_detector/share/binary_detector/cmake/binary_detectorConfig.cmake
[8.522s] -- Up-to-date: /home/lccc/Desktop/GXS_2024_VisionCode/install/binary_detector/share/binary_detector/cmake/binary_detectorConfig-version.cmake
[8.522s] -- Up-to-date: /home/lccc/Desktop/GXS_2024_VisionCode/install/binary_detector/share/binary_detector/package.xml
[8.523s] Invoked command in '/home/lccc/Desktop/GXS_2024_VisionCode/build/binary_detector' returned '0': AMENT_PREFIX_PATH=/home/lccc/Desktop/GXS_2024_VisionCode/install/qrmsg:${AMENT_PREFIX_PATH} CMAKE_PREFIX_PATH=/home/lccc/Desktop/GXS_2024_VisionCode/install/qrmsg:/opt/ros/humble LD_LIBRARY_PATH=/home/lccc/Desktop/GXS_2024_VisionCode/install/qrmsg/lib:${LD_LIBRARY_PATH} PYTHONPATH=/home/lccc/Desktop/GXS_2024_VisionCode/install/qrmsg/local/lib/python3.10/dist-packages:${PYTHONPATH} /usr/bin/cmake --install /home/lccc/Desktop/GXS_2024_VisionCode/build/binary_detector
