[0.012s] Invoking command in '/home/lccc/Desktop/GXS_2024_VisionCode/build/binary_detector': AMENT_PREFIX_PATH=/home/lccc/Desktop/GXS_2024_VisionCode/install/qrmsg:${AMENT_PREFIX_PATH} CMAKE_PREFIX_PATH=/home/lccc/Desktop/GXS_2024_VisionCode/install/qrmsg:/opt/ros/humble LD_LIBRARY_PATH=/home/lccc/Desktop/GXS_2024_VisionCode/install/qrmsg/lib:${LD_LIBRARY_PATH} PYTHONPATH=/home/lccc/Desktop/GXS_2024_VisionCode/install/qrmsg/local/lib/python3.10/dist-packages:${PYTHONPATH} /usr/bin/cmake /home/lccc/Desktop/GXS_2024_VisionCode/src/binary_detector -DCMAKE_INSTALL_PREFIX=/home/lccc/Desktop/GXS_2024_VisionCode/install/binary_detector
[0.058s] -- The C compiler identification is GNU 11.4.0
[0.107s] -- The CXX compiler identification is GNU 11.4.0
[0.112s] -- Detecting C compiler ABI info
[0.172s] -- Detecting C compiler ABI info - done
[0.177s] -- Check for working C compiler: /usr/bin/cc - skipped
[0.177s] -- Detecting C compile features
[0.177s] -- Detecting C compile features - done
[0.179s] -- Detecting CXX compiler ABI info
[0.241s] -- Detecting CXX compiler ABI info - done
[0.248s] -- Check for working CXX compiler: /usr/bin/c++ - skipped
[0.248s] -- Detecting CXX compile features
[0.248s] -- Detecting CXX compile features - done
[0.249s] -- Found ament_cmake: 1.3.10 (/opt/ros/humble/share/ament_cmake/cmake)
[0.378s] -- Found Python3: /usr/bin/python3 (found version "3.10.12") found components: Interpreter 
[0.440s] -- Found rclcpp: 16.0.10 (/opt/ros/humble/share/rclcpp/cmake)
[0.468s] -- Found rosidl_generator_c: 3.1.5 (/opt/ros/humble/share/rosidl_generator_c/cmake)
[0.470s] -- Found rosidl_adapter: 3.1.5 (/opt/ros/humble/share/rosidl_adapter/cmake)
[0.476s] -- Found rosidl_generator_cpp: 3.1.5 (/opt/ros/humble/share/rosidl_generator_cpp/cmake)
[0.483s] -- Using all available rosidl_typesupport_c: rosidl_typesupport_fastrtps_c;rosidl_typesupport_introspection_c
[0.493s] -- Using all available rosidl_typesupport_cpp: rosidl_typesupport_fastrtps_cpp;rosidl_typesupport_introspection_cpp
[0.518s] -- Found rmw_implementation_cmake: 6.1.2 (/opt/ros/humble/share/rmw_implementation_cmake/cmake)
[0.520s] -- Found rmw_fastrtps_cpp: 6.2.7 (/opt/ros/humble/share/rmw_fastrtps_cpp/cmake)
[0.577s] -- Found OpenSSL: /usr/lib/x86_64-linux-gnu/libcrypto.so (found version "3.0.2")  
[0.600s] -- Found FastRTPS: /opt/ros/humble/include  
[0.632s] -- Using RMW implementation 'rmw_fastrtps_cpp' as default
[0.637s] -- Looking for pthread.h
[0.696s] -- Looking for pthread.h - found
[0.697s] -- Performing Test CMAKE_HAVE_LIBC_PTHREAD
[0.753s] -- Performing Test CMAKE_HAVE_LIBC_PTHREAD - Success
[0.754s] -- Found Threads: TRUE  
[0.789s] -- Found sensor_msgs: 4.2.4 (/opt/ros/humble/share/sensor_msgs/cmake)
[0.809s] -- Found cv_bridge: 3.2.1 (/opt/ros/humble/share/cv_bridge/cmake)
[0.818s] -- Found OpenCV: /usr (found version "4.5.4") 
[0.818s] -- Found qrmsg: 0.0.0 (/home/lccc/Desktop/GXS_2024_VisionCode/install/qrmsg/share/qrmsg/cmake)
[0.828s] -- Found PkgConfig: /usr/bin/pkg-config (found version "0.29.2") 
[0.828s] -- Checking for module 'zbar'
[0.839s] --   Found zbar, version 0.23.92
[0.915s] -- Configuring done
[0.933s] -- Generating done
[0.934s] -- Build files have been written to: /home/lccc/Desktop/GXS_2024_VisionCode/build/binary_detector
[0.944s] Invoked command in '/home/lccc/Desktop/GXS_2024_VisionCode/build/binary_detector' returned '0': AMENT_PREFIX_PATH=/home/lccc/Desktop/GXS_2024_VisionCode/install/qrmsg:${AMENT_PREFIX_PATH} CMAKE_PREFIX_PATH=/home/lccc/Desktop/GXS_2024_VisionCode/install/qrmsg:/opt/ros/humble LD_LIBRARY_PATH=/home/lccc/Desktop/GXS_2024_VisionCode/install/qrmsg/lib:${LD_LIBRARY_PATH} PYTHONPATH=/home/lccc/Desktop/GXS_2024_VisionCode/install/qrmsg/local/lib/python3.10/dist-packages:${PYTHONPATH} /usr/bin/cmake /home/lccc/Desktop/GXS_2024_VisionCode/src/binary_detector -DCMAKE_INSTALL_PREFIX=/home/lccc/Desktop/GXS_2024_VisionCode/install/binary_detector
[0.946s] Invoking command in '/home/lccc/Desktop/GXS_2024_VisionCode/build/binary_detector': AMENT_PREFIX_PATH=/home/lccc/Desktop/GXS_2024_VisionCode/install/qrmsg:${AMENT_PREFIX_PATH} CMAKE_PREFIX_PATH=/home/lccc/Desktop/GXS_2024_VisionCode/install/qrmsg:/opt/ros/humble LD_LIBRARY_PATH=/home/lccc/Desktop/GXS_2024_VisionCode/install/qrmsg/lib:${LD_LIBRARY_PATH} PYTHONPATH=/home/lccc/Desktop/GXS_2024_VisionCode/install/qrmsg/local/lib/python3.10/dist-packages:${PYTHONPATH} /usr/bin/cmake --build /home/lccc/Desktop/GXS_2024_VisionCode/build/binary_detector -- -j16 -l16
[0.988s] [ 25%] [32mBuilding CXX object CMakeFiles/binary_detector.dir/src/binary.cpp.o[0m
[3.789s] In file included from [01m[K/opt/ros/humble/include/rclcpp/rclcpp/logging.hpp:24[m[K,
[3.789s]                  from [01m[K/opt/ros/humble/include/rclcpp/rclcpp/client.hpp:40[m[K,
[3.789s]                  from [01m[K/opt/ros/humble/include/rclcpp/rclcpp/callback_group.hpp:24[m[K,
[3.789s]                  from [01m[K/opt/ros/humble/include/rclcpp/rclcpp/any_executable.hpp:20[m[K,
[3.789s]                  from [01m[K/opt/ros/humble/include/rclcpp/rclcpp/memory_strategy.hpp:25[m[K,
[3.789s]                  from [01m[K/opt/ros/humble/include/rclcpp/rclcpp/memory_strategies.hpp:18[m[K,
[3.789s]                  from [01m[K/opt/ros/humble/include/rclcpp/rclcpp/executor_options.hpp:20[m[K,
[3.789s]                  from [01m[K/opt/ros/humble/include/rclcpp/rclcpp/executor.hpp:37[m[K,
[3.789s]                  from [01m[K/opt/ros/humble/include/rclcpp/rclcpp/executors/multi_threaded_executor.hpp:25[m[K,
[3.790s]                  from [01m[K/opt/ros/humble/include/rclcpp/rclcpp/executors.hpp:21[m[K,
[3.790s]                  from [01m[K/opt/ros/humble/include/rclcpp/rclcpp/rclcpp.hpp:155[m[K,
[3.790s]                  from [01m[K/home/lccc/Desktop/GXS_2024_VisionCode/src/binary_detector/include/binary_detector/binary.hpp:10[m[K,
[3.790s]                  from [01m[K/home/lccc/Desktop/GXS_2024_VisionCode/src/binary_detector/src/binary.cpp:1[m[K:
[3.790s] [01m[K/home/lccc/Desktop/GXS_2024_VisionCode/src/binary_detector/src/binary.cpp:[m[K In member function ‘[01m[Kvoid QrRequest::send_request(std_msgs::msg::Bool_<std::allocator<void> >::SharedPtr)[m[K’:
[3.790s] [01m[K/home/lccc/Desktop/GXS_2024_VisionCode/src/binary_detector/src/binary.cpp:170:37:[m[K [01;35m[Kwarning: [m[Kformat ‘[01m[K%d[m[K’ expects argument of type ‘[01m[Kint[m[K’, but argument 6 has type ‘[01m[Kqrmsg::msg::Qr_<std::allocator<void> >::_num_type[m[K’ {aka ‘[01m[Klong int[m[K’} [[01;35m[K]8;;https://gcc.gnu.org/onlinedocs/gcc/Warning-Options.html#index-Wformat=-Wformat=]8;;[m[K]
[3.790s]   170 |     RCLCPP_INFO(this->get_logger(), [01;35m[K"now_index: %d, now_num: %d"[m[K, now_index, [32m[Kmessage.num[m[K);
[3.790s]       |                                     [01;35m[K^~~~~~~~~~~~~~~~~~~~~~~~~~~~[m[K             [32m[K~~~~~~~~~~~[m[K
[3.790s]       |                                                                                      [32m[K|[m[K
[3.790s]       |                                                                                      [32m[Kqrmsg::msg::Qr_<std::allocator<void> >::_num_type {aka long int}[m[K
[3.790s] [01m[K/home/lccc/Desktop/GXS_2024_VisionCode/src/binary_detector/src/binary.cpp:170:63:[m[K [01;36m[Knote: [m[Kformat string is defined here
[3.790s]   170 |   RCLCPP_INFO(this->get_logger(), "now_index: %d, now_num: [01;36m[K%d[m[K", now_index, message.num);
[3.791s]       |                                                            [01;36m[K~^[m[K
[3.791s]       |                                                             [01;36m[K|[m[K
[3.791s]       |                                                             [01;36m[Kint[m[K
[3.791s]       |                                                            [32m[K%ld[m[K
[6.619s] [01m[K/home/lccc/Desktop/GXS_2024_VisionCode/src/binary_detector/src/binary.cpp:[m[K In member function ‘[01m[Kstd::string QrDetector::detect(const cv::Mat&)[m[K’:
[6.619s] [01m[K/home/lccc/Desktop/GXS_2024_VisionCode/src/binary_detector/src/binary.cpp:97:1:[m[K [01;35m[Kwarning: [m[Kcontrol reaches end of non-void function [[01;35m[K]8;;https://gcc.gnu.org/onlinedocs/gcc/Warning-Options.html#index-Wreturn-type-Wreturn-type]8;;[m[K]
[6.619s]    97 | [01;35m[K}[m[K
[6.619s]       | [01;35m[K^[m[K
[10.263s] [ 50%] [32m[1mLinking CXX static library libbinary_detector.a[0m
[10.425s] [ 50%] Built target binary_detector
[10.444s] [ 75%] [32mBuilding CXX object CMakeFiles/binary.dir/src/main.cpp.o[0m
[13.045s] [100%] [32m[1mLinking CXX executable binary[0m
[13.563s] [100%] Built target binary
[13.572s] Invoked command in '/home/lccc/Desktop/GXS_2024_VisionCode/build/binary_detector' returned '0': AMENT_PREFIX_PATH=/home/lccc/Desktop/GXS_2024_VisionCode/install/qrmsg:${AMENT_PREFIX_PATH} CMAKE_PREFIX_PATH=/home/lccc/Desktop/GXS_2024_VisionCode/install/qrmsg:/opt/ros/humble LD_LIBRARY_PATH=/home/lccc/Desktop/GXS_2024_VisionCode/install/qrmsg/lib:${LD_LIBRARY_PATH} PYTHONPATH=/home/lccc/Desktop/GXS_2024_VisionCode/install/qrmsg/local/lib/python3.10/dist-packages:${PYTHONPATH} /usr/bin/cmake --build /home/lccc/Desktop/GXS_2024_VisionCode/build/binary_detector -- -j16 -l16
[13.593s] Invoking command in '/home/lccc/Desktop/GXS_2024_VisionCode/build/binary_detector': AMENT_PREFIX_PATH=/home/lccc/Desktop/GXS_2024_VisionCode/install/qrmsg:${AMENT_PREFIX_PATH} CMAKE_PREFIX_PATH=/home/lccc/Desktop/GXS_2024_VisionCode/install/qrmsg:/opt/ros/humble LD_LIBRARY_PATH=/home/lccc/Desktop/GXS_2024_VisionCode/install/qrmsg/lib:${LD_LIBRARY_PATH} PYTHONPATH=/home/lccc/Desktop/GXS_2024_VisionCode/install/qrmsg/local/lib/python3.10/dist-packages:${PYTHONPATH} /usr/bin/cmake --install /home/lccc/Desktop/GXS_2024_VisionCode/build/binary_detector
[13.598s] -- Install configuration: ""
[13.598s] -- Installing: /home/lccc/Desktop/GXS_2024_VisionCode/install/binary_detector/lib/binary_detector/libbinary_detector.a
[13.605s] -- Installing: /home/lccc/Desktop/GXS_2024_VisionCode/install/binary_detector/include/
[13.605s] -- Installing: /home/lccc/Desktop/GXS_2024_VisionCode/install/binary_detector/include//binary_detector
[13.605s] -- Installing: /home/lccc/Desktop/GXS_2024_VisionCode/install/binary_detector/include//binary_detector/binary.hpp
[13.605s] -- Installing: /home/lccc/Desktop/GXS_2024_VisionCode/install/binary_detector/lib/binary_detector/binary
[13.608s] -- Set runtime path of "/home/lccc/Desktop/GXS_2024_VisionCode/install/binary_detector/lib/binary_detector/binary" to ""
[13.608s] -- Installing: /home/lccc/Desktop/GXS_2024_VisionCode/install/binary_detector/share/ament_index/resource_index/package_run_dependencies/binary_detector
[13.608s] -- Installing: /home/lccc/Desktop/GXS_2024_VisionCode/install/binary_detector/share/ament_index/resource_index/parent_prefix_path/binary_detector
[13.608s] -- Installing: /home/lccc/Desktop/GXS_2024_VisionCode/install/binary_detector/share/binary_detector/environment/ament_prefix_path.sh
[13.608s] -- Installing: /home/lccc/Desktop/GXS_2024_VisionCode/install/binary_detector/share/binary_detector/environment/ament_prefix_path.dsv
[13.608s] -- Installing: /home/lccc/Desktop/GXS_2024_VisionCode/install/binary_detector/share/binary_detector/environment/path.sh
[13.608s] -- Installing: /home/lccc/Desktop/GXS_2024_VisionCode/install/binary_detector/share/binary_detector/environment/path.dsv
[13.608s] -- Installing: /home/lccc/Desktop/GXS_2024_VisionCode/install/binary_detector/share/binary_detector/local_setup.bash
[13.608s] -- Installing: /home/lccc/Desktop/GXS_2024_VisionCode/install/binary_detector/share/binary_detector/local_setup.sh
[13.608s] -- Installing: /home/lccc/Desktop/GXS_2024_VisionCode/install/binary_detector/share/binary_detector/local_setup.zsh
[13.608s] -- Installing: /home/lccc/Desktop/GXS_2024_VisionCode/install/binary_detector/share/binary_detector/local_setup.dsv
[13.608s] -- Installing: /home/lccc/Desktop/GXS_2024_VisionCode/install/binary_detector/share/binary_detector/package.dsv
[13.609s] -- Installing: /home/lccc/Desktop/GXS_2024_VisionCode/install/binary_detector/share/ament_index/resource_index/packages/binary_detector
[13.609s] -- Installing: /home/lccc/Desktop/GXS_2024_VisionCode/install/binary_detector/share/binary_detector/cmake/binary_detectorConfig.cmake
[13.609s] -- Installing: /home/lccc/Desktop/GXS_2024_VisionCode/install/binary_detector/share/binary_detector/cmake/binary_detectorConfig-version.cmake
[13.609s] -- Installing: /home/lccc/Desktop/GXS_2024_VisionCode/install/binary_detector/share/binary_detector/package.xml
[13.611s] Invoked command in '/home/lccc/Desktop/GXS_2024_VisionCode/build/binary_detector' returned '0': AMENT_PREFIX_PATH=/home/lccc/Desktop/GXS_2024_VisionCode/install/qrmsg:${AMENT_PREFIX_PATH} CMAKE_PREFIX_PATH=/home/lccc/Desktop/GXS_2024_VisionCode/install/qrmsg:/opt/ros/humble LD_LIBRARY_PATH=/home/lccc/Desktop/GXS_2024_VisionCode/install/qrmsg/lib:${LD_LIBRARY_PATH} PYTHONPATH=/home/lccc/Desktop/GXS_2024_VisionCode/install/qrmsg/local/lib/python3.10/dist-packages:${PYTHONPATH} /usr/bin/cmake --install /home/lccc/Desktop/GXS_2024_VisionCode/build/binary_detector
