[0.049s] DEBUG:colcon:Command line arguments: ['/usr/bin/colcon', 'build']
[0.049s] DEBUG:colcon:Parsed command line arguments: Namespace(log_base=None, log_level=None, verb_name='build', build_base='build', install_base='install', merge_install=False, symlink_install=False, test_result_base=None, continue_on_error=False, executor='parallel', parallel_workers=16, event_handlers=None, ignore_user_meta=False, metas=['./colcon.meta'], base_paths=['.'], packages_ignore=None, packages_ignore_regex=None, paths=None, packages_up_to=None, packages_up_to_regex=None, packages_above=None, packages_above_and_dependencies=None, packages_above_depth=None, packages_select_by_dep=None, packages_skip_by_dep=None, packages_skip_up_to=None, packages_select_build_failed=False, packages_skip_build_finished=False, packages_select_test_failures=False, packages_skip_test_passed=False, packages_select=None, packages_skip=None, packages_select_regex=None, packages_skip_regex=None, packages_start=None, packages_end=None, allow_overriding=[], cmake_args=None, cmake_target=None, cmake_target_skip_unavailable=False, cmake_clean_cache=False, cmake_clean_first=False, cmake_force_configure=False, ament_cmake_args=None, catkin_cmake_args=None, catkin_skip_building_tests=False, verb_parser=<colcon_defaults.argument_parser.defaults.DefaultArgumentsDecorator object at 0x777767a31150>, verb_extension=<colcon_core.verb.build.BuildVerb object at 0x777767a30b50>, main=<bound method BuildVerb.main of <colcon_core.verb.build.BuildVerb object at 0x777767a30b50>>)
[0.123s] Level 1:colcon.colcon_core.package_discovery:discover_packages(colcon_meta) check parameters
[0.123s] Level 1:colcon.colcon_core.package_discovery:discover_packages(recursive) check parameters
[0.123s] Level 1:colcon.colcon_core.package_discovery:discover_packages(ignore) check parameters
[0.123s] Level 1:colcon.colcon_core.package_discovery:discover_packages(path) check parameters
[0.123s] Level 1:colcon.colcon_core.package_discovery:discover_packages(colcon_meta) discover
[0.123s] Level 1:colcon.colcon_core.package_discovery:discover_packages(recursive) discover
[0.123s] INFO:colcon.colcon_core.package_discovery:Crawling recursively for packages in '/home/jason/gxs/GXS_2024_VisionCode'
[0.123s] Level 1:colcon.colcon_core.package_identification:_identify(.) by extensions ['ignore', 'ignore_ament_install']
[0.123s] Level 1:colcon.colcon_core.package_identification:_identify(.) by extension 'ignore'
[0.123s] Level 1:colcon.colcon_core.package_identification:_identify(.) by extension 'ignore_ament_install'
[0.123s] Level 1:colcon.colcon_core.package_identification:_identify(.) by extensions ['colcon_pkg']
[0.123s] Level 1:colcon.colcon_core.package_identification:_identify(.) by extension 'colcon_pkg'
[0.123s] Level 1:colcon.colcon_core.package_identification:_identify(.) by extensions ['colcon_meta']
[0.123s] Level 1:colcon.colcon_core.package_identification:_identify(.) by extension 'colcon_meta'
[0.123s] Level 1:colcon.colcon_core.package_identification:_identify(.) by extensions ['ros']
[0.123s] Level 1:colcon.colcon_core.package_identification:_identify(.) by extension 'ros'
[0.129s] Level 1:colcon.colcon_core.package_identification:_identify(.) by extensions ['cmake', 'python']
[0.129s] Level 1:colcon.colcon_core.package_identification:_identify(.) by extension 'cmake'
[0.129s] Level 1:colcon.colcon_core.package_identification:_identify(.) by extension 'python'
[0.129s] Level 1:colcon.colcon_core.package_identification:_identify(.) by extensions ['python_setup_py']
[0.129s] Level 1:colcon.colcon_core.package_identification:_identify(.) by extension 'python_setup_py'
[0.129s] Level 1:colcon.colcon_core.package_identification:_identify(build) by extensions ['ignore', 'ignore_ament_install']
[0.129s] Level 1:colcon.colcon_core.package_identification:_identify(build) by extension 'ignore'
[0.129s] Level 1:colcon.colcon_core.package_identification:_identify(build) ignored
[0.129s] Level 1:colcon.colcon_core.package_identification:_identify(install) by extensions ['ignore', 'ignore_ament_install']
[0.129s] Level 1:colcon.colcon_core.package_identification:_identify(install) by extension 'ignore'
[0.129s] Level 1:colcon.colcon_core.package_identification:_identify(install) ignored
[0.129s] Level 1:colcon.colcon_core.package_identification:_identify(log) by extensions ['ignore', 'ignore_ament_install']
[0.129s] Level 1:colcon.colcon_core.package_identification:_identify(log) by extension 'ignore'
[0.129s] Level 1:colcon.colcon_core.package_identification:_identify(log) ignored
[0.129s] Level 1:colcon.colcon_core.package_identification:_identify(src) by extensions ['ignore', 'ignore_ament_install']
[0.130s] Level 1:colcon.colcon_core.package_identification:_identify(src) by extension 'ignore'
[0.130s] Level 1:colcon.colcon_core.package_identification:_identify(src) by extension 'ignore_ament_install'
[0.130s] Level 1:colcon.colcon_core.package_identification:_identify(src) by extensions ['colcon_pkg']
[0.130s] Level 1:colcon.colcon_core.package_identification:_identify(src) by extension 'colcon_pkg'
[0.130s] Level 1:colcon.colcon_core.package_identification:_identify(src) by extensions ['colcon_meta']
[0.130s] Level 1:colcon.colcon_core.package_identification:_identify(src) by extension 'colcon_meta'
[0.130s] Level 1:colcon.colcon_core.package_identification:_identify(src) by extensions ['ros']
[0.130s] Level 1:colcon.colcon_core.package_identification:_identify(src) by extension 'ros'
[0.130s] Level 1:colcon.colcon_core.package_identification:_identify(src) by extensions ['cmake', 'python']
[0.130s] Level 1:colcon.colcon_core.package_identification:_identify(src) by extension 'cmake'
[0.130s] Level 1:colcon.colcon_core.package_identification:_identify(src) by extension 'python'
[0.130s] Level 1:colcon.colcon_core.package_identification:_identify(src) by extensions ['python_setup_py']
[0.130s] Level 1:colcon.colcon_core.package_identification:_identify(src) by extension 'python_setup_py'
[0.130s] Level 1:colcon.colcon_core.package_identification:_identify(src/adjust) by extensions ['ignore', 'ignore_ament_install']
[0.130s] Level 1:colcon.colcon_core.package_identification:_identify(src/adjust) by extension 'ignore'
[0.130s] Level 1:colcon.colcon_core.package_identification:_identify(src/adjust) by extension 'ignore_ament_install'
[0.130s] Level 1:colcon.colcon_core.package_identification:_identify(src/adjust) by extensions ['colcon_pkg']
[0.130s] Level 1:colcon.colcon_core.package_identification:_identify(src/adjust) by extension 'colcon_pkg'
[0.130s] Level 1:colcon.colcon_core.package_identification:_identify(src/adjust) by extensions ['colcon_meta']
[0.130s] Level 1:colcon.colcon_core.package_identification:_identify(src/adjust) by extension 'colcon_meta'
[0.130s] Level 1:colcon.colcon_core.package_identification:_identify(src/adjust) by extensions ['ros']
[0.130s] Level 1:colcon.colcon_core.package_identification:_identify(src/adjust) by extension 'ros'
[0.131s] DEBUG:colcon.colcon_core.package_identification:Package 'src/adjust' with type 'ros.ament_cmake' and name 'adjust_hsv'
[0.131s] Level 1:colcon.colcon_core.package_identification:_identify(src/binary_detector) by extensions ['ignore', 'ignore_ament_install']
[0.131s] Level 1:colcon.colcon_core.package_identification:_identify(src/binary_detector) by extension 'ignore'
[0.131s] Level 1:colcon.colcon_core.package_identification:_identify(src/binary_detector) by extension 'ignore_ament_install'
[0.131s] Level 1:colcon.colcon_core.package_identification:_identify(src/binary_detector) by extensions ['colcon_pkg']
[0.131s] Level 1:colcon.colcon_core.package_identification:_identify(src/binary_detector) by extension 'colcon_pkg'
[0.131s] Level 1:colcon.colcon_core.package_identification:_identify(src/binary_detector) by extensions ['colcon_meta']
[0.131s] Level 1:colcon.colcon_core.package_identification:_identify(src/binary_detector) by extension 'colcon_meta'
[0.131s] Level 1:colcon.colcon_core.package_identification:_identify(src/binary_detector) by extensions ['ros']
[0.131s] Level 1:colcon.colcon_core.package_identification:_identify(src/binary_detector) by extension 'ros'
[0.132s] DEBUG:colcon.colcon_core.package_identification:Package 'src/binary_detector' with type 'ros.ament_cmake' and name 'binary_detector'
[0.132s] Level 1:colcon.colcon_core.package_identification:_identify(src/colorblock_detector) by extensions ['ignore', 'ignore_ament_install']
[0.132s] Level 1:colcon.colcon_core.package_identification:_identify(src/colorblock_detector) by extension 'ignore'
[0.132s] Level 1:colcon.colcon_core.package_identification:_identify(src/colorblock_detector) by extension 'ignore_ament_install'
[0.132s] Level 1:colcon.colcon_core.package_identification:_identify(src/colorblock_detector) by extensions ['colcon_pkg']
[0.132s] Level 1:colcon.colcon_core.package_identification:_identify(src/colorblock_detector) by extension 'colcon_pkg'
[0.132s] Level 1:colcon.colcon_core.package_identification:_identify(src/colorblock_detector) by extensions ['colcon_meta']
[0.132s] Level 1:colcon.colcon_core.package_identification:_identify(src/colorblock_detector) by extension 'colcon_meta'
[0.132s] Level 1:colcon.colcon_core.package_identification:_identify(src/colorblock_detector) by extensions ['ros']
[0.132s] Level 1:colcon.colcon_core.package_identification:_identify(src/colorblock_detector) by extension 'ros'
[0.132s] DEBUG:colcon.colcon_core.package_identification:Package 'src/colorblock_detector' with type 'ros.ament_cmake' and name 'colorblock_detector'
[0.132s] Level 1:colcon.colcon_core.package_identification:_identify(src/image_data) by extensions ['ignore', 'ignore_ament_install']
[0.132s] Level 1:colcon.colcon_core.package_identification:_identify(src/image_data) by extension 'ignore'
[0.132s] Level 1:colcon.colcon_core.package_identification:_identify(src/image_data) by extension 'ignore_ament_install'
[0.132s] Level 1:colcon.colcon_core.package_identification:_identify(src/image_data) by extensions ['colcon_pkg']
[0.132s] Level 1:colcon.colcon_core.package_identification:_identify(src/image_data) by extension 'colcon_pkg'
[0.132s] Level 1:colcon.colcon_core.package_identification:_identify(src/image_data) by extensions ['colcon_meta']
[0.132s] Level 1:colcon.colcon_core.package_identification:_identify(src/image_data) by extension 'colcon_meta'
[0.132s] Level 1:colcon.colcon_core.package_identification:_identify(src/image_data) by extensions ['ros']
[0.132s] Level 1:colcon.colcon_core.package_identification:_identify(src/image_data) by extension 'ros'
[0.132s] Level 1:colcon.colcon_core.package_identification:_identify(src/image_data) by extensions ['cmake', 'python']
[0.132s] Level 1:colcon.colcon_core.package_identification:_identify(src/image_data) by extension 'cmake'
[0.132s] Level 1:colcon.colcon_core.package_identification:_identify(src/image_data) by extension 'python'
[0.132s] Level 1:colcon.colcon_core.package_identification:_identify(src/image_data) by extensions ['python_setup_py']
[0.132s] Level 1:colcon.colcon_core.package_identification:_identify(src/image_data) by extension 'python_setup_py'
[0.132s] Level 1:colcon.colcon_core.package_identification:_identify(src/image_data/images) by extensions ['ignore', 'ignore_ament_install']
[0.133s] Level 1:colcon.colcon_core.package_identification:_identify(src/image_data/images) by extension 'ignore'
[0.133s] Level 1:colcon.colcon_core.package_identification:_identify(src/image_data/images) by extension 'ignore_ament_install'
[0.133s] Level 1:colcon.colcon_core.package_identification:_identify(src/image_data/images) by extensions ['colcon_pkg']
[0.133s] Level 1:colcon.colcon_core.package_identification:_identify(src/image_data/images) by extension 'colcon_pkg'
[0.133s] Level 1:colcon.colcon_core.package_identification:_identify(src/image_data/images) by extensions ['colcon_meta']
[0.133s] Level 1:colcon.colcon_core.package_identification:_identify(src/image_data/images) by extension 'colcon_meta'
[0.133s] Level 1:colcon.colcon_core.package_identification:_identify(src/image_data/images) by extensions ['ros']
[0.133s] Level 1:colcon.colcon_core.package_identification:_identify(src/image_data/images) by extension 'ros'
[0.133s] Level 1:colcon.colcon_core.package_identification:_identify(src/image_data/images) by extensions ['cmake', 'python']
[0.133s] Level 1:colcon.colcon_core.package_identification:_identify(src/image_data/images) by extension 'cmake'
[0.133s] Level 1:colcon.colcon_core.package_identification:_identify(src/image_data/images) by extension 'python'
[0.133s] Level 1:colcon.colcon_core.package_identification:_identify(src/image_data/images) by extensions ['python_setup_py']
[0.133s] Level 1:colcon.colcon_core.package_identification:_identify(src/image_data/images) by extension 'python_setup_py'
[0.133s] Level 1:colcon.colcon_core.package_identification:_identify(src/qrmsg) by extensions ['ignore', 'ignore_ament_install']
[0.133s] Level 1:colcon.colcon_core.package_identification:_identify(src/qrmsg) by extension 'ignore'
[0.133s] Level 1:colcon.colcon_core.package_identification:_identify(src/qrmsg) by extension 'ignore_ament_install'
[0.133s] Level 1:colcon.colcon_core.package_identification:_identify(src/qrmsg) by extensions ['colcon_pkg']
[0.133s] Level 1:colcon.colcon_core.package_identification:_identify(src/qrmsg) by extension 'colcon_pkg'
[0.133s] Level 1:colcon.colcon_core.package_identification:_identify(src/qrmsg) by extensions ['colcon_meta']
[0.133s] Level 1:colcon.colcon_core.package_identification:_identify(src/qrmsg) by extension 'colcon_meta'
[0.133s] Level 1:colcon.colcon_core.package_identification:_identify(src/qrmsg) by extensions ['ros']
[0.133s] Level 1:colcon.colcon_core.package_identification:_identify(src/qrmsg) by extension 'ros'
[0.133s] DEBUG:colcon.colcon_core.package_identification:Package 'src/qrmsg' with type 'ros.ament_cmake' and name 'qrmsg'
[0.133s] Level 1:colcon.colcon_core.package_discovery:discover_packages(recursive) using defaults
[0.133s] Level 1:colcon.colcon_core.package_discovery:discover_packages(ignore) discover
[0.133s] Level 1:colcon.colcon_core.package_discovery:discover_packages(ignore) using defaults
[0.133s] Level 1:colcon.colcon_core.package_discovery:discover_packages(path) discover
[0.133s] Level 1:colcon.colcon_core.package_discovery:discover_packages(path) using defaults
[0.148s] Level 1:colcon.colcon_core.package_discovery:discover_packages(prefix_path) check parameters
[0.148s] Level 1:colcon.colcon_core.package_discovery:discover_packages(prefix_path) discover
[0.149s] DEBUG:colcon.colcon_installed_package_information.package_discovery:Found 9 installed packages in /home/jason/Desktop/rm_vision/install
[0.150s] DEBUG:colcon.colcon_installed_package_information.package_discovery:Found 424 installed packages in /opt/ros/humble
[0.150s] Level 1:colcon.colcon_core.package_discovery:discover_packages(prefix_path) using defaults
[0.173s] Level 5:colcon.colcon_core.verb:set package 'adjust_hsv' build argument 'cmake_args' from command line to 'None'
[0.173s] Level 5:colcon.colcon_core.verb:set package 'adjust_hsv' build argument 'cmake_target' from command line to 'None'
[0.173s] Level 5:colcon.colcon_core.verb:set package 'adjust_hsv' build argument 'cmake_target_skip_unavailable' from command line to 'False'
[0.173s] Level 5:colcon.colcon_core.verb:set package 'adjust_hsv' build argument 'cmake_clean_cache' from command line to 'False'
[0.173s] Level 5:colcon.colcon_core.verb:set package 'adjust_hsv' build argument 'cmake_clean_first' from command line to 'False'
[0.173s] Level 5:colcon.colcon_core.verb:set package 'adjust_hsv' build argument 'cmake_force_configure' from command line to 'False'
[0.173s] Level 5:colcon.colcon_core.verb:set package 'adjust_hsv' build argument 'ament_cmake_args' from command line to 'None'
[0.173s] Level 5:colcon.colcon_core.verb:set package 'adjust_hsv' build argument 'catkin_cmake_args' from command line to 'None'
[0.173s] Level 5:colcon.colcon_core.verb:set package 'adjust_hsv' build argument 'catkin_skip_building_tests' from command line to 'False'
[0.173s] DEBUG:colcon.colcon_core.verb:Building package 'adjust_hsv' with the following arguments: {'ament_cmake_args': None, 'build_base': '/home/jason/gxs/GXS_2024_VisionCode/build/adjust_hsv', 'catkin_cmake_args': None, 'catkin_skip_building_tests': False, 'cmake_args': None, 'cmake_clean_cache': False, 'cmake_clean_first': False, 'cmake_force_configure': False, 'cmake_target': None, 'cmake_target_skip_unavailable': False, 'install_base': '/home/jason/gxs/GXS_2024_VisionCode/install/adjust_hsv', 'merge_install': False, 'path': '/home/jason/gxs/GXS_2024_VisionCode/src/adjust', 'symlink_install': False, 'test_result_base': None}
[0.174s] Level 5:colcon.colcon_core.verb:set package 'qrmsg' build argument 'cmake_args' from command line to 'None'
[0.174s] Level 5:colcon.colcon_core.verb:set package 'qrmsg' build argument 'cmake_target' from command line to 'None'
[0.174s] Level 5:colcon.colcon_core.verb:set package 'qrmsg' build argument 'cmake_target_skip_unavailable' from command line to 'False'
[0.174s] Level 5:colcon.colcon_core.verb:set package 'qrmsg' build argument 'cmake_clean_cache' from command line to 'False'
[0.174s] Level 5:colcon.colcon_core.verb:set package 'qrmsg' build argument 'cmake_clean_first' from command line to 'False'
[0.174s] Level 5:colcon.colcon_core.verb:set package 'qrmsg' build argument 'cmake_force_configure' from command line to 'False'
[0.174s] Level 5:colcon.colcon_core.verb:set package 'qrmsg' build argument 'ament_cmake_args' from command line to 'None'
[0.174s] Level 5:colcon.colcon_core.verb:set package 'qrmsg' build argument 'catkin_cmake_args' from command line to 'None'
[0.174s] Level 5:colcon.colcon_core.verb:set package 'qrmsg' build argument 'catkin_skip_building_tests' from command line to 'False'
[0.174s] DEBUG:colcon.colcon_core.verb:Building package 'qrmsg' with the following arguments: {'ament_cmake_args': None, 'build_base': '/home/jason/gxs/GXS_2024_VisionCode/build/qrmsg', 'catkin_cmake_args': None, 'catkin_skip_building_tests': False, 'cmake_args': None, 'cmake_clean_cache': False, 'cmake_clean_first': False, 'cmake_force_configure': False, 'cmake_target': None, 'cmake_target_skip_unavailable': False, 'install_base': '/home/jason/gxs/GXS_2024_VisionCode/install/qrmsg', 'merge_install': False, 'path': '/home/jason/gxs/GXS_2024_VisionCode/src/qrmsg', 'symlink_install': False, 'test_result_base': None}
[0.174s] Level 5:colcon.colcon_core.verb:set package 'binary_detector' build argument 'cmake_args' from command line to 'None'
[0.174s] Level 5:colcon.colcon_core.verb:set package 'binary_detector' build argument 'cmake_target' from command line to 'None'
[0.174s] Level 5:colcon.colcon_core.verb:set package 'binary_detector' build argument 'cmake_target_skip_unavailable' from command line to 'False'
[0.174s] Level 5:colcon.colcon_core.verb:set package 'binary_detector' build argument 'cmake_clean_cache' from command line to 'False'
[0.174s] Level 5:colcon.colcon_core.verb:set package 'binary_detector' build argument 'cmake_clean_first' from command line to 'False'
[0.174s] Level 5:colcon.colcon_core.verb:set package 'binary_detector' build argument 'cmake_force_configure' from command line to 'False'
[0.174s] Level 5:colcon.colcon_core.verb:set package 'binary_detector' build argument 'ament_cmake_args' from command line to 'None'
[0.174s] Level 5:colcon.colcon_core.verb:set package 'binary_detector' build argument 'catkin_cmake_args' from command line to 'None'
[0.174s] Level 5:colcon.colcon_core.verb:set package 'binary_detector' build argument 'catkin_skip_building_tests' from command line to 'False'
[0.174s] DEBUG:colcon.colcon_core.verb:Building package 'binary_detector' with the following arguments: {'ament_cmake_args': None, 'build_base': '/home/jason/gxs/GXS_2024_VisionCode/build/binary_detector', 'catkin_cmake_args': None, 'catkin_skip_building_tests': False, 'cmake_args': None, 'cmake_clean_cache': False, 'cmake_clean_first': False, 'cmake_force_configure': False, 'cmake_target': None, 'cmake_target_skip_unavailable': False, 'install_base': '/home/jason/gxs/GXS_2024_VisionCode/install/binary_detector', 'merge_install': False, 'path': '/home/jason/gxs/GXS_2024_VisionCode/src/binary_detector', 'symlink_install': False, 'test_result_base': None}
[0.174s] Level 5:colcon.colcon_core.verb:set package 'colorblock_detector' build argument 'cmake_args' from command line to 'None'
[0.174s] Level 5:colcon.colcon_core.verb:set package 'colorblock_detector' build argument 'cmake_target' from command line to 'None'
[0.174s] Level 5:colcon.colcon_core.verb:set package 'colorblock_detector' build argument 'cmake_target_skip_unavailable' from command line to 'False'
[0.174s] Level 5:colcon.colcon_core.verb:set package 'colorblock_detector' build argument 'cmake_clean_cache' from command line to 'False'
[0.174s] Level 5:colcon.colcon_core.verb:set package 'colorblock_detector' build argument 'cmake_clean_first' from command line to 'False'
[0.174s] Level 5:colcon.colcon_core.verb:set package 'colorblock_detector' build argument 'cmake_force_configure' from command line to 'False'
[0.174s] Level 5:colcon.colcon_core.verb:set package 'colorblock_detector' build argument 'ament_cmake_args' from command line to 'None'
[0.174s] Level 5:colcon.colcon_core.verb:set package 'colorblock_detector' build argument 'catkin_cmake_args' from command line to 'None'
[0.174s] Level 5:colcon.colcon_core.verb:set package 'colorblock_detector' build argument 'catkin_skip_building_tests' from command line to 'False'
[0.174s] DEBUG:colcon.colcon_core.verb:Building package 'colorblock_detector' with the following arguments: {'ament_cmake_args': None, 'build_base': '/home/jason/gxs/GXS_2024_VisionCode/build/colorblock_detector', 'catkin_cmake_args': None, 'catkin_skip_building_tests': False, 'cmake_args': None, 'cmake_clean_cache': False, 'cmake_clean_first': False, 'cmake_force_configure': False, 'cmake_target': None, 'cmake_target_skip_unavailable': False, 'install_base': '/home/jason/gxs/GXS_2024_VisionCode/install/colorblock_detector', 'merge_install': False, 'path': '/home/jason/gxs/GXS_2024_VisionCode/src/colorblock_detector', 'symlink_install': False, 'test_result_base': None}
[0.174s] INFO:colcon.colcon_core.executor:Executing jobs using 'parallel' executor
[0.175s] DEBUG:colcon.colcon_parallel_executor.executor.parallel:run_until_complete
[0.175s] INFO:colcon.colcon_ros.task.ament_cmake.build:Building ROS package in '/home/jason/gxs/GXS_2024_VisionCode/src/qrmsg' with build type 'ament_cmake'
[0.175s] INFO:colcon.colcon_cmake.task.cmake.build:Building CMake package in '/home/jason/gxs/GXS_2024_VisionCode/src/qrmsg'
[0.176s] INFO:colcon.colcon_core.plugin_system:Skipping extension 'colcon_core.shell.bat': Not used on non-Windows systems
[0.176s] INFO:colcon.colcon_core.shell:Skip shell extension 'powershell' for command environment: Not usable outside of PowerShell
[0.176s] DEBUG:colcon.colcon_core.shell:Skip shell extension 'dsv' for command environment
[0.178s] INFO:colcon.colcon_ros.task.ament_cmake.build:Building ROS package in '/home/jason/gxs/GXS_2024_VisionCode/src/adjust' with build type 'ament_cmake'
[0.178s] INFO:colcon.colcon_cmake.task.cmake.build:Building CMake package in '/home/jason/gxs/GXS_2024_VisionCode/src/adjust'
[0.178s] INFO:colcon.colcon_core.shell:Skip shell extension 'powershell' for command environment: Not usable outside of PowerShell
[0.178s] DEBUG:colcon.colcon_core.shell:Skip shell extension 'dsv' for command environment
[0.182s] DEBUG:colcon.colcon_core.event_handler.log_command:Invoking command in '/home/jason/gxs/GXS_2024_VisionCode/build/qrmsg': CMAKE_PREFIX_PATH=${CMAKE_PREFIX_PATH}:/opt/ros/humble /usr/bin/cmake --build /home/jason/gxs/GXS_2024_VisionCode/build/qrmsg -- -j16 -l16
[0.185s] DEBUG:colcon.colcon_core.event_handler.log_command:Invoking command in '/home/jason/gxs/GXS_2024_VisionCode/build/adjust_hsv': CMAKE_PREFIX_PATH=${CMAKE_PREFIX_PATH}:/opt/ros/humble /usr/bin/cmake --build /home/jason/gxs/GXS_2024_VisionCode/build/adjust_hsv -- -j16 -l16
[0.365s] DEBUG:colcon.colcon_core.event_handler.log_command:Invoked command in '/home/jason/gxs/GXS_2024_VisionCode/build/qrmsg' returned '0': CMAKE_PREFIX_PATH=${CMAKE_PREFIX_PATH}:/opt/ros/humble /usr/bin/cmake --build /home/jason/gxs/GXS_2024_VisionCode/build/qrmsg -- -j16 -l16
[0.400s] DEBUG:colcon.colcon_core.event_handler.log_command:Invoking command in '/home/jason/gxs/GXS_2024_VisionCode/build/qrmsg': CMAKE_PREFIX_PATH=${CMAKE_PREFIX_PATH}:/opt/ros/humble /usr/bin/cmake --install /home/jason/gxs/GXS_2024_VisionCode/build/qrmsg
[0.427s] Level 1:colcon.colcon_core.environment:create_environment_scripts_only(qrmsg)
[0.428s] DEBUG:colcon.colcon_core.event_handler.log_command:Invoked command in '/home/jason/gxs/GXS_2024_VisionCode/build/qrmsg' returned '0': CMAKE_PREFIX_PATH=${CMAKE_PREFIX_PATH}:/opt/ros/humble /usr/bin/cmake --install /home/jason/gxs/GXS_2024_VisionCode/build/qrmsg
[0.429s] Level 1:colcon.colcon_core.environment:checking '/home/jason/gxs/GXS_2024_VisionCode/install/qrmsg' for CMake module files
[0.429s] Level 1:colcon.colcon_core.environment:checking '/home/jason/gxs/GXS_2024_VisionCode/install/qrmsg' for CMake config files
[0.429s] Level 1:colcon.colcon_core.shell:create_environment_hook('qrmsg', 'cmake_prefix_path')
[0.429s] INFO:colcon.colcon_core.shell:Creating environment hook '/home/jason/gxs/GXS_2024_VisionCode/install/qrmsg/share/qrmsg/hook/cmake_prefix_path.ps1'
[0.430s] INFO:colcon.colcon_core.shell:Creating environment descriptor '/home/jason/gxs/GXS_2024_VisionCode/install/qrmsg/share/qrmsg/hook/cmake_prefix_path.dsv'
[0.430s] INFO:colcon.colcon_core.shell:Creating environment hook '/home/jason/gxs/GXS_2024_VisionCode/install/qrmsg/share/qrmsg/hook/cmake_prefix_path.sh'
[0.430s] Level 1:colcon.colcon_core.environment:checking '/home/jason/gxs/GXS_2024_VisionCode/install/qrmsg/lib'
[0.430s] Level 1:colcon.colcon_core.shell:create_environment_hook('qrmsg', 'ld_library_path_lib')
[0.431s] INFO:colcon.colcon_core.shell:Creating environment hook '/home/jason/gxs/GXS_2024_VisionCode/install/qrmsg/share/qrmsg/hook/ld_library_path_lib.ps1'
[0.431s] INFO:colcon.colcon_core.shell:Creating environment descriptor '/home/jason/gxs/GXS_2024_VisionCode/install/qrmsg/share/qrmsg/hook/ld_library_path_lib.dsv'
[0.431s] INFO:colcon.colcon_core.shell:Creating environment hook '/home/jason/gxs/GXS_2024_VisionCode/install/qrmsg/share/qrmsg/hook/ld_library_path_lib.sh'
[0.431s] Level 1:colcon.colcon_core.environment:checking '/home/jason/gxs/GXS_2024_VisionCode/install/qrmsg/bin'
[0.431s] Level 1:colcon.colcon_core.environment:checking '/home/jason/gxs/GXS_2024_VisionCode/install/qrmsg/lib/pkgconfig/qrmsg.pc'
[0.431s] Level 1:colcon.colcon_core.environment:checking '/home/jason/gxs/GXS_2024_VisionCode/install/qrmsg/lib/python3.10/site-packages'
[0.431s] Level 1:colcon.colcon_core.environment:checking '/home/jason/gxs/GXS_2024_VisionCode/install/qrmsg/bin'
[0.432s] INFO:colcon.colcon_core.shell:Creating package script '/home/jason/gxs/GXS_2024_VisionCode/install/qrmsg/share/qrmsg/package.ps1'
[0.432s] INFO:colcon.colcon_core.shell:Creating package descriptor '/home/jason/gxs/GXS_2024_VisionCode/install/qrmsg/share/qrmsg/package.dsv'
[0.433s] INFO:colcon.colcon_core.shell:Creating package script '/home/jason/gxs/GXS_2024_VisionCode/install/qrmsg/share/qrmsg/package.sh'
[0.433s] INFO:colcon.colcon_core.shell:Creating package script '/home/jason/gxs/GXS_2024_VisionCode/install/qrmsg/share/qrmsg/package.bash'
[0.433s] INFO:colcon.colcon_core.shell:Creating package script '/home/jason/gxs/GXS_2024_VisionCode/install/qrmsg/share/qrmsg/package.zsh'
[0.433s] Level 1:colcon.colcon_core.environment:create_file_with_runtime_dependencies(/home/jason/gxs/GXS_2024_VisionCode/install/qrmsg/share/colcon-core/packages/qrmsg)
[0.464s] Level 1:colcon.colcon_core.environment:create_environment_scripts_only(qrmsg)
[0.464s] Level 1:colcon.colcon_core.environment:checking '/home/jason/gxs/GXS_2024_VisionCode/install/qrmsg' for CMake module files
[0.465s] Level 1:colcon.colcon_core.environment:checking '/home/jason/gxs/GXS_2024_VisionCode/install/qrmsg' for CMake config files
[0.465s] Level 1:colcon.colcon_core.shell:create_environment_hook('qrmsg', 'cmake_prefix_path')
[0.465s] INFO:colcon.colcon_core.shell:Creating environment hook '/home/jason/gxs/GXS_2024_VisionCode/install/qrmsg/share/qrmsg/hook/cmake_prefix_path.ps1'
[0.465s] INFO:colcon.colcon_core.shell:Creating environment descriptor '/home/jason/gxs/GXS_2024_VisionCode/install/qrmsg/share/qrmsg/hook/cmake_prefix_path.dsv'
[0.465s] INFO:colcon.colcon_core.shell:Creating environment hook '/home/jason/gxs/GXS_2024_VisionCode/install/qrmsg/share/qrmsg/hook/cmake_prefix_path.sh'
[0.465s] Level 1:colcon.colcon_core.environment:checking '/home/jason/gxs/GXS_2024_VisionCode/install/qrmsg/lib'
[0.466s] Level 1:colcon.colcon_core.shell:create_environment_hook('qrmsg', 'ld_library_path_lib')
[0.466s] INFO:colcon.colcon_core.shell:Creating environment hook '/home/jason/gxs/GXS_2024_VisionCode/install/qrmsg/share/qrmsg/hook/ld_library_path_lib.ps1'
[0.466s] INFO:colcon.colcon_core.shell:Creating environment descriptor '/home/jason/gxs/GXS_2024_VisionCode/install/qrmsg/share/qrmsg/hook/ld_library_path_lib.dsv'
[0.466s] INFO:colcon.colcon_core.shell:Creating environment hook '/home/jason/gxs/GXS_2024_VisionCode/install/qrmsg/share/qrmsg/hook/ld_library_path_lib.sh'
[0.466s] Level 1:colcon.colcon_core.environment:checking '/home/jason/gxs/GXS_2024_VisionCode/install/qrmsg/bin'
[0.466s] Level 1:colcon.colcon_core.environment:checking '/home/jason/gxs/GXS_2024_VisionCode/install/qrmsg/lib/pkgconfig/qrmsg.pc'
[0.466s] Level 1:colcon.colcon_core.environment:checking '/home/jason/gxs/GXS_2024_VisionCode/install/qrmsg/lib/python3.10/site-packages'
[0.466s] Level 1:colcon.colcon_core.environment:checking '/home/jason/gxs/GXS_2024_VisionCode/install/qrmsg/bin'
[0.466s] INFO:colcon.colcon_core.shell:Creating package script '/home/jason/gxs/GXS_2024_VisionCode/install/qrmsg/share/qrmsg/package.ps1'
[0.467s] INFO:colcon.colcon_core.shell:Creating package descriptor '/home/jason/gxs/GXS_2024_VisionCode/install/qrmsg/share/qrmsg/package.dsv'
[0.467s] INFO:colcon.colcon_core.shell:Creating package script '/home/jason/gxs/GXS_2024_VisionCode/install/qrmsg/share/qrmsg/package.sh'
[0.467s] INFO:colcon.colcon_core.shell:Creating package script '/home/jason/gxs/GXS_2024_VisionCode/install/qrmsg/share/qrmsg/package.bash'
[0.467s] INFO:colcon.colcon_core.shell:Creating package script '/home/jason/gxs/GXS_2024_VisionCode/install/qrmsg/share/qrmsg/package.zsh'
[0.467s] Level 1:colcon.colcon_core.environment:create_file_with_runtime_dependencies(/home/jason/gxs/GXS_2024_VisionCode/install/qrmsg/share/colcon-core/packages/qrmsg)
[0.467s] INFO:colcon.colcon_ros.task.ament_cmake.build:Building ROS package in '/home/jason/gxs/GXS_2024_VisionCode/src/binary_detector' with build type 'ament_cmake'
[0.468s] INFO:colcon.colcon_cmake.task.cmake.build:Building CMake package in '/home/jason/gxs/GXS_2024_VisionCode/src/binary_detector'
[0.468s] INFO:colcon.colcon_core.shell:Skip shell extension 'powershell' for command environment: Not usable outside of PowerShell
[0.468s] DEBUG:colcon.colcon_core.shell:Skip shell extension 'dsv' for command environment
[0.470s] INFO:colcon.colcon_ros.task.ament_cmake.build:Building ROS package in '/home/jason/gxs/GXS_2024_VisionCode/src/colorblock_detector' with build type 'ament_cmake'
[0.470s] INFO:colcon.colcon_cmake.task.cmake.build:Building CMake package in '/home/jason/gxs/GXS_2024_VisionCode/src/colorblock_detector'
[0.470s] INFO:colcon.colcon_core.shell:Skip shell extension 'powershell' for command environment: Not usable outside of PowerShell
[0.470s] DEBUG:colcon.colcon_core.shell:Skip shell extension 'dsv' for command environment
[0.475s] DEBUG:colcon.colcon_core.event_handler.log_command:Invoking command in '/home/jason/gxs/GXS_2024_VisionCode/build/binary_detector': AMENT_PREFIX_PATH=/home/jason/gxs/GXS_2024_VisionCode/install/qrmsg:${AMENT_PREFIX_PATH} CMAKE_PREFIX_PATH=/home/jason/gxs/GXS_2024_VisionCode/install/qrmsg:/home/jason/Desktop/rm_vision/install/trajectory:/home/jason/Desktop/rm_vision/install/rm_vision_bringup:/home/jason/Desktop/rm_vision/install/rm_serial_driver:/home/jason/Desktop/rm_vision/install/rm_gimbal_description:/home/jason/Desktop/rm_vision/install/rm_auto_aim:/home/jason/Desktop/rm_vision/install/mindvision_camera:/home/jason/Desktop/rm_vision/install/armor_tracker:/home/jason/Desktop/rm_vision/install/armor_detector:/home/jason/Desktop/rm_vision/install/auto_aim_interfaces:/opt/ros/humble LD_LIBRARY_PATH=/home/jason/gxs/GXS_2024_VisionCode/install/qrmsg/lib:${LD_LIBRARY_PATH} PYTHONPATH=/home/jason/gxs/GXS_2024_VisionCode/install/qrmsg/local/lib/python3.10/dist-packages:${PYTHONPATH} /usr/bin/cmake --build /home/jason/gxs/GXS_2024_VisionCode/build/binary_detector -- -j16 -l16
[0.478s] DEBUG:colcon.colcon_core.event_handler.log_command:Invoking command in '/home/jason/gxs/GXS_2024_VisionCode/build/colorblock_detector': AMENT_PREFIX_PATH=/home/jason/gxs/GXS_2024_VisionCode/install/qrmsg:${AMENT_PREFIX_PATH} CMAKE_PREFIX_PATH=/home/jason/gxs/GXS_2024_VisionCode/install/qrmsg:/home/jason/Desktop/rm_vision/install/trajectory:/home/jason/Desktop/rm_vision/install/rm_vision_bringup:/home/jason/Desktop/rm_vision/install/rm_serial_driver:/home/jason/Desktop/rm_vision/install/rm_gimbal_description:/home/jason/Desktop/rm_vision/install/rm_auto_aim:/home/jason/Desktop/rm_vision/install/mindvision_camera:/home/jason/Desktop/rm_vision/install/armor_tracker:/home/jason/Desktop/rm_vision/install/armor_detector:/home/jason/Desktop/rm_vision/install/auto_aim_interfaces:/opt/ros/humble LD_LIBRARY_PATH=/home/jason/gxs/GXS_2024_VisionCode/install/qrmsg/lib:${LD_LIBRARY_PATH} PYTHONPATH=/home/jason/gxs/GXS_2024_VisionCode/install/qrmsg/local/lib/python3.10/dist-packages:${PYTHONPATH} /usr/bin/cmake --build /home/jason/gxs/GXS_2024_VisionCode/build/colorblock_detector -- -j16 -l16
[0.518s] DEBUG:colcon.colcon_core.event_handler.log_command:Invoked command in '/home/jason/gxs/GXS_2024_VisionCode/build/colorblock_detector' returned '0': AMENT_PREFIX_PATH=/home/jason/gxs/GXS_2024_VisionCode/install/qrmsg:${AMENT_PREFIX_PATH} CMAKE_PREFIX_PATH=/home/jason/gxs/GXS_2024_VisionCode/install/qrmsg:/home/jason/Desktop/rm_vision/install/trajectory:/home/jason/Desktop/rm_vision/install/rm_vision_bringup:/home/jason/Desktop/rm_vision/install/rm_serial_driver:/home/jason/Desktop/rm_vision/install/rm_gimbal_description:/home/jason/Desktop/rm_vision/install/rm_auto_aim:/home/jason/Desktop/rm_vision/install/mindvision_camera:/home/jason/Desktop/rm_vision/install/armor_tracker:/home/jason/Desktop/rm_vision/install/armor_detector:/home/jason/Desktop/rm_vision/install/auto_aim_interfaces:/opt/ros/humble LD_LIBRARY_PATH=/home/jason/gxs/GXS_2024_VisionCode/install/qrmsg/lib:${LD_LIBRARY_PATH} PYTHONPATH=/home/jason/gxs/GXS_2024_VisionCode/install/qrmsg/local/lib/python3.10/dist-packages:${PYTHONPATH} /usr/bin/cmake --build /home/jason/gxs/GXS_2024_VisionCode/build/colorblock_detector -- -j16 -l16
[0.532s] DEBUG:colcon.colcon_core.event_handler.log_command:Invoking command in '/home/jason/gxs/GXS_2024_VisionCode/build/colorblock_detector': AMENT_PREFIX_PATH=/home/jason/gxs/GXS_2024_VisionCode/install/qrmsg:${AMENT_PREFIX_PATH} CMAKE_PREFIX_PATH=/home/jason/gxs/GXS_2024_VisionCode/install/qrmsg:/home/jason/Desktop/rm_vision/install/trajectory:/home/jason/Desktop/rm_vision/install/rm_vision_bringup:/home/jason/Desktop/rm_vision/install/rm_serial_driver:/home/jason/Desktop/rm_vision/install/rm_gimbal_description:/home/jason/Desktop/rm_vision/install/rm_auto_aim:/home/jason/Desktop/rm_vision/install/mindvision_camera:/home/jason/Desktop/rm_vision/install/armor_tracker:/home/jason/Desktop/rm_vision/install/armor_detector:/home/jason/Desktop/rm_vision/install/auto_aim_interfaces:/opt/ros/humble LD_LIBRARY_PATH=/home/jason/gxs/GXS_2024_VisionCode/install/qrmsg/lib:${LD_LIBRARY_PATH} PYTHONPATH=/home/jason/gxs/GXS_2024_VisionCode/install/qrmsg/local/lib/python3.10/dist-packages:${PYTHONPATH} /usr/bin/cmake --install /home/jason/gxs/GXS_2024_VisionCode/build/colorblock_detector
[0.535s] DEBUG:colcon.colcon_core.event_handler.log_command:Invoked command in '/home/jason/gxs/GXS_2024_VisionCode/build/binary_detector' returned '0': AMENT_PREFIX_PATH=/home/jason/gxs/GXS_2024_VisionCode/install/qrmsg:${AMENT_PREFIX_PATH} CMAKE_PREFIX_PATH=/home/jason/gxs/GXS_2024_VisionCode/install/qrmsg:/home/jason/Desktop/rm_vision/install/trajectory:/home/jason/Desktop/rm_vision/install/rm_vision_bringup:/home/jason/Desktop/rm_vision/install/rm_serial_driver:/home/jason/Desktop/rm_vision/install/rm_gimbal_description:/home/jason/Desktop/rm_vision/install/rm_auto_aim:/home/jason/Desktop/rm_vision/install/mindvision_camera:/home/jason/Desktop/rm_vision/install/armor_tracker:/home/jason/Desktop/rm_vision/install/armor_detector:/home/jason/Desktop/rm_vision/install/auto_aim_interfaces:/opt/ros/humble LD_LIBRARY_PATH=/home/jason/gxs/GXS_2024_VisionCode/install/qrmsg/lib:${LD_LIBRARY_PATH} PYTHONPATH=/home/jason/gxs/GXS_2024_VisionCode/install/qrmsg/local/lib/python3.10/dist-packages:${PYTHONPATH} /usr/bin/cmake --build /home/jason/gxs/GXS_2024_VisionCode/build/binary_detector -- -j16 -l16
[0.539s] Level 1:colcon.colcon_core.environment:create_environment_scripts_only(colorblock_detector)
[0.539s] Level 1:colcon.colcon_core.environment:checking '/home/jason/gxs/GXS_2024_VisionCode/install/colorblock_detector' for CMake module files
[0.540s] DEBUG:colcon.colcon_core.event_handler.log_command:Invoked command in '/home/jason/gxs/GXS_2024_VisionCode/build/colorblock_detector' returned '0': AMENT_PREFIX_PATH=/home/jason/gxs/GXS_2024_VisionCode/install/qrmsg:${AMENT_PREFIX_PATH} CMAKE_PREFIX_PATH=/home/jason/gxs/GXS_2024_VisionCode/install/qrmsg:/home/jason/Desktop/rm_vision/install/trajectory:/home/jason/Desktop/rm_vision/install/rm_vision_bringup:/home/jason/Desktop/rm_vision/install/rm_serial_driver:/home/jason/Desktop/rm_vision/install/rm_gimbal_description:/home/jason/Desktop/rm_vision/install/rm_auto_aim:/home/jason/Desktop/rm_vision/install/mindvision_camera:/home/jason/Desktop/rm_vision/install/armor_tracker:/home/jason/Desktop/rm_vision/install/armor_detector:/home/jason/Desktop/rm_vision/install/auto_aim_interfaces:/opt/ros/humble LD_LIBRARY_PATH=/home/jason/gxs/GXS_2024_VisionCode/install/qrmsg/lib:${LD_LIBRARY_PATH} PYTHONPATH=/home/jason/gxs/GXS_2024_VisionCode/install/qrmsg/local/lib/python3.10/dist-packages:${PYTHONPATH} /usr/bin/cmake --install /home/jason/gxs/GXS_2024_VisionCode/build/colorblock_detector
[0.540s] Level 1:colcon.colcon_core.environment:checking '/home/jason/gxs/GXS_2024_VisionCode/install/colorblock_detector' for CMake config files
[0.540s] Level 1:colcon.colcon_core.shell:create_environment_hook('colorblock_detector', 'cmake_prefix_path')
[0.541s] INFO:colcon.colcon_core.shell:Creating environment hook '/home/jason/gxs/GXS_2024_VisionCode/install/colorblock_detector/share/colorblock_detector/hook/cmake_prefix_path.ps1'
[0.541s] INFO:colcon.colcon_core.shell:Creating environment descriptor '/home/jason/gxs/GXS_2024_VisionCode/install/colorblock_detector/share/colorblock_detector/hook/cmake_prefix_path.dsv'
[0.541s] INFO:colcon.colcon_core.shell:Creating environment hook '/home/jason/gxs/GXS_2024_VisionCode/install/colorblock_detector/share/colorblock_detector/hook/cmake_prefix_path.sh'
[0.541s] Level 1:colcon.colcon_core.environment:checking '/home/jason/gxs/GXS_2024_VisionCode/install/colorblock_detector/lib'
[0.541s] Level 1:colcon.colcon_core.environment:checking '/home/jason/gxs/GXS_2024_VisionCode/install/colorblock_detector/bin'
[0.541s] Level 1:colcon.colcon_core.environment:checking '/home/jason/gxs/GXS_2024_VisionCode/install/colorblock_detector/lib/pkgconfig/colorblock_detector.pc'
[0.541s] Level 1:colcon.colcon_core.environment:checking '/home/jason/gxs/GXS_2024_VisionCode/install/colorblock_detector/lib/python3.10/site-packages'
[0.542s] Level 1:colcon.colcon_core.environment:checking '/home/jason/gxs/GXS_2024_VisionCode/install/colorblock_detector/bin'
[0.542s] INFO:colcon.colcon_core.shell:Creating package script '/home/jason/gxs/GXS_2024_VisionCode/install/colorblock_detector/share/colorblock_detector/package.ps1'
[0.542s] INFO:colcon.colcon_core.shell:Creating package descriptor '/home/jason/gxs/GXS_2024_VisionCode/install/colorblock_detector/share/colorblock_detector/package.dsv'
[0.542s] INFO:colcon.colcon_core.shell:Creating package script '/home/jason/gxs/GXS_2024_VisionCode/install/colorblock_detector/share/colorblock_detector/package.sh'
[0.542s] INFO:colcon.colcon_core.shell:Creating package script '/home/jason/gxs/GXS_2024_VisionCode/install/colorblock_detector/share/colorblock_detector/package.bash'
[0.542s] INFO:colcon.colcon_core.shell:Creating package script '/home/jason/gxs/GXS_2024_VisionCode/install/colorblock_detector/share/colorblock_detector/package.zsh'
[0.542s] Level 1:colcon.colcon_core.environment:create_file_with_runtime_dependencies(/home/jason/gxs/GXS_2024_VisionCode/install/colorblock_detector/share/colcon-core/packages/colorblock_detector)
[0.551s] DEBUG:colcon.colcon_core.event_handler.log_command:Invoking command in '/home/jason/gxs/GXS_2024_VisionCode/build/binary_detector': AMENT_PREFIX_PATH=/home/jason/gxs/GXS_2024_VisionCode/install/qrmsg:${AMENT_PREFIX_PATH} CMAKE_PREFIX_PATH=/home/jason/gxs/GXS_2024_VisionCode/install/qrmsg:/home/jason/Desktop/rm_vision/install/trajectory:/home/jason/Desktop/rm_vision/install/rm_vision_bringup:/home/jason/Desktop/rm_vision/install/rm_serial_driver:/home/jason/Desktop/rm_vision/install/rm_gimbal_description:/home/jason/Desktop/rm_vision/install/rm_auto_aim:/home/jason/Desktop/rm_vision/install/mindvision_camera:/home/jason/Desktop/rm_vision/install/armor_tracker:/home/jason/Desktop/rm_vision/install/armor_detector:/home/jason/Desktop/rm_vision/install/auto_aim_interfaces:/opt/ros/humble LD_LIBRARY_PATH=/home/jason/gxs/GXS_2024_VisionCode/install/qrmsg/lib:${LD_LIBRARY_PATH} PYTHONPATH=/home/jason/gxs/GXS_2024_VisionCode/install/qrmsg/local/lib/python3.10/dist-packages:${PYTHONPATH} /usr/bin/cmake --install /home/jason/gxs/GXS_2024_VisionCode/build/binary_detector
[0.556s] Level 1:colcon.colcon_core.environment:create_environment_scripts_only(colorblock_detector)
[0.556s] Level 1:colcon.colcon_core.environment:checking '/home/jason/gxs/GXS_2024_VisionCode/install/colorblock_detector' for CMake module files
[0.558s] Level 1:colcon.colcon_core.environment:checking '/home/jason/gxs/GXS_2024_VisionCode/install/colorblock_detector' for CMake config files
[0.558s] Level 1:colcon.colcon_core.shell:create_environment_hook('colorblock_detector', 'cmake_prefix_path')
[0.558s] INFO:colcon.colcon_core.shell:Creating environment hook '/home/jason/gxs/GXS_2024_VisionCode/install/colorblock_detector/share/colorblock_detector/hook/cmake_prefix_path.ps1'
[0.558s] INFO:colcon.colcon_core.shell:Creating environment descriptor '/home/jason/gxs/GXS_2024_VisionCode/install/colorblock_detector/share/colorblock_detector/hook/cmake_prefix_path.dsv'
[0.559s] INFO:colcon.colcon_core.shell:Creating environment hook '/home/jason/gxs/GXS_2024_VisionCode/install/colorblock_detector/share/colorblock_detector/hook/cmake_prefix_path.sh'
[0.559s] Level 1:colcon.colcon_core.environment:checking '/home/jason/gxs/GXS_2024_VisionCode/install/colorblock_detector/lib'
[0.559s] Level 1:colcon.colcon_core.environment:checking '/home/jason/gxs/GXS_2024_VisionCode/install/colorblock_detector/bin'
[0.559s] Level 1:colcon.colcon_core.environment:checking '/home/jason/gxs/GXS_2024_VisionCode/install/colorblock_detector/lib/pkgconfig/colorblock_detector.pc'
[0.559s] Level 1:colcon.colcon_core.environment:checking '/home/jason/gxs/GXS_2024_VisionCode/install/colorblock_detector/lib/python3.10/site-packages'
[0.559s] Level 1:colcon.colcon_core.environment:checking '/home/jason/gxs/GXS_2024_VisionCode/install/colorblock_detector/bin'
[0.560s] INFO:colcon.colcon_core.shell:Creating package script '/home/jason/gxs/GXS_2024_VisionCode/install/colorblock_detector/share/colorblock_detector/package.ps1'
[0.560s] INFO:colcon.colcon_core.shell:Creating package descriptor '/home/jason/gxs/GXS_2024_VisionCode/install/colorblock_detector/share/colorblock_detector/package.dsv'
[0.560s] INFO:colcon.colcon_core.shell:Creating package script '/home/jason/gxs/GXS_2024_VisionCode/install/colorblock_detector/share/colorblock_detector/package.sh'
[0.560s] INFO:colcon.colcon_core.shell:Creating package script '/home/jason/gxs/GXS_2024_VisionCode/install/colorblock_detector/share/colorblock_detector/package.bash'
[0.561s] INFO:colcon.colcon_core.shell:Creating package script '/home/jason/gxs/GXS_2024_VisionCode/install/colorblock_detector/share/colorblock_detector/package.zsh'
[0.561s] Level 1:colcon.colcon_core.environment:create_file_with_runtime_dependencies(/home/jason/gxs/GXS_2024_VisionCode/install/colorblock_detector/share/colcon-core/packages/colorblock_detector)
[0.561s] Level 1:colcon.colcon_core.environment:create_environment_scripts_only(binary_detector)
[0.562s] Level 1:colcon.colcon_core.environment:checking '/home/jason/gxs/GXS_2024_VisionCode/install/binary_detector' for CMake module files
[0.562s] DEBUG:colcon.colcon_core.event_handler.log_command:Invoked command in '/home/jason/gxs/GXS_2024_VisionCode/build/binary_detector' returned '0': AMENT_PREFIX_PATH=/home/jason/gxs/GXS_2024_VisionCode/install/qrmsg:${AMENT_PREFIX_PATH} CMAKE_PREFIX_PATH=/home/jason/gxs/GXS_2024_VisionCode/install/qrmsg:/home/jason/Desktop/rm_vision/install/trajectory:/home/jason/Desktop/rm_vision/install/rm_vision_bringup:/home/jason/Desktop/rm_vision/install/rm_serial_driver:/home/jason/Desktop/rm_vision/install/rm_gimbal_description:/home/jason/Desktop/rm_vision/install/rm_auto_aim:/home/jason/Desktop/rm_vision/install/mindvision_camera:/home/jason/Desktop/rm_vision/install/armor_tracker:/home/jason/Desktop/rm_vision/install/armor_detector:/home/jason/Desktop/rm_vision/install/auto_aim_interfaces:/opt/ros/humble LD_LIBRARY_PATH=/home/jason/gxs/GXS_2024_VisionCode/install/qrmsg/lib:${LD_LIBRARY_PATH} PYTHONPATH=/home/jason/gxs/GXS_2024_VisionCode/install/qrmsg/local/lib/python3.10/dist-packages:${PYTHONPATH} /usr/bin/cmake --install /home/jason/gxs/GXS_2024_VisionCode/build/binary_detector
[0.562s] Level 1:colcon.colcon_core.environment:checking '/home/jason/gxs/GXS_2024_VisionCode/install/binary_detector' for CMake config files
[0.562s] Level 1:colcon.colcon_core.shell:create_environment_hook('binary_detector', 'cmake_prefix_path')
[0.562s] INFO:colcon.colcon_core.shell:Creating environment hook '/home/jason/gxs/GXS_2024_VisionCode/install/binary_detector/share/binary_detector/hook/cmake_prefix_path.ps1'
[0.562s] INFO:colcon.colcon_core.shell:Creating environment descriptor '/home/jason/gxs/GXS_2024_VisionCode/install/binary_detector/share/binary_detector/hook/cmake_prefix_path.dsv'
[0.563s] INFO:colcon.colcon_core.shell:Creating environment hook '/home/jason/gxs/GXS_2024_VisionCode/install/binary_detector/share/binary_detector/hook/cmake_prefix_path.sh'
[0.563s] Level 1:colcon.colcon_core.environment:checking '/home/jason/gxs/GXS_2024_VisionCode/install/binary_detector/lib'
[0.563s] Level 1:colcon.colcon_core.environment:checking '/home/jason/gxs/GXS_2024_VisionCode/install/binary_detector/bin'
[0.563s] Level 1:colcon.colcon_core.environment:checking '/home/jason/gxs/GXS_2024_VisionCode/install/binary_detector/lib/pkgconfig/binary_detector.pc'
[0.563s] Level 1:colcon.colcon_core.environment:checking '/home/jason/gxs/GXS_2024_VisionCode/install/binary_detector/lib/python3.10/site-packages'
[0.563s] Level 1:colcon.colcon_core.environment:checking '/home/jason/gxs/GXS_2024_VisionCode/install/binary_detector/bin'
[0.563s] INFO:colcon.colcon_core.shell:Creating package script '/home/jason/gxs/GXS_2024_VisionCode/install/binary_detector/share/binary_detector/package.ps1'
[0.563s] INFO:colcon.colcon_core.shell:Creating package descriptor '/home/jason/gxs/GXS_2024_VisionCode/install/binary_detector/share/binary_detector/package.dsv'
[0.564s] INFO:colcon.colcon_core.shell:Creating package script '/home/jason/gxs/GXS_2024_VisionCode/install/binary_detector/share/binary_detector/package.sh'
[0.564s] INFO:colcon.colcon_core.shell:Creating package script '/home/jason/gxs/GXS_2024_VisionCode/install/binary_detector/share/binary_detector/package.bash'
[0.564s] INFO:colcon.colcon_core.shell:Creating package script '/home/jason/gxs/GXS_2024_VisionCode/install/binary_detector/share/binary_detector/package.zsh'
[0.564s] Level 1:colcon.colcon_core.environment:create_file_with_runtime_dependencies(/home/jason/gxs/GXS_2024_VisionCode/install/binary_detector/share/colcon-core/packages/binary_detector)
[0.580s] Level 1:colcon.colcon_core.environment:create_environment_scripts_only(binary_detector)
[0.580s] Level 1:colcon.colcon_core.environment:checking '/home/jason/gxs/GXS_2024_VisionCode/install/binary_detector' for CMake module files
[0.580s] Level 1:colcon.colcon_core.environment:checking '/home/jason/gxs/GXS_2024_VisionCode/install/binary_detector' for CMake config files
[0.580s] Level 1:colcon.colcon_core.shell:create_environment_hook('binary_detector', 'cmake_prefix_path')
[0.581s] INFO:colcon.colcon_core.shell:Creating environment hook '/home/jason/gxs/GXS_2024_VisionCode/install/binary_detector/share/binary_detector/hook/cmake_prefix_path.ps1'
[0.581s] INFO:colcon.colcon_core.shell:Creating environment descriptor '/home/jason/gxs/GXS_2024_VisionCode/install/binary_detector/share/binary_detector/hook/cmake_prefix_path.dsv'
[0.581s] INFO:colcon.colcon_core.shell:Creating environment hook '/home/jason/gxs/GXS_2024_VisionCode/install/binary_detector/share/binary_detector/hook/cmake_prefix_path.sh'
[0.581s] Level 1:colcon.colcon_core.environment:checking '/home/jason/gxs/GXS_2024_VisionCode/install/binary_detector/lib'
[0.581s] Level 1:colcon.colcon_core.environment:checking '/home/jason/gxs/GXS_2024_VisionCode/install/binary_detector/bin'
[0.581s] Level 1:colcon.colcon_core.environment:checking '/home/jason/gxs/GXS_2024_VisionCode/install/binary_detector/lib/pkgconfig/binary_detector.pc'
[0.581s] Level 1:colcon.colcon_core.environment:checking '/home/jason/gxs/GXS_2024_VisionCode/install/binary_detector/lib/python3.10/site-packages'
[0.582s] Level 1:colcon.colcon_core.environment:checking '/home/jason/gxs/GXS_2024_VisionCode/install/binary_detector/bin'
[0.582s] INFO:colcon.colcon_core.shell:Creating package script '/home/jason/gxs/GXS_2024_VisionCode/install/binary_detector/share/binary_detector/package.ps1'
[0.582s] INFO:colcon.colcon_core.shell:Creating package descriptor '/home/jason/gxs/GXS_2024_VisionCode/install/binary_detector/share/binary_detector/package.dsv'
[0.582s] INFO:colcon.colcon_core.shell:Creating package script '/home/jason/gxs/GXS_2024_VisionCode/install/binary_detector/share/binary_detector/package.sh'
[0.582s] INFO:colcon.colcon_core.shell:Creating package script '/home/jason/gxs/GXS_2024_VisionCode/install/binary_detector/share/binary_detector/package.bash'
[0.582s] INFO:colcon.colcon_core.shell:Creating package script '/home/jason/gxs/GXS_2024_VisionCode/install/binary_detector/share/binary_detector/package.zsh'
[0.583s] Level 1:colcon.colcon_core.environment:create_file_with_runtime_dependencies(/home/jason/gxs/GXS_2024_VisionCode/install/binary_detector/share/colcon-core/packages/binary_detector)
[1.250s] DEBUG:colcon.colcon_core.event_handler.log_command:Invoked command in '/home/jason/gxs/GXS_2024_VisionCode/build/adjust_hsv' returned '0': CMAKE_PREFIX_PATH=${CMAKE_PREFIX_PATH}:/opt/ros/humble /usr/bin/cmake --build /home/jason/gxs/GXS_2024_VisionCode/build/adjust_hsv -- -j16 -l16
[1.264s] DEBUG:colcon.colcon_core.event_handler.log_command:Invoking command in '/home/jason/gxs/GXS_2024_VisionCode/build/adjust_hsv': CMAKE_PREFIX_PATH=${CMAKE_PREFIX_PATH}:/opt/ros/humble /usr/bin/cmake --install /home/jason/gxs/GXS_2024_VisionCode/build/adjust_hsv
[1.269s] Level 1:colcon.colcon_core.environment:create_environment_scripts_only(adjust_hsv)
[1.269s] Level 1:colcon.colcon_core.environment:checking '/home/jason/gxs/GXS_2024_VisionCode/install/adjust_hsv' for CMake module files
[1.269s] DEBUG:colcon.colcon_core.event_handler.log_command:Invoked command in '/home/jason/gxs/GXS_2024_VisionCode/build/adjust_hsv' returned '0': CMAKE_PREFIX_PATH=${CMAKE_PREFIX_PATH}:/opt/ros/humble /usr/bin/cmake --install /home/jason/gxs/GXS_2024_VisionCode/build/adjust_hsv
[1.270s] Level 1:colcon.colcon_core.environment:checking '/home/jason/gxs/GXS_2024_VisionCode/install/adjust_hsv' for CMake config files
[1.270s] Level 1:colcon.colcon_core.shell:create_environment_hook('adjust_hsv', 'cmake_prefix_path')
[1.270s] INFO:colcon.colcon_core.shell:Creating environment hook '/home/jason/gxs/GXS_2024_VisionCode/install/adjust_hsv/share/adjust_hsv/hook/cmake_prefix_path.ps1'
[1.270s] INFO:colcon.colcon_core.shell:Creating environment descriptor '/home/jason/gxs/GXS_2024_VisionCode/install/adjust_hsv/share/adjust_hsv/hook/cmake_prefix_path.dsv'
[1.270s] INFO:colcon.colcon_core.shell:Creating environment hook '/home/jason/gxs/GXS_2024_VisionCode/install/adjust_hsv/share/adjust_hsv/hook/cmake_prefix_path.sh'
[1.270s] Level 1:colcon.colcon_core.environment:checking '/home/jason/gxs/GXS_2024_VisionCode/install/adjust_hsv/lib'
[1.271s] Level 1:colcon.colcon_core.environment:checking '/home/jason/gxs/GXS_2024_VisionCode/install/adjust_hsv/bin'
[1.271s] Level 1:colcon.colcon_core.environment:checking '/home/jason/gxs/GXS_2024_VisionCode/install/adjust_hsv/lib/pkgconfig/adjust_hsv.pc'
[1.271s] Level 1:colcon.colcon_core.environment:checking '/home/jason/gxs/GXS_2024_VisionCode/install/adjust_hsv/lib/python3.10/site-packages'
[1.271s] Level 1:colcon.colcon_core.environment:checking '/home/jason/gxs/GXS_2024_VisionCode/install/adjust_hsv/bin'
[1.271s] INFO:colcon.colcon_core.shell:Creating package script '/home/jason/gxs/GXS_2024_VisionCode/install/adjust_hsv/share/adjust_hsv/package.ps1'
[1.271s] INFO:colcon.colcon_core.shell:Creating package descriptor '/home/jason/gxs/GXS_2024_VisionCode/install/adjust_hsv/share/adjust_hsv/package.dsv'
[1.271s] INFO:colcon.colcon_core.shell:Creating package script '/home/jason/gxs/GXS_2024_VisionCode/install/adjust_hsv/share/adjust_hsv/package.sh'
[1.271s] INFO:colcon.colcon_core.shell:Creating package script '/home/jason/gxs/GXS_2024_VisionCode/install/adjust_hsv/share/adjust_hsv/package.bash'
[1.271s] INFO:colcon.colcon_core.shell:Creating package script '/home/jason/gxs/GXS_2024_VisionCode/install/adjust_hsv/share/adjust_hsv/package.zsh'
[1.272s] Level 1:colcon.colcon_core.environment:create_file_with_runtime_dependencies(/home/jason/gxs/GXS_2024_VisionCode/install/adjust_hsv/share/colcon-core/packages/adjust_hsv)
[1.285s] Level 1:colcon.colcon_core.environment:create_environment_scripts_only(adjust_hsv)
[1.285s] Level 1:colcon.colcon_core.environment:checking '/home/jason/gxs/GXS_2024_VisionCode/install/adjust_hsv' for CMake module files
[1.286s] Level 1:colcon.colcon_core.environment:checking '/home/jason/gxs/GXS_2024_VisionCode/install/adjust_hsv' for CMake config files
[1.286s] Level 1:colcon.colcon_core.shell:create_environment_hook('adjust_hsv', 'cmake_prefix_path')
[1.286s] INFO:colcon.colcon_core.shell:Creating environment hook '/home/jason/gxs/GXS_2024_VisionCode/install/adjust_hsv/share/adjust_hsv/hook/cmake_prefix_path.ps1'
[1.287s] INFO:colcon.colcon_core.shell:Creating environment descriptor '/home/jason/gxs/GXS_2024_VisionCode/install/adjust_hsv/share/adjust_hsv/hook/cmake_prefix_path.dsv'
[1.287s] INFO:colcon.colcon_core.shell:Creating environment hook '/home/jason/gxs/GXS_2024_VisionCode/install/adjust_hsv/share/adjust_hsv/hook/cmake_prefix_path.sh'
[1.287s] Level 1:colcon.colcon_core.environment:checking '/home/jason/gxs/GXS_2024_VisionCode/install/adjust_hsv/lib'
[1.287s] Level 1:colcon.colcon_core.environment:checking '/home/jason/gxs/GXS_2024_VisionCode/install/adjust_hsv/bin'
[1.287s] Level 1:colcon.colcon_core.environment:checking '/home/jason/gxs/GXS_2024_VisionCode/install/adjust_hsv/lib/pkgconfig/adjust_hsv.pc'
[1.287s] Level 1:colcon.colcon_core.environment:checking '/home/jason/gxs/GXS_2024_VisionCode/install/adjust_hsv/lib/python3.10/site-packages'
[1.288s] Level 1:colcon.colcon_core.environment:checking '/home/jason/gxs/GXS_2024_VisionCode/install/adjust_hsv/bin'
[1.288s] INFO:colcon.colcon_core.shell:Creating package script '/home/jason/gxs/GXS_2024_VisionCode/install/adjust_hsv/share/adjust_hsv/package.ps1'
[1.288s] INFO:colcon.colcon_core.shell:Creating package descriptor '/home/jason/gxs/GXS_2024_VisionCode/install/adjust_hsv/share/adjust_hsv/package.dsv'
[1.288s] INFO:colcon.colcon_core.shell:Creating package script '/home/jason/gxs/GXS_2024_VisionCode/install/adjust_hsv/share/adjust_hsv/package.sh'
[1.289s] INFO:colcon.colcon_core.shell:Creating package script '/home/jason/gxs/GXS_2024_VisionCode/install/adjust_hsv/share/adjust_hsv/package.bash'
[1.289s] INFO:colcon.colcon_core.shell:Creating package script '/home/jason/gxs/GXS_2024_VisionCode/install/adjust_hsv/share/adjust_hsv/package.zsh'
[1.289s] Level 1:colcon.colcon_core.environment:create_file_with_runtime_dependencies(/home/jason/gxs/GXS_2024_VisionCode/install/adjust_hsv/share/colcon-core/packages/adjust_hsv)
[1.289s] DEBUG:colcon.colcon_parallel_executor.executor.parallel:closing loop
[1.289s] DEBUG:colcon.colcon_parallel_executor.executor.parallel:loop closed
[1.289s] DEBUG:colcon.colcon_parallel_executor.executor.parallel:run_until_complete finished with '0'
[1.289s] DEBUG:colcon.colcon_core.event_reactor:joining thread
[1.292s] INFO:colcon.colcon_core.plugin_system:Skipping extension 'colcon_notification.desktop_notification.terminal_notifier': Not used on non-Darwin systems
[1.292s] INFO:colcon.colcon_core.plugin_system:Skipping extension 'colcon_notification.desktop_notification.win32': Not used on non-Windows systems
[1.292s] INFO:colcon.colcon_notification.desktop_notification:Sending desktop notification using 'notify2'
[1.298s] DEBUG:colcon.colcon_core.event_reactor:joined thread
[1.298s] INFO:colcon.colcon_core.shell:Creating prefix script '/home/jason/gxs/GXS_2024_VisionCode/install/local_setup.ps1'
[1.299s] INFO:colcon.colcon_core.shell:Creating prefix util module '/home/jason/gxs/GXS_2024_VisionCode/install/_local_setup_util_ps1.py'
[1.299s] INFO:colcon.colcon_core.shell:Creating prefix chain script '/home/jason/gxs/GXS_2024_VisionCode/install/setup.ps1'
[1.300s] INFO:colcon.colcon_core.shell:Creating prefix script '/home/jason/gxs/GXS_2024_VisionCode/install/local_setup.sh'
[1.300s] INFO:colcon.colcon_core.shell:Creating prefix util module '/home/jason/gxs/GXS_2024_VisionCode/install/_local_setup_util_sh.py'
[1.300s] INFO:colcon.colcon_core.shell:Creating prefix chain script '/home/jason/gxs/GXS_2024_VisionCode/install/setup.sh'
[1.301s] INFO:colcon.colcon_core.shell:Creating prefix script '/home/jason/gxs/GXS_2024_VisionCode/install/local_setup.bash'
[1.301s] INFO:colcon.colcon_core.shell:Creating prefix chain script '/home/jason/gxs/GXS_2024_VisionCode/install/setup.bash'
[1.301s] INFO:colcon.colcon_core.shell:Creating prefix script '/home/jason/gxs/GXS_2024_VisionCode/install/local_setup.zsh'
[1.302s] INFO:colcon.colcon_core.shell:Creating prefix chain script '/home/jason/gxs/GXS_2024_VisionCode/install/setup.zsh'
