-- Found ament_cmake: 1.3.8 (/opt/ros/humble/share/ament_cmake/cmake)
-- Found rosidl_default_generators: 1.2.0 (/opt/ros/humble/share/rosidl_default_generators/cmake)
-- Using all available rosidl_typesupport_c: rosidl_typesupport_fastrtps_c;rosidl_typesupport_introspection_c
-- Found rosidl_adapter: 3.1.5 (/opt/ros/humble/share/rosidl_adapter/cmake)
-- Using all available rosidl_typesupport_cpp: rosidl_typesupport_fastrtps_cpp;rosidl_typesupport_introspection_cpp
-- Found ament_lint_auto: 0.12.11 (/opt/ros/humble/share/ament_lint_auto/cmake)
-- Found ament_cmake_ros: 0.10.0 (/opt/ros/humble/share/ament_cmake_ros/cmake)
-- Using all available rosidl_typesupport_c: rosidl_typesupport_fastrtps_c;rosidl_typesupport_introspection_c
-- Using all available rosidl_typesupport_cpp: rosidl_typesupport_fastrtps_cpp;rosidl_typesupport_introspection_cpp
-- Found python_cmake_module: 0.10.0 (/opt/ros/humble/share/python_cmake_module/cmake)
-- Using PYTHON_EXECUTABLE: /usr/bin/python3
-- Using PYTHON_INCLUDE_DIRS: /usr/include/python3.10
-- Using PYTHON_LIBRARIES: /usr/lib/x86_64-linux-gnu/libpython3.10.so
-- Configuring done
-- Generating done
-- Build files have been written to: /home/jason/gxs/GXS_2024_VisionCode/build/qrmsg
[35m[1mConsolidate compiler generated dependencies of target qrmsg__rosidl_generator_c[0m
[  2%] Built target qrmsg__cpp
[ 12%] Built target qrmsg__rosidl_generator_c
[35m[1mConsolidate compiler generated dependencies of target qrmsg__rosidl_typesupport_cpp[0m
[35m[1mConsolidate compiler generated dependencies of target qrmsg__rosidl_typesupport_fastrtps_cpp[0m
[35m[1mConsolidate compiler generated dependencies of target qrmsg__rosidl_typesupport_introspection_cpp[0m
[35m[1mConsolidate compiler generated dependencies of target qrmsg__rosidl_typesupport_fastrtps_c[0m
[ 12%] Built target ament_cmake_python_copy_qrmsg
[35m[1mConsolidate compiler generated dependencies of target qrmsg__rosidl_typesupport_c[0m
[35m[1mConsolidate compiler generated dependencies of target qrmsg__rosidl_typesupport_introspection_c[0m
[ 23%] Built target qrmsg__rosidl_typesupport_cpp
[ 33%] Built target qrmsg__rosidl_typesupport_introspection_cpp
[ 43%] Built target qrmsg__rosidl_typesupport_c
[ 53%] Built target qrmsg__rosidl_typesupport_fastrtps_c
[ 64%] Built target qrmsg__rosidl_typesupport_fastrtps_cpp
[ 74%] Built target qrmsg__rosidl_typesupport_introspection_c
[ 74%] Built target qrmsg
[ 76%] Built target qrmsg__py
[35m[1mConsolidate compiler generated dependencies of target qrmsg__rosidl_generator_py[0m
[ 84%] Built target qrmsg__rosidl_generator_py
[35m[1mConsolidate compiler generated dependencies of target qrmsg__rosidl_typesupport_c__pyext[0m
[35m[1mConsolidate compiler generated dependencies of target qrmsg__rosidl_typesupport_fastrtps_c__pyext[0m
[35m[1mConsolidate compiler generated dependencies of target qrmsg__rosidl_typesupport_introspection_c__pyext[0m
[100%] Built target qrmsg__rosidl_typesupport_c__pyext
[100%] Built target qrmsg__rosidl_typesupport_introspection_c__pyext
[100%] Built target qrmsg__rosidl_typesupport_fastrtps_c__pyext
running egg_info
writing qrmsg.egg-info/PKG-INFO
writing dependency_links to qrmsg.egg-info/dependency_links.txt
writing top-level names to qrmsg.egg-info/top_level.txt
reading manifest file 'qrmsg.egg-info/SOURCES.txt'
writing manifest file 'qrmsg.egg-info/SOURCES.txt'
[100%] Built target ament_cmake_python_build_qrmsg_egg
