[0.011s] Invoking command in '/home/jason/gxs/GXS_2024_VisionCode/build/qrmsg': CMAKE_PREFIX_PATH=${CMAKE_PREFIX_PATH}:/home/jason/gxs/GXS_2024_VisionCode/install/line_follow:/opt/ros/humble /usr/bin/cmake --build /home/jason/gxs/GXS_2024_VisionCode/build/qrmsg -- -j16 -l16
[0.024s] -- Found ament_cmake: 1.3.8 (/opt/ros/humble/share/ament_cmake/cmake)
[0.097s] -- Found rosidl_default_generators: 1.2.0 (/opt/ros/humble/share/rosidl_default_generators/cmake)
[0.098s] -- Using all available rosidl_typesupport_c: rosidl_typesupport_fastrtps_c;rosidl_typesupport_introspection_c
[0.099s] -- Found rosidl_adapter: 3.1.5 (/opt/ros/humble/share/rosidl_adapter/cmake)
[0.115s] -- Using all available rosidl_typesupport_cpp: rosidl_typesupport_fastrtps_cpp;rosidl_typesupport_introspection_cpp
[0.131s] -- Found ament_lint_auto: 0.12.11 (/opt/ros/humble/share/ament_lint_auto/cmake)
[0.285s] -- Found ament_cmake_ros: 0.10.0 (/opt/ros/humble/share/ament_cmake_ros/cmake)
[0.394s] -- Using all available rosidl_typesupport_c: rosidl_typesupport_fastrtps_c;rosidl_typesupport_introspection_c
[0.521s] -- Using all available rosidl_typesupport_cpp: rosidl_typesupport_fastrtps_cpp;rosidl_typesupport_introspection_cpp
[0.534s] -- Found python_cmake_module: 0.10.0 (/opt/ros/humble/share/python_cmake_module/cmake)
[0.546s] -- Using PYTHON_EXECUTABLE: /usr/bin/python3
[0.546s] -- Using PYTHON_INCLUDE_DIRS: /usr/include/python3.10
[0.546s] -- Using PYTHON_LIBRARIES: /usr/lib/x86_64-linux-gnu/libpython3.10.so
[0.560s] -- Configuring done
[0.589s] -- Generating done
[0.590s] -- Build files have been written to: /home/jason/gxs/GXS_2024_VisionCode/build/qrmsg
[0.604s] [35m[1mConsolidate compiler generated dependencies of target qrmsg__rosidl_generator_c[0m
[0.609s] [  2%] Built target qrmsg__cpp
[0.610s] [ 12%] Built target qrmsg__rosidl_generator_c
[0.615s] [35m[1mConsolidate compiler generated dependencies of target qrmsg__rosidl_typesupport_cpp[0m
[0.615s] [35m[1mConsolidate compiler generated dependencies of target qrmsg__rosidl_typesupport_fastrtps_cpp[0m
[0.615s] [35m[1mConsolidate compiler generated dependencies of target qrmsg__rosidl_typesupport_introspection_cpp[0m
[0.617s] [35m[1mConsolidate compiler generated dependencies of target qrmsg__rosidl_typesupport_fastrtps_c[0m
[0.618s] [ 12%] Built target ament_cmake_python_copy_qrmsg
[0.619s] [35m[1mConsolidate compiler generated dependencies of target qrmsg__rosidl_typesupport_c[0m
[0.619s] [35m[1mConsolidate compiler generated dependencies of target qrmsg__rosidl_typesupport_introspection_c[0m
[0.624s] [ 23%] Built target qrmsg__rosidl_typesupport_cpp
[0.624s] [ 33%] Built target qrmsg__rosidl_typesupport_introspection_cpp
[0.625s] [ 43%] Built target qrmsg__rosidl_typesupport_c
[0.626s] [ 53%] Built target qrmsg__rosidl_typesupport_fastrtps_c
[0.627s] [ 64%] Built target qrmsg__rosidl_typesupport_fastrtps_cpp
[0.628s] [ 74%] Built target qrmsg__rosidl_typesupport_introspection_c
[0.639s] [ 74%] Built target qrmsg
[0.650s] [ 76%] Built target qrmsg__py
[0.656s] [35m[1mConsolidate compiler generated dependencies of target qrmsg__rosidl_generator_py[0m
[0.663s] [ 84%] Built target qrmsg__rosidl_generator_py
[0.669s] [35m[1mConsolidate compiler generated dependencies of target qrmsg__rosidl_typesupport_c__pyext[0m
[0.669s] [35m[1mConsolidate compiler generated dependencies of target qrmsg__rosidl_typesupport_fastrtps_c__pyext[0m
[0.669s] [35m[1mConsolidate compiler generated dependencies of target qrmsg__rosidl_typesupport_introspection_c__pyext[0m
[0.677s] [100%] Built target qrmsg__rosidl_typesupport_c__pyext
[0.677s] [100%] Built target qrmsg__rosidl_typesupport_introspection_c__pyext
[0.677s] [100%] Built target qrmsg__rosidl_typesupport_fastrtps_c__pyext
[0.722s] running egg_info
[0.722s] writing qrmsg.egg-info/PKG-INFO
[0.722s] writing dependency_links to qrmsg.egg-info/dependency_links.txt
[0.722s] writing top-level names to qrmsg.egg-info/top_level.txt
[0.723s] reading manifest file 'qrmsg.egg-info/SOURCES.txt'
[0.724s] writing manifest file 'qrmsg.egg-info/SOURCES.txt'
[0.736s] [100%] Built target ament_cmake_python_build_qrmsg_egg
