[0.009s] Invoking command in '/home/jason/gxs/GXS_2024_VisionCode/build/binary_detector': CMAKE_PREFIX_PATH=/home/jason/gxs/GXS_2024_VisionCode/install/qrmsg:/home/jason/gxs/GXS_2024_VisionCode/install/gxs_serial_driver:/home/jason/gxs/GXS_2024_VisionCode/install/colorblock_detector:/home/jason/gxs/GXS_2024_VisionCode/install/binary_detector:/home/jason/gxs/GXS_2024_VisionCode/install/adjust_hsv:/home/jason/gxs/GXS_2024_VisionCode/install/line_follow:/opt/ros/humble LD_LIBRARY_PATH=/home/jason/gxs/GXS_2024_VisionCode/install/qrmsg/lib:/home/jason/gxs/GXS_2024_VisionCode/install/gxs_serial_driver/lib:/opt/MVS/lib/64:/opt/MVS/lib/32:/usr/lib/x86_64-linux-gnu/gazebo-11/plugins:/opt/ros/humble/opt/rviz_ogre_vendor/lib:/opt/ros/humble/lib/x86_64-linux-gnu:/opt/ros/humble/lib:/opt/MVS/lib/64:/opt/MVS/lib/32:/opt/MVS/lib/64:/opt/MVS/lib/32 /usr/bin/cmake --build /home/jason/gxs/GXS_2024_VisionCode/build/binary_detector -- -j16 -l16
[0.034s] [35m[1mConsolidate compiler generated dependencies of target binary_detector[0m
[0.046s] [ 25%] [32mBuilding CXX object CMakeFiles/binary_detector.dir/src/binary.cpp.o[0m
[2.463s] [ 50%] [32m[1mLinking CXX static library libbinary_detector.a[0m
[2.488s] [ 50%] Built target binary_detector
[2.501s] [ 75%] [32mBuilding CXX object CMakeFiles/binary.dir/src/main.cpp.o[0m
[4.591s] [100%] [32m[1mLinking CXX executable binary[0m
[4.820s] [100%] Built target binary
[4.826s] Invoked command in '/home/jason/gxs/GXS_2024_VisionCode/build/binary_detector' returned '0': CMAKE_PREFIX_PATH=/home/jason/gxs/GXS_2024_VisionCode/install/qrmsg:/home/jason/gxs/GXS_2024_VisionCode/install/gxs_serial_driver:/home/jason/gxs/GXS_2024_VisionCode/install/colorblock_detector:/home/jason/gxs/GXS_2024_VisionCode/install/binary_detector:/home/jason/gxs/GXS_2024_VisionCode/install/adjust_hsv:/home/jason/gxs/GXS_2024_VisionCode/install/line_follow:/opt/ros/humble LD_LIBRARY_PATH=/home/jason/gxs/GXS_2024_VisionCode/install/qrmsg/lib:/home/jason/gxs/GXS_2024_VisionCode/install/gxs_serial_driver/lib:/opt/MVS/lib/64:/opt/MVS/lib/32:/usr/lib/x86_64-linux-gnu/gazebo-11/plugins:/opt/ros/humble/opt/rviz_ogre_vendor/lib:/opt/ros/humble/lib/x86_64-linux-gnu:/opt/ros/humble/lib:/opt/MVS/lib/64:/opt/MVS/lib/32:/opt/MVS/lib/64:/opt/MVS/lib/32 /usr/bin/cmake --build /home/jason/gxs/GXS_2024_VisionCode/build/binary_detector -- -j16 -l16
[4.841s] Invoking command in '/home/jason/gxs/GXS_2024_VisionCode/build/binary_detector': CMAKE_PREFIX_PATH=/home/jason/gxs/GXS_2024_VisionCode/install/qrmsg:/home/jason/gxs/GXS_2024_VisionCode/install/gxs_serial_driver:/home/jason/gxs/GXS_2024_VisionCode/install/colorblock_detector:/home/jason/gxs/GXS_2024_VisionCode/install/binary_detector:/home/jason/gxs/GXS_2024_VisionCode/install/adjust_hsv:/home/jason/gxs/GXS_2024_VisionCode/install/line_follow:/opt/ros/humble LD_LIBRARY_PATH=/home/jason/gxs/GXS_2024_VisionCode/install/qrmsg/lib:/home/jason/gxs/GXS_2024_VisionCode/install/gxs_serial_driver/lib:/opt/MVS/lib/64:/opt/MVS/lib/32:/usr/lib/x86_64-linux-gnu/gazebo-11/plugins:/opt/ros/humble/opt/rviz_ogre_vendor/lib:/opt/ros/humble/lib/x86_64-linux-gnu:/opt/ros/humble/lib:/opt/MVS/lib/64:/opt/MVS/lib/32:/opt/MVS/lib/64:/opt/MVS/lib/32 /usr/bin/cmake --install /home/jason/gxs/GXS_2024_VisionCode/build/binary_detector
[4.845s] -- Install configuration: ""
[4.845s] -- Installing: /home/jason/gxs/GXS_2024_VisionCode/install/binary_detector/lib/binary_detector/libbinary_detector.a
[4.846s] -- Up-to-date: /home/jason/gxs/GXS_2024_VisionCode/install/binary_detector/include/
[4.846s] -- Up-to-date: /home/jason/gxs/GXS_2024_VisionCode/install/binary_detector/include//binary_detector
[4.846s] -- Installing: /home/jason/gxs/GXS_2024_VisionCode/install/binary_detector/include//binary_detector/binary.hpp
[4.846s] -- Installing: /home/jason/gxs/GXS_2024_VisionCode/install/binary_detector/lib/binary_detector/binary
[4.847s] -- Set runtime path of "/home/jason/gxs/GXS_2024_VisionCode/install/binary_detector/lib/binary_detector/binary" to ""
[4.847s] -- Up-to-date: /home/jason/gxs/GXS_2024_VisionCode/install/binary_detector/share/ament_index/resource_index/package_run_dependencies/binary_detector
[4.847s] -- Up-to-date: /home/jason/gxs/GXS_2024_VisionCode/install/binary_detector/share/ament_index/resource_index/parent_prefix_path/binary_detector
[4.847s] -- Up-to-date: /home/jason/gxs/GXS_2024_VisionCode/install/binary_detector/share/binary_detector/environment/ament_prefix_path.sh
[4.847s] -- Up-to-date: /home/jason/gxs/GXS_2024_VisionCode/install/binary_detector/share/binary_detector/environment/ament_prefix_path.dsv
[4.847s] -- Up-to-date: /home/jason/gxs/GXS_2024_VisionCode/install/binary_detector/share/binary_detector/environment/path.sh
[4.847s] -- Up-to-date: /home/jason/gxs/GXS_2024_VisionCode/install/binary_detector/share/binary_detector/environment/path.dsv
[4.847s] -- Up-to-date: /home/jason/gxs/GXS_2024_VisionCode/install/binary_detector/share/binary_detector/local_setup.bash
[4.847s] -- Up-to-date: /home/jason/gxs/GXS_2024_VisionCode/install/binary_detector/share/binary_detector/local_setup.sh
[4.847s] -- Up-to-date: /home/jason/gxs/GXS_2024_VisionCode/install/binary_detector/share/binary_detector/local_setup.zsh
[4.847s] -- Up-to-date: /home/jason/gxs/GXS_2024_VisionCode/install/binary_detector/share/binary_detector/local_setup.dsv
[4.848s] -- Installing: /home/jason/gxs/GXS_2024_VisionCode/install/binary_detector/share/binary_detector/package.dsv
[4.848s] -- Up-to-date: /home/jason/gxs/GXS_2024_VisionCode/install/binary_detector/share/ament_index/resource_index/packages/binary_detector
[4.848s] -- Up-to-date: /home/jason/gxs/GXS_2024_VisionCode/install/binary_detector/share/binary_detector/cmake/binary_detectorConfig.cmake
[4.848s] -- Up-to-date: /home/jason/gxs/GXS_2024_VisionCode/install/binary_detector/share/binary_detector/cmake/binary_detectorConfig-version.cmake
[4.848s] -- Up-to-date: /home/jason/gxs/GXS_2024_VisionCode/install/binary_detector/share/binary_detector/package.xml
[4.848s] Invoked command in '/home/jason/gxs/GXS_2024_VisionCode/build/binary_detector' returned '0': CMAKE_PREFIX_PATH=/home/jason/gxs/GXS_2024_VisionCode/install/qrmsg:/home/jason/gxs/GXS_2024_VisionCode/install/gxs_serial_driver:/home/jason/gxs/GXS_2024_VisionCode/install/colorblock_detector:/home/jason/gxs/GXS_2024_VisionCode/install/binary_detector:/home/jason/gxs/GXS_2024_VisionCode/install/adjust_hsv:/home/jason/gxs/GXS_2024_VisionCode/install/line_follow:/opt/ros/humble LD_LIBRARY_PATH=/home/jason/gxs/GXS_2024_VisionCode/install/qrmsg/lib:/home/jason/gxs/GXS_2024_VisionCode/install/gxs_serial_driver/lib:/opt/MVS/lib/64:/opt/MVS/lib/32:/usr/lib/x86_64-linux-gnu/gazebo-11/plugins:/opt/ros/humble/opt/rviz_ogre_vendor/lib:/opt/ros/humble/lib/x86_64-linux-gnu:/opt/ros/humble/lib:/opt/MVS/lib/64:/opt/MVS/lib/32:/opt/MVS/lib/64:/opt/MVS/lib/32 /usr/bin/cmake --install /home/jason/gxs/GXS_2024_VisionCode/build/binary_detector
