[0.009s] Invoking command in '/home/jason/gxs/GXS_2024_VisionCode/build/gxs_serial_driver': CMAKE_PREFIX_PATH=/home/jason/gxs/GXS_2024_VisionCode/install/qrmsg:/home/jason/gxs/GXS_2024_VisionCode/install/gxs_serial_driver:/home/jason/gxs/GXS_2024_VisionCode/install/colorblock_detector:/home/jason/gxs/GXS_2024_VisionCode/install/binary_detector:/home/jason/gxs/GXS_2024_VisionCode/install/camera_driver:/home/jason/gxs/GXS_2024_VisionCode/install/adjust_hsv:/home/jason/gxs/GXS_2024_VisionCode/install/line_follow:/opt/ros/humble LD_LIBRARY_PATH=/home/jason/gxs/GXS_2024_VisionCode/install/qrmsg/lib:/home/jason/gxs/GXS_2024_VisionCode/install/gxs_serial_driver/lib:/opt/MVS/lib/64:/opt/MVS/lib/32:/usr/lib/x86_64-linux-gnu/gazebo-11/plugins:/opt/ros/humble/opt/rviz_ogre_vendor/lib:/opt/ros/humble/lib/x86_64-linux-gnu:/opt/ros/humble/lib:/opt/MVS/lib/64:/opt/MVS/lib/32:/opt/MVS/lib/64:/opt/MVS/lib/32 /usr/bin/cmake --build /home/jason/gxs/GXS_2024_VisionCode/build/gxs_serial_driver -- -j16 -l16
[0.046s] [ 40%] Built target gxs_serial_driver_node
[0.050s] [ 60%] [32mBuilding CXX object CMakeFiles/gxs_serial_driver.dir/src/rm_serial_driver.cpp.o[0m
[6.045s] [ 80%] [32m[1mLinking CXX shared library libgxs_serial_driver.so[0m
[6.356s] [100%] Built target gxs_serial_driver
[6.365s] Invoked command in '/home/jason/gxs/GXS_2024_VisionCode/build/gxs_serial_driver' returned '0': CMAKE_PREFIX_PATH=/home/jason/gxs/GXS_2024_VisionCode/install/qrmsg:/home/jason/gxs/GXS_2024_VisionCode/install/gxs_serial_driver:/home/jason/gxs/GXS_2024_VisionCode/install/colorblock_detector:/home/jason/gxs/GXS_2024_VisionCode/install/binary_detector:/home/jason/gxs/GXS_2024_VisionCode/install/camera_driver:/home/jason/gxs/GXS_2024_VisionCode/install/adjust_hsv:/home/jason/gxs/GXS_2024_VisionCode/install/line_follow:/opt/ros/humble LD_LIBRARY_PATH=/home/jason/gxs/GXS_2024_VisionCode/install/qrmsg/lib:/home/jason/gxs/GXS_2024_VisionCode/install/gxs_serial_driver/lib:/opt/MVS/lib/64:/opt/MVS/lib/32:/usr/lib/x86_64-linux-gnu/gazebo-11/plugins:/opt/ros/humble/opt/rviz_ogre_vendor/lib:/opt/ros/humble/lib/x86_64-linux-gnu:/opt/ros/humble/lib:/opt/MVS/lib/64:/opt/MVS/lib/32:/opt/MVS/lib/64:/opt/MVS/lib/32 /usr/bin/cmake --build /home/jason/gxs/GXS_2024_VisionCode/build/gxs_serial_driver -- -j16 -l16
[6.385s] Invoking command in '/home/jason/gxs/GXS_2024_VisionCode/build/gxs_serial_driver': CMAKE_PREFIX_PATH=/home/jason/gxs/GXS_2024_VisionCode/install/qrmsg:/home/jason/gxs/GXS_2024_VisionCode/install/gxs_serial_driver:/home/jason/gxs/GXS_2024_VisionCode/install/colorblock_detector:/home/jason/gxs/GXS_2024_VisionCode/install/binary_detector:/home/jason/gxs/GXS_2024_VisionCode/install/camera_driver:/home/jason/gxs/GXS_2024_VisionCode/install/adjust_hsv:/home/jason/gxs/GXS_2024_VisionCode/install/line_follow:/opt/ros/humble LD_LIBRARY_PATH=/home/jason/gxs/GXS_2024_VisionCode/install/qrmsg/lib:/home/jason/gxs/GXS_2024_VisionCode/install/gxs_serial_driver/lib:/opt/MVS/lib/64:/opt/MVS/lib/32:/usr/lib/x86_64-linux-gnu/gazebo-11/plugins:/opt/ros/humble/opt/rviz_ogre_vendor/lib:/opt/ros/humble/lib/x86_64-linux-gnu:/opt/ros/humble/lib:/opt/MVS/lib/64:/opt/MVS/lib/32:/opt/MVS/lib/64:/opt/MVS/lib/32 /usr/bin/cmake --install /home/jason/gxs/GXS_2024_VisionCode/build/gxs_serial_driver
[6.391s] -- Install configuration: ""
[6.391s] -- Up-to-date: /home/jason/gxs/GXS_2024_VisionCode/install/gxs_serial_driver/lib/gxs_serial_driver/gxs_serial_driver_node
[6.391s] -- Up-to-date: /home/jason/gxs/GXS_2024_VisionCode/install/gxs_serial_driver/include
[6.391s] -- Up-to-date: /home/jason/gxs/GXS_2024_VisionCode/install/gxs_serial_driver/include/rm_serial_driver
[6.391s] -- Up-to-date: /home/jason/gxs/GXS_2024_VisionCode/install/gxs_serial_driver/include/rm_serial_driver/rm_serial_driver.hpp
[6.391s] -- Up-to-date: /home/jason/gxs/GXS_2024_VisionCode/install/gxs_serial_driver/include/rm_serial_driver/crc.hpp
[6.392s] -- Up-to-date: /home/jason/gxs/GXS_2024_VisionCode/install/gxs_serial_driver/include/rm_serial_driver/packet.hpp
[6.392s] -- Up-to-date: /home/jason/gxs/GXS_2024_VisionCode/install/gxs_serial_driver/share/gxs_serial_driver/environment/library_path.sh
[6.392s] -- Up-to-date: /home/jason/gxs/GXS_2024_VisionCode/install/gxs_serial_driver/share/gxs_serial_driver/environment/library_path.dsv
[6.392s] -- Installing: /home/jason/gxs/GXS_2024_VisionCode/install/gxs_serial_driver/lib/libgxs_serial_driver.so
[6.395s] -- Set runtime path of "/home/jason/gxs/GXS_2024_VisionCode/install/gxs_serial_driver/lib/libgxs_serial_driver.so" to ""
[6.396s] -- Up-to-date: /home/jason/gxs/GXS_2024_VisionCode/install/gxs_serial_driver/share/gxs_serial_driver/config
[6.396s] -- Up-to-date: /home/jason/gxs/GXS_2024_VisionCode/install/gxs_serial_driver/share/gxs_serial_driver/config/serial_driver.yaml
[6.396s] -- Up-to-date: /home/jason/gxs/GXS_2024_VisionCode/install/gxs_serial_driver/share/gxs_serial_driver/launch
[6.396s] -- Up-to-date: /home/jason/gxs/GXS_2024_VisionCode/install/gxs_serial_driver/share/gxs_serial_driver/launch/serial_driver.launch.py
[6.396s] -- Up-to-date: /home/jason/gxs/GXS_2024_VisionCode/install/gxs_serial_driver/share/ament_index/resource_index/package_run_dependencies/gxs_serial_driver
[6.396s] -- Up-to-date: /home/jason/gxs/GXS_2024_VisionCode/install/gxs_serial_driver/share/ament_index/resource_index/parent_prefix_path/gxs_serial_driver
[6.396s] -- Up-to-date: /home/jason/gxs/GXS_2024_VisionCode/install/gxs_serial_driver/share/gxs_serial_driver/environment/ament_prefix_path.sh
[6.396s] -- Up-to-date: /home/jason/gxs/GXS_2024_VisionCode/install/gxs_serial_driver/share/gxs_serial_driver/environment/ament_prefix_path.dsv
[6.396s] -- Up-to-date: /home/jason/gxs/GXS_2024_VisionCode/install/gxs_serial_driver/share/gxs_serial_driver/environment/path.sh
[6.396s] -- Up-to-date: /home/jason/gxs/GXS_2024_VisionCode/install/gxs_serial_driver/share/gxs_serial_driver/environment/path.dsv
[6.396s] -- Up-to-date: /home/jason/gxs/GXS_2024_VisionCode/install/gxs_serial_driver/share/gxs_serial_driver/local_setup.bash
[6.396s] -- Up-to-date: /home/jason/gxs/GXS_2024_VisionCode/install/gxs_serial_driver/share/gxs_serial_driver/local_setup.sh
[6.396s] -- Up-to-date: /home/jason/gxs/GXS_2024_VisionCode/install/gxs_serial_driver/share/gxs_serial_driver/local_setup.zsh
[6.396s] -- Up-to-date: /home/jason/gxs/GXS_2024_VisionCode/install/gxs_serial_driver/share/gxs_serial_driver/local_setup.dsv
[6.396s] -- Installing: /home/jason/gxs/GXS_2024_VisionCode/install/gxs_serial_driver/share/gxs_serial_driver/package.dsv
[6.396s] -- Up-to-date: /home/jason/gxs/GXS_2024_VisionCode/install/gxs_serial_driver/share/ament_index/resource_index/packages/gxs_serial_driver
[6.396s] -- Up-to-date: /home/jason/gxs/GXS_2024_VisionCode/install/gxs_serial_driver/share/ament_index/resource_index/rclcpp_components/gxs_serial_driver
[6.396s] -- Up-to-date: /home/jason/gxs/GXS_2024_VisionCode/install/gxs_serial_driver/share/gxs_serial_driver/cmake/ament_cmake_export_dependencies-extras.cmake
[6.396s] -- Up-to-date: /home/jason/gxs/GXS_2024_VisionCode/install/gxs_serial_driver/share/gxs_serial_driver/cmake/ament_cmake_export_include_directories-extras.cmake
[6.396s] -- Up-to-date: /home/jason/gxs/GXS_2024_VisionCode/install/gxs_serial_driver/share/gxs_serial_driver/cmake/ament_cmake_export_libraries-extras.cmake
[6.396s] -- Up-to-date: /home/jason/gxs/GXS_2024_VisionCode/install/gxs_serial_driver/share/gxs_serial_driver/cmake/gxs_serial_driverConfig.cmake
[6.396s] -- Up-to-date: /home/jason/gxs/GXS_2024_VisionCode/install/gxs_serial_driver/share/gxs_serial_driver/cmake/gxs_serial_driverConfig-version.cmake
[6.396s] -- Up-to-date: /home/jason/gxs/GXS_2024_VisionCode/install/gxs_serial_driver/share/gxs_serial_driver/package.xml
[6.397s] Invoked command in '/home/jason/gxs/GXS_2024_VisionCode/build/gxs_serial_driver' returned '0': CMAKE_PREFIX_PATH=/home/jason/gxs/GXS_2024_VisionCode/install/qrmsg:/home/jason/gxs/GXS_2024_VisionCode/install/gxs_serial_driver:/home/jason/gxs/GXS_2024_VisionCode/install/colorblock_detector:/home/jason/gxs/GXS_2024_VisionCode/install/binary_detector:/home/jason/gxs/GXS_2024_VisionCode/install/camera_driver:/home/jason/gxs/GXS_2024_VisionCode/install/adjust_hsv:/home/jason/gxs/GXS_2024_VisionCode/install/line_follow:/opt/ros/humble LD_LIBRARY_PATH=/home/jason/gxs/GXS_2024_VisionCode/install/qrmsg/lib:/home/jason/gxs/GXS_2024_VisionCode/install/gxs_serial_driver/lib:/opt/MVS/lib/64:/opt/MVS/lib/32:/usr/lib/x86_64-linux-gnu/gazebo-11/plugins:/opt/ros/humble/opt/rviz_ogre_vendor/lib:/opt/ros/humble/lib/x86_64-linux-gnu:/opt/ros/humble/lib:/opt/MVS/lib/64:/opt/MVS/lib/32:/opt/MVS/lib/64:/opt/MVS/lib/32 /usr/bin/cmake --install /home/jason/gxs/GXS_2024_VisionCode/build/gxs_serial_driver
