[0.064s] DEBUG:colcon:Command line arguments: ['/usr/bin/colcon', 'build']
[0.064s] DEBUG:colcon:Parsed command line arguments: Namespace(log_base=None, log_level=None, verb_name='build', build_base='build', install_base='install', merge_install=False, symlink_install=False, test_result_base=None, continue_on_error=False, executor='parallel', parallel_workers=16, event_handlers=None, ignore_user_meta=False, metas=['./colcon.meta'], base_paths=['.'], packages_ignore=None, packages_ignore_regex=None, paths=None, packages_up_to=None, packages_up_to_regex=None, packages_above=None, packages_above_and_dependencies=None, packages_above_depth=None, packages_select_by_dep=None, packages_skip_by_dep=None, packages_skip_up_to=None, packages_select_build_failed=False, packages_skip_build_finished=False, packages_select_test_failures=False, packages_skip_test_passed=False, packages_select=None, packages_skip=None, packages_select_regex=None, packages_skip_regex=None, packages_start=None, packages_end=None, allow_overriding=[], cmake_args=None, cmake_target=None, cmake_target_skip_unavailable=False, cmake_clean_cache=False, cmake_clean_first=False, cmake_force_configure=False, ament_cmake_args=None, catkin_cmake_args=None, catkin_skip_building_tests=False, verb_parser=<colcon_defaults.argument_parser.defaults.DefaultArgumentsDecorator object at 0x7e2ef1887d00>, verb_extension=<colcon_core.verb.build.BuildVerb object at 0x7e2ef1887730>, main=<bound method BuildVerb.main of <colcon_core.verb.build.BuildVerb object at 0x7e2ef1887730>>)
[0.152s] Level 1:colcon.colcon_core.package_discovery:discover_packages(colcon_meta) check parameters
[0.153s] Level 1:colcon.colcon_core.package_discovery:discover_packages(recursive) check parameters
[0.153s] Level 1:colcon.colcon_core.package_discovery:discover_packages(ignore) check parameters
[0.153s] Level 1:colcon.colcon_core.package_discovery:discover_packages(path) check parameters
[0.153s] Level 1:colcon.colcon_core.package_discovery:discover_packages(colcon_meta) discover
[0.153s] Level 1:colcon.colcon_core.package_discovery:discover_packages(recursive) discover
[0.153s] INFO:colcon.colcon_core.package_discovery:Crawling recursively for packages in '/home/lccc/Desktop/GXS_2024_VisionCode'
[0.153s] Level 1:colcon.colcon_core.package_identification:_identify(.) by extensions ['ignore', 'ignore_ament_install']
[0.153s] Level 1:colcon.colcon_core.package_identification:_identify(.) by extension 'ignore'
[0.153s] Level 1:colcon.colcon_core.package_identification:_identify(.) by extension 'ignore_ament_install'
[0.153s] Level 1:colcon.colcon_core.package_identification:_identify(.) by extensions ['colcon_pkg']
[0.153s] Level 1:colcon.colcon_core.package_identification:_identify(.) by extension 'colcon_pkg'
[0.153s] Level 1:colcon.colcon_core.package_identification:_identify(.) by extensions ['colcon_meta']
[0.153s] Level 1:colcon.colcon_core.package_identification:_identify(.) by extension 'colcon_meta'
[0.153s] Level 1:colcon.colcon_core.package_identification:_identify(.) by extensions ['ros']
[0.153s] Level 1:colcon.colcon_core.package_identification:_identify(.) by extension 'ros'
[0.161s] Level 1:colcon.colcon_core.package_identification:_identify(.) by extensions ['cmake', 'python']
[0.161s] Level 1:colcon.colcon_core.package_identification:_identify(.) by extension 'cmake'
[0.161s] Level 1:colcon.colcon_core.package_identification:_identify(.) by extension 'python'
[0.161s] Level 1:colcon.colcon_core.package_identification:_identify(.) by extensions ['python_setup_py']
[0.161s] Level 1:colcon.colcon_core.package_identification:_identify(.) by extension 'python_setup_py'
[0.161s] Level 1:colcon.colcon_core.package_identification:_identify(build) by extensions ['ignore', 'ignore_ament_install']
[0.161s] Level 1:colcon.colcon_core.package_identification:_identify(build) by extension 'ignore'
[0.161s] Level 1:colcon.colcon_core.package_identification:_identify(build) ignored
[0.161s] Level 1:colcon.colcon_core.package_identification:_identify(install) by extensions ['ignore', 'ignore_ament_install']
[0.161s] Level 1:colcon.colcon_core.package_identification:_identify(install) by extension 'ignore'
[0.161s] Level 1:colcon.colcon_core.package_identification:_identify(install) ignored
[0.161s] Level 1:colcon.colcon_core.package_identification:_identify(log) by extensions ['ignore', 'ignore_ament_install']
[0.161s] Level 1:colcon.colcon_core.package_identification:_identify(log) by extension 'ignore'
[0.161s] Level 1:colcon.colcon_core.package_identification:_identify(log) ignored
[0.161s] Level 1:colcon.colcon_core.package_identification:_identify(src) by extensions ['ignore', 'ignore_ament_install']
[0.161s] Level 1:colcon.colcon_core.package_identification:_identify(src) by extension 'ignore'
[0.161s] Level 1:colcon.colcon_core.package_identification:_identify(src) by extension 'ignore_ament_install'
[0.161s] Level 1:colcon.colcon_core.package_identification:_identify(src) by extensions ['colcon_pkg']
[0.161s] Level 1:colcon.colcon_core.package_identification:_identify(src) by extension 'colcon_pkg'
[0.161s] Level 1:colcon.colcon_core.package_identification:_identify(src) by extensions ['colcon_meta']
[0.161s] Level 1:colcon.colcon_core.package_identification:_identify(src) by extension 'colcon_meta'
[0.161s] Level 1:colcon.colcon_core.package_identification:_identify(src) by extensions ['ros']
[0.161s] Level 1:colcon.colcon_core.package_identification:_identify(src) by extension 'ros'
[0.161s] Level 1:colcon.colcon_core.package_identification:_identify(src) by extensions ['cmake', 'python']
[0.161s] Level 1:colcon.colcon_core.package_identification:_identify(src) by extension 'cmake'
[0.161s] Level 1:colcon.colcon_core.package_identification:_identify(src) by extension 'python'
[0.161s] Level 1:colcon.colcon_core.package_identification:_identify(src) by extensions ['python_setup_py']
[0.161s] Level 1:colcon.colcon_core.package_identification:_identify(src) by extension 'python_setup_py'
[0.161s] Level 1:colcon.colcon_core.package_identification:_identify(src/adjust) by extensions ['ignore', 'ignore_ament_install']
[0.162s] Level 1:colcon.colcon_core.package_identification:_identify(src/adjust) by extension 'ignore'
[0.162s] Level 1:colcon.colcon_core.package_identification:_identify(src/adjust) by extension 'ignore_ament_install'
[0.162s] Level 1:colcon.colcon_core.package_identification:_identify(src/adjust) by extensions ['colcon_pkg']
[0.162s] Level 1:colcon.colcon_core.package_identification:_identify(src/adjust) by extension 'colcon_pkg'
[0.162s] Level 1:colcon.colcon_core.package_identification:_identify(src/adjust) by extensions ['colcon_meta']
[0.162s] Level 1:colcon.colcon_core.package_identification:_identify(src/adjust) by extension 'colcon_meta'
[0.162s] Level 1:colcon.colcon_core.package_identification:_identify(src/adjust) by extensions ['ros']
[0.162s] Level 1:colcon.colcon_core.package_identification:_identify(src/adjust) by extension 'ros'
[0.163s] DEBUG:colcon.colcon_core.package_identification:Package 'src/adjust' with type 'ros.ament_cmake' and name 'adjust_hsv'
[0.163s] Level 1:colcon.colcon_core.package_identification:_identify(src/binary_detector) by extensions ['ignore', 'ignore_ament_install']
[0.163s] Level 1:colcon.colcon_core.package_identification:_identify(src/binary_detector) by extension 'ignore'
[0.163s] Level 1:colcon.colcon_core.package_identification:_identify(src/binary_detector) by extension 'ignore_ament_install'
[0.163s] Level 1:colcon.colcon_core.package_identification:_identify(src/binary_detector) by extensions ['colcon_pkg']
[0.163s] Level 1:colcon.colcon_core.package_identification:_identify(src/binary_detector) by extension 'colcon_pkg'
[0.163s] Level 1:colcon.colcon_core.package_identification:_identify(src/binary_detector) by extensions ['colcon_meta']
[0.163s] Level 1:colcon.colcon_core.package_identification:_identify(src/binary_detector) by extension 'colcon_meta'
[0.164s] Level 1:colcon.colcon_core.package_identification:_identify(src/binary_detector) by extensions ['ros']
[0.164s] Level 1:colcon.colcon_core.package_identification:_identify(src/binary_detector) by extension 'ros'
[0.164s] DEBUG:colcon.colcon_core.package_identification:Package 'src/binary_detector' with type 'ros.ament_cmake' and name 'binary_detector'
[0.164s] Level 1:colcon.colcon_core.package_identification:_identify(src/camera_driver) by extensions ['ignore', 'ignore_ament_install']
[0.164s] Level 1:colcon.colcon_core.package_identification:_identify(src/camera_driver) by extension 'ignore'
[0.164s] Level 1:colcon.colcon_core.package_identification:_identify(src/camera_driver) by extension 'ignore_ament_install'
[0.164s] Level 1:colcon.colcon_core.package_identification:_identify(src/camera_driver) by extensions ['colcon_pkg']
[0.164s] Level 1:colcon.colcon_core.package_identification:_identify(src/camera_driver) by extension 'colcon_pkg'
[0.164s] Level 1:colcon.colcon_core.package_identification:_identify(src/camera_driver) by extensions ['colcon_meta']
[0.164s] Level 1:colcon.colcon_core.package_identification:_identify(src/camera_driver) by extension 'colcon_meta'
[0.164s] Level 1:colcon.colcon_core.package_identification:_identify(src/camera_driver) by extensions ['ros']
[0.164s] Level 1:colcon.colcon_core.package_identification:_identify(src/camera_driver) by extension 'ros'
[0.165s] DEBUG:colcon.colcon_core.package_identification:Package 'src/camera_driver' with type 'ros.ament_cmake' and name 'camera_driver'
[0.165s] Level 1:colcon.colcon_core.package_identification:_identify(src/colorblock_detector) by extensions ['ignore', 'ignore_ament_install']
[0.165s] Level 1:colcon.colcon_core.package_identification:_identify(src/colorblock_detector) by extension 'ignore'
[0.165s] Level 1:colcon.colcon_core.package_identification:_identify(src/colorblock_detector) by extension 'ignore_ament_install'
[0.165s] Level 1:colcon.colcon_core.package_identification:_identify(src/colorblock_detector) by extensions ['colcon_pkg']
[0.165s] Level 1:colcon.colcon_core.package_identification:_identify(src/colorblock_detector) by extension 'colcon_pkg'
[0.165s] Level 1:colcon.colcon_core.package_identification:_identify(src/colorblock_detector) by extensions ['colcon_meta']
[0.165s] Level 1:colcon.colcon_core.package_identification:_identify(src/colorblock_detector) by extension 'colcon_meta'
[0.165s] Level 1:colcon.colcon_core.package_identification:_identify(src/colorblock_detector) by extensions ['ros']
[0.165s] Level 1:colcon.colcon_core.package_identification:_identify(src/colorblock_detector) by extension 'ros'
[0.166s] DEBUG:colcon.colcon_core.package_identification:Package 'src/colorblock_detector' with type 'ros.ament_cmake' and name 'colorblock_detector'
[0.166s] Level 1:colcon.colcon_core.package_identification:_identify(src/image_data) by extensions ['ignore', 'ignore_ament_install']
[0.166s] Level 1:colcon.colcon_core.package_identification:_identify(src/image_data) by extension 'ignore'
[0.166s] Level 1:colcon.colcon_core.package_identification:_identify(src/image_data) by extension 'ignore_ament_install'
[0.166s] Level 1:colcon.colcon_core.package_identification:_identify(src/image_data) by extensions ['colcon_pkg']
[0.166s] Level 1:colcon.colcon_core.package_identification:_identify(src/image_data) by extension 'colcon_pkg'
[0.166s] Level 1:colcon.colcon_core.package_identification:_identify(src/image_data) by extensions ['colcon_meta']
[0.166s] Level 1:colcon.colcon_core.package_identification:_identify(src/image_data) by extension 'colcon_meta'
[0.166s] Level 1:colcon.colcon_core.package_identification:_identify(src/image_data) by extensions ['ros']
[0.166s] Level 1:colcon.colcon_core.package_identification:_identify(src/image_data) by extension 'ros'
[0.166s] Level 1:colcon.colcon_core.package_identification:_identify(src/image_data) by extensions ['cmake', 'python']
[0.166s] Level 1:colcon.colcon_core.package_identification:_identify(src/image_data) by extension 'cmake'
[0.166s] Level 1:colcon.colcon_core.package_identification:_identify(src/image_data) by extension 'python'
[0.166s] Level 1:colcon.colcon_core.package_identification:_identify(src/image_data) by extensions ['python_setup_py']
[0.166s] Level 1:colcon.colcon_core.package_identification:_identify(src/image_data) by extension 'python_setup_py'
[0.166s] Level 1:colcon.colcon_core.package_identification:_identify(src/image_data/build) by extensions ['ignore', 'ignore_ament_install']
[0.166s] Level 1:colcon.colcon_core.package_identification:_identify(src/image_data/build) by extension 'ignore'
[0.166s] Level 1:colcon.colcon_core.package_identification:_identify(src/image_data/build) ignored
[0.166s] Level 1:colcon.colcon_core.package_identification:_identify(src/image_data/images) by extensions ['ignore', 'ignore_ament_install']
[0.166s] Level 1:colcon.colcon_core.package_identification:_identify(src/image_data/images) by extension 'ignore'
[0.166s] Level 1:colcon.colcon_core.package_identification:_identify(src/image_data/images) by extension 'ignore_ament_install'
[0.166s] Level 1:colcon.colcon_core.package_identification:_identify(src/image_data/images) by extensions ['colcon_pkg']
[0.166s] Level 1:colcon.colcon_core.package_identification:_identify(src/image_data/images) by extension 'colcon_pkg'
[0.166s] Level 1:colcon.colcon_core.package_identification:_identify(src/image_data/images) by extensions ['colcon_meta']
[0.166s] Level 1:colcon.colcon_core.package_identification:_identify(src/image_data/images) by extension 'colcon_meta'
[0.166s] Level 1:colcon.colcon_core.package_identification:_identify(src/image_data/images) by extensions ['ros']
[0.166s] Level 1:colcon.colcon_core.package_identification:_identify(src/image_data/images) by extension 'ros'
[0.166s] Level 1:colcon.colcon_core.package_identification:_identify(src/image_data/images) by extensions ['cmake', 'python']
[0.166s] Level 1:colcon.colcon_core.package_identification:_identify(src/image_data/images) by extension 'cmake'
[0.166s] Level 1:colcon.colcon_core.package_identification:_identify(src/image_data/images) by extension 'python'
[0.167s] Level 1:colcon.colcon_core.package_identification:_identify(src/image_data/images) by extensions ['python_setup_py']
[0.167s] Level 1:colcon.colcon_core.package_identification:_identify(src/image_data/images) by extension 'python_setup_py'
[0.167s] Level 1:colcon.colcon_core.package_identification:_identify(src/image_data/install) by extensions ['ignore', 'ignore_ament_install']
[0.167s] Level 1:colcon.colcon_core.package_identification:_identify(src/image_data/install) by extension 'ignore'
[0.167s] Level 1:colcon.colcon_core.package_identification:_identify(src/image_data/install) ignored
[0.167s] Level 1:colcon.colcon_core.package_identification:_identify(src/image_data/log) by extensions ['ignore', 'ignore_ament_install']
[0.167s] Level 1:colcon.colcon_core.package_identification:_identify(src/image_data/log) by extension 'ignore'
[0.167s] Level 1:colcon.colcon_core.package_identification:_identify(src/image_data/log) ignored
[0.167s] Level 1:colcon.colcon_core.package_identification:_identify(src/line_follow) by extensions ['ignore', 'ignore_ament_install']
[0.167s] Level 1:colcon.colcon_core.package_identification:_identify(src/line_follow) by extension 'ignore'
[0.167s] Level 1:colcon.colcon_core.package_identification:_identify(src/line_follow) by extension 'ignore_ament_install'
[0.167s] Level 1:colcon.colcon_core.package_identification:_identify(src/line_follow) by extensions ['colcon_pkg']
[0.167s] Level 1:colcon.colcon_core.package_identification:_identify(src/line_follow) by extension 'colcon_pkg'
[0.167s] Level 1:colcon.colcon_core.package_identification:_identify(src/line_follow) by extensions ['colcon_meta']
[0.167s] Level 1:colcon.colcon_core.package_identification:_identify(src/line_follow) by extension 'colcon_meta'
[0.167s] Level 1:colcon.colcon_core.package_identification:_identify(src/line_follow) by extensions ['ros']
[0.167s] Level 1:colcon.colcon_core.package_identification:_identify(src/line_follow) by extension 'ros'
[0.167s] DEBUG:colcon.colcon_core.package_identification:Package 'src/line_follow' with type 'ros.ament_cmake' and name 'line_follow'
[0.167s] Level 1:colcon.colcon_core.package_identification:_identify(src/qrmsg) by extensions ['ignore', 'ignore_ament_install']
[0.168s] Level 1:colcon.colcon_core.package_identification:_identify(src/qrmsg) by extension 'ignore'
[0.168s] Level 1:colcon.colcon_core.package_identification:_identify(src/qrmsg) by extension 'ignore_ament_install'
[0.168s] Level 1:colcon.colcon_core.package_identification:_identify(src/qrmsg) by extensions ['colcon_pkg']
[0.168s] Level 1:colcon.colcon_core.package_identification:_identify(src/qrmsg) by extension 'colcon_pkg'
[0.168s] Level 1:colcon.colcon_core.package_identification:_identify(src/qrmsg) by extensions ['colcon_meta']
[0.168s] Level 1:colcon.colcon_core.package_identification:_identify(src/qrmsg) by extension 'colcon_meta'
[0.168s] Level 1:colcon.colcon_core.package_identification:_identify(src/qrmsg) by extensions ['ros']
[0.168s] Level 1:colcon.colcon_core.package_identification:_identify(src/qrmsg) by extension 'ros'
[0.168s] DEBUG:colcon.colcon_core.package_identification:Package 'src/qrmsg' with type 'ros.ament_cmake' and name 'qrmsg'
[0.168s] Level 1:colcon.colcon_core.package_identification:_identify(src/rm_serial_driver) by extensions ['ignore', 'ignore_ament_install']
[0.168s] Level 1:colcon.colcon_core.package_identification:_identify(src/rm_serial_driver) by extension 'ignore'
[0.168s] Level 1:colcon.colcon_core.package_identification:_identify(src/rm_serial_driver) by extension 'ignore_ament_install'
[0.168s] Level 1:colcon.colcon_core.package_identification:_identify(src/rm_serial_driver) by extensions ['colcon_pkg']
[0.168s] Level 1:colcon.colcon_core.package_identification:_identify(src/rm_serial_driver) by extension 'colcon_pkg'
[0.168s] Level 1:colcon.colcon_core.package_identification:_identify(src/rm_serial_driver) by extensions ['colcon_meta']
[0.168s] Level 1:colcon.colcon_core.package_identification:_identify(src/rm_serial_driver) by extension 'colcon_meta'
[0.168s] Level 1:colcon.colcon_core.package_identification:_identify(src/rm_serial_driver) by extensions ['ros']
[0.168s] Level 1:colcon.colcon_core.package_identification:_identify(src/rm_serial_driver) by extension 'ros'
[0.169s] DEBUG:colcon.colcon_core.package_identification:Package 'src/rm_serial_driver' with type 'ros.ament_cmake' and name 'gxs_serial_driver'
[0.169s] Level 1:colcon.colcon_core.package_discovery:discover_packages(recursive) using defaults
[0.169s] Level 1:colcon.colcon_core.package_discovery:discover_packages(ignore) discover
[0.169s] Level 1:colcon.colcon_core.package_discovery:discover_packages(ignore) using defaults
[0.169s] Level 1:colcon.colcon_core.package_discovery:discover_packages(path) discover
[0.169s] Level 1:colcon.colcon_core.package_discovery:discover_packages(path) using defaults
[0.182s] Level 1:colcon.colcon_core.package_discovery:discover_packages(prefix_path) check parameters
[0.182s] Level 1:colcon.colcon_core.package_discovery:discover_packages(prefix_path) discover
[0.184s] DEBUG:colcon.colcon_installed_package_information.package_discovery:Found 274 installed packages in /opt/ros/humble
[0.185s] Level 1:colcon.colcon_core.package_discovery:discover_packages(prefix_path) using defaults
[0.212s] Level 5:colcon.colcon_core.verb:set package 'adjust_hsv' build argument 'cmake_args' from command line to 'None'
[0.212s] Level 5:colcon.colcon_core.verb:set package 'adjust_hsv' build argument 'cmake_target' from command line to 'None'
[0.212s] Level 5:colcon.colcon_core.verb:set package 'adjust_hsv' build argument 'cmake_target_skip_unavailable' from command line to 'False'
[0.212s] Level 5:colcon.colcon_core.verb:set package 'adjust_hsv' build argument 'cmake_clean_cache' from command line to 'False'
[0.212s] Level 5:colcon.colcon_core.verb:set package 'adjust_hsv' build argument 'cmake_clean_first' from command line to 'False'
[0.212s] Level 5:colcon.colcon_core.verb:set package 'adjust_hsv' build argument 'cmake_force_configure' from command line to 'False'
[0.212s] Level 5:colcon.colcon_core.verb:set package 'adjust_hsv' build argument 'ament_cmake_args' from command line to 'None'
[0.212s] Level 5:colcon.colcon_core.verb:set package 'adjust_hsv' build argument 'catkin_cmake_args' from command line to 'None'
[0.212s] Level 5:colcon.colcon_core.verb:set package 'adjust_hsv' build argument 'catkin_skip_building_tests' from command line to 'False'
[0.212s] DEBUG:colcon.colcon_core.verb:Building package 'adjust_hsv' with the following arguments: {'ament_cmake_args': None, 'build_base': '/home/lccc/Desktop/GXS_2024_VisionCode/build/adjust_hsv', 'catkin_cmake_args': None, 'catkin_skip_building_tests': False, 'cmake_args': None, 'cmake_clean_cache': False, 'cmake_clean_first': False, 'cmake_force_configure': False, 'cmake_target': None, 'cmake_target_skip_unavailable': False, 'install_base': '/home/lccc/Desktop/GXS_2024_VisionCode/install/adjust_hsv', 'merge_install': False, 'path': '/home/lccc/Desktop/GXS_2024_VisionCode/src/adjust', 'symlink_install': False, 'test_result_base': None}
[0.213s] Level 5:colcon.colcon_core.verb:set package 'camera_driver' build argument 'cmake_args' from command line to 'None'
[0.213s] Level 5:colcon.colcon_core.verb:set package 'camera_driver' build argument 'cmake_target' from command line to 'None'
[0.213s] Level 5:colcon.colcon_core.verb:set package 'camera_driver' build argument 'cmake_target_skip_unavailable' from command line to 'False'
[0.213s] Level 5:colcon.colcon_core.verb:set package 'camera_driver' build argument 'cmake_clean_cache' from command line to 'False'
[0.213s] Level 5:colcon.colcon_core.verb:set package 'camera_driver' build argument 'cmake_clean_first' from command line to 'False'
[0.213s] Level 5:colcon.colcon_core.verb:set package 'camera_driver' build argument 'cmake_force_configure' from command line to 'False'
[0.213s] Level 5:colcon.colcon_core.verb:set package 'camera_driver' build argument 'ament_cmake_args' from command line to 'None'
[0.213s] Level 5:colcon.colcon_core.verb:set package 'camera_driver' build argument 'catkin_cmake_args' from command line to 'None'
[0.213s] Level 5:colcon.colcon_core.verb:set package 'camera_driver' build argument 'catkin_skip_building_tests' from command line to 'False'
[0.213s] DEBUG:colcon.colcon_core.verb:Building package 'camera_driver' with the following arguments: {'ament_cmake_args': None, 'build_base': '/home/lccc/Desktop/GXS_2024_VisionCode/build/camera_driver', 'catkin_cmake_args': None, 'catkin_skip_building_tests': False, 'cmake_args': None, 'cmake_clean_cache': False, 'cmake_clean_first': False, 'cmake_force_configure': False, 'cmake_target': None, 'cmake_target_skip_unavailable': False, 'install_base': '/home/lccc/Desktop/GXS_2024_VisionCode/install/camera_driver', 'merge_install': False, 'path': '/home/lccc/Desktop/GXS_2024_VisionCode/src/camera_driver', 'symlink_install': False, 'test_result_base': None}
[0.213s] Level 5:colcon.colcon_core.verb:set package 'qrmsg' build argument 'cmake_args' from command line to 'None'
[0.213s] Level 5:colcon.colcon_core.verb:set package 'qrmsg' build argument 'cmake_target' from command line to 'None'
[0.213s] Level 5:colcon.colcon_core.verb:set package 'qrmsg' build argument 'cmake_target_skip_unavailable' from command line to 'False'
[0.213s] Level 5:colcon.colcon_core.verb:set package 'qrmsg' build argument 'cmake_clean_cache' from command line to 'False'
[0.213s] Level 5:colcon.colcon_core.verb:set package 'qrmsg' build argument 'cmake_clean_first' from command line to 'False'
[0.213s] Level 5:colcon.colcon_core.verb:set package 'qrmsg' build argument 'cmake_force_configure' from command line to 'False'
[0.213s] Level 5:colcon.colcon_core.verb:set package 'qrmsg' build argument 'ament_cmake_args' from command line to 'None'
[0.213s] Level 5:colcon.colcon_core.verb:set package 'qrmsg' build argument 'catkin_cmake_args' from command line to 'None'
[0.213s] Level 5:colcon.colcon_core.verb:set package 'qrmsg' build argument 'catkin_skip_building_tests' from command line to 'False'
[0.213s] DEBUG:colcon.colcon_core.verb:Building package 'qrmsg' with the following arguments: {'ament_cmake_args': None, 'build_base': '/home/lccc/Desktop/GXS_2024_VisionCode/build/qrmsg', 'catkin_cmake_args': None, 'catkin_skip_building_tests': False, 'cmake_args': None, 'cmake_clean_cache': False, 'cmake_clean_first': False, 'cmake_force_configure': False, 'cmake_target': None, 'cmake_target_skip_unavailable': False, 'install_base': '/home/lccc/Desktop/GXS_2024_VisionCode/install/qrmsg', 'merge_install': False, 'path': '/home/lccc/Desktop/GXS_2024_VisionCode/src/qrmsg', 'symlink_install': False, 'test_result_base': None}
[0.213s] Level 5:colcon.colcon_core.verb:set package 'binary_detector' build argument 'cmake_args' from command line to 'None'
[0.213s] Level 5:colcon.colcon_core.verb:set package 'binary_detector' build argument 'cmake_target' from command line to 'None'
[0.213s] Level 5:colcon.colcon_core.verb:set package 'binary_detector' build argument 'cmake_target_skip_unavailable' from command line to 'False'
[0.213s] Level 5:colcon.colcon_core.verb:set package 'binary_detector' build argument 'cmake_clean_cache' from command line to 'False'
[0.213s] Level 5:colcon.colcon_core.verb:set package 'binary_detector' build argument 'cmake_clean_first' from command line to 'False'
[0.213s] Level 5:colcon.colcon_core.verb:set package 'binary_detector' build argument 'cmake_force_configure' from command line to 'False'
[0.213s] Level 5:colcon.colcon_core.verb:set package 'binary_detector' build argument 'ament_cmake_args' from command line to 'None'
[0.213s] Level 5:colcon.colcon_core.verb:set package 'binary_detector' build argument 'catkin_cmake_args' from command line to 'None'
[0.213s] Level 5:colcon.colcon_core.verb:set package 'binary_detector' build argument 'catkin_skip_building_tests' from command line to 'False'
[0.213s] DEBUG:colcon.colcon_core.verb:Building package 'binary_detector' with the following arguments: {'ament_cmake_args': None, 'build_base': '/home/lccc/Desktop/GXS_2024_VisionCode/build/binary_detector', 'catkin_cmake_args': None, 'catkin_skip_building_tests': False, 'cmake_args': None, 'cmake_clean_cache': False, 'cmake_clean_first': False, 'cmake_force_configure': False, 'cmake_target': None, 'cmake_target_skip_unavailable': False, 'install_base': '/home/lccc/Desktop/GXS_2024_VisionCode/install/binary_detector', 'merge_install': False, 'path': '/home/lccc/Desktop/GXS_2024_VisionCode/src/binary_detector', 'symlink_install': False, 'test_result_base': None}
[0.213s] Level 5:colcon.colcon_core.verb:set package 'colorblock_detector' build argument 'cmake_args' from command line to 'None'
[0.213s] Level 5:colcon.colcon_core.verb:set package 'colorblock_detector' build argument 'cmake_target' from command line to 'None'
[0.213s] Level 5:colcon.colcon_core.verb:set package 'colorblock_detector' build argument 'cmake_target_skip_unavailable' from command line to 'False'
[0.213s] Level 5:colcon.colcon_core.verb:set package 'colorblock_detector' build argument 'cmake_clean_cache' from command line to 'False'
[0.214s] Level 5:colcon.colcon_core.verb:set package 'colorblock_detector' build argument 'cmake_clean_first' from command line to 'False'
[0.214s] Level 5:colcon.colcon_core.verb:set package 'colorblock_detector' build argument 'cmake_force_configure' from command line to 'False'
[0.214s] Level 5:colcon.colcon_core.verb:set package 'colorblock_detector' build argument 'ament_cmake_args' from command line to 'None'
[0.214s] Level 5:colcon.colcon_core.verb:set package 'colorblock_detector' build argument 'catkin_cmake_args' from command line to 'None'
[0.214s] Level 5:colcon.colcon_core.verb:set package 'colorblock_detector' build argument 'catkin_skip_building_tests' from command line to 'False'
[0.214s] DEBUG:colcon.colcon_core.verb:Building package 'colorblock_detector' with the following arguments: {'ament_cmake_args': None, 'build_base': '/home/lccc/Desktop/GXS_2024_VisionCode/build/colorblock_detector', 'catkin_cmake_args': None, 'catkin_skip_building_tests': False, 'cmake_args': None, 'cmake_clean_cache': False, 'cmake_clean_first': False, 'cmake_force_configure': False, 'cmake_target': None, 'cmake_target_skip_unavailable': False, 'install_base': '/home/lccc/Desktop/GXS_2024_VisionCode/install/colorblock_detector', 'merge_install': False, 'path': '/home/lccc/Desktop/GXS_2024_VisionCode/src/colorblock_detector', 'symlink_install': False, 'test_result_base': None}
[0.214s] Level 5:colcon.colcon_core.verb:set package 'gxs_serial_driver' build argument 'cmake_args' from command line to 'None'
[0.214s] Level 5:colcon.colcon_core.verb:set package 'gxs_serial_driver' build argument 'cmake_target' from command line to 'None'
[0.214s] Level 5:colcon.colcon_core.verb:set package 'gxs_serial_driver' build argument 'cmake_target_skip_unavailable' from command line to 'False'
[0.214s] Level 5:colcon.colcon_core.verb:set package 'gxs_serial_driver' build argument 'cmake_clean_cache' from command line to 'False'
[0.214s] Level 5:colcon.colcon_core.verb:set package 'gxs_serial_driver' build argument 'cmake_clean_first' from command line to 'False'
[0.214s] Level 5:colcon.colcon_core.verb:set package 'gxs_serial_driver' build argument 'cmake_force_configure' from command line to 'False'
[0.214s] Level 5:colcon.colcon_core.verb:set package 'gxs_serial_driver' build argument 'ament_cmake_args' from command line to 'None'
[0.214s] Level 5:colcon.colcon_core.verb:set package 'gxs_serial_driver' build argument 'catkin_cmake_args' from command line to 'None'
[0.214s] Level 5:colcon.colcon_core.verb:set package 'gxs_serial_driver' build argument 'catkin_skip_building_tests' from command line to 'False'
[0.214s] DEBUG:colcon.colcon_core.verb:Building package 'gxs_serial_driver' with the following arguments: {'ament_cmake_args': None, 'build_base': '/home/lccc/Desktop/GXS_2024_VisionCode/build/gxs_serial_driver', 'catkin_cmake_args': None, 'catkin_skip_building_tests': False, 'cmake_args': None, 'cmake_clean_cache': False, 'cmake_clean_first': False, 'cmake_force_configure': False, 'cmake_target': None, 'cmake_target_skip_unavailable': False, 'install_base': '/home/lccc/Desktop/GXS_2024_VisionCode/install/gxs_serial_driver', 'merge_install': False, 'path': '/home/lccc/Desktop/GXS_2024_VisionCode/src/rm_serial_driver', 'symlink_install': False, 'test_result_base': None}
[0.214s] Level 5:colcon.colcon_core.verb:set package 'line_follow' build argument 'cmake_args' from command line to 'None'
[0.214s] Level 5:colcon.colcon_core.verb:set package 'line_follow' build argument 'cmake_target' from command line to 'None'
[0.214s] Level 5:colcon.colcon_core.verb:set package 'line_follow' build argument 'cmake_target_skip_unavailable' from command line to 'False'
[0.214s] Level 5:colcon.colcon_core.verb:set package 'line_follow' build argument 'cmake_clean_cache' from command line to 'False'
[0.214s] Level 5:colcon.colcon_core.verb:set package 'line_follow' build argument 'cmake_clean_first' from command line to 'False'
[0.214s] Level 5:colcon.colcon_core.verb:set package 'line_follow' build argument 'cmake_force_configure' from command line to 'False'
[0.214s] Level 5:colcon.colcon_core.verb:set package 'line_follow' build argument 'ament_cmake_args' from command line to 'None'
[0.214s] Level 5:colcon.colcon_core.verb:set package 'line_follow' build argument 'catkin_cmake_args' from command line to 'None'
[0.214s] Level 5:colcon.colcon_core.verb:set package 'line_follow' build argument 'catkin_skip_building_tests' from command line to 'False'
[0.214s] DEBUG:colcon.colcon_core.verb:Building package 'line_follow' with the following arguments: {'ament_cmake_args': None, 'build_base': '/home/lccc/Desktop/GXS_2024_VisionCode/build/line_follow', 'catkin_cmake_args': None, 'catkin_skip_building_tests': False, 'cmake_args': None, 'cmake_clean_cache': False, 'cmake_clean_first': False, 'cmake_force_configure': False, 'cmake_target': None, 'cmake_target_skip_unavailable': False, 'install_base': '/home/lccc/Desktop/GXS_2024_VisionCode/install/line_follow', 'merge_install': False, 'path': '/home/lccc/Desktop/GXS_2024_VisionCode/src/line_follow', 'symlink_install': False, 'test_result_base': None}
[0.214s] INFO:colcon.colcon_core.executor:Executing jobs using 'parallel' executor
[0.215s] DEBUG:colcon.colcon_parallel_executor.executor.parallel:run_until_complete
[0.215s] INFO:colcon.colcon_ros.task.ament_cmake.build:Building ROS package in '/home/lccc/Desktop/GXS_2024_VisionCode/src/qrmsg' with build type 'ament_cmake'
[0.215s] INFO:colcon.colcon_cmake.task.cmake.build:Building CMake package in '/home/lccc/Desktop/GXS_2024_VisionCode/src/qrmsg'
[0.217s] INFO:colcon.colcon_core.plugin_system:Skipping extension 'colcon_core.shell.bat': Not used on non-Windows systems
[0.217s] INFO:colcon.colcon_core.shell:Skip shell extension 'powershell' for command environment: Not usable outside of PowerShell
[0.217s] DEBUG:colcon.colcon_core.shell:Skip shell extension 'dsv' for command environment
[0.219s] INFO:colcon.colcon_ros.task.ament_cmake.build:Building ROS package in '/home/lccc/Desktop/GXS_2024_VisionCode/src/adjust' with build type 'ament_cmake'
[0.219s] INFO:colcon.colcon_cmake.task.cmake.build:Building CMake package in '/home/lccc/Desktop/GXS_2024_VisionCode/src/adjust'
[0.219s] INFO:colcon.colcon_core.shell:Skip shell extension 'powershell' for command environment: Not usable outside of PowerShell
[0.219s] DEBUG:colcon.colcon_core.shell:Skip shell extension 'dsv' for command environment
[0.220s] INFO:colcon.colcon_ros.task.ament_cmake.build:Building ROS package in '/home/lccc/Desktop/GXS_2024_VisionCode/src/camera_driver' with build type 'ament_cmake'
[0.220s] INFO:colcon.colcon_cmake.task.cmake.build:Building CMake package in '/home/lccc/Desktop/GXS_2024_VisionCode/src/camera_driver'
[0.220s] INFO:colcon.colcon_core.shell:Skip shell extension 'powershell' for command environment: Not usable outside of PowerShell
[0.220s] DEBUG:colcon.colcon_core.shell:Skip shell extension 'dsv' for command environment
[0.226s] DEBUG:colcon.colcon_core.event_handler.log_command:Invoking command in '/home/lccc/Desktop/GXS_2024_VisionCode/build/qrmsg': CMAKE_PREFIX_PATH=/opt/ros/humble /usr/bin/cmake --build /home/lccc/Desktop/GXS_2024_VisionCode/build/qrmsg -- -j16 -l16
[0.228s] DEBUG:colcon.colcon_core.event_handler.log_command:Invoking command in '/home/lccc/Desktop/GXS_2024_VisionCode/build/adjust_hsv': CMAKE_PREFIX_PATH=/opt/ros/humble /usr/bin/cmake --build /home/lccc/Desktop/GXS_2024_VisionCode/build/adjust_hsv -- -j16 -l16
[0.231s] DEBUG:colcon.colcon_core.event_handler.log_command:Invoking command in '/home/lccc/Desktop/GXS_2024_VisionCode/build/camera_driver': CMAKE_PREFIX_PATH=/opt/ros/humble /usr/bin/cmake --build /home/lccc/Desktop/GXS_2024_VisionCode/build/camera_driver -- -j16 -l16
[0.278s] DEBUG:colcon.colcon_core.event_handler.log_command:Invoked command in '/home/lccc/Desktop/GXS_2024_VisionCode/build/adjust_hsv' returned '0': CMAKE_PREFIX_PATH=/opt/ros/humble /usr/bin/cmake --build /home/lccc/Desktop/GXS_2024_VisionCode/build/adjust_hsv -- -j16 -l16
[0.305s] DEBUG:colcon.colcon_core.event_handler.log_command:Invoking command in '/home/lccc/Desktop/GXS_2024_VisionCode/build/adjust_hsv': CMAKE_PREFIX_PATH=/opt/ros/humble /usr/bin/cmake --install /home/lccc/Desktop/GXS_2024_VisionCode/build/adjust_hsv
[0.311s] Level 1:colcon.colcon_core.environment:create_environment_scripts_only(adjust_hsv)
[0.311s] DEBUG:colcon.colcon_core.event_handler.log_command:Invoked command in '/home/lccc/Desktop/GXS_2024_VisionCode/build/adjust_hsv' returned '0': CMAKE_PREFIX_PATH=/opt/ros/humble /usr/bin/cmake --install /home/lccc/Desktop/GXS_2024_VisionCode/build/adjust_hsv
[0.313s] Level 1:colcon.colcon_core.environment:checking '/home/lccc/Desktop/GXS_2024_VisionCode/install/adjust_hsv' for CMake module files
[0.314s] Level 1:colcon.colcon_core.environment:checking '/home/lccc/Desktop/GXS_2024_VisionCode/install/adjust_hsv' for CMake config files
[0.314s] Level 1:colcon.colcon_core.shell:create_environment_hook('adjust_hsv', 'cmake_prefix_path')
[0.314s] INFO:colcon.colcon_core.shell:Creating environment hook '/home/lccc/Desktop/GXS_2024_VisionCode/install/adjust_hsv/share/adjust_hsv/hook/cmake_prefix_path.ps1'
[0.315s] INFO:colcon.colcon_core.shell:Creating environment descriptor '/home/lccc/Desktop/GXS_2024_VisionCode/install/adjust_hsv/share/adjust_hsv/hook/cmake_prefix_path.dsv'
[0.315s] INFO:colcon.colcon_core.shell:Creating environment hook '/home/lccc/Desktop/GXS_2024_VisionCode/install/adjust_hsv/share/adjust_hsv/hook/cmake_prefix_path.sh'
[0.316s] Level 1:colcon.colcon_core.environment:checking '/home/lccc/Desktop/GXS_2024_VisionCode/install/adjust_hsv/lib'
[0.317s] Level 1:colcon.colcon_core.environment:checking '/home/lccc/Desktop/GXS_2024_VisionCode/install/adjust_hsv/bin'
[0.317s] Level 1:colcon.colcon_core.environment:checking '/home/lccc/Desktop/GXS_2024_VisionCode/install/adjust_hsv/lib/pkgconfig/adjust_hsv.pc'
[0.317s] Level 1:colcon.colcon_core.environment:checking '/home/lccc/Desktop/GXS_2024_VisionCode/install/adjust_hsv/lib/python3.10/site-packages'
[0.317s] Level 1:colcon.colcon_core.environment:checking '/home/lccc/Desktop/GXS_2024_VisionCode/install/adjust_hsv/bin'
[0.317s] INFO:colcon.colcon_core.shell:Creating package script '/home/lccc/Desktop/GXS_2024_VisionCode/install/adjust_hsv/share/adjust_hsv/package.ps1'
[0.318s] INFO:colcon.colcon_core.shell:Creating package descriptor '/home/lccc/Desktop/GXS_2024_VisionCode/install/adjust_hsv/share/adjust_hsv/package.dsv'
[0.319s] INFO:colcon.colcon_core.shell:Creating package script '/home/lccc/Desktop/GXS_2024_VisionCode/install/adjust_hsv/share/adjust_hsv/package.sh'
[0.319s] INFO:colcon.colcon_core.shell:Creating package script '/home/lccc/Desktop/GXS_2024_VisionCode/install/adjust_hsv/share/adjust_hsv/package.bash'
[0.320s] INFO:colcon.colcon_core.shell:Creating package script '/home/lccc/Desktop/GXS_2024_VisionCode/install/adjust_hsv/share/adjust_hsv/package.zsh'
[0.321s] Level 1:colcon.colcon_core.environment:create_file_with_runtime_dependencies(/home/lccc/Desktop/GXS_2024_VisionCode/install/adjust_hsv/share/colcon-core/packages/adjust_hsv)
[0.341s] Level 1:colcon.colcon_core.environment:create_environment_scripts_only(adjust_hsv)
[0.341s] Level 1:colcon.colcon_core.environment:checking '/home/lccc/Desktop/GXS_2024_VisionCode/install/adjust_hsv' for CMake module files
[0.341s] Level 1:colcon.colcon_core.environment:checking '/home/lccc/Desktop/GXS_2024_VisionCode/install/adjust_hsv' for CMake config files
[0.341s] Level 1:colcon.colcon_core.shell:create_environment_hook('adjust_hsv', 'cmake_prefix_path')
[0.342s] INFO:colcon.colcon_core.shell:Creating environment hook '/home/lccc/Desktop/GXS_2024_VisionCode/install/adjust_hsv/share/adjust_hsv/hook/cmake_prefix_path.ps1'
[0.342s] INFO:colcon.colcon_core.shell:Creating environment descriptor '/home/lccc/Desktop/GXS_2024_VisionCode/install/adjust_hsv/share/adjust_hsv/hook/cmake_prefix_path.dsv'
[0.343s] INFO:colcon.colcon_core.shell:Creating environment hook '/home/lccc/Desktop/GXS_2024_VisionCode/install/adjust_hsv/share/adjust_hsv/hook/cmake_prefix_path.sh'
[0.343s] Level 1:colcon.colcon_core.environment:checking '/home/lccc/Desktop/GXS_2024_VisionCode/install/adjust_hsv/lib'
[0.344s] Level 1:colcon.colcon_core.environment:checking '/home/lccc/Desktop/GXS_2024_VisionCode/install/adjust_hsv/bin'
[0.344s] Level 1:colcon.colcon_core.environment:checking '/home/lccc/Desktop/GXS_2024_VisionCode/install/adjust_hsv/lib/pkgconfig/adjust_hsv.pc'
[0.344s] Level 1:colcon.colcon_core.environment:checking '/home/lccc/Desktop/GXS_2024_VisionCode/install/adjust_hsv/lib/python3.10/site-packages'
[0.344s] Level 1:colcon.colcon_core.environment:checking '/home/lccc/Desktop/GXS_2024_VisionCode/install/adjust_hsv/bin'
[0.344s] INFO:colcon.colcon_core.shell:Creating package script '/home/lccc/Desktop/GXS_2024_VisionCode/install/adjust_hsv/share/adjust_hsv/package.ps1'
[0.345s] INFO:colcon.colcon_core.shell:Creating package descriptor '/home/lccc/Desktop/GXS_2024_VisionCode/install/adjust_hsv/share/adjust_hsv/package.dsv'
[0.346s] INFO:colcon.colcon_core.shell:Creating package script '/home/lccc/Desktop/GXS_2024_VisionCode/install/adjust_hsv/share/adjust_hsv/package.sh'
[0.346s] INFO:colcon.colcon_core.shell:Creating package script '/home/lccc/Desktop/GXS_2024_VisionCode/install/adjust_hsv/share/adjust_hsv/package.bash'
[0.347s] INFO:colcon.colcon_core.shell:Creating package script '/home/lccc/Desktop/GXS_2024_VisionCode/install/adjust_hsv/share/adjust_hsv/package.zsh'
[0.347s] Level 1:colcon.colcon_core.environment:create_file_with_runtime_dependencies(/home/lccc/Desktop/GXS_2024_VisionCode/install/adjust_hsv/share/colcon-core/packages/adjust_hsv)
[0.456s] DEBUG:colcon.colcon_core.event_handler.log_command:Invoked command in '/home/lccc/Desktop/GXS_2024_VisionCode/build/qrmsg' returned '0': CMAKE_PREFIX_PATH=/opt/ros/humble /usr/bin/cmake --build /home/lccc/Desktop/GXS_2024_VisionCode/build/qrmsg -- -j16 -l16
[0.527s] DEBUG:colcon.colcon_core.event_handler.log_command:Invoking command in '/home/lccc/Desktop/GXS_2024_VisionCode/build/qrmsg': CMAKE_PREFIX_PATH=/opt/ros/humble /usr/bin/cmake --install /home/lccc/Desktop/GXS_2024_VisionCode/build/qrmsg
[0.562s] Level 1:colcon.colcon_core.environment:create_environment_scripts_only(qrmsg)
[0.563s] Level 1:colcon.colcon_core.environment:checking '/home/lccc/Desktop/GXS_2024_VisionCode/install/qrmsg' for CMake module files
[0.563s] DEBUG:colcon.colcon_core.event_handler.log_command:Invoked command in '/home/lccc/Desktop/GXS_2024_VisionCode/build/qrmsg' returned '0': CMAKE_PREFIX_PATH=/opt/ros/humble /usr/bin/cmake --install /home/lccc/Desktop/GXS_2024_VisionCode/build/qrmsg
[0.563s] Level 1:colcon.colcon_core.environment:checking '/home/lccc/Desktop/GXS_2024_VisionCode/install/qrmsg' for CMake config files
[0.563s] Level 1:colcon.colcon_core.shell:create_environment_hook('qrmsg', 'cmake_prefix_path')
[0.563s] INFO:colcon.colcon_core.shell:Creating environment hook '/home/lccc/Desktop/GXS_2024_VisionCode/install/qrmsg/share/qrmsg/hook/cmake_prefix_path.ps1'
[0.564s] INFO:colcon.colcon_core.shell:Creating environment descriptor '/home/lccc/Desktop/GXS_2024_VisionCode/install/qrmsg/share/qrmsg/hook/cmake_prefix_path.dsv'
[0.564s] INFO:colcon.colcon_core.shell:Creating environment hook '/home/lccc/Desktop/GXS_2024_VisionCode/install/qrmsg/share/qrmsg/hook/cmake_prefix_path.sh'
[0.564s] Level 1:colcon.colcon_core.environment:checking '/home/lccc/Desktop/GXS_2024_VisionCode/install/qrmsg/lib'
[0.564s] Level 1:colcon.colcon_core.shell:create_environment_hook('qrmsg', 'ld_library_path_lib')
[0.564s] INFO:colcon.colcon_core.shell:Creating environment hook '/home/lccc/Desktop/GXS_2024_VisionCode/install/qrmsg/share/qrmsg/hook/ld_library_path_lib.ps1'
[0.565s] INFO:colcon.colcon_core.shell:Creating environment descriptor '/home/lccc/Desktop/GXS_2024_VisionCode/install/qrmsg/share/qrmsg/hook/ld_library_path_lib.dsv'
[0.565s] INFO:colcon.colcon_core.shell:Creating environment hook '/home/lccc/Desktop/GXS_2024_VisionCode/install/qrmsg/share/qrmsg/hook/ld_library_path_lib.sh'
[0.565s] Level 1:colcon.colcon_core.environment:checking '/home/lccc/Desktop/GXS_2024_VisionCode/install/qrmsg/bin'
[0.565s] Level 1:colcon.colcon_core.environment:checking '/home/lccc/Desktop/GXS_2024_VisionCode/install/qrmsg/lib/pkgconfig/qrmsg.pc'
[0.565s] Level 1:colcon.colcon_core.environment:checking '/home/lccc/Desktop/GXS_2024_VisionCode/install/qrmsg/lib/python3.10/site-packages'
[0.565s] Level 1:colcon.colcon_core.environment:checking '/home/lccc/Desktop/GXS_2024_VisionCode/install/qrmsg/bin'
[0.566s] INFO:colcon.colcon_core.shell:Creating package script '/home/lccc/Desktop/GXS_2024_VisionCode/install/qrmsg/share/qrmsg/package.ps1'
[0.566s] INFO:colcon.colcon_core.shell:Creating package descriptor '/home/lccc/Desktop/GXS_2024_VisionCode/install/qrmsg/share/qrmsg/package.dsv'
[0.566s] INFO:colcon.colcon_core.shell:Creating package script '/home/lccc/Desktop/GXS_2024_VisionCode/install/qrmsg/share/qrmsg/package.sh'
[0.567s] INFO:colcon.colcon_core.shell:Creating package script '/home/lccc/Desktop/GXS_2024_VisionCode/install/qrmsg/share/qrmsg/package.bash'
[0.567s] INFO:colcon.colcon_core.shell:Creating package script '/home/lccc/Desktop/GXS_2024_VisionCode/install/qrmsg/share/qrmsg/package.zsh'
[0.567s] Level 1:colcon.colcon_core.environment:create_file_with_runtime_dependencies(/home/lccc/Desktop/GXS_2024_VisionCode/install/qrmsg/share/colcon-core/packages/qrmsg)
[0.638s] Level 1:colcon.colcon_core.environment:create_environment_scripts_only(qrmsg)
[0.638s] Level 1:colcon.colcon_core.environment:checking '/home/lccc/Desktop/GXS_2024_VisionCode/install/qrmsg' for CMake module files
[0.638s] Level 1:colcon.colcon_core.environment:checking '/home/lccc/Desktop/GXS_2024_VisionCode/install/qrmsg' for CMake config files
[0.639s] Level 1:colcon.colcon_core.shell:create_environment_hook('qrmsg', 'cmake_prefix_path')
[0.639s] INFO:colcon.colcon_core.shell:Creating environment hook '/home/lccc/Desktop/GXS_2024_VisionCode/install/qrmsg/share/qrmsg/hook/cmake_prefix_path.ps1'
[0.639s] INFO:colcon.colcon_core.shell:Creating environment descriptor '/home/lccc/Desktop/GXS_2024_VisionCode/install/qrmsg/share/qrmsg/hook/cmake_prefix_path.dsv'
[0.639s] INFO:colcon.colcon_core.shell:Creating environment hook '/home/lccc/Desktop/GXS_2024_VisionCode/install/qrmsg/share/qrmsg/hook/cmake_prefix_path.sh'
[0.640s] Level 1:colcon.colcon_core.environment:checking '/home/lccc/Desktop/GXS_2024_VisionCode/install/qrmsg/lib'
[0.640s] Level 1:colcon.colcon_core.shell:create_environment_hook('qrmsg', 'ld_library_path_lib')
[0.640s] INFO:colcon.colcon_core.shell:Creating environment hook '/home/lccc/Desktop/GXS_2024_VisionCode/install/qrmsg/share/qrmsg/hook/ld_library_path_lib.ps1'
[0.640s] INFO:colcon.colcon_core.shell:Creating environment descriptor '/home/lccc/Desktop/GXS_2024_VisionCode/install/qrmsg/share/qrmsg/hook/ld_library_path_lib.dsv'
[0.640s] INFO:colcon.colcon_core.shell:Creating environment hook '/home/lccc/Desktop/GXS_2024_VisionCode/install/qrmsg/share/qrmsg/hook/ld_library_path_lib.sh'
[0.640s] Level 1:colcon.colcon_core.environment:checking '/home/lccc/Desktop/GXS_2024_VisionCode/install/qrmsg/bin'
[0.641s] Level 1:colcon.colcon_core.environment:checking '/home/lccc/Desktop/GXS_2024_VisionCode/install/qrmsg/lib/pkgconfig/qrmsg.pc'
[0.641s] Level 1:colcon.colcon_core.environment:checking '/home/lccc/Desktop/GXS_2024_VisionCode/install/qrmsg/lib/python3.10/site-packages'
[0.641s] Level 1:colcon.colcon_core.environment:checking '/home/lccc/Desktop/GXS_2024_VisionCode/install/qrmsg/bin'
[0.641s] INFO:colcon.colcon_core.shell:Creating package script '/home/lccc/Desktop/GXS_2024_VisionCode/install/qrmsg/share/qrmsg/package.ps1'
[0.641s] INFO:colcon.colcon_core.shell:Creating package descriptor '/home/lccc/Desktop/GXS_2024_VisionCode/install/qrmsg/share/qrmsg/package.dsv'
[0.642s] INFO:colcon.colcon_core.shell:Creating package script '/home/lccc/Desktop/GXS_2024_VisionCode/install/qrmsg/share/qrmsg/package.sh'
[0.642s] INFO:colcon.colcon_core.shell:Creating package script '/home/lccc/Desktop/GXS_2024_VisionCode/install/qrmsg/share/qrmsg/package.bash'
[0.642s] INFO:colcon.colcon_core.shell:Creating package script '/home/lccc/Desktop/GXS_2024_VisionCode/install/qrmsg/share/qrmsg/package.zsh'
[0.642s] Level 1:colcon.colcon_core.environment:create_file_with_runtime_dependencies(/home/lccc/Desktop/GXS_2024_VisionCode/install/qrmsg/share/colcon-core/packages/qrmsg)
[0.643s] INFO:colcon.colcon_ros.task.ament_cmake.build:Building ROS package in '/home/lccc/Desktop/GXS_2024_VisionCode/src/binary_detector' with build type 'ament_cmake'
[0.643s] INFO:colcon.colcon_cmake.task.cmake.build:Building CMake package in '/home/lccc/Desktop/GXS_2024_VisionCode/src/binary_detector'
[0.643s] INFO:colcon.colcon_core.shell:Skip shell extension 'powershell' for command environment: Not usable outside of PowerShell
[0.643s] DEBUG:colcon.colcon_core.shell:Skip shell extension 'dsv' for command environment
[0.645s] INFO:colcon.colcon_ros.task.ament_cmake.build:Building ROS package in '/home/lccc/Desktop/GXS_2024_VisionCode/src/colorblock_detector' with build type 'ament_cmake'
[0.645s] INFO:colcon.colcon_cmake.task.cmake.build:Building CMake package in '/home/lccc/Desktop/GXS_2024_VisionCode/src/colorblock_detector'
[0.645s] INFO:colcon.colcon_core.shell:Skip shell extension 'powershell' for command environment: Not usable outside of PowerShell
[0.645s] DEBUG:colcon.colcon_core.shell:Skip shell extension 'dsv' for command environment
[0.648s] INFO:colcon.colcon_ros.task.ament_cmake.build:Building ROS package in '/home/lccc/Desktop/GXS_2024_VisionCode/src/rm_serial_driver' with build type 'ament_cmake'
[0.648s] INFO:colcon.colcon_cmake.task.cmake.build:Building CMake package in '/home/lccc/Desktop/GXS_2024_VisionCode/src/rm_serial_driver'
[0.648s] INFO:colcon.colcon_core.shell:Skip shell extension 'powershell' for command environment: Not usable outside of PowerShell
[0.649s] DEBUG:colcon.colcon_core.shell:Skip shell extension 'dsv' for command environment
[0.651s] INFO:colcon.colcon_ros.task.ament_cmake.build:Building ROS package in '/home/lccc/Desktop/GXS_2024_VisionCode/src/line_follow' with build type 'ament_cmake'
[0.651s] INFO:colcon.colcon_cmake.task.cmake.build:Building CMake package in '/home/lccc/Desktop/GXS_2024_VisionCode/src/line_follow'
[0.652s] INFO:colcon.colcon_core.shell:Skip shell extension 'powershell' for command environment: Not usable outside of PowerShell
[0.652s] DEBUG:colcon.colcon_core.shell:Skip shell extension 'dsv' for command environment
[0.658s] DEBUG:colcon.colcon_core.event_handler.log_command:Invoking command in '/home/lccc/Desktop/GXS_2024_VisionCode/build/binary_detector': AMENT_PREFIX_PATH=/home/lccc/Desktop/GXS_2024_VisionCode/install/qrmsg:${AMENT_PREFIX_PATH} CMAKE_PREFIX_PATH=/home/lccc/Desktop/GXS_2024_VisionCode/install/qrmsg:/opt/ros/humble LD_LIBRARY_PATH=/home/lccc/Desktop/GXS_2024_VisionCode/install/qrmsg/lib:${LD_LIBRARY_PATH} PYTHONPATH=/home/lccc/Desktop/GXS_2024_VisionCode/install/qrmsg/local/lib/python3.10/dist-packages:${PYTHONPATH} /usr/bin/cmake --build /home/lccc/Desktop/GXS_2024_VisionCode/build/binary_detector -- -j16 -l16
[0.660s] DEBUG:colcon.colcon_core.event_handler.log_command:Invoking command in '/home/lccc/Desktop/GXS_2024_VisionCode/build/colorblock_detector': AMENT_PREFIX_PATH=/home/lccc/Desktop/GXS_2024_VisionCode/install/qrmsg:${AMENT_PREFIX_PATH} CMAKE_PREFIX_PATH=/home/lccc/Desktop/GXS_2024_VisionCode/install/qrmsg:/opt/ros/humble LD_LIBRARY_PATH=/home/lccc/Desktop/GXS_2024_VisionCode/install/qrmsg/lib:${LD_LIBRARY_PATH} PYTHONPATH=/home/lccc/Desktop/GXS_2024_VisionCode/install/qrmsg/local/lib/python3.10/dist-packages:${PYTHONPATH} /usr/bin/cmake --build /home/lccc/Desktop/GXS_2024_VisionCode/build/colorblock_detector -- -j16 -l16
[0.663s] DEBUG:colcon.colcon_core.event_handler.log_command:Invoking command in '/home/lccc/Desktop/GXS_2024_VisionCode/build/gxs_serial_driver': AMENT_PREFIX_PATH=/home/lccc/Desktop/GXS_2024_VisionCode/install/qrmsg:${AMENT_PREFIX_PATH} CMAKE_PREFIX_PATH=/home/lccc/Desktop/GXS_2024_VisionCode/install/qrmsg:/opt/ros/humble LD_LIBRARY_PATH=/home/lccc/Desktop/GXS_2024_VisionCode/install/qrmsg/lib:${LD_LIBRARY_PATH} PYTHONPATH=/home/lccc/Desktop/GXS_2024_VisionCode/install/qrmsg/local/lib/python3.10/dist-packages:${PYTHONPATH} /usr/bin/cmake --build /home/lccc/Desktop/GXS_2024_VisionCode/build/gxs_serial_driver -- -j16 -l16
[0.667s] DEBUG:colcon.colcon_core.event_handler.log_command:Invoking command in '/home/lccc/Desktop/GXS_2024_VisionCode/build/line_follow': AMENT_PREFIX_PATH=/home/lccc/Desktop/GXS_2024_VisionCode/install/qrmsg:${AMENT_PREFIX_PATH} CMAKE_PREFIX_PATH=/home/lccc/Desktop/GXS_2024_VisionCode/install/qrmsg:/opt/ros/humble LD_LIBRARY_PATH=/home/lccc/Desktop/GXS_2024_VisionCode/install/qrmsg/lib:${LD_LIBRARY_PATH} PYTHONPATH=/home/lccc/Desktop/GXS_2024_VisionCode/install/qrmsg/local/lib/python3.10/dist-packages:${PYTHONPATH} /usr/bin/cmake --build /home/lccc/Desktop/GXS_2024_VisionCode/build/line_follow -- -j16 -l16
[0.720s] DEBUG:colcon.colcon_core.event_handler.log_command:Invoked command in '/home/lccc/Desktop/GXS_2024_VisionCode/build/line_follow' returned '0': AMENT_PREFIX_PATH=/home/lccc/Desktop/GXS_2024_VisionCode/install/qrmsg:${AMENT_PREFIX_PATH} CMAKE_PREFIX_PATH=/home/lccc/Desktop/GXS_2024_VisionCode/install/qrmsg:/opt/ros/humble LD_LIBRARY_PATH=/home/lccc/Desktop/GXS_2024_VisionCode/install/qrmsg/lib:${LD_LIBRARY_PATH} PYTHONPATH=/home/lccc/Desktop/GXS_2024_VisionCode/install/qrmsg/local/lib/python3.10/dist-packages:${PYTHONPATH} /usr/bin/cmake --build /home/lccc/Desktop/GXS_2024_VisionCode/build/line_follow -- -j16 -l16
[0.722s] DEBUG:colcon.colcon_core.event_handler.log_command:Invoked command in '/home/lccc/Desktop/GXS_2024_VisionCode/build/colorblock_detector' returned '0': AMENT_PREFIX_PATH=/home/lccc/Desktop/GXS_2024_VisionCode/install/qrmsg:${AMENT_PREFIX_PATH} CMAKE_PREFIX_PATH=/home/lccc/Desktop/GXS_2024_VisionCode/install/qrmsg:/opt/ros/humble LD_LIBRARY_PATH=/home/lccc/Desktop/GXS_2024_VisionCode/install/qrmsg/lib:${LD_LIBRARY_PATH} PYTHONPATH=/home/lccc/Desktop/GXS_2024_VisionCode/install/qrmsg/local/lib/python3.10/dist-packages:${PYTHONPATH} /usr/bin/cmake --build /home/lccc/Desktop/GXS_2024_VisionCode/build/colorblock_detector -- -j16 -l16
[0.729s] DEBUG:colcon.colcon_core.event_handler.log_command:Invoked command in '/home/lccc/Desktop/GXS_2024_VisionCode/build/binary_detector' returned '0': AMENT_PREFIX_PATH=/home/lccc/Desktop/GXS_2024_VisionCode/install/qrmsg:${AMENT_PREFIX_PATH} CMAKE_PREFIX_PATH=/home/lccc/Desktop/GXS_2024_VisionCode/install/qrmsg:/opt/ros/humble LD_LIBRARY_PATH=/home/lccc/Desktop/GXS_2024_VisionCode/install/qrmsg/lib:${LD_LIBRARY_PATH} PYTHONPATH=/home/lccc/Desktop/GXS_2024_VisionCode/install/qrmsg/local/lib/python3.10/dist-packages:${PYTHONPATH} /usr/bin/cmake --build /home/lccc/Desktop/GXS_2024_VisionCode/build/binary_detector -- -j16 -l16
[0.731s] DEBUG:colcon.colcon_core.event_handler.log_command:Invoked command in '/home/lccc/Desktop/GXS_2024_VisionCode/build/gxs_serial_driver' returned '0': AMENT_PREFIX_PATH=/home/lccc/Desktop/GXS_2024_VisionCode/install/qrmsg:${AMENT_PREFIX_PATH} CMAKE_PREFIX_PATH=/home/lccc/Desktop/GXS_2024_VisionCode/install/qrmsg:/opt/ros/humble LD_LIBRARY_PATH=/home/lccc/Desktop/GXS_2024_VisionCode/install/qrmsg/lib:${LD_LIBRARY_PATH} PYTHONPATH=/home/lccc/Desktop/GXS_2024_VisionCode/install/qrmsg/local/lib/python3.10/dist-packages:${PYTHONPATH} /usr/bin/cmake --build /home/lccc/Desktop/GXS_2024_VisionCode/build/gxs_serial_driver -- -j16 -l16
[0.743s] DEBUG:colcon.colcon_core.event_handler.log_command:Invoking command in '/home/lccc/Desktop/GXS_2024_VisionCode/build/line_follow': AMENT_PREFIX_PATH=/home/lccc/Desktop/GXS_2024_VisionCode/install/qrmsg:${AMENT_PREFIX_PATH} CMAKE_PREFIX_PATH=/home/lccc/Desktop/GXS_2024_VisionCode/install/qrmsg:/opt/ros/humble LD_LIBRARY_PATH=/home/lccc/Desktop/GXS_2024_VisionCode/install/qrmsg/lib:${LD_LIBRARY_PATH} PYTHONPATH=/home/lccc/Desktop/GXS_2024_VisionCode/install/qrmsg/local/lib/python3.10/dist-packages:${PYTHONPATH} /usr/bin/cmake --install /home/lccc/Desktop/GXS_2024_VisionCode/build/line_follow
[0.745s] DEBUG:colcon.colcon_core.event_handler.log_command:Invoking command in '/home/lccc/Desktop/GXS_2024_VisionCode/build/colorblock_detector': AMENT_PREFIX_PATH=/home/lccc/Desktop/GXS_2024_VisionCode/install/qrmsg:${AMENT_PREFIX_PATH} CMAKE_PREFIX_PATH=/home/lccc/Desktop/GXS_2024_VisionCode/install/qrmsg:/opt/ros/humble LD_LIBRARY_PATH=/home/lccc/Desktop/GXS_2024_VisionCode/install/qrmsg/lib:${LD_LIBRARY_PATH} PYTHONPATH=/home/lccc/Desktop/GXS_2024_VisionCode/install/qrmsg/local/lib/python3.10/dist-packages:${PYTHONPATH} /usr/bin/cmake --install /home/lccc/Desktop/GXS_2024_VisionCode/build/colorblock_detector
[0.750s] Level 1:colcon.colcon_core.environment:create_environment_scripts_only(line_follow)
[0.750s] Level 1:colcon.colcon_core.environment:checking '/home/lccc/Desktop/GXS_2024_VisionCode/install/line_follow' for CMake module files
[0.752s] DEBUG:colcon.colcon_core.event_handler.log_command:Invoked command in '/home/lccc/Desktop/GXS_2024_VisionCode/build/line_follow' returned '0': AMENT_PREFIX_PATH=/home/lccc/Desktop/GXS_2024_VisionCode/install/qrmsg:${AMENT_PREFIX_PATH} CMAKE_PREFIX_PATH=/home/lccc/Desktop/GXS_2024_VisionCode/install/qrmsg:/opt/ros/humble LD_LIBRARY_PATH=/home/lccc/Desktop/GXS_2024_VisionCode/install/qrmsg/lib:${LD_LIBRARY_PATH} PYTHONPATH=/home/lccc/Desktop/GXS_2024_VisionCode/install/qrmsg/local/lib/python3.10/dist-packages:${PYTHONPATH} /usr/bin/cmake --install /home/lccc/Desktop/GXS_2024_VisionCode/build/line_follow
[0.754s] Level 1:colcon.colcon_core.environment:checking '/home/lccc/Desktop/GXS_2024_VisionCode/install/line_follow' for CMake config files
[0.754s] Level 1:colcon.colcon_core.shell:create_environment_hook('line_follow', 'cmake_prefix_path')
[0.754s] INFO:colcon.colcon_core.shell:Creating environment hook '/home/lccc/Desktop/GXS_2024_VisionCode/install/line_follow/share/line_follow/hook/cmake_prefix_path.ps1'
[0.755s] INFO:colcon.colcon_core.shell:Creating environment descriptor '/home/lccc/Desktop/GXS_2024_VisionCode/install/line_follow/share/line_follow/hook/cmake_prefix_path.dsv'
[0.755s] INFO:colcon.colcon_core.shell:Creating environment hook '/home/lccc/Desktop/GXS_2024_VisionCode/install/line_follow/share/line_follow/hook/cmake_prefix_path.sh'
[0.756s] Level 1:colcon.colcon_core.environment:checking '/home/lccc/Desktop/GXS_2024_VisionCode/install/line_follow/lib'
[0.756s] Level 1:colcon.colcon_core.environment:checking '/home/lccc/Desktop/GXS_2024_VisionCode/install/line_follow/bin'
[0.756s] Level 1:colcon.colcon_core.environment:checking '/home/lccc/Desktop/GXS_2024_VisionCode/install/line_follow/lib/pkgconfig/line_follow.pc'
[0.756s] Level 1:colcon.colcon_core.environment:checking '/home/lccc/Desktop/GXS_2024_VisionCode/install/line_follow/lib/python3.10/site-packages'
[0.756s] Level 1:colcon.colcon_core.environment:checking '/home/lccc/Desktop/GXS_2024_VisionCode/install/line_follow/bin'
[0.756s] INFO:colcon.colcon_core.shell:Creating package script '/home/lccc/Desktop/GXS_2024_VisionCode/install/line_follow/share/line_follow/package.ps1'
[0.757s] INFO:colcon.colcon_core.shell:Creating package descriptor '/home/lccc/Desktop/GXS_2024_VisionCode/install/line_follow/share/line_follow/package.dsv'
[0.757s] INFO:colcon.colcon_core.shell:Creating package script '/home/lccc/Desktop/GXS_2024_VisionCode/install/line_follow/share/line_follow/package.sh'
[0.757s] INFO:colcon.colcon_core.shell:Creating package script '/home/lccc/Desktop/GXS_2024_VisionCode/install/line_follow/share/line_follow/package.bash'
[0.758s] INFO:colcon.colcon_core.shell:Creating package script '/home/lccc/Desktop/GXS_2024_VisionCode/install/line_follow/share/line_follow/package.zsh'
[0.758s] Level 1:colcon.colcon_core.environment:create_file_with_runtime_dependencies(/home/lccc/Desktop/GXS_2024_VisionCode/install/line_follow/share/colcon-core/packages/line_follow)
[0.761s] DEBUG:colcon.colcon_core.event_handler.log_command:Invoking command in '/home/lccc/Desktop/GXS_2024_VisionCode/build/binary_detector': AMENT_PREFIX_PATH=/home/lccc/Desktop/GXS_2024_VisionCode/install/qrmsg:${AMENT_PREFIX_PATH} CMAKE_PREFIX_PATH=/home/lccc/Desktop/GXS_2024_VisionCode/install/qrmsg:/opt/ros/humble LD_LIBRARY_PATH=/home/lccc/Desktop/GXS_2024_VisionCode/install/qrmsg/lib:${LD_LIBRARY_PATH} PYTHONPATH=/home/lccc/Desktop/GXS_2024_VisionCode/install/qrmsg/local/lib/python3.10/dist-packages:${PYTHONPATH} /usr/bin/cmake --install /home/lccc/Desktop/GXS_2024_VisionCode/build/binary_detector
[0.762s] DEBUG:colcon.colcon_core.event_handler.log_command:Invoking command in '/home/lccc/Desktop/GXS_2024_VisionCode/build/gxs_serial_driver': AMENT_PREFIX_PATH=/home/lccc/Desktop/GXS_2024_VisionCode/install/qrmsg:${AMENT_PREFIX_PATH} CMAKE_PREFIX_PATH=/home/lccc/Desktop/GXS_2024_VisionCode/install/qrmsg:/opt/ros/humble LD_LIBRARY_PATH=/home/lccc/Desktop/GXS_2024_VisionCode/install/qrmsg/lib:${LD_LIBRARY_PATH} PYTHONPATH=/home/lccc/Desktop/GXS_2024_VisionCode/install/qrmsg/local/lib/python3.10/dist-packages:${PYTHONPATH} /usr/bin/cmake --install /home/lccc/Desktop/GXS_2024_VisionCode/build/gxs_serial_driver
[0.762s] Level 1:colcon.colcon_core.environment:create_environment_scripts_only(colorblock_detector)
[0.763s] Level 1:colcon.colcon_core.environment:checking '/home/lccc/Desktop/GXS_2024_VisionCode/install/colorblock_detector' for CMake module files
[0.763s] DEBUG:colcon.colcon_core.event_handler.log_command:Invoked command in '/home/lccc/Desktop/GXS_2024_VisionCode/build/colorblock_detector' returned '0': AMENT_PREFIX_PATH=/home/lccc/Desktop/GXS_2024_VisionCode/install/qrmsg:${AMENT_PREFIX_PATH} CMAKE_PREFIX_PATH=/home/lccc/Desktop/GXS_2024_VisionCode/install/qrmsg:/opt/ros/humble LD_LIBRARY_PATH=/home/lccc/Desktop/GXS_2024_VisionCode/install/qrmsg/lib:${LD_LIBRARY_PATH} PYTHONPATH=/home/lccc/Desktop/GXS_2024_VisionCode/install/qrmsg/local/lib/python3.10/dist-packages:${PYTHONPATH} /usr/bin/cmake --install /home/lccc/Desktop/GXS_2024_VisionCode/build/colorblock_detector
[0.763s] Level 1:colcon.colcon_core.environment:checking '/home/lccc/Desktop/GXS_2024_VisionCode/install/colorblock_detector' for CMake config files
[0.764s] Level 1:colcon.colcon_core.shell:create_environment_hook('colorblock_detector', 'cmake_prefix_path')
[0.764s] INFO:colcon.colcon_core.shell:Creating environment hook '/home/lccc/Desktop/GXS_2024_VisionCode/install/colorblock_detector/share/colorblock_detector/hook/cmake_prefix_path.ps1'
[0.765s] INFO:colcon.colcon_core.shell:Creating environment descriptor '/home/lccc/Desktop/GXS_2024_VisionCode/install/colorblock_detector/share/colorblock_detector/hook/cmake_prefix_path.dsv'
[0.766s] INFO:colcon.colcon_core.shell:Creating environment hook '/home/lccc/Desktop/GXS_2024_VisionCode/install/colorblock_detector/share/colorblock_detector/hook/cmake_prefix_path.sh'
[0.768s] Level 1:colcon.colcon_core.environment:checking '/home/lccc/Desktop/GXS_2024_VisionCode/install/colorblock_detector/lib'
[0.768s] Level 1:colcon.colcon_core.environment:checking '/home/lccc/Desktop/GXS_2024_VisionCode/install/colorblock_detector/bin'
[0.768s] Level 1:colcon.colcon_core.environment:checking '/home/lccc/Desktop/GXS_2024_VisionCode/install/colorblock_detector/lib/pkgconfig/colorblock_detector.pc'
[0.768s] Level 1:colcon.colcon_core.environment:checking '/home/lccc/Desktop/GXS_2024_VisionCode/install/colorblock_detector/lib/python3.10/site-packages'
[0.768s] Level 1:colcon.colcon_core.environment:checking '/home/lccc/Desktop/GXS_2024_VisionCode/install/colorblock_detector/bin'
[0.769s] INFO:colcon.colcon_core.shell:Creating package script '/home/lccc/Desktop/GXS_2024_VisionCode/install/colorblock_detector/share/colorblock_detector/package.ps1'
[0.769s] INFO:colcon.colcon_core.shell:Creating package descriptor '/home/lccc/Desktop/GXS_2024_VisionCode/install/colorblock_detector/share/colorblock_detector/package.dsv'
[0.770s] INFO:colcon.colcon_core.shell:Creating package script '/home/lccc/Desktop/GXS_2024_VisionCode/install/colorblock_detector/share/colorblock_detector/package.sh'
[0.771s] INFO:colcon.colcon_core.shell:Creating package script '/home/lccc/Desktop/GXS_2024_VisionCode/install/colorblock_detector/share/colorblock_detector/package.bash'
[0.771s] INFO:colcon.colcon_core.shell:Creating package script '/home/lccc/Desktop/GXS_2024_VisionCode/install/colorblock_detector/share/colorblock_detector/package.zsh'
[0.772s] Level 1:colcon.colcon_core.environment:create_file_with_runtime_dependencies(/home/lccc/Desktop/GXS_2024_VisionCode/install/colorblock_detector/share/colcon-core/packages/colorblock_detector)
[0.774s] Level 1:colcon.colcon_core.environment:create_environment_scripts_only(binary_detector)
[0.775s] Level 1:colcon.colcon_core.environment:checking '/home/lccc/Desktop/GXS_2024_VisionCode/install/binary_detector' for CMake module files
[0.777s] DEBUG:colcon.colcon_core.event_handler.log_command:Invoked command in '/home/lccc/Desktop/GXS_2024_VisionCode/build/binary_detector' returned '0': AMENT_PREFIX_PATH=/home/lccc/Desktop/GXS_2024_VisionCode/install/qrmsg:${AMENT_PREFIX_PATH} CMAKE_PREFIX_PATH=/home/lccc/Desktop/GXS_2024_VisionCode/install/qrmsg:/opt/ros/humble LD_LIBRARY_PATH=/home/lccc/Desktop/GXS_2024_VisionCode/install/qrmsg/lib:${LD_LIBRARY_PATH} PYTHONPATH=/home/lccc/Desktop/GXS_2024_VisionCode/install/qrmsg/local/lib/python3.10/dist-packages:${PYTHONPATH} /usr/bin/cmake --install /home/lccc/Desktop/GXS_2024_VisionCode/build/binary_detector
[0.778s] Level 1:colcon.colcon_core.environment:checking '/home/lccc/Desktop/GXS_2024_VisionCode/install/binary_detector' for CMake config files
[0.778s] Level 1:colcon.colcon_core.shell:create_environment_hook('binary_detector', 'cmake_prefix_path')
[0.778s] INFO:colcon.colcon_core.shell:Creating environment hook '/home/lccc/Desktop/GXS_2024_VisionCode/install/binary_detector/share/binary_detector/hook/cmake_prefix_path.ps1'
[0.779s] INFO:colcon.colcon_core.shell:Creating environment descriptor '/home/lccc/Desktop/GXS_2024_VisionCode/install/binary_detector/share/binary_detector/hook/cmake_prefix_path.dsv'
[0.779s] INFO:colcon.colcon_core.shell:Creating environment hook '/home/lccc/Desktop/GXS_2024_VisionCode/install/binary_detector/share/binary_detector/hook/cmake_prefix_path.sh'
[0.779s] Level 1:colcon.colcon_core.environment:checking '/home/lccc/Desktop/GXS_2024_VisionCode/install/binary_detector/lib'
[0.780s] Level 1:colcon.colcon_core.environment:checking '/home/lccc/Desktop/GXS_2024_VisionCode/install/binary_detector/bin'
[0.780s] Level 1:colcon.colcon_core.environment:checking '/home/lccc/Desktop/GXS_2024_VisionCode/install/binary_detector/lib/pkgconfig/binary_detector.pc'
[0.780s] Level 1:colcon.colcon_core.environment:checking '/home/lccc/Desktop/GXS_2024_VisionCode/install/binary_detector/lib/python3.10/site-packages'
[0.780s] Level 1:colcon.colcon_core.environment:checking '/home/lccc/Desktop/GXS_2024_VisionCode/install/binary_detector/bin'
[0.780s] INFO:colcon.colcon_core.shell:Creating package script '/home/lccc/Desktop/GXS_2024_VisionCode/install/binary_detector/share/binary_detector/package.ps1'
[0.781s] INFO:colcon.colcon_core.shell:Creating package descriptor '/home/lccc/Desktop/GXS_2024_VisionCode/install/binary_detector/share/binary_detector/package.dsv'
[0.781s] INFO:colcon.colcon_core.shell:Creating package script '/home/lccc/Desktop/GXS_2024_VisionCode/install/binary_detector/share/binary_detector/package.sh'
[0.782s] INFO:colcon.colcon_core.shell:Creating package script '/home/lccc/Desktop/GXS_2024_VisionCode/install/binary_detector/share/binary_detector/package.bash'
[0.782s] INFO:colcon.colcon_core.shell:Creating package script '/home/lccc/Desktop/GXS_2024_VisionCode/install/binary_detector/share/binary_detector/package.zsh'
[0.782s] Level 1:colcon.colcon_core.environment:create_file_with_runtime_dependencies(/home/lccc/Desktop/GXS_2024_VisionCode/install/binary_detector/share/colcon-core/packages/binary_detector)
[0.784s] Level 1:colcon.colcon_core.environment:create_environment_scripts_only(gxs_serial_driver)
[0.784s] Level 1:colcon.colcon_core.environment:checking '/home/lccc/Desktop/GXS_2024_VisionCode/install/gxs_serial_driver' for CMake module files
[0.784s] DEBUG:colcon.colcon_core.event_handler.log_command:Invoked command in '/home/lccc/Desktop/GXS_2024_VisionCode/build/gxs_serial_driver' returned '0': AMENT_PREFIX_PATH=/home/lccc/Desktop/GXS_2024_VisionCode/install/qrmsg:${AMENT_PREFIX_PATH} CMAKE_PREFIX_PATH=/home/lccc/Desktop/GXS_2024_VisionCode/install/qrmsg:/opt/ros/humble LD_LIBRARY_PATH=/home/lccc/Desktop/GXS_2024_VisionCode/install/qrmsg/lib:${LD_LIBRARY_PATH} PYTHONPATH=/home/lccc/Desktop/GXS_2024_VisionCode/install/qrmsg/local/lib/python3.10/dist-packages:${PYTHONPATH} /usr/bin/cmake --install /home/lccc/Desktop/GXS_2024_VisionCode/build/gxs_serial_driver
[0.785s] Level 1:colcon.colcon_core.environment:checking '/home/lccc/Desktop/GXS_2024_VisionCode/install/gxs_serial_driver' for CMake config files
[0.785s] Level 1:colcon.colcon_core.shell:create_environment_hook('gxs_serial_driver', 'cmake_prefix_path')
[0.785s] INFO:colcon.colcon_core.shell:Creating environment hook '/home/lccc/Desktop/GXS_2024_VisionCode/install/gxs_serial_driver/share/gxs_serial_driver/hook/cmake_prefix_path.ps1'
[0.786s] INFO:colcon.colcon_core.shell:Creating environment descriptor '/home/lccc/Desktop/GXS_2024_VisionCode/install/gxs_serial_driver/share/gxs_serial_driver/hook/cmake_prefix_path.dsv'
[0.786s] INFO:colcon.colcon_core.shell:Creating environment hook '/home/lccc/Desktop/GXS_2024_VisionCode/install/gxs_serial_driver/share/gxs_serial_driver/hook/cmake_prefix_path.sh'
[0.787s] Level 1:colcon.colcon_core.environment:checking '/home/lccc/Desktop/GXS_2024_VisionCode/install/gxs_serial_driver/lib'
[0.787s] Level 1:colcon.colcon_core.shell:create_environment_hook('gxs_serial_driver', 'ld_library_path_lib')
[0.787s] INFO:colcon.colcon_core.shell:Creating environment hook '/home/lccc/Desktop/GXS_2024_VisionCode/install/gxs_serial_driver/share/gxs_serial_driver/hook/ld_library_path_lib.ps1'
[0.787s] INFO:colcon.colcon_core.shell:Creating environment descriptor '/home/lccc/Desktop/GXS_2024_VisionCode/install/gxs_serial_driver/share/gxs_serial_driver/hook/ld_library_path_lib.dsv'
[0.788s] INFO:colcon.colcon_core.shell:Creating environment hook '/home/lccc/Desktop/GXS_2024_VisionCode/install/gxs_serial_driver/share/gxs_serial_driver/hook/ld_library_path_lib.sh'
[0.788s] Level 1:colcon.colcon_core.environment:checking '/home/lccc/Desktop/GXS_2024_VisionCode/install/gxs_serial_driver/bin'
[0.788s] Level 1:colcon.colcon_core.environment:checking '/home/lccc/Desktop/GXS_2024_VisionCode/install/gxs_serial_driver/lib/pkgconfig/gxs_serial_driver.pc'
[0.788s] Level 1:colcon.colcon_core.environment:checking '/home/lccc/Desktop/GXS_2024_VisionCode/install/gxs_serial_driver/lib/python3.10/site-packages'
[0.789s] Level 1:colcon.colcon_core.environment:checking '/home/lccc/Desktop/GXS_2024_VisionCode/install/gxs_serial_driver/bin'
[0.789s] INFO:colcon.colcon_core.shell:Creating package script '/home/lccc/Desktop/GXS_2024_VisionCode/install/gxs_serial_driver/share/gxs_serial_driver/package.ps1'
[0.789s] INFO:colcon.colcon_core.shell:Creating package descriptor '/home/lccc/Desktop/GXS_2024_VisionCode/install/gxs_serial_driver/share/gxs_serial_driver/package.dsv'
[0.790s] INFO:colcon.colcon_core.shell:Creating package script '/home/lccc/Desktop/GXS_2024_VisionCode/install/gxs_serial_driver/share/gxs_serial_driver/package.sh'
[0.790s] INFO:colcon.colcon_core.shell:Creating package script '/home/lccc/Desktop/GXS_2024_VisionCode/install/gxs_serial_driver/share/gxs_serial_driver/package.bash'
[0.791s] INFO:colcon.colcon_core.shell:Creating package script '/home/lccc/Desktop/GXS_2024_VisionCode/install/gxs_serial_driver/share/gxs_serial_driver/package.zsh'
[0.791s] Level 1:colcon.colcon_core.environment:create_file_with_runtime_dependencies(/home/lccc/Desktop/GXS_2024_VisionCode/install/gxs_serial_driver/share/colcon-core/packages/gxs_serial_driver)
[0.793s] Level 1:colcon.colcon_core.environment:create_environment_scripts_only(line_follow)
[0.793s] Level 1:colcon.colcon_core.environment:checking '/home/lccc/Desktop/GXS_2024_VisionCode/install/line_follow' for CMake module files
[0.794s] Level 1:colcon.colcon_core.environment:checking '/home/lccc/Desktop/GXS_2024_VisionCode/install/line_follow' for CMake config files
[0.794s] Level 1:colcon.colcon_core.shell:create_environment_hook('line_follow', 'cmake_prefix_path')
[0.794s] INFO:colcon.colcon_core.shell:Creating environment hook '/home/lccc/Desktop/GXS_2024_VisionCode/install/line_follow/share/line_follow/hook/cmake_prefix_path.ps1'
[0.794s] INFO:colcon.colcon_core.shell:Creating environment descriptor '/home/lccc/Desktop/GXS_2024_VisionCode/install/line_follow/share/line_follow/hook/cmake_prefix_path.dsv'
[0.795s] INFO:colcon.colcon_core.shell:Creating environment hook '/home/lccc/Desktop/GXS_2024_VisionCode/install/line_follow/share/line_follow/hook/cmake_prefix_path.sh'
[0.795s] Level 1:colcon.colcon_core.environment:checking '/home/lccc/Desktop/GXS_2024_VisionCode/install/line_follow/lib'
[0.795s] Level 1:colcon.colcon_core.environment:checking '/home/lccc/Desktop/GXS_2024_VisionCode/install/line_follow/bin'
[0.795s] Level 1:colcon.colcon_core.environment:checking '/home/lccc/Desktop/GXS_2024_VisionCode/install/line_follow/lib/pkgconfig/line_follow.pc'
[0.796s] Level 1:colcon.colcon_core.environment:checking '/home/lccc/Desktop/GXS_2024_VisionCode/install/line_follow/lib/python3.10/site-packages'
[0.796s] Level 1:colcon.colcon_core.environment:checking '/home/lccc/Desktop/GXS_2024_VisionCode/install/line_follow/bin'
[0.796s] INFO:colcon.colcon_core.shell:Creating package script '/home/lccc/Desktop/GXS_2024_VisionCode/install/line_follow/share/line_follow/package.ps1'
[0.797s] INFO:colcon.colcon_core.shell:Creating package descriptor '/home/lccc/Desktop/GXS_2024_VisionCode/install/line_follow/share/line_follow/package.dsv'
[0.797s] INFO:colcon.colcon_core.shell:Creating package script '/home/lccc/Desktop/GXS_2024_VisionCode/install/line_follow/share/line_follow/package.sh'
[0.798s] INFO:colcon.colcon_core.shell:Creating package script '/home/lccc/Desktop/GXS_2024_VisionCode/install/line_follow/share/line_follow/package.bash'
[0.798s] INFO:colcon.colcon_core.shell:Creating package script '/home/lccc/Desktop/GXS_2024_VisionCode/install/line_follow/share/line_follow/package.zsh'
[0.798s] Level 1:colcon.colcon_core.environment:create_file_with_runtime_dependencies(/home/lccc/Desktop/GXS_2024_VisionCode/install/line_follow/share/colcon-core/packages/line_follow)
[0.799s] Level 1:colcon.colcon_core.environment:create_environment_scripts_only(colorblock_detector)
[0.800s] Level 1:colcon.colcon_core.environment:checking '/home/lccc/Desktop/GXS_2024_VisionCode/install/colorblock_detector' for CMake module files
[0.801s] Level 1:colcon.colcon_core.environment:checking '/home/lccc/Desktop/GXS_2024_VisionCode/install/colorblock_detector' for CMake config files
[0.801s] Level 1:colcon.colcon_core.shell:create_environment_hook('colorblock_detector', 'cmake_prefix_path')
[0.801s] INFO:colcon.colcon_core.shell:Creating environment hook '/home/lccc/Desktop/GXS_2024_VisionCode/install/colorblock_detector/share/colorblock_detector/hook/cmake_prefix_path.ps1'
[0.801s] INFO:colcon.colcon_core.shell:Creating environment descriptor '/home/lccc/Desktop/GXS_2024_VisionCode/install/colorblock_detector/share/colorblock_detector/hook/cmake_prefix_path.dsv'
[0.802s] INFO:colcon.colcon_core.shell:Creating environment hook '/home/lccc/Desktop/GXS_2024_VisionCode/install/colorblock_detector/share/colorblock_detector/hook/cmake_prefix_path.sh'
[0.802s] Level 1:colcon.colcon_core.environment:checking '/home/lccc/Desktop/GXS_2024_VisionCode/install/colorblock_detector/lib'
[0.802s] Level 1:colcon.colcon_core.environment:checking '/home/lccc/Desktop/GXS_2024_VisionCode/install/colorblock_detector/bin'
[0.802s] Level 1:colcon.colcon_core.environment:checking '/home/lccc/Desktop/GXS_2024_VisionCode/install/colorblock_detector/lib/pkgconfig/colorblock_detector.pc'
[0.803s] Level 1:colcon.colcon_core.environment:checking '/home/lccc/Desktop/GXS_2024_VisionCode/install/colorblock_detector/lib/python3.10/site-packages'
[0.803s] Level 1:colcon.colcon_core.environment:checking '/home/lccc/Desktop/GXS_2024_VisionCode/install/colorblock_detector/bin'
[0.803s] INFO:colcon.colcon_core.shell:Creating package script '/home/lccc/Desktop/GXS_2024_VisionCode/install/colorblock_detector/share/colorblock_detector/package.ps1'
[0.804s] INFO:colcon.colcon_core.shell:Creating package descriptor '/home/lccc/Desktop/GXS_2024_VisionCode/install/colorblock_detector/share/colorblock_detector/package.dsv'
[0.804s] INFO:colcon.colcon_core.shell:Creating package script '/home/lccc/Desktop/GXS_2024_VisionCode/install/colorblock_detector/share/colorblock_detector/package.sh'
[0.805s] INFO:colcon.colcon_core.shell:Creating package script '/home/lccc/Desktop/GXS_2024_VisionCode/install/colorblock_detector/share/colorblock_detector/package.bash'
[0.805s] INFO:colcon.colcon_core.shell:Creating package script '/home/lccc/Desktop/GXS_2024_VisionCode/install/colorblock_detector/share/colorblock_detector/package.zsh'
[0.806s] Level 1:colcon.colcon_core.environment:create_file_with_runtime_dependencies(/home/lccc/Desktop/GXS_2024_VisionCode/install/colorblock_detector/share/colcon-core/packages/colorblock_detector)
[0.807s] Level 1:colcon.colcon_core.environment:create_environment_scripts_only(binary_detector)
[0.807s] Level 1:colcon.colcon_core.environment:checking '/home/lccc/Desktop/GXS_2024_VisionCode/install/binary_detector' for CMake module files
[0.808s] Level 1:colcon.colcon_core.environment:checking '/home/lccc/Desktop/GXS_2024_VisionCode/install/binary_detector' for CMake config files
[0.808s] Level 1:colcon.colcon_core.shell:create_environment_hook('binary_detector', 'cmake_prefix_path')
[0.808s] INFO:colcon.colcon_core.shell:Creating environment hook '/home/lccc/Desktop/GXS_2024_VisionCode/install/binary_detector/share/binary_detector/hook/cmake_prefix_path.ps1'
[0.808s] INFO:colcon.colcon_core.shell:Creating environment descriptor '/home/lccc/Desktop/GXS_2024_VisionCode/install/binary_detector/share/binary_detector/hook/cmake_prefix_path.dsv'
[0.809s] INFO:colcon.colcon_core.shell:Creating environment hook '/home/lccc/Desktop/GXS_2024_VisionCode/install/binary_detector/share/binary_detector/hook/cmake_prefix_path.sh'
[0.809s] Level 1:colcon.colcon_core.environment:checking '/home/lccc/Desktop/GXS_2024_VisionCode/install/binary_detector/lib'
[0.809s] Level 1:colcon.colcon_core.environment:checking '/home/lccc/Desktop/GXS_2024_VisionCode/install/binary_detector/bin'
[0.809s] Level 1:colcon.colcon_core.environment:checking '/home/lccc/Desktop/GXS_2024_VisionCode/install/binary_detector/lib/pkgconfig/binary_detector.pc'
[0.810s] Level 1:colcon.colcon_core.environment:checking '/home/lccc/Desktop/GXS_2024_VisionCode/install/binary_detector/lib/python3.10/site-packages'
[0.810s] Level 1:colcon.colcon_core.environment:checking '/home/lccc/Desktop/GXS_2024_VisionCode/install/binary_detector/bin'
[0.810s] INFO:colcon.colcon_core.shell:Creating package script '/home/lccc/Desktop/GXS_2024_VisionCode/install/binary_detector/share/binary_detector/package.ps1'
[0.811s] INFO:colcon.colcon_core.shell:Creating package descriptor '/home/lccc/Desktop/GXS_2024_VisionCode/install/binary_detector/share/binary_detector/package.dsv'
[0.811s] INFO:colcon.colcon_core.shell:Creating package script '/home/lccc/Desktop/GXS_2024_VisionCode/install/binary_detector/share/binary_detector/package.sh'
[0.811s] INFO:colcon.colcon_core.shell:Creating package script '/home/lccc/Desktop/GXS_2024_VisionCode/install/binary_detector/share/binary_detector/package.bash'
[0.812s] INFO:colcon.colcon_core.shell:Creating package script '/home/lccc/Desktop/GXS_2024_VisionCode/install/binary_detector/share/binary_detector/package.zsh'
[0.812s] Level 1:colcon.colcon_core.environment:create_file_with_runtime_dependencies(/home/lccc/Desktop/GXS_2024_VisionCode/install/binary_detector/share/colcon-core/packages/binary_detector)
[0.816s] Level 1:colcon.colcon_core.environment:create_environment_scripts_only(gxs_serial_driver)
[0.816s] Level 1:colcon.colcon_core.environment:checking '/home/lccc/Desktop/GXS_2024_VisionCode/install/gxs_serial_driver' for CMake module files
[0.816s] Level 1:colcon.colcon_core.environment:checking '/home/lccc/Desktop/GXS_2024_VisionCode/install/gxs_serial_driver' for CMake config files
[0.817s] Level 1:colcon.colcon_core.shell:create_environment_hook('gxs_serial_driver', 'cmake_prefix_path')
[0.817s] INFO:colcon.colcon_core.shell:Creating environment hook '/home/lccc/Desktop/GXS_2024_VisionCode/install/gxs_serial_driver/share/gxs_serial_driver/hook/cmake_prefix_path.ps1'
[0.817s] INFO:colcon.colcon_core.shell:Creating environment descriptor '/home/lccc/Desktop/GXS_2024_VisionCode/install/gxs_serial_driver/share/gxs_serial_driver/hook/cmake_prefix_path.dsv'
[0.818s] INFO:colcon.colcon_core.shell:Creating environment hook '/home/lccc/Desktop/GXS_2024_VisionCode/install/gxs_serial_driver/share/gxs_serial_driver/hook/cmake_prefix_path.sh'
[0.818s] Level 1:colcon.colcon_core.environment:checking '/home/lccc/Desktop/GXS_2024_VisionCode/install/gxs_serial_driver/lib'
[0.818s] Level 1:colcon.colcon_core.shell:create_environment_hook('gxs_serial_driver', 'ld_library_path_lib')
[0.818s] INFO:colcon.colcon_core.shell:Creating environment hook '/home/lccc/Desktop/GXS_2024_VisionCode/install/gxs_serial_driver/share/gxs_serial_driver/hook/ld_library_path_lib.ps1'
[0.818s] INFO:colcon.colcon_core.shell:Creating environment descriptor '/home/lccc/Desktop/GXS_2024_VisionCode/install/gxs_serial_driver/share/gxs_serial_driver/hook/ld_library_path_lib.dsv'
[0.819s] INFO:colcon.colcon_core.shell:Creating environment hook '/home/lccc/Desktop/GXS_2024_VisionCode/install/gxs_serial_driver/share/gxs_serial_driver/hook/ld_library_path_lib.sh'
[0.819s] Level 1:colcon.colcon_core.environment:checking '/home/lccc/Desktop/GXS_2024_VisionCode/install/gxs_serial_driver/bin'
[0.819s] Level 1:colcon.colcon_core.environment:checking '/home/lccc/Desktop/GXS_2024_VisionCode/install/gxs_serial_driver/lib/pkgconfig/gxs_serial_driver.pc'
[0.819s] Level 1:colcon.colcon_core.environment:checking '/home/lccc/Desktop/GXS_2024_VisionCode/install/gxs_serial_driver/lib/python3.10/site-packages'
[0.819s] Level 1:colcon.colcon_core.environment:checking '/home/lccc/Desktop/GXS_2024_VisionCode/install/gxs_serial_driver/bin'
[0.819s] INFO:colcon.colcon_core.shell:Creating package script '/home/lccc/Desktop/GXS_2024_VisionCode/install/gxs_serial_driver/share/gxs_serial_driver/package.ps1'
[0.820s] INFO:colcon.colcon_core.shell:Creating package descriptor '/home/lccc/Desktop/GXS_2024_VisionCode/install/gxs_serial_driver/share/gxs_serial_driver/package.dsv'
[0.820s] INFO:colcon.colcon_core.shell:Creating package script '/home/lccc/Desktop/GXS_2024_VisionCode/install/gxs_serial_driver/share/gxs_serial_driver/package.sh'
[0.820s] INFO:colcon.colcon_core.shell:Creating package script '/home/lccc/Desktop/GXS_2024_VisionCode/install/gxs_serial_driver/share/gxs_serial_driver/package.bash'
[0.820s] INFO:colcon.colcon_core.shell:Creating package script '/home/lccc/Desktop/GXS_2024_VisionCode/install/gxs_serial_driver/share/gxs_serial_driver/package.zsh'
[0.821s] Level 1:colcon.colcon_core.environment:create_file_with_runtime_dependencies(/home/lccc/Desktop/GXS_2024_VisionCode/install/gxs_serial_driver/share/colcon-core/packages/gxs_serial_driver)
[4.349s] DEBUG:colcon.colcon_core.event_handler.log_command:Invoked command in '/home/lccc/Desktop/GXS_2024_VisionCode/build/camera_driver' returned '0': CMAKE_PREFIX_PATH=/opt/ros/humble /usr/bin/cmake --build /home/lccc/Desktop/GXS_2024_VisionCode/build/camera_driver -- -j16 -l16
[4.369s] DEBUG:colcon.colcon_core.event_handler.log_command:Invoking command in '/home/lccc/Desktop/GXS_2024_VisionCode/build/camera_driver': CMAKE_PREFIX_PATH=/opt/ros/humble /usr/bin/cmake --install /home/lccc/Desktop/GXS_2024_VisionCode/build/camera_driver
[4.378s] Level 1:colcon.colcon_core.environment:create_environment_scripts_only(camera_driver)
[4.378s] Level 1:colcon.colcon_core.environment:checking '/home/lccc/Desktop/GXS_2024_VisionCode/install/camera_driver' for CMake module files
[4.378s] DEBUG:colcon.colcon_core.event_handler.log_command:Invoked command in '/home/lccc/Desktop/GXS_2024_VisionCode/build/camera_driver' returned '0': CMAKE_PREFIX_PATH=/opt/ros/humble /usr/bin/cmake --install /home/lccc/Desktop/GXS_2024_VisionCode/build/camera_driver
[4.379s] Level 1:colcon.colcon_core.environment:checking '/home/lccc/Desktop/GXS_2024_VisionCode/install/camera_driver' for CMake config files
[4.379s] Level 1:colcon.colcon_core.shell:create_environment_hook('camera_driver', 'cmake_prefix_path')
[4.379s] INFO:colcon.colcon_core.shell:Creating environment hook '/home/lccc/Desktop/GXS_2024_VisionCode/install/camera_driver/share/camera_driver/hook/cmake_prefix_path.ps1'
[4.379s] INFO:colcon.colcon_core.shell:Creating environment descriptor '/home/lccc/Desktop/GXS_2024_VisionCode/install/camera_driver/share/camera_driver/hook/cmake_prefix_path.dsv'
[4.379s] INFO:colcon.colcon_core.shell:Creating environment hook '/home/lccc/Desktop/GXS_2024_VisionCode/install/camera_driver/share/camera_driver/hook/cmake_prefix_path.sh'
[4.380s] Level 1:colcon.colcon_core.environment:checking '/home/lccc/Desktop/GXS_2024_VisionCode/install/camera_driver/lib'
[4.380s] Level 1:colcon.colcon_core.environment:checking '/home/lccc/Desktop/GXS_2024_VisionCode/install/camera_driver/bin'
[4.380s] Level 1:colcon.colcon_core.environment:checking '/home/lccc/Desktop/GXS_2024_VisionCode/install/camera_driver/lib/pkgconfig/camera_driver.pc'
[4.380s] Level 1:colcon.colcon_core.environment:checking '/home/lccc/Desktop/GXS_2024_VisionCode/install/camera_driver/lib/python3.10/site-packages'
[4.380s] Level 1:colcon.colcon_core.environment:checking '/home/lccc/Desktop/GXS_2024_VisionCode/install/camera_driver/bin'
[4.380s] INFO:colcon.colcon_core.shell:Creating package script '/home/lccc/Desktop/GXS_2024_VisionCode/install/camera_driver/share/camera_driver/package.ps1'
[4.381s] INFO:colcon.colcon_core.shell:Creating package descriptor '/home/lccc/Desktop/GXS_2024_VisionCode/install/camera_driver/share/camera_driver/package.dsv'
[4.381s] INFO:colcon.colcon_core.shell:Creating package script '/home/lccc/Desktop/GXS_2024_VisionCode/install/camera_driver/share/camera_driver/package.sh'
[4.381s] INFO:colcon.colcon_core.shell:Creating package script '/home/lccc/Desktop/GXS_2024_VisionCode/install/camera_driver/share/camera_driver/package.bash'
[4.381s] INFO:colcon.colcon_core.shell:Creating package script '/home/lccc/Desktop/GXS_2024_VisionCode/install/camera_driver/share/camera_driver/package.zsh'
[4.381s] Level 1:colcon.colcon_core.environment:create_file_with_runtime_dependencies(/home/lccc/Desktop/GXS_2024_VisionCode/install/camera_driver/share/colcon-core/packages/camera_driver)
[4.399s] Level 1:colcon.colcon_core.environment:create_environment_scripts_only(camera_driver)
[4.399s] Level 1:colcon.colcon_core.environment:checking '/home/lccc/Desktop/GXS_2024_VisionCode/install/camera_driver' for CMake module files
[4.399s] Level 1:colcon.colcon_core.environment:checking '/home/lccc/Desktop/GXS_2024_VisionCode/install/camera_driver' for CMake config files
[4.399s] Level 1:colcon.colcon_core.shell:create_environment_hook('camera_driver', 'cmake_prefix_path')
[4.399s] INFO:colcon.colcon_core.shell:Creating environment hook '/home/lccc/Desktop/GXS_2024_VisionCode/install/camera_driver/share/camera_driver/hook/cmake_prefix_path.ps1'
[4.400s] INFO:colcon.colcon_core.shell:Creating environment descriptor '/home/lccc/Desktop/GXS_2024_VisionCode/install/camera_driver/share/camera_driver/hook/cmake_prefix_path.dsv'
[4.400s] INFO:colcon.colcon_core.shell:Creating environment hook '/home/lccc/Desktop/GXS_2024_VisionCode/install/camera_driver/share/camera_driver/hook/cmake_prefix_path.sh'
[4.400s] Level 1:colcon.colcon_core.environment:checking '/home/lccc/Desktop/GXS_2024_VisionCode/install/camera_driver/lib'
[4.400s] Level 1:colcon.colcon_core.environment:checking '/home/lccc/Desktop/GXS_2024_VisionCode/install/camera_driver/bin'
[4.400s] Level 1:colcon.colcon_core.environment:checking '/home/lccc/Desktop/GXS_2024_VisionCode/install/camera_driver/lib/pkgconfig/camera_driver.pc'
[4.400s] Level 1:colcon.colcon_core.environment:checking '/home/lccc/Desktop/GXS_2024_VisionCode/install/camera_driver/lib/python3.10/site-packages'
[4.401s] Level 1:colcon.colcon_core.environment:checking '/home/lccc/Desktop/GXS_2024_VisionCode/install/camera_driver/bin'
[4.401s] INFO:colcon.colcon_core.shell:Creating package script '/home/lccc/Desktop/GXS_2024_VisionCode/install/camera_driver/share/camera_driver/package.ps1'
[4.401s] INFO:colcon.colcon_core.shell:Creating package descriptor '/home/lccc/Desktop/GXS_2024_VisionCode/install/camera_driver/share/camera_driver/package.dsv'
[4.401s] INFO:colcon.colcon_core.shell:Creating package script '/home/lccc/Desktop/GXS_2024_VisionCode/install/camera_driver/share/camera_driver/package.sh'
[4.401s] INFO:colcon.colcon_core.shell:Creating package script '/home/lccc/Desktop/GXS_2024_VisionCode/install/camera_driver/share/camera_driver/package.bash'
[4.402s] INFO:colcon.colcon_core.shell:Creating package script '/home/lccc/Desktop/GXS_2024_VisionCode/install/camera_driver/share/camera_driver/package.zsh'
[4.402s] Level 1:colcon.colcon_core.environment:create_file_with_runtime_dependencies(/home/lccc/Desktop/GXS_2024_VisionCode/install/camera_driver/share/colcon-core/packages/camera_driver)
[4.402s] DEBUG:colcon.colcon_parallel_executor.executor.parallel:closing loop
[4.402s] DEBUG:colcon.colcon_parallel_executor.executor.parallel:loop closed
[4.402s] DEBUG:colcon.colcon_parallel_executor.executor.parallel:run_until_complete finished with '0'
[4.402s] DEBUG:colcon.colcon_core.event_reactor:joining thread
[4.407s] INFO:colcon.colcon_core.plugin_system:Skipping extension 'colcon_notification.desktop_notification.terminal_notifier': Not used on non-Darwin systems
[4.407s] INFO:colcon.colcon_core.plugin_system:Skipping extension 'colcon_notification.desktop_notification.win32': Not used on non-Windows systems
[4.407s] INFO:colcon.colcon_notification.desktop_notification:Sending desktop notification using 'notify2'
[4.416s] DEBUG:colcon.colcon_core.event_reactor:joined thread
[4.416s] INFO:colcon.colcon_core.shell:Creating prefix script '/home/lccc/Desktop/GXS_2024_VisionCode/install/local_setup.ps1'
[4.417s] INFO:colcon.colcon_core.shell:Creating prefix util module '/home/lccc/Desktop/GXS_2024_VisionCode/install/_local_setup_util_ps1.py'
[4.418s] INFO:colcon.colcon_core.shell:Creating prefix chain script '/home/lccc/Desktop/GXS_2024_VisionCode/install/setup.ps1'
[4.418s] INFO:colcon.colcon_core.shell:Creating prefix script '/home/lccc/Desktop/GXS_2024_VisionCode/install/local_setup.sh'
[4.419s] INFO:colcon.colcon_core.shell:Creating prefix util module '/home/lccc/Desktop/GXS_2024_VisionCode/install/_local_setup_util_sh.py'
[4.419s] INFO:colcon.colcon_core.shell:Creating prefix chain script '/home/lccc/Desktop/GXS_2024_VisionCode/install/setup.sh'
[4.420s] INFO:colcon.colcon_core.shell:Creating prefix script '/home/lccc/Desktop/GXS_2024_VisionCode/install/local_setup.bash'
[4.420s] INFO:colcon.colcon_core.shell:Creating prefix chain script '/home/lccc/Desktop/GXS_2024_VisionCode/install/setup.bash'
[4.420s] INFO:colcon.colcon_core.shell:Creating prefix script '/home/lccc/Desktop/GXS_2024_VisionCode/install/local_setup.zsh'
[4.421s] INFO:colcon.colcon_core.shell:Creating prefix chain script '/home/lccc/Desktop/GXS_2024_VisionCode/install/setup.zsh'
