[0.343s] Invoking command in '/home/jason/gxs/GXS_2024_VisionCode/src/line_follow': PYTHONPATH=/home/jason/gxs/GXS_2024_VisionCode/build/line_follow/prefix_override:/home/jason/gxs/GXS_2024_VisionCode/install/line_follow/lib/python3.10/site-packages:${PYTHONPATH} /usr/bin/python3 -W ignore:setup.py install is deprecated setup.py egg_info --egg-base ../../build/line_follow build --build-base /home/jason/gxs/GXS_2024_VisionCode/build/line_follow/build install --record /home/jason/gxs/GXS_2024_VisionCode/build/line_follow/install.log --single-version-externally-managed install_data
[0.465s] running egg_info
[0.465s] writing ../../build/line_follow/line_follow.egg-info/PKG-INFO
[0.465s] writing dependency_links to ../../build/line_follow/line_follow.egg-info/dependency_links.txt
[0.465s] writing entry points to ../../build/line_follow/line_follow.egg-info/entry_points.txt
[0.465s] writing requirements to ../../build/line_follow/line_follow.egg-info/requires.txt
[0.465s] writing top-level names to ../../build/line_follow/line_follow.egg-info/top_level.txt
[0.466s] reading manifest file '../../build/line_follow/line_follow.egg-info/SOURCES.txt'
[0.466s] writing manifest file '../../build/line_follow/line_follow.egg-info/SOURCES.txt'
[0.466s] running build
[0.467s] running build_py
[0.467s] copying line_follow/lf.py -> /home/jason/gxs/GXS_2024_VisionCode/build/line_follow/build/lib/line_follow
[0.467s] running install
[0.467s] running install_lib
[0.467s] copying /home/jason/gxs/GXS_2024_VisionCode/build/line_follow/build/lib/line_follow/lf.py -> /home/jason/gxs/GXS_2024_VisionCode/install/line_follow/lib/python3.10/site-packages/line_follow
[0.467s] byte-compiling /home/jason/gxs/GXS_2024_VisionCode/install/line_follow/lib/python3.10/site-packages/line_follow/lf.py to lf.cpython-310.pyc
[0.468s] running install_data
[0.468s] running install_egg_info
[0.468s] Sorry: IndentationError: unindent does not match any outer indentation level (lf.py, line 57)
[0.469s] removing '/home/jason/gxs/GXS_2024_VisionCode/install/line_follow/lib/python3.10/site-packages/line_follow-0.0.0-py3.10.egg-info' (and everything under it)
[0.469s] Copying ../../build/line_follow/line_follow.egg-info to /home/jason/gxs/GXS_2024_VisionCode/install/line_follow/lib/python3.10/site-packages/line_follow-0.0.0-py3.10.egg-info
[0.469s] running install_scripts
[0.480s] Installing line_follow script to /home/jason/gxs/GXS_2024_VisionCode/install/line_follow/lib/line_follow
[0.480s] writing list of installed files to '/home/jason/gxs/GXS_2024_VisionCode/build/line_follow/install.log'
[0.492s] Invoked command in '/home/jason/gxs/GXS_2024_VisionCode/src/line_follow' returned '0': PYTHONPATH=/home/jason/gxs/GXS_2024_VisionCode/build/line_follow/prefix_override:/home/jason/gxs/GXS_2024_VisionCode/install/line_follow/lib/python3.10/site-packages:${PYTHONPATH} /usr/bin/python3 -W ignore:setup.py install is deprecated setup.py egg_info --egg-base ../../build/line_follow build --build-base /home/jason/gxs/GXS_2024_VisionCode/build/line_follow/build install --record /home/jason/gxs/GXS_2024_VisionCode/build/line_follow/install.log --single-version-externally-managed install_data
