[0.022s] Invoking command in '/home/jason/gxs/GXS_2024_VisionCode/build/camera_driver': CMAKE_PREFIX_PATH=/opt/ros/humble /usr/bin/cmake --build /home/jason/gxs/GXS_2024_VisionCode/build/camera_driver -- -j16 -l16
[0.298s] [100%] Built target image_publisher
[0.299s] Invoked command in '/home/jason/gxs/GXS_2024_VisionCode/build/camera_driver' returned '0': CMAKE_PREFIX_PATH=/opt/ros/humble /usr/bin/cmake --build /home/jason/gxs/GXS_2024_VisionCode/build/camera_driver -- -j16 -l16
[0.329s] Invoking command in '/home/jason/gxs/GXS_2024_VisionCode/build/camera_driver': CMAKE_PREFIX_PATH=/opt/ros/humble /usr/bin/cmake --install /home/jason/gxs/GXS_2024_VisionCode/build/camera_driver
[0.334s] -- Install configuration: ""
[0.335s] -- Up-to-date: /home/jason/gxs/GXS_2024_VisionCode/install/camera_driver/lib/camera_driver/image_publisher
[0.335s] -- Up-to-date: /home/jason/gxs/GXS_2024_VisionCode/install/camera_driver/share/ament_index/resource_index/package_run_dependencies/camera_driver
[0.335s] -- Up-to-date: /home/jason/gxs/GXS_2024_VisionCode/install/camera_driver/share/ament_index/resource_index/parent_prefix_path/camera_driver
[0.335s] -- Up-to-date: /home/jason/gxs/GXS_2024_VisionCode/install/camera_driver/share/camera_driver/environment/ament_prefix_path.sh
[0.336s] -- Up-to-date: /home/jason/gxs/GXS_2024_VisionCode/install/camera_driver/share/camera_driver/environment/ament_prefix_path.dsv
[0.336s] -- Up-to-date: /home/jason/gxs/GXS_2024_VisionCode/install/camera_driver/share/camera_driver/environment/path.sh
[0.336s] -- Up-to-date: /home/jason/gxs/GXS_2024_VisionCode/install/camera_driver/share/camera_driver/environment/path.dsv
[0.336s] -- Up-to-date: /home/jason/gxs/GXS_2024_VisionCode/install/camera_driver/share/camera_driver/local_setup.bash
[0.336s] -- Up-to-date: /home/jason/gxs/GXS_2024_VisionCode/install/camera_driver/share/camera_driver/local_setup.sh
[0.336s] -- Up-to-date: /home/jason/gxs/GXS_2024_VisionCode/install/camera_driver/share/camera_driver/local_setup.zsh
[0.336s] -- Up-to-date: /home/jason/gxs/GXS_2024_VisionCode/install/camera_driver/share/camera_driver/local_setup.dsv
[0.336s] -- Installing: /home/jason/gxs/GXS_2024_VisionCode/install/camera_driver/share/camera_driver/package.dsv
[0.336s] -- Up-to-date: /home/jason/gxs/GXS_2024_VisionCode/install/camera_driver/share/ament_index/resource_index/packages/camera_driver
[0.337s] -- Up-to-date: /home/jason/gxs/GXS_2024_VisionCode/install/camera_driver/share/camera_driver/cmake/camera_driverConfig.cmake
[0.338s] -- Up-to-date: /home/jason/gxs/GXS_2024_VisionCode/install/camera_driver/share/camera_driver/cmake/camera_driverConfig-version.cmake
[0.338s] -- Up-to-date: /home/jason/gxs/GXS_2024_VisionCode/install/camera_driver/share/camera_driver/package.xml
[0.343s] Invoked command in '/home/jason/gxs/GXS_2024_VisionCode/build/camera_driver' returned '0': CMAKE_PREFIX_PATH=/opt/ros/humble /usr/bin/cmake --install /home/jason/gxs/GXS_2024_VisionCode/build/camera_driver
