[0.098s] Invoking command in '/home/minehill/GXS_VisionData/src/build/colorblock_detector': CMAKE_PREFIX_PATH=${CMAKE_PREFIX_PATH}:/opt/ros/humble /usr/bin/cmake /home/minehill/GXS_VisionData/src/colorblock_detector -DCMAKE_INSTALL_PREFIX=/home/minehill/GXS_VisionData/src/install/colorblock_detector
[0.406s] -- The C compiler identification is GNU 11.4.0
[0.785s] -- The CXX compiler identification is GNU 11.4.0
[1.066s] -- Detecting C compiler ABI info
[1.298s] -- Detecting C compiler ABI info - done
[1.306s] -- Check for working C compiler: /usr/bin/cc - skipped
[1.306s] -- Detecting C compile features
[1.307s] -- Detecting C compile features - done
[1.309s] -- Detecting CXX compiler ABI info
[1.433s] -- Detecting CXX compiler ABI info - done
[1.441s] -- Check for working CXX compiler: /usr/bin/c++ - skipped
[1.442s] -- Detecting CXX compile features
[1.443s] -- Detecting CXX compile features - done
[1.445s] -- Found ament_cmake: 1.3.10 (/opt/ros/humble/share/ament_cmake/cmake)
[1.609s] -- Found Python3: /usr/bin/python3 (found version "3.10.12") found components: Interpreter 
[1.724s] -- Found rclcpp: 16.0.10 (/opt/ros/humble/share/rclcpp/cmake)
[2.204s] -- Found rosidl_generator_c: 3.1.5 (/opt/ros/humble/share/rosidl_generator_c/cmake)
[2.208s] -- Found rosidl_adapter: 3.1.5 (/opt/ros/humble/share/rosidl_adapter/cmake)
[2.235s] -- Found rosidl_generator_cpp: 3.1.5 (/opt/ros/humble/share/rosidl_generator_cpp/cmake)
[2.247s] -- Using all available rosidl_typesupport_c: rosidl_typesupport_fastrtps_c;rosidl_typesupport_introspection_c
[2.262s] -- Using all available rosidl_typesupport_cpp: rosidl_typesupport_fastrtps_cpp;rosidl_typesupport_introspection_cpp
[2.319s] -- Found rmw_implementation_cmake: 6.1.2 (/opt/ros/humble/share/rmw_implementation_cmake/cmake)
[2.323s] -- Found rmw_fastrtps_cpp: 6.2.7 (/opt/ros/humble/share/rmw_fastrtps_cpp/cmake)
[3.991s] -- Found OpenSSL: /usr/lib/x86_64-linux-gnu/libcrypto.so (found version "3.0.2")  
[5.216s] -- Found FastRTPS: /opt/ros/humble/include  
[7.492s] -- Using RMW implementation 'rmw_fastrtps_cpp' as default
[7.625s] -- Looking for pthread.h
[7.785s] -- Looking for pthread.h - found
[7.785s] -- Performing Test CMAKE_HAVE_LIBC_PTHREAD
[7.941s] -- Performing Test CMAKE_HAVE_LIBC_PTHREAD - Success
[7.943s] -- Found Threads: TRUE  
[8.016s] -- Found cv_bridge: 3.2.1 (/opt/ros/humble/share/cv_bridge/cmake)
[8.068s] -- Found OpenCV: /usr (found version "4.5.4") 
[8.137s] -- Found qrmsg: 0.0.0 (/home/minehill/GXS_VisionData/install/qrmsg/share/qrmsg/cmake)
[8.249s] -- Configuring done
[8.272s] -- Generating done
[8.273s] -- Build files have been written to: /home/minehill/GXS_VisionData/src/build/colorblock_detector
[8.283s] Invoked command in '/home/minehill/GXS_VisionData/src/build/colorblock_detector' returned '0': CMAKE_PREFIX_PATH=${CMAKE_PREFIX_PATH}:/opt/ros/humble /usr/bin/cmake /home/minehill/GXS_VisionData/src/colorblock_detector -DCMAKE_INSTALL_PREFIX=/home/minehill/GXS_VisionData/src/install/colorblock_detector
[8.285s] Invoking command in '/home/minehill/GXS_VisionData/src/build/colorblock_detector': CMAKE_PREFIX_PATH=${CMAKE_PREFIX_PATH}:/opt/ros/humble /usr/bin/cmake --build /home/minehill/GXS_VisionData/src/build/colorblock_detector -- -j8 -l8
[8.322s] [ 50%] [32mBuilding CXX object CMakeFiles/colorblock.dir/src/colorblock.cpp.o[0m
[8.329s] [01m[K/home/minehill/GXS_VisionData/src/colorblock_detector/src/colorblock.cpp:1:10:[m[K [01;31m[Kfatal error: [m[Krclcpp/rclcpp.h: No such file or directory
[8.329s]     1 | #include [01;31m[K<rclcpp/rclcpp.h>[m[K
[8.329s]       |          [01;31m[K^~~~~~~~~~~~~~~~~[m[K
[8.329s] compilation terminated.
[8.330s] gmake[2]: *** [CMakeFiles/colorblock.dir/build.make:76: CMakeFiles/colorblock.dir/src/colorblock.cpp.o] Error 1
[8.330s] gmake[1]: *** [CMakeFiles/Makefile2:137: CMakeFiles/colorblock.dir/all] Error 2
[8.330s] gmake: *** [Makefile:146: all] Error 2
[8.333s] Invoked command in '/home/minehill/GXS_VisionData/src/build/colorblock_detector' returned '2': CMAKE_PREFIX_PATH=${CMAKE_PREFIX_PATH}:/opt/ros/humble /usr/bin/cmake --build /home/minehill/GXS_VisionData/src/build/colorblock_detector -- -j8 -l8
