[1.621s] Invoking command in '/home/jason/gxs/GXS_2024_VisionCode/src/line_follow': PYTHONPATH=/home/jason/gxs/GXS_2024_VisionCode/build/line_follow/prefix_override:/home/jason/gxs/GXS_2024_VisionCode/install/line_follow/lib/python3.10/site-packages:${PYTHONPATH} /usr/bin/python3 -W ignore:setup.py install is deprecated setup.py egg_info --egg-base ../../build/line_follow build --build-base /home/jason/gxs/GXS_2024_VisionCode/build/line_follow/build install --record /home/jason/gxs/GXS_2024_VisionCode/build/line_follow/install.log --single-version-externally-managed install_data
[1.942s] running egg_info
[1.943s] writing ../../build/line_follow/line_follow.egg-info/PKG-INFO
[1.943s] writing dependency_links to ../../build/line_follow/line_follow.egg-info/dependency_links.txt
[1.943s] writing entry points to ../../build/line_follow/line_follow.egg-info/entry_points.txt
[1.944s] writing requirements to ../../build/line_follow/line_follow.egg-info/requires.txt
[1.944s] writing top-level names to ../../build/line_follow/line_follow.egg-info/top_level.txt
[1.946s] reading manifest file '../../build/line_follow/line_follow.egg-info/SOURCES.txt'
[1.946s] writing manifest file '../../build/line_follow/line_follow.egg-info/SOURCES.txt'
[1.946s] running build
[1.946s] running build_py
[1.947s] running install
[1.947s] running install_lib
[1.948s] running install_data
[1.948s] running install_egg_info
[1.954s] removing '/home/jason/gxs/GXS_2024_VisionCode/install/line_follow/lib/python3.10/site-packages/line_follow-0.0.0-py3.10.egg-info' (and everything under it)
[1.955s] Copying ../../build/line_follow/line_follow.egg-info to /home/jason/gxs/GXS_2024_VisionCode/install/line_follow/lib/python3.10/site-packages/line_follow-0.0.0-py3.10.egg-info
[1.955s] running install_scripts
[1.991s] Installing line_follow script to /home/jason/gxs/GXS_2024_VisionCode/install/line_follow/lib/line_follow
[1.992s] writing list of installed files to '/home/jason/gxs/GXS_2024_VisionCode/build/line_follow/install.log'
[2.089s] Invoked command in '/home/jason/gxs/GXS_2024_VisionCode/src/line_follow' returned '0': PYTHONPATH=/home/jason/gxs/GXS_2024_VisionCode/build/line_follow/prefix_override:/home/jason/gxs/GXS_2024_VisionCode/install/line_follow/lib/python3.10/site-packages:${PYTHONPATH} /usr/bin/python3 -W ignore:setup.py install is deprecated setup.py egg_info --egg-base ../../build/line_follow build --build-base /home/jason/gxs/GXS_2024_VisionCode/build/line_follow/build install --record /home/jason/gxs/GXS_2024_VisionCode/build/line_follow/install.log --single-version-externally-managed install_data
