[0.009s] Invoking command in '/home/lccc/Desktop/GXS_2024_VisionCode/build/camera_driver': CMAKE_PREFIX_PATH=/opt/ros/humble /usr/bin/cmake --build /home/lccc/Desktop/GXS_2024_VisionCode/build/camera_driver -- -j16 -l16
[0.041s] [35m[1mConsolidate compiler generated dependencies of target image_publisher[0m
[0.056s] [ 50%] [32mBuilding CXX object CMakeFiles/image_publisher.dir/src/camera_driver.cpp.o[0m
[3.949s] [100%] [32m[1mLinking CXX executable image_publisher[0m
[4.285s] [100%] Built target image_publisher
[4.294s] Invoked command in '/home/lccc/Desktop/GXS_2024_VisionCode/build/camera_driver' returned '0': CMAKE_PREFIX_PATH=/opt/ros/humble /usr/bin/cmake --build /home/lccc/Desktop/GXS_2024_VisionCode/build/camera_driver -- -j16 -l16
[4.313s] Invoking command in '/home/lccc/Desktop/GXS_2024_VisionCode/build/camera_driver': CMAKE_PREFIX_PATH=/opt/ros/humble /usr/bin/cmake --install /home/lccc/Desktop/GXS_2024_VisionCode/build/camera_driver
[4.318s] -- Install configuration: ""
[4.319s] -- Installing: /home/lccc/Desktop/GXS_2024_VisionCode/install/camera_driver/lib/camera_driver/image_publisher
[4.319s] -- Set runtime path of "/home/lccc/Desktop/GXS_2024_VisionCode/install/camera_driver/lib/camera_driver/image_publisher" to ""
[4.319s] -- Up-to-date: /home/lccc/Desktop/GXS_2024_VisionCode/install/camera_driver/share/ament_index/resource_index/package_run_dependencies/camera_driver
[4.319s] -- Up-to-date: /home/lccc/Desktop/GXS_2024_VisionCode/install/camera_driver/share/ament_index/resource_index/parent_prefix_path/camera_driver
[4.319s] -- Up-to-date: /home/lccc/Desktop/GXS_2024_VisionCode/install/camera_driver/share/camera_driver/environment/ament_prefix_path.sh
[4.320s] -- Up-to-date: /home/lccc/Desktop/GXS_2024_VisionCode/install/camera_driver/share/camera_driver/environment/ament_prefix_path.dsv
[4.320s] -- Up-to-date: /home/lccc/Desktop/GXS_2024_VisionCode/install/camera_driver/share/camera_driver/environment/path.sh
[4.320s] -- Up-to-date: /home/lccc/Desktop/GXS_2024_VisionCode/install/camera_driver/share/camera_driver/environment/path.dsv
[4.320s] -- Up-to-date: /home/lccc/Desktop/GXS_2024_VisionCode/install/camera_driver/share/camera_driver/local_setup.bash
[4.320s] -- Up-to-date: /home/lccc/Desktop/GXS_2024_VisionCode/install/camera_driver/share/camera_driver/local_setup.sh
[4.320s] -- Up-to-date: /home/lccc/Desktop/GXS_2024_VisionCode/install/camera_driver/share/camera_driver/local_setup.zsh
[4.320s] -- Up-to-date: /home/lccc/Desktop/GXS_2024_VisionCode/install/camera_driver/share/camera_driver/local_setup.dsv
[4.320s] -- Installing: /home/lccc/Desktop/GXS_2024_VisionCode/install/camera_driver/share/camera_driver/package.dsv
[4.320s] -- Up-to-date: /home/lccc/Desktop/GXS_2024_VisionCode/install/camera_driver/share/ament_index/resource_index/packages/camera_driver
[4.320s] -- Up-to-date: /home/lccc/Desktop/GXS_2024_VisionCode/install/camera_driver/share/camera_driver/cmake/camera_driverConfig.cmake
[4.320s] -- Up-to-date: /home/lccc/Desktop/GXS_2024_VisionCode/install/camera_driver/share/camera_driver/cmake/camera_driverConfig-version.cmake
[4.320s] -- Up-to-date: /home/lccc/Desktop/GXS_2024_VisionCode/install/camera_driver/share/camera_driver/package.xml
[4.321s] Invoked command in '/home/lccc/Desktop/GXS_2024_VisionCode/build/camera_driver' returned '0': CMAKE_PREFIX_PATH=/opt/ros/humble /usr/bin/cmake --install /home/lccc/Desktop/GXS_2024_VisionCode/build/camera_driver
