[0.015s] Invoking command in '/home/jason/gxs/GXS_2024_VisionCode/build/qrmsg': CMAKE_PREFIX_PATH=${CMAKE_PREFIX_PATH}:/home/jason/gxs/GXS_2024_VisionCode/install/line_follow:/opt/ros/humble /usr/bin/cmake --build /home/jason/gxs/GXS_2024_VisionCode/build/qrmsg -- -j16 -l16
[0.045s] -- Found ament_cmake: 1.3.8 (/opt/ros/humble/share/ament_cmake/cmake)
[0.145s] -- Found rosidl_default_generators: 1.2.0 (/opt/ros/humble/share/rosidl_default_generators/cmake)
[0.148s] -- Using all available rosidl_typesupport_c: rosidl_typesupport_fastrtps_c;rosidl_typesupport_introspection_c
[0.151s] -- Found rosidl_adapter: 3.1.5 (/opt/ros/humble/share/rosidl_adapter/cmake)
[0.179s] -- Using all available rosidl_typesupport_cpp: rosidl_typesupport_fastrtps_cpp;rosidl_typesupport_introspection_cpp
[0.202s] [31mCMake Error at CMakeLists.txt:17 (find_package):
[0.202s]   By not providing "Findament_lint_auto.cmake" in CMAKE_MODULE_PATH this
[0.202s]   project has asked CMake to find a package configuration file provided by
[0.203s]   "ament_lint_auto", but CMake did not find one.
[0.203s] 
[0.203s]   Could not find a package configuration file provided by "ament_lint_auto"
[0.203s]   with any of the following names:
[0.203s] 
[0.203s]     ament_lint_autoConfig.cmake
[0.203s]     ament_lint_auto-config.cmake
[0.203s] 
[0.203s]   Add the installation prefix of "ament_lint_auto" to CMAKE_PREFIX_PATH or
[0.203s]   set "ament_lint_auto_DIR" to a directory containing one of the above files.
[0.203s]   If "ament_lint_auto" provides a separate development package or SDK, be
[0.203s]   sure it has been installed.
[0.203s] 
[0.203s] [0m
[0.203s] -- Configuring incomplete, errors occurred!
[0.203s] See also "/home/jason/gxs/GXS_2024_VisionCode/build/qrmsg/CMakeFiles/CMakeOutput.log".
[0.205s] gmake: *** [Makefile:963: cmake_check_build_system] Error 1
[0.206s] Invoked command in '/home/jason/gxs/GXS_2024_VisionCode/build/qrmsg' returned '2': CMAKE_PREFIX_PATH=${CMAKE_PREFIX_PATH}:/home/jason/gxs/GXS_2024_VisionCode/install/line_follow:/opt/ros/humble /usr/bin/cmake --build /home/jason/gxs/GXS_2024_VisionCode/build/qrmsg -- -j16 -l16
