[0.013s] Invoking command in '/home/minehill/GXS_VisionData/src/build/vedio': CMAKE_PREFIX_PATH=${CMAKE_PREFIX_PATH}:/opt/ros/humble /usr/bin/cmake /home/minehill/GXS_VisionData/src/adjust -DCMAKE_INSTALL_PREFIX=/home/minehill/GXS_VisionData/src/install/vedio
[0.163s] -- The C compiler identification is GNU 11.4.0
[0.744s] -- The CXX compiler identification is GNU 11.4.0
[1.177s] -- Detecting C compiler ABI info
[1.333s] -- Detecting C compiler ABI info - done
[1.341s] -- Check for working C compiler: /usr/bin/cc - skipped
[1.341s] -- Detecting C compile features
[1.341s] -- Detecting C compile features - done
[1.344s] -- Detecting CXX compiler ABI info
[1.523s] -- Detecting CXX compiler ABI info - done
[1.531s] -- Check for working CXX compiler: /usr/bin/c++ - skipped
[1.532s] -- Detecting CXX compile features
[1.532s] -- Detecting CXX compile features - done
[1.534s] -- Found ament_cmake: 1.3.10 (/opt/ros/humble/share/ament_cmake/cmake)
[1.680s] -- Found Python3: /usr/bin/python3 (found version "3.10.12") found components: Interpreter 
[2.846s] -- Found rclcpp: 16.0.10 (/opt/ros/humble/share/rclcpp/cmake)
[3.114s] -- Found rosidl_generator_c: 3.1.5 (/opt/ros/humble/share/rosidl_generator_c/cmake)
[3.120s] -- Found rosidl_adapter: 3.1.5 (/opt/ros/humble/share/rosidl_adapter/cmake)
[3.127s] -- Found rosidl_generator_cpp: 3.1.5 (/opt/ros/humble/share/rosidl_generator_cpp/cmake)
[3.139s] -- Using all available rosidl_typesupport_c: rosidl_typesupport_fastrtps_c;rosidl_typesupport_introspection_c
[3.154s] -- Using all available rosidl_typesupport_cpp: rosidl_typesupport_fastrtps_cpp;rosidl_typesupport_introspection_cpp
[3.201s] -- Found rmw_implementation_cmake: 6.1.2 (/opt/ros/humble/share/rmw_implementation_cmake/cmake)
[3.203s] -- Found rmw_fastrtps_cpp: 6.2.7 (/opt/ros/humble/share/rmw_fastrtps_cpp/cmake)
[4.722s] -- Found OpenSSL: /usr/lib/x86_64-linux-gnu/libcrypto.so (found version "3.0.2")  
[6.352s] -- Found FastRTPS: /opt/ros/humble/include  
[9.438s] -- Using RMW implementation 'rmw_fastrtps_cpp' as default
[9.445s] -- Looking for pthread.h
[9.630s] -- Looking for pthread.h - found
[9.631s] -- Performing Test CMAKE_HAVE_LIBC_PTHREAD
[9.902s] -- Performing Test CMAKE_HAVE_LIBC_PTHREAD - Success
[9.903s] -- Found Threads: TRUE  
[9.967s] -- Found OpenCV: /usr (found version "4.5.4") 
[9.968s] -- Found ament_lint_auto: 0.12.11 (/opt/ros/humble/share/ament_lint_auto/cmake)
[10.052s] [31mCMake Error at /opt/ros/humble/share/ament_cmake_core/cmake/core/ament_package_xml.cmake:53 (message):
[10.052s]   ament_package_xml() package name 'vedio' in '/package.xml' does not match
[10.052s]   current PROJECT_NAME 'adjust_hsv'.  You must call project() with the same
[10.052s]   package name before.
[10.052s] Call Stack (most recent call first):
[10.052s]   /opt/ros/humble/share/ament_lint_auto/cmake/ament_lint_auto_find_test_dependencies.cmake:31 (ament_package_xml)
[10.052s]   CMakeLists.txt:22 (ament_lint_auto_find_test_dependencies)
[10.052s] 
[10.052s] [0m
[10.052s] -- Configuring incomplete, errors occurred!
[10.053s] See also "/home/minehill/GXS_VisionData/src/build/vedio/CMakeFiles/CMakeOutput.log".
[10.065s] Invoked command in '/home/minehill/GXS_VisionData/src/build/vedio' returned '1': CMAKE_PREFIX_PATH=${CMAKE_PREFIX_PATH}:/opt/ros/humble /usr/bin/cmake /home/minehill/GXS_VisionData/src/adjust -DCMAKE_INSTALL_PREFIX=/home/minehill/GXS_VisionData/src/install/vedio
