[0.160s] DEBUG:colcon:Command line arguments: ['/usr/bin/colcon', 'build', '--packages-select', 'colorblock_detector']
[0.160s] DEBUG:colcon:Parsed command line arguments: Namespace(log_base=None, log_level=None, verb_name='build', build_base='build', install_base='install', merge_install=False, symlink_install=False, test_result_base=None, continue_on_error=False, executor='parallel', parallel_workers=8, event_handlers=None, ignore_user_meta=False, metas=['./colcon.meta'], base_paths=['.'], packages_ignore=None, packages_ignore_regex=None, paths=None, packages_up_to=None, packages_up_to_regex=None, packages_above=None, packages_above_and_dependencies=None, packages_above_depth=None, packages_select_by_dep=None, packages_skip_by_dep=None, packages_skip_up_to=None, packages_select_build_failed=False, packages_skip_build_finished=False, packages_select_test_failures=False, packages_skip_test_passed=False, packages_select=['colorblock_detector'], packages_skip=None, packages_select_regex=None, packages_skip_regex=None, packages_start=None, packages_end=None, allow_overriding=[], cmake_args=None, cmake_target=None, cmake_target_skip_unavailable=False, cmake_clean_cache=False, cmake_clean_first=False, cmake_force_configure=False, ament_cmake_args=None, catkin_cmake_args=None, catkin_skip_building_tests=False, verb_parser=<colcon_defaults.argument_parser.defaults.DefaultArgumentsDecorator object at 0x7f872f37b430>, verb_extension=<colcon_core.verb.build.BuildVerb object at 0x7f872f37afe0>, main=<bound method BuildVerb.main of <colcon_core.verb.build.BuildVerb object at 0x7f872f37afe0>>)
[0.343s] Level 1:colcon.colcon_core.package_discovery:discover_packages(colcon_meta) check parameters
[0.343s] Level 1:colcon.colcon_core.package_discovery:discover_packages(recursive) check parameters
[0.343s] Level 1:colcon.colcon_core.package_discovery:discover_packages(ignore) check parameters
[0.343s] Level 1:colcon.colcon_core.package_discovery:discover_packages(path) check parameters
[0.343s] Level 1:colcon.colcon_core.package_discovery:discover_packages(colcon_meta) discover
[0.343s] Level 1:colcon.colcon_core.package_discovery:discover_packages(recursive) discover
[0.343s] INFO:colcon.colcon_core.package_discovery:Crawling recursively for packages in '/home/minehill/GXS_VisionData/src'
[0.343s] Level 1:colcon.colcon_core.package_identification:_identify(.) by extensions ['ignore', 'ignore_ament_install']
[0.343s] Level 1:colcon.colcon_core.package_identification:_identify(.) by extension 'ignore'
[0.344s] Level 1:colcon.colcon_core.package_identification:_identify(.) by extension 'ignore_ament_install'
[0.344s] Level 1:colcon.colcon_core.package_identification:_identify(.) by extensions ['colcon_pkg']
[0.344s] Level 1:colcon.colcon_core.package_identification:_identify(.) by extension 'colcon_pkg'
[0.344s] Level 1:colcon.colcon_core.package_identification:_identify(.) by extensions ['colcon_meta']
[0.344s] Level 1:colcon.colcon_core.package_identification:_identify(.) by extension 'colcon_meta'
[0.344s] Level 1:colcon.colcon_core.package_identification:_identify(.) by extensions ['ros']
[0.344s] Level 1:colcon.colcon_core.package_identification:_identify(.) by extension 'ros'
[0.355s] Level 1:colcon.colcon_core.package_identification:_identify(.) by extensions ['cmake', 'python']
[0.355s] Level 1:colcon.colcon_core.package_identification:_identify(.) by extension 'cmake'
[0.355s] Level 1:colcon.colcon_core.package_identification:_identify(.) by extension 'python'
[0.355s] Level 1:colcon.colcon_core.package_identification:_identify(.) by extensions ['python_setup_py']
[0.355s] Level 1:colcon.colcon_core.package_identification:_identify(.) by extension 'python_setup_py'
[0.355s] Level 1:colcon.colcon_core.package_identification:_identify(adjust) by extensions ['ignore', 'ignore_ament_install']
[0.355s] Level 1:colcon.colcon_core.package_identification:_identify(adjust) by extension 'ignore'
[0.355s] Level 1:colcon.colcon_core.package_identification:_identify(adjust) by extension 'ignore_ament_install'
[0.355s] Level 1:colcon.colcon_core.package_identification:_identify(adjust) by extensions ['colcon_pkg']
[0.355s] Level 1:colcon.colcon_core.package_identification:_identify(adjust) by extension 'colcon_pkg'
[0.355s] Level 1:colcon.colcon_core.package_identification:_identify(adjust) by extensions ['colcon_meta']
[0.355s] Level 1:colcon.colcon_core.package_identification:_identify(adjust) by extension 'colcon_meta'
[0.355s] Level 1:colcon.colcon_core.package_identification:_identify(adjust) by extensions ['ros']
[0.356s] Level 1:colcon.colcon_core.package_identification:_identify(adjust) by extension 'ros'
[0.358s] DEBUG:colcon.colcon_core.package_identification:Package 'adjust' with type 'ros.ament_cmake' and name 'adjust_hsv'
[0.358s] Level 1:colcon.colcon_core.package_identification:_identify(binary_detector) by extensions ['ignore', 'ignore_ament_install']
[0.358s] Level 1:colcon.colcon_core.package_identification:_identify(binary_detector) by extension 'ignore'
[0.358s] Level 1:colcon.colcon_core.package_identification:_identify(binary_detector) by extension 'ignore_ament_install'
[0.358s] Level 1:colcon.colcon_core.package_identification:_identify(binary_detector) by extensions ['colcon_pkg']
[0.358s] Level 1:colcon.colcon_core.package_identification:_identify(binary_detector) by extension 'colcon_pkg'
[0.358s] Level 1:colcon.colcon_core.package_identification:_identify(binary_detector) by extensions ['colcon_meta']
[0.358s] Level 1:colcon.colcon_core.package_identification:_identify(binary_detector) by extension 'colcon_meta'
[0.358s] Level 1:colcon.colcon_core.package_identification:_identify(binary_detector) by extensions ['ros']
[0.358s] Level 1:colcon.colcon_core.package_identification:_identify(binary_detector) by extension 'ros'
[0.359s] DEBUG:colcon.colcon_core.package_identification:Package 'binary_detector' with type 'ros.ament_cmake' and name 'binary_detector'
[0.359s] Level 1:colcon.colcon_core.package_identification:_identify(build) by extensions ['ignore', 'ignore_ament_install']
[0.359s] Level 1:colcon.colcon_core.package_identification:_identify(build) by extension 'ignore'
[0.359s] Level 1:colcon.colcon_core.package_identification:_identify(build) ignored
[0.360s] Level 1:colcon.colcon_core.package_identification:_identify(colorblock_detector) by extensions ['ignore', 'ignore_ament_install']
[0.360s] Level 1:colcon.colcon_core.package_identification:_identify(colorblock_detector) by extension 'ignore'
[0.360s] Level 1:colcon.colcon_core.package_identification:_identify(colorblock_detector) by extension 'ignore_ament_install'
[0.360s] Level 1:colcon.colcon_core.package_identification:_identify(colorblock_detector) by extensions ['colcon_pkg']
[0.360s] Level 1:colcon.colcon_core.package_identification:_identify(colorblock_detector) by extension 'colcon_pkg'
[0.360s] Level 1:colcon.colcon_core.package_identification:_identify(colorblock_detector) by extensions ['colcon_meta']
[0.360s] Level 1:colcon.colcon_core.package_identification:_identify(colorblock_detector) by extension 'colcon_meta'
[0.360s] Level 1:colcon.colcon_core.package_identification:_identify(colorblock_detector) by extensions ['ros']
[0.360s] Level 1:colcon.colcon_core.package_identification:_identify(colorblock_detector) by extension 'ros'
[0.361s] DEBUG:colcon.colcon_core.package_identification:Package 'colorblock_detector' with type 'ros.ament_cmake' and name 'colorblock_detector'
[0.361s] Level 1:colcon.colcon_core.package_identification:_identify(install) by extensions ['ignore', 'ignore_ament_install']
[0.361s] Level 1:colcon.colcon_core.package_identification:_identify(install) by extension 'ignore'
[0.361s] Level 1:colcon.colcon_core.package_identification:_identify(install) ignored
[0.361s] Level 1:colcon.colcon_core.package_identification:_identify(log) by extensions ['ignore', 'ignore_ament_install']
[0.361s] Level 1:colcon.colcon_core.package_identification:_identify(log) by extension 'ignore'
[0.361s] Level 1:colcon.colcon_core.package_identification:_identify(log) ignored
[0.361s] Level 1:colcon.colcon_core.package_identification:_identify(qrmsg) by extensions ['ignore', 'ignore_ament_install']
[0.361s] Level 1:colcon.colcon_core.package_identification:_identify(qrmsg) by extension 'ignore'
[0.361s] Level 1:colcon.colcon_core.package_identification:_identify(qrmsg) by extension 'ignore_ament_install'
[0.361s] Level 1:colcon.colcon_core.package_identification:_identify(qrmsg) by extensions ['colcon_pkg']
[0.361s] Level 1:colcon.colcon_core.package_identification:_identify(qrmsg) by extension 'colcon_pkg'
[0.362s] Level 1:colcon.colcon_core.package_identification:_identify(qrmsg) by extensions ['colcon_meta']
[0.362s] Level 1:colcon.colcon_core.package_identification:_identify(qrmsg) by extension 'colcon_meta'
[0.362s] Level 1:colcon.colcon_core.package_identification:_identify(qrmsg) by extensions ['ros']
[0.362s] Level 1:colcon.colcon_core.package_identification:_identify(qrmsg) by extension 'ros'
[0.362s] DEBUG:colcon.colcon_core.package_identification:Package 'qrmsg' with type 'ros.ament_cmake' and name 'qrmsg'
[0.362s] Level 1:colcon.colcon_core.package_discovery:discover_packages(recursive) using defaults
[0.362s] Level 1:colcon.colcon_core.package_discovery:discover_packages(ignore) discover
[0.362s] Level 1:colcon.colcon_core.package_discovery:discover_packages(ignore) using defaults
[0.362s] Level 1:colcon.colcon_core.package_discovery:discover_packages(path) discover
[0.362s] Level 1:colcon.colcon_core.package_discovery:discover_packages(path) using defaults
[0.383s] INFO:colcon.colcon_core.package_selection:Skipping not selected package 'adjust_hsv' in 'adjust'
[0.383s] INFO:colcon.colcon_core.package_selection:Skipping not selected package 'qrmsg' in 'qrmsg'
[0.383s] INFO:colcon.colcon_core.package_selection:Skipping not selected package 'binary_detector' in 'binary_detector'
[0.383s] Level 1:colcon.colcon_core.package_discovery:discover_packages(prefix_path) check parameters
[0.383s] Level 1:colcon.colcon_core.package_discovery:discover_packages(prefix_path) discover
[0.385s] DEBUG:colcon.colcon_installed_package_information.package_discovery:Found 3 installed packages in /home/minehill/GXS_VisionData/install
[0.386s] DEBUG:colcon.colcon_installed_package_information.package_discovery:Found 271 installed packages in /opt/ros/humble
[0.387s] Level 1:colcon.colcon_core.package_discovery:discover_packages(prefix_path) using defaults
[0.441s] Level 5:colcon.colcon_core.verb:set package 'colorblock_detector' build argument 'cmake_args' from command line to 'None'
[0.441s] Level 5:colcon.colcon_core.verb:set package 'colorblock_detector' build argument 'cmake_target' from command line to 'None'
[0.441s] Level 5:colcon.colcon_core.verb:set package 'colorblock_detector' build argument 'cmake_target_skip_unavailable' from command line to 'False'
[0.441s] Level 5:colcon.colcon_core.verb:set package 'colorblock_detector' build argument 'cmake_clean_cache' from command line to 'False'
[0.441s] Level 5:colcon.colcon_core.verb:set package 'colorblock_detector' build argument 'cmake_clean_first' from command line to 'False'
[0.441s] Level 5:colcon.colcon_core.verb:set package 'colorblock_detector' build argument 'cmake_force_configure' from command line to 'False'
[0.441s] Level 5:colcon.colcon_core.verb:set package 'colorblock_detector' build argument 'ament_cmake_args' from command line to 'None'
[0.441s] Level 5:colcon.colcon_core.verb:set package 'colorblock_detector' build argument 'catkin_cmake_args' from command line to 'None'
[0.441s] Level 5:colcon.colcon_core.verb:set package 'colorblock_detector' build argument 'catkin_skip_building_tests' from command line to 'False'
[0.441s] DEBUG:colcon.colcon_core.verb:Building package 'colorblock_detector' with the following arguments: {'ament_cmake_args': None, 'build_base': '/home/minehill/GXS_VisionData/src/build/colorblock_detector', 'catkin_cmake_args': None, 'catkin_skip_building_tests': False, 'cmake_args': None, 'cmake_clean_cache': False, 'cmake_clean_first': False, 'cmake_force_configure': False, 'cmake_target': None, 'cmake_target_skip_unavailable': False, 'install_base': '/home/minehill/GXS_VisionData/src/install/colorblock_detector', 'merge_install': False, 'path': '/home/minehill/GXS_VisionData/src/colorblock_detector', 'symlink_install': False, 'test_result_base': None}
[0.441s] INFO:colcon.colcon_core.executor:Executing jobs using 'parallel' executor
[0.443s] DEBUG:colcon.colcon_parallel_executor.executor.parallel:run_until_complete
[0.443s] INFO:colcon.colcon_ros.task.ament_cmake.build:Building ROS package in '/home/minehill/GXS_VisionData/src/colorblock_detector' with build type 'ament_cmake'
[0.443s] INFO:colcon.colcon_cmake.task.cmake.build:Building CMake package in '/home/minehill/GXS_VisionData/src/colorblock_detector'
[0.445s] INFO:colcon.colcon_core.plugin_system:Skipping extension 'colcon_core.shell.bat': Not used on non-Windows systems
[0.445s] INFO:colcon.colcon_core.shell:Skip shell extension 'powershell' for command environment: Not usable outside of PowerShell
[0.446s] DEBUG:colcon.colcon_core.shell:Skip shell extension 'dsv' for command environment
[0.447s] WARNING:colcon.colcon_core.shell:The following packages are in the workspace but haven't been built:
- qrmsg
They are being used from the following locations instead:
- /home/minehill/GXS_VisionData/install/qrmsg
To suppress this warning ignore these packages in the workspace:
--packages-ignore qrmsg
[0.541s] DEBUG:colcon.colcon_core.event_handler.log_command:Invoking command in '/home/minehill/GXS_VisionData/src/build/colorblock_detector': CMAKE_PREFIX_PATH=${CMAKE_PREFIX_PATH}:/opt/ros/humble /usr/bin/cmake /home/minehill/GXS_VisionData/src/colorblock_detector -DCMAKE_INSTALL_PREFIX=/home/minehill/GXS_VisionData/src/install/colorblock_detector
[8.726s] DEBUG:colcon.colcon_core.event_handler.log_command:Invoked command in '/home/minehill/GXS_VisionData/src/build/colorblock_detector' returned '0': CMAKE_PREFIX_PATH=${CMAKE_PREFIX_PATH}:/opt/ros/humble /usr/bin/cmake /home/minehill/GXS_VisionData/src/colorblock_detector -DCMAKE_INSTALL_PREFIX=/home/minehill/GXS_VisionData/src/install/colorblock_detector
[8.729s] DEBUG:colcon.colcon_core.event_handler.log_command:Invoking command in '/home/minehill/GXS_VisionData/src/build/colorblock_detector': CMAKE_PREFIX_PATH=${CMAKE_PREFIX_PATH}:/opt/ros/humble /usr/bin/cmake --build /home/minehill/GXS_VisionData/src/build/colorblock_detector -- -j8 -l8
[8.777s] DEBUG:colcon.colcon_core.event_handler.log_command:Invoked command in '/home/minehill/GXS_VisionData/src/build/colorblock_detector' returned '2': CMAKE_PREFIX_PATH=${CMAKE_PREFIX_PATH}:/opt/ros/humble /usr/bin/cmake --build /home/minehill/GXS_VisionData/src/build/colorblock_detector -- -j8 -l8
[8.799s] Level 1:colcon.colcon_core.environment:create_environment_scripts_only(colorblock_detector)
[8.802s] Level 1:colcon.colcon_core.environment:checking '/home/minehill/GXS_VisionData/src/install/colorblock_detector' for CMake module files
[8.802s] Level 1:colcon.colcon_core.environment:checking '/home/minehill/GXS_VisionData/src/install/colorblock_detector' for CMake config files
[8.802s] Level 1:colcon.colcon_core.environment:checking '/home/minehill/GXS_VisionData/src/install/colorblock_detector/bin'
[8.802s] Level 1:colcon.colcon_core.environment:checking '/home/minehill/GXS_VisionData/src/install/colorblock_detector/lib/pkgconfig/colorblock_detector.pc'
[8.803s] Level 1:colcon.colcon_core.environment:checking '/home/minehill/GXS_VisionData/src/install/colorblock_detector/lib/python3.10/site-packages'
[8.803s] Level 1:colcon.colcon_core.environment:checking '/home/minehill/GXS_VisionData/src/install/colorblock_detector/bin'
[8.803s] INFO:colcon.colcon_core.shell:Creating package script '/home/minehill/GXS_VisionData/src/install/colorblock_detector/share/colorblock_detector/package.ps1'
[8.804s] INFO:colcon.colcon_core.shell:Creating package descriptor '/home/minehill/GXS_VisionData/src/install/colorblock_detector/share/colorblock_detector/package.dsv'
[8.805s] INFO:colcon.colcon_core.shell:Creating package script '/home/minehill/GXS_VisionData/src/install/colorblock_detector/share/colorblock_detector/package.sh'
[8.805s] INFO:colcon.colcon_core.shell:Creating package script '/home/minehill/GXS_VisionData/src/install/colorblock_detector/share/colorblock_detector/package.bash'
[8.807s] INFO:colcon.colcon_core.shell:Creating package script '/home/minehill/GXS_VisionData/src/install/colorblock_detector/share/colorblock_detector/package.zsh'
[8.808s] Level 1:colcon.colcon_core.environment:create_file_with_runtime_dependencies(/home/minehill/GXS_VisionData/src/install/colorblock_detector/share/colcon-core/packages/colorblock_detector)
[8.818s] DEBUG:colcon.colcon_parallel_executor.executor.parallel:closing loop
[8.819s] DEBUG:colcon.colcon_parallel_executor.executor.parallel:loop closed
[8.819s] DEBUG:colcon.colcon_parallel_executor.executor.parallel:run_until_complete finished with '2'
[8.819s] DEBUG:colcon.colcon_core.event_reactor:joining thread
[8.855s] INFO:colcon.colcon_core.plugin_system:Skipping extension 'colcon_notification.desktop_notification.notify_send': Could not find 'notify-send'
[8.855s] INFO:colcon.colcon_core.plugin_system:Skipping extension 'colcon_notification.desktop_notification.terminal_notifier': Not used on non-Darwin systems
[8.855s] INFO:colcon.colcon_core.plugin_system:Skipping extension 'colcon_notification.desktop_notification.win32': Not used on non-Windows systems
[8.855s] INFO:colcon.colcon_notification.desktop_notification:Sending desktop notification using 'notify2'
[8.856s] DEBUG:colcon.colcon_notification.desktop_notification.notify2:Failed to initialize notify2: org.freedesktop.DBus.Error.ServiceUnknown: The name org.freedesktop.Notifications was not provided by any .service files
[8.856s] DEBUG:colcon.colcon_core.event_reactor:joined thread
[8.857s] INFO:colcon.colcon_core.shell:Creating prefix script '/home/minehill/GXS_VisionData/src/install/local_setup.ps1'
[8.857s] INFO:colcon.colcon_core.shell:Creating prefix util module '/home/minehill/GXS_VisionData/src/install/_local_setup_util_ps1.py'
[8.859s] INFO:colcon.colcon_core.shell:Creating prefix chain script '/home/minehill/GXS_VisionData/src/install/setup.ps1'
[8.860s] INFO:colcon.colcon_core.shell:Creating prefix script '/home/minehill/GXS_VisionData/src/install/local_setup.sh'
[8.860s] INFO:colcon.colcon_core.shell:Creating prefix util module '/home/minehill/GXS_VisionData/src/install/_local_setup_util_sh.py'
[8.860s] INFO:colcon.colcon_core.shell:Creating prefix chain script '/home/minehill/GXS_VisionData/src/install/setup.sh'
[8.861s] INFO:colcon.colcon_core.shell:Creating prefix script '/home/minehill/GXS_VisionData/src/install/local_setup.bash'
[8.862s] INFO:colcon.colcon_core.shell:Creating prefix chain script '/home/minehill/GXS_VisionData/src/install/setup.bash'
[8.863s] INFO:colcon.colcon_core.shell:Creating prefix script '/home/minehill/GXS_VisionData/src/install/local_setup.zsh'
[8.863s] INFO:colcon.colcon_core.shell:Creating prefix chain script '/home/minehill/GXS_VisionData/src/install/setup.zsh'
