[0.010s] Invoking command in '/home/jason/gxs/GXS_2024_VisionCode/build/adjust_hsv': CMAKE_PREFIX_PATH=${CMAKE_PREFIX_PATH}:/opt/ros/humble /usr/bin/cmake /home/jason/gxs/GXS_2024_VisionCode/src/adjust -DCMAKE_INSTALL_PREFIX=/home/jason/gxs/GXS_2024_VisionCode/install/adjust_hsv
[0.044s] -- The C compiler identification is GNU 11.4.0
[0.080s] -- The CXX compiler identification is GNU 11.4.0
[0.085s] -- Detecting C compiler ABI info
[0.139s] -- Detecting C compiler ABI info - done
[0.146s] -- Check for working C compiler: /usr/bin/cc - skipped
[0.146s] -- Detecting C compile features
[0.147s] -- Detecting C compile features - done
[0.149s] -- Detecting CXX compiler ABI info
[0.201s] -- Detecting CXX compiler ABI info - done
[0.208s] -- Check for working CXX compiler: /usr/bin/c++ - skipped
[0.208s] -- Detecting CXX compile features
[0.208s] -- Detecting CXX compile features - done
[0.210s] -- Found ament_cmake: 1.3.8 (/opt/ros/humble/share/ament_cmake/cmake)
[0.312s] -- Found Python3: /usr/bin/python3 (found version "3.10.12") found components: Interpreter 
[0.373s] -- Found rclcpp: 16.0.8 (/opt/ros/humble/share/rclcpp/cmake)
[0.406s] -- Found rosidl_generator_c: 3.1.5 (/opt/ros/humble/share/rosidl_generator_c/cmake)
[0.409s] -- Found rosidl_adapter: 3.1.5 (/opt/ros/humble/share/rosidl_adapter/cmake)
[0.415s] -- Found rosidl_generator_cpp: 3.1.5 (/opt/ros/humble/share/rosidl_generator_cpp/cmake)
[0.424s] -- Using all available rosidl_typesupport_c: rosidl_typesupport_fastrtps_c;rosidl_typesupport_introspection_c
[0.437s] -- Using all available rosidl_typesupport_cpp: rosidl_typesupport_fastrtps_cpp;rosidl_typesupport_introspection_cpp
[0.485s] -- Found rmw_implementation_cmake: 6.1.1 (/opt/ros/humble/share/rmw_implementation_cmake/cmake)
[0.487s] -- Found rmw_fastrtps_cpp: 6.2.6 (/opt/ros/humble/share/rmw_fastrtps_cpp/cmake)
[0.569s] -- Found OpenSSL: /usr/lib/x86_64-linux-gnu/libcrypto.so (found version "3.0.2")  
[0.602s] -- Found FastRTPS: /opt/ros/humble/include  
[0.655s] -- Using RMW implementation 'rmw_fastrtps_cpp' as default
[0.667s] -- Looking for pthread.h
[0.718s] -- Looking for pthread.h - found
[0.718s] -- Performing Test CMAKE_HAVE_LIBC_PTHREAD
[0.777s] -- Performing Test CMAKE_HAVE_LIBC_PTHREAD - Success
[0.778s] -- Found Threads: TRUE  
[0.937s] -- Found OpenCV: /usr (found version "4.5.4") 
[0.938s] -- Found ament_lint_auto: 0.12.10 (/opt/ros/humble/share/ament_lint_auto/cmake)
[0.991s] -- Added test 'cppcheck' to perform static code analysis on C / C++ code
[0.991s] -- Configured cppcheck include dirs: 
[0.991s] -- Configured cppcheck exclude dirs and/or files: 
[0.992s] -- Added test 'lint_cmake' to check CMake code style
[0.992s] -- Added test 'uncrustify' to check C / C++ code style
[0.992s] -- Configured uncrustify additional arguments: 
[0.992s] -- Added test 'xmllint' to check XML markup files
[0.993s] -- Configuring done
[1.000s] -- Generating done
[1.000s] -- Build files have been written to: /home/jason/gxs/GXS_2024_VisionCode/build/adjust_hsv
[1.008s] Invoked command in '/home/jason/gxs/GXS_2024_VisionCode/build/adjust_hsv' returned '0': CMAKE_PREFIX_PATH=${CMAKE_PREFIX_PATH}:/opt/ros/humble /usr/bin/cmake /home/jason/gxs/GXS_2024_VisionCode/src/adjust -DCMAKE_INSTALL_PREFIX=/home/jason/gxs/GXS_2024_VisionCode/install/adjust_hsv
[1.010s] Invoking command in '/home/jason/gxs/GXS_2024_VisionCode/build/adjust_hsv': CMAKE_PREFIX_PATH=${CMAKE_PREFIX_PATH}:/opt/ros/humble /usr/bin/cmake --build /home/jason/gxs/GXS_2024_VisionCode/build/adjust_hsv -- -j16 -l16
[1.067s] [ 50%] [32mBuilding CXX object CMakeFiles/adjust.dir/src/adjust.cpp.o[0m
[2.195s] [01m[K/home/jason/gxs/GXS_2024_VisionCode/src/adjust/src/adjust.cpp:[m[K In function ‘[01m[Kint main(int, char**)[m[K’:
[2.196s] [01m[K/home/jason/gxs/GXS_2024_VisionCode/src/adjust/src/adjust.cpp:55:9:[m[K [01;35m[Kwarning: [m[Kunused variable ‘[01m[Kh_min[m[K’ [[01;35m[K-Wunused-variable[m[K]
[2.196s]    55 |     int [01;35m[Kh_min[m[K = 0, h_max = 180;
[2.196s]       |         [01;35m[K^~~~~[m[K
[2.196s] [01m[K/home/jason/gxs/GXS_2024_VisionCode/src/adjust/src/adjust.cpp:55:20:[m[K [01;35m[Kwarning: [m[Kunused variable ‘[01m[Kh_max[m[K’ [[01;35m[K-Wunused-variable[m[K]
[2.196s]    55 |     int h_min = 0, [01;35m[Kh_max[m[K = 180;
[2.196s]       |                    [01;35m[K^~~~~[m[K
[2.196s] [01m[K/home/jason/gxs/GXS_2024_VisionCode/src/adjust/src/adjust.cpp:56:9:[m[K [01;35m[Kwarning: [m[Kunused variable ‘[01m[Ks_min[m[K’ [[01;35m[K-Wunused-variable[m[K]
[2.196s]    56 |     int [01;35m[Ks_min[m[K = 0, s_max = 255;
[2.196s]       |         [01;35m[K^~~~~[m[K
[2.196s] [01m[K/home/jason/gxs/GXS_2024_VisionCode/src/adjust/src/adjust.cpp:56:20:[m[K [01;35m[Kwarning: [m[Kunused variable ‘[01m[Ks_max[m[K’ [[01;35m[K-Wunused-variable[m[K]
[2.196s]    56 |     int s_min = 0, [01;35m[Ks_max[m[K = 255;
[2.196s]       |                    [01;35m[K^~~~~[m[K
[2.196s] [01m[K/home/jason/gxs/GXS_2024_VisionCode/src/adjust/src/adjust.cpp:57:9:[m[K [01;35m[Kwarning: [m[Kunused variable ‘[01m[Kv_min[m[K’ [[01;35m[K-Wunused-variable[m[K]
[2.196s]    57 |     int [01;35m[Kv_min[m[K = 0, v_max = 255;
[2.196s]       |         [01;35m[K^~~~~[m[K
[2.197s] [01m[K/home/jason/gxs/GXS_2024_VisionCode/src/adjust/src/adjust.cpp:57:20:[m[K [01;35m[Kwarning: [m[Kunused variable ‘[01m[Kv_max[m[K’ [[01;35m[K-Wunused-variable[m[K]
[2.197s]    57 |     int v_min = 0, [01;35m[Kv_max[m[K = 255;
[2.197s]       |                    [01;35m[K^~~~~[m[K
[2.197s] [01m[K/home/jason/gxs/GXS_2024_VisionCode/src/adjust/src/adjust.cpp:38:14:[m[K [01;35m[Kwarning: [m[Kunused parameter ‘[01m[Kargc[m[K’ [[01;35m[K-Wunused-parameter[m[K]
[2.197s]    38 | int main([01;35m[Kint argc[m[K, char** argv) {
[2.197s]       |          [01;35m[K~~~~^~~~[m[K
[2.197s] [01m[K/home/jason/gxs/GXS_2024_VisionCode/src/adjust/src/adjust.cpp:38:27:[m[K [01;35m[Kwarning: [m[Kunused parameter ‘[01m[Kargv[m[K’ [[01;35m[K-Wunused-parameter[m[K]
[2.197s]    38 | int main(int argc, [01;35m[Kchar** argv[m[K) {
[2.197s]       |                    [01;35m[K~~~~~~~^~~~[m[K
[2.783s] [100%] [32m[1mLinking CXX executable adjust[0m
[3.298s] [100%] Built target adjust
[3.309s] Invoked command in '/home/jason/gxs/GXS_2024_VisionCode/build/adjust_hsv' returned '0': CMAKE_PREFIX_PATH=${CMAKE_PREFIX_PATH}:/opt/ros/humble /usr/bin/cmake --build /home/jason/gxs/GXS_2024_VisionCode/build/adjust_hsv -- -j16 -l16
[3.329s] Invoking command in '/home/jason/gxs/GXS_2024_VisionCode/build/adjust_hsv': CMAKE_PREFIX_PATH=${CMAKE_PREFIX_PATH}:/opt/ros/humble /usr/bin/cmake --install /home/jason/gxs/GXS_2024_VisionCode/build/adjust_hsv
[3.335s] -- Install configuration: ""
[3.335s] -- Installing: /home/jason/gxs/GXS_2024_VisionCode/install/adjust_hsv/lib/adjust_hsv/adjust
[3.335s] -- Set runtime path of "/home/jason/gxs/GXS_2024_VisionCode/install/adjust_hsv/lib/adjust_hsv/adjust" to ""
[3.335s] -- Installing: /home/jason/gxs/GXS_2024_VisionCode/install/adjust_hsv/share/ament_index/resource_index/package_run_dependencies/adjust_hsv
[3.335s] -- Installing: /home/jason/gxs/GXS_2024_VisionCode/install/adjust_hsv/share/ament_index/resource_index/parent_prefix_path/adjust_hsv
[3.336s] -- Installing: /home/jason/gxs/GXS_2024_VisionCode/install/adjust_hsv/share/adjust_hsv/environment/ament_prefix_path.sh
[3.336s] -- Installing: /home/jason/gxs/GXS_2024_VisionCode/install/adjust_hsv/share/adjust_hsv/environment/ament_prefix_path.dsv
[3.336s] -- Installing: /home/jason/gxs/GXS_2024_VisionCode/install/adjust_hsv/share/adjust_hsv/environment/path.sh
[3.336s] -- Installing: /home/jason/gxs/GXS_2024_VisionCode/install/adjust_hsv/share/adjust_hsv/environment/path.dsv
[3.336s] -- Installing: /home/jason/gxs/GXS_2024_VisionCode/install/adjust_hsv/share/adjust_hsv/local_setup.bash
[3.336s] -- Installing: /home/jason/gxs/GXS_2024_VisionCode/install/adjust_hsv/share/adjust_hsv/local_setup.sh
[3.336s] -- Installing: /home/jason/gxs/GXS_2024_VisionCode/install/adjust_hsv/share/adjust_hsv/local_setup.zsh
[3.336s] -- Installing: /home/jason/gxs/GXS_2024_VisionCode/install/adjust_hsv/share/adjust_hsv/local_setup.dsv
[3.336s] -- Installing: /home/jason/gxs/GXS_2024_VisionCode/install/adjust_hsv/share/adjust_hsv/package.dsv
[3.336s] -- Installing: /home/jason/gxs/GXS_2024_VisionCode/install/adjust_hsv/share/ament_index/resource_index/packages/adjust_hsv
[3.336s] -- Installing: /home/jason/gxs/GXS_2024_VisionCode/install/adjust_hsv/share/adjust_hsv/cmake/adjust_hsvConfig.cmake
[3.337s] -- Installing: /home/jason/gxs/GXS_2024_VisionCode/install/adjust_hsv/share/adjust_hsv/cmake/adjust_hsvConfig-version.cmake
[3.337s] -- Installing: /home/jason/gxs/GXS_2024_VisionCode/install/adjust_hsv/share/adjust_hsv/package.xml
[3.338s] Invoked command in '/home/jason/gxs/GXS_2024_VisionCode/build/adjust_hsv' returned '0': CMAKE_PREFIX_PATH=${CMAKE_PREFIX_PATH}:/opt/ros/humble /usr/bin/cmake --install /home/jason/gxs/GXS_2024_VisionCode/build/adjust_hsv
