[0.196s] DEBUG:colcon:Command line arguments: ['/usr/bin/colcon', 'build']
[0.196s] DEBUG:colcon:Parsed command line arguments: Namespace(log_base=None, log_level=None, verb_name='build', build_base='build', install_base='install', merge_install=False, symlink_install=False, test_result_base=None, continue_on_error=False, executor='parallel', parallel_workers=8, event_handlers=None, ignore_user_meta=False, metas=['./colcon.meta'], base_paths=['.'], packages_ignore=None, packages_ignore_regex=None, paths=None, packages_up_to=None, packages_up_to_regex=None, packages_above=None, packages_above_and_dependencies=None, packages_above_depth=None, packages_select_by_dep=None, packages_skip_by_dep=None, packages_skip_up_to=None, packages_select_build_failed=False, packages_skip_build_finished=False, packages_select_test_failures=False, packages_skip_test_passed=False, packages_select=None, packages_skip=None, packages_select_regex=None, packages_skip_regex=None, packages_start=None, packages_end=None, allow_overriding=[], cmake_args=None, cmake_target=None, cmake_target_skip_unavailable=False, cmake_clean_cache=False, cmake_clean_first=False, cmake_force_configure=False, ament_cmake_args=None, catkin_cmake_args=None, catkin_skip_building_tests=False, verb_parser=<colcon_defaults.argument_parser.defaults.DefaultArgumentsDecorator object at 0x7fec1db43100>, verb_extension=<colcon_core.verb.build.BuildVerb object at 0x7fec1db42cb0>, main=<bound method BuildVerb.main of <colcon_core.verb.build.BuildVerb object at 0x7fec1db42cb0>>)
[0.326s] Level 1:colcon.colcon_core.package_discovery:discover_packages(colcon_meta) check parameters
[0.326s] Level 1:colcon.colcon_core.package_discovery:discover_packages(recursive) check parameters
[0.326s] Level 1:colcon.colcon_core.package_discovery:discover_packages(ignore) check parameters
[0.326s] Level 1:colcon.colcon_core.package_discovery:discover_packages(path) check parameters
[0.326s] Level 1:colcon.colcon_core.package_discovery:discover_packages(colcon_meta) discover
[0.326s] Level 1:colcon.colcon_core.package_discovery:discover_packages(recursive) discover
[0.326s] INFO:colcon.colcon_core.package_discovery:Crawling recursively for packages in '/home/minehill/GXS_VisionData/src'
[0.326s] Level 1:colcon.colcon_core.package_identification:_identify(.) by extensions ['ignore', 'ignore_ament_install']
[0.327s] Level 1:colcon.colcon_core.package_identification:_identify(.) by extension 'ignore'
[0.327s] Level 1:colcon.colcon_core.package_identification:_identify(.) by extension 'ignore_ament_install'
[0.327s] Level 1:colcon.colcon_core.package_identification:_identify(.) by extensions ['colcon_pkg']
[0.327s] Level 1:colcon.colcon_core.package_identification:_identify(.) by extension 'colcon_pkg'
[0.327s] Level 1:colcon.colcon_core.package_identification:_identify(.) by extensions ['colcon_meta']
[0.327s] Level 1:colcon.colcon_core.package_identification:_identify(.) by extension 'colcon_meta'
[0.327s] Level 1:colcon.colcon_core.package_identification:_identify(.) by extensions ['ros']
[0.327s] Level 1:colcon.colcon_core.package_identification:_identify(.) by extension 'ros'
[0.337s] Level 1:colcon.colcon_core.package_identification:_identify(.) by extensions ['cmake', 'python']
[0.337s] Level 1:colcon.colcon_core.package_identification:_identify(.) by extension 'cmake'
[0.337s] Level 1:colcon.colcon_core.package_identification:_identify(.) by extension 'python'
[0.337s] Level 1:colcon.colcon_core.package_identification:_identify(.) by extensions ['python_setup_py']
[0.337s] Level 1:colcon.colcon_core.package_identification:_identify(.) by extension 'python_setup_py'
[0.337s] Level 1:colcon.colcon_core.package_identification:_identify(adjust) by extensions ['ignore', 'ignore_ament_install']
[0.338s] Level 1:colcon.colcon_core.package_identification:_identify(adjust) by extension 'ignore'
[0.338s] Level 1:colcon.colcon_core.package_identification:_identify(adjust) by extension 'ignore_ament_install'
[0.338s] Level 1:colcon.colcon_core.package_identification:_identify(adjust) by extensions ['colcon_pkg']
[0.338s] Level 1:colcon.colcon_core.package_identification:_identify(adjust) by extension 'colcon_pkg'
[0.338s] Level 1:colcon.colcon_core.package_identification:_identify(adjust) by extensions ['colcon_meta']
[0.338s] Level 1:colcon.colcon_core.package_identification:_identify(adjust) by extension 'colcon_meta'
[0.338s] Level 1:colcon.colcon_core.package_identification:_identify(adjust) by extensions ['ros']
[0.338s] Level 1:colcon.colcon_core.package_identification:_identify(adjust) by extension 'ros'
[0.340s] DEBUG:colcon.colcon_core.package_identification:Package 'adjust' with type 'ros.ament_cmake' and name 'adjust_hsv'
[0.341s] Level 1:colcon.colcon_core.package_identification:_identify(block_detector) by extensions ['ignore', 'ignore_ament_install']
[0.341s] Level 1:colcon.colcon_core.package_identification:_identify(block_detector) by extension 'ignore'
[0.341s] Level 1:colcon.colcon_core.package_identification:_identify(block_detector) by extension 'ignore_ament_install'
[0.341s] Level 1:colcon.colcon_core.package_identification:_identify(block_detector) by extensions ['colcon_pkg']
[0.341s] Level 1:colcon.colcon_core.package_identification:_identify(block_detector) by extension 'colcon_pkg'
[0.341s] Level 1:colcon.colcon_core.package_identification:_identify(block_detector) by extensions ['colcon_meta']
[0.341s] Level 1:colcon.colcon_core.package_identification:_identify(block_detector) by extension 'colcon_meta'
[0.341s] Level 1:colcon.colcon_core.package_identification:_identify(block_detector) by extensions ['ros']
[0.341s] Level 1:colcon.colcon_core.package_identification:_identify(block_detector) by extension 'ros'
[0.341s] Level 1:colcon.colcon_core.package_identification:_identify(block_detector) by extensions ['cmake', 'python']
[0.341s] Level 1:colcon.colcon_core.package_identification:_identify(block_detector) by extension 'cmake'
[0.341s] Level 1:colcon.colcon_core.package_identification:_identify(block_detector) by extension 'python'
[0.341s] Level 1:colcon.colcon_core.package_identification:_identify(block_detector) by extensions ['python_setup_py']
[0.341s] Level 1:colcon.colcon_core.package_identification:_identify(block_detector) by extension 'python_setup_py'
[0.342s] Level 1:colcon.colcon_core.package_identification:_identify(build) by extensions ['ignore', 'ignore_ament_install']
[0.342s] Level 1:colcon.colcon_core.package_identification:_identify(build) by extension 'ignore'
[0.342s] Level 1:colcon.colcon_core.package_identification:_identify(build) ignored
[0.342s] Level 1:colcon.colcon_core.package_identification:_identify(install) by extensions ['ignore', 'ignore_ament_install']
[0.342s] Level 1:colcon.colcon_core.package_identification:_identify(install) by extension 'ignore'
[0.342s] Level 1:colcon.colcon_core.package_identification:_identify(install) ignored
[0.342s] Level 1:colcon.colcon_core.package_identification:_identify(log) by extensions ['ignore', 'ignore_ament_install']
[0.342s] Level 1:colcon.colcon_core.package_identification:_identify(log) by extension 'ignore'
[0.342s] Level 1:colcon.colcon_core.package_identification:_identify(log) ignored
[0.342s] Level 1:colcon.colcon_core.package_discovery:discover_packages(recursive) using defaults
[0.342s] Level 1:colcon.colcon_core.package_discovery:discover_packages(ignore) discover
[0.342s] Level 1:colcon.colcon_core.package_discovery:discover_packages(ignore) using defaults
[0.342s] Level 1:colcon.colcon_core.package_discovery:discover_packages(path) discover
[0.342s] Level 1:colcon.colcon_core.package_discovery:discover_packages(path) using defaults
[0.363s] Level 1:colcon.colcon_core.package_discovery:discover_packages(prefix_path) check parameters
[0.363s] Level 1:colcon.colcon_core.package_discovery:discover_packages(prefix_path) discover
[0.363s] WARNING:colcon.colcon_ros.prefix_path.ament:The path '/home/minehill/RCS_VisionTrain/src/install/vedio' in the environment variable AMENT_PREFIX_PATH doesn't exist
[0.364s] WARNING:colcon.colcon_ros.prefix_path.catkin:The path '/home/minehill/RCS_VisionTrain/src/install/vedio' in the environment variable CMAKE_PREFIX_PATH doesn't exist
[0.364s] DEBUG:colcon.colcon_installed_package_information.package_discovery:Found 2 installed packages in /home/minehill/GXS_VisionData/src/install
[0.365s] DEBUG:colcon.colcon_installed_package_information.package_discovery:Found 1 installed packages in /home/minehill/RCS_VisionTrain/src/install
[0.366s] DEBUG:colcon.colcon_installed_package_information.package_discovery:Found 270 installed packages in /opt/ros/humble
[0.367s] Level 1:colcon.colcon_core.package_discovery:discover_packages(prefix_path) using defaults
[0.421s] Level 5:colcon.colcon_core.verb:set package 'adjust_hsv' build argument 'cmake_args' from command line to 'None'
[0.421s] Level 5:colcon.colcon_core.verb:set package 'adjust_hsv' build argument 'cmake_target' from command line to 'None'
[0.421s] Level 5:colcon.colcon_core.verb:set package 'adjust_hsv' build argument 'cmake_target_skip_unavailable' from command line to 'False'
[0.421s] Level 5:colcon.colcon_core.verb:set package 'adjust_hsv' build argument 'cmake_clean_cache' from command line to 'False'
[0.421s] Level 5:colcon.colcon_core.verb:set package 'adjust_hsv' build argument 'cmake_clean_first' from command line to 'False'
[0.421s] Level 5:colcon.colcon_core.verb:set package 'adjust_hsv' build argument 'cmake_force_configure' from command line to 'False'
[0.421s] Level 5:colcon.colcon_core.verb:set package 'adjust_hsv' build argument 'ament_cmake_args' from command line to 'None'
[0.421s] Level 5:colcon.colcon_core.verb:set package 'adjust_hsv' build argument 'catkin_cmake_args' from command line to 'None'
[0.421s] Level 5:colcon.colcon_core.verb:set package 'adjust_hsv' build argument 'catkin_skip_building_tests' from command line to 'False'
[0.421s] DEBUG:colcon.colcon_core.verb:Building package 'adjust_hsv' with the following arguments: {'ament_cmake_args': None, 'build_base': '/home/minehill/GXS_VisionData/src/build/adjust_hsv', 'catkin_cmake_args': None, 'catkin_skip_building_tests': False, 'cmake_args': None, 'cmake_clean_cache': False, 'cmake_clean_first': False, 'cmake_force_configure': False, 'cmake_target': None, 'cmake_target_skip_unavailable': False, 'install_base': '/home/minehill/GXS_VisionData/src/install/adjust_hsv', 'merge_install': False, 'path': '/home/minehill/GXS_VisionData/src/adjust', 'symlink_install': False, 'test_result_base': None}
[0.421s] INFO:colcon.colcon_core.executor:Executing jobs using 'parallel' executor
[0.422s] DEBUG:colcon.colcon_parallel_executor.executor.parallel:run_until_complete
[0.423s] INFO:colcon.colcon_ros.task.ament_cmake.build:Building ROS package in '/home/minehill/GXS_VisionData/src/adjust' with build type 'ament_cmake'
[0.423s] INFO:colcon.colcon_cmake.task.cmake.build:Building CMake package in '/home/minehill/GXS_VisionData/src/adjust'
[0.426s] INFO:colcon.colcon_core.plugin_system:Skipping extension 'colcon_core.shell.bat': Not used on non-Windows systems
[0.426s] INFO:colcon.colcon_core.shell:Skip shell extension 'powershell' for command environment: Not usable outside of PowerShell
[0.426s] DEBUG:colcon.colcon_core.shell:Skip shell extension 'dsv' for command environment
[0.441s] DEBUG:colcon.colcon_core.event_handler.log_command:Invoking command in '/home/minehill/GXS_VisionData/src/build/adjust_hsv': CMAKE_PREFIX_PATH=${CMAKE_PREFIX_PATH}:/opt/ros/humble /usr/bin/cmake --build /home/minehill/GXS_VisionData/src/build/adjust_hsv -- -j8 -l8
[2.813s] DEBUG:colcon.colcon_core.event_handler.log_command:Invoked command in '/home/minehill/GXS_VisionData/src/build/adjust_hsv' returned '0': CMAKE_PREFIX_PATH=${CMAKE_PREFIX_PATH}:/opt/ros/humble /usr/bin/cmake --build /home/minehill/GXS_VisionData/src/build/adjust_hsv -- -j8 -l8
[2.838s] DEBUG:colcon.colcon_core.event_handler.log_command:Invoking command in '/home/minehill/GXS_VisionData/src/build/adjust_hsv': CMAKE_PREFIX_PATH=${CMAKE_PREFIX_PATH}:/opt/ros/humble /usr/bin/cmake --install /home/minehill/GXS_VisionData/src/build/adjust_hsv
[2.847s] Level 1:colcon.colcon_core.environment:create_environment_scripts_only(adjust_hsv)
[2.847s] DEBUG:colcon.colcon_core.event_handler.log_command:Invoked command in '/home/minehill/GXS_VisionData/src/build/adjust_hsv' returned '0': CMAKE_PREFIX_PATH=${CMAKE_PREFIX_PATH}:/opt/ros/humble /usr/bin/cmake --install /home/minehill/GXS_VisionData/src/build/adjust_hsv
[2.851s] Level 1:colcon.colcon_core.environment:checking '/home/minehill/GXS_VisionData/src/install/adjust_hsv' for CMake module files
[2.851s] Level 1:colcon.colcon_core.environment:checking '/home/minehill/GXS_VisionData/src/install/adjust_hsv' for CMake config files
[2.852s] Level 1:colcon.colcon_core.shell:create_environment_hook('adjust_hsv', 'cmake_prefix_path')
[2.852s] INFO:colcon.colcon_core.shell:Creating environment hook '/home/minehill/GXS_VisionData/src/install/adjust_hsv/share/adjust_hsv/hook/cmake_prefix_path.ps1'
[2.852s] INFO:colcon.colcon_core.shell:Creating environment descriptor '/home/minehill/GXS_VisionData/src/install/adjust_hsv/share/adjust_hsv/hook/cmake_prefix_path.dsv'
[2.853s] INFO:colcon.colcon_core.shell:Creating environment hook '/home/minehill/GXS_VisionData/src/install/adjust_hsv/share/adjust_hsv/hook/cmake_prefix_path.sh'
[2.854s] Level 1:colcon.colcon_core.environment:checking '/home/minehill/GXS_VisionData/src/install/adjust_hsv/lib'
[2.854s] Level 1:colcon.colcon_core.environment:checking '/home/minehill/GXS_VisionData/src/install/adjust_hsv/bin'
[2.854s] Level 1:colcon.colcon_core.environment:checking '/home/minehill/GXS_VisionData/src/install/adjust_hsv/lib/pkgconfig/adjust_hsv.pc'
[2.854s] Level 1:colcon.colcon_core.environment:checking '/home/minehill/GXS_VisionData/src/install/adjust_hsv/lib/python3.10/site-packages'
[2.854s] Level 1:colcon.colcon_core.environment:checking '/home/minehill/GXS_VisionData/src/install/adjust_hsv/bin'
[2.855s] INFO:colcon.colcon_core.shell:Creating package script '/home/minehill/GXS_VisionData/src/install/adjust_hsv/share/adjust_hsv/package.ps1'
[2.855s] INFO:colcon.colcon_core.shell:Creating package descriptor '/home/minehill/GXS_VisionData/src/install/adjust_hsv/share/adjust_hsv/package.dsv'
[2.856s] INFO:colcon.colcon_core.shell:Creating package script '/home/minehill/GXS_VisionData/src/install/adjust_hsv/share/adjust_hsv/package.sh'
[2.857s] INFO:colcon.colcon_core.shell:Creating package script '/home/minehill/GXS_VisionData/src/install/adjust_hsv/share/adjust_hsv/package.bash'
[2.857s] INFO:colcon.colcon_core.shell:Creating package script '/home/minehill/GXS_VisionData/src/install/adjust_hsv/share/adjust_hsv/package.zsh'
[2.858s] Level 1:colcon.colcon_core.environment:create_file_with_runtime_dependencies(/home/minehill/GXS_VisionData/src/install/adjust_hsv/share/colcon-core/packages/adjust_hsv)
[2.879s] Level 1:colcon.colcon_core.environment:create_environment_scripts_only(adjust_hsv)
[2.880s] Level 1:colcon.colcon_core.environment:checking '/home/minehill/GXS_VisionData/src/install/adjust_hsv' for CMake module files
[2.880s] Level 1:colcon.colcon_core.environment:checking '/home/minehill/GXS_VisionData/src/install/adjust_hsv' for CMake config files
[2.880s] Level 1:colcon.colcon_core.shell:create_environment_hook('adjust_hsv', 'cmake_prefix_path')
[2.881s] INFO:colcon.colcon_core.shell:Creating environment hook '/home/minehill/GXS_VisionData/src/install/adjust_hsv/share/adjust_hsv/hook/cmake_prefix_path.ps1'
[2.881s] INFO:colcon.colcon_core.shell:Creating environment descriptor '/home/minehill/GXS_VisionData/src/install/adjust_hsv/share/adjust_hsv/hook/cmake_prefix_path.dsv'
[2.882s] INFO:colcon.colcon_core.shell:Creating environment hook '/home/minehill/GXS_VisionData/src/install/adjust_hsv/share/adjust_hsv/hook/cmake_prefix_path.sh'
[2.883s] Level 1:colcon.colcon_core.environment:checking '/home/minehill/GXS_VisionData/src/install/adjust_hsv/lib'
[2.883s] Level 1:colcon.colcon_core.environment:checking '/home/minehill/GXS_VisionData/src/install/adjust_hsv/bin'
[2.883s] Level 1:colcon.colcon_core.environment:checking '/home/minehill/GXS_VisionData/src/install/adjust_hsv/lib/pkgconfig/adjust_hsv.pc'
[2.883s] Level 1:colcon.colcon_core.environment:checking '/home/minehill/GXS_VisionData/src/install/adjust_hsv/lib/python3.10/site-packages'
[2.883s] Level 1:colcon.colcon_core.environment:checking '/home/minehill/GXS_VisionData/src/install/adjust_hsv/bin'
[2.884s] INFO:colcon.colcon_core.shell:Creating package script '/home/minehill/GXS_VisionData/src/install/adjust_hsv/share/adjust_hsv/package.ps1'
[2.884s] INFO:colcon.colcon_core.shell:Creating package descriptor '/home/minehill/GXS_VisionData/src/install/adjust_hsv/share/adjust_hsv/package.dsv'
[2.885s] INFO:colcon.colcon_core.shell:Creating package script '/home/minehill/GXS_VisionData/src/install/adjust_hsv/share/adjust_hsv/package.sh'
[2.886s] INFO:colcon.colcon_core.shell:Creating package script '/home/minehill/GXS_VisionData/src/install/adjust_hsv/share/adjust_hsv/package.bash'
[2.886s] INFO:colcon.colcon_core.shell:Creating package script '/home/minehill/GXS_VisionData/src/install/adjust_hsv/share/adjust_hsv/package.zsh'
[2.887s] Level 1:colcon.colcon_core.environment:create_file_with_runtime_dependencies(/home/minehill/GXS_VisionData/src/install/adjust_hsv/share/colcon-core/packages/adjust_hsv)
[2.887s] DEBUG:colcon.colcon_parallel_executor.executor.parallel:closing loop
[2.887s] DEBUG:colcon.colcon_parallel_executor.executor.parallel:loop closed
[2.888s] DEBUG:colcon.colcon_parallel_executor.executor.parallel:run_until_complete finished with '0'
[2.888s] DEBUG:colcon.colcon_core.event_reactor:joining thread
[2.980s] INFO:colcon.colcon_core.plugin_system:Skipping extension 'colcon_notification.desktop_notification.notify_send': Could not find 'notify-send'
[2.980s] INFO:colcon.colcon_core.plugin_system:Skipping extension 'colcon_notification.desktop_notification.terminal_notifier': Not used on non-Darwin systems
[2.980s] INFO:colcon.colcon_core.plugin_system:Skipping extension 'colcon_notification.desktop_notification.win32': Not used on non-Windows systems
[2.980s] INFO:colcon.colcon_notification.desktop_notification:Sending desktop notification using 'notify2'
[2.981s] DEBUG:colcon.colcon_notification.desktop_notification.notify2:Failed to initialize notify2: org.freedesktop.DBus.Error.ServiceUnknown: The name org.freedesktop.Notifications was not provided by any .service files
[2.982s] DEBUG:colcon.colcon_core.event_reactor:joined thread
[2.982s] INFO:colcon.colcon_core.shell:Creating prefix script '/home/minehill/GXS_VisionData/src/install/local_setup.ps1'
[2.984s] INFO:colcon.colcon_core.shell:Creating prefix util module '/home/minehill/GXS_VisionData/src/install/_local_setup_util_ps1.py'
[2.985s] INFO:colcon.colcon_core.shell:Creating prefix chain script '/home/minehill/GXS_VisionData/src/install/setup.ps1'
[2.986s] INFO:colcon.colcon_core.shell:Creating prefix script '/home/minehill/GXS_VisionData/src/install/local_setup.sh'
[2.987s] INFO:colcon.colcon_core.shell:Creating prefix util module '/home/minehill/GXS_VisionData/src/install/_local_setup_util_sh.py'
[2.987s] INFO:colcon.colcon_core.shell:Creating prefix chain script '/home/minehill/GXS_VisionData/src/install/setup.sh'
[2.988s] INFO:colcon.colcon_core.shell:Creating prefix script '/home/minehill/GXS_VisionData/src/install/local_setup.bash'
[2.989s] INFO:colcon.colcon_core.shell:Creating prefix chain script '/home/minehill/GXS_VisionData/src/install/setup.bash'
[2.990s] INFO:colcon.colcon_core.shell:Creating prefix script '/home/minehill/GXS_VisionData/src/install/local_setup.zsh'
[2.991s] INFO:colcon.colcon_core.shell:Creating prefix chain script '/home/minehill/GXS_VisionData/src/install/setup.zsh'
