[0.011s] Invoking command in '/home/lccc/Desktop/GXS_2024_VisionCode/build/colorblock_detector': CMAKE_PREFIX_PATH=/home/lccc/Desktop/GXS_2024_VisionCode/install/qrmsg:/home/lccc/Desktop/GXS_2024_VisionCode/install/line_follow:/home/lccc/Desktop/GXS_2024_VisionCode/install/gxs_serial_driver:/home/lccc/Desktop/GXS_2024_VisionCode/install/colorblock_detector:/home/lccc/Desktop/GXS_2024_VisionCode/install/binary_detector:/home/lccc/Desktop/GXS_2024_VisionCode/install/camera_driver:/home/lccc/Desktop/GXS_2024_VisionCode/install/adjust_hsv:/opt/ros/humble LD_LIBRARY_PATH=/home/lccc/Desktop/GXS_2024_VisionCode/install/qrmsg/lib:/home/lccc/Desktop/GXS_2024_VisionCode/install/gxs_serial_driver/lib:/opt/ros/humble/opt/rviz_ogre_vendor/lib:/opt/ros/humble/lib/x86_64-linux-gnu:/opt/ros/humble/lib /usr/bin/cmake --build /home/lccc/Desktop/GXS_2024_VisionCode/build/colorblock_detector -- -j16 -l16
[0.056s] [ 50%] [32mBuilding CXX object CMakeFiles/colorblock.dir/src/colorblock_new.cpp.o[0m
[7.997s] [100%] [32m[1mLinking CXX executable colorblock[0m
[8.606s] [100%] Built target colorblock
[8.615s] Invoked command in '/home/lccc/Desktop/GXS_2024_VisionCode/build/colorblock_detector' returned '0': CMAKE_PREFIX_PATH=/home/lccc/Desktop/GXS_2024_VisionCode/install/qrmsg:/home/lccc/Desktop/GXS_2024_VisionCode/install/line_follow:/home/lccc/Desktop/GXS_2024_VisionCode/install/gxs_serial_driver:/home/lccc/Desktop/GXS_2024_VisionCode/install/colorblock_detector:/home/lccc/Desktop/GXS_2024_VisionCode/install/binary_detector:/home/lccc/Desktop/GXS_2024_VisionCode/install/camera_driver:/home/lccc/Desktop/GXS_2024_VisionCode/install/adjust_hsv:/opt/ros/humble LD_LIBRARY_PATH=/home/lccc/Desktop/GXS_2024_VisionCode/install/qrmsg/lib:/home/lccc/Desktop/GXS_2024_VisionCode/install/gxs_serial_driver/lib:/opt/ros/humble/opt/rviz_ogre_vendor/lib:/opt/ros/humble/lib/x86_64-linux-gnu:/opt/ros/humble/lib /usr/bin/cmake --build /home/lccc/Desktop/GXS_2024_VisionCode/build/colorblock_detector -- -j16 -l16
[8.635s] Invoking command in '/home/lccc/Desktop/GXS_2024_VisionCode/build/colorblock_detector': CMAKE_PREFIX_PATH=/home/lccc/Desktop/GXS_2024_VisionCode/install/qrmsg:/home/lccc/Desktop/GXS_2024_VisionCode/install/line_follow:/home/lccc/Desktop/GXS_2024_VisionCode/install/gxs_serial_driver:/home/lccc/Desktop/GXS_2024_VisionCode/install/colorblock_detector:/home/lccc/Desktop/GXS_2024_VisionCode/install/binary_detector:/home/lccc/Desktop/GXS_2024_VisionCode/install/camera_driver:/home/lccc/Desktop/GXS_2024_VisionCode/install/adjust_hsv:/opt/ros/humble LD_LIBRARY_PATH=/home/lccc/Desktop/GXS_2024_VisionCode/install/qrmsg/lib:/home/lccc/Desktop/GXS_2024_VisionCode/install/gxs_serial_driver/lib:/opt/ros/humble/opt/rviz_ogre_vendor/lib:/opt/ros/humble/lib/x86_64-linux-gnu:/opt/ros/humble/lib /usr/bin/cmake --install /home/lccc/Desktop/GXS_2024_VisionCode/build/colorblock_detector
[8.642s] -- Install configuration: ""
[8.642s] -- Up-to-date: /home/lccc/Desktop/GXS_2024_VisionCode/install/colorblock_detector/share/colorblock_detector/config
[8.642s] -- Installing: /home/lccc/Desktop/GXS_2024_VisionCode/install/colorblock_detector/share/colorblock_detector/config/colorblock.yaml
[8.642s] -- Up-to-date: /home/lccc/Desktop/GXS_2024_VisionCode/install/colorblock_detector/share/colorblock_detector/launch
[8.642s] -- Up-to-date: /home/lccc/Desktop/GXS_2024_VisionCode/install/colorblock_detector/share/colorblock_detector/launch/bringup.launch.py
[8.643s] -- Installing: /home/lccc/Desktop/GXS_2024_VisionCode/install/colorblock_detector/lib/colorblock_detector/colorblock
[8.646s] -- Set runtime path of "/home/lccc/Desktop/GXS_2024_VisionCode/install/colorblock_detector/lib/colorblock_detector/colorblock" to ""
[8.646s] -- Up-to-date: /home/lccc/Desktop/GXS_2024_VisionCode/install/colorblock_detector/share/ament_index/resource_index/package_run_dependencies/colorblock_detector
[8.646s] -- Up-to-date: /home/lccc/Desktop/GXS_2024_VisionCode/install/colorblock_detector/share/ament_index/resource_index/parent_prefix_path/colorblock_detector
[8.646s] -- Up-to-date: /home/lccc/Desktop/GXS_2024_VisionCode/install/colorblock_detector/share/colorblock_detector/environment/ament_prefix_path.sh
[8.646s] -- Up-to-date: /home/lccc/Desktop/GXS_2024_VisionCode/install/colorblock_detector/share/colorblock_detector/environment/ament_prefix_path.dsv
[8.647s] -- Up-to-date: /home/lccc/Desktop/GXS_2024_VisionCode/install/colorblock_detector/share/colorblock_detector/environment/path.sh
[8.647s] -- Up-to-date: /home/lccc/Desktop/GXS_2024_VisionCode/install/colorblock_detector/share/colorblock_detector/environment/path.dsv
[8.647s] -- Up-to-date: /home/lccc/Desktop/GXS_2024_VisionCode/install/colorblock_detector/share/colorblock_detector/local_setup.bash
[8.647s] -- Up-to-date: /home/lccc/Desktop/GXS_2024_VisionCode/install/colorblock_detector/share/colorblock_detector/local_setup.sh
[8.647s] -- Up-to-date: /home/lccc/Desktop/GXS_2024_VisionCode/install/colorblock_detector/share/colorblock_detector/local_setup.zsh
[8.647s] -- Up-to-date: /home/lccc/Desktop/GXS_2024_VisionCode/install/colorblock_detector/share/colorblock_detector/local_setup.dsv
[8.647s] -- Installing: /home/lccc/Desktop/GXS_2024_VisionCode/install/colorblock_detector/share/colorblock_detector/package.dsv
[8.647s] -- Up-to-date: /home/lccc/Desktop/GXS_2024_VisionCode/install/colorblock_detector/share/ament_index/resource_index/packages/colorblock_detector
[8.647s] -- Up-to-date: /home/lccc/Desktop/GXS_2024_VisionCode/install/colorblock_detector/share/colorblock_detector/cmake/colorblock_detectorConfig.cmake
[8.647s] -- Up-to-date: /home/lccc/Desktop/GXS_2024_VisionCode/install/colorblock_detector/share/colorblock_detector/cmake/colorblock_detectorConfig-version.cmake
[8.647s] -- Up-to-date: /home/lccc/Desktop/GXS_2024_VisionCode/install/colorblock_detector/share/colorblock_detector/package.xml
[8.648s] Invoked command in '/home/lccc/Desktop/GXS_2024_VisionCode/build/colorblock_detector' returned '0': CMAKE_PREFIX_PATH=/home/lccc/Desktop/GXS_2024_VisionCode/install/qrmsg:/home/lccc/Desktop/GXS_2024_VisionCode/install/line_follow:/home/lccc/Desktop/GXS_2024_VisionCode/install/gxs_serial_driver:/home/lccc/Desktop/GXS_2024_VisionCode/install/colorblock_detector:/home/lccc/Desktop/GXS_2024_VisionCode/install/binary_detector:/home/lccc/Desktop/GXS_2024_VisionCode/install/camera_driver:/home/lccc/Desktop/GXS_2024_VisionCode/install/adjust_hsv:/opt/ros/humble LD_LIBRARY_PATH=/home/lccc/Desktop/GXS_2024_VisionCode/install/qrmsg/lib:/home/lccc/Desktop/GXS_2024_VisionCode/install/gxs_serial_driver/lib:/opt/ros/humble/opt/rviz_ogre_vendor/lib:/opt/ros/humble/lib/x86_64-linux-gnu:/opt/ros/humble/lib /usr/bin/cmake --install /home/lccc/Desktop/GXS_2024_VisionCode/build/colorblock_detector
