[ 25%] [32mBuilding CXX object CMakeFiles/binary_detector.dir/src/binary.cpp.o[0m
In file included from [01m[K/opt/ros/humble/include/rclcpp/rclcpp/logging.hpp:24[m[K,
                 from [01m[K/opt/ros/humble/include/rclcpp/rclcpp/client.hpp:40[m[K,
                 from [01m[K/opt/ros/humble/include/rclcpp/rclcpp/callback_group.hpp:24[m[K,
                 from [01m[K/opt/ros/humble/include/rclcpp/rclcpp/any_executable.hpp:20[m[K,
                 from [01m[K/opt/ros/humble/include/rclcpp/rclcpp/memory_strategy.hpp:25[m[K,
                 from [01m[K/opt/ros/humble/include/rclcpp/rclcpp/memory_strategies.hpp:18[m[K,
                 from [01m[K/opt/ros/humble/include/rclcpp/rclcpp/executor_options.hpp:20[m[K,
                 from [01m[K/opt/ros/humble/include/rclcpp/rclcpp/executor.hpp:37[m[K,
                 from [01m[K/opt/ros/humble/include/rclcpp/rclcpp/executors/multi_threaded_executor.hpp:25[m[K,
                 from [01m[K/opt/ros/humble/include/rclcpp/rclcpp/executors.hpp:21[m[K,
                 from [01m[K/opt/ros/humble/include/rclcpp/rclcpp/rclcpp.hpp:155[m[K,
                 from [01m[K/home/jason/gxs/GXS_2024_VisionCode/src/binary_detector/include/binary_detector/binary.hpp:10[m[K,
                 from [01m[K/home/jason/gxs/GXS_2024_VisionCode/src/binary_detector/src/binary.cpp:1[m[K:
[01m[K/home/jason/gxs/GXS_2024_VisionCode/src/binary_detector/src/binary.cpp:[m[K In member function ‘[01m[Kvoid QrRequest::send_request(std_msgs::msg::Bool_<std::allocator<void> >::SharedPtr)[m[K’:
[01m[K/home/jason/gxs/GXS_2024_VisionCode/src/binary_detector/src/binary.cpp:163:37:[m[K [01;35m[Kwarning: [m[Kformat ‘[01m[K%d[m[K’ expects argument of type ‘[01m[Kint[m[K’, but argument 6 has type ‘[01m[Kqrmsg::msg::Qr_<std::allocator<void> >::_num_type[m[K’ {aka ‘[01m[Klong int[m[K’} [[01;35m[K]8;;https://gcc.gnu.org/onlinedocs/gcc/Warning-Options.html#index-Wformat=-Wformat=]8;;[m[K]
  163 |     RCLCPP_INFO(this->get_logger(), [01;35m[K"now_index: %d, now_num: %d"[m[K, now_index, [32m[Kmessage.num[m[K);
      |                                     [01;35m[K^~~~~~~~~~~~~~~~~~~~~~~~~~~~[m[K             [32m[K~~~~~~~~~~~[m[K
      |                                                                                      [32m[K|[m[K
      |                                                                                      [32m[Kqrmsg::msg::Qr_<std::allocator<void> >::_num_type {aka long int}[m[K
[01m[K/home/jason/gxs/GXS_2024_VisionCode/src/binary_detector/src/binary.cpp:163:63:[m[K [01;36m[Knote: [m[Kformat string is defined here
  163 |   RCLCPP_INFO(this->get_logger(), "now_index: %d, now_num: [01;36m[K%d[m[K", now_index, message.num);
      |                                                            [01;36m[K~^[m[K
      |                                                             [01;36m[K|[m[K
      |                                                             [01;36m[Kint[m[K
      |                                                            [32m[K%ld[m[K
[01m[K/home/jason/gxs/GXS_2024_VisionCode/src/binary_detector/src/binary.cpp:[m[K In member function ‘[01m[Kstd::string QrDetector::detect(const cv::Mat&)[m[K’:
[01m[K/home/jason/gxs/GXS_2024_VisionCode/src/binary_detector/src/binary.cpp:97:1:[m[K [01;35m[Kwarning: [m[Kcontrol reaches end of non-void function [[01;35m[K]8;;https://gcc.gnu.org/onlinedocs/gcc/Warning-Options.html#index-Wreturn-type-Wreturn-type]8;;[m[K]
   97 | [01;35m[K}[m[K
      | [01;35m[K^[m[K
[ 50%] [32m[1mLinking CXX static library libbinary_detector.a[0m
[ 50%] Built target binary_detector
[35m[1mConsolidate compiler generated dependencies of target binary[0m
[ 75%] [32mBuilding CXX object CMakeFiles/binary.dir/src/main.cpp.o[0m
[100%] [32m[1mLinking CXX executable binary[0m
[100%] Built target binary
-- Install configuration: ""
-- Installing: /home/jason/gxs/GXS_2024_VisionCode/install/binary_detector/lib/binary_detector/libbinary_detector.a
-- Up-to-date: /home/jason/gxs/GXS_2024_VisionCode/install/binary_detector/include/
-- Up-to-date: /home/jason/gxs/GXS_2024_VisionCode/install/binary_detector/include//binary_detector
-- Up-to-date: /home/jason/gxs/GXS_2024_VisionCode/install/binary_detector/include//binary_detector/binary.hpp
-- Installing: /home/jason/gxs/GXS_2024_VisionCode/install/binary_detector/lib/binary_detector/binary
-- Set runtime path of "/home/jason/gxs/GXS_2024_VisionCode/install/binary_detector/lib/binary_detector/binary" to ""
-- Up-to-date: /home/jason/gxs/GXS_2024_VisionCode/install/binary_detector/share/ament_index/resource_index/package_run_dependencies/binary_detector
-- Up-to-date: /home/jason/gxs/GXS_2024_VisionCode/install/binary_detector/share/ament_index/resource_index/parent_prefix_path/binary_detector
-- Up-to-date: /home/jason/gxs/GXS_2024_VisionCode/install/binary_detector/share/binary_detector/environment/ament_prefix_path.sh
-- Up-to-date: /home/jason/gxs/GXS_2024_VisionCode/install/binary_detector/share/binary_detector/environment/ament_prefix_path.dsv
-- Up-to-date: /home/jason/gxs/GXS_2024_VisionCode/install/binary_detector/share/binary_detector/environment/path.sh
-- Up-to-date: /home/jason/gxs/GXS_2024_VisionCode/install/binary_detector/share/binary_detector/environment/path.dsv
-- Up-to-date: /home/jason/gxs/GXS_2024_VisionCode/install/binary_detector/share/binary_detector/local_setup.bash
-- Up-to-date: /home/jason/gxs/GXS_2024_VisionCode/install/binary_detector/share/binary_detector/local_setup.sh
-- Up-to-date: /home/jason/gxs/GXS_2024_VisionCode/install/binary_detector/share/binary_detector/local_setup.zsh
-- Up-to-date: /home/jason/gxs/GXS_2024_VisionCode/install/binary_detector/share/binary_detector/local_setup.dsv
-- Installing: /home/jason/gxs/GXS_2024_VisionCode/install/binary_detector/share/binary_detector/package.dsv
-- Up-to-date: /home/jason/gxs/GXS_2024_VisionCode/install/binary_detector/share/ament_index/resource_index/packages/binary_detector
-- Up-to-date: /home/jason/gxs/GXS_2024_VisionCode/install/binary_detector/share/binary_detector/cmake/binary_detectorConfig.cmake
-- Up-to-date: /home/jason/gxs/GXS_2024_VisionCode/install/binary_detector/share/binary_detector/cmake/binary_detectorConfig-version.cmake
-- Up-to-date: /home/jason/gxs/GXS_2024_VisionCode/install/binary_detector/share/binary_detector/package.xml
