[0.011s] Invoking command in '/home/lccc/Desktop/GXS_2024_VisionCode/build/adjust_hsv': CMAKE_PREFIX_PATH=/opt/ros/humble /usr/bin/cmake --build /home/lccc/Desktop/GXS_2024_VisionCode/build/adjust_hsv -- -j16 -l16
[0.093s] [35m[1mConsolidate compiler generated dependencies of target adjust[0m
[0.125s] [100%] Built target adjust
[0.137s] Invoked command in '/home/lccc/Desktop/GXS_2024_VisionCode/build/adjust_hsv' returned '0': CMAKE_PREFIX_PATH=/opt/ros/humble /usr/bin/cmake --build /home/lccc/Desktop/GXS_2024_VisionCode/build/adjust_hsv -- -j16 -l16
[0.165s] Invoking command in '/home/lccc/Desktop/GXS_2024_VisionCode/build/adjust_hsv': CMAKE_PREFIX_PATH=/opt/ros/humble /usr/bin/cmake --install /home/lccc/Desktop/GXS_2024_VisionCode/build/adjust_hsv
[0.174s] -- Install configuration: ""
[0.175s] -- Up-to-date: /home/lccc/Desktop/GXS_2024_VisionCode/install/adjust_hsv/lib/adjust_hsv/adjust
[0.176s] -- Up-to-date: /home/lccc/Desktop/GXS_2024_VisionCode/install/adjust_hsv/share/ament_index/resource_index/package_run_dependencies/adjust_hsv
[0.176s] -- Up-to-date: /home/lccc/Desktop/GXS_2024_VisionCode/install/adjust_hsv/share/ament_index/resource_index/parent_prefix_path/adjust_hsv
[0.176s] -- Up-to-date: /home/lccc/Desktop/GXS_2024_VisionCode/install/adjust_hsv/share/adjust_hsv/environment/ament_prefix_path.sh
[0.176s] -- Up-to-date: /home/lccc/Desktop/GXS_2024_VisionCode/install/adjust_hsv/share/adjust_hsv/environment/ament_prefix_path.dsv
[0.176s] -- Up-to-date: /home/lccc/Desktop/GXS_2024_VisionCode/install/adjust_hsv/share/adjust_hsv/environment/path.sh
[0.177s] -- Up-to-date: /home/lccc/Desktop/GXS_2024_VisionCode/install/adjust_hsv/share/adjust_hsv/environment/path.dsv
[0.177s] -- Up-to-date: /home/lccc/Desktop/GXS_2024_VisionCode/install/adjust_hsv/share/adjust_hsv/local_setup.bash
[0.177s] -- Up-to-date: /home/lccc/Desktop/GXS_2024_VisionCode/install/adjust_hsv/share/adjust_hsv/local_setup.sh
[0.177s] -- Up-to-date: /home/lccc/Desktop/GXS_2024_VisionCode/install/adjust_hsv/share/adjust_hsv/local_setup.zsh
[0.177s] -- Up-to-date: /home/lccc/Desktop/GXS_2024_VisionCode/install/adjust_hsv/share/adjust_hsv/local_setup.dsv
[0.177s] -- Installing: /home/lccc/Desktop/GXS_2024_VisionCode/install/adjust_hsv/share/adjust_hsv/package.dsv
[0.177s] -- Up-to-date: /home/lccc/Desktop/GXS_2024_VisionCode/install/adjust_hsv/share/ament_index/resource_index/packages/adjust_hsv
[0.177s] -- Up-to-date: /home/lccc/Desktop/GXS_2024_VisionCode/install/adjust_hsv/share/adjust_hsv/cmake/adjust_hsvConfig.cmake
[0.177s] -- Up-to-date: /home/lccc/Desktop/GXS_2024_VisionCode/install/adjust_hsv/share/adjust_hsv/cmake/adjust_hsvConfig-version.cmake
[0.177s] -- Up-to-date: /home/lccc/Desktop/GXS_2024_VisionCode/install/adjust_hsv/share/adjust_hsv/package.xml
[0.179s] Invoked command in '/home/lccc/Desktop/GXS_2024_VisionCode/build/adjust_hsv' returned '0': CMAKE_PREFIX_PATH=/opt/ros/humble /usr/bin/cmake --install /home/lccc/Desktop/GXS_2024_VisionCode/build/adjust_hsv
