[0.161s] DEBUG:colcon:Command line arguments: ['/usr/bin/colcon', 'build']
[0.161s] DEBUG:colcon:Parsed command line arguments: Namespace(log_base=None, log_level=None, verb_name='build', build_base='build', install_base='install', merge_install=False, symlink_install=False, test_result_base=None, continue_on_error=False, executor='parallel', parallel_workers=16, event_handlers=None, ignore_user_meta=False, metas=['./colcon.meta'], base_paths=['.'], packages_ignore=None, packages_ignore_regex=None, paths=None, packages_up_to=None, packages_up_to_regex=None, packages_above=None, packages_above_and_dependencies=None, packages_above_depth=None, packages_select_by_dep=None, packages_skip_by_dep=None, packages_skip_up_to=None, packages_select_build_failed=False, packages_skip_build_finished=False, packages_select_test_failures=False, packages_skip_test_passed=False, packages_select=None, packages_skip=None, packages_select_regex=None, packages_skip_regex=None, packages_start=None, packages_end=None, allow_overriding=[], cmake_args=None, cmake_target=None, cmake_target_skip_unavailable=False, cmake_clean_cache=False, cmake_clean_first=False, cmake_force_configure=False, ament_cmake_args=None, catkin_cmake_args=None, catkin_skip_building_tests=False, verb_parser=<colcon_defaults.argument_parser.defaults.DefaultArgumentsDecorator object at 0x7a430a431420>, verb_extension=<colcon_core.verb.build.BuildVerb object at 0x7a430a430e20>, main=<bound method BuildVerb.main of <colcon_core.verb.build.BuildVerb object at 0x7a430a430e20>>)
[0.375s] Level 1:colcon.colcon_core.package_discovery:discover_packages(colcon_meta) check parameters
[0.376s] Level 1:colcon.colcon_core.package_discovery:discover_packages(recursive) check parameters
[0.376s] Level 1:colcon.colcon_core.package_discovery:discover_packages(ignore) check parameters
[0.376s] Level 1:colcon.colcon_core.package_discovery:discover_packages(path) check parameters
[0.376s] Level 1:colcon.colcon_core.package_discovery:discover_packages(colcon_meta) discover
[0.376s] Level 1:colcon.colcon_core.package_discovery:discover_packages(recursive) discover
[0.376s] INFO:colcon.colcon_core.package_discovery:Crawling recursively for packages in '/home/jason/gxs/GXS_2024_VisionCode'
[0.376s] Level 1:colcon.colcon_core.package_identification:_identify(.) by extensions ['ignore', 'ignore_ament_install']
[0.376s] Level 1:colcon.colcon_core.package_identification:_identify(.) by extension 'ignore'
[0.376s] Level 1:colcon.colcon_core.package_identification:_identify(.) by extension 'ignore_ament_install'
[0.376s] Level 1:colcon.colcon_core.package_identification:_identify(.) by extensions ['colcon_pkg']
[0.376s] Level 1:colcon.colcon_core.package_identification:_identify(.) by extension 'colcon_pkg'
[0.376s] Level 1:colcon.colcon_core.package_identification:_identify(.) by extensions ['colcon_meta']
[0.376s] Level 1:colcon.colcon_core.package_identification:_identify(.) by extension 'colcon_meta'
[0.376s] Level 1:colcon.colcon_core.package_identification:_identify(.) by extensions ['ros']
[0.376s] Level 1:colcon.colcon_core.package_identification:_identify(.) by extension 'ros'
[0.401s] Level 1:colcon.colcon_core.package_identification:_identify(.) by extensions ['cmake', 'python']
[0.401s] Level 1:colcon.colcon_core.package_identification:_identify(.) by extension 'cmake'
[0.401s] Level 1:colcon.colcon_core.package_identification:_identify(.) by extension 'python'
[0.401s] Level 1:colcon.colcon_core.package_identification:_identify(.) by extensions ['python_setup_py']
[0.401s] Level 1:colcon.colcon_core.package_identification:_identify(.) by extension 'python_setup_py'
[0.402s] Level 1:colcon.colcon_core.package_identification:_identify(build) by extensions ['ignore', 'ignore_ament_install']
[0.402s] Level 1:colcon.colcon_core.package_identification:_identify(build) by extension 'ignore'
[0.402s] Level 1:colcon.colcon_core.package_identification:_identify(build) ignored
[0.402s] Level 1:colcon.colcon_core.package_identification:_identify(install) by extensions ['ignore', 'ignore_ament_install']
[0.402s] Level 1:colcon.colcon_core.package_identification:_identify(install) by extension 'ignore'
[0.402s] Level 1:colcon.colcon_core.package_identification:_identify(install) ignored
[0.402s] Level 1:colcon.colcon_core.package_identification:_identify(log) by extensions ['ignore', 'ignore_ament_install']
[0.402s] Level 1:colcon.colcon_core.package_identification:_identify(log) by extension 'ignore'
[0.402s] Level 1:colcon.colcon_core.package_identification:_identify(log) ignored
[0.402s] Level 1:colcon.colcon_core.package_identification:_identify(src) by extensions ['ignore', 'ignore_ament_install']
[0.402s] Level 1:colcon.colcon_core.package_identification:_identify(src) by extension 'ignore'
[0.402s] Level 1:colcon.colcon_core.package_identification:_identify(src) by extension 'ignore_ament_install'
[0.402s] Level 1:colcon.colcon_core.package_identification:_identify(src) by extensions ['colcon_pkg']
[0.402s] Level 1:colcon.colcon_core.package_identification:_identify(src) by extension 'colcon_pkg'
[0.402s] Level 1:colcon.colcon_core.package_identification:_identify(src) by extensions ['colcon_meta']
[0.402s] Level 1:colcon.colcon_core.package_identification:_identify(src) by extension 'colcon_meta'
[0.402s] Level 1:colcon.colcon_core.package_identification:_identify(src) by extensions ['ros']
[0.402s] Level 1:colcon.colcon_core.package_identification:_identify(src) by extension 'ros'
[0.402s] Level 1:colcon.colcon_core.package_identification:_identify(src) by extensions ['cmake', 'python']
[0.402s] Level 1:colcon.colcon_core.package_identification:_identify(src) by extension 'cmake'
[0.402s] Level 1:colcon.colcon_core.package_identification:_identify(src) by extension 'python'
[0.402s] Level 1:colcon.colcon_core.package_identification:_identify(src) by extensions ['python_setup_py']
[0.402s] Level 1:colcon.colcon_core.package_identification:_identify(src) by extension 'python_setup_py'
[0.403s] Level 1:colcon.colcon_core.package_identification:_identify(src/adjust) by extensions ['ignore', 'ignore_ament_install']
[0.403s] Level 1:colcon.colcon_core.package_identification:_identify(src/adjust) by extension 'ignore'
[0.403s] Level 1:colcon.colcon_core.package_identification:_identify(src/adjust) by extension 'ignore_ament_install'
[0.403s] Level 1:colcon.colcon_core.package_identification:_identify(src/adjust) by extensions ['colcon_pkg']
[0.403s] Level 1:colcon.colcon_core.package_identification:_identify(src/adjust) by extension 'colcon_pkg'
[0.403s] Level 1:colcon.colcon_core.package_identification:_identify(src/adjust) by extensions ['colcon_meta']
[0.403s] Level 1:colcon.colcon_core.package_identification:_identify(src/adjust) by extension 'colcon_meta'
[0.403s] Level 1:colcon.colcon_core.package_identification:_identify(src/adjust) by extensions ['ros']
[0.403s] Level 1:colcon.colcon_core.package_identification:_identify(src/adjust) by extension 'ros'
[0.408s] DEBUG:colcon.colcon_core.package_identification:Package 'src/adjust' with type 'ros.ament_cmake' and name 'adjust_hsv'
[0.408s] Level 1:colcon.colcon_core.package_identification:_identify(src/binary_detector) by extensions ['ignore', 'ignore_ament_install']
[0.408s] Level 1:colcon.colcon_core.package_identification:_identify(src/binary_detector) by extension 'ignore'
[0.408s] Level 1:colcon.colcon_core.package_identification:_identify(src/binary_detector) by extension 'ignore_ament_install'
[0.408s] Level 1:colcon.colcon_core.package_identification:_identify(src/binary_detector) by extensions ['colcon_pkg']
[0.408s] Level 1:colcon.colcon_core.package_identification:_identify(src/binary_detector) by extension 'colcon_pkg'
[0.408s] Level 1:colcon.colcon_core.package_identification:_identify(src/binary_detector) by extensions ['colcon_meta']
[0.408s] Level 1:colcon.colcon_core.package_identification:_identify(src/binary_detector) by extension 'colcon_meta'
[0.408s] Level 1:colcon.colcon_core.package_identification:_identify(src/binary_detector) by extensions ['ros']
[0.408s] Level 1:colcon.colcon_core.package_identification:_identify(src/binary_detector) by extension 'ros'
[0.409s] DEBUG:colcon.colcon_core.package_identification:Package 'src/binary_detector' with type 'ros.ament_cmake' and name 'binary_detector'
[0.409s] Level 1:colcon.colcon_core.package_identification:_identify(src/camera_driver) by extensions ['ignore', 'ignore_ament_install']
[0.409s] Level 1:colcon.colcon_core.package_identification:_identify(src/camera_driver) by extension 'ignore'
[0.409s] Level 1:colcon.colcon_core.package_identification:_identify(src/camera_driver) by extension 'ignore_ament_install'
[0.409s] Level 1:colcon.colcon_core.package_identification:_identify(src/camera_driver) by extensions ['colcon_pkg']
[0.409s] Level 1:colcon.colcon_core.package_identification:_identify(src/camera_driver) by extension 'colcon_pkg'
[0.409s] Level 1:colcon.colcon_core.package_identification:_identify(src/camera_driver) by extensions ['colcon_meta']
[0.409s] Level 1:colcon.colcon_core.package_identification:_identify(src/camera_driver) by extension 'colcon_meta'
[0.409s] Level 1:colcon.colcon_core.package_identification:_identify(src/camera_driver) by extensions ['ros']
[0.409s] Level 1:colcon.colcon_core.package_identification:_identify(src/camera_driver) by extension 'ros'
[0.410s] DEBUG:colcon.colcon_core.package_identification:Package 'src/camera_driver' with type 'ros.ament_cmake' and name 'camera_driver'
[0.410s] Level 1:colcon.colcon_core.package_identification:_identify(src/colorblock_detector) by extensions ['ignore', 'ignore_ament_install']
[0.410s] Level 1:colcon.colcon_core.package_identification:_identify(src/colorblock_detector) by extension 'ignore'
[0.410s] Level 1:colcon.colcon_core.package_identification:_identify(src/colorblock_detector) by extension 'ignore_ament_install'
[0.410s] Level 1:colcon.colcon_core.package_identification:_identify(src/colorblock_detector) by extensions ['colcon_pkg']
[0.410s] Level 1:colcon.colcon_core.package_identification:_identify(src/colorblock_detector) by extension 'colcon_pkg'
[0.410s] Level 1:colcon.colcon_core.package_identification:_identify(src/colorblock_detector) by extensions ['colcon_meta']
[0.410s] Level 1:colcon.colcon_core.package_identification:_identify(src/colorblock_detector) by extension 'colcon_meta'
[0.410s] Level 1:colcon.colcon_core.package_identification:_identify(src/colorblock_detector) by extensions ['ros']
[0.410s] Level 1:colcon.colcon_core.package_identification:_identify(src/colorblock_detector) by extension 'ros'
[0.410s] DEBUG:colcon.colcon_core.package_identification:Package 'src/colorblock_detector' with type 'ros.ament_cmake' and name 'colorblock_detector'
[0.411s] Level 1:colcon.colcon_core.package_identification:_identify(src/image_data) by extensions ['ignore', 'ignore_ament_install']
[0.411s] Level 1:colcon.colcon_core.package_identification:_identify(src/image_data) by extension 'ignore'
[0.411s] Level 1:colcon.colcon_core.package_identification:_identify(src/image_data) by extension 'ignore_ament_install'
[0.411s] Level 1:colcon.colcon_core.package_identification:_identify(src/image_data) by extensions ['colcon_pkg']
[0.411s] Level 1:colcon.colcon_core.package_identification:_identify(src/image_data) by extension 'colcon_pkg'
[0.411s] Level 1:colcon.colcon_core.package_identification:_identify(src/image_data) by extensions ['colcon_meta']
[0.411s] Level 1:colcon.colcon_core.package_identification:_identify(src/image_data) by extension 'colcon_meta'
[0.411s] Level 1:colcon.colcon_core.package_identification:_identify(src/image_data) by extensions ['ros']
[0.411s] Level 1:colcon.colcon_core.package_identification:_identify(src/image_data) by extension 'ros'
[0.411s] Level 1:colcon.colcon_core.package_identification:_identify(src/image_data) by extensions ['cmake', 'python']
[0.411s] Level 1:colcon.colcon_core.package_identification:_identify(src/image_data) by extension 'cmake'
[0.411s] Level 1:colcon.colcon_core.package_identification:_identify(src/image_data) by extension 'python'
[0.411s] Level 1:colcon.colcon_core.package_identification:_identify(src/image_data) by extensions ['python_setup_py']
[0.411s] Level 1:colcon.colcon_core.package_identification:_identify(src/image_data) by extension 'python_setup_py'
[0.411s] Level 1:colcon.colcon_core.package_identification:_identify(src/image_data/build) by extensions ['ignore', 'ignore_ament_install']
[0.411s] Level 1:colcon.colcon_core.package_identification:_identify(src/image_data/build) by extension 'ignore'
[0.411s] Level 1:colcon.colcon_core.package_identification:_identify(src/image_data/build) ignored
[0.411s] Level 1:colcon.colcon_core.package_identification:_identify(src/image_data/images) by extensions ['ignore', 'ignore_ament_install']
[0.411s] Level 1:colcon.colcon_core.package_identification:_identify(src/image_data/images) by extension 'ignore'
[0.411s] Level 1:colcon.colcon_core.package_identification:_identify(src/image_data/images) by extension 'ignore_ament_install'
[0.411s] Level 1:colcon.colcon_core.package_identification:_identify(src/image_data/images) by extensions ['colcon_pkg']
[0.411s] Level 1:colcon.colcon_core.package_identification:_identify(src/image_data/images) by extension 'colcon_pkg'
[0.411s] Level 1:colcon.colcon_core.package_identification:_identify(src/image_data/images) by extensions ['colcon_meta']
[0.411s] Level 1:colcon.colcon_core.package_identification:_identify(src/image_data/images) by extension 'colcon_meta'
[0.411s] Level 1:colcon.colcon_core.package_identification:_identify(src/image_data/images) by extensions ['ros']
[0.411s] Level 1:colcon.colcon_core.package_identification:_identify(src/image_data/images) by extension 'ros'
[0.411s] Level 1:colcon.colcon_core.package_identification:_identify(src/image_data/images) by extensions ['cmake', 'python']
[0.411s] Level 1:colcon.colcon_core.package_identification:_identify(src/image_data/images) by extension 'cmake'
[0.411s] Level 1:colcon.colcon_core.package_identification:_identify(src/image_data/images) by extension 'python'
[0.411s] Level 1:colcon.colcon_core.package_identification:_identify(src/image_data/images) by extensions ['python_setup_py']
[0.411s] Level 1:colcon.colcon_core.package_identification:_identify(src/image_data/images) by extension 'python_setup_py'
[0.411s] Level 1:colcon.colcon_core.package_identification:_identify(src/image_data/install) by extensions ['ignore', 'ignore_ament_install']
[0.411s] Level 1:colcon.colcon_core.package_identification:_identify(src/image_data/install) by extension 'ignore'
[0.411s] Level 1:colcon.colcon_core.package_identification:_identify(src/image_data/install) ignored
[0.412s] Level 1:colcon.colcon_core.package_identification:_identify(src/image_data/log) by extensions ['ignore', 'ignore_ament_install']
[0.412s] Level 1:colcon.colcon_core.package_identification:_identify(src/image_data/log) by extension 'ignore'
[0.412s] Level 1:colcon.colcon_core.package_identification:_identify(src/image_data/log) ignored
[0.412s] Level 1:colcon.colcon_core.package_identification:_identify(src/line_follow) by extensions ['ignore', 'ignore_ament_install']
[0.412s] Level 1:colcon.colcon_core.package_identification:_identify(src/line_follow) by extension 'ignore'
[0.412s] Level 1:colcon.colcon_core.package_identification:_identify(src/line_follow) by extension 'ignore_ament_install'
[0.412s] Level 1:colcon.colcon_core.package_identification:_identify(src/line_follow) by extensions ['colcon_pkg']
[0.412s] Level 1:colcon.colcon_core.package_identification:_identify(src/line_follow) by extension 'colcon_pkg'
[0.412s] Level 1:colcon.colcon_core.package_identification:_identify(src/line_follow) by extensions ['colcon_meta']
[0.412s] Level 1:colcon.colcon_core.package_identification:_identify(src/line_follow) by extension 'colcon_meta'
[0.412s] Level 1:colcon.colcon_core.package_identification:_identify(src/line_follow) by extensions ['ros']
[0.412s] Level 1:colcon.colcon_core.package_identification:_identify(src/line_follow) by extension 'ros'
[0.412s] DEBUG:colcon.colcon_core.package_identification:Package 'src/line_follow' with type 'ros.ament_python' and name 'line_follow'
[0.412s] Level 1:colcon.colcon_core.package_identification:_identify(src/qrmsg) by extensions ['ignore', 'ignore_ament_install']
[0.412s] Level 1:colcon.colcon_core.package_identification:_identify(src/qrmsg) by extension 'ignore'
[0.412s] Level 1:colcon.colcon_core.package_identification:_identify(src/qrmsg) by extension 'ignore_ament_install'
[0.412s] Level 1:colcon.colcon_core.package_identification:_identify(src/qrmsg) by extensions ['colcon_pkg']
[0.412s] Level 1:colcon.colcon_core.package_identification:_identify(src/qrmsg) by extension 'colcon_pkg'
[0.412s] Level 1:colcon.colcon_core.package_identification:_identify(src/qrmsg) by extensions ['colcon_meta']
[0.412s] Level 1:colcon.colcon_core.package_identification:_identify(src/qrmsg) by extension 'colcon_meta'
[0.412s] Level 1:colcon.colcon_core.package_identification:_identify(src/qrmsg) by extensions ['ros']
[0.412s] Level 1:colcon.colcon_core.package_identification:_identify(src/qrmsg) by extension 'ros'
[0.413s] DEBUG:colcon.colcon_core.package_identification:Package 'src/qrmsg' with type 'ros.ament_cmake' and name 'qrmsg'
[0.413s] Level 1:colcon.colcon_core.package_identification:_identify(src/rm_serial_driver) by extensions ['ignore', 'ignore_ament_install']
[0.413s] Level 1:colcon.colcon_core.package_identification:_identify(src/rm_serial_driver) by extension 'ignore'
[0.413s] Level 1:colcon.colcon_core.package_identification:_identify(src/rm_serial_driver) by extension 'ignore_ament_install'
[0.413s] Level 1:colcon.colcon_core.package_identification:_identify(src/rm_serial_driver) by extensions ['colcon_pkg']
[0.413s] Level 1:colcon.colcon_core.package_identification:_identify(src/rm_serial_driver) by extension 'colcon_pkg'
[0.413s] Level 1:colcon.colcon_core.package_identification:_identify(src/rm_serial_driver) by extensions ['colcon_meta']
[0.413s] Level 1:colcon.colcon_core.package_identification:_identify(src/rm_serial_driver) by extension 'colcon_meta'
[0.413s] Level 1:colcon.colcon_core.package_identification:_identify(src/rm_serial_driver) by extensions ['ros']
[0.413s] Level 1:colcon.colcon_core.package_identification:_identify(src/rm_serial_driver) by extension 'ros'
[0.414s] DEBUG:colcon.colcon_core.package_identification:Package 'src/rm_serial_driver' with type 'ros.ament_cmake' and name 'gxs_serial_driver'
[0.414s] Level 1:colcon.colcon_core.package_discovery:discover_packages(recursive) using defaults
[0.414s] Level 1:colcon.colcon_core.package_discovery:discover_packages(ignore) discover
[0.414s] Level 1:colcon.colcon_core.package_discovery:discover_packages(ignore) using defaults
[0.414s] Level 1:colcon.colcon_core.package_discovery:discover_packages(path) discover
[0.414s] Level 1:colcon.colcon_core.package_discovery:discover_packages(path) using defaults
[0.523s] Level 1:colcon.colcon_core.package_discovery:discover_packages(prefix_path) check parameters
[0.523s] Level 1:colcon.colcon_core.package_discovery:discover_packages(prefix_path) discover
[0.531s] DEBUG:colcon.colcon_installed_package_information.package_discovery:Found 7 installed packages in /home/jason/gxs/GXS_2024_VisionCode/install
[0.533s] DEBUG:colcon.colcon_installed_package_information.package_discovery:Found 425 installed packages in /opt/ros/humble
[0.535s] Level 1:colcon.colcon_core.package_discovery:discover_packages(prefix_path) using defaults
[0.606s] Level 5:colcon.colcon_core.verb:set package 'adjust_hsv' build argument 'cmake_args' from command line to 'None'
[0.606s] Level 5:colcon.colcon_core.verb:set package 'adjust_hsv' build argument 'cmake_target' from command line to 'None'
[0.606s] Level 5:colcon.colcon_core.verb:set package 'adjust_hsv' build argument 'cmake_target_skip_unavailable' from command line to 'False'
[0.606s] Level 5:colcon.colcon_core.verb:set package 'adjust_hsv' build argument 'cmake_clean_cache' from command line to 'False'
[0.606s] Level 5:colcon.colcon_core.verb:set package 'adjust_hsv' build argument 'cmake_clean_first' from command line to 'False'
[0.606s] Level 5:colcon.colcon_core.verb:set package 'adjust_hsv' build argument 'cmake_force_configure' from command line to 'False'
[0.606s] Level 5:colcon.colcon_core.verb:set package 'adjust_hsv' build argument 'ament_cmake_args' from command line to 'None'
[0.606s] Level 5:colcon.colcon_core.verb:set package 'adjust_hsv' build argument 'catkin_cmake_args' from command line to 'None'
[0.606s] Level 5:colcon.colcon_core.verb:set package 'adjust_hsv' build argument 'catkin_skip_building_tests' from command line to 'False'
[0.606s] DEBUG:colcon.colcon_core.verb:Building package 'adjust_hsv' with the following arguments: {'ament_cmake_args': None, 'build_base': '/home/jason/gxs/GXS_2024_VisionCode/build/adjust_hsv', 'catkin_cmake_args': None, 'catkin_skip_building_tests': False, 'cmake_args': None, 'cmake_clean_cache': False, 'cmake_clean_first': False, 'cmake_force_configure': False, 'cmake_target': None, 'cmake_target_skip_unavailable': False, 'install_base': '/home/jason/gxs/GXS_2024_VisionCode/install/adjust_hsv', 'merge_install': False, 'path': '/home/jason/gxs/GXS_2024_VisionCode/src/adjust', 'symlink_install': False, 'test_result_base': None}
[0.607s] Level 5:colcon.colcon_core.verb:set package 'camera_driver' build argument 'cmake_args' from command line to 'None'
[0.607s] Level 5:colcon.colcon_core.verb:set package 'camera_driver' build argument 'cmake_target' from command line to 'None'
[0.607s] Level 5:colcon.colcon_core.verb:set package 'camera_driver' build argument 'cmake_target_skip_unavailable' from command line to 'False'
[0.607s] Level 5:colcon.colcon_core.verb:set package 'camera_driver' build argument 'cmake_clean_cache' from command line to 'False'
[0.607s] Level 5:colcon.colcon_core.verb:set package 'camera_driver' build argument 'cmake_clean_first' from command line to 'False'
[0.607s] Level 5:colcon.colcon_core.verb:set package 'camera_driver' build argument 'cmake_force_configure' from command line to 'False'
[0.607s] Level 5:colcon.colcon_core.verb:set package 'camera_driver' build argument 'ament_cmake_args' from command line to 'None'
[0.607s] Level 5:colcon.colcon_core.verb:set package 'camera_driver' build argument 'catkin_cmake_args' from command line to 'None'
[0.607s] Level 5:colcon.colcon_core.verb:set package 'camera_driver' build argument 'catkin_skip_building_tests' from command line to 'False'
[0.607s] DEBUG:colcon.colcon_core.verb:Building package 'camera_driver' with the following arguments: {'ament_cmake_args': None, 'build_base': '/home/jason/gxs/GXS_2024_VisionCode/build/camera_driver', 'catkin_cmake_args': None, 'catkin_skip_building_tests': False, 'cmake_args': None, 'cmake_clean_cache': False, 'cmake_clean_first': False, 'cmake_force_configure': False, 'cmake_target': None, 'cmake_target_skip_unavailable': False, 'install_base': '/home/jason/gxs/GXS_2024_VisionCode/install/camera_driver', 'merge_install': False, 'path': '/home/jason/gxs/GXS_2024_VisionCode/src/camera_driver', 'symlink_install': False, 'test_result_base': None}
[0.607s] Level 5:colcon.colcon_core.verb:set package 'line_follow' build argument 'cmake_args' from command line to 'None'
[0.607s] Level 5:colcon.colcon_core.verb:set package 'line_follow' build argument 'cmake_target' from command line to 'None'
[0.607s] Level 5:colcon.colcon_core.verb:set package 'line_follow' build argument 'cmake_target_skip_unavailable' from command line to 'False'
[0.607s] Level 5:colcon.colcon_core.verb:set package 'line_follow' build argument 'cmake_clean_cache' from command line to 'False'
[0.607s] Level 5:colcon.colcon_core.verb:set package 'line_follow' build argument 'cmake_clean_first' from command line to 'False'
[0.607s] Level 5:colcon.colcon_core.verb:set package 'line_follow' build argument 'cmake_force_configure' from command line to 'False'
[0.607s] Level 5:colcon.colcon_core.verb:set package 'line_follow' build argument 'ament_cmake_args' from command line to 'None'
[0.607s] Level 5:colcon.colcon_core.verb:set package 'line_follow' build argument 'catkin_cmake_args' from command line to 'None'
[0.607s] Level 5:colcon.colcon_core.verb:set package 'line_follow' build argument 'catkin_skip_building_tests' from command line to 'False'
[0.607s] DEBUG:colcon.colcon_core.verb:Building package 'line_follow' with the following arguments: {'ament_cmake_args': None, 'build_base': '/home/jason/gxs/GXS_2024_VisionCode/build/line_follow', 'catkin_cmake_args': None, 'catkin_skip_building_tests': False, 'cmake_args': None, 'cmake_clean_cache': False, 'cmake_clean_first': False, 'cmake_force_configure': False, 'cmake_target': None, 'cmake_target_skip_unavailable': False, 'install_base': '/home/jason/gxs/GXS_2024_VisionCode/install/line_follow', 'merge_install': False, 'path': '/home/jason/gxs/GXS_2024_VisionCode/src/line_follow', 'symlink_install': False, 'test_result_base': None}
[0.607s] Level 5:colcon.colcon_core.verb:set package 'qrmsg' build argument 'cmake_args' from command line to 'None'
[0.607s] Level 5:colcon.colcon_core.verb:set package 'qrmsg' build argument 'cmake_target' from command line to 'None'
[0.607s] Level 5:colcon.colcon_core.verb:set package 'qrmsg' build argument 'cmake_target_skip_unavailable' from command line to 'False'
[0.607s] Level 5:colcon.colcon_core.verb:set package 'qrmsg' build argument 'cmake_clean_cache' from command line to 'False'
[0.607s] Level 5:colcon.colcon_core.verb:set package 'qrmsg' build argument 'cmake_clean_first' from command line to 'False'
[0.607s] Level 5:colcon.colcon_core.verb:set package 'qrmsg' build argument 'cmake_force_configure' from command line to 'False'
[0.607s] Level 5:colcon.colcon_core.verb:set package 'qrmsg' build argument 'ament_cmake_args' from command line to 'None'
[0.607s] Level 5:colcon.colcon_core.verb:set package 'qrmsg' build argument 'catkin_cmake_args' from command line to 'None'
[0.607s] Level 5:colcon.colcon_core.verb:set package 'qrmsg' build argument 'catkin_skip_building_tests' from command line to 'False'
[0.608s] DEBUG:colcon.colcon_core.verb:Building package 'qrmsg' with the following arguments: {'ament_cmake_args': None, 'build_base': '/home/jason/gxs/GXS_2024_VisionCode/build/qrmsg', 'catkin_cmake_args': None, 'catkin_skip_building_tests': False, 'cmake_args': None, 'cmake_clean_cache': False, 'cmake_clean_first': False, 'cmake_force_configure': False, 'cmake_target': None, 'cmake_target_skip_unavailable': False, 'install_base': '/home/jason/gxs/GXS_2024_VisionCode/install/qrmsg', 'merge_install': False, 'path': '/home/jason/gxs/GXS_2024_VisionCode/src/qrmsg', 'symlink_install': False, 'test_result_base': None}
[0.608s] Level 5:colcon.colcon_core.verb:set package 'binary_detector' build argument 'cmake_args' from command line to 'None'
[0.608s] Level 5:colcon.colcon_core.verb:set package 'binary_detector' build argument 'cmake_target' from command line to 'None'
[0.608s] Level 5:colcon.colcon_core.verb:set package 'binary_detector' build argument 'cmake_target_skip_unavailable' from command line to 'False'
[0.608s] Level 5:colcon.colcon_core.verb:set package 'binary_detector' build argument 'cmake_clean_cache' from command line to 'False'
[0.608s] Level 5:colcon.colcon_core.verb:set package 'binary_detector' build argument 'cmake_clean_first' from command line to 'False'
[0.608s] Level 5:colcon.colcon_core.verb:set package 'binary_detector' build argument 'cmake_force_configure' from command line to 'False'
[0.608s] Level 5:colcon.colcon_core.verb:set package 'binary_detector' build argument 'ament_cmake_args' from command line to 'None'
[0.608s] Level 5:colcon.colcon_core.verb:set package 'binary_detector' build argument 'catkin_cmake_args' from command line to 'None'
[0.608s] Level 5:colcon.colcon_core.verb:set package 'binary_detector' build argument 'catkin_skip_building_tests' from command line to 'False'
[0.608s] DEBUG:colcon.colcon_core.verb:Building package 'binary_detector' with the following arguments: {'ament_cmake_args': None, 'build_base': '/home/jason/gxs/GXS_2024_VisionCode/build/binary_detector', 'catkin_cmake_args': None, 'catkin_skip_building_tests': False, 'cmake_args': None, 'cmake_clean_cache': False, 'cmake_clean_first': False, 'cmake_force_configure': False, 'cmake_target': None, 'cmake_target_skip_unavailable': False, 'install_base': '/home/jason/gxs/GXS_2024_VisionCode/install/binary_detector', 'merge_install': False, 'path': '/home/jason/gxs/GXS_2024_VisionCode/src/binary_detector', 'symlink_install': False, 'test_result_base': None}
[0.608s] Level 5:colcon.colcon_core.verb:set package 'colorblock_detector' build argument 'cmake_args' from command line to 'None'
[0.608s] Level 5:colcon.colcon_core.verb:set package 'colorblock_detector' build argument 'cmake_target' from command line to 'None'
[0.608s] Level 5:colcon.colcon_core.verb:set package 'colorblock_detector' build argument 'cmake_target_skip_unavailable' from command line to 'False'
[0.608s] Level 5:colcon.colcon_core.verb:set package 'colorblock_detector' build argument 'cmake_clean_cache' from command line to 'False'
[0.608s] Level 5:colcon.colcon_core.verb:set package 'colorblock_detector' build argument 'cmake_clean_first' from command line to 'False'
[0.608s] Level 5:colcon.colcon_core.verb:set package 'colorblock_detector' build argument 'cmake_force_configure' from command line to 'False'
[0.608s] Level 5:colcon.colcon_core.verb:set package 'colorblock_detector' build argument 'ament_cmake_args' from command line to 'None'
[0.608s] Level 5:colcon.colcon_core.verb:set package 'colorblock_detector' build argument 'catkin_cmake_args' from command line to 'None'
[0.608s] Level 5:colcon.colcon_core.verb:set package 'colorblock_detector' build argument 'catkin_skip_building_tests' from command line to 'False'
[0.608s] DEBUG:colcon.colcon_core.verb:Building package 'colorblock_detector' with the following arguments: {'ament_cmake_args': None, 'build_base': '/home/jason/gxs/GXS_2024_VisionCode/build/colorblock_detector', 'catkin_cmake_args': None, 'catkin_skip_building_tests': False, 'cmake_args': None, 'cmake_clean_cache': False, 'cmake_clean_first': False, 'cmake_force_configure': False, 'cmake_target': None, 'cmake_target_skip_unavailable': False, 'install_base': '/home/jason/gxs/GXS_2024_VisionCode/install/colorblock_detector', 'merge_install': False, 'path': '/home/jason/gxs/GXS_2024_VisionCode/src/colorblock_detector', 'symlink_install': False, 'test_result_base': None}
[0.608s] Level 5:colcon.colcon_core.verb:set package 'gxs_serial_driver' build argument 'cmake_args' from command line to 'None'
[0.608s] Level 5:colcon.colcon_core.verb:set package 'gxs_serial_driver' build argument 'cmake_target' from command line to 'None'
[0.608s] Level 5:colcon.colcon_core.verb:set package 'gxs_serial_driver' build argument 'cmake_target_skip_unavailable' from command line to 'False'
[0.608s] Level 5:colcon.colcon_core.verb:set package 'gxs_serial_driver' build argument 'cmake_clean_cache' from command line to 'False'
[0.608s] Level 5:colcon.colcon_core.verb:set package 'gxs_serial_driver' build argument 'cmake_clean_first' from command line to 'False'
[0.608s] Level 5:colcon.colcon_core.verb:set package 'gxs_serial_driver' build argument 'cmake_force_configure' from command line to 'False'
[0.608s] Level 5:colcon.colcon_core.verb:set package 'gxs_serial_driver' build argument 'ament_cmake_args' from command line to 'None'
[0.608s] Level 5:colcon.colcon_core.verb:set package 'gxs_serial_driver' build argument 'catkin_cmake_args' from command line to 'None'
[0.608s] Level 5:colcon.colcon_core.verb:set package 'gxs_serial_driver' build argument 'catkin_skip_building_tests' from command line to 'False'
[0.608s] DEBUG:colcon.colcon_core.verb:Building package 'gxs_serial_driver' with the following arguments: {'ament_cmake_args': None, 'build_base': '/home/jason/gxs/GXS_2024_VisionCode/build/gxs_serial_driver', 'catkin_cmake_args': None, 'catkin_skip_building_tests': False, 'cmake_args': None, 'cmake_clean_cache': False, 'cmake_clean_first': False, 'cmake_force_configure': False, 'cmake_target': None, 'cmake_target_skip_unavailable': False, 'install_base': '/home/jason/gxs/GXS_2024_VisionCode/install/gxs_serial_driver', 'merge_install': False, 'path': '/home/jason/gxs/GXS_2024_VisionCode/src/rm_serial_driver', 'symlink_install': False, 'test_result_base': None}
[0.609s] INFO:colcon.colcon_core.executor:Executing jobs using 'parallel' executor
[0.611s] DEBUG:colcon.colcon_parallel_executor.executor.parallel:run_until_complete
[0.613s] INFO:colcon.colcon_ros.task.ament_cmake.build:Building ROS package in '/home/jason/gxs/GXS_2024_VisionCode/src/qrmsg' with build type 'ament_cmake'
[0.613s] INFO:colcon.colcon_cmake.task.cmake.build:Building CMake package in '/home/jason/gxs/GXS_2024_VisionCode/src/qrmsg'
[0.624s] INFO:colcon.colcon_core.plugin_system:Skipping extension 'colcon_core.shell.bat': Not used on non-Windows systems
[0.624s] INFO:colcon.colcon_core.shell:Skip shell extension 'powershell' for command environment: Not usable outside of PowerShell
[0.624s] DEBUG:colcon.colcon_core.shell:Skip shell extension 'dsv' for command environment
[0.637s] INFO:colcon.colcon_ros.task.ament_cmake.build:Building ROS package in '/home/jason/gxs/GXS_2024_VisionCode/src/adjust' with build type 'ament_cmake'
[0.638s] INFO:colcon.colcon_cmake.task.cmake.build:Building CMake package in '/home/jason/gxs/GXS_2024_VisionCode/src/adjust'
[0.638s] INFO:colcon.colcon_core.shell:Skip shell extension 'powershell' for command environment: Not usable outside of PowerShell
[0.638s] DEBUG:colcon.colcon_core.shell:Skip shell extension 'dsv' for command environment
[0.644s] INFO:colcon.colcon_ros.task.ament_cmake.build:Building ROS package in '/home/jason/gxs/GXS_2024_VisionCode/src/camera_driver' with build type 'ament_cmake'
[0.645s] INFO:colcon.colcon_cmake.task.cmake.build:Building CMake package in '/home/jason/gxs/GXS_2024_VisionCode/src/camera_driver'
[0.645s] INFO:colcon.colcon_core.shell:Skip shell extension 'powershell' for command environment: Not usable outside of PowerShell
[0.646s] DEBUG:colcon.colcon_core.shell:Skip shell extension 'dsv' for command environment
[0.652s] INFO:colcon.colcon_ros.task.ament_python.build:Building ROS package in '/home/jason/gxs/GXS_2024_VisionCode/src/line_follow' with build type 'ament_python'
[0.652s] Level 1:colcon.colcon_core.shell:create_environment_hook('line_follow', 'ament_prefix_path')
[0.653s] INFO:colcon.colcon_core.shell:Creating environment hook '/home/jason/gxs/GXS_2024_VisionCode/install/line_follow/share/line_follow/hook/ament_prefix_path.ps1'
[0.655s] INFO:colcon.colcon_core.shell:Creating environment descriptor '/home/jason/gxs/GXS_2024_VisionCode/install/line_follow/share/line_follow/hook/ament_prefix_path.dsv'
[0.655s] INFO:colcon.colcon_core.shell:Creating environment hook '/home/jason/gxs/GXS_2024_VisionCode/install/line_follow/share/line_follow/hook/ament_prefix_path.sh'
[0.656s] INFO:colcon.colcon_core.shell:Skip shell extension 'powershell' for command environment: Not usable outside of PowerShell
[0.656s] DEBUG:colcon.colcon_core.shell:Skip shell extension 'dsv' for command environment
[0.670s] DEBUG:colcon.colcon_core.event_handler.log_command:Invoking command in '/home/jason/gxs/GXS_2024_VisionCode/build/qrmsg': CMAKE_PREFIX_PATH=${CMAKE_PREFIX_PATH}:/home/jason/gxs/GXS_2024_VisionCode/install/line_follow:/opt/ros/humble /usr/bin/cmake --build /home/jason/gxs/GXS_2024_VisionCode/build/qrmsg -- -j16 -l16
[0.680s] DEBUG:colcon.colcon_core.event_handler.log_command:Invoking command in '/home/jason/gxs/GXS_2024_VisionCode/build/adjust_hsv': CMAKE_PREFIX_PATH=${CMAKE_PREFIX_PATH}:/home/jason/gxs/GXS_2024_VisionCode/install/line_follow:/opt/ros/humble /usr/bin/cmake --build /home/jason/gxs/GXS_2024_VisionCode/build/adjust_hsv -- -j16 -l16
[0.695s] DEBUG:colcon.colcon_core.event_handler.log_command:Invoking command in '/home/jason/gxs/GXS_2024_VisionCode/build/camera_driver': CMAKE_PREFIX_PATH=${CMAKE_PREFIX_PATH}:/home/jason/gxs/GXS_2024_VisionCode/install/line_follow:/opt/ros/humble /usr/bin/cmake --build /home/jason/gxs/GXS_2024_VisionCode/build/camera_driver -- -j16 -l16
[1.313s] INFO:colcon.colcon_core.task.python.build:Building Python package in '/home/jason/gxs/GXS_2024_VisionCode/src/line_follow'
[1.314s] INFO:colcon.colcon_core.shell:Skip shell extension 'powershell' for command environment: Not usable outside of PowerShell
[1.314s] DEBUG:colcon.colcon_core.shell:Skip shell extension 'dsv' for command environment
[1.331s] DEBUG:colcon.colcon_core.event_handler.log_command:Invoked command in '/home/jason/gxs/GXS_2024_VisionCode/build/adjust_hsv' returned '0': CMAKE_PREFIX_PATH=${CMAKE_PREFIX_PATH}:/home/jason/gxs/GXS_2024_VisionCode/install/line_follow:/opt/ros/humble /usr/bin/cmake --build /home/jason/gxs/GXS_2024_VisionCode/build/adjust_hsv -- -j16 -l16
[1.334s] DEBUG:colcon.colcon_core.event_handler.log_command:Invoked command in '/home/jason/gxs/GXS_2024_VisionCode/build/camera_driver' returned '0': CMAKE_PREFIX_PATH=${CMAKE_PREFIX_PATH}:/home/jason/gxs/GXS_2024_VisionCode/install/line_follow:/opt/ros/humble /usr/bin/cmake --build /home/jason/gxs/GXS_2024_VisionCode/build/camera_driver -- -j16 -l16
[1.427s] DEBUG:colcon.colcon_core.event_handler.log_command:Invoking command in '/home/jason/gxs/GXS_2024_VisionCode/build/camera_driver': CMAKE_PREFIX_PATH=${CMAKE_PREFIX_PATH}:/home/jason/gxs/GXS_2024_VisionCode/install/line_follow:/opt/ros/humble /usr/bin/cmake --install /home/jason/gxs/GXS_2024_VisionCode/build/camera_driver
[1.434s] DEBUG:colcon.colcon_core.event_handler.log_command:Invoking command in '/home/jason/gxs/GXS_2024_VisionCode/build/adjust_hsv': CMAKE_PREFIX_PATH=${CMAKE_PREFIX_PATH}:/home/jason/gxs/GXS_2024_VisionCode/install/line_follow:/opt/ros/humble /usr/bin/cmake --install /home/jason/gxs/GXS_2024_VisionCode/build/adjust_hsv
[1.445s] DEBUG:colcon.colcon_core.event_handler.log_command:Invoked command in '/home/jason/gxs/GXS_2024_VisionCode/build/qrmsg' returned '0': CMAKE_PREFIX_PATH=${CMAKE_PREFIX_PATH}:/home/jason/gxs/GXS_2024_VisionCode/install/line_follow:/opt/ros/humble /usr/bin/cmake --build /home/jason/gxs/GXS_2024_VisionCode/build/qrmsg -- -j16 -l16
[1.459s] Level 1:colcon.colcon_core.environment:create_environment_scripts_only(camera_driver)
[1.461s] DEBUG:colcon.colcon_core.event_handler.log_command:Invoked command in '/home/jason/gxs/GXS_2024_VisionCode/build/camera_driver' returned '0': CMAKE_PREFIX_PATH=${CMAKE_PREFIX_PATH}:/home/jason/gxs/GXS_2024_VisionCode/install/line_follow:/opt/ros/humble /usr/bin/cmake --install /home/jason/gxs/GXS_2024_VisionCode/build/camera_driver
[1.464s] Level 1:colcon.colcon_core.environment:checking '/home/jason/gxs/GXS_2024_VisionCode/install/camera_driver' for CMake module files
[1.465s] Level 1:colcon.colcon_core.environment:checking '/home/jason/gxs/GXS_2024_VisionCode/install/camera_driver' for CMake config files
[1.465s] Level 1:colcon.colcon_core.shell:create_environment_hook('camera_driver', 'cmake_prefix_path')
[1.466s] INFO:colcon.colcon_core.shell:Creating environment hook '/home/jason/gxs/GXS_2024_VisionCode/install/camera_driver/share/camera_driver/hook/cmake_prefix_path.ps1'
[1.467s] INFO:colcon.colcon_core.shell:Creating environment descriptor '/home/jason/gxs/GXS_2024_VisionCode/install/camera_driver/share/camera_driver/hook/cmake_prefix_path.dsv'
[1.467s] INFO:colcon.colcon_core.shell:Creating environment hook '/home/jason/gxs/GXS_2024_VisionCode/install/camera_driver/share/camera_driver/hook/cmake_prefix_path.sh'
[1.468s] Level 1:colcon.colcon_core.environment:checking '/home/jason/gxs/GXS_2024_VisionCode/install/camera_driver/lib'
[1.468s] Level 1:colcon.colcon_core.environment:checking '/home/jason/gxs/GXS_2024_VisionCode/install/camera_driver/bin'
[1.469s] Level 1:colcon.colcon_core.environment:checking '/home/jason/gxs/GXS_2024_VisionCode/install/camera_driver/lib/pkgconfig/camera_driver.pc'
[1.469s] Level 1:colcon.colcon_core.environment:checking '/home/jason/gxs/GXS_2024_VisionCode/install/camera_driver/lib/python3.10/site-packages'
[1.469s] Level 1:colcon.colcon_core.environment:checking '/home/jason/gxs/GXS_2024_VisionCode/install/camera_driver/bin'
[1.470s] INFO:colcon.colcon_core.shell:Creating package script '/home/jason/gxs/GXS_2024_VisionCode/install/camera_driver/share/camera_driver/package.ps1'
[1.472s] INFO:colcon.colcon_core.shell:Creating package descriptor '/home/jason/gxs/GXS_2024_VisionCode/install/camera_driver/share/camera_driver/package.dsv'
[1.475s] INFO:colcon.colcon_core.shell:Creating package script '/home/jason/gxs/GXS_2024_VisionCode/install/camera_driver/share/camera_driver/package.sh'
[1.479s] INFO:colcon.colcon_core.shell:Creating package script '/home/jason/gxs/GXS_2024_VisionCode/install/camera_driver/share/camera_driver/package.bash'
[1.481s] INFO:colcon.colcon_core.shell:Creating package script '/home/jason/gxs/GXS_2024_VisionCode/install/camera_driver/share/camera_driver/package.zsh'
[1.483s] Level 1:colcon.colcon_core.environment:create_file_with_runtime_dependencies(/home/jason/gxs/GXS_2024_VisionCode/install/camera_driver/share/colcon-core/packages/camera_driver)
[1.507s] Level 1:colcon.colcon_core.environment:create_environment_scripts_only(adjust_hsv)
[1.508s] DEBUG:colcon.colcon_core.event_handler.log_command:Invoked command in '/home/jason/gxs/GXS_2024_VisionCode/build/adjust_hsv' returned '0': CMAKE_PREFIX_PATH=${CMAKE_PREFIX_PATH}:/home/jason/gxs/GXS_2024_VisionCode/install/line_follow:/opt/ros/humble /usr/bin/cmake --install /home/jason/gxs/GXS_2024_VisionCode/build/adjust_hsv
[1.510s] Level 1:colcon.colcon_core.environment:checking '/home/jason/gxs/GXS_2024_VisionCode/install/adjust_hsv' for CMake module files
[1.511s] Level 1:colcon.colcon_core.environment:checking '/home/jason/gxs/GXS_2024_VisionCode/install/adjust_hsv' for CMake config files
[1.511s] Level 1:colcon.colcon_core.shell:create_environment_hook('adjust_hsv', 'cmake_prefix_path')
[1.512s] INFO:colcon.colcon_core.shell:Creating environment hook '/home/jason/gxs/GXS_2024_VisionCode/install/adjust_hsv/share/adjust_hsv/hook/cmake_prefix_path.ps1'
[1.515s] INFO:colcon.colcon_core.shell:Creating environment descriptor '/home/jason/gxs/GXS_2024_VisionCode/install/adjust_hsv/share/adjust_hsv/hook/cmake_prefix_path.dsv'
[1.516s] INFO:colcon.colcon_core.shell:Creating environment hook '/home/jason/gxs/GXS_2024_VisionCode/install/adjust_hsv/share/adjust_hsv/hook/cmake_prefix_path.sh'
[1.518s] Level 1:colcon.colcon_core.environment:checking '/home/jason/gxs/GXS_2024_VisionCode/install/adjust_hsv/lib'
[1.518s] Level 1:colcon.colcon_core.environment:checking '/home/jason/gxs/GXS_2024_VisionCode/install/adjust_hsv/bin'
[1.518s] Level 1:colcon.colcon_core.environment:checking '/home/jason/gxs/GXS_2024_VisionCode/install/adjust_hsv/lib/pkgconfig/adjust_hsv.pc'
[1.519s] Level 1:colcon.colcon_core.environment:checking '/home/jason/gxs/GXS_2024_VisionCode/install/adjust_hsv/lib/python3.10/site-packages'
[1.519s] Level 1:colcon.colcon_core.environment:checking '/home/jason/gxs/GXS_2024_VisionCode/install/adjust_hsv/bin'
[1.521s] INFO:colcon.colcon_core.shell:Creating package script '/home/jason/gxs/GXS_2024_VisionCode/install/adjust_hsv/share/adjust_hsv/package.ps1'
[1.522s] INFO:colcon.colcon_core.shell:Creating package descriptor '/home/jason/gxs/GXS_2024_VisionCode/install/adjust_hsv/share/adjust_hsv/package.dsv'
[1.522s] INFO:colcon.colcon_core.shell:Creating package script '/home/jason/gxs/GXS_2024_VisionCode/install/adjust_hsv/share/adjust_hsv/package.sh'
[1.523s] INFO:colcon.colcon_core.shell:Creating package script '/home/jason/gxs/GXS_2024_VisionCode/install/adjust_hsv/share/adjust_hsv/package.bash'
[1.523s] INFO:colcon.colcon_core.shell:Creating package script '/home/jason/gxs/GXS_2024_VisionCode/install/adjust_hsv/share/adjust_hsv/package.zsh'
[1.523s] Level 1:colcon.colcon_core.environment:create_file_with_runtime_dependencies(/home/jason/gxs/GXS_2024_VisionCode/install/adjust_hsv/share/colcon-core/packages/adjust_hsv)
[1.555s] Level 1:colcon.colcon_core.environment:create_environment_scripts_only(camera_driver)
[1.557s] Level 1:colcon.colcon_core.environment:checking '/home/jason/gxs/GXS_2024_VisionCode/install/camera_driver' for CMake module files
[1.557s] Level 1:colcon.colcon_core.environment:checking '/home/jason/gxs/GXS_2024_VisionCode/install/camera_driver' for CMake config files
[1.558s] Level 1:colcon.colcon_core.shell:create_environment_hook('camera_driver', 'cmake_prefix_path')
[1.559s] INFO:colcon.colcon_core.shell:Creating environment hook '/home/jason/gxs/GXS_2024_VisionCode/install/camera_driver/share/camera_driver/hook/cmake_prefix_path.ps1'
[1.560s] INFO:colcon.colcon_core.shell:Creating environment descriptor '/home/jason/gxs/GXS_2024_VisionCode/install/camera_driver/share/camera_driver/hook/cmake_prefix_path.dsv'
[1.561s] INFO:colcon.colcon_core.shell:Creating environment hook '/home/jason/gxs/GXS_2024_VisionCode/install/camera_driver/share/camera_driver/hook/cmake_prefix_path.sh'
[1.562s] Level 1:colcon.colcon_core.environment:checking '/home/jason/gxs/GXS_2024_VisionCode/install/camera_driver/lib'
[1.562s] Level 1:colcon.colcon_core.environment:checking '/home/jason/gxs/GXS_2024_VisionCode/install/camera_driver/bin'
[1.562s] Level 1:colcon.colcon_core.environment:checking '/home/jason/gxs/GXS_2024_VisionCode/install/camera_driver/lib/pkgconfig/camera_driver.pc'
[1.563s] Level 1:colcon.colcon_core.environment:checking '/home/jason/gxs/GXS_2024_VisionCode/install/camera_driver/lib/python3.10/site-packages'
[1.563s] Level 1:colcon.colcon_core.environment:checking '/home/jason/gxs/GXS_2024_VisionCode/install/camera_driver/bin'
[1.564s] INFO:colcon.colcon_core.shell:Creating package script '/home/jason/gxs/GXS_2024_VisionCode/install/camera_driver/share/camera_driver/package.ps1'
[1.564s] INFO:colcon.colcon_core.shell:Creating package descriptor '/home/jason/gxs/GXS_2024_VisionCode/install/camera_driver/share/camera_driver/package.dsv'
[1.566s] INFO:colcon.colcon_core.shell:Creating package script '/home/jason/gxs/GXS_2024_VisionCode/install/camera_driver/share/camera_driver/package.sh'
[1.566s] INFO:colcon.colcon_core.shell:Creating package script '/home/jason/gxs/GXS_2024_VisionCode/install/camera_driver/share/camera_driver/package.bash'
[1.567s] INFO:colcon.colcon_core.shell:Creating package script '/home/jason/gxs/GXS_2024_VisionCode/install/camera_driver/share/camera_driver/package.zsh'
[1.567s] Level 1:colcon.colcon_core.environment:create_file_with_runtime_dependencies(/home/jason/gxs/GXS_2024_VisionCode/install/camera_driver/share/colcon-core/packages/camera_driver)
[1.581s] Level 1:colcon.colcon_core.environment:create_environment_scripts_only(adjust_hsv)
[1.582s] Level 1:colcon.colcon_core.environment:checking '/home/jason/gxs/GXS_2024_VisionCode/install/adjust_hsv' for CMake module files
[1.582s] Level 1:colcon.colcon_core.environment:checking '/home/jason/gxs/GXS_2024_VisionCode/install/adjust_hsv' for CMake config files
[1.583s] Level 1:colcon.colcon_core.shell:create_environment_hook('adjust_hsv', 'cmake_prefix_path')
[1.583s] INFO:colcon.colcon_core.shell:Creating environment hook '/home/jason/gxs/GXS_2024_VisionCode/install/adjust_hsv/share/adjust_hsv/hook/cmake_prefix_path.ps1'
[1.584s] INFO:colcon.colcon_core.shell:Creating environment descriptor '/home/jason/gxs/GXS_2024_VisionCode/install/adjust_hsv/share/adjust_hsv/hook/cmake_prefix_path.dsv'
[1.584s] INFO:colcon.colcon_core.shell:Creating environment hook '/home/jason/gxs/GXS_2024_VisionCode/install/adjust_hsv/share/adjust_hsv/hook/cmake_prefix_path.sh'
[1.585s] Level 1:colcon.colcon_core.environment:checking '/home/jason/gxs/GXS_2024_VisionCode/install/adjust_hsv/lib'
[1.586s] Level 1:colcon.colcon_core.environment:checking '/home/jason/gxs/GXS_2024_VisionCode/install/adjust_hsv/bin'
[1.586s] Level 1:colcon.colcon_core.environment:checking '/home/jason/gxs/GXS_2024_VisionCode/install/adjust_hsv/lib/pkgconfig/adjust_hsv.pc'
[1.586s] Level 1:colcon.colcon_core.environment:checking '/home/jason/gxs/GXS_2024_VisionCode/install/adjust_hsv/lib/python3.10/site-packages'
[1.587s] Level 1:colcon.colcon_core.environment:checking '/home/jason/gxs/GXS_2024_VisionCode/install/adjust_hsv/bin'
[1.587s] INFO:colcon.colcon_core.shell:Creating package script '/home/jason/gxs/GXS_2024_VisionCode/install/adjust_hsv/share/adjust_hsv/package.ps1'
[1.589s] INFO:colcon.colcon_core.shell:Creating package descriptor '/home/jason/gxs/GXS_2024_VisionCode/install/adjust_hsv/share/adjust_hsv/package.dsv'
[1.590s] INFO:colcon.colcon_core.shell:Creating package script '/home/jason/gxs/GXS_2024_VisionCode/install/adjust_hsv/share/adjust_hsv/package.sh'
[1.591s] INFO:colcon.colcon_core.shell:Creating package script '/home/jason/gxs/GXS_2024_VisionCode/install/adjust_hsv/share/adjust_hsv/package.bash'
[1.591s] INFO:colcon.colcon_core.shell:Creating package script '/home/jason/gxs/GXS_2024_VisionCode/install/adjust_hsv/share/adjust_hsv/package.zsh'
[1.592s] Level 1:colcon.colcon_core.environment:create_file_with_runtime_dependencies(/home/jason/gxs/GXS_2024_VisionCode/install/adjust_hsv/share/colcon-core/packages/adjust_hsv)
[1.612s] DEBUG:colcon.colcon_core.event_handler.log_command:Invoking command in '/home/jason/gxs/GXS_2024_VisionCode/build/qrmsg': CMAKE_PREFIX_PATH=${CMAKE_PREFIX_PATH}:/home/jason/gxs/GXS_2024_VisionCode/install/line_follow:/opt/ros/humble /usr/bin/cmake --install /home/jason/gxs/GXS_2024_VisionCode/build/qrmsg
[1.734s] Level 1:colcon.colcon_core.environment:create_environment_scripts_only(qrmsg)
[1.735s] Level 1:colcon.colcon_core.environment:checking '/home/jason/gxs/GXS_2024_VisionCode/install/qrmsg' for CMake module files
[1.737s] Level 1:colcon.colcon_core.environment:checking '/home/jason/gxs/GXS_2024_VisionCode/install/qrmsg' for CMake config files
[1.738s] DEBUG:colcon.colcon_core.event_handler.log_command:Invoked command in '/home/jason/gxs/GXS_2024_VisionCode/build/qrmsg' returned '0': CMAKE_PREFIX_PATH=${CMAKE_PREFIX_PATH}:/home/jason/gxs/GXS_2024_VisionCode/install/line_follow:/opt/ros/humble /usr/bin/cmake --install /home/jason/gxs/GXS_2024_VisionCode/build/qrmsg
[1.738s] Level 1:colcon.colcon_core.shell:create_environment_hook('qrmsg', 'cmake_prefix_path')
[1.740s] INFO:colcon.colcon_core.shell:Creating environment hook '/home/jason/gxs/GXS_2024_VisionCode/install/qrmsg/share/qrmsg/hook/cmake_prefix_path.ps1'
[1.741s] INFO:colcon.colcon_core.shell:Creating environment descriptor '/home/jason/gxs/GXS_2024_VisionCode/install/qrmsg/share/qrmsg/hook/cmake_prefix_path.dsv'
[1.742s] INFO:colcon.colcon_core.shell:Creating environment hook '/home/jason/gxs/GXS_2024_VisionCode/install/qrmsg/share/qrmsg/hook/cmake_prefix_path.sh'
[1.744s] Level 1:colcon.colcon_core.environment:checking '/home/jason/gxs/GXS_2024_VisionCode/install/qrmsg/lib'
[1.745s] Level 1:colcon.colcon_core.shell:create_environment_hook('qrmsg', 'ld_library_path_lib')
[1.746s] INFO:colcon.colcon_core.shell:Creating environment hook '/home/jason/gxs/GXS_2024_VisionCode/install/qrmsg/share/qrmsg/hook/ld_library_path_lib.ps1'
[1.747s] INFO:colcon.colcon_core.shell:Creating environment descriptor '/home/jason/gxs/GXS_2024_VisionCode/install/qrmsg/share/qrmsg/hook/ld_library_path_lib.dsv'
[1.748s] INFO:colcon.colcon_core.shell:Creating environment hook '/home/jason/gxs/GXS_2024_VisionCode/install/qrmsg/share/qrmsg/hook/ld_library_path_lib.sh'
[1.748s] Level 1:colcon.colcon_core.environment:checking '/home/jason/gxs/GXS_2024_VisionCode/install/qrmsg/bin'
[1.749s] Level 1:colcon.colcon_core.environment:checking '/home/jason/gxs/GXS_2024_VisionCode/install/qrmsg/lib/pkgconfig/qrmsg.pc'
[1.750s] Level 1:colcon.colcon_core.environment:checking '/home/jason/gxs/GXS_2024_VisionCode/install/qrmsg/lib/python3.10/site-packages'
[1.750s] Level 1:colcon.colcon_core.environment:checking '/home/jason/gxs/GXS_2024_VisionCode/install/qrmsg/bin'
[1.751s] INFO:colcon.colcon_core.shell:Creating package script '/home/jason/gxs/GXS_2024_VisionCode/install/qrmsg/share/qrmsg/package.ps1'
[1.751s] INFO:colcon.colcon_core.shell:Creating package descriptor '/home/jason/gxs/GXS_2024_VisionCode/install/qrmsg/share/qrmsg/package.dsv'
[1.752s] INFO:colcon.colcon_core.shell:Creating package script '/home/jason/gxs/GXS_2024_VisionCode/install/qrmsg/share/qrmsg/package.sh'
[1.752s] INFO:colcon.colcon_core.shell:Creating package script '/home/jason/gxs/GXS_2024_VisionCode/install/qrmsg/share/qrmsg/package.bash'
[1.753s] INFO:colcon.colcon_core.shell:Creating package script '/home/jason/gxs/GXS_2024_VisionCode/install/qrmsg/share/qrmsg/package.zsh'
[1.753s] Level 1:colcon.colcon_core.environment:create_file_with_runtime_dependencies(/home/jason/gxs/GXS_2024_VisionCode/install/qrmsg/share/colcon-core/packages/qrmsg)
[1.882s] Level 1:colcon.colcon_core.environment:create_environment_scripts_only(qrmsg)
[1.884s] Level 1:colcon.colcon_core.environment:checking '/home/jason/gxs/GXS_2024_VisionCode/install/qrmsg' for CMake module files
[1.885s] Level 1:colcon.colcon_core.environment:checking '/home/jason/gxs/GXS_2024_VisionCode/install/qrmsg' for CMake config files
[1.886s] Level 1:colcon.colcon_core.shell:create_environment_hook('qrmsg', 'cmake_prefix_path')
[1.887s] INFO:colcon.colcon_core.shell:Creating environment hook '/home/jason/gxs/GXS_2024_VisionCode/install/qrmsg/share/qrmsg/hook/cmake_prefix_path.ps1'
[1.888s] INFO:colcon.colcon_core.shell:Creating environment descriptor '/home/jason/gxs/GXS_2024_VisionCode/install/qrmsg/share/qrmsg/hook/cmake_prefix_path.dsv'
[1.890s] INFO:colcon.colcon_core.shell:Creating environment hook '/home/jason/gxs/GXS_2024_VisionCode/install/qrmsg/share/qrmsg/hook/cmake_prefix_path.sh'
[1.892s] Level 1:colcon.colcon_core.environment:checking '/home/jason/gxs/GXS_2024_VisionCode/install/qrmsg/lib'
[1.892s] Level 1:colcon.colcon_core.shell:create_environment_hook('qrmsg', 'ld_library_path_lib')
[1.893s] INFO:colcon.colcon_core.shell:Creating environment hook '/home/jason/gxs/GXS_2024_VisionCode/install/qrmsg/share/qrmsg/hook/ld_library_path_lib.ps1'
[1.893s] INFO:colcon.colcon_core.shell:Creating environment descriptor '/home/jason/gxs/GXS_2024_VisionCode/install/qrmsg/share/qrmsg/hook/ld_library_path_lib.dsv'
[1.894s] INFO:colcon.colcon_core.shell:Creating environment hook '/home/jason/gxs/GXS_2024_VisionCode/install/qrmsg/share/qrmsg/hook/ld_library_path_lib.sh'
[1.894s] Level 1:colcon.colcon_core.environment:checking '/home/jason/gxs/GXS_2024_VisionCode/install/qrmsg/bin'
[1.894s] Level 1:colcon.colcon_core.environment:checking '/home/jason/gxs/GXS_2024_VisionCode/install/qrmsg/lib/pkgconfig/qrmsg.pc'
[1.894s] Level 1:colcon.colcon_core.environment:checking '/home/jason/gxs/GXS_2024_VisionCode/install/qrmsg/lib/python3.10/site-packages'
[1.895s] Level 1:colcon.colcon_core.environment:checking '/home/jason/gxs/GXS_2024_VisionCode/install/qrmsg/bin'
[1.895s] INFO:colcon.colcon_core.shell:Creating package script '/home/jason/gxs/GXS_2024_VisionCode/install/qrmsg/share/qrmsg/package.ps1'
[1.896s] INFO:colcon.colcon_core.shell:Creating package descriptor '/home/jason/gxs/GXS_2024_VisionCode/install/qrmsg/share/qrmsg/package.dsv'
[1.896s] INFO:colcon.colcon_core.shell:Creating package script '/home/jason/gxs/GXS_2024_VisionCode/install/qrmsg/share/qrmsg/package.sh'
[1.897s] INFO:colcon.colcon_core.shell:Creating package script '/home/jason/gxs/GXS_2024_VisionCode/install/qrmsg/share/qrmsg/package.bash'
[1.898s] INFO:colcon.colcon_core.shell:Creating package script '/home/jason/gxs/GXS_2024_VisionCode/install/qrmsg/share/qrmsg/package.zsh'
[1.902s] Level 1:colcon.colcon_core.environment:create_file_with_runtime_dependencies(/home/jason/gxs/GXS_2024_VisionCode/install/qrmsg/share/colcon-core/packages/qrmsg)
[1.903s] INFO:colcon.colcon_ros.task.ament_cmake.build:Building ROS package in '/home/jason/gxs/GXS_2024_VisionCode/src/binary_detector' with build type 'ament_cmake'
[1.903s] INFO:colcon.colcon_cmake.task.cmake.build:Building CMake package in '/home/jason/gxs/GXS_2024_VisionCode/src/binary_detector'
[1.904s] INFO:colcon.colcon_core.shell:Skip shell extension 'powershell' for command environment: Not usable outside of PowerShell
[1.905s] DEBUG:colcon.colcon_core.shell:Skip shell extension 'dsv' for command environment
[1.910s] INFO:colcon.colcon_ros.task.ament_cmake.build:Building ROS package in '/home/jason/gxs/GXS_2024_VisionCode/src/colorblock_detector' with build type 'ament_cmake'
[1.911s] INFO:colcon.colcon_cmake.task.cmake.build:Building CMake package in '/home/jason/gxs/GXS_2024_VisionCode/src/colorblock_detector'
[1.912s] INFO:colcon.colcon_core.shell:Skip shell extension 'powershell' for command environment: Not usable outside of PowerShell
[1.912s] DEBUG:colcon.colcon_core.shell:Skip shell extension 'dsv' for command environment
[1.920s] INFO:colcon.colcon_ros.task.ament_cmake.build:Building ROS package in '/home/jason/gxs/GXS_2024_VisionCode/src/rm_serial_driver' with build type 'ament_cmake'
[1.920s] INFO:colcon.colcon_cmake.task.cmake.build:Building CMake package in '/home/jason/gxs/GXS_2024_VisionCode/src/rm_serial_driver'
[1.921s] INFO:colcon.colcon_core.shell:Skip shell extension 'powershell' for command environment: Not usable outside of PowerShell
[1.922s] DEBUG:colcon.colcon_core.shell:Skip shell extension 'dsv' for command environment
[1.942s] DEBUG:colcon.colcon_core.event_handler.log_command:Invoking command in '/home/jason/gxs/GXS_2024_VisionCode/build/binary_detector': CMAKE_PREFIX_PATH=/home/jason/gxs/GXS_2024_VisionCode/install/qrmsg:/home/jason/gxs/GXS_2024_VisionCode/install/gxs_serial_driver:/home/jason/gxs/GXS_2024_VisionCode/install/colorblock_detector:/home/jason/gxs/GXS_2024_VisionCode/install/binary_detector:/home/jason/gxs/GXS_2024_VisionCode/install/camera_driver:/home/jason/gxs/GXS_2024_VisionCode/install/adjust_hsv:/home/jason/gxs/GXS_2024_VisionCode/install/line_follow:/opt/ros/humble LD_LIBRARY_PATH=/home/jason/gxs/GXS_2024_VisionCode/install/qrmsg/lib:/home/jason/gxs/GXS_2024_VisionCode/install/gxs_serial_driver/lib:/opt/MVS/lib/64:/opt/MVS/lib/32:/opt/MVS/lib/64:/opt/MVS/lib/32:/opt/MVS/lib/64:/opt/MVS/lib/32:/usr/lib/x86_64-linux-gnu/gazebo-11/plugins:/opt/ros/humble/opt/rviz_ogre_vendor/lib:/opt/ros/humble/lib/x86_64-linux-gnu:/opt/ros/humble/lib:/opt/MVS/lib/64:/opt/MVS/lib/32:/opt/MVS/lib/64:/opt/MVS/lib/32:/opt/MVS/lib/64:/opt/MVS/lib/32 /usr/bin/cmake --build /home/jason/gxs/GXS_2024_VisionCode/build/binary_detector -- -j16 -l16
[1.954s] DEBUG:colcon.colcon_core.event_handler.log_command:Invoking command in '/home/jason/gxs/GXS_2024_VisionCode/build/colorblock_detector': CMAKE_PREFIX_PATH=/home/jason/gxs/GXS_2024_VisionCode/install/qrmsg:/home/jason/gxs/GXS_2024_VisionCode/install/gxs_serial_driver:/home/jason/gxs/GXS_2024_VisionCode/install/colorblock_detector:/home/jason/gxs/GXS_2024_VisionCode/install/binary_detector:/home/jason/gxs/GXS_2024_VisionCode/install/camera_driver:/home/jason/gxs/GXS_2024_VisionCode/install/adjust_hsv:/home/jason/gxs/GXS_2024_VisionCode/install/line_follow:/opt/ros/humble LD_LIBRARY_PATH=/home/jason/gxs/GXS_2024_VisionCode/install/qrmsg/lib:/home/jason/gxs/GXS_2024_VisionCode/install/gxs_serial_driver/lib:/opt/MVS/lib/64:/opt/MVS/lib/32:/opt/MVS/lib/64:/opt/MVS/lib/32:/opt/MVS/lib/64:/opt/MVS/lib/32:/usr/lib/x86_64-linux-gnu/gazebo-11/plugins:/opt/ros/humble/opt/rviz_ogre_vendor/lib:/opt/ros/humble/lib/x86_64-linux-gnu:/opt/ros/humble/lib:/opt/MVS/lib/64:/opt/MVS/lib/32:/opt/MVS/lib/64:/opt/MVS/lib/32:/opt/MVS/lib/64:/opt/MVS/lib/32 /usr/bin/cmake --build /home/jason/gxs/GXS_2024_VisionCode/build/colorblock_detector -- -j16 -l16
[1.967s] DEBUG:colcon.colcon_core.event_handler.log_command:Invoking command in '/home/jason/gxs/GXS_2024_VisionCode/build/gxs_serial_driver': CMAKE_PREFIX_PATH=/home/jason/gxs/GXS_2024_VisionCode/install/qrmsg:/home/jason/gxs/GXS_2024_VisionCode/install/gxs_serial_driver:/home/jason/gxs/GXS_2024_VisionCode/install/colorblock_detector:/home/jason/gxs/GXS_2024_VisionCode/install/binary_detector:/home/jason/gxs/GXS_2024_VisionCode/install/camera_driver:/home/jason/gxs/GXS_2024_VisionCode/install/adjust_hsv:/home/jason/gxs/GXS_2024_VisionCode/install/line_follow:/opt/ros/humble LD_LIBRARY_PATH=/home/jason/gxs/GXS_2024_VisionCode/install/qrmsg/lib:/home/jason/gxs/GXS_2024_VisionCode/install/gxs_serial_driver/lib:/opt/MVS/lib/64:/opt/MVS/lib/32:/opt/MVS/lib/64:/opt/MVS/lib/32:/opt/MVS/lib/64:/opt/MVS/lib/32:/usr/lib/x86_64-linux-gnu/gazebo-11/plugins:/opt/ros/humble/opt/rviz_ogre_vendor/lib:/opt/ros/humble/lib/x86_64-linux-gnu:/opt/ros/humble/lib:/opt/MVS/lib/64:/opt/MVS/lib/32:/opt/MVS/lib/64:/opt/MVS/lib/32:/opt/MVS/lib/64:/opt/MVS/lib/32 /usr/bin/cmake --build /home/jason/gxs/GXS_2024_VisionCode/build/gxs_serial_driver -- -j16 -l16
[2.102s] DEBUG:colcon.colcon_core.event_handler.log_command:Invoked command in '/home/jason/gxs/GXS_2024_VisionCode/build/colorblock_detector' returned '0': CMAKE_PREFIX_PATH=/home/jason/gxs/GXS_2024_VisionCode/install/qrmsg:/home/jason/gxs/GXS_2024_VisionCode/install/gxs_serial_driver:/home/jason/gxs/GXS_2024_VisionCode/install/colorblock_detector:/home/jason/gxs/GXS_2024_VisionCode/install/binary_detector:/home/jason/gxs/GXS_2024_VisionCode/install/camera_driver:/home/jason/gxs/GXS_2024_VisionCode/install/adjust_hsv:/home/jason/gxs/GXS_2024_VisionCode/install/line_follow:/opt/ros/humble LD_LIBRARY_PATH=/home/jason/gxs/GXS_2024_VisionCode/install/qrmsg/lib:/home/jason/gxs/GXS_2024_VisionCode/install/gxs_serial_driver/lib:/opt/MVS/lib/64:/opt/MVS/lib/32:/opt/MVS/lib/64:/opt/MVS/lib/32:/opt/MVS/lib/64:/opt/MVS/lib/32:/usr/lib/x86_64-linux-gnu/gazebo-11/plugins:/opt/ros/humble/opt/rviz_ogre_vendor/lib:/opt/ros/humble/lib/x86_64-linux-gnu:/opt/ros/humble/lib:/opt/MVS/lib/64:/opt/MVS/lib/32:/opt/MVS/lib/64:/opt/MVS/lib/32:/opt/MVS/lib/64:/opt/MVS/lib/32 /usr/bin/cmake --build /home/jason/gxs/GXS_2024_VisionCode/build/colorblock_detector -- -j16 -l16
[2.142s] DEBUG:colcon.colcon_core.event_handler.log_command:Invoking command in '/home/jason/gxs/GXS_2024_VisionCode/build/colorblock_detector': CMAKE_PREFIX_PATH=/home/jason/gxs/GXS_2024_VisionCode/install/qrmsg:/home/jason/gxs/GXS_2024_VisionCode/install/gxs_serial_driver:/home/jason/gxs/GXS_2024_VisionCode/install/colorblock_detector:/home/jason/gxs/GXS_2024_VisionCode/install/binary_detector:/home/jason/gxs/GXS_2024_VisionCode/install/camera_driver:/home/jason/gxs/GXS_2024_VisionCode/install/adjust_hsv:/home/jason/gxs/GXS_2024_VisionCode/install/line_follow:/opt/ros/humble LD_LIBRARY_PATH=/home/jason/gxs/GXS_2024_VisionCode/install/qrmsg/lib:/home/jason/gxs/GXS_2024_VisionCode/install/gxs_serial_driver/lib:/opt/MVS/lib/64:/opt/MVS/lib/32:/opt/MVS/lib/64:/opt/MVS/lib/32:/opt/MVS/lib/64:/opt/MVS/lib/32:/usr/lib/x86_64-linux-gnu/gazebo-11/plugins:/opt/ros/humble/opt/rviz_ogre_vendor/lib:/opt/ros/humble/lib/x86_64-linux-gnu:/opt/ros/humble/lib:/opt/MVS/lib/64:/opt/MVS/lib/32:/opt/MVS/lib/64:/opt/MVS/lib/32:/opt/MVS/lib/64:/opt/MVS/lib/32 /usr/bin/cmake --install /home/jason/gxs/GXS_2024_VisionCode/build/colorblock_detector
[2.164s] DEBUG:colcon.colcon_core.event_handler.log_command:Invoked command in '/home/jason/gxs/GXS_2024_VisionCode/build/binary_detector' returned '0': CMAKE_PREFIX_PATH=/home/jason/gxs/GXS_2024_VisionCode/install/qrmsg:/home/jason/gxs/GXS_2024_VisionCode/install/gxs_serial_driver:/home/jason/gxs/GXS_2024_VisionCode/install/colorblock_detector:/home/jason/gxs/GXS_2024_VisionCode/install/binary_detector:/home/jason/gxs/GXS_2024_VisionCode/install/camera_driver:/home/jason/gxs/GXS_2024_VisionCode/install/adjust_hsv:/home/jason/gxs/GXS_2024_VisionCode/install/line_follow:/opt/ros/humble LD_LIBRARY_PATH=/home/jason/gxs/GXS_2024_VisionCode/install/qrmsg/lib:/home/jason/gxs/GXS_2024_VisionCode/install/gxs_serial_driver/lib:/opt/MVS/lib/64:/opt/MVS/lib/32:/opt/MVS/lib/64:/opt/MVS/lib/32:/opt/MVS/lib/64:/opt/MVS/lib/32:/usr/lib/x86_64-linux-gnu/gazebo-11/plugins:/opt/ros/humble/opt/rviz_ogre_vendor/lib:/opt/ros/humble/lib/x86_64-linux-gnu:/opt/ros/humble/lib:/opt/MVS/lib/64:/opt/MVS/lib/32:/opt/MVS/lib/64:/opt/MVS/lib/32:/opt/MVS/lib/64:/opt/MVS/lib/32 /usr/bin/cmake --build /home/jason/gxs/GXS_2024_VisionCode/build/binary_detector -- -j16 -l16
[2.175s] Level 1:colcon.colcon_core.environment:create_environment_scripts_only(colorblock_detector)
[2.176s] DEBUG:colcon.colcon_core.event_handler.log_command:Invoked command in '/home/jason/gxs/GXS_2024_VisionCode/build/colorblock_detector' returned '0': CMAKE_PREFIX_PATH=/home/jason/gxs/GXS_2024_VisionCode/install/qrmsg:/home/jason/gxs/GXS_2024_VisionCode/install/gxs_serial_driver:/home/jason/gxs/GXS_2024_VisionCode/install/colorblock_detector:/home/jason/gxs/GXS_2024_VisionCode/install/binary_detector:/home/jason/gxs/GXS_2024_VisionCode/install/camera_driver:/home/jason/gxs/GXS_2024_VisionCode/install/adjust_hsv:/home/jason/gxs/GXS_2024_VisionCode/install/line_follow:/opt/ros/humble LD_LIBRARY_PATH=/home/jason/gxs/GXS_2024_VisionCode/install/qrmsg/lib:/home/jason/gxs/GXS_2024_VisionCode/install/gxs_serial_driver/lib:/opt/MVS/lib/64:/opt/MVS/lib/32:/opt/MVS/lib/64:/opt/MVS/lib/32:/opt/MVS/lib/64:/opt/MVS/lib/32:/usr/lib/x86_64-linux-gnu/gazebo-11/plugins:/opt/ros/humble/opt/rviz_ogre_vendor/lib:/opt/ros/humble/lib/x86_64-linux-gnu:/opt/ros/humble/lib:/opt/MVS/lib/64:/opt/MVS/lib/32:/opt/MVS/lib/64:/opt/MVS/lib/32:/opt/MVS/lib/64:/opt/MVS/lib/32 /usr/bin/cmake --install /home/jason/gxs/GXS_2024_VisionCode/build/colorblock_detector
[2.179s] Level 1:colcon.colcon_core.environment:checking '/home/jason/gxs/GXS_2024_VisionCode/install/colorblock_detector' for CMake module files
[2.180s] Level 1:colcon.colcon_core.environment:checking '/home/jason/gxs/GXS_2024_VisionCode/install/colorblock_detector' for CMake config files
[2.181s] Level 1:colcon.colcon_core.shell:create_environment_hook('colorblock_detector', 'cmake_prefix_path')
[2.182s] INFO:colcon.colcon_core.shell:Creating environment hook '/home/jason/gxs/GXS_2024_VisionCode/install/colorblock_detector/share/colorblock_detector/hook/cmake_prefix_path.ps1'
[2.183s] INFO:colcon.colcon_core.shell:Creating environment descriptor '/home/jason/gxs/GXS_2024_VisionCode/install/colorblock_detector/share/colorblock_detector/hook/cmake_prefix_path.dsv'
[2.184s] INFO:colcon.colcon_core.shell:Creating environment hook '/home/jason/gxs/GXS_2024_VisionCode/install/colorblock_detector/share/colorblock_detector/hook/cmake_prefix_path.sh'
[2.185s] Level 1:colcon.colcon_core.environment:checking '/home/jason/gxs/GXS_2024_VisionCode/install/colorblock_detector/lib'
[2.185s] Level 1:colcon.colcon_core.environment:checking '/home/jason/gxs/GXS_2024_VisionCode/install/colorblock_detector/bin'
[2.185s] Level 1:colcon.colcon_core.environment:checking '/home/jason/gxs/GXS_2024_VisionCode/install/colorblock_detector/lib/pkgconfig/colorblock_detector.pc'
[2.186s] Level 1:colcon.colcon_core.environment:checking '/home/jason/gxs/GXS_2024_VisionCode/install/colorblock_detector/lib/python3.10/site-packages'
[2.186s] Level 1:colcon.colcon_core.environment:checking '/home/jason/gxs/GXS_2024_VisionCode/install/colorblock_detector/bin'
[2.187s] INFO:colcon.colcon_core.shell:Creating package script '/home/jason/gxs/GXS_2024_VisionCode/install/colorblock_detector/share/colorblock_detector/package.ps1'
[2.187s] INFO:colcon.colcon_core.shell:Creating package descriptor '/home/jason/gxs/GXS_2024_VisionCode/install/colorblock_detector/share/colorblock_detector/package.dsv'
[2.188s] INFO:colcon.colcon_core.shell:Creating package script '/home/jason/gxs/GXS_2024_VisionCode/install/colorblock_detector/share/colorblock_detector/package.sh'
[2.188s] INFO:colcon.colcon_core.shell:Creating package script '/home/jason/gxs/GXS_2024_VisionCode/install/colorblock_detector/share/colorblock_detector/package.bash'
[2.189s] INFO:colcon.colcon_core.shell:Creating package script '/home/jason/gxs/GXS_2024_VisionCode/install/colorblock_detector/share/colorblock_detector/package.zsh'
[2.189s] Level 1:colcon.colcon_core.environment:create_file_with_runtime_dependencies(/home/jason/gxs/GXS_2024_VisionCode/install/colorblock_detector/share/colcon-core/packages/colorblock_detector)
[2.220s] DEBUG:colcon.colcon_core.event_handler.log_command:Invoking command in '/home/jason/gxs/GXS_2024_VisionCode/build/binary_detector': CMAKE_PREFIX_PATH=/home/jason/gxs/GXS_2024_VisionCode/install/qrmsg:/home/jason/gxs/GXS_2024_VisionCode/install/gxs_serial_driver:/home/jason/gxs/GXS_2024_VisionCode/install/colorblock_detector:/home/jason/gxs/GXS_2024_VisionCode/install/binary_detector:/home/jason/gxs/GXS_2024_VisionCode/install/camera_driver:/home/jason/gxs/GXS_2024_VisionCode/install/adjust_hsv:/home/jason/gxs/GXS_2024_VisionCode/install/line_follow:/opt/ros/humble LD_LIBRARY_PATH=/home/jason/gxs/GXS_2024_VisionCode/install/qrmsg/lib:/home/jason/gxs/GXS_2024_VisionCode/install/gxs_serial_driver/lib:/opt/MVS/lib/64:/opt/MVS/lib/32:/opt/MVS/lib/64:/opt/MVS/lib/32:/opt/MVS/lib/64:/opt/MVS/lib/32:/usr/lib/x86_64-linux-gnu/gazebo-11/plugins:/opt/ros/humble/opt/rviz_ogre_vendor/lib:/opt/ros/humble/lib/x86_64-linux-gnu:/opt/ros/humble/lib:/opt/MVS/lib/64:/opt/MVS/lib/32:/opt/MVS/lib/64:/opt/MVS/lib/32:/opt/MVS/lib/64:/opt/MVS/lib/32 /usr/bin/cmake --install /home/jason/gxs/GXS_2024_VisionCode/build/binary_detector
[2.240s] Level 1:colcon.colcon_core.environment:create_environment_scripts_only(binary_detector)
[2.241s] Level 1:colcon.colcon_core.environment:checking '/home/jason/gxs/GXS_2024_VisionCode/install/binary_detector' for CMake module files
[2.245s] DEBUG:colcon.colcon_core.event_handler.log_command:Invoked command in '/home/jason/gxs/GXS_2024_VisionCode/build/binary_detector' returned '0': CMAKE_PREFIX_PATH=/home/jason/gxs/GXS_2024_VisionCode/install/qrmsg:/home/jason/gxs/GXS_2024_VisionCode/install/gxs_serial_driver:/home/jason/gxs/GXS_2024_VisionCode/install/colorblock_detector:/home/jason/gxs/GXS_2024_VisionCode/install/binary_detector:/home/jason/gxs/GXS_2024_VisionCode/install/camera_driver:/home/jason/gxs/GXS_2024_VisionCode/install/adjust_hsv:/home/jason/gxs/GXS_2024_VisionCode/install/line_follow:/opt/ros/humble LD_LIBRARY_PATH=/home/jason/gxs/GXS_2024_VisionCode/install/qrmsg/lib:/home/jason/gxs/GXS_2024_VisionCode/install/gxs_serial_driver/lib:/opt/MVS/lib/64:/opt/MVS/lib/32:/opt/MVS/lib/64:/opt/MVS/lib/32:/opt/MVS/lib/64:/opt/MVS/lib/32:/usr/lib/x86_64-linux-gnu/gazebo-11/plugins:/opt/ros/humble/opt/rviz_ogre_vendor/lib:/opt/ros/humble/lib/x86_64-linux-gnu:/opt/ros/humble/lib:/opt/MVS/lib/64:/opt/MVS/lib/32:/opt/MVS/lib/64:/opt/MVS/lib/32:/opt/MVS/lib/64:/opt/MVS/lib/32 /usr/bin/cmake --install /home/jason/gxs/GXS_2024_VisionCode/build/binary_detector
[2.245s] Level 1:colcon.colcon_core.environment:checking '/home/jason/gxs/GXS_2024_VisionCode/install/binary_detector' for CMake config files
[2.246s] Level 1:colcon.colcon_core.shell:create_environment_hook('binary_detector', 'cmake_prefix_path')
[2.246s] INFO:colcon.colcon_core.shell:Creating environment hook '/home/jason/gxs/GXS_2024_VisionCode/install/binary_detector/share/binary_detector/hook/cmake_prefix_path.ps1'
[2.248s] INFO:colcon.colcon_core.shell:Creating environment descriptor '/home/jason/gxs/GXS_2024_VisionCode/install/binary_detector/share/binary_detector/hook/cmake_prefix_path.dsv'
[2.248s] INFO:colcon.colcon_core.shell:Creating environment hook '/home/jason/gxs/GXS_2024_VisionCode/install/binary_detector/share/binary_detector/hook/cmake_prefix_path.sh'
[2.249s] Level 1:colcon.colcon_core.environment:checking '/home/jason/gxs/GXS_2024_VisionCode/install/binary_detector/lib'
[2.249s] Level 1:colcon.colcon_core.environment:checking '/home/jason/gxs/GXS_2024_VisionCode/install/binary_detector/bin'
[2.249s] Level 1:colcon.colcon_core.environment:checking '/home/jason/gxs/GXS_2024_VisionCode/install/binary_detector/lib/pkgconfig/binary_detector.pc'
[2.249s] Level 1:colcon.colcon_core.environment:checking '/home/jason/gxs/GXS_2024_VisionCode/install/binary_detector/lib/python3.10/site-packages'
[2.249s] Level 1:colcon.colcon_core.environment:checking '/home/jason/gxs/GXS_2024_VisionCode/install/binary_detector/bin'
[2.250s] INFO:colcon.colcon_core.shell:Creating package script '/home/jason/gxs/GXS_2024_VisionCode/install/binary_detector/share/binary_detector/package.ps1'
[2.251s] INFO:colcon.colcon_core.shell:Creating package descriptor '/home/jason/gxs/GXS_2024_VisionCode/install/binary_detector/share/binary_detector/package.dsv'
[2.251s] INFO:colcon.colcon_core.shell:Creating package script '/home/jason/gxs/GXS_2024_VisionCode/install/binary_detector/share/binary_detector/package.sh'
[2.252s] INFO:colcon.colcon_core.shell:Creating package script '/home/jason/gxs/GXS_2024_VisionCode/install/binary_detector/share/binary_detector/package.bash'
[2.252s] INFO:colcon.colcon_core.shell:Creating package script '/home/jason/gxs/GXS_2024_VisionCode/install/binary_detector/share/binary_detector/package.zsh'
[2.252s] Level 1:colcon.colcon_core.environment:create_file_with_runtime_dependencies(/home/jason/gxs/GXS_2024_VisionCode/install/binary_detector/share/colcon-core/packages/binary_detector)
[2.256s] Level 1:colcon.colcon_core.environment:create_environment_scripts_only(colorblock_detector)
[2.257s] Level 1:colcon.colcon_core.environment:checking '/home/jason/gxs/GXS_2024_VisionCode/install/colorblock_detector' for CMake module files
[2.258s] Level 1:colcon.colcon_core.environment:checking '/home/jason/gxs/GXS_2024_VisionCode/install/colorblock_detector' for CMake config files
[2.258s] Level 1:colcon.colcon_core.shell:create_environment_hook('colorblock_detector', 'cmake_prefix_path')
[2.259s] INFO:colcon.colcon_core.shell:Creating environment hook '/home/jason/gxs/GXS_2024_VisionCode/install/colorblock_detector/share/colorblock_detector/hook/cmake_prefix_path.ps1'
[2.260s] INFO:colcon.colcon_core.shell:Creating environment descriptor '/home/jason/gxs/GXS_2024_VisionCode/install/colorblock_detector/share/colorblock_detector/hook/cmake_prefix_path.dsv'
[2.261s] INFO:colcon.colcon_core.shell:Creating environment hook '/home/jason/gxs/GXS_2024_VisionCode/install/colorblock_detector/share/colorblock_detector/hook/cmake_prefix_path.sh'
[2.262s] Level 1:colcon.colcon_core.environment:checking '/home/jason/gxs/GXS_2024_VisionCode/install/colorblock_detector/lib'
[2.262s] Level 1:colcon.colcon_core.environment:checking '/home/jason/gxs/GXS_2024_VisionCode/install/colorblock_detector/bin'
[2.262s] Level 1:colcon.colcon_core.environment:checking '/home/jason/gxs/GXS_2024_VisionCode/install/colorblock_detector/lib/pkgconfig/colorblock_detector.pc'
[2.262s] Level 1:colcon.colcon_core.environment:checking '/home/jason/gxs/GXS_2024_VisionCode/install/colorblock_detector/lib/python3.10/site-packages'
[2.262s] Level 1:colcon.colcon_core.environment:checking '/home/jason/gxs/GXS_2024_VisionCode/install/colorblock_detector/bin'
[2.263s] INFO:colcon.colcon_core.shell:Creating package script '/home/jason/gxs/GXS_2024_VisionCode/install/colorblock_detector/share/colorblock_detector/package.ps1'
[2.263s] INFO:colcon.colcon_core.shell:Creating package descriptor '/home/jason/gxs/GXS_2024_VisionCode/install/colorblock_detector/share/colorblock_detector/package.dsv'
[2.264s] INFO:colcon.colcon_core.shell:Creating package script '/home/jason/gxs/GXS_2024_VisionCode/install/colorblock_detector/share/colorblock_detector/package.sh'
[2.264s] INFO:colcon.colcon_core.shell:Creating package script '/home/jason/gxs/GXS_2024_VisionCode/install/colorblock_detector/share/colorblock_detector/package.bash'
[2.264s] INFO:colcon.colcon_core.shell:Creating package script '/home/jason/gxs/GXS_2024_VisionCode/install/colorblock_detector/share/colorblock_detector/package.zsh'
[2.265s] Level 1:colcon.colcon_core.environment:create_file_with_runtime_dependencies(/home/jason/gxs/GXS_2024_VisionCode/install/colorblock_detector/share/colcon-core/packages/colorblock_detector)
[2.275s] DEBUG:colcon.colcon_core.event_handler.log_command:Invoking command in '/home/jason/gxs/GXS_2024_VisionCode/src/line_follow': PYTHONPATH=/home/jason/gxs/GXS_2024_VisionCode/build/line_follow/prefix_override:/home/jason/gxs/GXS_2024_VisionCode/install/line_follow/lib/python3.10/site-packages:${PYTHONPATH} /usr/bin/python3 -W ignore:setup.py install is deprecated setup.py egg_info --egg-base ../../build/line_follow build --build-base /home/jason/gxs/GXS_2024_VisionCode/build/line_follow/build install --record /home/jason/gxs/GXS_2024_VisionCode/build/line_follow/install.log --single-version-externally-managed install_data
[2.297s] Level 1:colcon.colcon_core.environment:create_environment_scripts_only(binary_detector)
[2.297s] Level 1:colcon.colcon_core.environment:checking '/home/jason/gxs/GXS_2024_VisionCode/install/binary_detector' for CMake module files
[2.298s] Level 1:colcon.colcon_core.environment:checking '/home/jason/gxs/GXS_2024_VisionCode/install/binary_detector' for CMake config files
[2.298s] Level 1:colcon.colcon_core.shell:create_environment_hook('binary_detector', 'cmake_prefix_path')
[2.298s] INFO:colcon.colcon_core.shell:Creating environment hook '/home/jason/gxs/GXS_2024_VisionCode/install/binary_detector/share/binary_detector/hook/cmake_prefix_path.ps1'
[2.299s] INFO:colcon.colcon_core.shell:Creating environment descriptor '/home/jason/gxs/GXS_2024_VisionCode/install/binary_detector/share/binary_detector/hook/cmake_prefix_path.dsv'
[2.300s] INFO:colcon.colcon_core.shell:Creating environment hook '/home/jason/gxs/GXS_2024_VisionCode/install/binary_detector/share/binary_detector/hook/cmake_prefix_path.sh'
[2.301s] Level 1:colcon.colcon_core.environment:checking '/home/jason/gxs/GXS_2024_VisionCode/install/binary_detector/lib'
[2.301s] Level 1:colcon.colcon_core.environment:checking '/home/jason/gxs/GXS_2024_VisionCode/install/binary_detector/bin'
[2.301s] Level 1:colcon.colcon_core.environment:checking '/home/jason/gxs/GXS_2024_VisionCode/install/binary_detector/lib/pkgconfig/binary_detector.pc'
[2.301s] Level 1:colcon.colcon_core.environment:checking '/home/jason/gxs/GXS_2024_VisionCode/install/binary_detector/lib/python3.10/site-packages'
[2.301s] Level 1:colcon.colcon_core.environment:checking '/home/jason/gxs/GXS_2024_VisionCode/install/binary_detector/bin'
[2.302s] INFO:colcon.colcon_core.shell:Creating package script '/home/jason/gxs/GXS_2024_VisionCode/install/binary_detector/share/binary_detector/package.ps1'
[2.304s] INFO:colcon.colcon_core.shell:Creating package descriptor '/home/jason/gxs/GXS_2024_VisionCode/install/binary_detector/share/binary_detector/package.dsv'
[2.306s] INFO:colcon.colcon_core.shell:Creating package script '/home/jason/gxs/GXS_2024_VisionCode/install/binary_detector/share/binary_detector/package.sh'
[2.306s] INFO:colcon.colcon_core.shell:Creating package script '/home/jason/gxs/GXS_2024_VisionCode/install/binary_detector/share/binary_detector/package.bash'
[2.307s] INFO:colcon.colcon_core.shell:Creating package script '/home/jason/gxs/GXS_2024_VisionCode/install/binary_detector/share/binary_detector/package.zsh'
[2.307s] Level 1:colcon.colcon_core.environment:create_file_with_runtime_dependencies(/home/jason/gxs/GXS_2024_VisionCode/install/binary_detector/share/colcon-core/packages/binary_detector)
[2.741s] Level 1:colcon.colcon_core.environment:checking '/home/jason/gxs/GXS_2024_VisionCode/install/line_follow' for CMake module files
[2.742s] DEBUG:colcon.colcon_core.event_handler.log_command:Invoked command in '/home/jason/gxs/GXS_2024_VisionCode/src/line_follow' returned '0': PYTHONPATH=/home/jason/gxs/GXS_2024_VisionCode/build/line_follow/prefix_override:/home/jason/gxs/GXS_2024_VisionCode/install/line_follow/lib/python3.10/site-packages:${PYTHONPATH} /usr/bin/python3 -W ignore:setup.py install is deprecated setup.py egg_info --egg-base ../../build/line_follow build --build-base /home/jason/gxs/GXS_2024_VisionCode/build/line_follow/build install --record /home/jason/gxs/GXS_2024_VisionCode/build/line_follow/install.log --single-version-externally-managed install_data
[2.743s] Level 1:colcon.colcon_core.environment:checking '/home/jason/gxs/GXS_2024_VisionCode/install/line_follow' for CMake config files
[2.744s] Level 1:colcon.colcon_core.environment:checking '/home/jason/gxs/GXS_2024_VisionCode/install/line_follow/lib'
[2.744s] Level 1:colcon.colcon_core.environment:checking '/home/jason/gxs/GXS_2024_VisionCode/install/line_follow/bin'
[2.744s] Level 1:colcon.colcon_core.environment:checking '/home/jason/gxs/GXS_2024_VisionCode/install/line_follow/lib/pkgconfig/line_follow.pc'
[2.744s] Level 1:colcon.colcon_core.environment:checking '/home/jason/gxs/GXS_2024_VisionCode/install/line_follow/lib/python3.10/site-packages'
[2.744s] Level 1:colcon.colcon_core.shell:create_environment_hook('line_follow', 'pythonpath')
[2.745s] INFO:colcon.colcon_core.shell:Creating environment hook '/home/jason/gxs/GXS_2024_VisionCode/install/line_follow/share/line_follow/hook/pythonpath.ps1'
[2.746s] INFO:colcon.colcon_core.shell:Creating environment descriptor '/home/jason/gxs/GXS_2024_VisionCode/install/line_follow/share/line_follow/hook/pythonpath.dsv'
[2.746s] INFO:colcon.colcon_core.shell:Creating environment hook '/home/jason/gxs/GXS_2024_VisionCode/install/line_follow/share/line_follow/hook/pythonpath.sh'
[2.747s] Level 1:colcon.colcon_core.environment:checking '/home/jason/gxs/GXS_2024_VisionCode/install/line_follow/bin'
[2.747s] Level 1:colcon.colcon_core.environment:create_environment_scripts_only(line_follow)
[2.748s] INFO:colcon.colcon_core.shell:Creating package script '/home/jason/gxs/GXS_2024_VisionCode/install/line_follow/share/line_follow/package.ps1'
[2.749s] INFO:colcon.colcon_core.shell:Creating package descriptor '/home/jason/gxs/GXS_2024_VisionCode/install/line_follow/share/line_follow/package.dsv'
[2.749s] INFO:colcon.colcon_core.shell:Creating package script '/home/jason/gxs/GXS_2024_VisionCode/install/line_follow/share/line_follow/package.sh'
[2.749s] INFO:colcon.colcon_core.shell:Creating package script '/home/jason/gxs/GXS_2024_VisionCode/install/line_follow/share/line_follow/package.bash'
[2.750s] INFO:colcon.colcon_core.shell:Creating package script '/home/jason/gxs/GXS_2024_VisionCode/install/line_follow/share/line_follow/package.zsh'
[2.750s] Level 1:colcon.colcon_core.environment:create_file_with_runtime_dependencies(/home/jason/gxs/GXS_2024_VisionCode/install/line_follow/share/colcon-core/packages/line_follow)
[28.271s] DEBUG:colcon.colcon_core.event_handler.log_command:Invoked command in '/home/jason/gxs/GXS_2024_VisionCode/build/gxs_serial_driver' returned '0': CMAKE_PREFIX_PATH=/home/jason/gxs/GXS_2024_VisionCode/install/qrmsg:/home/jason/gxs/GXS_2024_VisionCode/install/gxs_serial_driver:/home/jason/gxs/GXS_2024_VisionCode/install/colorblock_detector:/home/jason/gxs/GXS_2024_VisionCode/install/binary_detector:/home/jason/gxs/GXS_2024_VisionCode/install/camera_driver:/home/jason/gxs/GXS_2024_VisionCode/install/adjust_hsv:/home/jason/gxs/GXS_2024_VisionCode/install/line_follow:/opt/ros/humble LD_LIBRARY_PATH=/home/jason/gxs/GXS_2024_VisionCode/install/qrmsg/lib:/home/jason/gxs/GXS_2024_VisionCode/install/gxs_serial_driver/lib:/opt/MVS/lib/64:/opt/MVS/lib/32:/opt/MVS/lib/64:/opt/MVS/lib/32:/opt/MVS/lib/64:/opt/MVS/lib/32:/usr/lib/x86_64-linux-gnu/gazebo-11/plugins:/opt/ros/humble/opt/rviz_ogre_vendor/lib:/opt/ros/humble/lib/x86_64-linux-gnu:/opt/ros/humble/lib:/opt/MVS/lib/64:/opt/MVS/lib/32:/opt/MVS/lib/64:/opt/MVS/lib/32:/opt/MVS/lib/64:/opt/MVS/lib/32 /usr/bin/cmake --build /home/jason/gxs/GXS_2024_VisionCode/build/gxs_serial_driver -- -j16 -l16
[28.328s] DEBUG:colcon.colcon_core.event_handler.log_command:Invoking command in '/home/jason/gxs/GXS_2024_VisionCode/build/gxs_serial_driver': CMAKE_PREFIX_PATH=/home/jason/gxs/GXS_2024_VisionCode/install/qrmsg:/home/jason/gxs/GXS_2024_VisionCode/install/gxs_serial_driver:/home/jason/gxs/GXS_2024_VisionCode/install/colorblock_detector:/home/jason/gxs/GXS_2024_VisionCode/install/binary_detector:/home/jason/gxs/GXS_2024_VisionCode/install/camera_driver:/home/jason/gxs/GXS_2024_VisionCode/install/adjust_hsv:/home/jason/gxs/GXS_2024_VisionCode/install/line_follow:/opt/ros/humble LD_LIBRARY_PATH=/home/jason/gxs/GXS_2024_VisionCode/install/qrmsg/lib:/home/jason/gxs/GXS_2024_VisionCode/install/gxs_serial_driver/lib:/opt/MVS/lib/64:/opt/MVS/lib/32:/opt/MVS/lib/64:/opt/MVS/lib/32:/opt/MVS/lib/64:/opt/MVS/lib/32:/usr/lib/x86_64-linux-gnu/gazebo-11/plugins:/opt/ros/humble/opt/rviz_ogre_vendor/lib:/opt/ros/humble/lib/x86_64-linux-gnu:/opt/ros/humble/lib:/opt/MVS/lib/64:/opt/MVS/lib/32:/opt/MVS/lib/64:/opt/MVS/lib/32:/opt/MVS/lib/64:/opt/MVS/lib/32 /usr/bin/cmake --install /home/jason/gxs/GXS_2024_VisionCode/build/gxs_serial_driver
[28.359s] Level 1:colcon.colcon_core.environment:create_environment_scripts_only(gxs_serial_driver)
[28.361s] Level 1:colcon.colcon_core.environment:checking '/home/jason/gxs/GXS_2024_VisionCode/install/gxs_serial_driver' for CMake module files
[28.363s] DEBUG:colcon.colcon_core.event_handler.log_command:Invoked command in '/home/jason/gxs/GXS_2024_VisionCode/build/gxs_serial_driver' returned '0': CMAKE_PREFIX_PATH=/home/jason/gxs/GXS_2024_VisionCode/install/qrmsg:/home/jason/gxs/GXS_2024_VisionCode/install/gxs_serial_driver:/home/jason/gxs/GXS_2024_VisionCode/install/colorblock_detector:/home/jason/gxs/GXS_2024_VisionCode/install/binary_detector:/home/jason/gxs/GXS_2024_VisionCode/install/camera_driver:/home/jason/gxs/GXS_2024_VisionCode/install/adjust_hsv:/home/jason/gxs/GXS_2024_VisionCode/install/line_follow:/opt/ros/humble LD_LIBRARY_PATH=/home/jason/gxs/GXS_2024_VisionCode/install/qrmsg/lib:/home/jason/gxs/GXS_2024_VisionCode/install/gxs_serial_driver/lib:/opt/MVS/lib/64:/opt/MVS/lib/32:/opt/MVS/lib/64:/opt/MVS/lib/32:/opt/MVS/lib/64:/opt/MVS/lib/32:/usr/lib/x86_64-linux-gnu/gazebo-11/plugins:/opt/ros/humble/opt/rviz_ogre_vendor/lib:/opt/ros/humble/lib/x86_64-linux-gnu:/opt/ros/humble/lib:/opt/MVS/lib/64:/opt/MVS/lib/32:/opt/MVS/lib/64:/opt/MVS/lib/32:/opt/MVS/lib/64:/opt/MVS/lib/32 /usr/bin/cmake --install /home/jason/gxs/GXS_2024_VisionCode/build/gxs_serial_driver
[28.363s] Level 1:colcon.colcon_core.environment:checking '/home/jason/gxs/GXS_2024_VisionCode/install/gxs_serial_driver' for CMake config files
[28.364s] Level 1:colcon.colcon_core.shell:create_environment_hook('gxs_serial_driver', 'cmake_prefix_path')
[28.365s] INFO:colcon.colcon_core.shell:Creating environment hook '/home/jason/gxs/GXS_2024_VisionCode/install/gxs_serial_driver/share/gxs_serial_driver/hook/cmake_prefix_path.ps1'
[28.366s] INFO:colcon.colcon_core.shell:Creating environment descriptor '/home/jason/gxs/GXS_2024_VisionCode/install/gxs_serial_driver/share/gxs_serial_driver/hook/cmake_prefix_path.dsv'
[28.367s] INFO:colcon.colcon_core.shell:Creating environment hook '/home/jason/gxs/GXS_2024_VisionCode/install/gxs_serial_driver/share/gxs_serial_driver/hook/cmake_prefix_path.sh'
[28.367s] Level 1:colcon.colcon_core.environment:checking '/home/jason/gxs/GXS_2024_VisionCode/install/gxs_serial_driver/lib'
[28.367s] Level 1:colcon.colcon_core.shell:create_environment_hook('gxs_serial_driver', 'ld_library_path_lib')
[28.368s] INFO:colcon.colcon_core.shell:Creating environment hook '/home/jason/gxs/GXS_2024_VisionCode/install/gxs_serial_driver/share/gxs_serial_driver/hook/ld_library_path_lib.ps1'
[28.368s] INFO:colcon.colcon_core.shell:Creating environment descriptor '/home/jason/gxs/GXS_2024_VisionCode/install/gxs_serial_driver/share/gxs_serial_driver/hook/ld_library_path_lib.dsv'
[28.368s] INFO:colcon.colcon_core.shell:Creating environment hook '/home/jason/gxs/GXS_2024_VisionCode/install/gxs_serial_driver/share/gxs_serial_driver/hook/ld_library_path_lib.sh'
[28.368s] Level 1:colcon.colcon_core.environment:checking '/home/jason/gxs/GXS_2024_VisionCode/install/gxs_serial_driver/bin'
[28.368s] Level 1:colcon.colcon_core.environment:checking '/home/jason/gxs/GXS_2024_VisionCode/install/gxs_serial_driver/lib/pkgconfig/gxs_serial_driver.pc'
[28.369s] Level 1:colcon.colcon_core.environment:checking '/home/jason/gxs/GXS_2024_VisionCode/install/gxs_serial_driver/lib/python3.10/site-packages'
[28.369s] Level 1:colcon.colcon_core.environment:checking '/home/jason/gxs/GXS_2024_VisionCode/install/gxs_serial_driver/bin'
[28.370s] INFO:colcon.colcon_core.shell:Creating package script '/home/jason/gxs/GXS_2024_VisionCode/install/gxs_serial_driver/share/gxs_serial_driver/package.ps1'
[28.372s] INFO:colcon.colcon_core.shell:Creating package descriptor '/home/jason/gxs/GXS_2024_VisionCode/install/gxs_serial_driver/share/gxs_serial_driver/package.dsv'
[28.372s] INFO:colcon.colcon_core.shell:Creating package script '/home/jason/gxs/GXS_2024_VisionCode/install/gxs_serial_driver/share/gxs_serial_driver/package.sh'
[28.373s] INFO:colcon.colcon_core.shell:Creating package script '/home/jason/gxs/GXS_2024_VisionCode/install/gxs_serial_driver/share/gxs_serial_driver/package.bash'
[28.374s] INFO:colcon.colcon_core.shell:Creating package script '/home/jason/gxs/GXS_2024_VisionCode/install/gxs_serial_driver/share/gxs_serial_driver/package.zsh'
[28.374s] Level 1:colcon.colcon_core.environment:create_file_with_runtime_dependencies(/home/jason/gxs/GXS_2024_VisionCode/install/gxs_serial_driver/share/colcon-core/packages/gxs_serial_driver)
[28.434s] Level 1:colcon.colcon_core.environment:create_environment_scripts_only(gxs_serial_driver)
[28.435s] Level 1:colcon.colcon_core.environment:checking '/home/jason/gxs/GXS_2024_VisionCode/install/gxs_serial_driver' for CMake module files
[28.436s] Level 1:colcon.colcon_core.environment:checking '/home/jason/gxs/GXS_2024_VisionCode/install/gxs_serial_driver' for CMake config files
[28.437s] Level 1:colcon.colcon_core.shell:create_environment_hook('gxs_serial_driver', 'cmake_prefix_path')
[28.437s] INFO:colcon.colcon_core.shell:Creating environment hook '/home/jason/gxs/GXS_2024_VisionCode/install/gxs_serial_driver/share/gxs_serial_driver/hook/cmake_prefix_path.ps1'
[28.439s] INFO:colcon.colcon_core.shell:Creating environment descriptor '/home/jason/gxs/GXS_2024_VisionCode/install/gxs_serial_driver/share/gxs_serial_driver/hook/cmake_prefix_path.dsv'
[28.439s] INFO:colcon.colcon_core.shell:Creating environment hook '/home/jason/gxs/GXS_2024_VisionCode/install/gxs_serial_driver/share/gxs_serial_driver/hook/cmake_prefix_path.sh'
[28.440s] Level 1:colcon.colcon_core.environment:checking '/home/jason/gxs/GXS_2024_VisionCode/install/gxs_serial_driver/lib'
[28.440s] Level 1:colcon.colcon_core.shell:create_environment_hook('gxs_serial_driver', 'ld_library_path_lib')
[28.441s] INFO:colcon.colcon_core.shell:Creating environment hook '/home/jason/gxs/GXS_2024_VisionCode/install/gxs_serial_driver/share/gxs_serial_driver/hook/ld_library_path_lib.ps1'
[28.441s] INFO:colcon.colcon_core.shell:Creating environment descriptor '/home/jason/gxs/GXS_2024_VisionCode/install/gxs_serial_driver/share/gxs_serial_driver/hook/ld_library_path_lib.dsv'
[28.442s] INFO:colcon.colcon_core.shell:Creating environment hook '/home/jason/gxs/GXS_2024_VisionCode/install/gxs_serial_driver/share/gxs_serial_driver/hook/ld_library_path_lib.sh'
[28.443s] Level 1:colcon.colcon_core.environment:checking '/home/jason/gxs/GXS_2024_VisionCode/install/gxs_serial_driver/bin'
[28.443s] Level 1:colcon.colcon_core.environment:checking '/home/jason/gxs/GXS_2024_VisionCode/install/gxs_serial_driver/lib/pkgconfig/gxs_serial_driver.pc'
[28.443s] Level 1:colcon.colcon_core.environment:checking '/home/jason/gxs/GXS_2024_VisionCode/install/gxs_serial_driver/lib/python3.10/site-packages'
[28.443s] Level 1:colcon.colcon_core.environment:checking '/home/jason/gxs/GXS_2024_VisionCode/install/gxs_serial_driver/bin'
[28.444s] INFO:colcon.colcon_core.shell:Creating package script '/home/jason/gxs/GXS_2024_VisionCode/install/gxs_serial_driver/share/gxs_serial_driver/package.ps1'
[28.445s] INFO:colcon.colcon_core.shell:Creating package descriptor '/home/jason/gxs/GXS_2024_VisionCode/install/gxs_serial_driver/share/gxs_serial_driver/package.dsv'
[28.446s] INFO:colcon.colcon_core.shell:Creating package script '/home/jason/gxs/GXS_2024_VisionCode/install/gxs_serial_driver/share/gxs_serial_driver/package.sh'
[28.446s] INFO:colcon.colcon_core.shell:Creating package script '/home/jason/gxs/GXS_2024_VisionCode/install/gxs_serial_driver/share/gxs_serial_driver/package.bash'
[28.446s] INFO:colcon.colcon_core.shell:Creating package script '/home/jason/gxs/GXS_2024_VisionCode/install/gxs_serial_driver/share/gxs_serial_driver/package.zsh'
[28.447s] Level 1:colcon.colcon_core.environment:create_file_with_runtime_dependencies(/home/jason/gxs/GXS_2024_VisionCode/install/gxs_serial_driver/share/colcon-core/packages/gxs_serial_driver)
[28.447s] DEBUG:colcon.colcon_parallel_executor.executor.parallel:closing loop
[28.448s] DEBUG:colcon.colcon_parallel_executor.executor.parallel:loop closed
[28.448s] DEBUG:colcon.colcon_parallel_executor.executor.parallel:run_until_complete finished with '0'
[28.449s] DEBUG:colcon.colcon_core.event_reactor:joining thread
[28.460s] INFO:colcon.colcon_core.plugin_system:Skipping extension 'colcon_notification.desktop_notification.terminal_notifier': Not used on non-Darwin systems
[28.460s] INFO:colcon.colcon_core.plugin_system:Skipping extension 'colcon_notification.desktop_notification.win32': Not used on non-Windows systems
[28.460s] INFO:colcon.colcon_notification.desktop_notification:Sending desktop notification using 'notify2'
[28.489s] DEBUG:colcon.colcon_core.event_reactor:joined thread
[28.490s] INFO:colcon.colcon_core.shell:Creating prefix script '/home/jason/gxs/GXS_2024_VisionCode/install/local_setup.ps1'
[28.492s] INFO:colcon.colcon_core.shell:Creating prefix util module '/home/jason/gxs/GXS_2024_VisionCode/install/_local_setup_util_ps1.py'
[28.494s] INFO:colcon.colcon_core.shell:Creating prefix chain script '/home/jason/gxs/GXS_2024_VisionCode/install/setup.ps1'
[28.497s] INFO:colcon.colcon_core.shell:Creating prefix script '/home/jason/gxs/GXS_2024_VisionCode/install/local_setup.sh'
[28.498s] INFO:colcon.colcon_core.shell:Creating prefix util module '/home/jason/gxs/GXS_2024_VisionCode/install/_local_setup_util_sh.py'
[28.499s] INFO:colcon.colcon_core.shell:Creating prefix chain script '/home/jason/gxs/GXS_2024_VisionCode/install/setup.sh'
[28.500s] INFO:colcon.colcon_core.shell:Creating prefix script '/home/jason/gxs/GXS_2024_VisionCode/install/local_setup.bash'
[28.500s] INFO:colcon.colcon_core.shell:Creating prefix chain script '/home/jason/gxs/GXS_2024_VisionCode/install/setup.bash'
[28.505s] INFO:colcon.colcon_core.shell:Creating prefix script '/home/jason/gxs/GXS_2024_VisionCode/install/local_setup.zsh'
[28.506s] INFO:colcon.colcon_core.shell:Creating prefix chain script '/home/jason/gxs/GXS_2024_VisionCode/install/setup.zsh'
