[0.010s] Invoking command in '/home/jason/gxs/GXS_2024_VisionCode/build/binary_detector': AMENT_PREFIX_PATH=/home/jason/gxs/GXS_2024_VisionCode/install/qrmsg:${AMENT_PREFIX_PATH} CMAKE_PREFIX_PATH=/home/jason/gxs/GXS_2024_VisionCode/install/qrmsg:/home/jason/Desktop/rm_vision/install/trajectory:/home/jason/Desktop/rm_vision/install/rm_vision_bringup:/home/jason/Desktop/rm_vision/install/rm_serial_driver:/home/jason/Desktop/rm_vision/install/rm_gimbal_description:/home/jason/Desktop/rm_vision/install/rm_auto_aim:/home/jason/Desktop/rm_vision/install/mindvision_camera:/home/jason/Desktop/rm_vision/install/armor_tracker:/home/jason/Desktop/rm_vision/install/armor_detector:/home/jason/Desktop/rm_vision/install/auto_aim_interfaces:/opt/ros/humble LD_LIBRARY_PATH=/home/jason/gxs/GXS_2024_VisionCode/install/qrmsg/lib:${LD_LIBRARY_PATH} PYTHONPATH=/home/jason/gxs/GXS_2024_VisionCode/install/qrmsg/local/lib/python3.10/dist-packages:${PYTHONPATH} /usr/bin/cmake --build /home/jason/gxs/GXS_2024_VisionCode/build/binary_detector -- -j16 -l16
[0.041s] [35m[1mConsolidate compiler generated dependencies of target binary_detector[0m
[0.056s] [ 25%] [32mBuilding CXX object CMakeFiles/binary_detector.dir/src/binary.cpp.o[0m
[3.312s] [ 50%] [32m[1mLinking CXX static library libbinary_detector.a[0m
[3.346s] [ 50%] Built target binary_detector
[3.360s] [ 75%] [32mBuilding CXX object CMakeFiles/binary.dir/src/main.cpp.o[0m
[6.114s] [100%] [32m[1mLinking CXX executable binary[0m
[6.442s] [100%] Built target binary
[6.449s] Invoked command in '/home/jason/gxs/GXS_2024_VisionCode/build/binary_detector' returned '0': AMENT_PREFIX_PATH=/home/jason/gxs/GXS_2024_VisionCode/install/qrmsg:${AMENT_PREFIX_PATH} CMAKE_PREFIX_PATH=/home/jason/gxs/GXS_2024_VisionCode/install/qrmsg:/home/jason/Desktop/rm_vision/install/trajectory:/home/jason/Desktop/rm_vision/install/rm_vision_bringup:/home/jason/Desktop/rm_vision/install/rm_serial_driver:/home/jason/Desktop/rm_vision/install/rm_gimbal_description:/home/jason/Desktop/rm_vision/install/rm_auto_aim:/home/jason/Desktop/rm_vision/install/mindvision_camera:/home/jason/Desktop/rm_vision/install/armor_tracker:/home/jason/Desktop/rm_vision/install/armor_detector:/home/jason/Desktop/rm_vision/install/auto_aim_interfaces:/opt/ros/humble LD_LIBRARY_PATH=/home/jason/gxs/GXS_2024_VisionCode/install/qrmsg/lib:${LD_LIBRARY_PATH} PYTHONPATH=/home/jason/gxs/GXS_2024_VisionCode/install/qrmsg/local/lib/python3.10/dist-packages:${PYTHONPATH} /usr/bin/cmake --build /home/jason/gxs/GXS_2024_VisionCode/build/binary_detector -- -j16 -l16
[6.466s] Invoking command in '/home/jason/gxs/GXS_2024_VisionCode/build/binary_detector': AMENT_PREFIX_PATH=/home/jason/gxs/GXS_2024_VisionCode/install/qrmsg:${AMENT_PREFIX_PATH} CMAKE_PREFIX_PATH=/home/jason/gxs/GXS_2024_VisionCode/install/qrmsg:/home/jason/Desktop/rm_vision/install/trajectory:/home/jason/Desktop/rm_vision/install/rm_vision_bringup:/home/jason/Desktop/rm_vision/install/rm_serial_driver:/home/jason/Desktop/rm_vision/install/rm_gimbal_description:/home/jason/Desktop/rm_vision/install/rm_auto_aim:/home/jason/Desktop/rm_vision/install/mindvision_camera:/home/jason/Desktop/rm_vision/install/armor_tracker:/home/jason/Desktop/rm_vision/install/armor_detector:/home/jason/Desktop/rm_vision/install/auto_aim_interfaces:/opt/ros/humble LD_LIBRARY_PATH=/home/jason/gxs/GXS_2024_VisionCode/install/qrmsg/lib:${LD_LIBRARY_PATH} PYTHONPATH=/home/jason/gxs/GXS_2024_VisionCode/install/qrmsg/local/lib/python3.10/dist-packages:${PYTHONPATH} /usr/bin/cmake --install /home/jason/gxs/GXS_2024_VisionCode/build/binary_detector
[6.472s] -- Install configuration: ""
[6.472s] -- Installing: /home/jason/gxs/GXS_2024_VisionCode/install/binary_detector/lib/binary_detector/libbinary_detector.a
[6.473s] -- Installing: /home/jason/gxs/GXS_2024_VisionCode/install/binary_detector/include/
[6.473s] -- Installing: /home/jason/gxs/GXS_2024_VisionCode/install/binary_detector/include//binary_detector
[6.473s] -- Installing: /home/jason/gxs/GXS_2024_VisionCode/install/binary_detector/include//binary_detector/binary.hpp
[6.473s] -- Installing: /home/jason/gxs/GXS_2024_VisionCode/install/binary_detector/lib/binary_detector/binary
[6.473s] -- Set runtime path of "/home/jason/gxs/GXS_2024_VisionCode/install/binary_detector/lib/binary_detector/binary" to ""
[6.474s] -- Installing: /home/jason/gxs/GXS_2024_VisionCode/install/binary_detector/share/ament_index/resource_index/package_run_dependencies/binary_detector
[6.474s] -- Installing: /home/jason/gxs/GXS_2024_VisionCode/install/binary_detector/share/ament_index/resource_index/parent_prefix_path/binary_detector
[6.474s] -- Installing: /home/jason/gxs/GXS_2024_VisionCode/install/binary_detector/share/binary_detector/environment/ament_prefix_path.sh
[6.474s] -- Installing: /home/jason/gxs/GXS_2024_VisionCode/install/binary_detector/share/binary_detector/environment/ament_prefix_path.dsv
[6.474s] -- Installing: /home/jason/gxs/GXS_2024_VisionCode/install/binary_detector/share/binary_detector/environment/path.sh
[6.474s] -- Installing: /home/jason/gxs/GXS_2024_VisionCode/install/binary_detector/share/binary_detector/environment/path.dsv
[6.474s] -- Installing: /home/jason/gxs/GXS_2024_VisionCode/install/binary_detector/share/binary_detector/local_setup.bash
[6.474s] -- Installing: /home/jason/gxs/GXS_2024_VisionCode/install/binary_detector/share/binary_detector/local_setup.sh
[6.474s] -- Installing: /home/jason/gxs/GXS_2024_VisionCode/install/binary_detector/share/binary_detector/local_setup.zsh
[6.474s] -- Installing: /home/jason/gxs/GXS_2024_VisionCode/install/binary_detector/share/binary_detector/local_setup.dsv
[6.474s] -- Installing: /home/jason/gxs/GXS_2024_VisionCode/install/binary_detector/share/binary_detector/package.dsv
[6.474s] -- Installing: /home/jason/gxs/GXS_2024_VisionCode/install/binary_detector/share/ament_index/resource_index/packages/binary_detector
[6.474s] -- Installing: /home/jason/gxs/GXS_2024_VisionCode/install/binary_detector/share/binary_detector/cmake/binary_detectorConfig.cmake
[6.474s] -- Installing: /home/jason/gxs/GXS_2024_VisionCode/install/binary_detector/share/binary_detector/cmake/binary_detectorConfig-version.cmake
[6.474s] -- Installing: /home/jason/gxs/GXS_2024_VisionCode/install/binary_detector/share/binary_detector/package.xml
[6.476s] Invoked command in '/home/jason/gxs/GXS_2024_VisionCode/build/binary_detector' returned '0': AMENT_PREFIX_PATH=/home/jason/gxs/GXS_2024_VisionCode/install/qrmsg:${AMENT_PREFIX_PATH} CMAKE_PREFIX_PATH=/home/jason/gxs/GXS_2024_VisionCode/install/qrmsg:/home/jason/Desktop/rm_vision/install/trajectory:/home/jason/Desktop/rm_vision/install/rm_vision_bringup:/home/jason/Desktop/rm_vision/install/rm_serial_driver:/home/jason/Desktop/rm_vision/install/rm_gimbal_description:/home/jason/Desktop/rm_vision/install/rm_auto_aim:/home/jason/Desktop/rm_vision/install/mindvision_camera:/home/jason/Desktop/rm_vision/install/armor_tracker:/home/jason/Desktop/rm_vision/install/armor_detector:/home/jason/Desktop/rm_vision/install/auto_aim_interfaces:/opt/ros/humble LD_LIBRARY_PATH=/home/jason/gxs/GXS_2024_VisionCode/install/qrmsg/lib:${LD_LIBRARY_PATH} PYTHONPATH=/home/jason/gxs/GXS_2024_VisionCode/install/qrmsg/local/lib/python3.10/dist-packages:${PYTHONPATH} /usr/bin/cmake --install /home/jason/gxs/GXS_2024_VisionCode/build/binary_detector
