[0.011s] Invoking command in '/home/jason/gxs/GXS_2024_VisionCode/build/colorblock_detector': AMENT_PREFIX_PATH=/home/jason/gxs/GXS_2024_VisionCode/install/qrmsg:${AMENT_PREFIX_PATH} CMAKE_PREFIX_PATH=/home/jason/gxs/GXS_2024_VisionCode/install/qrmsg:/home/jason/Desktop/rm_vision/install/trajectory:/home/jason/Desktop/rm_vision/install/rm_vision_bringup:/home/jason/Desktop/rm_vision/install/rm_serial_driver:/home/jason/Desktop/rm_vision/install/rm_gimbal_description:/home/jason/Desktop/rm_vision/install/rm_auto_aim:/home/jason/Desktop/rm_vision/install/mindvision_camera:/home/jason/Desktop/rm_vision/install/armor_tracker:/home/jason/Desktop/rm_vision/install/armor_detector:/home/jason/Desktop/rm_vision/install/auto_aim_interfaces:/opt/ros/humble LD_LIBRARY_PATH=/home/jason/gxs/GXS_2024_VisionCode/install/qrmsg/lib:${LD_LIBRARY_PATH} PYTHONPATH=/home/jason/gxs/GXS_2024_VisionCode/install/qrmsg/local/lib/python3.10/dist-packages:${PYTHONPATH} /usr/bin/cmake --build /home/jason/gxs/GXS_2024_VisionCode/build/colorblock_detector -- -j16 -l16
[0.049s] [100%] Built target colorblock
[0.058s] Invoked command in '/home/jason/gxs/GXS_2024_VisionCode/build/colorblock_detector' returned '0': AMENT_PREFIX_PATH=/home/jason/gxs/GXS_2024_VisionCode/install/qrmsg:${AMENT_PREFIX_PATH} CMAKE_PREFIX_PATH=/home/jason/gxs/GXS_2024_VisionCode/install/qrmsg:/home/jason/Desktop/rm_vision/install/trajectory:/home/jason/Desktop/rm_vision/install/rm_vision_bringup:/home/jason/Desktop/rm_vision/install/rm_serial_driver:/home/jason/Desktop/rm_vision/install/rm_gimbal_description:/home/jason/Desktop/rm_vision/install/rm_auto_aim:/home/jason/Desktop/rm_vision/install/mindvision_camera:/home/jason/Desktop/rm_vision/install/armor_tracker:/home/jason/Desktop/rm_vision/install/armor_detector:/home/jason/Desktop/rm_vision/install/auto_aim_interfaces:/opt/ros/humble LD_LIBRARY_PATH=/home/jason/gxs/GXS_2024_VisionCode/install/qrmsg/lib:${LD_LIBRARY_PATH} PYTHONPATH=/home/jason/gxs/GXS_2024_VisionCode/install/qrmsg/local/lib/python3.10/dist-packages:${PYTHONPATH} /usr/bin/cmake --build /home/jason/gxs/GXS_2024_VisionCode/build/colorblock_detector -- -j16 -l16
[0.077s] Invoking command in '/home/jason/gxs/GXS_2024_VisionCode/build/colorblock_detector': AMENT_PREFIX_PATH=/home/jason/gxs/GXS_2024_VisionCode/install/qrmsg:${AMENT_PREFIX_PATH} CMAKE_PREFIX_PATH=/home/jason/gxs/GXS_2024_VisionCode/install/qrmsg:/home/jason/Desktop/rm_vision/install/trajectory:/home/jason/Desktop/rm_vision/install/rm_vision_bringup:/home/jason/Desktop/rm_vision/install/rm_serial_driver:/home/jason/Desktop/rm_vision/install/rm_gimbal_description:/home/jason/Desktop/rm_vision/install/rm_auto_aim:/home/jason/Desktop/rm_vision/install/mindvision_camera:/home/jason/Desktop/rm_vision/install/armor_tracker:/home/jason/Desktop/rm_vision/install/armor_detector:/home/jason/Desktop/rm_vision/install/auto_aim_interfaces:/opt/ros/humble LD_LIBRARY_PATH=/home/jason/gxs/GXS_2024_VisionCode/install/qrmsg/lib:${LD_LIBRARY_PATH} PYTHONPATH=/home/jason/gxs/GXS_2024_VisionCode/install/qrmsg/local/lib/python3.10/dist-packages:${PYTHONPATH} /usr/bin/cmake --install /home/jason/gxs/GXS_2024_VisionCode/build/colorblock_detector
[0.083s] -- Install configuration: ""
[0.083s] -- Up-to-date: /home/jason/gxs/GXS_2024_VisionCode/install/colorblock_detector/lib/colorblock_detector/colorblock
[0.083s] -- Up-to-date: /home/jason/gxs/GXS_2024_VisionCode/install/colorblock_detector/share/ament_index/resource_index/package_run_dependencies/colorblock_detector
[0.083s] -- Up-to-date: /home/jason/gxs/GXS_2024_VisionCode/install/colorblock_detector/share/ament_index/resource_index/parent_prefix_path/colorblock_detector
[0.083s] -- Up-to-date: /home/jason/gxs/GXS_2024_VisionCode/install/colorblock_detector/share/colorblock_detector/environment/ament_prefix_path.sh
[0.083s] -- Up-to-date: /home/jason/gxs/GXS_2024_VisionCode/install/colorblock_detector/share/colorblock_detector/environment/ament_prefix_path.dsv
[0.083s] -- Up-to-date: /home/jason/gxs/GXS_2024_VisionCode/install/colorblock_detector/share/colorblock_detector/environment/path.sh
[0.083s] -- Up-to-date: /home/jason/gxs/GXS_2024_VisionCode/install/colorblock_detector/share/colorblock_detector/environment/path.dsv
[0.084s] -- Up-to-date: /home/jason/gxs/GXS_2024_VisionCode/install/colorblock_detector/share/colorblock_detector/local_setup.bash
[0.084s] -- Up-to-date: /home/jason/gxs/GXS_2024_VisionCode/install/colorblock_detector/share/colorblock_detector/local_setup.sh
[0.084s] -- Up-to-date: /home/jason/gxs/GXS_2024_VisionCode/install/colorblock_detector/share/colorblock_detector/local_setup.zsh
[0.084s] -- Up-to-date: /home/jason/gxs/GXS_2024_VisionCode/install/colorblock_detector/share/colorblock_detector/local_setup.dsv
[0.084s] -- Installing: /home/jason/gxs/GXS_2024_VisionCode/install/colorblock_detector/share/colorblock_detector/package.dsv
[0.084s] -- Up-to-date: /home/jason/gxs/GXS_2024_VisionCode/install/colorblock_detector/share/ament_index/resource_index/packages/colorblock_detector
[0.084s] -- Up-to-date: /home/jason/gxs/GXS_2024_VisionCode/install/colorblock_detector/share/colorblock_detector/cmake/colorblock_detectorConfig.cmake
[0.084s] -- Up-to-date: /home/jason/gxs/GXS_2024_VisionCode/install/colorblock_detector/share/colorblock_detector/cmake/colorblock_detectorConfig-version.cmake
[0.084s] -- Up-to-date: /home/jason/gxs/GXS_2024_VisionCode/install/colorblock_detector/share/colorblock_detector/package.xml
[0.085s] Invoked command in '/home/jason/gxs/GXS_2024_VisionCode/build/colorblock_detector' returned '0': AMENT_PREFIX_PATH=/home/jason/gxs/GXS_2024_VisionCode/install/qrmsg:${AMENT_PREFIX_PATH} CMAKE_PREFIX_PATH=/home/jason/gxs/GXS_2024_VisionCode/install/qrmsg:/home/jason/Desktop/rm_vision/install/trajectory:/home/jason/Desktop/rm_vision/install/rm_vision_bringup:/home/jason/Desktop/rm_vision/install/rm_serial_driver:/home/jason/Desktop/rm_vision/install/rm_gimbal_description:/home/jason/Desktop/rm_vision/install/rm_auto_aim:/home/jason/Desktop/rm_vision/install/mindvision_camera:/home/jason/Desktop/rm_vision/install/armor_tracker:/home/jason/Desktop/rm_vision/install/armor_detector:/home/jason/Desktop/rm_vision/install/auto_aim_interfaces:/opt/ros/humble LD_LIBRARY_PATH=/home/jason/gxs/GXS_2024_VisionCode/install/qrmsg/lib:${LD_LIBRARY_PATH} PYTHONPATH=/home/jason/gxs/GXS_2024_VisionCode/install/qrmsg/local/lib/python3.10/dist-packages:${PYTHONPATH} /usr/bin/cmake --install /home/jason/gxs/GXS_2024_VisionCode/build/colorblock_detector
