[0.014s] Invoking command in '/home/lccc/Desktop/GXS_2024_VisionCode/build/gxs_serial_driver': AMENT_PREFIX_PATH=/home/lccc/Desktop/GXS_2024_VisionCode/install/qrmsg:${AMENT_PREFIX_PATH} CMAKE_PREFIX_PATH=/home/lccc/Desktop/GXS_2024_VisionCode/install/qrmsg:/opt/ros/humble LD_LIBRARY_PATH=/home/lccc/Desktop/GXS_2024_VisionCode/install/qrmsg/lib:${LD_LIBRARY_PATH} PYTHONPATH=/home/lccc/Desktop/GXS_2024_VisionCode/install/qrmsg/local/lib/python3.10/dist-packages:${PYTHONPATH} /usr/bin/cmake /home/lccc/Desktop/GXS_2024_VisionCode/src/rm_serial_driver -DCMAKE_INSTALL_PREFIX=/home/lccc/Desktop/GXS_2024_VisionCode/install/gxs_serial_driver
[0.056s] -- The C compiler identification is GNU 11.4.0
[0.096s] -- The CXX compiler identification is GNU 11.4.0
[0.102s] -- Detecting C compiler ABI info
[0.158s] -- Detecting C compiler ABI info - done
[0.162s] -- Check for working C compiler: /usr/bin/cc - skipped
[0.162s] -- Detecting C compile features
[0.163s] -- Detecting C compile features - done
[0.165s] -- Detecting CXX compiler ABI info
[0.234s] -- Detecting CXX compiler ABI info - done
[0.241s] -- Check for working CXX compiler: /usr/bin/c++ - skipped
[0.242s] -- Detecting CXX compile features
[0.242s] -- Detecting CXX compile features - done
[0.244s] -- Found ament_cmake_auto: 1.3.10 (/opt/ros/humble/share/ament_cmake_auto/cmake)
[0.385s] -- Found Python3: /usr/bin/python3 (found version "3.10.12") found components: Interpreter 
[0.542s] -- Found rosidl_generator_c: 3.1.5 (/opt/ros/humble/share/rosidl_generator_c/cmake)
[0.546s] -- Found rosidl_adapter: 3.1.5 (/opt/ros/humble/share/rosidl_adapter/cmake)
[0.555s] -- Found rosidl_generator_cpp: 3.1.5 (/opt/ros/humble/share/rosidl_generator_cpp/cmake)
[0.564s] -- Using all available rosidl_typesupport_c: rosidl_typesupport_fastrtps_c;rosidl_typesupport_introspection_c
[0.574s] -- Using all available rosidl_typesupport_cpp: rosidl_typesupport_fastrtps_cpp;rosidl_typesupport_introspection_cpp
[0.598s] -- Found rmw_implementation_cmake: 6.1.2 (/opt/ros/humble/share/rmw_implementation_cmake/cmake)
[0.600s] -- Found rmw_fastrtps_cpp: 6.2.7 (/opt/ros/humble/share/rmw_fastrtps_cpp/cmake)
[0.658s] -- Found OpenSSL: /usr/lib/x86_64-linux-gnu/libcrypto.so (found version "3.0.2")  
[0.679s] -- Found FastRTPS: /opt/ros/humble/include  
[0.711s] -- Using RMW implementation 'rmw_fastrtps_cpp' as default
[0.719s] -- Looking for pthread.h
[0.779s] -- Looking for pthread.h - found
[0.779s] -- Performing Test CMAKE_HAVE_LIBC_PTHREAD
[0.839s] -- Performing Test CMAKE_HAVE_LIBC_PTHREAD - Success
[0.840s] -- Found Threads: TRUE  
[0.912s] -- Found asio_cmake_module: 1.2.0 (/opt/ros/humble/share/asio_cmake_module/cmake)
[0.913s] -- Found ASIO: /usr/include  
[0.954s] -- Found ament_lint_auto: 0.12.11 (/opt/ros/humble/share/ament_lint_auto/cmake)
[0.970s] -- Added test 'cppcheck' to perform static code analysis on C / C++ code
[0.971s] -- Configured cppcheck include dirs: /home/lccc/Desktop/GXS_2024_VisionCode/src/rm_serial_driver/include
[0.971s] -- Configured cppcheck exclude dirs and/or files: 
[0.971s] -- Added test 'cpplint' to check C / C++ code against the Google style
[0.971s] -- Configured cpplint exclude dirs and/or files: 
[0.971s] -- Added test 'flake8' to check Python code syntax and style conventions
[0.972s] -- Added test 'lint_cmake' to check CMake code style
[0.972s] -- Added test 'pep257' to check Python code against some of the docstring style conventions in PEP 257
[0.972s] -- Added test 'xmllint' to check XML markup files
[0.974s] -- Configuring done
[0.999s] -- Generating done
[1.001s] -- Build files have been written to: /home/lccc/Desktop/GXS_2024_VisionCode/build/gxs_serial_driver
[1.009s] Invoked command in '/home/lccc/Desktop/GXS_2024_VisionCode/build/gxs_serial_driver' returned '0': AMENT_PREFIX_PATH=/home/lccc/Desktop/GXS_2024_VisionCode/install/qrmsg:${AMENT_PREFIX_PATH} CMAKE_PREFIX_PATH=/home/lccc/Desktop/GXS_2024_VisionCode/install/qrmsg:/opt/ros/humble LD_LIBRARY_PATH=/home/lccc/Desktop/GXS_2024_VisionCode/install/qrmsg/lib:${LD_LIBRARY_PATH} PYTHONPATH=/home/lccc/Desktop/GXS_2024_VisionCode/install/qrmsg/local/lib/python3.10/dist-packages:${PYTHONPATH} /usr/bin/cmake /home/lccc/Desktop/GXS_2024_VisionCode/src/rm_serial_driver -DCMAKE_INSTALL_PREFIX=/home/lccc/Desktop/GXS_2024_VisionCode/install/gxs_serial_driver
[1.011s] Invoking command in '/home/lccc/Desktop/GXS_2024_VisionCode/build/gxs_serial_driver': AMENT_PREFIX_PATH=/home/lccc/Desktop/GXS_2024_VisionCode/install/qrmsg:${AMENT_PREFIX_PATH} CMAKE_PREFIX_PATH=/home/lccc/Desktop/GXS_2024_VisionCode/install/qrmsg:/opt/ros/humble LD_LIBRARY_PATH=/home/lccc/Desktop/GXS_2024_VisionCode/install/qrmsg/lib:${LD_LIBRARY_PATH} PYTHONPATH=/home/lccc/Desktop/GXS_2024_VisionCode/install/qrmsg/local/lib/python3.10/dist-packages:${PYTHONPATH} /usr/bin/cmake --build /home/lccc/Desktop/GXS_2024_VisionCode/build/gxs_serial_driver -- -j16 -l16
[1.059s] [ 60%] [32mBuilding CXX object CMakeFiles/gxs_serial_driver.dir/src/crc.cpp.o[0m
[1.059s] [ 60%] [32mBuilding CXX object CMakeFiles/gxs_serial_driver_node.dir/rclcpp_components/node_main_gxs_serial_driver_node.cpp.o[0m
[1.059s] [ 60%] [32mBuilding CXX object CMakeFiles/gxs_serial_driver.dir/src/rm_serial_driver.cpp.o[0m
[4.379s] [ 80%] [32m[1mLinking CXX executable gxs_serial_driver_node[0m
[4.503s] [ 80%] Built target gxs_serial_driver_node
[11.699s] [100%] [32m[1mLinking CXX shared library libgxs_serial_driver.so[0m
[12.223s] [100%] Built target gxs_serial_driver
[12.233s] Invoked command in '/home/lccc/Desktop/GXS_2024_VisionCode/build/gxs_serial_driver' returned '0': AMENT_PREFIX_PATH=/home/lccc/Desktop/GXS_2024_VisionCode/install/qrmsg:${AMENT_PREFIX_PATH} CMAKE_PREFIX_PATH=/home/lccc/Desktop/GXS_2024_VisionCode/install/qrmsg:/opt/ros/humble LD_LIBRARY_PATH=/home/lccc/Desktop/GXS_2024_VisionCode/install/qrmsg/lib:${LD_LIBRARY_PATH} PYTHONPATH=/home/lccc/Desktop/GXS_2024_VisionCode/install/qrmsg/local/lib/python3.10/dist-packages:${PYTHONPATH} /usr/bin/cmake --build /home/lccc/Desktop/GXS_2024_VisionCode/build/gxs_serial_driver -- -j16 -l16
[12.255s] Invoking command in '/home/lccc/Desktop/GXS_2024_VisionCode/build/gxs_serial_driver': AMENT_PREFIX_PATH=/home/lccc/Desktop/GXS_2024_VisionCode/install/qrmsg:${AMENT_PREFIX_PATH} CMAKE_PREFIX_PATH=/home/lccc/Desktop/GXS_2024_VisionCode/install/qrmsg:/opt/ros/humble LD_LIBRARY_PATH=/home/lccc/Desktop/GXS_2024_VisionCode/install/qrmsg/lib:${LD_LIBRARY_PATH} PYTHONPATH=/home/lccc/Desktop/GXS_2024_VisionCode/install/qrmsg/local/lib/python3.10/dist-packages:${PYTHONPATH} /usr/bin/cmake --install /home/lccc/Desktop/GXS_2024_VisionCode/build/gxs_serial_driver
[12.261s] -- Install configuration: ""
[12.261s] -- Installing: /home/lccc/Desktop/GXS_2024_VisionCode/install/gxs_serial_driver/lib/gxs_serial_driver/gxs_serial_driver_node
[12.261s] -- Set runtime path of "/home/lccc/Desktop/GXS_2024_VisionCode/install/gxs_serial_driver/lib/gxs_serial_driver/gxs_serial_driver_node" to ""
[12.262s] -- Installing: /home/lccc/Desktop/GXS_2024_VisionCode/install/gxs_serial_driver/include
[12.262s] -- Installing: /home/lccc/Desktop/GXS_2024_VisionCode/install/gxs_serial_driver/include/rm_serial_driver
[12.262s] -- Installing: /home/lccc/Desktop/GXS_2024_VisionCode/install/gxs_serial_driver/include/rm_serial_driver/crc.hpp
[12.262s] -- Installing: /home/lccc/Desktop/GXS_2024_VisionCode/install/gxs_serial_driver/include/rm_serial_driver/packet.hpp
[12.262s] -- Installing: /home/lccc/Desktop/GXS_2024_VisionCode/install/gxs_serial_driver/include/rm_serial_driver/rm_serial_driver.hpp
[12.262s] -- Installing: /home/lccc/Desktop/GXS_2024_VisionCode/install/gxs_serial_driver/share/gxs_serial_driver/environment/library_path.sh
[12.262s] -- Installing: /home/lccc/Desktop/GXS_2024_VisionCode/install/gxs_serial_driver/share/gxs_serial_driver/environment/library_path.dsv
[12.262s] -- Installing: /home/lccc/Desktop/GXS_2024_VisionCode/install/gxs_serial_driver/lib/libgxs_serial_driver.so
[12.269s] -- Set runtime path of "/home/lccc/Desktop/GXS_2024_VisionCode/install/gxs_serial_driver/lib/libgxs_serial_driver.so" to ""
[12.269s] -- Installing: /home/lccc/Desktop/GXS_2024_VisionCode/install/gxs_serial_driver/share/gxs_serial_driver/config
[12.269s] -- Installing: /home/lccc/Desktop/GXS_2024_VisionCode/install/gxs_serial_driver/share/gxs_serial_driver/config/serial_driver.yaml
[12.269s] -- Installing: /home/lccc/Desktop/GXS_2024_VisionCode/install/gxs_serial_driver/share/gxs_serial_driver/launch
[12.269s] -- Installing: /home/lccc/Desktop/GXS_2024_VisionCode/install/gxs_serial_driver/share/gxs_serial_driver/launch/serial_driver.launch.py
[12.269s] -- Installing: /home/lccc/Desktop/GXS_2024_VisionCode/install/gxs_serial_driver/share/ament_index/resource_index/package_run_dependencies/gxs_serial_driver
[12.270s] -- Installing: /home/lccc/Desktop/GXS_2024_VisionCode/install/gxs_serial_driver/share/ament_index/resource_index/parent_prefix_path/gxs_serial_driver
[12.270s] -- Installing: /home/lccc/Desktop/GXS_2024_VisionCode/install/gxs_serial_driver/share/gxs_serial_driver/environment/ament_prefix_path.sh
[12.270s] -- Installing: /home/lccc/Desktop/GXS_2024_VisionCode/install/gxs_serial_driver/share/gxs_serial_driver/environment/ament_prefix_path.dsv
[12.270s] -- Installing: /home/lccc/Desktop/GXS_2024_VisionCode/install/gxs_serial_driver/share/gxs_serial_driver/environment/path.sh
[12.270s] -- Installing: /home/lccc/Desktop/GXS_2024_VisionCode/install/gxs_serial_driver/share/gxs_serial_driver/environment/path.dsv
[12.270s] -- Installing: /home/lccc/Desktop/GXS_2024_VisionCode/install/gxs_serial_driver/share/gxs_serial_driver/local_setup.bash
[12.270s] -- Installing: /home/lccc/Desktop/GXS_2024_VisionCode/install/gxs_serial_driver/share/gxs_serial_driver/local_setup.sh
[12.270s] -- Installing: /home/lccc/Desktop/GXS_2024_VisionCode/install/gxs_serial_driver/share/gxs_serial_driver/local_setup.zsh
[12.270s] -- Installing: /home/lccc/Desktop/GXS_2024_VisionCode/install/gxs_serial_driver/share/gxs_serial_driver/local_setup.dsv
[12.270s] -- Installing: /home/lccc/Desktop/GXS_2024_VisionCode/install/gxs_serial_driver/share/gxs_serial_driver/package.dsv
[12.270s] -- Installing: /home/lccc/Desktop/GXS_2024_VisionCode/install/gxs_serial_driver/share/ament_index/resource_index/packages/gxs_serial_driver
[12.270s] -- Installing: /home/lccc/Desktop/GXS_2024_VisionCode/install/gxs_serial_driver/share/ament_index/resource_index/rclcpp_components/gxs_serial_driver
[12.271s] -- Installing: /home/lccc/Desktop/GXS_2024_VisionCode/install/gxs_serial_driver/share/gxs_serial_driver/cmake/ament_cmake_export_dependencies-extras.cmake
[12.271s] -- Installing: /home/lccc/Desktop/GXS_2024_VisionCode/install/gxs_serial_driver/share/gxs_serial_driver/cmake/ament_cmake_export_include_directories-extras.cmake
[12.271s] -- Installing: /home/lccc/Desktop/GXS_2024_VisionCode/install/gxs_serial_driver/share/gxs_serial_driver/cmake/ament_cmake_export_libraries-extras.cmake
[12.271s] -- Installing: /home/lccc/Desktop/GXS_2024_VisionCode/install/gxs_serial_driver/share/gxs_serial_driver/cmake/gxs_serial_driverConfig.cmake
[12.271s] -- Installing: /home/lccc/Desktop/GXS_2024_VisionCode/install/gxs_serial_driver/share/gxs_serial_driver/cmake/gxs_serial_driverConfig-version.cmake
[12.271s] -- Installing: /home/lccc/Desktop/GXS_2024_VisionCode/install/gxs_serial_driver/share/gxs_serial_driver/package.xml
[12.273s] Invoked command in '/home/lccc/Desktop/GXS_2024_VisionCode/build/gxs_serial_driver' returned '0': AMENT_PREFIX_PATH=/home/lccc/Desktop/GXS_2024_VisionCode/install/qrmsg:${AMENT_PREFIX_PATH} CMAKE_PREFIX_PATH=/home/lccc/Desktop/GXS_2024_VisionCode/install/qrmsg:/opt/ros/humble LD_LIBRARY_PATH=/home/lccc/Desktop/GXS_2024_VisionCode/install/qrmsg/lib:${LD_LIBRARY_PATH} PYTHONPATH=/home/lccc/Desktop/GXS_2024_VisionCode/install/qrmsg/local/lib/python3.10/dist-packages:${PYTHONPATH} /usr/bin/cmake --install /home/lccc/Desktop/GXS_2024_VisionCode/build/gxs_serial_driver
