[0.008s] Invoking command in '/home/jason/gxs/GXS_2024_VisionCode/build/gxs_serial_driver': CMAKE_PREFIX_PATH=/home/jason/gxs/GXS_2024_VisionCode/install/qrmsg:/home/jason/gxs/GXS_2024_VisionCode/install/gxs_serial_driver:/home/jason/gxs/GXS_2024_VisionCode/install/colorblock_detector:/home/jason/gxs/GXS_2024_VisionCode/install/binary_detector:/home/jason/gxs/GXS_2024_VisionCode/install/adjust_hsv:/home/jason/gxs/GXS_2024_VisionCode/install/line_follow:/opt/ros/humble LD_LIBRARY_PATH=/home/jason/gxs/GXS_2024_VisionCode/install/qrmsg/lib:/home/jason/gxs/GXS_2024_VisionCode/install/gxs_serial_driver/lib:/opt/MVS/lib/64:/opt/MVS/lib/32:/usr/lib/x86_64-linux-gnu/gazebo-11/plugins:/opt/ros/humble/opt/rviz_ogre_vendor/lib:/opt/ros/humble/lib/x86_64-linux-gnu:/opt/ros/humble/lib:/opt/MVS/lib/64:/opt/MVS/lib/32:/opt/MVS/lib/64:/opt/MVS/lib/32 /usr/bin/cmake --build /home/jason/gxs/GXS_2024_VisionCode/build/gxs_serial_driver -- -j16 -l16
[0.046s] [ 40%] Built target gxs_serial_driver_node
[0.047s] [100%] Built target gxs_serial_driver
[0.054s] Invoked command in '/home/jason/gxs/GXS_2024_VisionCode/build/gxs_serial_driver' returned '0': CMAKE_PREFIX_PATH=/home/jason/gxs/GXS_2024_VisionCode/install/qrmsg:/home/jason/gxs/GXS_2024_VisionCode/install/gxs_serial_driver:/home/jason/gxs/GXS_2024_VisionCode/install/colorblock_detector:/home/jason/gxs/GXS_2024_VisionCode/install/binary_detector:/home/jason/gxs/GXS_2024_VisionCode/install/adjust_hsv:/home/jason/gxs/GXS_2024_VisionCode/install/line_follow:/opt/ros/humble LD_LIBRARY_PATH=/home/jason/gxs/GXS_2024_VisionCode/install/qrmsg/lib:/home/jason/gxs/GXS_2024_VisionCode/install/gxs_serial_driver/lib:/opt/MVS/lib/64:/opt/MVS/lib/32:/usr/lib/x86_64-linux-gnu/gazebo-11/plugins:/opt/ros/humble/opt/rviz_ogre_vendor/lib:/opt/ros/humble/lib/x86_64-linux-gnu:/opt/ros/humble/lib:/opt/MVS/lib/64:/opt/MVS/lib/32:/opt/MVS/lib/64:/opt/MVS/lib/32 /usr/bin/cmake --build /home/jason/gxs/GXS_2024_VisionCode/build/gxs_serial_driver -- -j16 -l16
[0.071s] Invoking command in '/home/jason/gxs/GXS_2024_VisionCode/build/gxs_serial_driver': CMAKE_PREFIX_PATH=/home/jason/gxs/GXS_2024_VisionCode/install/qrmsg:/home/jason/gxs/GXS_2024_VisionCode/install/gxs_serial_driver:/home/jason/gxs/GXS_2024_VisionCode/install/colorblock_detector:/home/jason/gxs/GXS_2024_VisionCode/install/binary_detector:/home/jason/gxs/GXS_2024_VisionCode/install/adjust_hsv:/home/jason/gxs/GXS_2024_VisionCode/install/line_follow:/opt/ros/humble LD_LIBRARY_PATH=/home/jason/gxs/GXS_2024_VisionCode/install/qrmsg/lib:/home/jason/gxs/GXS_2024_VisionCode/install/gxs_serial_driver/lib:/opt/MVS/lib/64:/opt/MVS/lib/32:/usr/lib/x86_64-linux-gnu/gazebo-11/plugins:/opt/ros/humble/opt/rviz_ogre_vendor/lib:/opt/ros/humble/lib/x86_64-linux-gnu:/opt/ros/humble/lib:/opt/MVS/lib/64:/opt/MVS/lib/32:/opt/MVS/lib/64:/opt/MVS/lib/32 /usr/bin/cmake --install /home/jason/gxs/GXS_2024_VisionCode/build/gxs_serial_driver
[0.077s] -- Install configuration: ""
[0.077s] -- Up-to-date: /home/jason/gxs/GXS_2024_VisionCode/install/gxs_serial_driver/lib/gxs_serial_driver/gxs_serial_driver_node
[0.077s] -- Up-to-date: /home/jason/gxs/GXS_2024_VisionCode/install/gxs_serial_driver/include
[0.077s] -- Up-to-date: /home/jason/gxs/GXS_2024_VisionCode/install/gxs_serial_driver/include/rm_serial_driver
[0.077s] -- Up-to-date: /home/jason/gxs/GXS_2024_VisionCode/install/gxs_serial_driver/include/rm_serial_driver/rm_serial_driver.hpp
[0.077s] -- Up-to-date: /home/jason/gxs/GXS_2024_VisionCode/install/gxs_serial_driver/include/rm_serial_driver/crc.hpp
[0.077s] -- Up-to-date: /home/jason/gxs/GXS_2024_VisionCode/install/gxs_serial_driver/include/rm_serial_driver/packet.hpp
[0.077s] -- Up-to-date: /home/jason/gxs/GXS_2024_VisionCode/install/gxs_serial_driver/share/gxs_serial_driver/environment/library_path.sh
[0.078s] -- Up-to-date: /home/jason/gxs/GXS_2024_VisionCode/install/gxs_serial_driver/share/gxs_serial_driver/environment/library_path.dsv
[0.078s] -- Up-to-date: /home/jason/gxs/GXS_2024_VisionCode/install/gxs_serial_driver/lib/libgxs_serial_driver.so
[0.078s] -- Up-to-date: /home/jason/gxs/GXS_2024_VisionCode/install/gxs_serial_driver/share/gxs_serial_driver/config
[0.078s] -- Up-to-date: /home/jason/gxs/GXS_2024_VisionCode/install/gxs_serial_driver/share/gxs_serial_driver/config/serial_driver.yaml
[0.078s] -- Up-to-date: /home/jason/gxs/GXS_2024_VisionCode/install/gxs_serial_driver/share/gxs_serial_driver/launch
[0.078s] -- Up-to-date: /home/jason/gxs/GXS_2024_VisionCode/install/gxs_serial_driver/share/gxs_serial_driver/launch/serial_driver.launch.py
[0.078s] -- Up-to-date: /home/jason/gxs/GXS_2024_VisionCode/install/gxs_serial_driver/share/ament_index/resource_index/package_run_dependencies/gxs_serial_driver
[0.078s] -- Up-to-date: /home/jason/gxs/GXS_2024_VisionCode/install/gxs_serial_driver/share/ament_index/resource_index/parent_prefix_path/gxs_serial_driver
[0.079s] -- Up-to-date: /home/jason/gxs/GXS_2024_VisionCode/install/gxs_serial_driver/share/gxs_serial_driver/environment/ament_prefix_path.sh
[0.079s] -- Up-to-date: /home/jason/gxs/GXS_2024_VisionCode/install/gxs_serial_driver/share/gxs_serial_driver/environment/ament_prefix_path.dsv
[0.079s] -- Up-to-date: /home/jason/gxs/GXS_2024_VisionCode/install/gxs_serial_driver/share/gxs_serial_driver/environment/path.sh
[0.079s] -- Up-to-date: /home/jason/gxs/GXS_2024_VisionCode/install/gxs_serial_driver/share/gxs_serial_driver/environment/path.dsv
[0.079s] -- Up-to-date: /home/jason/gxs/GXS_2024_VisionCode/install/gxs_serial_driver/share/gxs_serial_driver/local_setup.bash
[0.079s] -- Up-to-date: /home/jason/gxs/GXS_2024_VisionCode/install/gxs_serial_driver/share/gxs_serial_driver/local_setup.sh
[0.079s] -- Up-to-date: /home/jason/gxs/GXS_2024_VisionCode/install/gxs_serial_driver/share/gxs_serial_driver/local_setup.zsh
[0.079s] -- Up-to-date: /home/jason/gxs/GXS_2024_VisionCode/install/gxs_serial_driver/share/gxs_serial_driver/local_setup.dsv
[0.079s] -- Installing: /home/jason/gxs/GXS_2024_VisionCode/install/gxs_serial_driver/share/gxs_serial_driver/package.dsv
[0.079s] -- Up-to-date: /home/jason/gxs/GXS_2024_VisionCode/install/gxs_serial_driver/share/ament_index/resource_index/packages/gxs_serial_driver
[0.079s] -- Up-to-date: /home/jason/gxs/GXS_2024_VisionCode/install/gxs_serial_driver/share/ament_index/resource_index/rclcpp_components/gxs_serial_driver
[0.079s] -- Up-to-date: /home/jason/gxs/GXS_2024_VisionCode/install/gxs_serial_driver/share/gxs_serial_driver/cmake/ament_cmake_export_dependencies-extras.cmake
[0.079s] -- Up-to-date: /home/jason/gxs/GXS_2024_VisionCode/install/gxs_serial_driver/share/gxs_serial_driver/cmake/ament_cmake_export_include_directories-extras.cmake
[0.079s] -- Up-to-date: /home/jason/gxs/GXS_2024_VisionCode/install/gxs_serial_driver/share/gxs_serial_driver/cmake/ament_cmake_export_libraries-extras.cmake
[0.079s] -- Up-to-date: /home/jason/gxs/GXS_2024_VisionCode/install/gxs_serial_driver/share/gxs_serial_driver/cmake/gxs_serial_driverConfig.cmake
[0.079s] -- Up-to-date: /home/jason/gxs/GXS_2024_VisionCode/install/gxs_serial_driver/share/gxs_serial_driver/cmake/gxs_serial_driverConfig-version.cmake
[0.080s] -- Up-to-date: /home/jason/gxs/GXS_2024_VisionCode/install/gxs_serial_driver/share/gxs_serial_driver/package.xml
[0.080s] Invoked command in '/home/jason/gxs/GXS_2024_VisionCode/build/gxs_serial_driver' returned '0': CMAKE_PREFIX_PATH=/home/jason/gxs/GXS_2024_VisionCode/install/qrmsg:/home/jason/gxs/GXS_2024_VisionCode/install/gxs_serial_driver:/home/jason/gxs/GXS_2024_VisionCode/install/colorblock_detector:/home/jason/gxs/GXS_2024_VisionCode/install/binary_detector:/home/jason/gxs/GXS_2024_VisionCode/install/adjust_hsv:/home/jason/gxs/GXS_2024_VisionCode/install/line_follow:/opt/ros/humble LD_LIBRARY_PATH=/home/jason/gxs/GXS_2024_VisionCode/install/qrmsg/lib:/home/jason/gxs/GXS_2024_VisionCode/install/gxs_serial_driver/lib:/opt/MVS/lib/64:/opt/MVS/lib/32:/usr/lib/x86_64-linux-gnu/gazebo-11/plugins:/opt/ros/humble/opt/rviz_ogre_vendor/lib:/opt/ros/humble/lib/x86_64-linux-gnu:/opt/ros/humble/lib:/opt/MVS/lib/64:/opt/MVS/lib/32:/opt/MVS/lib/64:/opt/MVS/lib/32 /usr/bin/cmake --install /home/jason/gxs/GXS_2024_VisionCode/build/gxs_serial_driver
