[0.011s] Invoking command in '/home/lccc/Desktop/GXS_2024_VisionCode/build/colorblock_detector': CMAKE_PREFIX_PATH=/home/lccc/Desktop/GXS_2024_VisionCode/install/qrmsg:/home/lccc/Desktop/GXS_2024_VisionCode/install/line_follow:/home/lccc/Desktop/GXS_2024_VisionCode/install/gxs_serial_driver:/home/lccc/Desktop/GXS_2024_VisionCode/install/colorblock_detector:/home/lccc/Desktop/GXS_2024_VisionCode/install/binary_detector:/home/lccc/Desktop/GXS_2024_VisionCode/install/camera_driver:/home/lccc/Desktop/GXS_2024_VisionCode/install/adjust_hsv:/opt/ros/humble LD_LIBRARY_PATH=/home/lccc/Desktop/GXS_2024_VisionCode/install/qrmsg/lib:/home/lccc/Desktop/GXS_2024_VisionCode/install/gxs_serial_driver/lib:/opt/ros/humble/opt/rviz_ogre_vendor/lib:/opt/ros/humble/lib/x86_64-linux-gnu:/opt/ros/humble/lib /usr/bin/cmake --build /home/lccc/Desktop/GXS_2024_VisionCode/build/colorblock_detector -- -j16 -l16
[0.057s] [100%] Built target colorblock
[0.066s] Invoked command in '/home/lccc/Desktop/GXS_2024_VisionCode/build/colorblock_detector' returned '0': CMAKE_PREFIX_PATH=/home/lccc/Desktop/GXS_2024_VisionCode/install/qrmsg:/home/lccc/Desktop/GXS_2024_VisionCode/install/line_follow:/home/lccc/Desktop/GXS_2024_VisionCode/install/gxs_serial_driver:/home/lccc/Desktop/GXS_2024_VisionCode/install/colorblock_detector:/home/lccc/Desktop/GXS_2024_VisionCode/install/binary_detector:/home/lccc/Desktop/GXS_2024_VisionCode/install/camera_driver:/home/lccc/Desktop/GXS_2024_VisionCode/install/adjust_hsv:/opt/ros/humble LD_LIBRARY_PATH=/home/lccc/Desktop/GXS_2024_VisionCode/install/qrmsg/lib:/home/lccc/Desktop/GXS_2024_VisionCode/install/gxs_serial_driver/lib:/opt/ros/humble/opt/rviz_ogre_vendor/lib:/opt/ros/humble/lib/x86_64-linux-gnu:/opt/ros/humble/lib /usr/bin/cmake --build /home/lccc/Desktop/GXS_2024_VisionCode/build/colorblock_detector -- -j16 -l16
[0.087s] Invoking command in '/home/lccc/Desktop/GXS_2024_VisionCode/build/colorblock_detector': CMAKE_PREFIX_PATH=/home/lccc/Desktop/GXS_2024_VisionCode/install/qrmsg:/home/lccc/Desktop/GXS_2024_VisionCode/install/line_follow:/home/lccc/Desktop/GXS_2024_VisionCode/install/gxs_serial_driver:/home/lccc/Desktop/GXS_2024_VisionCode/install/colorblock_detector:/home/lccc/Desktop/GXS_2024_VisionCode/install/binary_detector:/home/lccc/Desktop/GXS_2024_VisionCode/install/camera_driver:/home/lccc/Desktop/GXS_2024_VisionCode/install/adjust_hsv:/opt/ros/humble LD_LIBRARY_PATH=/home/lccc/Desktop/GXS_2024_VisionCode/install/qrmsg/lib:/home/lccc/Desktop/GXS_2024_VisionCode/install/gxs_serial_driver/lib:/opt/ros/humble/opt/rviz_ogre_vendor/lib:/opt/ros/humble/lib/x86_64-linux-gnu:/opt/ros/humble/lib /usr/bin/cmake --install /home/lccc/Desktop/GXS_2024_VisionCode/build/colorblock_detector
[0.092s] -- Install configuration: ""
[0.092s] -- Up-to-date: /home/lccc/Desktop/GXS_2024_VisionCode/install/colorblock_detector/share/colorblock_detector/config
[0.092s] -- Up-to-date: /home/lccc/Desktop/GXS_2024_VisionCode/install/colorblock_detector/share/colorblock_detector/config/colorblock.yaml
[0.092s] -- Up-to-date: /home/lccc/Desktop/GXS_2024_VisionCode/install/colorblock_detector/share/colorblock_detector/launch
[0.092s] -- Up-to-date: /home/lccc/Desktop/GXS_2024_VisionCode/install/colorblock_detector/share/colorblock_detector/launch/bringup.launch.py
[0.093s] -- Up-to-date: /home/lccc/Desktop/GXS_2024_VisionCode/install/colorblock_detector/lib/colorblock_detector/colorblock
[0.093s] -- Up-to-date: /home/lccc/Desktop/GXS_2024_VisionCode/install/colorblock_detector/share/ament_index/resource_index/package_run_dependencies/colorblock_detector
[0.093s] -- Up-to-date: /home/lccc/Desktop/GXS_2024_VisionCode/install/colorblock_detector/share/ament_index/resource_index/parent_prefix_path/colorblock_detector
[0.093s] -- Up-to-date: /home/lccc/Desktop/GXS_2024_VisionCode/install/colorblock_detector/share/colorblock_detector/environment/ament_prefix_path.sh
[0.093s] -- Up-to-date: /home/lccc/Desktop/GXS_2024_VisionCode/install/colorblock_detector/share/colorblock_detector/environment/ament_prefix_path.dsv
[0.093s] -- Up-to-date: /home/lccc/Desktop/GXS_2024_VisionCode/install/colorblock_detector/share/colorblock_detector/environment/path.sh
[0.093s] -- Up-to-date: /home/lccc/Desktop/GXS_2024_VisionCode/install/colorblock_detector/share/colorblock_detector/environment/path.dsv
[0.093s] -- Up-to-date: /home/lccc/Desktop/GXS_2024_VisionCode/install/colorblock_detector/share/colorblock_detector/local_setup.bash
[0.093s] -- Up-to-date: /home/lccc/Desktop/GXS_2024_VisionCode/install/colorblock_detector/share/colorblock_detector/local_setup.sh
[0.093s] -- Up-to-date: /home/lccc/Desktop/GXS_2024_VisionCode/install/colorblock_detector/share/colorblock_detector/local_setup.zsh
[0.093s] -- Up-to-date: /home/lccc/Desktop/GXS_2024_VisionCode/install/colorblock_detector/share/colorblock_detector/local_setup.dsv
[0.093s] -- Installing: /home/lccc/Desktop/GXS_2024_VisionCode/install/colorblock_detector/share/colorblock_detector/package.dsv
[0.094s] -- Up-to-date: /home/lccc/Desktop/GXS_2024_VisionCode/install/colorblock_detector/share/ament_index/resource_index/packages/colorblock_detector
[0.094s] -- Up-to-date: /home/lccc/Desktop/GXS_2024_VisionCode/install/colorblock_detector/share/colorblock_detector/cmake/colorblock_detectorConfig.cmake
[0.094s] -- Up-to-date: /home/lccc/Desktop/GXS_2024_VisionCode/install/colorblock_detector/share/colorblock_detector/cmake/colorblock_detectorConfig-version.cmake
[0.094s] -- Up-to-date: /home/lccc/Desktop/GXS_2024_VisionCode/install/colorblock_detector/share/colorblock_detector/package.xml
[0.096s] Invoked command in '/home/lccc/Desktop/GXS_2024_VisionCode/build/colorblock_detector' returned '0': CMAKE_PREFIX_PATH=/home/lccc/Desktop/GXS_2024_VisionCode/install/qrmsg:/home/lccc/Desktop/GXS_2024_VisionCode/install/line_follow:/home/lccc/Desktop/GXS_2024_VisionCode/install/gxs_serial_driver:/home/lccc/Desktop/GXS_2024_VisionCode/install/colorblock_detector:/home/lccc/Desktop/GXS_2024_VisionCode/install/binary_detector:/home/lccc/Desktop/GXS_2024_VisionCode/install/camera_driver:/home/lccc/Desktop/GXS_2024_VisionCode/install/adjust_hsv:/opt/ros/humble LD_LIBRARY_PATH=/home/lccc/Desktop/GXS_2024_VisionCode/install/qrmsg/lib:/home/lccc/Desktop/GXS_2024_VisionCode/install/gxs_serial_driver/lib:/opt/ros/humble/opt/rviz_ogre_vendor/lib:/opt/ros/humble/lib/x86_64-linux-gnu:/opt/ros/humble/lib /usr/bin/cmake --install /home/lccc/Desktop/GXS_2024_VisionCode/build/colorblock_detector
