[0.009s] Invoking command in '/home/jason/gxs/GXS_2024_VisionCode/build/camera_driver': CMAKE_PREFIX_PATH=${CMAKE_PREFIX_PATH}:/home/jason/gxs/GXS_2024_VisionCode/install/line_follow:/opt/ros/humble /usr/bin/cmake --build /home/jason/gxs/GXS_2024_VisionCode/build/camera_driver -- -j16 -l16
[0.022s] -- Found ament_cmake: 1.3.8 (/opt/ros/humble/share/ament_cmake/cmake)
[0.100s] -- Found rclcpp: 16.0.8 (/opt/ros/humble/share/rclcpp/cmake)
[0.121s] -- Found rosidl_generator_c: 3.1.5 (/opt/ros/humble/share/rosidl_generator_c/cmake)
[0.122s] -- Found rosidl_adapter: 3.1.5 (/opt/ros/humble/share/rosidl_adapter/cmake)
[0.126s] -- Found rosidl_generator_cpp: 3.1.5 (/opt/ros/humble/share/rosidl_generator_cpp/cmake)
[0.132s] -- Using all available rosidl_typesupport_c: rosidl_typesupport_fastrtps_c;rosidl_typesupport_introspection_c
[0.143s] -- Using all available rosidl_typesupport_cpp: rosidl_typesupport_fastrtps_cpp;rosidl_typesupport_introspection_cpp
[0.177s] -- Found rmw_implementation_cmake: 6.1.1 (/opt/ros/humble/share/rmw_implementation_cmake/cmake)
[0.178s] -- Found rmw_fastrtps_cpp: 6.2.6 (/opt/ros/humble/share/rmw_fastrtps_cpp/cmake)
[0.246s] -- Using RMW implementation 'rmw_fastrtps_cpp' as default
[0.332s] -- Found image_transport: 3.1.8 (/opt/ros/humble/share/image_transport/cmake)
[0.425s] -- Found cv_bridge: 3.2.1 (/opt/ros/humble/share/cv_bridge/cmake)
[0.436s] -- Found ament_lint_auto: 0.12.11 (/opt/ros/humble/share/ament_lint_auto/cmake)
[0.486s] -- Configuring done
[0.496s] -- Generating done
[0.496s] -- Build files have been written to: /home/jason/gxs/GXS_2024_VisionCode/build/camera_driver
[0.512s] [35m[1mConsolidate compiler generated dependencies of target image_publisher[0m
[0.523s] [100%] Built target image_publisher
[0.529s] Invoked command in '/home/jason/gxs/GXS_2024_VisionCode/build/camera_driver' returned '0': CMAKE_PREFIX_PATH=${CMAKE_PREFIX_PATH}:/home/jason/gxs/GXS_2024_VisionCode/install/line_follow:/opt/ros/humble /usr/bin/cmake --build /home/jason/gxs/GXS_2024_VisionCode/build/camera_driver -- -j16 -l16
[0.543s] Invoking command in '/home/jason/gxs/GXS_2024_VisionCode/build/camera_driver': CMAKE_PREFIX_PATH=${CMAKE_PREFIX_PATH}:/home/jason/gxs/GXS_2024_VisionCode/install/line_follow:/opt/ros/humble /usr/bin/cmake --install /home/jason/gxs/GXS_2024_VisionCode/build/camera_driver
[0.547s] -- Install configuration: ""
[0.547s] -- Up-to-date: /home/jason/gxs/GXS_2024_VisionCode/install/camera_driver/lib/camera_driver/image_publisher
[0.547s] -- Up-to-date: /home/jason/gxs/GXS_2024_VisionCode/install/camera_driver/share/ament_index/resource_index/package_run_dependencies/camera_driver
[0.547s] -- Installing: /home/jason/gxs/GXS_2024_VisionCode/install/camera_driver/share/ament_index/resource_index/parent_prefix_path/camera_driver
[0.547s] -- Up-to-date: /home/jason/gxs/GXS_2024_VisionCode/install/camera_driver/share/camera_driver/environment/ament_prefix_path.sh
[0.548s] -- Installing: /home/jason/gxs/GXS_2024_VisionCode/install/camera_driver/share/camera_driver/environment/ament_prefix_path.dsv
[0.548s] -- Up-to-date: /home/jason/gxs/GXS_2024_VisionCode/install/camera_driver/share/camera_driver/environment/path.sh
[0.548s] -- Installing: /home/jason/gxs/GXS_2024_VisionCode/install/camera_driver/share/camera_driver/environment/path.dsv
[0.548s] -- Up-to-date: /home/jason/gxs/GXS_2024_VisionCode/install/camera_driver/share/camera_driver/local_setup.bash
[0.548s] -- Up-to-date: /home/jason/gxs/GXS_2024_VisionCode/install/camera_driver/share/camera_driver/local_setup.sh
[0.548s] -- Up-to-date: /home/jason/gxs/GXS_2024_VisionCode/install/camera_driver/share/camera_driver/local_setup.zsh
[0.548s] -- Installing: /home/jason/gxs/GXS_2024_VisionCode/install/camera_driver/share/camera_driver/local_setup.dsv
[0.548s] -- Installing: /home/jason/gxs/GXS_2024_VisionCode/install/camera_driver/share/camera_driver/package.dsv
[0.548s] -- Up-to-date: /home/jason/gxs/GXS_2024_VisionCode/install/camera_driver/share/ament_index/resource_index/packages/camera_driver
[0.548s] -- Up-to-date: /home/jason/gxs/GXS_2024_VisionCode/install/camera_driver/share/camera_driver/cmake/camera_driverConfig.cmake
[0.548s] -- Up-to-date: /home/jason/gxs/GXS_2024_VisionCode/install/camera_driver/share/camera_driver/cmake/camera_driverConfig-version.cmake
[0.548s] -- Up-to-date: /home/jason/gxs/GXS_2024_VisionCode/install/camera_driver/share/camera_driver/package.xml
[0.549s] Invoked command in '/home/jason/gxs/GXS_2024_VisionCode/build/camera_driver' returned '0': CMAKE_PREFIX_PATH=${CMAKE_PREFIX_PATH}:/home/jason/gxs/GXS_2024_VisionCode/install/line_follow:/opt/ros/humble /usr/bin/cmake --install /home/jason/gxs/GXS_2024_VisionCode/build/camera_driver
