[0.076s] DEBUG:colcon:Command line arguments: ['/usr/bin/colcon', 'build']
[0.076s] DEBUG:colcon:Parsed command line arguments: Namespace(log_base=None, log_level=None, verb_name='build', build_base='build', install_base='install', merge_install=False, symlink_install=False, test_result_base=None, continue_on_error=False, executor='parallel', parallel_workers=16, event_handlers=None, ignore_user_meta=False, metas=['./colcon.meta'], base_paths=['.'], packages_ignore=None, packages_ignore_regex=None, paths=None, packages_up_to=None, packages_up_to_regex=None, packages_above=None, packages_above_and_dependencies=None, packages_above_depth=None, packages_select_by_dep=None, packages_skip_by_dep=None, packages_skip_up_to=None, packages_select_build_failed=False, packages_skip_build_finished=False, packages_select_test_failures=False, packages_skip_test_passed=False, packages_select=None, packages_skip=None, packages_select_regex=None, packages_skip_regex=None, packages_start=None, packages_end=None, allow_overriding=[], cmake_args=None, cmake_target=None, cmake_target_skip_unavailable=False, cmake_clean_cache=False, cmake_clean_first=False, cmake_force_configure=False, ament_cmake_args=None, catkin_cmake_args=None, catkin_skip_building_tests=False, verb_parser=<colcon_defaults.argument_parser.defaults.DefaultArgumentsDecorator object at 0x7fda66583fa0>, verb_extension=<colcon_core.verb.build.BuildVerb object at 0x7fda665839d0>, main=<bound method BuildVerb.main of <colcon_core.verb.build.BuildVerb object at 0x7fda665839d0>>)
[0.165s] Level 1:colcon.colcon_core.package_discovery:discover_packages(colcon_meta) check parameters
[0.165s] Level 1:colcon.colcon_core.package_discovery:discover_packages(recursive) check parameters
[0.165s] Level 1:colcon.colcon_core.package_discovery:discover_packages(ignore) check parameters
[0.165s] Level 1:colcon.colcon_core.package_discovery:discover_packages(path) check parameters
[0.165s] Level 1:colcon.colcon_core.package_discovery:discover_packages(colcon_meta) discover
[0.165s] Level 1:colcon.colcon_core.package_discovery:discover_packages(recursive) discover
[0.166s] INFO:colcon.colcon_core.package_discovery:Crawling recursively for packages in '/home/lccc/Desktop/GXS_2024_VisionCode'
[0.166s] Level 1:colcon.colcon_core.package_identification:_identify(.) by extensions ['ignore', 'ignore_ament_install']
[0.166s] Level 1:colcon.colcon_core.package_identification:_identify(.) by extension 'ignore'
[0.166s] Level 1:colcon.colcon_core.package_identification:_identify(.) by extension 'ignore_ament_install'
[0.166s] Level 1:colcon.colcon_core.package_identification:_identify(.) by extensions ['colcon_pkg']
[0.166s] Level 1:colcon.colcon_core.package_identification:_identify(.) by extension 'colcon_pkg'
[0.166s] Level 1:colcon.colcon_core.package_identification:_identify(.) by extensions ['colcon_meta']
[0.166s] Level 1:colcon.colcon_core.package_identification:_identify(.) by extension 'colcon_meta'
[0.166s] Level 1:colcon.colcon_core.package_identification:_identify(.) by extensions ['ros']
[0.166s] Level 1:colcon.colcon_core.package_identification:_identify(.) by extension 'ros'
[0.174s] Level 1:colcon.colcon_core.package_identification:_identify(.) by extensions ['cmake', 'python']
[0.174s] Level 1:colcon.colcon_core.package_identification:_identify(.) by extension 'cmake'
[0.174s] Level 1:colcon.colcon_core.package_identification:_identify(.) by extension 'python'
[0.174s] Level 1:colcon.colcon_core.package_identification:_identify(.) by extensions ['python_setup_py']
[0.174s] Level 1:colcon.colcon_core.package_identification:_identify(.) by extension 'python_setup_py'
[0.174s] Level 1:colcon.colcon_core.package_identification:_identify(build) by extensions ['ignore', 'ignore_ament_install']
[0.174s] Level 1:colcon.colcon_core.package_identification:_identify(build) by extension 'ignore'
[0.174s] Level 1:colcon.colcon_core.package_identification:_identify(build) ignored
[0.174s] Level 1:colcon.colcon_core.package_identification:_identify(install) by extensions ['ignore', 'ignore_ament_install']
[0.174s] Level 1:colcon.colcon_core.package_identification:_identify(install) by extension 'ignore'
[0.174s] Level 1:colcon.colcon_core.package_identification:_identify(install) ignored
[0.174s] Level 1:colcon.colcon_core.package_identification:_identify(log) by extensions ['ignore', 'ignore_ament_install']
[0.174s] Level 1:colcon.colcon_core.package_identification:_identify(log) by extension 'ignore'
[0.174s] Level 1:colcon.colcon_core.package_identification:_identify(log) ignored
[0.174s] Level 1:colcon.colcon_core.package_identification:_identify(src) by extensions ['ignore', 'ignore_ament_install']
[0.174s] Level 1:colcon.colcon_core.package_identification:_identify(src) by extension 'ignore'
[0.174s] Level 1:colcon.colcon_core.package_identification:_identify(src) by extension 'ignore_ament_install'
[0.174s] Level 1:colcon.colcon_core.package_identification:_identify(src) by extensions ['colcon_pkg']
[0.174s] Level 1:colcon.colcon_core.package_identification:_identify(src) by extension 'colcon_pkg'
[0.174s] Level 1:colcon.colcon_core.package_identification:_identify(src) by extensions ['colcon_meta']
[0.174s] Level 1:colcon.colcon_core.package_identification:_identify(src) by extension 'colcon_meta'
[0.174s] Level 1:colcon.colcon_core.package_identification:_identify(src) by extensions ['ros']
[0.174s] Level 1:colcon.colcon_core.package_identification:_identify(src) by extension 'ros'
[0.174s] Level 1:colcon.colcon_core.package_identification:_identify(src) by extensions ['cmake', 'python']
[0.174s] Level 1:colcon.colcon_core.package_identification:_identify(src) by extension 'cmake'
[0.174s] Level 1:colcon.colcon_core.package_identification:_identify(src) by extension 'python'
[0.174s] Level 1:colcon.colcon_core.package_identification:_identify(src) by extensions ['python_setup_py']
[0.174s] Level 1:colcon.colcon_core.package_identification:_identify(src) by extension 'python_setup_py'
[0.174s] Level 1:colcon.colcon_core.package_identification:_identify(src/adjust) by extensions ['ignore', 'ignore_ament_install']
[0.175s] Level 1:colcon.colcon_core.package_identification:_identify(src/adjust) by extension 'ignore'
[0.175s] Level 1:colcon.colcon_core.package_identification:_identify(src/adjust) by extension 'ignore_ament_install'
[0.175s] Level 1:colcon.colcon_core.package_identification:_identify(src/adjust) by extensions ['colcon_pkg']
[0.175s] Level 1:colcon.colcon_core.package_identification:_identify(src/adjust) by extension 'colcon_pkg'
[0.175s] Level 1:colcon.colcon_core.package_identification:_identify(src/adjust) by extensions ['colcon_meta']
[0.175s] Level 1:colcon.colcon_core.package_identification:_identify(src/adjust) by extension 'colcon_meta'
[0.175s] Level 1:colcon.colcon_core.package_identification:_identify(src/adjust) by extensions ['ros']
[0.175s] Level 1:colcon.colcon_core.package_identification:_identify(src/adjust) by extension 'ros'
[0.176s] DEBUG:colcon.colcon_core.package_identification:Package 'src/adjust' with type 'ros.ament_cmake' and name 'adjust_hsv'
[0.176s] Level 1:colcon.colcon_core.package_identification:_identify(src/binary_detector) by extensions ['ignore', 'ignore_ament_install']
[0.176s] Level 1:colcon.colcon_core.package_identification:_identify(src/binary_detector) by extension 'ignore'
[0.176s] Level 1:colcon.colcon_core.package_identification:_identify(src/binary_detector) by extension 'ignore_ament_install'
[0.176s] Level 1:colcon.colcon_core.package_identification:_identify(src/binary_detector) by extensions ['colcon_pkg']
[0.176s] Level 1:colcon.colcon_core.package_identification:_identify(src/binary_detector) by extension 'colcon_pkg'
[0.176s] Level 1:colcon.colcon_core.package_identification:_identify(src/binary_detector) by extensions ['colcon_meta']
[0.176s] Level 1:colcon.colcon_core.package_identification:_identify(src/binary_detector) by extension 'colcon_meta'
[0.177s] Level 1:colcon.colcon_core.package_identification:_identify(src/binary_detector) by extensions ['ros']
[0.177s] Level 1:colcon.colcon_core.package_identification:_identify(src/binary_detector) by extension 'ros'
[0.177s] DEBUG:colcon.colcon_core.package_identification:Package 'src/binary_detector' with type 'ros.ament_cmake' and name 'binary_detector'
[0.177s] Level 1:colcon.colcon_core.package_identification:_identify(src/camera_driver) by extensions ['ignore', 'ignore_ament_install']
[0.177s] Level 1:colcon.colcon_core.package_identification:_identify(src/camera_driver) by extension 'ignore'
[0.177s] Level 1:colcon.colcon_core.package_identification:_identify(src/camera_driver) by extension 'ignore_ament_install'
[0.177s] Level 1:colcon.colcon_core.package_identification:_identify(src/camera_driver) by extensions ['colcon_pkg']
[0.177s] Level 1:colcon.colcon_core.package_identification:_identify(src/camera_driver) by extension 'colcon_pkg'
[0.177s] Level 1:colcon.colcon_core.package_identification:_identify(src/camera_driver) by extensions ['colcon_meta']
[0.177s] Level 1:colcon.colcon_core.package_identification:_identify(src/camera_driver) by extension 'colcon_meta'
[0.177s] Level 1:colcon.colcon_core.package_identification:_identify(src/camera_driver) by extensions ['ros']
[0.177s] Level 1:colcon.colcon_core.package_identification:_identify(src/camera_driver) by extension 'ros'
[0.178s] DEBUG:colcon.colcon_core.package_identification:Package 'src/camera_driver' with type 'ros.ament_cmake' and name 'camera_driver'
[0.178s] Level 1:colcon.colcon_core.package_identification:_identify(src/colorblock_detector) by extensions ['ignore', 'ignore_ament_install']
[0.178s] Level 1:colcon.colcon_core.package_identification:_identify(src/colorblock_detector) by extension 'ignore'
[0.178s] Level 1:colcon.colcon_core.package_identification:_identify(src/colorblock_detector) by extension 'ignore_ament_install'
[0.178s] Level 1:colcon.colcon_core.package_identification:_identify(src/colorblock_detector) by extensions ['colcon_pkg']
[0.178s] Level 1:colcon.colcon_core.package_identification:_identify(src/colorblock_detector) by extension 'colcon_pkg'
[0.178s] Level 1:colcon.colcon_core.package_identification:_identify(src/colorblock_detector) by extensions ['colcon_meta']
[0.178s] Level 1:colcon.colcon_core.package_identification:_identify(src/colorblock_detector) by extension 'colcon_meta'
[0.178s] Level 1:colcon.colcon_core.package_identification:_identify(src/colorblock_detector) by extensions ['ros']
[0.178s] Level 1:colcon.colcon_core.package_identification:_identify(src/colorblock_detector) by extension 'ros'
[0.179s] DEBUG:colcon.colcon_core.package_identification:Package 'src/colorblock_detector' with type 'ros.ament_cmake' and name 'colorblock_detector'
[0.179s] Level 1:colcon.colcon_core.package_identification:_identify(src/image_data) by extensions ['ignore', 'ignore_ament_install']
[0.179s] Level 1:colcon.colcon_core.package_identification:_identify(src/image_data) by extension 'ignore'
[0.179s] Level 1:colcon.colcon_core.package_identification:_identify(src/image_data) by extension 'ignore_ament_install'
[0.179s] Level 1:colcon.colcon_core.package_identification:_identify(src/image_data) by extensions ['colcon_pkg']
[0.179s] Level 1:colcon.colcon_core.package_identification:_identify(src/image_data) by extension 'colcon_pkg'
[0.179s] Level 1:colcon.colcon_core.package_identification:_identify(src/image_data) by extensions ['colcon_meta']
[0.179s] Level 1:colcon.colcon_core.package_identification:_identify(src/image_data) by extension 'colcon_meta'
[0.179s] Level 1:colcon.colcon_core.package_identification:_identify(src/image_data) by extensions ['ros']
[0.179s] Level 1:colcon.colcon_core.package_identification:_identify(src/image_data) by extension 'ros'
[0.179s] Level 1:colcon.colcon_core.package_identification:_identify(src/image_data) by extensions ['cmake', 'python']
[0.179s] Level 1:colcon.colcon_core.package_identification:_identify(src/image_data) by extension 'cmake'
[0.179s] Level 1:colcon.colcon_core.package_identification:_identify(src/image_data) by extension 'python'
[0.179s] Level 1:colcon.colcon_core.package_identification:_identify(src/image_data) by extensions ['python_setup_py']
[0.179s] Level 1:colcon.colcon_core.package_identification:_identify(src/image_data) by extension 'python_setup_py'
[0.179s] Level 1:colcon.colcon_core.package_identification:_identify(src/image_data/build) by extensions ['ignore', 'ignore_ament_install']
[0.179s] Level 1:colcon.colcon_core.package_identification:_identify(src/image_data/build) by extension 'ignore'
[0.179s] Level 1:colcon.colcon_core.package_identification:_identify(src/image_data/build) ignored
[0.179s] Level 1:colcon.colcon_core.package_identification:_identify(src/image_data/images) by extensions ['ignore', 'ignore_ament_install']
[0.179s] Level 1:colcon.colcon_core.package_identification:_identify(src/image_data/images) by extension 'ignore'
[0.179s] Level 1:colcon.colcon_core.package_identification:_identify(src/image_data/images) by extension 'ignore_ament_install'
[0.179s] Level 1:colcon.colcon_core.package_identification:_identify(src/image_data/images) by extensions ['colcon_pkg']
[0.179s] Level 1:colcon.colcon_core.package_identification:_identify(src/image_data/images) by extension 'colcon_pkg'
[0.179s] Level 1:colcon.colcon_core.package_identification:_identify(src/image_data/images) by extensions ['colcon_meta']
[0.179s] Level 1:colcon.colcon_core.package_identification:_identify(src/image_data/images) by extension 'colcon_meta'
[0.179s] Level 1:colcon.colcon_core.package_identification:_identify(src/image_data/images) by extensions ['ros']
[0.179s] Level 1:colcon.colcon_core.package_identification:_identify(src/image_data/images) by extension 'ros'
[0.179s] Level 1:colcon.colcon_core.package_identification:_identify(src/image_data/images) by extensions ['cmake', 'python']
[0.179s] Level 1:colcon.colcon_core.package_identification:_identify(src/image_data/images) by extension 'cmake'
[0.179s] Level 1:colcon.colcon_core.package_identification:_identify(src/image_data/images) by extension 'python'
[0.180s] Level 1:colcon.colcon_core.package_identification:_identify(src/image_data/images) by extensions ['python_setup_py']
[0.180s] Level 1:colcon.colcon_core.package_identification:_identify(src/image_data/images) by extension 'python_setup_py'
[0.180s] Level 1:colcon.colcon_core.package_identification:_identify(src/image_data/install) by extensions ['ignore', 'ignore_ament_install']
[0.180s] Level 1:colcon.colcon_core.package_identification:_identify(src/image_data/install) by extension 'ignore'
[0.180s] Level 1:colcon.colcon_core.package_identification:_identify(src/image_data/install) ignored
[0.180s] Level 1:colcon.colcon_core.package_identification:_identify(src/image_data/log) by extensions ['ignore', 'ignore_ament_install']
[0.180s] Level 1:colcon.colcon_core.package_identification:_identify(src/image_data/log) by extension 'ignore'
[0.180s] Level 1:colcon.colcon_core.package_identification:_identify(src/image_data/log) ignored
[0.180s] Level 1:colcon.colcon_core.package_identification:_identify(src/line_follow) by extensions ['ignore', 'ignore_ament_install']
[0.180s] Level 1:colcon.colcon_core.package_identification:_identify(src/line_follow) by extension 'ignore'
[0.180s] Level 1:colcon.colcon_core.package_identification:_identify(src/line_follow) by extension 'ignore_ament_install'
[0.180s] Level 1:colcon.colcon_core.package_identification:_identify(src/line_follow) by extensions ['colcon_pkg']
[0.180s] Level 1:colcon.colcon_core.package_identification:_identify(src/line_follow) by extension 'colcon_pkg'
[0.180s] Level 1:colcon.colcon_core.package_identification:_identify(src/line_follow) by extensions ['colcon_meta']
[0.180s] Level 1:colcon.colcon_core.package_identification:_identify(src/line_follow) by extension 'colcon_meta'
[0.180s] Level 1:colcon.colcon_core.package_identification:_identify(src/line_follow) by extensions ['ros']
[0.180s] Level 1:colcon.colcon_core.package_identification:_identify(src/line_follow) by extension 'ros'
[0.180s] DEBUG:colcon.colcon_core.package_identification:Package 'src/line_follow' with type 'ros.ament_cmake' and name 'line_follow'
[0.180s] Level 1:colcon.colcon_core.package_identification:_identify(src/qrmsg) by extensions ['ignore', 'ignore_ament_install']
[0.181s] Level 1:colcon.colcon_core.package_identification:_identify(src/qrmsg) by extension 'ignore'
[0.181s] Level 1:colcon.colcon_core.package_identification:_identify(src/qrmsg) by extension 'ignore_ament_install'
[0.181s] Level 1:colcon.colcon_core.package_identification:_identify(src/qrmsg) by extensions ['colcon_pkg']
[0.181s] Level 1:colcon.colcon_core.package_identification:_identify(src/qrmsg) by extension 'colcon_pkg'
[0.181s] Level 1:colcon.colcon_core.package_identification:_identify(src/qrmsg) by extensions ['colcon_meta']
[0.181s] Level 1:colcon.colcon_core.package_identification:_identify(src/qrmsg) by extension 'colcon_meta'
[0.181s] Level 1:colcon.colcon_core.package_identification:_identify(src/qrmsg) by extensions ['ros']
[0.181s] Level 1:colcon.colcon_core.package_identification:_identify(src/qrmsg) by extension 'ros'
[0.181s] DEBUG:colcon.colcon_core.package_identification:Package 'src/qrmsg' with type 'ros.ament_cmake' and name 'qrmsg'
[0.181s] Level 1:colcon.colcon_core.package_identification:_identify(src/rm_serial_driver) by extensions ['ignore', 'ignore_ament_install']
[0.181s] Level 1:colcon.colcon_core.package_identification:_identify(src/rm_serial_driver) by extension 'ignore'
[0.181s] Level 1:colcon.colcon_core.package_identification:_identify(src/rm_serial_driver) by extension 'ignore_ament_install'
[0.181s] Level 1:colcon.colcon_core.package_identification:_identify(src/rm_serial_driver) by extensions ['colcon_pkg']
[0.181s] Level 1:colcon.colcon_core.package_identification:_identify(src/rm_serial_driver) by extension 'colcon_pkg'
[0.181s] Level 1:colcon.colcon_core.package_identification:_identify(src/rm_serial_driver) by extensions ['colcon_meta']
[0.181s] Level 1:colcon.colcon_core.package_identification:_identify(src/rm_serial_driver) by extension 'colcon_meta'
[0.181s] Level 1:colcon.colcon_core.package_identification:_identify(src/rm_serial_driver) by extensions ['ros']
[0.181s] Level 1:colcon.colcon_core.package_identification:_identify(src/rm_serial_driver) by extension 'ros'
[0.182s] DEBUG:colcon.colcon_core.package_identification:Package 'src/rm_serial_driver' with type 'ros.ament_cmake' and name 'gxs_serial_driver'
[0.182s] Level 1:colcon.colcon_core.package_discovery:discover_packages(recursive) using defaults
[0.182s] Level 1:colcon.colcon_core.package_discovery:discover_packages(ignore) discover
[0.182s] Level 1:colcon.colcon_core.package_discovery:discover_packages(ignore) using defaults
[0.182s] Level 1:colcon.colcon_core.package_discovery:discover_packages(path) discover
[0.182s] Level 1:colcon.colcon_core.package_discovery:discover_packages(path) using defaults
[0.195s] Level 1:colcon.colcon_core.package_discovery:discover_packages(prefix_path) check parameters
[0.195s] Level 1:colcon.colcon_core.package_discovery:discover_packages(prefix_path) discover
[0.197s] DEBUG:colcon.colcon_installed_package_information.package_discovery:Found 7 installed packages in /home/lccc/Desktop/GXS_2024_VisionCode/install
[0.197s] DEBUG:colcon.colcon_installed_package_information.package_discovery:Found 274 installed packages in /opt/ros/humble
[0.199s] Level 1:colcon.colcon_core.package_discovery:discover_packages(prefix_path) using defaults
[0.226s] Level 5:colcon.colcon_core.verb:set package 'adjust_hsv' build argument 'cmake_args' from command line to 'None'
[0.226s] Level 5:colcon.colcon_core.verb:set package 'adjust_hsv' build argument 'cmake_target' from command line to 'None'
[0.226s] Level 5:colcon.colcon_core.verb:set package 'adjust_hsv' build argument 'cmake_target_skip_unavailable' from command line to 'False'
[0.226s] Level 5:colcon.colcon_core.verb:set package 'adjust_hsv' build argument 'cmake_clean_cache' from command line to 'False'
[0.226s] Level 5:colcon.colcon_core.verb:set package 'adjust_hsv' build argument 'cmake_clean_first' from command line to 'False'
[0.226s] Level 5:colcon.colcon_core.verb:set package 'adjust_hsv' build argument 'cmake_force_configure' from command line to 'False'
[0.226s] Level 5:colcon.colcon_core.verb:set package 'adjust_hsv' build argument 'ament_cmake_args' from command line to 'None'
[0.226s] Level 5:colcon.colcon_core.verb:set package 'adjust_hsv' build argument 'catkin_cmake_args' from command line to 'None'
[0.226s] Level 5:colcon.colcon_core.verb:set package 'adjust_hsv' build argument 'catkin_skip_building_tests' from command line to 'False'
[0.226s] DEBUG:colcon.colcon_core.verb:Building package 'adjust_hsv' with the following arguments: {'ament_cmake_args': None, 'build_base': '/home/lccc/Desktop/GXS_2024_VisionCode/build/adjust_hsv', 'catkin_cmake_args': None, 'catkin_skip_building_tests': False, 'cmake_args': None, 'cmake_clean_cache': False, 'cmake_clean_first': False, 'cmake_force_configure': False, 'cmake_target': None, 'cmake_target_skip_unavailable': False, 'install_base': '/home/lccc/Desktop/GXS_2024_VisionCode/install/adjust_hsv', 'merge_install': False, 'path': '/home/lccc/Desktop/GXS_2024_VisionCode/src/adjust', 'symlink_install': False, 'test_result_base': None}
[0.227s] Level 5:colcon.colcon_core.verb:set package 'camera_driver' build argument 'cmake_args' from command line to 'None'
[0.227s] Level 5:colcon.colcon_core.verb:set package 'camera_driver' build argument 'cmake_target' from command line to 'None'
[0.227s] Level 5:colcon.colcon_core.verb:set package 'camera_driver' build argument 'cmake_target_skip_unavailable' from command line to 'False'
[0.227s] Level 5:colcon.colcon_core.verb:set package 'camera_driver' build argument 'cmake_clean_cache' from command line to 'False'
[0.227s] Level 5:colcon.colcon_core.verb:set package 'camera_driver' build argument 'cmake_clean_first' from command line to 'False'
[0.227s] Level 5:colcon.colcon_core.verb:set package 'camera_driver' build argument 'cmake_force_configure' from command line to 'False'
[0.227s] Level 5:colcon.colcon_core.verb:set package 'camera_driver' build argument 'ament_cmake_args' from command line to 'None'
[0.227s] Level 5:colcon.colcon_core.verb:set package 'camera_driver' build argument 'catkin_cmake_args' from command line to 'None'
[0.227s] Level 5:colcon.colcon_core.verb:set package 'camera_driver' build argument 'catkin_skip_building_tests' from command line to 'False'
[0.227s] DEBUG:colcon.colcon_core.verb:Building package 'camera_driver' with the following arguments: {'ament_cmake_args': None, 'build_base': '/home/lccc/Desktop/GXS_2024_VisionCode/build/camera_driver', 'catkin_cmake_args': None, 'catkin_skip_building_tests': False, 'cmake_args': None, 'cmake_clean_cache': False, 'cmake_clean_first': False, 'cmake_force_configure': False, 'cmake_target': None, 'cmake_target_skip_unavailable': False, 'install_base': '/home/lccc/Desktop/GXS_2024_VisionCode/install/camera_driver', 'merge_install': False, 'path': '/home/lccc/Desktop/GXS_2024_VisionCode/src/camera_driver', 'symlink_install': False, 'test_result_base': None}
[0.227s] Level 5:colcon.colcon_core.verb:set package 'qrmsg' build argument 'cmake_args' from command line to 'None'
[0.227s] Level 5:colcon.colcon_core.verb:set package 'qrmsg' build argument 'cmake_target' from command line to 'None'
[0.227s] Level 5:colcon.colcon_core.verb:set package 'qrmsg' build argument 'cmake_target_skip_unavailable' from command line to 'False'
[0.227s] Level 5:colcon.colcon_core.verb:set package 'qrmsg' build argument 'cmake_clean_cache' from command line to 'False'
[0.227s] Level 5:colcon.colcon_core.verb:set package 'qrmsg' build argument 'cmake_clean_first' from command line to 'False'
[0.227s] Level 5:colcon.colcon_core.verb:set package 'qrmsg' build argument 'cmake_force_configure' from command line to 'False'
[0.227s] Level 5:colcon.colcon_core.verb:set package 'qrmsg' build argument 'ament_cmake_args' from command line to 'None'
[0.227s] Level 5:colcon.colcon_core.verb:set package 'qrmsg' build argument 'catkin_cmake_args' from command line to 'None'
[0.227s] Level 5:colcon.colcon_core.verb:set package 'qrmsg' build argument 'catkin_skip_building_tests' from command line to 'False'
[0.227s] DEBUG:colcon.colcon_core.verb:Building package 'qrmsg' with the following arguments: {'ament_cmake_args': None, 'build_base': '/home/lccc/Desktop/GXS_2024_VisionCode/build/qrmsg', 'catkin_cmake_args': None, 'catkin_skip_building_tests': False, 'cmake_args': None, 'cmake_clean_cache': False, 'cmake_clean_first': False, 'cmake_force_configure': False, 'cmake_target': None, 'cmake_target_skip_unavailable': False, 'install_base': '/home/lccc/Desktop/GXS_2024_VisionCode/install/qrmsg', 'merge_install': False, 'path': '/home/lccc/Desktop/GXS_2024_VisionCode/src/qrmsg', 'symlink_install': False, 'test_result_base': None}
[0.227s] Level 5:colcon.colcon_core.verb:set package 'binary_detector' build argument 'cmake_args' from command line to 'None'
[0.227s] Level 5:colcon.colcon_core.verb:set package 'binary_detector' build argument 'cmake_target' from command line to 'None'
[0.227s] Level 5:colcon.colcon_core.verb:set package 'binary_detector' build argument 'cmake_target_skip_unavailable' from command line to 'False'
[0.227s] Level 5:colcon.colcon_core.verb:set package 'binary_detector' build argument 'cmake_clean_cache' from command line to 'False'
[0.227s] Level 5:colcon.colcon_core.verb:set package 'binary_detector' build argument 'cmake_clean_first' from command line to 'False'
[0.227s] Level 5:colcon.colcon_core.verb:set package 'binary_detector' build argument 'cmake_force_configure' from command line to 'False'
[0.227s] Level 5:colcon.colcon_core.verb:set package 'binary_detector' build argument 'ament_cmake_args' from command line to 'None'
[0.227s] Level 5:colcon.colcon_core.verb:set package 'binary_detector' build argument 'catkin_cmake_args' from command line to 'None'
[0.227s] Level 5:colcon.colcon_core.verb:set package 'binary_detector' build argument 'catkin_skip_building_tests' from command line to 'False'
[0.227s] DEBUG:colcon.colcon_core.verb:Building package 'binary_detector' with the following arguments: {'ament_cmake_args': None, 'build_base': '/home/lccc/Desktop/GXS_2024_VisionCode/build/binary_detector', 'catkin_cmake_args': None, 'catkin_skip_building_tests': False, 'cmake_args': None, 'cmake_clean_cache': False, 'cmake_clean_first': False, 'cmake_force_configure': False, 'cmake_target': None, 'cmake_target_skip_unavailable': False, 'install_base': '/home/lccc/Desktop/GXS_2024_VisionCode/install/binary_detector', 'merge_install': False, 'path': '/home/lccc/Desktop/GXS_2024_VisionCode/src/binary_detector', 'symlink_install': False, 'test_result_base': None}
[0.227s] Level 5:colcon.colcon_core.verb:set package 'colorblock_detector' build argument 'cmake_args' from command line to 'None'
[0.228s] Level 5:colcon.colcon_core.verb:set package 'colorblock_detector' build argument 'cmake_target' from command line to 'None'
[0.228s] Level 5:colcon.colcon_core.verb:set package 'colorblock_detector' build argument 'cmake_target_skip_unavailable' from command line to 'False'
[0.228s] Level 5:colcon.colcon_core.verb:set package 'colorblock_detector' build argument 'cmake_clean_cache' from command line to 'False'
[0.228s] Level 5:colcon.colcon_core.verb:set package 'colorblock_detector' build argument 'cmake_clean_first' from command line to 'False'
[0.228s] Level 5:colcon.colcon_core.verb:set package 'colorblock_detector' build argument 'cmake_force_configure' from command line to 'False'
[0.228s] Level 5:colcon.colcon_core.verb:set package 'colorblock_detector' build argument 'ament_cmake_args' from command line to 'None'
[0.228s] Level 5:colcon.colcon_core.verb:set package 'colorblock_detector' build argument 'catkin_cmake_args' from command line to 'None'
[0.228s] Level 5:colcon.colcon_core.verb:set package 'colorblock_detector' build argument 'catkin_skip_building_tests' from command line to 'False'
[0.228s] DEBUG:colcon.colcon_core.verb:Building package 'colorblock_detector' with the following arguments: {'ament_cmake_args': None, 'build_base': '/home/lccc/Desktop/GXS_2024_VisionCode/build/colorblock_detector', 'catkin_cmake_args': None, 'catkin_skip_building_tests': False, 'cmake_args': None, 'cmake_clean_cache': False, 'cmake_clean_first': False, 'cmake_force_configure': False, 'cmake_target': None, 'cmake_target_skip_unavailable': False, 'install_base': '/home/lccc/Desktop/GXS_2024_VisionCode/install/colorblock_detector', 'merge_install': False, 'path': '/home/lccc/Desktop/GXS_2024_VisionCode/src/colorblock_detector', 'symlink_install': False, 'test_result_base': None}
[0.228s] Level 5:colcon.colcon_core.verb:set package 'gxs_serial_driver' build argument 'cmake_args' from command line to 'None'
[0.228s] Level 5:colcon.colcon_core.verb:set package 'gxs_serial_driver' build argument 'cmake_target' from command line to 'None'
[0.228s] Level 5:colcon.colcon_core.verb:set package 'gxs_serial_driver' build argument 'cmake_target_skip_unavailable' from command line to 'False'
[0.228s] Level 5:colcon.colcon_core.verb:set package 'gxs_serial_driver' build argument 'cmake_clean_cache' from command line to 'False'
[0.228s] Level 5:colcon.colcon_core.verb:set package 'gxs_serial_driver' build argument 'cmake_clean_first' from command line to 'False'
[0.228s] Level 5:colcon.colcon_core.verb:set package 'gxs_serial_driver' build argument 'cmake_force_configure' from command line to 'False'
[0.228s] Level 5:colcon.colcon_core.verb:set package 'gxs_serial_driver' build argument 'ament_cmake_args' from command line to 'None'
[0.228s] Level 5:colcon.colcon_core.verb:set package 'gxs_serial_driver' build argument 'catkin_cmake_args' from command line to 'None'
[0.228s] Level 5:colcon.colcon_core.verb:set package 'gxs_serial_driver' build argument 'catkin_skip_building_tests' from command line to 'False'
[0.228s] DEBUG:colcon.colcon_core.verb:Building package 'gxs_serial_driver' with the following arguments: {'ament_cmake_args': None, 'build_base': '/home/lccc/Desktop/GXS_2024_VisionCode/build/gxs_serial_driver', 'catkin_cmake_args': None, 'catkin_skip_building_tests': False, 'cmake_args': None, 'cmake_clean_cache': False, 'cmake_clean_first': False, 'cmake_force_configure': False, 'cmake_target': None, 'cmake_target_skip_unavailable': False, 'install_base': '/home/lccc/Desktop/GXS_2024_VisionCode/install/gxs_serial_driver', 'merge_install': False, 'path': '/home/lccc/Desktop/GXS_2024_VisionCode/src/rm_serial_driver', 'symlink_install': False, 'test_result_base': None}
[0.228s] Level 5:colcon.colcon_core.verb:set package 'line_follow' build argument 'cmake_args' from command line to 'None'
[0.228s] Level 5:colcon.colcon_core.verb:set package 'line_follow' build argument 'cmake_target' from command line to 'None'
[0.228s] Level 5:colcon.colcon_core.verb:set package 'line_follow' build argument 'cmake_target_skip_unavailable' from command line to 'False'
[0.228s] Level 5:colcon.colcon_core.verb:set package 'line_follow' build argument 'cmake_clean_cache' from command line to 'False'
[0.228s] Level 5:colcon.colcon_core.verb:set package 'line_follow' build argument 'cmake_clean_first' from command line to 'False'
[0.228s] Level 5:colcon.colcon_core.verb:set package 'line_follow' build argument 'cmake_force_configure' from command line to 'False'
[0.228s] Level 5:colcon.colcon_core.verb:set package 'line_follow' build argument 'ament_cmake_args' from command line to 'None'
[0.228s] Level 5:colcon.colcon_core.verb:set package 'line_follow' build argument 'catkin_cmake_args' from command line to 'None'
[0.228s] Level 5:colcon.colcon_core.verb:set package 'line_follow' build argument 'catkin_skip_building_tests' from command line to 'False'
[0.228s] DEBUG:colcon.colcon_core.verb:Building package 'line_follow' with the following arguments: {'ament_cmake_args': None, 'build_base': '/home/lccc/Desktop/GXS_2024_VisionCode/build/line_follow', 'catkin_cmake_args': None, 'catkin_skip_building_tests': False, 'cmake_args': None, 'cmake_clean_cache': False, 'cmake_clean_first': False, 'cmake_force_configure': False, 'cmake_target': None, 'cmake_target_skip_unavailable': False, 'install_base': '/home/lccc/Desktop/GXS_2024_VisionCode/install/line_follow', 'merge_install': False, 'path': '/home/lccc/Desktop/GXS_2024_VisionCode/src/line_follow', 'symlink_install': False, 'test_result_base': None}
[0.228s] INFO:colcon.colcon_core.executor:Executing jobs using 'parallel' executor
[0.229s] DEBUG:colcon.colcon_parallel_executor.executor.parallel:run_until_complete
[0.229s] INFO:colcon.colcon_ros.task.ament_cmake.build:Building ROS package in '/home/lccc/Desktop/GXS_2024_VisionCode/src/qrmsg' with build type 'ament_cmake'
[0.229s] INFO:colcon.colcon_cmake.task.cmake.build:Building CMake package in '/home/lccc/Desktop/GXS_2024_VisionCode/src/qrmsg'
[0.231s] INFO:colcon.colcon_core.plugin_system:Skipping extension 'colcon_core.shell.bat': Not used on non-Windows systems
[0.231s] INFO:colcon.colcon_core.shell:Skip shell extension 'powershell' for command environment: Not usable outside of PowerShell
[0.231s] DEBUG:colcon.colcon_core.shell:Skip shell extension 'dsv' for command environment
[0.233s] INFO:colcon.colcon_ros.task.ament_cmake.build:Building ROS package in '/home/lccc/Desktop/GXS_2024_VisionCode/src/adjust' with build type 'ament_cmake'
[0.233s] INFO:colcon.colcon_cmake.task.cmake.build:Building CMake package in '/home/lccc/Desktop/GXS_2024_VisionCode/src/adjust'
[0.233s] INFO:colcon.colcon_core.shell:Skip shell extension 'powershell' for command environment: Not usable outside of PowerShell
[0.233s] DEBUG:colcon.colcon_core.shell:Skip shell extension 'dsv' for command environment
[0.235s] INFO:colcon.colcon_ros.task.ament_cmake.build:Building ROS package in '/home/lccc/Desktop/GXS_2024_VisionCode/src/camera_driver' with build type 'ament_cmake'
[0.235s] INFO:colcon.colcon_cmake.task.cmake.build:Building CMake package in '/home/lccc/Desktop/GXS_2024_VisionCode/src/camera_driver'
[0.235s] INFO:colcon.colcon_core.shell:Skip shell extension 'powershell' for command environment: Not usable outside of PowerShell
[0.235s] DEBUG:colcon.colcon_core.shell:Skip shell extension 'dsv' for command environment
[0.240s] DEBUG:colcon.colcon_core.event_handler.log_command:Invoking command in '/home/lccc/Desktop/GXS_2024_VisionCode/build/qrmsg': CMAKE_PREFIX_PATH=${CMAKE_PREFIX_PATH}:/opt/ros/humble /usr/bin/cmake --build /home/lccc/Desktop/GXS_2024_VisionCode/build/qrmsg -- -j16 -l16
[0.242s] DEBUG:colcon.colcon_core.event_handler.log_command:Invoking command in '/home/lccc/Desktop/GXS_2024_VisionCode/build/adjust_hsv': CMAKE_PREFIX_PATH=${CMAKE_PREFIX_PATH}:/opt/ros/humble /usr/bin/cmake --build /home/lccc/Desktop/GXS_2024_VisionCode/build/adjust_hsv -- -j16 -l16
[0.274s] DEBUG:colcon.colcon_core.event_handler.log_command:Invoking command in '/home/lccc/Desktop/GXS_2024_VisionCode/build/camera_driver': CMAKE_PREFIX_PATH=${CMAKE_PREFIX_PATH}:/opt/ros/humble /usr/bin/cmake --build /home/lccc/Desktop/GXS_2024_VisionCode/build/camera_driver -- -j16 -l16
[0.294s] DEBUG:colcon.colcon_core.event_handler.log_command:Invoked command in '/home/lccc/Desktop/GXS_2024_VisionCode/build/adjust_hsv' returned '0': CMAKE_PREFIX_PATH=${CMAKE_PREFIX_PATH}:/opt/ros/humble /usr/bin/cmake --build /home/lccc/Desktop/GXS_2024_VisionCode/build/adjust_hsv -- -j16 -l16
[0.323s] DEBUG:colcon.colcon_core.event_handler.log_command:Invoking command in '/home/lccc/Desktop/GXS_2024_VisionCode/build/adjust_hsv': CMAKE_PREFIX_PATH=${CMAKE_PREFIX_PATH}:/opt/ros/humble /usr/bin/cmake --install /home/lccc/Desktop/GXS_2024_VisionCode/build/adjust_hsv
[0.328s] DEBUG:colcon.colcon_core.event_handler.log_command:Invoked command in '/home/lccc/Desktop/GXS_2024_VisionCode/build/camera_driver' returned '0': CMAKE_PREFIX_PATH=${CMAKE_PREFIX_PATH}:/opt/ros/humble /usr/bin/cmake --build /home/lccc/Desktop/GXS_2024_VisionCode/build/camera_driver -- -j16 -l16
[0.330s] Level 1:colcon.colcon_core.environment:create_environment_scripts_only(adjust_hsv)
[0.331s] DEBUG:colcon.colcon_core.event_handler.log_command:Invoked command in '/home/lccc/Desktop/GXS_2024_VisionCode/build/adjust_hsv' returned '0': CMAKE_PREFIX_PATH=${CMAKE_PREFIX_PATH}:/opt/ros/humble /usr/bin/cmake --install /home/lccc/Desktop/GXS_2024_VisionCode/build/adjust_hsv
[0.332s] Level 1:colcon.colcon_core.environment:checking '/home/lccc/Desktop/GXS_2024_VisionCode/install/adjust_hsv' for CMake module files
[0.332s] Level 1:colcon.colcon_core.environment:checking '/home/lccc/Desktop/GXS_2024_VisionCode/install/adjust_hsv' for CMake config files
[0.332s] Level 1:colcon.colcon_core.shell:create_environment_hook('adjust_hsv', 'cmake_prefix_path')
[0.333s] INFO:colcon.colcon_core.shell:Creating environment hook '/home/lccc/Desktop/GXS_2024_VisionCode/install/adjust_hsv/share/adjust_hsv/hook/cmake_prefix_path.ps1'
[0.333s] INFO:colcon.colcon_core.shell:Creating environment descriptor '/home/lccc/Desktop/GXS_2024_VisionCode/install/adjust_hsv/share/adjust_hsv/hook/cmake_prefix_path.dsv'
[0.333s] INFO:colcon.colcon_core.shell:Creating environment hook '/home/lccc/Desktop/GXS_2024_VisionCode/install/adjust_hsv/share/adjust_hsv/hook/cmake_prefix_path.sh'
[0.334s] Level 1:colcon.colcon_core.environment:checking '/home/lccc/Desktop/GXS_2024_VisionCode/install/adjust_hsv/lib'
[0.334s] Level 1:colcon.colcon_core.environment:checking '/home/lccc/Desktop/GXS_2024_VisionCode/install/adjust_hsv/bin'
[0.334s] Level 1:colcon.colcon_core.environment:checking '/home/lccc/Desktop/GXS_2024_VisionCode/install/adjust_hsv/lib/pkgconfig/adjust_hsv.pc'
[0.334s] Level 1:colcon.colcon_core.environment:checking '/home/lccc/Desktop/GXS_2024_VisionCode/install/adjust_hsv/lib/python3.10/site-packages'
[0.334s] Level 1:colcon.colcon_core.environment:checking '/home/lccc/Desktop/GXS_2024_VisionCode/install/adjust_hsv/bin'
[0.335s] INFO:colcon.colcon_core.shell:Creating package script '/home/lccc/Desktop/GXS_2024_VisionCode/install/adjust_hsv/share/adjust_hsv/package.ps1'
[0.335s] INFO:colcon.colcon_core.shell:Creating package descriptor '/home/lccc/Desktop/GXS_2024_VisionCode/install/adjust_hsv/share/adjust_hsv/package.dsv'
[0.335s] INFO:colcon.colcon_core.shell:Creating package script '/home/lccc/Desktop/GXS_2024_VisionCode/install/adjust_hsv/share/adjust_hsv/package.sh'
[0.336s] INFO:colcon.colcon_core.shell:Creating package script '/home/lccc/Desktop/GXS_2024_VisionCode/install/adjust_hsv/share/adjust_hsv/package.bash'
[0.336s] INFO:colcon.colcon_core.shell:Creating package script '/home/lccc/Desktop/GXS_2024_VisionCode/install/adjust_hsv/share/adjust_hsv/package.zsh'
[0.337s] Level 1:colcon.colcon_core.environment:create_file_with_runtime_dependencies(/home/lccc/Desktop/GXS_2024_VisionCode/install/adjust_hsv/share/colcon-core/packages/adjust_hsv)
[0.352s] DEBUG:colcon.colcon_core.event_handler.log_command:Invoking command in '/home/lccc/Desktop/GXS_2024_VisionCode/build/camera_driver': CMAKE_PREFIX_PATH=${CMAKE_PREFIX_PATH}:/opt/ros/humble /usr/bin/cmake --install /home/lccc/Desktop/GXS_2024_VisionCode/build/camera_driver
[0.358s] Level 1:colcon.colcon_core.environment:create_environment_scripts_only(adjust_hsv)
[0.358s] Level 1:colcon.colcon_core.environment:checking '/home/lccc/Desktop/GXS_2024_VisionCode/install/adjust_hsv' for CMake module files
[0.358s] Level 1:colcon.colcon_core.environment:checking '/home/lccc/Desktop/GXS_2024_VisionCode/install/adjust_hsv' for CMake config files
[0.358s] Level 1:colcon.colcon_core.shell:create_environment_hook('adjust_hsv', 'cmake_prefix_path')
[0.359s] INFO:colcon.colcon_core.shell:Creating environment hook '/home/lccc/Desktop/GXS_2024_VisionCode/install/adjust_hsv/share/adjust_hsv/hook/cmake_prefix_path.ps1'
[0.359s] INFO:colcon.colcon_core.shell:Creating environment descriptor '/home/lccc/Desktop/GXS_2024_VisionCode/install/adjust_hsv/share/adjust_hsv/hook/cmake_prefix_path.dsv'
[0.360s] INFO:colcon.colcon_core.shell:Creating environment hook '/home/lccc/Desktop/GXS_2024_VisionCode/install/adjust_hsv/share/adjust_hsv/hook/cmake_prefix_path.sh'
[0.361s] Level 1:colcon.colcon_core.environment:checking '/home/lccc/Desktop/GXS_2024_VisionCode/install/adjust_hsv/lib'
[0.361s] Level 1:colcon.colcon_core.environment:checking '/home/lccc/Desktop/GXS_2024_VisionCode/install/adjust_hsv/bin'
[0.361s] Level 1:colcon.colcon_core.environment:checking '/home/lccc/Desktop/GXS_2024_VisionCode/install/adjust_hsv/lib/pkgconfig/adjust_hsv.pc'
[0.361s] Level 1:colcon.colcon_core.environment:checking '/home/lccc/Desktop/GXS_2024_VisionCode/install/adjust_hsv/lib/python3.10/site-packages'
[0.362s] Level 1:colcon.colcon_core.environment:checking '/home/lccc/Desktop/GXS_2024_VisionCode/install/adjust_hsv/bin'
[0.362s] INFO:colcon.colcon_core.shell:Creating package script '/home/lccc/Desktop/GXS_2024_VisionCode/install/adjust_hsv/share/adjust_hsv/package.ps1'
[0.363s] INFO:colcon.colcon_core.shell:Creating package descriptor '/home/lccc/Desktop/GXS_2024_VisionCode/install/adjust_hsv/share/adjust_hsv/package.dsv'
[0.363s] INFO:colcon.colcon_core.shell:Creating package script '/home/lccc/Desktop/GXS_2024_VisionCode/install/adjust_hsv/share/adjust_hsv/package.sh'
[0.364s] INFO:colcon.colcon_core.shell:Creating package script '/home/lccc/Desktop/GXS_2024_VisionCode/install/adjust_hsv/share/adjust_hsv/package.bash'
[0.364s] INFO:colcon.colcon_core.shell:Creating package script '/home/lccc/Desktop/GXS_2024_VisionCode/install/adjust_hsv/share/adjust_hsv/package.zsh'
[0.365s] Level 1:colcon.colcon_core.environment:create_file_with_runtime_dependencies(/home/lccc/Desktop/GXS_2024_VisionCode/install/adjust_hsv/share/colcon-core/packages/adjust_hsv)
[0.366s] Level 1:colcon.colcon_core.environment:create_environment_scripts_only(camera_driver)
[0.366s] Level 1:colcon.colcon_core.environment:checking '/home/lccc/Desktop/GXS_2024_VisionCode/install/camera_driver' for CMake module files
[0.367s] DEBUG:colcon.colcon_core.event_handler.log_command:Invoked command in '/home/lccc/Desktop/GXS_2024_VisionCode/build/camera_driver' returned '0': CMAKE_PREFIX_PATH=${CMAKE_PREFIX_PATH}:/opt/ros/humble /usr/bin/cmake --install /home/lccc/Desktop/GXS_2024_VisionCode/build/camera_driver
[0.368s] Level 1:colcon.colcon_core.environment:checking '/home/lccc/Desktop/GXS_2024_VisionCode/install/camera_driver' for CMake config files
[0.368s] Level 1:colcon.colcon_core.shell:create_environment_hook('camera_driver', 'cmake_prefix_path')
[0.368s] INFO:colcon.colcon_core.shell:Creating environment hook '/home/lccc/Desktop/GXS_2024_VisionCode/install/camera_driver/share/camera_driver/hook/cmake_prefix_path.ps1'
[0.369s] INFO:colcon.colcon_core.shell:Creating environment descriptor '/home/lccc/Desktop/GXS_2024_VisionCode/install/camera_driver/share/camera_driver/hook/cmake_prefix_path.dsv'
[0.369s] INFO:colcon.colcon_core.shell:Creating environment hook '/home/lccc/Desktop/GXS_2024_VisionCode/install/camera_driver/share/camera_driver/hook/cmake_prefix_path.sh'
[0.370s] Level 1:colcon.colcon_core.environment:checking '/home/lccc/Desktop/GXS_2024_VisionCode/install/camera_driver/lib'
[0.370s] Level 1:colcon.colcon_core.environment:checking '/home/lccc/Desktop/GXS_2024_VisionCode/install/camera_driver/bin'
[0.370s] Level 1:colcon.colcon_core.environment:checking '/home/lccc/Desktop/GXS_2024_VisionCode/install/camera_driver/lib/pkgconfig/camera_driver.pc'
[0.371s] Level 1:colcon.colcon_core.environment:checking '/home/lccc/Desktop/GXS_2024_VisionCode/install/camera_driver/lib/python3.10/site-packages'
[0.371s] Level 1:colcon.colcon_core.environment:checking '/home/lccc/Desktop/GXS_2024_VisionCode/install/camera_driver/bin'
[0.371s] INFO:colcon.colcon_core.shell:Creating package script '/home/lccc/Desktop/GXS_2024_VisionCode/install/camera_driver/share/camera_driver/package.ps1'
[0.372s] INFO:colcon.colcon_core.shell:Creating package descriptor '/home/lccc/Desktop/GXS_2024_VisionCode/install/camera_driver/share/camera_driver/package.dsv'
[0.372s] INFO:colcon.colcon_core.shell:Creating package script '/home/lccc/Desktop/GXS_2024_VisionCode/install/camera_driver/share/camera_driver/package.sh'
[0.373s] INFO:colcon.colcon_core.shell:Creating package script '/home/lccc/Desktop/GXS_2024_VisionCode/install/camera_driver/share/camera_driver/package.bash'
[0.373s] INFO:colcon.colcon_core.shell:Creating package script '/home/lccc/Desktop/GXS_2024_VisionCode/install/camera_driver/share/camera_driver/package.zsh'
[0.373s] Level 1:colcon.colcon_core.environment:create_file_with_runtime_dependencies(/home/lccc/Desktop/GXS_2024_VisionCode/install/camera_driver/share/colcon-core/packages/camera_driver)
[0.394s] Level 1:colcon.colcon_core.environment:create_environment_scripts_only(camera_driver)
[0.394s] Level 1:colcon.colcon_core.environment:checking '/home/lccc/Desktop/GXS_2024_VisionCode/install/camera_driver' for CMake module files
[0.395s] Level 1:colcon.colcon_core.environment:checking '/home/lccc/Desktop/GXS_2024_VisionCode/install/camera_driver' for CMake config files
[0.395s] Level 1:colcon.colcon_core.shell:create_environment_hook('camera_driver', 'cmake_prefix_path')
[0.395s] INFO:colcon.colcon_core.shell:Creating environment hook '/home/lccc/Desktop/GXS_2024_VisionCode/install/camera_driver/share/camera_driver/hook/cmake_prefix_path.ps1'
[0.396s] INFO:colcon.colcon_core.shell:Creating environment descriptor '/home/lccc/Desktop/GXS_2024_VisionCode/install/camera_driver/share/camera_driver/hook/cmake_prefix_path.dsv'
[0.396s] INFO:colcon.colcon_core.shell:Creating environment hook '/home/lccc/Desktop/GXS_2024_VisionCode/install/camera_driver/share/camera_driver/hook/cmake_prefix_path.sh'
[0.397s] Level 1:colcon.colcon_core.environment:checking '/home/lccc/Desktop/GXS_2024_VisionCode/install/camera_driver/lib'
[0.397s] Level 1:colcon.colcon_core.environment:checking '/home/lccc/Desktop/GXS_2024_VisionCode/install/camera_driver/bin'
[0.397s] Level 1:colcon.colcon_core.environment:checking '/home/lccc/Desktop/GXS_2024_VisionCode/install/camera_driver/lib/pkgconfig/camera_driver.pc'
[0.397s] Level 1:colcon.colcon_core.environment:checking '/home/lccc/Desktop/GXS_2024_VisionCode/install/camera_driver/lib/python3.10/site-packages'
[0.397s] Level 1:colcon.colcon_core.environment:checking '/home/lccc/Desktop/GXS_2024_VisionCode/install/camera_driver/bin'
[0.397s] INFO:colcon.colcon_core.shell:Creating package script '/home/lccc/Desktop/GXS_2024_VisionCode/install/camera_driver/share/camera_driver/package.ps1'
[0.398s] INFO:colcon.colcon_core.shell:Creating package descriptor '/home/lccc/Desktop/GXS_2024_VisionCode/install/camera_driver/share/camera_driver/package.dsv'
[0.398s] INFO:colcon.colcon_core.shell:Creating package script '/home/lccc/Desktop/GXS_2024_VisionCode/install/camera_driver/share/camera_driver/package.sh'
[0.398s] INFO:colcon.colcon_core.shell:Creating package script '/home/lccc/Desktop/GXS_2024_VisionCode/install/camera_driver/share/camera_driver/package.bash'
[0.399s] INFO:colcon.colcon_core.shell:Creating package script '/home/lccc/Desktop/GXS_2024_VisionCode/install/camera_driver/share/camera_driver/package.zsh'
[0.399s] Level 1:colcon.colcon_core.environment:create_file_with_runtime_dependencies(/home/lccc/Desktop/GXS_2024_VisionCode/install/camera_driver/share/colcon-core/packages/camera_driver)
[0.473s] DEBUG:colcon.colcon_core.event_handler.log_command:Invoked command in '/home/lccc/Desktop/GXS_2024_VisionCode/build/qrmsg' returned '0': CMAKE_PREFIX_PATH=${CMAKE_PREFIX_PATH}:/opt/ros/humble /usr/bin/cmake --build /home/lccc/Desktop/GXS_2024_VisionCode/build/qrmsg -- -j16 -l16
[0.547s] DEBUG:colcon.colcon_core.event_handler.log_command:Invoking command in '/home/lccc/Desktop/GXS_2024_VisionCode/build/qrmsg': CMAKE_PREFIX_PATH=${CMAKE_PREFIX_PATH}:/opt/ros/humble /usr/bin/cmake --install /home/lccc/Desktop/GXS_2024_VisionCode/build/qrmsg
[0.585s] Level 1:colcon.colcon_core.environment:create_environment_scripts_only(qrmsg)
[0.585s] Level 1:colcon.colcon_core.environment:checking '/home/lccc/Desktop/GXS_2024_VisionCode/install/qrmsg' for CMake module files
[0.585s] DEBUG:colcon.colcon_core.event_handler.log_command:Invoked command in '/home/lccc/Desktop/GXS_2024_VisionCode/build/qrmsg' returned '0': CMAKE_PREFIX_PATH=${CMAKE_PREFIX_PATH}:/opt/ros/humble /usr/bin/cmake --install /home/lccc/Desktop/GXS_2024_VisionCode/build/qrmsg
[0.586s] Level 1:colcon.colcon_core.environment:checking '/home/lccc/Desktop/GXS_2024_VisionCode/install/qrmsg' for CMake config files
[0.586s] Level 1:colcon.colcon_core.shell:create_environment_hook('qrmsg', 'cmake_prefix_path')
[0.586s] INFO:colcon.colcon_core.shell:Creating environment hook '/home/lccc/Desktop/GXS_2024_VisionCode/install/qrmsg/share/qrmsg/hook/cmake_prefix_path.ps1'
[0.586s] INFO:colcon.colcon_core.shell:Creating environment descriptor '/home/lccc/Desktop/GXS_2024_VisionCode/install/qrmsg/share/qrmsg/hook/cmake_prefix_path.dsv'
[0.586s] INFO:colcon.colcon_core.shell:Creating environment hook '/home/lccc/Desktop/GXS_2024_VisionCode/install/qrmsg/share/qrmsg/hook/cmake_prefix_path.sh'
[0.587s] Level 1:colcon.colcon_core.environment:checking '/home/lccc/Desktop/GXS_2024_VisionCode/install/qrmsg/lib'
[0.587s] Level 1:colcon.colcon_core.shell:create_environment_hook('qrmsg', 'ld_library_path_lib')
[0.587s] INFO:colcon.colcon_core.shell:Creating environment hook '/home/lccc/Desktop/GXS_2024_VisionCode/install/qrmsg/share/qrmsg/hook/ld_library_path_lib.ps1'
[0.587s] INFO:colcon.colcon_core.shell:Creating environment descriptor '/home/lccc/Desktop/GXS_2024_VisionCode/install/qrmsg/share/qrmsg/hook/ld_library_path_lib.dsv'
[0.587s] INFO:colcon.colcon_core.shell:Creating environment hook '/home/lccc/Desktop/GXS_2024_VisionCode/install/qrmsg/share/qrmsg/hook/ld_library_path_lib.sh'
[0.588s] Level 1:colcon.colcon_core.environment:checking '/home/lccc/Desktop/GXS_2024_VisionCode/install/qrmsg/bin'
[0.588s] Level 1:colcon.colcon_core.environment:checking '/home/lccc/Desktop/GXS_2024_VisionCode/install/qrmsg/lib/pkgconfig/qrmsg.pc'
[0.588s] Level 1:colcon.colcon_core.environment:checking '/home/lccc/Desktop/GXS_2024_VisionCode/install/qrmsg/lib/python3.10/site-packages'
[0.588s] Level 1:colcon.colcon_core.environment:checking '/home/lccc/Desktop/GXS_2024_VisionCode/install/qrmsg/bin'
[0.588s] INFO:colcon.colcon_core.shell:Creating package script '/home/lccc/Desktop/GXS_2024_VisionCode/install/qrmsg/share/qrmsg/package.ps1'
[0.588s] INFO:colcon.colcon_core.shell:Creating package descriptor '/home/lccc/Desktop/GXS_2024_VisionCode/install/qrmsg/share/qrmsg/package.dsv'
[0.589s] INFO:colcon.colcon_core.shell:Creating package script '/home/lccc/Desktop/GXS_2024_VisionCode/install/qrmsg/share/qrmsg/package.sh'
[0.589s] INFO:colcon.colcon_core.shell:Creating package script '/home/lccc/Desktop/GXS_2024_VisionCode/install/qrmsg/share/qrmsg/package.bash'
[0.589s] INFO:colcon.colcon_core.shell:Creating package script '/home/lccc/Desktop/GXS_2024_VisionCode/install/qrmsg/share/qrmsg/package.zsh'
[0.589s] Level 1:colcon.colcon_core.environment:create_file_with_runtime_dependencies(/home/lccc/Desktop/GXS_2024_VisionCode/install/qrmsg/share/colcon-core/packages/qrmsg)
[0.661s] Level 1:colcon.colcon_core.environment:create_environment_scripts_only(qrmsg)
[0.662s] Level 1:colcon.colcon_core.environment:checking '/home/lccc/Desktop/GXS_2024_VisionCode/install/qrmsg' for CMake module files
[0.662s] Level 1:colcon.colcon_core.environment:checking '/home/lccc/Desktop/GXS_2024_VisionCode/install/qrmsg' for CMake config files
[0.662s] Level 1:colcon.colcon_core.shell:create_environment_hook('qrmsg', 'cmake_prefix_path')
[0.662s] INFO:colcon.colcon_core.shell:Creating environment hook '/home/lccc/Desktop/GXS_2024_VisionCode/install/qrmsg/share/qrmsg/hook/cmake_prefix_path.ps1'
[0.663s] INFO:colcon.colcon_core.shell:Creating environment descriptor '/home/lccc/Desktop/GXS_2024_VisionCode/install/qrmsg/share/qrmsg/hook/cmake_prefix_path.dsv'
[0.663s] INFO:colcon.colcon_core.shell:Creating environment hook '/home/lccc/Desktop/GXS_2024_VisionCode/install/qrmsg/share/qrmsg/hook/cmake_prefix_path.sh'
[0.663s] Level 1:colcon.colcon_core.environment:checking '/home/lccc/Desktop/GXS_2024_VisionCode/install/qrmsg/lib'
[0.663s] Level 1:colcon.colcon_core.shell:create_environment_hook('qrmsg', 'ld_library_path_lib')
[0.663s] INFO:colcon.colcon_core.shell:Creating environment hook '/home/lccc/Desktop/GXS_2024_VisionCode/install/qrmsg/share/qrmsg/hook/ld_library_path_lib.ps1'
[0.664s] INFO:colcon.colcon_core.shell:Creating environment descriptor '/home/lccc/Desktop/GXS_2024_VisionCode/install/qrmsg/share/qrmsg/hook/ld_library_path_lib.dsv'
[0.664s] INFO:colcon.colcon_core.shell:Creating environment hook '/home/lccc/Desktop/GXS_2024_VisionCode/install/qrmsg/share/qrmsg/hook/ld_library_path_lib.sh'
[0.664s] Level 1:colcon.colcon_core.environment:checking '/home/lccc/Desktop/GXS_2024_VisionCode/install/qrmsg/bin'
[0.664s] Level 1:colcon.colcon_core.environment:checking '/home/lccc/Desktop/GXS_2024_VisionCode/install/qrmsg/lib/pkgconfig/qrmsg.pc'
[0.664s] Level 1:colcon.colcon_core.environment:checking '/home/lccc/Desktop/GXS_2024_VisionCode/install/qrmsg/lib/python3.10/site-packages'
[0.664s] Level 1:colcon.colcon_core.environment:checking '/home/lccc/Desktop/GXS_2024_VisionCode/install/qrmsg/bin'
[0.665s] INFO:colcon.colcon_core.shell:Creating package script '/home/lccc/Desktop/GXS_2024_VisionCode/install/qrmsg/share/qrmsg/package.ps1'
[0.665s] INFO:colcon.colcon_core.shell:Creating package descriptor '/home/lccc/Desktop/GXS_2024_VisionCode/install/qrmsg/share/qrmsg/package.dsv'
[0.665s] INFO:colcon.colcon_core.shell:Creating package script '/home/lccc/Desktop/GXS_2024_VisionCode/install/qrmsg/share/qrmsg/package.sh'
[0.665s] INFO:colcon.colcon_core.shell:Creating package script '/home/lccc/Desktop/GXS_2024_VisionCode/install/qrmsg/share/qrmsg/package.bash'
[0.666s] INFO:colcon.colcon_core.shell:Creating package script '/home/lccc/Desktop/GXS_2024_VisionCode/install/qrmsg/share/qrmsg/package.zsh'
[0.666s] Level 1:colcon.colcon_core.environment:create_file_with_runtime_dependencies(/home/lccc/Desktop/GXS_2024_VisionCode/install/qrmsg/share/colcon-core/packages/qrmsg)
[0.666s] INFO:colcon.colcon_ros.task.ament_cmake.build:Building ROS package in '/home/lccc/Desktop/GXS_2024_VisionCode/src/binary_detector' with build type 'ament_cmake'
[0.666s] INFO:colcon.colcon_cmake.task.cmake.build:Building CMake package in '/home/lccc/Desktop/GXS_2024_VisionCode/src/binary_detector'
[0.666s] INFO:colcon.colcon_core.shell:Skip shell extension 'powershell' for command environment: Not usable outside of PowerShell
[0.666s] DEBUG:colcon.colcon_core.shell:Skip shell extension 'dsv' for command environment
[0.669s] INFO:colcon.colcon_ros.task.ament_cmake.build:Building ROS package in '/home/lccc/Desktop/GXS_2024_VisionCode/src/colorblock_detector' with build type 'ament_cmake'
[0.669s] INFO:colcon.colcon_cmake.task.cmake.build:Building CMake package in '/home/lccc/Desktop/GXS_2024_VisionCode/src/colorblock_detector'
[0.669s] INFO:colcon.colcon_core.shell:Skip shell extension 'powershell' for command environment: Not usable outside of PowerShell
[0.669s] DEBUG:colcon.colcon_core.shell:Skip shell extension 'dsv' for command environment
[0.671s] INFO:colcon.colcon_ros.task.ament_cmake.build:Building ROS package in '/home/lccc/Desktop/GXS_2024_VisionCode/src/rm_serial_driver' with build type 'ament_cmake'
[0.671s] INFO:colcon.colcon_cmake.task.cmake.build:Building CMake package in '/home/lccc/Desktop/GXS_2024_VisionCode/src/rm_serial_driver'
[0.672s] INFO:colcon.colcon_core.shell:Skip shell extension 'powershell' for command environment: Not usable outside of PowerShell
[0.672s] DEBUG:colcon.colcon_core.shell:Skip shell extension 'dsv' for command environment
[0.674s] INFO:colcon.colcon_ros.task.ament_cmake.build:Building ROS package in '/home/lccc/Desktop/GXS_2024_VisionCode/src/line_follow' with build type 'ament_cmake'
[0.675s] INFO:colcon.colcon_cmake.task.cmake.build:Building CMake package in '/home/lccc/Desktop/GXS_2024_VisionCode/src/line_follow'
[0.675s] INFO:colcon.colcon_core.shell:Skip shell extension 'powershell' for command environment: Not usable outside of PowerShell
[0.675s] DEBUG:colcon.colcon_core.shell:Skip shell extension 'dsv' for command environment
[0.682s] DEBUG:colcon.colcon_core.event_handler.log_command:Invoking command in '/home/lccc/Desktop/GXS_2024_VisionCode/build/binary_detector': CMAKE_PREFIX_PATH=/home/lccc/Desktop/GXS_2024_VisionCode/install/qrmsg:/home/lccc/Desktop/GXS_2024_VisionCode/install/line_follow:/home/lccc/Desktop/GXS_2024_VisionCode/install/gxs_serial_driver:/home/lccc/Desktop/GXS_2024_VisionCode/install/colorblock_detector:/home/lccc/Desktop/GXS_2024_VisionCode/install/binary_detector:/home/lccc/Desktop/GXS_2024_VisionCode/install/camera_driver:/home/lccc/Desktop/GXS_2024_VisionCode/install/adjust_hsv:/opt/ros/humble LD_LIBRARY_PATH=/home/lccc/Desktop/GXS_2024_VisionCode/install/qrmsg/lib:/home/lccc/Desktop/GXS_2024_VisionCode/install/gxs_serial_driver/lib:/opt/ros/humble/opt/rviz_ogre_vendor/lib:/opt/ros/humble/lib/x86_64-linux-gnu:/opt/ros/humble/lib /usr/bin/cmake --build /home/lccc/Desktop/GXS_2024_VisionCode/build/binary_detector -- -j16 -l16
[0.685s] DEBUG:colcon.colcon_core.event_handler.log_command:Invoking command in '/home/lccc/Desktop/GXS_2024_VisionCode/build/colorblock_detector': CMAKE_PREFIX_PATH=/home/lccc/Desktop/GXS_2024_VisionCode/install/qrmsg:/home/lccc/Desktop/GXS_2024_VisionCode/install/line_follow:/home/lccc/Desktop/GXS_2024_VisionCode/install/gxs_serial_driver:/home/lccc/Desktop/GXS_2024_VisionCode/install/colorblock_detector:/home/lccc/Desktop/GXS_2024_VisionCode/install/binary_detector:/home/lccc/Desktop/GXS_2024_VisionCode/install/camera_driver:/home/lccc/Desktop/GXS_2024_VisionCode/install/adjust_hsv:/opt/ros/humble LD_LIBRARY_PATH=/home/lccc/Desktop/GXS_2024_VisionCode/install/qrmsg/lib:/home/lccc/Desktop/GXS_2024_VisionCode/install/gxs_serial_driver/lib:/opt/ros/humble/opt/rviz_ogre_vendor/lib:/opt/ros/humble/lib/x86_64-linux-gnu:/opt/ros/humble/lib /usr/bin/cmake --build /home/lccc/Desktop/GXS_2024_VisionCode/build/colorblock_detector -- -j16 -l16
[0.688s] DEBUG:colcon.colcon_core.event_handler.log_command:Invoking command in '/home/lccc/Desktop/GXS_2024_VisionCode/build/gxs_serial_driver': CMAKE_PREFIX_PATH=/home/lccc/Desktop/GXS_2024_VisionCode/install/qrmsg:/home/lccc/Desktop/GXS_2024_VisionCode/install/line_follow:/home/lccc/Desktop/GXS_2024_VisionCode/install/gxs_serial_driver:/home/lccc/Desktop/GXS_2024_VisionCode/install/colorblock_detector:/home/lccc/Desktop/GXS_2024_VisionCode/install/binary_detector:/home/lccc/Desktop/GXS_2024_VisionCode/install/camera_driver:/home/lccc/Desktop/GXS_2024_VisionCode/install/adjust_hsv:/opt/ros/humble LD_LIBRARY_PATH=/home/lccc/Desktop/GXS_2024_VisionCode/install/qrmsg/lib:/home/lccc/Desktop/GXS_2024_VisionCode/install/gxs_serial_driver/lib:/opt/ros/humble/opt/rviz_ogre_vendor/lib:/opt/ros/humble/lib/x86_64-linux-gnu:/opt/ros/humble/lib /usr/bin/cmake --build /home/lccc/Desktop/GXS_2024_VisionCode/build/gxs_serial_driver -- -j16 -l16
[0.692s] DEBUG:colcon.colcon_core.event_handler.log_command:Invoking command in '/home/lccc/Desktop/GXS_2024_VisionCode/build/line_follow': CMAKE_PREFIX_PATH=/home/lccc/Desktop/GXS_2024_VisionCode/install/qrmsg:/home/lccc/Desktop/GXS_2024_VisionCode/install/line_follow:/home/lccc/Desktop/GXS_2024_VisionCode/install/gxs_serial_driver:/home/lccc/Desktop/GXS_2024_VisionCode/install/colorblock_detector:/home/lccc/Desktop/GXS_2024_VisionCode/install/binary_detector:/home/lccc/Desktop/GXS_2024_VisionCode/install/camera_driver:/home/lccc/Desktop/GXS_2024_VisionCode/install/adjust_hsv:/opt/ros/humble LD_LIBRARY_PATH=/home/lccc/Desktop/GXS_2024_VisionCode/install/qrmsg/lib:/home/lccc/Desktop/GXS_2024_VisionCode/install/gxs_serial_driver/lib:/opt/ros/humble/opt/rviz_ogre_vendor/lib:/opt/ros/humble/lib/x86_64-linux-gnu:/opt/ros/humble/lib /usr/bin/cmake --build /home/lccc/Desktop/GXS_2024_VisionCode/build/line_follow -- -j16 -l16
[0.736s] DEBUG:colcon.colcon_core.event_handler.log_command:Invoked command in '/home/lccc/Desktop/GXS_2024_VisionCode/build/colorblock_detector' returned '0': CMAKE_PREFIX_PATH=/home/lccc/Desktop/GXS_2024_VisionCode/install/qrmsg:/home/lccc/Desktop/GXS_2024_VisionCode/install/line_follow:/home/lccc/Desktop/GXS_2024_VisionCode/install/gxs_serial_driver:/home/lccc/Desktop/GXS_2024_VisionCode/install/colorblock_detector:/home/lccc/Desktop/GXS_2024_VisionCode/install/binary_detector:/home/lccc/Desktop/GXS_2024_VisionCode/install/camera_driver:/home/lccc/Desktop/GXS_2024_VisionCode/install/adjust_hsv:/opt/ros/humble LD_LIBRARY_PATH=/home/lccc/Desktop/GXS_2024_VisionCode/install/qrmsg/lib:/home/lccc/Desktop/GXS_2024_VisionCode/install/gxs_serial_driver/lib:/opt/ros/humble/opt/rviz_ogre_vendor/lib:/opt/ros/humble/lib/x86_64-linux-gnu:/opt/ros/humble/lib /usr/bin/cmake --build /home/lccc/Desktop/GXS_2024_VisionCode/build/colorblock_detector -- -j16 -l16
[0.741s] DEBUG:colcon.colcon_core.event_handler.log_command:Invoked command in '/home/lccc/Desktop/GXS_2024_VisionCode/build/line_follow' returned '0': CMAKE_PREFIX_PATH=/home/lccc/Desktop/GXS_2024_VisionCode/install/qrmsg:/home/lccc/Desktop/GXS_2024_VisionCode/install/line_follow:/home/lccc/Desktop/GXS_2024_VisionCode/install/gxs_serial_driver:/home/lccc/Desktop/GXS_2024_VisionCode/install/colorblock_detector:/home/lccc/Desktop/GXS_2024_VisionCode/install/binary_detector:/home/lccc/Desktop/GXS_2024_VisionCode/install/camera_driver:/home/lccc/Desktop/GXS_2024_VisionCode/install/adjust_hsv:/opt/ros/humble LD_LIBRARY_PATH=/home/lccc/Desktop/GXS_2024_VisionCode/install/qrmsg/lib:/home/lccc/Desktop/GXS_2024_VisionCode/install/gxs_serial_driver/lib:/opt/ros/humble/opt/rviz_ogre_vendor/lib:/opt/ros/humble/lib/x86_64-linux-gnu:/opt/ros/humble/lib /usr/bin/cmake --build /home/lccc/Desktop/GXS_2024_VisionCode/build/line_follow -- -j16 -l16
[0.757s] DEBUG:colcon.colcon_core.event_handler.log_command:Invoking command in '/home/lccc/Desktop/GXS_2024_VisionCode/build/colorblock_detector': CMAKE_PREFIX_PATH=/home/lccc/Desktop/GXS_2024_VisionCode/install/qrmsg:/home/lccc/Desktop/GXS_2024_VisionCode/install/line_follow:/home/lccc/Desktop/GXS_2024_VisionCode/install/gxs_serial_driver:/home/lccc/Desktop/GXS_2024_VisionCode/install/colorblock_detector:/home/lccc/Desktop/GXS_2024_VisionCode/install/binary_detector:/home/lccc/Desktop/GXS_2024_VisionCode/install/camera_driver:/home/lccc/Desktop/GXS_2024_VisionCode/install/adjust_hsv:/opt/ros/humble LD_LIBRARY_PATH=/home/lccc/Desktop/GXS_2024_VisionCode/install/qrmsg/lib:/home/lccc/Desktop/GXS_2024_VisionCode/install/gxs_serial_driver/lib:/opt/ros/humble/opt/rviz_ogre_vendor/lib:/opt/ros/humble/lib/x86_64-linux-gnu:/opt/ros/humble/lib /usr/bin/cmake --install /home/lccc/Desktop/GXS_2024_VisionCode/build/colorblock_detector
[0.764s] DEBUG:colcon.colcon_core.event_handler.log_command:Invoked command in '/home/lccc/Desktop/GXS_2024_VisionCode/build/binary_detector' returned '0': CMAKE_PREFIX_PATH=/home/lccc/Desktop/GXS_2024_VisionCode/install/qrmsg:/home/lccc/Desktop/GXS_2024_VisionCode/install/line_follow:/home/lccc/Desktop/GXS_2024_VisionCode/install/gxs_serial_driver:/home/lccc/Desktop/GXS_2024_VisionCode/install/colorblock_detector:/home/lccc/Desktop/GXS_2024_VisionCode/install/binary_detector:/home/lccc/Desktop/GXS_2024_VisionCode/install/camera_driver:/home/lccc/Desktop/GXS_2024_VisionCode/install/adjust_hsv:/opt/ros/humble LD_LIBRARY_PATH=/home/lccc/Desktop/GXS_2024_VisionCode/install/qrmsg/lib:/home/lccc/Desktop/GXS_2024_VisionCode/install/gxs_serial_driver/lib:/opt/ros/humble/opt/rviz_ogre_vendor/lib:/opt/ros/humble/lib/x86_64-linux-gnu:/opt/ros/humble/lib /usr/bin/cmake --build /home/lccc/Desktop/GXS_2024_VisionCode/build/binary_detector -- -j16 -l16
[0.766s] DEBUG:colcon.colcon_core.event_handler.log_command:Invoking command in '/home/lccc/Desktop/GXS_2024_VisionCode/build/line_follow': CMAKE_PREFIX_PATH=/home/lccc/Desktop/GXS_2024_VisionCode/install/qrmsg:/home/lccc/Desktop/GXS_2024_VisionCode/install/line_follow:/home/lccc/Desktop/GXS_2024_VisionCode/install/gxs_serial_driver:/home/lccc/Desktop/GXS_2024_VisionCode/install/colorblock_detector:/home/lccc/Desktop/GXS_2024_VisionCode/install/binary_detector:/home/lccc/Desktop/GXS_2024_VisionCode/install/camera_driver:/home/lccc/Desktop/GXS_2024_VisionCode/install/adjust_hsv:/opt/ros/humble LD_LIBRARY_PATH=/home/lccc/Desktop/GXS_2024_VisionCode/install/qrmsg/lib:/home/lccc/Desktop/GXS_2024_VisionCode/install/gxs_serial_driver/lib:/opt/ros/humble/opt/rviz_ogre_vendor/lib:/opt/ros/humble/lib/x86_64-linux-gnu:/opt/ros/humble/lib /usr/bin/cmake --install /home/lccc/Desktop/GXS_2024_VisionCode/build/line_follow
[0.767s] Level 1:colcon.colcon_core.environment:create_environment_scripts_only(colorblock_detector)
[0.768s] Level 1:colcon.colcon_core.environment:checking '/home/lccc/Desktop/GXS_2024_VisionCode/install/colorblock_detector' for CMake module files
[0.769s] DEBUG:colcon.colcon_core.event_handler.log_command:Invoked command in '/home/lccc/Desktop/GXS_2024_VisionCode/build/colorblock_detector' returned '0': CMAKE_PREFIX_PATH=/home/lccc/Desktop/GXS_2024_VisionCode/install/qrmsg:/home/lccc/Desktop/GXS_2024_VisionCode/install/line_follow:/home/lccc/Desktop/GXS_2024_VisionCode/install/gxs_serial_driver:/home/lccc/Desktop/GXS_2024_VisionCode/install/colorblock_detector:/home/lccc/Desktop/GXS_2024_VisionCode/install/binary_detector:/home/lccc/Desktop/GXS_2024_VisionCode/install/camera_driver:/home/lccc/Desktop/GXS_2024_VisionCode/install/adjust_hsv:/opt/ros/humble LD_LIBRARY_PATH=/home/lccc/Desktop/GXS_2024_VisionCode/install/qrmsg/lib:/home/lccc/Desktop/GXS_2024_VisionCode/install/gxs_serial_driver/lib:/opt/ros/humble/opt/rviz_ogre_vendor/lib:/opt/ros/humble/lib/x86_64-linux-gnu:/opt/ros/humble/lib /usr/bin/cmake --install /home/lccc/Desktop/GXS_2024_VisionCode/build/colorblock_detector
[0.769s] Level 1:colcon.colcon_core.environment:checking '/home/lccc/Desktop/GXS_2024_VisionCode/install/colorblock_detector' for CMake config files
[0.769s] Level 1:colcon.colcon_core.shell:create_environment_hook('colorblock_detector', 'cmake_prefix_path')
[0.769s] INFO:colcon.colcon_core.shell:Creating environment hook '/home/lccc/Desktop/GXS_2024_VisionCode/install/colorblock_detector/share/colorblock_detector/hook/cmake_prefix_path.ps1'
[0.770s] INFO:colcon.colcon_core.shell:Creating environment descriptor '/home/lccc/Desktop/GXS_2024_VisionCode/install/colorblock_detector/share/colorblock_detector/hook/cmake_prefix_path.dsv'
[0.770s] INFO:colcon.colcon_core.shell:Creating environment hook '/home/lccc/Desktop/GXS_2024_VisionCode/install/colorblock_detector/share/colorblock_detector/hook/cmake_prefix_path.sh'
[0.771s] Level 1:colcon.colcon_core.environment:checking '/home/lccc/Desktop/GXS_2024_VisionCode/install/colorblock_detector/lib'
[0.771s] Level 1:colcon.colcon_core.environment:checking '/home/lccc/Desktop/GXS_2024_VisionCode/install/colorblock_detector/bin'
[0.771s] Level 1:colcon.colcon_core.environment:checking '/home/lccc/Desktop/GXS_2024_VisionCode/install/colorblock_detector/lib/pkgconfig/colorblock_detector.pc'
[0.772s] Level 1:colcon.colcon_core.environment:checking '/home/lccc/Desktop/GXS_2024_VisionCode/install/colorblock_detector/lib/python3.10/site-packages'
[0.772s] Level 1:colcon.colcon_core.environment:checking '/home/lccc/Desktop/GXS_2024_VisionCode/install/colorblock_detector/bin'
[0.772s] INFO:colcon.colcon_core.shell:Creating package script '/home/lccc/Desktop/GXS_2024_VisionCode/install/colorblock_detector/share/colorblock_detector/package.ps1'
[0.774s] INFO:colcon.colcon_core.shell:Creating package descriptor '/home/lccc/Desktop/GXS_2024_VisionCode/install/colorblock_detector/share/colorblock_detector/package.dsv'
[0.775s] INFO:colcon.colcon_core.shell:Creating package script '/home/lccc/Desktop/GXS_2024_VisionCode/install/colorblock_detector/share/colorblock_detector/package.sh'
[0.775s] INFO:colcon.colcon_core.shell:Creating package script '/home/lccc/Desktop/GXS_2024_VisionCode/install/colorblock_detector/share/colorblock_detector/package.bash'
[0.775s] INFO:colcon.colcon_core.shell:Creating package script '/home/lccc/Desktop/GXS_2024_VisionCode/install/colorblock_detector/share/colorblock_detector/package.zsh'
[0.775s] Level 1:colcon.colcon_core.environment:create_file_with_runtime_dependencies(/home/lccc/Desktop/GXS_2024_VisionCode/install/colorblock_detector/share/colcon-core/packages/colorblock_detector)
[0.776s] Level 1:colcon.colcon_core.environment:create_environment_scripts_only(line_follow)
[0.777s] Level 1:colcon.colcon_core.environment:checking '/home/lccc/Desktop/GXS_2024_VisionCode/install/line_follow' for CMake module files
[0.777s] DEBUG:colcon.colcon_core.event_handler.log_command:Invoked command in '/home/lccc/Desktop/GXS_2024_VisionCode/build/line_follow' returned '0': CMAKE_PREFIX_PATH=/home/lccc/Desktop/GXS_2024_VisionCode/install/qrmsg:/home/lccc/Desktop/GXS_2024_VisionCode/install/line_follow:/home/lccc/Desktop/GXS_2024_VisionCode/install/gxs_serial_driver:/home/lccc/Desktop/GXS_2024_VisionCode/install/colorblock_detector:/home/lccc/Desktop/GXS_2024_VisionCode/install/binary_detector:/home/lccc/Desktop/GXS_2024_VisionCode/install/camera_driver:/home/lccc/Desktop/GXS_2024_VisionCode/install/adjust_hsv:/opt/ros/humble LD_LIBRARY_PATH=/home/lccc/Desktop/GXS_2024_VisionCode/install/qrmsg/lib:/home/lccc/Desktop/GXS_2024_VisionCode/install/gxs_serial_driver/lib:/opt/ros/humble/opt/rviz_ogre_vendor/lib:/opt/ros/humble/lib/x86_64-linux-gnu:/opt/ros/humble/lib /usr/bin/cmake --install /home/lccc/Desktop/GXS_2024_VisionCode/build/line_follow
[0.777s] Level 1:colcon.colcon_core.environment:checking '/home/lccc/Desktop/GXS_2024_VisionCode/install/line_follow' for CMake config files
[0.777s] Level 1:colcon.colcon_core.shell:create_environment_hook('line_follow', 'cmake_prefix_path')
[0.777s] INFO:colcon.colcon_core.shell:Creating environment hook '/home/lccc/Desktop/GXS_2024_VisionCode/install/line_follow/share/line_follow/hook/cmake_prefix_path.ps1'
[0.778s] INFO:colcon.colcon_core.shell:Creating environment descriptor '/home/lccc/Desktop/GXS_2024_VisionCode/install/line_follow/share/line_follow/hook/cmake_prefix_path.dsv'
[0.778s] INFO:colcon.colcon_core.shell:Creating environment hook '/home/lccc/Desktop/GXS_2024_VisionCode/install/line_follow/share/line_follow/hook/cmake_prefix_path.sh'
[0.778s] Level 1:colcon.colcon_core.environment:checking '/home/lccc/Desktop/GXS_2024_VisionCode/install/line_follow/lib'
[0.778s] Level 1:colcon.colcon_core.environment:checking '/home/lccc/Desktop/GXS_2024_VisionCode/install/line_follow/bin'
[0.778s] Level 1:colcon.colcon_core.environment:checking '/home/lccc/Desktop/GXS_2024_VisionCode/install/line_follow/lib/pkgconfig/line_follow.pc'
[0.778s] Level 1:colcon.colcon_core.environment:checking '/home/lccc/Desktop/GXS_2024_VisionCode/install/line_follow/lib/python3.10/site-packages'
[0.779s] Level 1:colcon.colcon_core.environment:checking '/home/lccc/Desktop/GXS_2024_VisionCode/install/line_follow/bin'
[0.779s] INFO:colcon.colcon_core.shell:Creating package script '/home/lccc/Desktop/GXS_2024_VisionCode/install/line_follow/share/line_follow/package.ps1'
[0.779s] INFO:colcon.colcon_core.shell:Creating package descriptor '/home/lccc/Desktop/GXS_2024_VisionCode/install/line_follow/share/line_follow/package.dsv'
[0.779s] INFO:colcon.colcon_core.shell:Creating package script '/home/lccc/Desktop/GXS_2024_VisionCode/install/line_follow/share/line_follow/package.sh'
[0.779s] INFO:colcon.colcon_core.shell:Creating package script '/home/lccc/Desktop/GXS_2024_VisionCode/install/line_follow/share/line_follow/package.bash'
[0.780s] INFO:colcon.colcon_core.shell:Creating package script '/home/lccc/Desktop/GXS_2024_VisionCode/install/line_follow/share/line_follow/package.zsh'
[0.780s] Level 1:colcon.colcon_core.environment:create_file_with_runtime_dependencies(/home/lccc/Desktop/GXS_2024_VisionCode/install/line_follow/share/colcon-core/packages/line_follow)
[0.787s] DEBUG:colcon.colcon_core.event_handler.log_command:Invoking command in '/home/lccc/Desktop/GXS_2024_VisionCode/build/binary_detector': CMAKE_PREFIX_PATH=/home/lccc/Desktop/GXS_2024_VisionCode/install/qrmsg:/home/lccc/Desktop/GXS_2024_VisionCode/install/line_follow:/home/lccc/Desktop/GXS_2024_VisionCode/install/gxs_serial_driver:/home/lccc/Desktop/GXS_2024_VisionCode/install/colorblock_detector:/home/lccc/Desktop/GXS_2024_VisionCode/install/binary_detector:/home/lccc/Desktop/GXS_2024_VisionCode/install/camera_driver:/home/lccc/Desktop/GXS_2024_VisionCode/install/adjust_hsv:/opt/ros/humble LD_LIBRARY_PATH=/home/lccc/Desktop/GXS_2024_VisionCode/install/qrmsg/lib:/home/lccc/Desktop/GXS_2024_VisionCode/install/gxs_serial_driver/lib:/opt/ros/humble/opt/rviz_ogre_vendor/lib:/opt/ros/humble/lib/x86_64-linux-gnu:/opt/ros/humble/lib /usr/bin/cmake --install /home/lccc/Desktop/GXS_2024_VisionCode/build/binary_detector
[0.795s] Level 1:colcon.colcon_core.environment:create_environment_scripts_only(binary_detector)
[0.795s] DEBUG:colcon.colcon_core.event_handler.log_command:Invoked command in '/home/lccc/Desktop/GXS_2024_VisionCode/build/binary_detector' returned '0': CMAKE_PREFIX_PATH=/home/lccc/Desktop/GXS_2024_VisionCode/install/qrmsg:/home/lccc/Desktop/GXS_2024_VisionCode/install/line_follow:/home/lccc/Desktop/GXS_2024_VisionCode/install/gxs_serial_driver:/home/lccc/Desktop/GXS_2024_VisionCode/install/colorblock_detector:/home/lccc/Desktop/GXS_2024_VisionCode/install/binary_detector:/home/lccc/Desktop/GXS_2024_VisionCode/install/camera_driver:/home/lccc/Desktop/GXS_2024_VisionCode/install/adjust_hsv:/opt/ros/humble LD_LIBRARY_PATH=/home/lccc/Desktop/GXS_2024_VisionCode/install/qrmsg/lib:/home/lccc/Desktop/GXS_2024_VisionCode/install/gxs_serial_driver/lib:/opt/ros/humble/opt/rviz_ogre_vendor/lib:/opt/ros/humble/lib/x86_64-linux-gnu:/opt/ros/humble/lib /usr/bin/cmake --install /home/lccc/Desktop/GXS_2024_VisionCode/build/binary_detector
[0.796s] Level 1:colcon.colcon_core.environment:checking '/home/lccc/Desktop/GXS_2024_VisionCode/install/binary_detector' for CMake module files
[0.796s] Level 1:colcon.colcon_core.environment:checking '/home/lccc/Desktop/GXS_2024_VisionCode/install/binary_detector' for CMake config files
[0.796s] Level 1:colcon.colcon_core.shell:create_environment_hook('binary_detector', 'cmake_prefix_path')
[0.796s] INFO:colcon.colcon_core.shell:Creating environment hook '/home/lccc/Desktop/GXS_2024_VisionCode/install/binary_detector/share/binary_detector/hook/cmake_prefix_path.ps1'
[0.797s] INFO:colcon.colcon_core.shell:Creating environment descriptor '/home/lccc/Desktop/GXS_2024_VisionCode/install/binary_detector/share/binary_detector/hook/cmake_prefix_path.dsv'
[0.797s] INFO:colcon.colcon_core.shell:Creating environment hook '/home/lccc/Desktop/GXS_2024_VisionCode/install/binary_detector/share/binary_detector/hook/cmake_prefix_path.sh'
[0.797s] Level 1:colcon.colcon_core.environment:checking '/home/lccc/Desktop/GXS_2024_VisionCode/install/binary_detector/lib'
[0.797s] Level 1:colcon.colcon_core.environment:checking '/home/lccc/Desktop/GXS_2024_VisionCode/install/binary_detector/bin'
[0.797s] Level 1:colcon.colcon_core.environment:checking '/home/lccc/Desktop/GXS_2024_VisionCode/install/binary_detector/lib/pkgconfig/binary_detector.pc'
[0.797s] Level 1:colcon.colcon_core.environment:checking '/home/lccc/Desktop/GXS_2024_VisionCode/install/binary_detector/lib/python3.10/site-packages'
[0.797s] Level 1:colcon.colcon_core.environment:checking '/home/lccc/Desktop/GXS_2024_VisionCode/install/binary_detector/bin'
[0.798s] INFO:colcon.colcon_core.shell:Creating package script '/home/lccc/Desktop/GXS_2024_VisionCode/install/binary_detector/share/binary_detector/package.ps1'
[0.798s] INFO:colcon.colcon_core.shell:Creating package descriptor '/home/lccc/Desktop/GXS_2024_VisionCode/install/binary_detector/share/binary_detector/package.dsv'
[0.798s] INFO:colcon.colcon_core.shell:Creating package script '/home/lccc/Desktop/GXS_2024_VisionCode/install/binary_detector/share/binary_detector/package.sh'
[0.798s] INFO:colcon.colcon_core.shell:Creating package script '/home/lccc/Desktop/GXS_2024_VisionCode/install/binary_detector/share/binary_detector/package.bash'
[0.799s] INFO:colcon.colcon_core.shell:Creating package script '/home/lccc/Desktop/GXS_2024_VisionCode/install/binary_detector/share/binary_detector/package.zsh'
[0.799s] Level 1:colcon.colcon_core.environment:create_file_with_runtime_dependencies(/home/lccc/Desktop/GXS_2024_VisionCode/install/binary_detector/share/colcon-core/packages/binary_detector)
[0.800s] Level 1:colcon.colcon_core.environment:create_environment_scripts_only(colorblock_detector)
[0.800s] Level 1:colcon.colcon_core.environment:checking '/home/lccc/Desktop/GXS_2024_VisionCode/install/colorblock_detector' for CMake module files
[0.800s] Level 1:colcon.colcon_core.environment:checking '/home/lccc/Desktop/GXS_2024_VisionCode/install/colorblock_detector' for CMake config files
[0.800s] Level 1:colcon.colcon_core.shell:create_environment_hook('colorblock_detector', 'cmake_prefix_path')
[0.801s] INFO:colcon.colcon_core.shell:Creating environment hook '/home/lccc/Desktop/GXS_2024_VisionCode/install/colorblock_detector/share/colorblock_detector/hook/cmake_prefix_path.ps1'
[0.801s] INFO:colcon.colcon_core.shell:Creating environment descriptor '/home/lccc/Desktop/GXS_2024_VisionCode/install/colorblock_detector/share/colorblock_detector/hook/cmake_prefix_path.dsv'
[0.801s] INFO:colcon.colcon_core.shell:Creating environment hook '/home/lccc/Desktop/GXS_2024_VisionCode/install/colorblock_detector/share/colorblock_detector/hook/cmake_prefix_path.sh'
[0.801s] Level 1:colcon.colcon_core.environment:checking '/home/lccc/Desktop/GXS_2024_VisionCode/install/colorblock_detector/lib'
[0.801s] Level 1:colcon.colcon_core.environment:checking '/home/lccc/Desktop/GXS_2024_VisionCode/install/colorblock_detector/bin'
[0.801s] Level 1:colcon.colcon_core.environment:checking '/home/lccc/Desktop/GXS_2024_VisionCode/install/colorblock_detector/lib/pkgconfig/colorblock_detector.pc'
[0.802s] Level 1:colcon.colcon_core.environment:checking '/home/lccc/Desktop/GXS_2024_VisionCode/install/colorblock_detector/lib/python3.10/site-packages'
[0.802s] Level 1:colcon.colcon_core.environment:checking '/home/lccc/Desktop/GXS_2024_VisionCode/install/colorblock_detector/bin'
[0.802s] INFO:colcon.colcon_core.shell:Creating package script '/home/lccc/Desktop/GXS_2024_VisionCode/install/colorblock_detector/share/colorblock_detector/package.ps1'
[0.802s] INFO:colcon.colcon_core.shell:Creating package descriptor '/home/lccc/Desktop/GXS_2024_VisionCode/install/colorblock_detector/share/colorblock_detector/package.dsv'
[0.802s] INFO:colcon.colcon_core.shell:Creating package script '/home/lccc/Desktop/GXS_2024_VisionCode/install/colorblock_detector/share/colorblock_detector/package.sh'
[0.803s] INFO:colcon.colcon_core.shell:Creating package script '/home/lccc/Desktop/GXS_2024_VisionCode/install/colorblock_detector/share/colorblock_detector/package.bash'
[0.803s] INFO:colcon.colcon_core.shell:Creating package script '/home/lccc/Desktop/GXS_2024_VisionCode/install/colorblock_detector/share/colorblock_detector/package.zsh'
[0.803s] Level 1:colcon.colcon_core.environment:create_file_with_runtime_dependencies(/home/lccc/Desktop/GXS_2024_VisionCode/install/colorblock_detector/share/colcon-core/packages/colorblock_detector)
[0.803s] Level 1:colcon.colcon_core.environment:create_environment_scripts_only(line_follow)
[0.804s] Level 1:colcon.colcon_core.environment:checking '/home/lccc/Desktop/GXS_2024_VisionCode/install/line_follow' for CMake module files
[0.804s] Level 1:colcon.colcon_core.environment:checking '/home/lccc/Desktop/GXS_2024_VisionCode/install/line_follow' for CMake config files
[0.805s] Level 1:colcon.colcon_core.shell:create_environment_hook('line_follow', 'cmake_prefix_path')
[0.805s] INFO:colcon.colcon_core.shell:Creating environment hook '/home/lccc/Desktop/GXS_2024_VisionCode/install/line_follow/share/line_follow/hook/cmake_prefix_path.ps1'
[0.805s] INFO:colcon.colcon_core.shell:Creating environment descriptor '/home/lccc/Desktop/GXS_2024_VisionCode/install/line_follow/share/line_follow/hook/cmake_prefix_path.dsv'
[0.806s] INFO:colcon.colcon_core.shell:Creating environment hook '/home/lccc/Desktop/GXS_2024_VisionCode/install/line_follow/share/line_follow/hook/cmake_prefix_path.sh'
[0.806s] Level 1:colcon.colcon_core.environment:checking '/home/lccc/Desktop/GXS_2024_VisionCode/install/line_follow/lib'
[0.806s] Level 1:colcon.colcon_core.environment:checking '/home/lccc/Desktop/GXS_2024_VisionCode/install/line_follow/bin'
[0.806s] Level 1:colcon.colcon_core.environment:checking '/home/lccc/Desktop/GXS_2024_VisionCode/install/line_follow/lib/pkgconfig/line_follow.pc'
[0.806s] Level 1:colcon.colcon_core.environment:checking '/home/lccc/Desktop/GXS_2024_VisionCode/install/line_follow/lib/python3.10/site-packages'
[0.806s] Level 1:colcon.colcon_core.environment:checking '/home/lccc/Desktop/GXS_2024_VisionCode/install/line_follow/bin'
[0.807s] INFO:colcon.colcon_core.shell:Creating package script '/home/lccc/Desktop/GXS_2024_VisionCode/install/line_follow/share/line_follow/package.ps1'
[0.807s] INFO:colcon.colcon_core.shell:Creating package descriptor '/home/lccc/Desktop/GXS_2024_VisionCode/install/line_follow/share/line_follow/package.dsv'
[0.807s] INFO:colcon.colcon_core.shell:Creating package script '/home/lccc/Desktop/GXS_2024_VisionCode/install/line_follow/share/line_follow/package.sh'
[0.807s] INFO:colcon.colcon_core.shell:Creating package script '/home/lccc/Desktop/GXS_2024_VisionCode/install/line_follow/share/line_follow/package.bash'
[0.808s] INFO:colcon.colcon_core.shell:Creating package script '/home/lccc/Desktop/GXS_2024_VisionCode/install/line_follow/share/line_follow/package.zsh'
[0.808s] Level 1:colcon.colcon_core.environment:create_file_with_runtime_dependencies(/home/lccc/Desktop/GXS_2024_VisionCode/install/line_follow/share/colcon-core/packages/line_follow)
[0.820s] Level 1:colcon.colcon_core.environment:create_environment_scripts_only(binary_detector)
[0.820s] Level 1:colcon.colcon_core.environment:checking '/home/lccc/Desktop/GXS_2024_VisionCode/install/binary_detector' for CMake module files
[0.821s] Level 1:colcon.colcon_core.environment:checking '/home/lccc/Desktop/GXS_2024_VisionCode/install/binary_detector' for CMake config files
[0.821s] Level 1:colcon.colcon_core.shell:create_environment_hook('binary_detector', 'cmake_prefix_path')
[0.821s] INFO:colcon.colcon_core.shell:Creating environment hook '/home/lccc/Desktop/GXS_2024_VisionCode/install/binary_detector/share/binary_detector/hook/cmake_prefix_path.ps1'
[0.821s] INFO:colcon.colcon_core.shell:Creating environment descriptor '/home/lccc/Desktop/GXS_2024_VisionCode/install/binary_detector/share/binary_detector/hook/cmake_prefix_path.dsv'
[0.822s] INFO:colcon.colcon_core.shell:Creating environment hook '/home/lccc/Desktop/GXS_2024_VisionCode/install/binary_detector/share/binary_detector/hook/cmake_prefix_path.sh'
[0.822s] Level 1:colcon.colcon_core.environment:checking '/home/lccc/Desktop/GXS_2024_VisionCode/install/binary_detector/lib'
[0.822s] Level 1:colcon.colcon_core.environment:checking '/home/lccc/Desktop/GXS_2024_VisionCode/install/binary_detector/bin'
[0.822s] Level 1:colcon.colcon_core.environment:checking '/home/lccc/Desktop/GXS_2024_VisionCode/install/binary_detector/lib/pkgconfig/binary_detector.pc'
[0.822s] Level 1:colcon.colcon_core.environment:checking '/home/lccc/Desktop/GXS_2024_VisionCode/install/binary_detector/lib/python3.10/site-packages'
[0.823s] Level 1:colcon.colcon_core.environment:checking '/home/lccc/Desktop/GXS_2024_VisionCode/install/binary_detector/bin'
[0.823s] INFO:colcon.colcon_core.shell:Creating package script '/home/lccc/Desktop/GXS_2024_VisionCode/install/binary_detector/share/binary_detector/package.ps1'
[0.823s] INFO:colcon.colcon_core.shell:Creating package descriptor '/home/lccc/Desktop/GXS_2024_VisionCode/install/binary_detector/share/binary_detector/package.dsv'
[0.823s] INFO:colcon.colcon_core.shell:Creating package script '/home/lccc/Desktop/GXS_2024_VisionCode/install/binary_detector/share/binary_detector/package.sh'
[0.824s] INFO:colcon.colcon_core.shell:Creating package script '/home/lccc/Desktop/GXS_2024_VisionCode/install/binary_detector/share/binary_detector/package.bash'
[0.824s] INFO:colcon.colcon_core.shell:Creating package script '/home/lccc/Desktop/GXS_2024_VisionCode/install/binary_detector/share/binary_detector/package.zsh'
[0.824s] Level 1:colcon.colcon_core.environment:create_file_with_runtime_dependencies(/home/lccc/Desktop/GXS_2024_VisionCode/install/binary_detector/share/colcon-core/packages/binary_detector)
[10.676s] DEBUG:colcon.colcon_core.event_handler.log_command:Invoked command in '/home/lccc/Desktop/GXS_2024_VisionCode/build/gxs_serial_driver' returned '0': CMAKE_PREFIX_PATH=/home/lccc/Desktop/GXS_2024_VisionCode/install/qrmsg:/home/lccc/Desktop/GXS_2024_VisionCode/install/line_follow:/home/lccc/Desktop/GXS_2024_VisionCode/install/gxs_serial_driver:/home/lccc/Desktop/GXS_2024_VisionCode/install/colorblock_detector:/home/lccc/Desktop/GXS_2024_VisionCode/install/binary_detector:/home/lccc/Desktop/GXS_2024_VisionCode/install/camera_driver:/home/lccc/Desktop/GXS_2024_VisionCode/install/adjust_hsv:/opt/ros/humble LD_LIBRARY_PATH=/home/lccc/Desktop/GXS_2024_VisionCode/install/qrmsg/lib:/home/lccc/Desktop/GXS_2024_VisionCode/install/gxs_serial_driver/lib:/opt/ros/humble/opt/rviz_ogre_vendor/lib:/opt/ros/humble/lib/x86_64-linux-gnu:/opt/ros/humble/lib /usr/bin/cmake --build /home/lccc/Desktop/GXS_2024_VisionCode/build/gxs_serial_driver -- -j16 -l16
[10.701s] DEBUG:colcon.colcon_core.event_handler.log_command:Invoking command in '/home/lccc/Desktop/GXS_2024_VisionCode/build/gxs_serial_driver': CMAKE_PREFIX_PATH=/home/lccc/Desktop/GXS_2024_VisionCode/install/qrmsg:/home/lccc/Desktop/GXS_2024_VisionCode/install/line_follow:/home/lccc/Desktop/GXS_2024_VisionCode/install/gxs_serial_driver:/home/lccc/Desktop/GXS_2024_VisionCode/install/colorblock_detector:/home/lccc/Desktop/GXS_2024_VisionCode/install/binary_detector:/home/lccc/Desktop/GXS_2024_VisionCode/install/camera_driver:/home/lccc/Desktop/GXS_2024_VisionCode/install/adjust_hsv:/opt/ros/humble LD_LIBRARY_PATH=/home/lccc/Desktop/GXS_2024_VisionCode/install/qrmsg/lib:/home/lccc/Desktop/GXS_2024_VisionCode/install/gxs_serial_driver/lib:/opt/ros/humble/opt/rviz_ogre_vendor/lib:/opt/ros/humble/lib/x86_64-linux-gnu:/opt/ros/humble/lib /usr/bin/cmake --install /home/lccc/Desktop/GXS_2024_VisionCode/build/gxs_serial_driver
[10.715s] Level 1:colcon.colcon_core.environment:create_environment_scripts_only(gxs_serial_driver)
[10.715s] Level 1:colcon.colcon_core.environment:checking '/home/lccc/Desktop/GXS_2024_VisionCode/install/gxs_serial_driver' for CMake module files
[10.715s] DEBUG:colcon.colcon_core.event_handler.log_command:Invoked command in '/home/lccc/Desktop/GXS_2024_VisionCode/build/gxs_serial_driver' returned '0': CMAKE_PREFIX_PATH=/home/lccc/Desktop/GXS_2024_VisionCode/install/qrmsg:/home/lccc/Desktop/GXS_2024_VisionCode/install/line_follow:/home/lccc/Desktop/GXS_2024_VisionCode/install/gxs_serial_driver:/home/lccc/Desktop/GXS_2024_VisionCode/install/colorblock_detector:/home/lccc/Desktop/GXS_2024_VisionCode/install/binary_detector:/home/lccc/Desktop/GXS_2024_VisionCode/install/camera_driver:/home/lccc/Desktop/GXS_2024_VisionCode/install/adjust_hsv:/opt/ros/humble LD_LIBRARY_PATH=/home/lccc/Desktop/GXS_2024_VisionCode/install/qrmsg/lib:/home/lccc/Desktop/GXS_2024_VisionCode/install/gxs_serial_driver/lib:/opt/ros/humble/opt/rviz_ogre_vendor/lib:/opt/ros/humble/lib/x86_64-linux-gnu:/opt/ros/humble/lib /usr/bin/cmake --install /home/lccc/Desktop/GXS_2024_VisionCode/build/gxs_serial_driver
[10.716s] Level 1:colcon.colcon_core.environment:checking '/home/lccc/Desktop/GXS_2024_VisionCode/install/gxs_serial_driver' for CMake config files
[10.716s] Level 1:colcon.colcon_core.shell:create_environment_hook('gxs_serial_driver', 'cmake_prefix_path')
[10.716s] INFO:colcon.colcon_core.shell:Creating environment hook '/home/lccc/Desktop/GXS_2024_VisionCode/install/gxs_serial_driver/share/gxs_serial_driver/hook/cmake_prefix_path.ps1'
[10.716s] INFO:colcon.colcon_core.shell:Creating environment descriptor '/home/lccc/Desktop/GXS_2024_VisionCode/install/gxs_serial_driver/share/gxs_serial_driver/hook/cmake_prefix_path.dsv'
[10.716s] INFO:colcon.colcon_core.shell:Creating environment hook '/home/lccc/Desktop/GXS_2024_VisionCode/install/gxs_serial_driver/share/gxs_serial_driver/hook/cmake_prefix_path.sh'
[10.717s] Level 1:colcon.colcon_core.environment:checking '/home/lccc/Desktop/GXS_2024_VisionCode/install/gxs_serial_driver/lib'
[10.717s] Level 1:colcon.colcon_core.shell:create_environment_hook('gxs_serial_driver', 'ld_library_path_lib')
[10.717s] INFO:colcon.colcon_core.shell:Creating environment hook '/home/lccc/Desktop/GXS_2024_VisionCode/install/gxs_serial_driver/share/gxs_serial_driver/hook/ld_library_path_lib.ps1'
[10.717s] INFO:colcon.colcon_core.shell:Creating environment descriptor '/home/lccc/Desktop/GXS_2024_VisionCode/install/gxs_serial_driver/share/gxs_serial_driver/hook/ld_library_path_lib.dsv'
[10.717s] INFO:colcon.colcon_core.shell:Creating environment hook '/home/lccc/Desktop/GXS_2024_VisionCode/install/gxs_serial_driver/share/gxs_serial_driver/hook/ld_library_path_lib.sh'
[10.718s] Level 1:colcon.colcon_core.environment:checking '/home/lccc/Desktop/GXS_2024_VisionCode/install/gxs_serial_driver/bin'
[10.718s] Level 1:colcon.colcon_core.environment:checking '/home/lccc/Desktop/GXS_2024_VisionCode/install/gxs_serial_driver/lib/pkgconfig/gxs_serial_driver.pc'
[10.718s] Level 1:colcon.colcon_core.environment:checking '/home/lccc/Desktop/GXS_2024_VisionCode/install/gxs_serial_driver/lib/python3.10/site-packages'
[10.718s] Level 1:colcon.colcon_core.environment:checking '/home/lccc/Desktop/GXS_2024_VisionCode/install/gxs_serial_driver/bin'
[10.718s] INFO:colcon.colcon_core.shell:Creating package script '/home/lccc/Desktop/GXS_2024_VisionCode/install/gxs_serial_driver/share/gxs_serial_driver/package.ps1'
[10.718s] INFO:colcon.colcon_core.shell:Creating package descriptor '/home/lccc/Desktop/GXS_2024_VisionCode/install/gxs_serial_driver/share/gxs_serial_driver/package.dsv'
[10.719s] INFO:colcon.colcon_core.shell:Creating package script '/home/lccc/Desktop/GXS_2024_VisionCode/install/gxs_serial_driver/share/gxs_serial_driver/package.sh'
[10.719s] INFO:colcon.colcon_core.shell:Creating package script '/home/lccc/Desktop/GXS_2024_VisionCode/install/gxs_serial_driver/share/gxs_serial_driver/package.bash'
[10.719s] INFO:colcon.colcon_core.shell:Creating package script '/home/lccc/Desktop/GXS_2024_VisionCode/install/gxs_serial_driver/share/gxs_serial_driver/package.zsh'
[10.719s] Level 1:colcon.colcon_core.environment:create_file_with_runtime_dependencies(/home/lccc/Desktop/GXS_2024_VisionCode/install/gxs_serial_driver/share/colcon-core/packages/gxs_serial_driver)
[10.741s] Level 1:colcon.colcon_core.environment:create_environment_scripts_only(gxs_serial_driver)
[10.741s] Level 1:colcon.colcon_core.environment:checking '/home/lccc/Desktop/GXS_2024_VisionCode/install/gxs_serial_driver' for CMake module files
[10.741s] Level 1:colcon.colcon_core.environment:checking '/home/lccc/Desktop/GXS_2024_VisionCode/install/gxs_serial_driver' for CMake config files
[10.741s] Level 1:colcon.colcon_core.shell:create_environment_hook('gxs_serial_driver', 'cmake_prefix_path')
[10.741s] INFO:colcon.colcon_core.shell:Creating environment hook '/home/lccc/Desktop/GXS_2024_VisionCode/install/gxs_serial_driver/share/gxs_serial_driver/hook/cmake_prefix_path.ps1'
[10.742s] INFO:colcon.colcon_core.shell:Creating environment descriptor '/home/lccc/Desktop/GXS_2024_VisionCode/install/gxs_serial_driver/share/gxs_serial_driver/hook/cmake_prefix_path.dsv'
[10.742s] INFO:colcon.colcon_core.shell:Creating environment hook '/home/lccc/Desktop/GXS_2024_VisionCode/install/gxs_serial_driver/share/gxs_serial_driver/hook/cmake_prefix_path.sh'
[10.742s] Level 1:colcon.colcon_core.environment:checking '/home/lccc/Desktop/GXS_2024_VisionCode/install/gxs_serial_driver/lib'
[10.742s] Level 1:colcon.colcon_core.shell:create_environment_hook('gxs_serial_driver', 'ld_library_path_lib')
[10.742s] INFO:colcon.colcon_core.shell:Creating environment hook '/home/lccc/Desktop/GXS_2024_VisionCode/install/gxs_serial_driver/share/gxs_serial_driver/hook/ld_library_path_lib.ps1'
[10.743s] INFO:colcon.colcon_core.shell:Creating environment descriptor '/home/lccc/Desktop/GXS_2024_VisionCode/install/gxs_serial_driver/share/gxs_serial_driver/hook/ld_library_path_lib.dsv'
[10.743s] INFO:colcon.colcon_core.shell:Creating environment hook '/home/lccc/Desktop/GXS_2024_VisionCode/install/gxs_serial_driver/share/gxs_serial_driver/hook/ld_library_path_lib.sh'
[10.743s] Level 1:colcon.colcon_core.environment:checking '/home/lccc/Desktop/GXS_2024_VisionCode/install/gxs_serial_driver/bin'
[10.743s] Level 1:colcon.colcon_core.environment:checking '/home/lccc/Desktop/GXS_2024_VisionCode/install/gxs_serial_driver/lib/pkgconfig/gxs_serial_driver.pc'
[10.743s] Level 1:colcon.colcon_core.environment:checking '/home/lccc/Desktop/GXS_2024_VisionCode/install/gxs_serial_driver/lib/python3.10/site-packages'
[10.744s] Level 1:colcon.colcon_core.environment:checking '/home/lccc/Desktop/GXS_2024_VisionCode/install/gxs_serial_driver/bin'
[10.744s] INFO:colcon.colcon_core.shell:Creating package script '/home/lccc/Desktop/GXS_2024_VisionCode/install/gxs_serial_driver/share/gxs_serial_driver/package.ps1'
[10.744s] INFO:colcon.colcon_core.shell:Creating package descriptor '/home/lccc/Desktop/GXS_2024_VisionCode/install/gxs_serial_driver/share/gxs_serial_driver/package.dsv'
[10.744s] INFO:colcon.colcon_core.shell:Creating package script '/home/lccc/Desktop/GXS_2024_VisionCode/install/gxs_serial_driver/share/gxs_serial_driver/package.sh'
[10.745s] INFO:colcon.colcon_core.shell:Creating package script '/home/lccc/Desktop/GXS_2024_VisionCode/install/gxs_serial_driver/share/gxs_serial_driver/package.bash'
[10.745s] INFO:colcon.colcon_core.shell:Creating package script '/home/lccc/Desktop/GXS_2024_VisionCode/install/gxs_serial_driver/share/gxs_serial_driver/package.zsh'
[10.745s] Level 1:colcon.colcon_core.environment:create_file_with_runtime_dependencies(/home/lccc/Desktop/GXS_2024_VisionCode/install/gxs_serial_driver/share/colcon-core/packages/gxs_serial_driver)
[10.745s] DEBUG:colcon.colcon_parallel_executor.executor.parallel:closing loop
[10.746s] DEBUG:colcon.colcon_parallel_executor.executor.parallel:loop closed
[10.746s] DEBUG:colcon.colcon_parallel_executor.executor.parallel:run_until_complete finished with '0'
[10.746s] DEBUG:colcon.colcon_core.event_reactor:joining thread
[10.749s] INFO:colcon.colcon_core.plugin_system:Skipping extension 'colcon_notification.desktop_notification.terminal_notifier': Not used on non-Darwin systems
[10.749s] INFO:colcon.colcon_core.plugin_system:Skipping extension 'colcon_notification.desktop_notification.win32': Not used on non-Windows systems
[10.749s] INFO:colcon.colcon_notification.desktop_notification:Sending desktop notification using 'notify2'
[10.758s] DEBUG:colcon.colcon_core.event_reactor:joined thread
[10.758s] INFO:colcon.colcon_core.shell:Creating prefix script '/home/lccc/Desktop/GXS_2024_VisionCode/install/local_setup.ps1'
[10.759s] INFO:colcon.colcon_core.shell:Creating prefix util module '/home/lccc/Desktop/GXS_2024_VisionCode/install/_local_setup_util_ps1.py'
[10.760s] INFO:colcon.colcon_core.shell:Creating prefix chain script '/home/lccc/Desktop/GXS_2024_VisionCode/install/setup.ps1'
[10.760s] INFO:colcon.colcon_core.shell:Creating prefix script '/home/lccc/Desktop/GXS_2024_VisionCode/install/local_setup.sh'
[10.761s] INFO:colcon.colcon_core.shell:Creating prefix util module '/home/lccc/Desktop/GXS_2024_VisionCode/install/_local_setup_util_sh.py'
[10.761s] INFO:colcon.colcon_core.shell:Creating prefix chain script '/home/lccc/Desktop/GXS_2024_VisionCode/install/setup.sh'
[10.762s] INFO:colcon.colcon_core.shell:Creating prefix script '/home/lccc/Desktop/GXS_2024_VisionCode/install/local_setup.bash'
[10.762s] INFO:colcon.colcon_core.shell:Creating prefix chain script '/home/lccc/Desktop/GXS_2024_VisionCode/install/setup.bash'
[10.763s] INFO:colcon.colcon_core.shell:Creating prefix script '/home/lccc/Desktop/GXS_2024_VisionCode/install/local_setup.zsh'
[10.763s] INFO:colcon.colcon_core.shell:Creating prefix chain script '/home/lccc/Desktop/GXS_2024_VisionCode/install/setup.zsh'
