[01m[K/home/jason/gxs/GXS_2024_VisionCode/src/colorblock_detector/src/colorblock.cpp:[m[K In member function ‘[01m[Kvoid SearchResponse::handle_searchblock(std::shared_ptr<qrmsg::srv::Qr_Request_<std::allocator<void> > >, std::shared_ptr<qrmsg::srv::Qr_Response_<std::allocator<void> > >)[m[K’:
[01m[K/home/jason/gxs/GXS_2024_VisionCode/src/colorblock_detector/src/colorblock.cpp:156:17:[m[K [01;31m[Kerror: [m[Kexpected ‘[01m[K;[m[K’ before ‘[01m[Kif[m[K’
  156 |                 [01;31m[Kif[m[K (cv::contourArea(max_contour) > 12000)
      |                 [01;31m[K^~[m[K
[01m[K/home/jason/gxs/GXS_2024_VisionCode/src/colorblock_detector/src/colorblock.cpp:163:17:[m[K [01;31m[Kerror: [m[Kexpected ‘[01m[K}[m[K’ before ‘[01m[Kelse[m[K’
  163 |                 [01;31m[Kelse[m[K
      |                 [01;31m[K^~~~[m[K
[01m[K/home/jason/gxs/GXS_2024_VisionCode/src/colorblock_detector/src/colorblock.cpp:112:13:[m[K [01;36m[Knote: [m[Kto match this ‘[01m[K{[m[K’
  112 |             [01;36m[K{[m[K
      |             [01;36m[K^[m[K
[01m[K/home/jason/gxs/GXS_2024_VisionCode/src/colorblock_detector/src/colorblock.cpp:170:45:[m[K [01;31m[Kerror: [m[K‘[01m[Kcenter[m[K’ was not declared in this scope
  170 |                     if (if_lock && cv::norm([01;31m[Kcenter[m[K - pre_center) < 1)
      |                                             [01;31m[K^~~~~~[m[K
[01m[K/home/jason/gxs/GXS_2024_VisionCode/src/colorblock_detector/src/colorblock.cpp:173:51:[m[K [01;31m[Kerror: [m[K‘[01m[Krect[m[K’ was not declared in this scope
  173 |                         response->dis = pnp_solve([01;31m[Krect[m[K);
      |                                                   [01;31m[K^~~~[m[K
[01m[K/home/jason/gxs/GXS_2024_VisionCode/src/colorblock_detector/src/colorblock.cpp:185:47:[m[K [01;31m[Kerror: [m[K‘[01m[Krect[m[K’ was not declared in this scope
  185 |                     response->dis = pnp_solve([01;31m[Krect[m[K);
      |                                               [01;31m[K^~~~[m[K
gmake[2]: *** [CMakeFiles/colorblock.dir/build.make:76: CMakeFiles/colorblock.dir/src/colorblock.cpp.o] Error 1
gmake[1]: *** [CMakeFiles/Makefile2:137: CMakeFiles/colorblock.dir/all] Error 2
gmake: *** [Makefile:146: all] Error 2
