[0.050s] DEBUG:colcon:Command line arguments: ['/usr/bin/colcon', 'build']
[0.050s] DEBUG:colcon:Parsed command line arguments: Namespace(log_base=None, log_level=None, verb_name='build', build_base='build', install_base='install', merge_install=False, symlink_install=False, test_result_base=None, continue_on_error=False, executor='parallel', parallel_workers=16, event_handlers=None, ignore_user_meta=False, metas=['./colcon.meta'], base_paths=['.'], packages_ignore=None, packages_ignore_regex=None, paths=None, packages_up_to=None, packages_up_to_regex=None, packages_above=None, packages_above_and_dependencies=None, packages_above_depth=None, packages_select_by_dep=None, packages_skip_by_dep=None, packages_skip_up_to=None, packages_select_build_failed=False, packages_skip_build_finished=False, packages_select_test_failures=False, packages_skip_test_passed=False, packages_select=None, packages_skip=None, packages_select_regex=None, packages_skip_regex=None, packages_start=None, packages_end=None, allow_overriding=[], cmake_args=None, cmake_target=None, cmake_target_skip_unavailable=False, cmake_clean_cache=False, cmake_clean_first=False, cmake_force_configure=False, ament_cmake_args=None, catkin_cmake_args=None, catkin_skip_building_tests=False, verb_parser=<colcon_defaults.argument_parser.defaults.DefaultArgumentsDecorator object at 0x783c4e92c370>, verb_extension=<colcon_core.verb.build.BuildVerb object at 0x783c4eaefd30>, main=<bound method BuildVerb.main of <colcon_core.verb.build.BuildVerb object at 0x783c4eaefd30>>)
[0.124s] Level 1:colcon.colcon_core.package_discovery:discover_packages(colcon_meta) check parameters
[0.124s] Level 1:colcon.colcon_core.package_discovery:discover_packages(recursive) check parameters
[0.124s] Level 1:colcon.colcon_core.package_discovery:discover_packages(ignore) check parameters
[0.124s] Level 1:colcon.colcon_core.package_discovery:discover_packages(path) check parameters
[0.124s] Level 1:colcon.colcon_core.package_discovery:discover_packages(colcon_meta) discover
[0.124s] Level 1:colcon.colcon_core.package_discovery:discover_packages(recursive) discover
[0.124s] INFO:colcon.colcon_core.package_discovery:Crawling recursively for packages in '/home/jason/gxs/GXS_2024_VisionCode'
[0.124s] Level 1:colcon.colcon_core.package_identification:_identify(.) by extensions ['ignore', 'ignore_ament_install']
[0.124s] Level 1:colcon.colcon_core.package_identification:_identify(.) by extension 'ignore'
[0.124s] Level 1:colcon.colcon_core.package_identification:_identify(.) by extension 'ignore_ament_install'
[0.124s] Level 1:colcon.colcon_core.package_identification:_identify(.) by extensions ['colcon_pkg']
[0.124s] Level 1:colcon.colcon_core.package_identification:_identify(.) by extension 'colcon_pkg'
[0.124s] Level 1:colcon.colcon_core.package_identification:_identify(.) by extensions ['colcon_meta']
[0.124s] Level 1:colcon.colcon_core.package_identification:_identify(.) by extension 'colcon_meta'
[0.124s] Level 1:colcon.colcon_core.package_identification:_identify(.) by extensions ['ros']
[0.124s] Level 1:colcon.colcon_core.package_identification:_identify(.) by extension 'ros'
[0.130s] Level 1:colcon.colcon_core.package_identification:_identify(.) by extensions ['cmake', 'python']
[0.130s] Level 1:colcon.colcon_core.package_identification:_identify(.) by extension 'cmake'
[0.130s] Level 1:colcon.colcon_core.package_identification:_identify(.) by extension 'python'
[0.130s] Level 1:colcon.colcon_core.package_identification:_identify(.) by extensions ['python_setup_py']
[0.130s] Level 1:colcon.colcon_core.package_identification:_identify(.) by extension 'python_setup_py'
[0.131s] Level 1:colcon.colcon_core.package_identification:_identify(build) by extensions ['ignore', 'ignore_ament_install']
[0.131s] Level 1:colcon.colcon_core.package_identification:_identify(build) by extension 'ignore'
[0.131s] Level 1:colcon.colcon_core.package_identification:_identify(build) ignored
[0.131s] Level 1:colcon.colcon_core.package_identification:_identify(install) by extensions ['ignore', 'ignore_ament_install']
[0.131s] Level 1:colcon.colcon_core.package_identification:_identify(install) by extension 'ignore'
[0.131s] Level 1:colcon.colcon_core.package_identification:_identify(install) ignored
[0.131s] Level 1:colcon.colcon_core.package_identification:_identify(log) by extensions ['ignore', 'ignore_ament_install']
[0.131s] Level 1:colcon.colcon_core.package_identification:_identify(log) by extension 'ignore'
[0.131s] Level 1:colcon.colcon_core.package_identification:_identify(log) ignored
[0.131s] Level 1:colcon.colcon_core.package_identification:_identify(src) by extensions ['ignore', 'ignore_ament_install']
[0.131s] Level 1:colcon.colcon_core.package_identification:_identify(src) by extension 'ignore'
[0.131s] Level 1:colcon.colcon_core.package_identification:_identify(src) by extension 'ignore_ament_install'
[0.131s] Level 1:colcon.colcon_core.package_identification:_identify(src) by extensions ['colcon_pkg']
[0.131s] Level 1:colcon.colcon_core.package_identification:_identify(src) by extension 'colcon_pkg'
[0.131s] Level 1:colcon.colcon_core.package_identification:_identify(src) by extensions ['colcon_meta']
[0.131s] Level 1:colcon.colcon_core.package_identification:_identify(src) by extension 'colcon_meta'
[0.131s] Level 1:colcon.colcon_core.package_identification:_identify(src) by extensions ['ros']
[0.131s] Level 1:colcon.colcon_core.package_identification:_identify(src) by extension 'ros'
[0.131s] Level 1:colcon.colcon_core.package_identification:_identify(src) by extensions ['cmake', 'python']
[0.131s] Level 1:colcon.colcon_core.package_identification:_identify(src) by extension 'cmake'
[0.131s] Level 1:colcon.colcon_core.package_identification:_identify(src) by extension 'python'
[0.131s] Level 1:colcon.colcon_core.package_identification:_identify(src) by extensions ['python_setup_py']
[0.131s] Level 1:colcon.colcon_core.package_identification:_identify(src) by extension 'python_setup_py'
[0.131s] Level 1:colcon.colcon_core.package_identification:_identify(src/adjust) by extensions ['ignore', 'ignore_ament_install']
[0.131s] Level 1:colcon.colcon_core.package_identification:_identify(src/adjust) by extension 'ignore'
[0.131s] Level 1:colcon.colcon_core.package_identification:_identify(src/adjust) by extension 'ignore_ament_install'
[0.131s] Level 1:colcon.colcon_core.package_identification:_identify(src/adjust) by extensions ['colcon_pkg']
[0.131s] Level 1:colcon.colcon_core.package_identification:_identify(src/adjust) by extension 'colcon_pkg'
[0.131s] Level 1:colcon.colcon_core.package_identification:_identify(src/adjust) by extensions ['colcon_meta']
[0.131s] Level 1:colcon.colcon_core.package_identification:_identify(src/adjust) by extension 'colcon_meta'
[0.131s] Level 1:colcon.colcon_core.package_identification:_identify(src/adjust) by extensions ['ros']
[0.131s] Level 1:colcon.colcon_core.package_identification:_identify(src/adjust) by extension 'ros'
[0.133s] DEBUG:colcon.colcon_core.package_identification:Package 'src/adjust' with type 'ros.ament_cmake' and name 'adjust_hsv'
[0.133s] Level 1:colcon.colcon_core.package_identification:_identify(src/binary_detector) by extensions ['ignore', 'ignore_ament_install']
[0.133s] Level 1:colcon.colcon_core.package_identification:_identify(src/binary_detector) by extension 'ignore'
[0.133s] Level 1:colcon.colcon_core.package_identification:_identify(src/binary_detector) by extension 'ignore_ament_install'
[0.133s] Level 1:colcon.colcon_core.package_identification:_identify(src/binary_detector) by extensions ['colcon_pkg']
[0.133s] Level 1:colcon.colcon_core.package_identification:_identify(src/binary_detector) by extension 'colcon_pkg'
[0.133s] Level 1:colcon.colcon_core.package_identification:_identify(src/binary_detector) by extensions ['colcon_meta']
[0.133s] Level 1:colcon.colcon_core.package_identification:_identify(src/binary_detector) by extension 'colcon_meta'
[0.133s] Level 1:colcon.colcon_core.package_identification:_identify(src/binary_detector) by extensions ['ros']
[0.133s] Level 1:colcon.colcon_core.package_identification:_identify(src/binary_detector) by extension 'ros'
[0.134s] DEBUG:colcon.colcon_core.package_identification:Package 'src/binary_detector' with type 'ros.ament_cmake' and name 'binary_detector'
[0.134s] Level 1:colcon.colcon_core.package_identification:_identify(src/camera_driver) by extensions ['ignore', 'ignore_ament_install']
[0.134s] Level 1:colcon.colcon_core.package_identification:_identify(src/camera_driver) by extension 'ignore'
[0.134s] Level 1:colcon.colcon_core.package_identification:_identify(src/camera_driver) by extension 'ignore_ament_install'
[0.134s] Level 1:colcon.colcon_core.package_identification:_identify(src/camera_driver) by extensions ['colcon_pkg']
[0.134s] Level 1:colcon.colcon_core.package_identification:_identify(src/camera_driver) by extension 'colcon_pkg'
[0.134s] Level 1:colcon.colcon_core.package_identification:_identify(src/camera_driver) by extensions ['colcon_meta']
[0.134s] Level 1:colcon.colcon_core.package_identification:_identify(src/camera_driver) by extension 'colcon_meta'
[0.134s] Level 1:colcon.colcon_core.package_identification:_identify(src/camera_driver) by extensions ['ros']
[0.134s] Level 1:colcon.colcon_core.package_identification:_identify(src/camera_driver) by extension 'ros'
[0.134s] DEBUG:colcon.colcon_core.package_identification:Package 'src/camera_driver' with type 'ros.ament_cmake' and name 'camera_driver'
[0.134s] Level 1:colcon.colcon_core.package_identification:_identify(src/colorblock_detector) by extensions ['ignore', 'ignore_ament_install']
[0.134s] Level 1:colcon.colcon_core.package_identification:_identify(src/colorblock_detector) by extension 'ignore'
[0.134s] Level 1:colcon.colcon_core.package_identification:_identify(src/colorblock_detector) by extension 'ignore_ament_install'
[0.134s] Level 1:colcon.colcon_core.package_identification:_identify(src/colorblock_detector) by extensions ['colcon_pkg']
[0.134s] Level 1:colcon.colcon_core.package_identification:_identify(src/colorblock_detector) by extension 'colcon_pkg'
[0.134s] Level 1:colcon.colcon_core.package_identification:_identify(src/colorblock_detector) by extensions ['colcon_meta']
[0.134s] Level 1:colcon.colcon_core.package_identification:_identify(src/colorblock_detector) by extension 'colcon_meta'
[0.134s] Level 1:colcon.colcon_core.package_identification:_identify(src/colorblock_detector) by extensions ['ros']
[0.134s] Level 1:colcon.colcon_core.package_identification:_identify(src/colorblock_detector) by extension 'ros'
[0.135s] DEBUG:colcon.colcon_core.package_identification:Package 'src/colorblock_detector' with type 'ros.ament_cmake' and name 'colorblock_detector'
[0.135s] Level 1:colcon.colcon_core.package_identification:_identify(src/image_data) by extensions ['ignore', 'ignore_ament_install']
[0.135s] Level 1:colcon.colcon_core.package_identification:_identify(src/image_data) by extension 'ignore'
[0.135s] Level 1:colcon.colcon_core.package_identification:_identify(src/image_data) by extension 'ignore_ament_install'
[0.135s] Level 1:colcon.colcon_core.package_identification:_identify(src/image_data) by extensions ['colcon_pkg']
[0.135s] Level 1:colcon.colcon_core.package_identification:_identify(src/image_data) by extension 'colcon_pkg'
[0.135s] Level 1:colcon.colcon_core.package_identification:_identify(src/image_data) by extensions ['colcon_meta']
[0.135s] Level 1:colcon.colcon_core.package_identification:_identify(src/image_data) by extension 'colcon_meta'
[0.135s] Level 1:colcon.colcon_core.package_identification:_identify(src/image_data) by extensions ['ros']
[0.135s] Level 1:colcon.colcon_core.package_identification:_identify(src/image_data) by extension 'ros'
[0.135s] Level 1:colcon.colcon_core.package_identification:_identify(src/image_data) by extensions ['cmake', 'python']
[0.135s] Level 1:colcon.colcon_core.package_identification:_identify(src/image_data) by extension 'cmake'
[0.135s] Level 1:colcon.colcon_core.package_identification:_identify(src/image_data) by extension 'python'
[0.135s] Level 1:colcon.colcon_core.package_identification:_identify(src/image_data) by extensions ['python_setup_py']
[0.135s] Level 1:colcon.colcon_core.package_identification:_identify(src/image_data) by extension 'python_setup_py'
[0.135s] Level 1:colcon.colcon_core.package_identification:_identify(src/image_data/build) by extensions ['ignore', 'ignore_ament_install']
[0.135s] Level 1:colcon.colcon_core.package_identification:_identify(src/image_data/build) by extension 'ignore'
[0.135s] Level 1:colcon.colcon_core.package_identification:_identify(src/image_data/build) ignored
[0.135s] Level 1:colcon.colcon_core.package_identification:_identify(src/image_data/images) by extensions ['ignore', 'ignore_ament_install']
[0.135s] Level 1:colcon.colcon_core.package_identification:_identify(src/image_data/images) by extension 'ignore'
[0.135s] Level 1:colcon.colcon_core.package_identification:_identify(src/image_data/images) by extension 'ignore_ament_install'
[0.135s] Level 1:colcon.colcon_core.package_identification:_identify(src/image_data/images) by extensions ['colcon_pkg']
[0.135s] Level 1:colcon.colcon_core.package_identification:_identify(src/image_data/images) by extension 'colcon_pkg'
[0.135s] Level 1:colcon.colcon_core.package_identification:_identify(src/image_data/images) by extensions ['colcon_meta']
[0.135s] Level 1:colcon.colcon_core.package_identification:_identify(src/image_data/images) by extension 'colcon_meta'
[0.135s] Level 1:colcon.colcon_core.package_identification:_identify(src/image_data/images) by extensions ['ros']
[0.135s] Level 1:colcon.colcon_core.package_identification:_identify(src/image_data/images) by extension 'ros'
[0.135s] Level 1:colcon.colcon_core.package_identification:_identify(src/image_data/images) by extensions ['cmake', 'python']
[0.135s] Level 1:colcon.colcon_core.package_identification:_identify(src/image_data/images) by extension 'cmake'
[0.135s] Level 1:colcon.colcon_core.package_identification:_identify(src/image_data/images) by extension 'python'
[0.135s] Level 1:colcon.colcon_core.package_identification:_identify(src/image_data/images) by extensions ['python_setup_py']
[0.136s] Level 1:colcon.colcon_core.package_identification:_identify(src/image_data/images) by extension 'python_setup_py'
[0.136s] Level 1:colcon.colcon_core.package_identification:_identify(src/image_data/install) by extensions ['ignore', 'ignore_ament_install']
[0.136s] Level 1:colcon.colcon_core.package_identification:_identify(src/image_data/install) by extension 'ignore'
[0.136s] Level 1:colcon.colcon_core.package_identification:_identify(src/image_data/install) ignored
[0.136s] Level 1:colcon.colcon_core.package_identification:_identify(src/image_data/log) by extensions ['ignore', 'ignore_ament_install']
[0.136s] Level 1:colcon.colcon_core.package_identification:_identify(src/image_data/log) by extension 'ignore'
[0.136s] Level 1:colcon.colcon_core.package_identification:_identify(src/image_data/log) ignored
[0.136s] Level 1:colcon.colcon_core.package_identification:_identify(src/line_follow) by extensions ['ignore', 'ignore_ament_install']
[0.136s] Level 1:colcon.colcon_core.package_identification:_identify(src/line_follow) by extension 'ignore'
[0.136s] Level 1:colcon.colcon_core.package_identification:_identify(src/line_follow) by extension 'ignore_ament_install'
[0.136s] Level 1:colcon.colcon_core.package_identification:_identify(src/line_follow) by extensions ['colcon_pkg']
[0.136s] Level 1:colcon.colcon_core.package_identification:_identify(src/line_follow) by extension 'colcon_pkg'
[0.136s] Level 1:colcon.colcon_core.package_identification:_identify(src/line_follow) by extensions ['colcon_meta']
[0.136s] Level 1:colcon.colcon_core.package_identification:_identify(src/line_follow) by extension 'colcon_meta'
[0.136s] Level 1:colcon.colcon_core.package_identification:_identify(src/line_follow) by extensions ['ros']
[0.136s] Level 1:colcon.colcon_core.package_identification:_identify(src/line_follow) by extension 'ros'
[0.136s] DEBUG:colcon.colcon_core.package_identification:Package 'src/line_follow' with type 'ros.ament_python' and name 'line_follow'
[0.136s] Level 1:colcon.colcon_core.package_identification:_identify(src/qrmsg) by extensions ['ignore', 'ignore_ament_install']
[0.136s] Level 1:colcon.colcon_core.package_identification:_identify(src/qrmsg) by extension 'ignore'
[0.136s] Level 1:colcon.colcon_core.package_identification:_identify(src/qrmsg) by extension 'ignore_ament_install'
[0.136s] Level 1:colcon.colcon_core.package_identification:_identify(src/qrmsg) by extensions ['colcon_pkg']
[0.136s] Level 1:colcon.colcon_core.package_identification:_identify(src/qrmsg) by extension 'colcon_pkg'
[0.136s] Level 1:colcon.colcon_core.package_identification:_identify(src/qrmsg) by extensions ['colcon_meta']
[0.136s] Level 1:colcon.colcon_core.package_identification:_identify(src/qrmsg) by extension 'colcon_meta'
[0.136s] Level 1:colcon.colcon_core.package_identification:_identify(src/qrmsg) by extensions ['ros']
[0.136s] Level 1:colcon.colcon_core.package_identification:_identify(src/qrmsg) by extension 'ros'
[0.137s] DEBUG:colcon.colcon_core.package_identification:Package 'src/qrmsg' with type 'ros.ament_cmake' and name 'qrmsg'
[0.137s] Level 1:colcon.colcon_core.package_identification:_identify(src/rm_serial_driver) by extensions ['ignore', 'ignore_ament_install']
[0.137s] Level 1:colcon.colcon_core.package_identification:_identify(src/rm_serial_driver) by extension 'ignore'
[0.137s] Level 1:colcon.colcon_core.package_identification:_identify(src/rm_serial_driver) by extension 'ignore_ament_install'
[0.137s] Level 1:colcon.colcon_core.package_identification:_identify(src/rm_serial_driver) by extensions ['colcon_pkg']
[0.137s] Level 1:colcon.colcon_core.package_identification:_identify(src/rm_serial_driver) by extension 'colcon_pkg'
[0.137s] Level 1:colcon.colcon_core.package_identification:_identify(src/rm_serial_driver) by extensions ['colcon_meta']
[0.137s] Level 1:colcon.colcon_core.package_identification:_identify(src/rm_serial_driver) by extension 'colcon_meta'
[0.137s] Level 1:colcon.colcon_core.package_identification:_identify(src/rm_serial_driver) by extensions ['ros']
[0.137s] Level 1:colcon.colcon_core.package_identification:_identify(src/rm_serial_driver) by extension 'ros'
[0.137s] DEBUG:colcon.colcon_core.package_identification:Package 'src/rm_serial_driver' with type 'ros.ament_cmake' and name 'gxs_serial_driver'
[0.137s] Level 1:colcon.colcon_core.package_discovery:discover_packages(recursive) using defaults
[0.137s] Level 1:colcon.colcon_core.package_discovery:discover_packages(ignore) discover
[0.138s] Level 1:colcon.colcon_core.package_discovery:discover_packages(ignore) using defaults
[0.138s] Level 1:colcon.colcon_core.package_discovery:discover_packages(path) discover
[0.138s] Level 1:colcon.colcon_core.package_discovery:discover_packages(path) using defaults
[0.151s] Level 1:colcon.colcon_core.package_discovery:discover_packages(prefix_path) check parameters
[0.151s] Level 1:colcon.colcon_core.package_discovery:discover_packages(prefix_path) discover
[0.158s] DEBUG:colcon.colcon_installed_package_information.package_discovery:Found 2 installed packages in /home/jason/gxs/test/install
[0.159s] DEBUG:colcon.colcon_installed_package_information.package_discovery:Found 345 installed packages in /opt/ros/humble
[0.160s] Level 1:colcon.colcon_core.package_discovery:discover_packages(prefix_path) using defaults
[0.185s] Level 5:colcon.colcon_core.verb:set package 'adjust_hsv' build argument 'cmake_args' from command line to 'None'
[0.185s] Level 5:colcon.colcon_core.verb:set package 'adjust_hsv' build argument 'cmake_target' from command line to 'None'
[0.185s] Level 5:colcon.colcon_core.verb:set package 'adjust_hsv' build argument 'cmake_target_skip_unavailable' from command line to 'False'
[0.185s] Level 5:colcon.colcon_core.verb:set package 'adjust_hsv' build argument 'cmake_clean_cache' from command line to 'False'
[0.185s] Level 5:colcon.colcon_core.verb:set package 'adjust_hsv' build argument 'cmake_clean_first' from command line to 'False'
[0.185s] Level 5:colcon.colcon_core.verb:set package 'adjust_hsv' build argument 'cmake_force_configure' from command line to 'False'
[0.185s] Level 5:colcon.colcon_core.verb:set package 'adjust_hsv' build argument 'ament_cmake_args' from command line to 'None'
[0.185s] Level 5:colcon.colcon_core.verb:set package 'adjust_hsv' build argument 'catkin_cmake_args' from command line to 'None'
[0.185s] Level 5:colcon.colcon_core.verb:set package 'adjust_hsv' build argument 'catkin_skip_building_tests' from command line to 'False'
[0.185s] DEBUG:colcon.colcon_core.verb:Building package 'adjust_hsv' with the following arguments: {'ament_cmake_args': None, 'build_base': '/home/jason/gxs/GXS_2024_VisionCode/build/adjust_hsv', 'catkin_cmake_args': None, 'catkin_skip_building_tests': False, 'cmake_args': None, 'cmake_clean_cache': False, 'cmake_clean_first': False, 'cmake_force_configure': False, 'cmake_target': None, 'cmake_target_skip_unavailable': False, 'install_base': '/home/jason/gxs/GXS_2024_VisionCode/install/adjust_hsv', 'merge_install': False, 'path': '/home/jason/gxs/GXS_2024_VisionCode/src/adjust', 'symlink_install': False, 'test_result_base': None}
[0.185s] Level 5:colcon.colcon_core.verb:set package 'camera_driver' build argument 'cmake_args' from command line to 'None'
[0.185s] Level 5:colcon.colcon_core.verb:set package 'camera_driver' build argument 'cmake_target' from command line to 'None'
[0.185s] Level 5:colcon.colcon_core.verb:set package 'camera_driver' build argument 'cmake_target_skip_unavailable' from command line to 'False'
[0.185s] Level 5:colcon.colcon_core.verb:set package 'camera_driver' build argument 'cmake_clean_cache' from command line to 'False'
[0.185s] Level 5:colcon.colcon_core.verb:set package 'camera_driver' build argument 'cmake_clean_first' from command line to 'False'
[0.185s] Level 5:colcon.colcon_core.verb:set package 'camera_driver' build argument 'cmake_force_configure' from command line to 'False'
[0.185s] Level 5:colcon.colcon_core.verb:set package 'camera_driver' build argument 'ament_cmake_args' from command line to 'None'
[0.185s] Level 5:colcon.colcon_core.verb:set package 'camera_driver' build argument 'catkin_cmake_args' from command line to 'None'
[0.185s] Level 5:colcon.colcon_core.verb:set package 'camera_driver' build argument 'catkin_skip_building_tests' from command line to 'False'
[0.185s] DEBUG:colcon.colcon_core.verb:Building package 'camera_driver' with the following arguments: {'ament_cmake_args': None, 'build_base': '/home/jason/gxs/GXS_2024_VisionCode/build/camera_driver', 'catkin_cmake_args': None, 'catkin_skip_building_tests': False, 'cmake_args': None, 'cmake_clean_cache': False, 'cmake_clean_first': False, 'cmake_force_configure': False, 'cmake_target': None, 'cmake_target_skip_unavailable': False, 'install_base': '/home/jason/gxs/GXS_2024_VisionCode/install/camera_driver', 'merge_install': False, 'path': '/home/jason/gxs/GXS_2024_VisionCode/src/camera_driver', 'symlink_install': False, 'test_result_base': None}
[0.185s] Level 5:colcon.colcon_core.verb:set package 'line_follow' build argument 'cmake_args' from command line to 'None'
[0.185s] Level 5:colcon.colcon_core.verb:set package 'line_follow' build argument 'cmake_target' from command line to 'None'
[0.185s] Level 5:colcon.colcon_core.verb:set package 'line_follow' build argument 'cmake_target_skip_unavailable' from command line to 'False'
[0.185s] Level 5:colcon.colcon_core.verb:set package 'line_follow' build argument 'cmake_clean_cache' from command line to 'False'
[0.185s] Level 5:colcon.colcon_core.verb:set package 'line_follow' build argument 'cmake_clean_first' from command line to 'False'
[0.185s] Level 5:colcon.colcon_core.verb:set package 'line_follow' build argument 'cmake_force_configure' from command line to 'False'
[0.185s] Level 5:colcon.colcon_core.verb:set package 'line_follow' build argument 'ament_cmake_args' from command line to 'None'
[0.185s] Level 5:colcon.colcon_core.verb:set package 'line_follow' build argument 'catkin_cmake_args' from command line to 'None'
[0.185s] Level 5:colcon.colcon_core.verb:set package 'line_follow' build argument 'catkin_skip_building_tests' from command line to 'False'
[0.185s] DEBUG:colcon.colcon_core.verb:Building package 'line_follow' with the following arguments: {'ament_cmake_args': None, 'build_base': '/home/jason/gxs/GXS_2024_VisionCode/build/line_follow', 'catkin_cmake_args': None, 'catkin_skip_building_tests': False, 'cmake_args': None, 'cmake_clean_cache': False, 'cmake_clean_first': False, 'cmake_force_configure': False, 'cmake_target': None, 'cmake_target_skip_unavailable': False, 'install_base': '/home/jason/gxs/GXS_2024_VisionCode/install/line_follow', 'merge_install': False, 'path': '/home/jason/gxs/GXS_2024_VisionCode/src/line_follow', 'symlink_install': False, 'test_result_base': None}
[0.186s] Level 5:colcon.colcon_core.verb:set package 'qrmsg' build argument 'cmake_args' from command line to 'None'
[0.186s] Level 5:colcon.colcon_core.verb:set package 'qrmsg' build argument 'cmake_target' from command line to 'None'
[0.186s] Level 5:colcon.colcon_core.verb:set package 'qrmsg' build argument 'cmake_target_skip_unavailable' from command line to 'False'
[0.186s] Level 5:colcon.colcon_core.verb:set package 'qrmsg' build argument 'cmake_clean_cache' from command line to 'False'
[0.186s] Level 5:colcon.colcon_core.verb:set package 'qrmsg' build argument 'cmake_clean_first' from command line to 'False'
[0.186s] Level 5:colcon.colcon_core.verb:set package 'qrmsg' build argument 'cmake_force_configure' from command line to 'False'
[0.186s] Level 5:colcon.colcon_core.verb:set package 'qrmsg' build argument 'ament_cmake_args' from command line to 'None'
[0.186s] Level 5:colcon.colcon_core.verb:set package 'qrmsg' build argument 'catkin_cmake_args' from command line to 'None'
[0.186s] Level 5:colcon.colcon_core.verb:set package 'qrmsg' build argument 'catkin_skip_building_tests' from command line to 'False'
[0.186s] DEBUG:colcon.colcon_core.verb:Building package 'qrmsg' with the following arguments: {'ament_cmake_args': None, 'build_base': '/home/jason/gxs/GXS_2024_VisionCode/build/qrmsg', 'catkin_cmake_args': None, 'catkin_skip_building_tests': False, 'cmake_args': None, 'cmake_clean_cache': False, 'cmake_clean_first': False, 'cmake_force_configure': False, 'cmake_target': None, 'cmake_target_skip_unavailable': False, 'install_base': '/home/jason/gxs/GXS_2024_VisionCode/install/qrmsg', 'merge_install': False, 'path': '/home/jason/gxs/GXS_2024_VisionCode/src/qrmsg', 'symlink_install': False, 'test_result_base': None}
[0.186s] Level 5:colcon.colcon_core.verb:set package 'binary_detector' build argument 'cmake_args' from command line to 'None'
[0.186s] Level 5:colcon.colcon_core.verb:set package 'binary_detector' build argument 'cmake_target' from command line to 'None'
[0.186s] Level 5:colcon.colcon_core.verb:set package 'binary_detector' build argument 'cmake_target_skip_unavailable' from command line to 'False'
[0.186s] Level 5:colcon.colcon_core.verb:set package 'binary_detector' build argument 'cmake_clean_cache' from command line to 'False'
[0.186s] Level 5:colcon.colcon_core.verb:set package 'binary_detector' build argument 'cmake_clean_first' from command line to 'False'
[0.186s] Level 5:colcon.colcon_core.verb:set package 'binary_detector' build argument 'cmake_force_configure' from command line to 'False'
[0.186s] Level 5:colcon.colcon_core.verb:set package 'binary_detector' build argument 'ament_cmake_args' from command line to 'None'
[0.186s] Level 5:colcon.colcon_core.verb:set package 'binary_detector' build argument 'catkin_cmake_args' from command line to 'None'
[0.186s] Level 5:colcon.colcon_core.verb:set package 'binary_detector' build argument 'catkin_skip_building_tests' from command line to 'False'
[0.186s] DEBUG:colcon.colcon_core.verb:Building package 'binary_detector' with the following arguments: {'ament_cmake_args': None, 'build_base': '/home/jason/gxs/GXS_2024_VisionCode/build/binary_detector', 'catkin_cmake_args': None, 'catkin_skip_building_tests': False, 'cmake_args': None, 'cmake_clean_cache': False, 'cmake_clean_first': False, 'cmake_force_configure': False, 'cmake_target': None, 'cmake_target_skip_unavailable': False, 'install_base': '/home/jason/gxs/GXS_2024_VisionCode/install/binary_detector', 'merge_install': False, 'path': '/home/jason/gxs/GXS_2024_VisionCode/src/binary_detector', 'symlink_install': False, 'test_result_base': None}
[0.186s] Level 5:colcon.colcon_core.verb:set package 'colorblock_detector' build argument 'cmake_args' from command line to 'None'
[0.186s] Level 5:colcon.colcon_core.verb:set package 'colorblock_detector' build argument 'cmake_target' from command line to 'None'
[0.186s] Level 5:colcon.colcon_core.verb:set package 'colorblock_detector' build argument 'cmake_target_skip_unavailable' from command line to 'False'
[0.186s] Level 5:colcon.colcon_core.verb:set package 'colorblock_detector' build argument 'cmake_clean_cache' from command line to 'False'
[0.186s] Level 5:colcon.colcon_core.verb:set package 'colorblock_detector' build argument 'cmake_clean_first' from command line to 'False'
[0.186s] Level 5:colcon.colcon_core.verb:set package 'colorblock_detector' build argument 'cmake_force_configure' from command line to 'False'
[0.186s] Level 5:colcon.colcon_core.verb:set package 'colorblock_detector' build argument 'ament_cmake_args' from command line to 'None'
[0.186s] Level 5:colcon.colcon_core.verb:set package 'colorblock_detector' build argument 'catkin_cmake_args' from command line to 'None'
[0.186s] Level 5:colcon.colcon_core.verb:set package 'colorblock_detector' build argument 'catkin_skip_building_tests' from command line to 'False'
[0.186s] DEBUG:colcon.colcon_core.verb:Building package 'colorblock_detector' with the following arguments: {'ament_cmake_args': None, 'build_base': '/home/jason/gxs/GXS_2024_VisionCode/build/colorblock_detector', 'catkin_cmake_args': None, 'catkin_skip_building_tests': False, 'cmake_args': None, 'cmake_clean_cache': False, 'cmake_clean_first': False, 'cmake_force_configure': False, 'cmake_target': None, 'cmake_target_skip_unavailable': False, 'install_base': '/home/jason/gxs/GXS_2024_VisionCode/install/colorblock_detector', 'merge_install': False, 'path': '/home/jason/gxs/GXS_2024_VisionCode/src/colorblock_detector', 'symlink_install': False, 'test_result_base': None}
[0.186s] Level 5:colcon.colcon_core.verb:set package 'gxs_serial_driver' build argument 'cmake_args' from command line to 'None'
[0.186s] Level 5:colcon.colcon_core.verb:set package 'gxs_serial_driver' build argument 'cmake_target' from command line to 'None'
[0.186s] Level 5:colcon.colcon_core.verb:set package 'gxs_serial_driver' build argument 'cmake_target_skip_unavailable' from command line to 'False'
[0.186s] Level 5:colcon.colcon_core.verb:set package 'gxs_serial_driver' build argument 'cmake_clean_cache' from command line to 'False'
[0.186s] Level 5:colcon.colcon_core.verb:set package 'gxs_serial_driver' build argument 'cmake_clean_first' from command line to 'False'
[0.186s] Level 5:colcon.colcon_core.verb:set package 'gxs_serial_driver' build argument 'cmake_force_configure' from command line to 'False'
[0.186s] Level 5:colcon.colcon_core.verb:set package 'gxs_serial_driver' build argument 'ament_cmake_args' from command line to 'None'
[0.186s] Level 5:colcon.colcon_core.verb:set package 'gxs_serial_driver' build argument 'catkin_cmake_args' from command line to 'None'
[0.186s] Level 5:colcon.colcon_core.verb:set package 'gxs_serial_driver' build argument 'catkin_skip_building_tests' from command line to 'False'
[0.187s] DEBUG:colcon.colcon_core.verb:Building package 'gxs_serial_driver' with the following arguments: {'ament_cmake_args': None, 'build_base': '/home/jason/gxs/GXS_2024_VisionCode/build/gxs_serial_driver', 'catkin_cmake_args': None, 'catkin_skip_building_tests': False, 'cmake_args': None, 'cmake_clean_cache': False, 'cmake_clean_first': False, 'cmake_force_configure': False, 'cmake_target': None, 'cmake_target_skip_unavailable': False, 'install_base': '/home/jason/gxs/GXS_2024_VisionCode/install/gxs_serial_driver', 'merge_install': False, 'path': '/home/jason/gxs/GXS_2024_VisionCode/src/rm_serial_driver', 'symlink_install': False, 'test_result_base': None}
[0.187s] INFO:colcon.colcon_core.executor:Executing jobs using 'parallel' executor
[0.187s] DEBUG:colcon.colcon_parallel_executor.executor.parallel:run_until_complete
[0.188s] INFO:colcon.colcon_ros.task.ament_cmake.build:Building ROS package in '/home/jason/gxs/GXS_2024_VisionCode/src/qrmsg' with build type 'ament_cmake'
[0.188s] INFO:colcon.colcon_cmake.task.cmake.build:Building CMake package in '/home/jason/gxs/GXS_2024_VisionCode/src/qrmsg'
[0.189s] INFO:colcon.colcon_core.plugin_system:Skipping extension 'colcon_core.shell.bat': Not used on non-Windows systems
[0.189s] INFO:colcon.colcon_core.shell:Skip shell extension 'powershell' for command environment: Not usable outside of PowerShell
[0.189s] DEBUG:colcon.colcon_core.shell:Skip shell extension 'dsv' for command environment
[0.191s] INFO:colcon.colcon_ros.task.ament_cmake.build:Building ROS package in '/home/jason/gxs/GXS_2024_VisionCode/src/adjust' with build type 'ament_cmake'
[0.191s] INFO:colcon.colcon_cmake.task.cmake.build:Building CMake package in '/home/jason/gxs/GXS_2024_VisionCode/src/adjust'
[0.191s] INFO:colcon.colcon_core.shell:Skip shell extension 'powershell' for command environment: Not usable outside of PowerShell
[0.191s] DEBUG:colcon.colcon_core.shell:Skip shell extension 'dsv' for command environment
[0.193s] INFO:colcon.colcon_ros.task.ament_cmake.build:Building ROS package in '/home/jason/gxs/GXS_2024_VisionCode/src/camera_driver' with build type 'ament_cmake'
[0.193s] INFO:colcon.colcon_cmake.task.cmake.build:Building CMake package in '/home/jason/gxs/GXS_2024_VisionCode/src/camera_driver'
[0.193s] INFO:colcon.colcon_core.shell:Skip shell extension 'powershell' for command environment: Not usable outside of PowerShell
[0.193s] DEBUG:colcon.colcon_core.shell:Skip shell extension 'dsv' for command environment
[0.196s] INFO:colcon.colcon_ros.task.ament_python.build:Building ROS package in '/home/jason/gxs/GXS_2024_VisionCode/src/line_follow' with build type 'ament_python'
[0.196s] Level 1:colcon.colcon_core.shell:create_environment_hook('line_follow', 'ament_prefix_path')
[0.196s] INFO:colcon.colcon_core.shell:Creating environment hook '/home/jason/gxs/GXS_2024_VisionCode/install/line_follow/share/line_follow/hook/ament_prefix_path.ps1'
[0.197s] INFO:colcon.colcon_core.shell:Creating environment descriptor '/home/jason/gxs/GXS_2024_VisionCode/install/line_follow/share/line_follow/hook/ament_prefix_path.dsv'
[0.197s] INFO:colcon.colcon_core.shell:Creating environment hook '/home/jason/gxs/GXS_2024_VisionCode/install/line_follow/share/line_follow/hook/ament_prefix_path.sh'
[0.197s] INFO:colcon.colcon_core.shell:Skip shell extension 'powershell' for command environment: Not usable outside of PowerShell
[0.197s] DEBUG:colcon.colcon_core.shell:Skip shell extension 'dsv' for command environment
[0.202s] DEBUG:colcon.colcon_core.event_handler.log_command:Invoking command in '/home/jason/gxs/GXS_2024_VisionCode/build/qrmsg': CMAKE_PREFIX_PATH=${CMAKE_PREFIX_PATH}:/opt/ros/humble /usr/bin/cmake --build /home/jason/gxs/GXS_2024_VisionCode/build/qrmsg -- -j16 -l16
[0.204s] DEBUG:colcon.colcon_core.event_handler.log_command:Invoking command in '/home/jason/gxs/GXS_2024_VisionCode/build/adjust_hsv': CMAKE_PREFIX_PATH=${CMAKE_PREFIX_PATH}:/opt/ros/humble /usr/bin/cmake --build /home/jason/gxs/GXS_2024_VisionCode/build/adjust_hsv -- -j16 -l16
[0.207s] DEBUG:colcon.colcon_core.event_handler.log_command:Invoking command in '/home/jason/gxs/GXS_2024_VisionCode/build/camera_driver': CMAKE_PREFIX_PATH=${CMAKE_PREFIX_PATH}:/opt/ros/humble /usr/bin/cmake --build /home/jason/gxs/GXS_2024_VisionCode/build/camera_driver -- -j16 -l16
[0.368s] INFO:colcon.colcon_core.task.python.build:Building Python package in '/home/jason/gxs/GXS_2024_VisionCode/src/line_follow'
[0.368s] INFO:colcon.colcon_core.shell:Skip shell extension 'powershell' for command environment: Not usable outside of PowerShell
[0.368s] DEBUG:colcon.colcon_core.shell:Skip shell extension 'dsv' for command environment
[0.371s] DEBUG:colcon.colcon_core.event_handler.log_command:Invoked command in '/home/jason/gxs/GXS_2024_VisionCode/build/camera_driver' returned '0': CMAKE_PREFIX_PATH=${CMAKE_PREFIX_PATH}:/opt/ros/humble /usr/bin/cmake --build /home/jason/gxs/GXS_2024_VisionCode/build/camera_driver -- -j16 -l16
[0.392s] DEBUG:colcon.colcon_core.event_handler.log_command:Invoking command in '/home/jason/gxs/GXS_2024_VisionCode/build/camera_driver': CMAKE_PREFIX_PATH=${CMAKE_PREFIX_PATH}:/opt/ros/humble /usr/bin/cmake --install /home/jason/gxs/GXS_2024_VisionCode/build/camera_driver
[0.400s] Level 1:colcon.colcon_core.environment:create_environment_scripts_only(camera_driver)
[0.400s] DEBUG:colcon.colcon_core.event_handler.log_command:Invoked command in '/home/jason/gxs/GXS_2024_VisionCode/build/camera_driver' returned '0': CMAKE_PREFIX_PATH=${CMAKE_PREFIX_PATH}:/opt/ros/humble /usr/bin/cmake --install /home/jason/gxs/GXS_2024_VisionCode/build/camera_driver
[0.402s] Level 1:colcon.colcon_core.environment:checking '/home/jason/gxs/GXS_2024_VisionCode/install/camera_driver' for CMake module files
[0.403s] Level 1:colcon.colcon_core.environment:checking '/home/jason/gxs/GXS_2024_VisionCode/install/camera_driver' for CMake config files
[0.403s] Level 1:colcon.colcon_core.shell:create_environment_hook('camera_driver', 'cmake_prefix_path')
[0.403s] INFO:colcon.colcon_core.shell:Creating environment hook '/home/jason/gxs/GXS_2024_VisionCode/install/camera_driver/share/camera_driver/hook/cmake_prefix_path.ps1'
[0.404s] INFO:colcon.colcon_core.shell:Creating environment descriptor '/home/jason/gxs/GXS_2024_VisionCode/install/camera_driver/share/camera_driver/hook/cmake_prefix_path.dsv'
[0.404s] INFO:colcon.colcon_core.shell:Creating environment hook '/home/jason/gxs/GXS_2024_VisionCode/install/camera_driver/share/camera_driver/hook/cmake_prefix_path.sh'
[0.405s] Level 1:colcon.colcon_core.environment:checking '/home/jason/gxs/GXS_2024_VisionCode/install/camera_driver/lib'
[0.405s] Level 1:colcon.colcon_core.environment:checking '/home/jason/gxs/GXS_2024_VisionCode/install/camera_driver/bin'
[0.405s] Level 1:colcon.colcon_core.environment:checking '/home/jason/gxs/GXS_2024_VisionCode/install/camera_driver/lib/pkgconfig/camera_driver.pc'
[0.405s] Level 1:colcon.colcon_core.environment:checking '/home/jason/gxs/GXS_2024_VisionCode/install/camera_driver/lib/python3.10/site-packages'
[0.405s] Level 1:colcon.colcon_core.environment:checking '/home/jason/gxs/GXS_2024_VisionCode/install/camera_driver/bin'
[0.406s] INFO:colcon.colcon_core.shell:Creating package script '/home/jason/gxs/GXS_2024_VisionCode/install/camera_driver/share/camera_driver/package.ps1'
[0.407s] INFO:colcon.colcon_core.shell:Creating package descriptor '/home/jason/gxs/GXS_2024_VisionCode/install/camera_driver/share/camera_driver/package.dsv'
[0.408s] INFO:colcon.colcon_core.shell:Creating package script '/home/jason/gxs/GXS_2024_VisionCode/install/camera_driver/share/camera_driver/package.sh'
[0.409s] INFO:colcon.colcon_core.shell:Creating package script '/home/jason/gxs/GXS_2024_VisionCode/install/camera_driver/share/camera_driver/package.bash'
[0.409s] INFO:colcon.colcon_core.shell:Creating package script '/home/jason/gxs/GXS_2024_VisionCode/install/camera_driver/share/camera_driver/package.zsh'
[0.410s] Level 1:colcon.colcon_core.environment:create_file_with_runtime_dependencies(/home/jason/gxs/GXS_2024_VisionCode/install/camera_driver/share/colcon-core/packages/camera_driver)
[0.419s] DEBUG:colcon.colcon_core.event_handler.log_command:Invoked command in '/home/jason/gxs/GXS_2024_VisionCode/build/qrmsg' returned '0': CMAKE_PREFIX_PATH=${CMAKE_PREFIX_PATH}:/opt/ros/humble /usr/bin/cmake --build /home/jason/gxs/GXS_2024_VisionCode/build/qrmsg -- -j16 -l16
[0.426s] Level 1:colcon.colcon_core.environment:create_environment_scripts_only(camera_driver)
[0.426s] Level 1:colcon.colcon_core.environment:checking '/home/jason/gxs/GXS_2024_VisionCode/install/camera_driver' for CMake module files
[0.426s] Level 1:colcon.colcon_core.environment:checking '/home/jason/gxs/GXS_2024_VisionCode/install/camera_driver' for CMake config files
[0.426s] Level 1:colcon.colcon_core.shell:create_environment_hook('camera_driver', 'cmake_prefix_path')
[0.427s] INFO:colcon.colcon_core.shell:Creating environment hook '/home/jason/gxs/GXS_2024_VisionCode/install/camera_driver/share/camera_driver/hook/cmake_prefix_path.ps1'
[0.427s] INFO:colcon.colcon_core.shell:Creating environment descriptor '/home/jason/gxs/GXS_2024_VisionCode/install/camera_driver/share/camera_driver/hook/cmake_prefix_path.dsv'
[0.427s] INFO:colcon.colcon_core.shell:Creating environment hook '/home/jason/gxs/GXS_2024_VisionCode/install/camera_driver/share/camera_driver/hook/cmake_prefix_path.sh'
[0.427s] Level 1:colcon.colcon_core.environment:checking '/home/jason/gxs/GXS_2024_VisionCode/install/camera_driver/lib'
[0.427s] Level 1:colcon.colcon_core.environment:checking '/home/jason/gxs/GXS_2024_VisionCode/install/camera_driver/bin'
[0.427s] Level 1:colcon.colcon_core.environment:checking '/home/jason/gxs/GXS_2024_VisionCode/install/camera_driver/lib/pkgconfig/camera_driver.pc'
[0.428s] Level 1:colcon.colcon_core.environment:checking '/home/jason/gxs/GXS_2024_VisionCode/install/camera_driver/lib/python3.10/site-packages'
[0.428s] Level 1:colcon.colcon_core.environment:checking '/home/jason/gxs/GXS_2024_VisionCode/install/camera_driver/bin'
[0.428s] INFO:colcon.colcon_core.shell:Creating package script '/home/jason/gxs/GXS_2024_VisionCode/install/camera_driver/share/camera_driver/package.ps1'
[0.428s] INFO:colcon.colcon_core.shell:Creating package descriptor '/home/jason/gxs/GXS_2024_VisionCode/install/camera_driver/share/camera_driver/package.dsv'
[0.428s] INFO:colcon.colcon_core.shell:Creating package script '/home/jason/gxs/GXS_2024_VisionCode/install/camera_driver/share/camera_driver/package.sh'
[0.428s] INFO:colcon.colcon_core.shell:Creating package script '/home/jason/gxs/GXS_2024_VisionCode/install/camera_driver/share/camera_driver/package.bash'
[0.429s] INFO:colcon.colcon_core.shell:Creating package script '/home/jason/gxs/GXS_2024_VisionCode/install/camera_driver/share/camera_driver/package.zsh'
[0.429s] Level 1:colcon.colcon_core.environment:create_file_with_runtime_dependencies(/home/jason/gxs/GXS_2024_VisionCode/install/camera_driver/share/colcon-core/packages/camera_driver)
[0.458s] DEBUG:colcon.colcon_core.event_handler.log_command:Invoking command in '/home/jason/gxs/GXS_2024_VisionCode/build/qrmsg': CMAKE_PREFIX_PATH=${CMAKE_PREFIX_PATH}:/opt/ros/humble /usr/bin/cmake --install /home/jason/gxs/GXS_2024_VisionCode/build/qrmsg
[0.492s] Level 1:colcon.colcon_core.environment:create_environment_scripts_only(qrmsg)
[0.493s] Level 1:colcon.colcon_core.environment:checking '/home/jason/gxs/GXS_2024_VisionCode/install/qrmsg' for CMake module files
[0.494s] DEBUG:colcon.colcon_core.event_handler.log_command:Invoked command in '/home/jason/gxs/GXS_2024_VisionCode/build/qrmsg' returned '0': CMAKE_PREFIX_PATH=${CMAKE_PREFIX_PATH}:/opt/ros/humble /usr/bin/cmake --install /home/jason/gxs/GXS_2024_VisionCode/build/qrmsg
[0.494s] Level 1:colcon.colcon_core.environment:checking '/home/jason/gxs/GXS_2024_VisionCode/install/qrmsg' for CMake config files
[0.494s] Level 1:colcon.colcon_core.shell:create_environment_hook('qrmsg', 'cmake_prefix_path')
[0.495s] INFO:colcon.colcon_core.shell:Creating environment hook '/home/jason/gxs/GXS_2024_VisionCode/install/qrmsg/share/qrmsg/hook/cmake_prefix_path.ps1'
[0.495s] INFO:colcon.colcon_core.shell:Creating environment descriptor '/home/jason/gxs/GXS_2024_VisionCode/install/qrmsg/share/qrmsg/hook/cmake_prefix_path.dsv'
[0.495s] INFO:colcon.colcon_core.shell:Creating environment hook '/home/jason/gxs/GXS_2024_VisionCode/install/qrmsg/share/qrmsg/hook/cmake_prefix_path.sh'
[0.496s] Level 1:colcon.colcon_core.environment:checking '/home/jason/gxs/GXS_2024_VisionCode/install/qrmsg/lib'
[0.496s] Level 1:colcon.colcon_core.shell:create_environment_hook('qrmsg', 'ld_library_path_lib')
[0.496s] INFO:colcon.colcon_core.shell:Creating environment hook '/home/jason/gxs/GXS_2024_VisionCode/install/qrmsg/share/qrmsg/hook/ld_library_path_lib.ps1'
[0.496s] INFO:colcon.colcon_core.shell:Creating environment descriptor '/home/jason/gxs/GXS_2024_VisionCode/install/qrmsg/share/qrmsg/hook/ld_library_path_lib.dsv'
[0.497s] INFO:colcon.colcon_core.shell:Creating environment hook '/home/jason/gxs/GXS_2024_VisionCode/install/qrmsg/share/qrmsg/hook/ld_library_path_lib.sh'
[0.497s] Level 1:colcon.colcon_core.environment:checking '/home/jason/gxs/GXS_2024_VisionCode/install/qrmsg/bin'
[0.497s] Level 1:colcon.colcon_core.environment:checking '/home/jason/gxs/GXS_2024_VisionCode/install/qrmsg/lib/pkgconfig/qrmsg.pc'
[0.497s] Level 1:colcon.colcon_core.environment:checking '/home/jason/gxs/GXS_2024_VisionCode/install/qrmsg/lib/python3.10/site-packages'
[0.497s] Level 1:colcon.colcon_core.environment:checking '/home/jason/gxs/GXS_2024_VisionCode/install/qrmsg/bin'
[0.497s] INFO:colcon.colcon_core.shell:Creating package script '/home/jason/gxs/GXS_2024_VisionCode/install/qrmsg/share/qrmsg/package.ps1'
[0.498s] INFO:colcon.colcon_core.shell:Creating package descriptor '/home/jason/gxs/GXS_2024_VisionCode/install/qrmsg/share/qrmsg/package.dsv'
[0.498s] INFO:colcon.colcon_core.shell:Creating package script '/home/jason/gxs/GXS_2024_VisionCode/install/qrmsg/share/qrmsg/package.sh'
[0.498s] INFO:colcon.colcon_core.shell:Creating package script '/home/jason/gxs/GXS_2024_VisionCode/install/qrmsg/share/qrmsg/package.bash'
[0.499s] INFO:colcon.colcon_core.shell:Creating package script '/home/jason/gxs/GXS_2024_VisionCode/install/qrmsg/share/qrmsg/package.zsh'
[0.499s] Level 1:colcon.colcon_core.environment:create_file_with_runtime_dependencies(/home/jason/gxs/GXS_2024_VisionCode/install/qrmsg/share/colcon-core/packages/qrmsg)
[0.539s] Level 1:colcon.colcon_core.environment:create_environment_scripts_only(qrmsg)
[0.539s] Level 1:colcon.colcon_core.environment:checking '/home/jason/gxs/GXS_2024_VisionCode/install/qrmsg' for CMake module files
[0.539s] Level 1:colcon.colcon_core.environment:checking '/home/jason/gxs/GXS_2024_VisionCode/install/qrmsg' for CMake config files
[0.540s] Level 1:colcon.colcon_core.shell:create_environment_hook('qrmsg', 'cmake_prefix_path')
[0.540s] INFO:colcon.colcon_core.shell:Creating environment hook '/home/jason/gxs/GXS_2024_VisionCode/install/qrmsg/share/qrmsg/hook/cmake_prefix_path.ps1'
[0.540s] INFO:colcon.colcon_core.shell:Creating environment descriptor '/home/jason/gxs/GXS_2024_VisionCode/install/qrmsg/share/qrmsg/hook/cmake_prefix_path.dsv'
[0.540s] INFO:colcon.colcon_core.shell:Creating environment hook '/home/jason/gxs/GXS_2024_VisionCode/install/qrmsg/share/qrmsg/hook/cmake_prefix_path.sh'
[0.541s] Level 1:colcon.colcon_core.environment:checking '/home/jason/gxs/GXS_2024_VisionCode/install/qrmsg/lib'
[0.541s] Level 1:colcon.colcon_core.shell:create_environment_hook('qrmsg', 'ld_library_path_lib')
[0.541s] INFO:colcon.colcon_core.shell:Creating environment hook '/home/jason/gxs/GXS_2024_VisionCode/install/qrmsg/share/qrmsg/hook/ld_library_path_lib.ps1'
[0.541s] INFO:colcon.colcon_core.shell:Creating environment descriptor '/home/jason/gxs/GXS_2024_VisionCode/install/qrmsg/share/qrmsg/hook/ld_library_path_lib.dsv'
[0.541s] INFO:colcon.colcon_core.shell:Creating environment hook '/home/jason/gxs/GXS_2024_VisionCode/install/qrmsg/share/qrmsg/hook/ld_library_path_lib.sh'
[0.541s] Level 1:colcon.colcon_core.environment:checking '/home/jason/gxs/GXS_2024_VisionCode/install/qrmsg/bin'
[0.541s] Level 1:colcon.colcon_core.environment:checking '/home/jason/gxs/GXS_2024_VisionCode/install/qrmsg/lib/pkgconfig/qrmsg.pc'
[0.542s] Level 1:colcon.colcon_core.environment:checking '/home/jason/gxs/GXS_2024_VisionCode/install/qrmsg/lib/python3.10/site-packages'
[0.542s] Level 1:colcon.colcon_core.environment:checking '/home/jason/gxs/GXS_2024_VisionCode/install/qrmsg/bin'
[0.542s] INFO:colcon.colcon_core.shell:Creating package script '/home/jason/gxs/GXS_2024_VisionCode/install/qrmsg/share/qrmsg/package.ps1'
[0.542s] INFO:colcon.colcon_core.shell:Creating package descriptor '/home/jason/gxs/GXS_2024_VisionCode/install/qrmsg/share/qrmsg/package.dsv'
[0.542s] INFO:colcon.colcon_core.shell:Creating package script '/home/jason/gxs/GXS_2024_VisionCode/install/qrmsg/share/qrmsg/package.sh'
[0.543s] INFO:colcon.colcon_core.shell:Creating package script '/home/jason/gxs/GXS_2024_VisionCode/install/qrmsg/share/qrmsg/package.bash'
[0.543s] INFO:colcon.colcon_core.shell:Creating package script '/home/jason/gxs/GXS_2024_VisionCode/install/qrmsg/share/qrmsg/package.zsh'
[0.543s] Level 1:colcon.colcon_core.environment:create_file_with_runtime_dependencies(/home/jason/gxs/GXS_2024_VisionCode/install/qrmsg/share/colcon-core/packages/qrmsg)
[0.543s] INFO:colcon.colcon_ros.task.ament_cmake.build:Building ROS package in '/home/jason/gxs/GXS_2024_VisionCode/src/binary_detector' with build type 'ament_cmake'
[0.543s] INFO:colcon.colcon_cmake.task.cmake.build:Building CMake package in '/home/jason/gxs/GXS_2024_VisionCode/src/binary_detector'
[0.543s] INFO:colcon.colcon_core.shell:Skip shell extension 'powershell' for command environment: Not usable outside of PowerShell
[0.544s] DEBUG:colcon.colcon_core.shell:Skip shell extension 'dsv' for command environment
[0.549s] INFO:colcon.colcon_ros.task.ament_cmake.build:Building ROS package in '/home/jason/gxs/GXS_2024_VisionCode/src/colorblock_detector' with build type 'ament_cmake'
[0.549s] INFO:colcon.colcon_cmake.task.cmake.build:Building CMake package in '/home/jason/gxs/GXS_2024_VisionCode/src/colorblock_detector'
[0.550s] INFO:colcon.colcon_core.shell:Skip shell extension 'powershell' for command environment: Not usable outside of PowerShell
[0.550s] DEBUG:colcon.colcon_core.shell:Skip shell extension 'dsv' for command environment
[0.552s] INFO:colcon.colcon_ros.task.ament_cmake.build:Building ROS package in '/home/jason/gxs/GXS_2024_VisionCode/src/rm_serial_driver' with build type 'ament_cmake'
[0.552s] INFO:colcon.colcon_cmake.task.cmake.build:Building CMake package in '/home/jason/gxs/GXS_2024_VisionCode/src/rm_serial_driver'
[0.552s] INFO:colcon.colcon_core.shell:Skip shell extension 'powershell' for command environment: Not usable outside of PowerShell
[0.552s] DEBUG:colcon.colcon_core.shell:Skip shell extension 'dsv' for command environment
[0.557s] DEBUG:colcon.colcon_core.event_handler.log_command:Invoking command in '/home/jason/gxs/GXS_2024_VisionCode/build/binary_detector': AMENT_PREFIX_PATH=/home/jason/gxs/GXS_2024_VisionCode/install/qrmsg:${AMENT_PREFIX_PATH} CMAKE_PREFIX_PATH=/home/jason/gxs/GXS_2024_VisionCode/install/qrmsg:/home/jason/gxs/test/install/test:/opt/ros/humble LD_LIBRARY_PATH=/home/jason/gxs/GXS_2024_VisionCode/install/qrmsg/lib:/opt/ros/humble/opt/rviz_ogre_vendor/lib:/opt/ros/humble/lib/x86_64-linux-gnu:/opt/ros/humble/lib:/opt/MVS/lib/64:/opt/MVS/lib/32:/opt/MVS/lib/64:/opt/MVS/lib/32:/opt/MVS/lib/64:/opt/MVS/lib/32 PYTHONPATH=/home/jason/gxs/GXS_2024_VisionCode/install/qrmsg/local/lib/python3.10/dist-packages:${PYTHONPATH} /usr/bin/cmake --build /home/jason/gxs/GXS_2024_VisionCode/build/binary_detector -- -j16 -l16
[0.559s] DEBUG:colcon.colcon_core.event_handler.log_command:Invoking command in '/home/jason/gxs/GXS_2024_VisionCode/build/colorblock_detector': AMENT_PREFIX_PATH=/home/jason/gxs/GXS_2024_VisionCode/install/qrmsg:${AMENT_PREFIX_PATH} CMAKE_PREFIX_PATH=/home/jason/gxs/GXS_2024_VisionCode/install/qrmsg:/home/jason/gxs/test/install/test:/opt/ros/humble LD_LIBRARY_PATH=/home/jason/gxs/GXS_2024_VisionCode/install/qrmsg/lib:/opt/ros/humble/opt/rviz_ogre_vendor/lib:/opt/ros/humble/lib/x86_64-linux-gnu:/opt/ros/humble/lib:/opt/MVS/lib/64:/opt/MVS/lib/32:/opt/MVS/lib/64:/opt/MVS/lib/32:/opt/MVS/lib/64:/opt/MVS/lib/32 PYTHONPATH=/home/jason/gxs/GXS_2024_VisionCode/install/qrmsg/local/lib/python3.10/dist-packages:${PYTHONPATH} /usr/bin/cmake --build /home/jason/gxs/GXS_2024_VisionCode/build/colorblock_detector -- -j16 -l16
[0.561s] DEBUG:colcon.colcon_core.event_handler.log_command:Invoking command in '/home/jason/gxs/GXS_2024_VisionCode/build/gxs_serial_driver': AMENT_PREFIX_PATH=/home/jason/gxs/GXS_2024_VisionCode/install/qrmsg:${AMENT_PREFIX_PATH} CMAKE_PREFIX_PATH=/home/jason/gxs/GXS_2024_VisionCode/install/qrmsg:/home/jason/gxs/test/install/test:/opt/ros/humble LD_LIBRARY_PATH=/home/jason/gxs/GXS_2024_VisionCode/install/qrmsg/lib:/opt/ros/humble/opt/rviz_ogre_vendor/lib:/opt/ros/humble/lib/x86_64-linux-gnu:/opt/ros/humble/lib:/opt/MVS/lib/64:/opt/MVS/lib/32:/opt/MVS/lib/64:/opt/MVS/lib/32:/opt/MVS/lib/64:/opt/MVS/lib/32 PYTHONPATH=/home/jason/gxs/GXS_2024_VisionCode/install/qrmsg/local/lib/python3.10/dist-packages:${PYTHONPATH} /usr/bin/cmake --build /home/jason/gxs/GXS_2024_VisionCode/build/gxs_serial_driver -- -j16 -l16
[0.566s] DEBUG:colcon.colcon_core.event_handler.log_command:Invoking command in '/home/jason/gxs/GXS_2024_VisionCode/src/line_follow': PYTHONPATH=/home/jason/gxs/GXS_2024_VisionCode/build/line_follow/prefix_override:/home/jason/gxs/GXS_2024_VisionCode/install/line_follow/lib/python3.10/site-packages:${PYTHONPATH} /usr/bin/python3 -W ignore:setup.py install is deprecated setup.py egg_info --egg-base ../../build/line_follow build --build-base /home/jason/gxs/GXS_2024_VisionCode/build/line_follow/build install --record /home/jason/gxs/GXS_2024_VisionCode/build/line_follow/install.log --single-version-externally-managed install_data
[0.599s] DEBUG:colcon.colcon_core.event_handler.log_command:Invoked command in '/home/jason/gxs/GXS_2024_VisionCode/build/colorblock_detector' returned '0': AMENT_PREFIX_PATH=/home/jason/gxs/GXS_2024_VisionCode/install/qrmsg:${AMENT_PREFIX_PATH} CMAKE_PREFIX_PATH=/home/jason/gxs/GXS_2024_VisionCode/install/qrmsg:/home/jason/gxs/test/install/test:/opt/ros/humble LD_LIBRARY_PATH=/home/jason/gxs/GXS_2024_VisionCode/install/qrmsg/lib:/opt/ros/humble/opt/rviz_ogre_vendor/lib:/opt/ros/humble/lib/x86_64-linux-gnu:/opt/ros/humble/lib:/opt/MVS/lib/64:/opt/MVS/lib/32:/opt/MVS/lib/64:/opt/MVS/lib/32:/opt/MVS/lib/64:/opt/MVS/lib/32 PYTHONPATH=/home/jason/gxs/GXS_2024_VisionCode/install/qrmsg/local/lib/python3.10/dist-packages:${PYTHONPATH} /usr/bin/cmake --build /home/jason/gxs/GXS_2024_VisionCode/build/colorblock_detector -- -j16 -l16
[0.608s] DEBUG:colcon.colcon_core.event_handler.log_command:Invoked command in '/home/jason/gxs/GXS_2024_VisionCode/build/gxs_serial_driver' returned '0': AMENT_PREFIX_PATH=/home/jason/gxs/GXS_2024_VisionCode/install/qrmsg:${AMENT_PREFIX_PATH} CMAKE_PREFIX_PATH=/home/jason/gxs/GXS_2024_VisionCode/install/qrmsg:/home/jason/gxs/test/install/test:/opt/ros/humble LD_LIBRARY_PATH=/home/jason/gxs/GXS_2024_VisionCode/install/qrmsg/lib:/opt/ros/humble/opt/rviz_ogre_vendor/lib:/opt/ros/humble/lib/x86_64-linux-gnu:/opt/ros/humble/lib:/opt/MVS/lib/64:/opt/MVS/lib/32:/opt/MVS/lib/64:/opt/MVS/lib/32:/opt/MVS/lib/64:/opt/MVS/lib/32 PYTHONPATH=/home/jason/gxs/GXS_2024_VisionCode/install/qrmsg/local/lib/python3.10/dist-packages:${PYTHONPATH} /usr/bin/cmake --build /home/jason/gxs/GXS_2024_VisionCode/build/gxs_serial_driver -- -j16 -l16
[0.617s] DEBUG:colcon.colcon_core.event_handler.log_command:Invoking command in '/home/jason/gxs/GXS_2024_VisionCode/build/colorblock_detector': AMENT_PREFIX_PATH=/home/jason/gxs/GXS_2024_VisionCode/install/qrmsg:${AMENT_PREFIX_PATH} CMAKE_PREFIX_PATH=/home/jason/gxs/GXS_2024_VisionCode/install/qrmsg:/home/jason/gxs/test/install/test:/opt/ros/humble LD_LIBRARY_PATH=/home/jason/gxs/GXS_2024_VisionCode/install/qrmsg/lib:/opt/ros/humble/opt/rviz_ogre_vendor/lib:/opt/ros/humble/lib/x86_64-linux-gnu:/opt/ros/humble/lib:/opt/MVS/lib/64:/opt/MVS/lib/32:/opt/MVS/lib/64:/opt/MVS/lib/32:/opt/MVS/lib/64:/opt/MVS/lib/32 PYTHONPATH=/home/jason/gxs/GXS_2024_VisionCode/install/qrmsg/local/lib/python3.10/dist-packages:${PYTHONPATH} /usr/bin/cmake --install /home/jason/gxs/GXS_2024_VisionCode/build/colorblock_detector
[0.618s] DEBUG:colcon.colcon_core.event_handler.log_command:Invoked command in '/home/jason/gxs/GXS_2024_VisionCode/build/binary_detector' returned '0': AMENT_PREFIX_PATH=/home/jason/gxs/GXS_2024_VisionCode/install/qrmsg:${AMENT_PREFIX_PATH} CMAKE_PREFIX_PATH=/home/jason/gxs/GXS_2024_VisionCode/install/qrmsg:/home/jason/gxs/test/install/test:/opt/ros/humble LD_LIBRARY_PATH=/home/jason/gxs/GXS_2024_VisionCode/install/qrmsg/lib:/opt/ros/humble/opt/rviz_ogre_vendor/lib:/opt/ros/humble/lib/x86_64-linux-gnu:/opt/ros/humble/lib:/opt/MVS/lib/64:/opt/MVS/lib/32:/opt/MVS/lib/64:/opt/MVS/lib/32:/opt/MVS/lib/64:/opt/MVS/lib/32 PYTHONPATH=/home/jason/gxs/GXS_2024_VisionCode/install/qrmsg/local/lib/python3.10/dist-packages:${PYTHONPATH} /usr/bin/cmake --build /home/jason/gxs/GXS_2024_VisionCode/build/binary_detector -- -j16 -l16
[0.624s] Level 1:colcon.colcon_core.environment:create_environment_scripts_only(colorblock_detector)
[0.624s] Level 1:colcon.colcon_core.environment:checking '/home/jason/gxs/GXS_2024_VisionCode/install/colorblock_detector' for CMake module files
[0.625s] DEBUG:colcon.colcon_core.event_handler.log_command:Invoked command in '/home/jason/gxs/GXS_2024_VisionCode/build/colorblock_detector' returned '0': AMENT_PREFIX_PATH=/home/jason/gxs/GXS_2024_VisionCode/install/qrmsg:${AMENT_PREFIX_PATH} CMAKE_PREFIX_PATH=/home/jason/gxs/GXS_2024_VisionCode/install/qrmsg:/home/jason/gxs/test/install/test:/opt/ros/humble LD_LIBRARY_PATH=/home/jason/gxs/GXS_2024_VisionCode/install/qrmsg/lib:/opt/ros/humble/opt/rviz_ogre_vendor/lib:/opt/ros/humble/lib/x86_64-linux-gnu:/opt/ros/humble/lib:/opt/MVS/lib/64:/opt/MVS/lib/32:/opt/MVS/lib/64:/opt/MVS/lib/32:/opt/MVS/lib/64:/opt/MVS/lib/32 PYTHONPATH=/home/jason/gxs/GXS_2024_VisionCode/install/qrmsg/local/lib/python3.10/dist-packages:${PYTHONPATH} /usr/bin/cmake --install /home/jason/gxs/GXS_2024_VisionCode/build/colorblock_detector
[0.626s] Level 1:colcon.colcon_core.environment:checking '/home/jason/gxs/GXS_2024_VisionCode/install/colorblock_detector' for CMake config files
[0.626s] Level 1:colcon.colcon_core.shell:create_environment_hook('colorblock_detector', 'cmake_prefix_path')
[0.626s] INFO:colcon.colcon_core.shell:Creating environment hook '/home/jason/gxs/GXS_2024_VisionCode/install/colorblock_detector/share/colorblock_detector/hook/cmake_prefix_path.ps1'
[0.627s] INFO:colcon.colcon_core.shell:Creating environment descriptor '/home/jason/gxs/GXS_2024_VisionCode/install/colorblock_detector/share/colorblock_detector/hook/cmake_prefix_path.dsv'
[0.627s] INFO:colcon.colcon_core.shell:Creating environment hook '/home/jason/gxs/GXS_2024_VisionCode/install/colorblock_detector/share/colorblock_detector/hook/cmake_prefix_path.sh'
[0.628s] Level 1:colcon.colcon_core.environment:checking '/home/jason/gxs/GXS_2024_VisionCode/install/colorblock_detector/lib'
[0.628s] Level 1:colcon.colcon_core.environment:checking '/home/jason/gxs/GXS_2024_VisionCode/install/colorblock_detector/bin'
[0.628s] Level 1:colcon.colcon_core.environment:checking '/home/jason/gxs/GXS_2024_VisionCode/install/colorblock_detector/lib/pkgconfig/colorblock_detector.pc'
[0.628s] Level 1:colcon.colcon_core.environment:checking '/home/jason/gxs/GXS_2024_VisionCode/install/colorblock_detector/lib/python3.10/site-packages'
[0.629s] Level 1:colcon.colcon_core.environment:checking '/home/jason/gxs/GXS_2024_VisionCode/install/colorblock_detector/bin'
[0.629s] INFO:colcon.colcon_core.shell:Creating package script '/home/jason/gxs/GXS_2024_VisionCode/install/colorblock_detector/share/colorblock_detector/package.ps1'
[0.629s] INFO:colcon.colcon_core.shell:Creating package descriptor '/home/jason/gxs/GXS_2024_VisionCode/install/colorblock_detector/share/colorblock_detector/package.dsv'
[0.630s] INFO:colcon.colcon_core.shell:Creating package script '/home/jason/gxs/GXS_2024_VisionCode/install/colorblock_detector/share/colorblock_detector/package.sh'
[0.630s] INFO:colcon.colcon_core.shell:Creating package script '/home/jason/gxs/GXS_2024_VisionCode/install/colorblock_detector/share/colorblock_detector/package.bash'
[0.630s] INFO:colcon.colcon_core.shell:Creating package script '/home/jason/gxs/GXS_2024_VisionCode/install/colorblock_detector/share/colorblock_detector/package.zsh'
[0.630s] Level 1:colcon.colcon_core.environment:create_file_with_runtime_dependencies(/home/jason/gxs/GXS_2024_VisionCode/install/colorblock_detector/share/colcon-core/packages/colorblock_detector)
[0.633s] DEBUG:colcon.colcon_core.event_handler.log_command:Invoking command in '/home/jason/gxs/GXS_2024_VisionCode/build/gxs_serial_driver': AMENT_PREFIX_PATH=/home/jason/gxs/GXS_2024_VisionCode/install/qrmsg:${AMENT_PREFIX_PATH} CMAKE_PREFIX_PATH=/home/jason/gxs/GXS_2024_VisionCode/install/qrmsg:/home/jason/gxs/test/install/test:/opt/ros/humble LD_LIBRARY_PATH=/home/jason/gxs/GXS_2024_VisionCode/install/qrmsg/lib:/opt/ros/humble/opt/rviz_ogre_vendor/lib:/opt/ros/humble/lib/x86_64-linux-gnu:/opt/ros/humble/lib:/opt/MVS/lib/64:/opt/MVS/lib/32:/opt/MVS/lib/64:/opt/MVS/lib/32:/opt/MVS/lib/64:/opt/MVS/lib/32 PYTHONPATH=/home/jason/gxs/GXS_2024_VisionCode/install/qrmsg/local/lib/python3.10/dist-packages:${PYTHONPATH} /usr/bin/cmake --install /home/jason/gxs/GXS_2024_VisionCode/build/gxs_serial_driver
[0.638s] DEBUG:colcon.colcon_core.event_handler.log_command:Invoking command in '/home/jason/gxs/GXS_2024_VisionCode/build/binary_detector': AMENT_PREFIX_PATH=/home/jason/gxs/GXS_2024_VisionCode/install/qrmsg:${AMENT_PREFIX_PATH} CMAKE_PREFIX_PATH=/home/jason/gxs/GXS_2024_VisionCode/install/qrmsg:/home/jason/gxs/test/install/test:/opt/ros/humble LD_LIBRARY_PATH=/home/jason/gxs/GXS_2024_VisionCode/install/qrmsg/lib:/opt/ros/humble/opt/rviz_ogre_vendor/lib:/opt/ros/humble/lib/x86_64-linux-gnu:/opt/ros/humble/lib:/opt/MVS/lib/64:/opt/MVS/lib/32:/opt/MVS/lib/64:/opt/MVS/lib/32:/opt/MVS/lib/64:/opt/MVS/lib/32 PYTHONPATH=/home/jason/gxs/GXS_2024_VisionCode/install/qrmsg/local/lib/python3.10/dist-packages:${PYTHONPATH} /usr/bin/cmake --install /home/jason/gxs/GXS_2024_VisionCode/build/binary_detector
[0.643s] Level 1:colcon.colcon_core.environment:create_environment_scripts_only(gxs_serial_driver)
[0.643s] Level 1:colcon.colcon_core.environment:checking '/home/jason/gxs/GXS_2024_VisionCode/install/gxs_serial_driver' for CMake module files
[0.644s] Level 1:colcon.colcon_core.environment:checking '/home/jason/gxs/GXS_2024_VisionCode/install/gxs_serial_driver' for CMake config files
[0.645s] DEBUG:colcon.colcon_core.event_handler.log_command:Invoked command in '/home/jason/gxs/GXS_2024_VisionCode/build/gxs_serial_driver' returned '0': AMENT_PREFIX_PATH=/home/jason/gxs/GXS_2024_VisionCode/install/qrmsg:${AMENT_PREFIX_PATH} CMAKE_PREFIX_PATH=/home/jason/gxs/GXS_2024_VisionCode/install/qrmsg:/home/jason/gxs/test/install/test:/opt/ros/humble LD_LIBRARY_PATH=/home/jason/gxs/GXS_2024_VisionCode/install/qrmsg/lib:/opt/ros/humble/opt/rviz_ogre_vendor/lib:/opt/ros/humble/lib/x86_64-linux-gnu:/opt/ros/humble/lib:/opt/MVS/lib/64:/opt/MVS/lib/32:/opt/MVS/lib/64:/opt/MVS/lib/32:/opt/MVS/lib/64:/opt/MVS/lib/32 PYTHONPATH=/home/jason/gxs/GXS_2024_VisionCode/install/qrmsg/local/lib/python3.10/dist-packages:${PYTHONPATH} /usr/bin/cmake --install /home/jason/gxs/GXS_2024_VisionCode/build/gxs_serial_driver
[0.646s] Level 1:colcon.colcon_core.shell:create_environment_hook('gxs_serial_driver', 'cmake_prefix_path')
[0.646s] INFO:colcon.colcon_core.shell:Creating environment hook '/home/jason/gxs/GXS_2024_VisionCode/install/gxs_serial_driver/share/gxs_serial_driver/hook/cmake_prefix_path.ps1'
[0.646s] INFO:colcon.colcon_core.shell:Creating environment descriptor '/home/jason/gxs/GXS_2024_VisionCode/install/gxs_serial_driver/share/gxs_serial_driver/hook/cmake_prefix_path.dsv'
[0.647s] INFO:colcon.colcon_core.shell:Creating environment hook '/home/jason/gxs/GXS_2024_VisionCode/install/gxs_serial_driver/share/gxs_serial_driver/hook/cmake_prefix_path.sh'
[0.648s] Level 1:colcon.colcon_core.environment:checking '/home/jason/gxs/GXS_2024_VisionCode/install/gxs_serial_driver/lib'
[0.649s] Level 1:colcon.colcon_core.shell:create_environment_hook('gxs_serial_driver', 'ld_library_path_lib')
[0.649s] INFO:colcon.colcon_core.shell:Creating environment hook '/home/jason/gxs/GXS_2024_VisionCode/install/gxs_serial_driver/share/gxs_serial_driver/hook/ld_library_path_lib.ps1'
[0.649s] INFO:colcon.colcon_core.shell:Creating environment descriptor '/home/jason/gxs/GXS_2024_VisionCode/install/gxs_serial_driver/share/gxs_serial_driver/hook/ld_library_path_lib.dsv'
[0.650s] INFO:colcon.colcon_core.shell:Creating environment hook '/home/jason/gxs/GXS_2024_VisionCode/install/gxs_serial_driver/share/gxs_serial_driver/hook/ld_library_path_lib.sh'
[0.650s] Level 1:colcon.colcon_core.environment:checking '/home/jason/gxs/GXS_2024_VisionCode/install/gxs_serial_driver/bin'
[0.650s] Level 1:colcon.colcon_core.environment:checking '/home/jason/gxs/GXS_2024_VisionCode/install/gxs_serial_driver/lib/pkgconfig/gxs_serial_driver.pc'
[0.650s] Level 1:colcon.colcon_core.environment:checking '/home/jason/gxs/GXS_2024_VisionCode/install/gxs_serial_driver/lib/python3.10/site-packages'
[0.651s] Level 1:colcon.colcon_core.environment:checking '/home/jason/gxs/GXS_2024_VisionCode/install/gxs_serial_driver/bin'
[0.651s] INFO:colcon.colcon_core.shell:Creating package script '/home/jason/gxs/GXS_2024_VisionCode/install/gxs_serial_driver/share/gxs_serial_driver/package.ps1'
[0.652s] INFO:colcon.colcon_core.shell:Creating package descriptor '/home/jason/gxs/GXS_2024_VisionCode/install/gxs_serial_driver/share/gxs_serial_driver/package.dsv'
[0.652s] INFO:colcon.colcon_core.shell:Creating package script '/home/jason/gxs/GXS_2024_VisionCode/install/gxs_serial_driver/share/gxs_serial_driver/package.sh'
[0.653s] INFO:colcon.colcon_core.shell:Creating package script '/home/jason/gxs/GXS_2024_VisionCode/install/gxs_serial_driver/share/gxs_serial_driver/package.bash'
[0.653s] INFO:colcon.colcon_core.shell:Creating package script '/home/jason/gxs/GXS_2024_VisionCode/install/gxs_serial_driver/share/gxs_serial_driver/package.zsh'
[0.653s] Level 1:colcon.colcon_core.environment:create_file_with_runtime_dependencies(/home/jason/gxs/GXS_2024_VisionCode/install/gxs_serial_driver/share/colcon-core/packages/gxs_serial_driver)
[0.655s] Level 1:colcon.colcon_core.environment:create_environment_scripts_only(colorblock_detector)
[0.655s] Level 1:colcon.colcon_core.environment:checking '/home/jason/gxs/GXS_2024_VisionCode/install/colorblock_detector' for CMake module files
[0.655s] Level 1:colcon.colcon_core.environment:checking '/home/jason/gxs/GXS_2024_VisionCode/install/colorblock_detector' for CMake config files
[0.656s] Level 1:colcon.colcon_core.shell:create_environment_hook('colorblock_detector', 'cmake_prefix_path')
[0.656s] INFO:colcon.colcon_core.shell:Creating environment hook '/home/jason/gxs/GXS_2024_VisionCode/install/colorblock_detector/share/colorblock_detector/hook/cmake_prefix_path.ps1'
[0.656s] INFO:colcon.colcon_core.shell:Creating environment descriptor '/home/jason/gxs/GXS_2024_VisionCode/install/colorblock_detector/share/colorblock_detector/hook/cmake_prefix_path.dsv'
[0.657s] INFO:colcon.colcon_core.shell:Creating environment hook '/home/jason/gxs/GXS_2024_VisionCode/install/colorblock_detector/share/colorblock_detector/hook/cmake_prefix_path.sh'
[0.657s] Level 1:colcon.colcon_core.environment:checking '/home/jason/gxs/GXS_2024_VisionCode/install/colorblock_detector/lib'
[0.657s] Level 1:colcon.colcon_core.environment:checking '/home/jason/gxs/GXS_2024_VisionCode/install/colorblock_detector/bin'
[0.657s] Level 1:colcon.colcon_core.environment:checking '/home/jason/gxs/GXS_2024_VisionCode/install/colorblock_detector/lib/pkgconfig/colorblock_detector.pc'
[0.657s] Level 1:colcon.colcon_core.environment:checking '/home/jason/gxs/GXS_2024_VisionCode/install/colorblock_detector/lib/python3.10/site-packages'
[0.657s] Level 1:colcon.colcon_core.environment:checking '/home/jason/gxs/GXS_2024_VisionCode/install/colorblock_detector/bin'
[0.658s] INFO:colcon.colcon_core.shell:Creating package script '/home/jason/gxs/GXS_2024_VisionCode/install/colorblock_detector/share/colorblock_detector/package.ps1'
[0.658s] INFO:colcon.colcon_core.shell:Creating package descriptor '/home/jason/gxs/GXS_2024_VisionCode/install/colorblock_detector/share/colorblock_detector/package.dsv'
[0.658s] INFO:colcon.colcon_core.shell:Creating package script '/home/jason/gxs/GXS_2024_VisionCode/install/colorblock_detector/share/colorblock_detector/package.sh'
[0.658s] INFO:colcon.colcon_core.shell:Creating package script '/home/jason/gxs/GXS_2024_VisionCode/install/colorblock_detector/share/colorblock_detector/package.bash'
[0.658s] INFO:colcon.colcon_core.shell:Creating package script '/home/jason/gxs/GXS_2024_VisionCode/install/colorblock_detector/share/colorblock_detector/package.zsh'
[0.659s] Level 1:colcon.colcon_core.environment:create_file_with_runtime_dependencies(/home/jason/gxs/GXS_2024_VisionCode/install/colorblock_detector/share/colcon-core/packages/colorblock_detector)
[0.659s] Level 1:colcon.colcon_core.environment:create_environment_scripts_only(binary_detector)
[0.659s] Level 1:colcon.colcon_core.environment:checking '/home/jason/gxs/GXS_2024_VisionCode/install/binary_detector' for CMake module files
[0.660s] Level 1:colcon.colcon_core.environment:checking '/home/jason/gxs/GXS_2024_VisionCode/install/binary_detector' for CMake config files
[0.660s] DEBUG:colcon.colcon_core.event_handler.log_command:Invoked command in '/home/jason/gxs/GXS_2024_VisionCode/build/binary_detector' returned '0': AMENT_PREFIX_PATH=/home/jason/gxs/GXS_2024_VisionCode/install/qrmsg:${AMENT_PREFIX_PATH} CMAKE_PREFIX_PATH=/home/jason/gxs/GXS_2024_VisionCode/install/qrmsg:/home/jason/gxs/test/install/test:/opt/ros/humble LD_LIBRARY_PATH=/home/jason/gxs/GXS_2024_VisionCode/install/qrmsg/lib:/opt/ros/humble/opt/rviz_ogre_vendor/lib:/opt/ros/humble/lib/x86_64-linux-gnu:/opt/ros/humble/lib:/opt/MVS/lib/64:/opt/MVS/lib/32:/opt/MVS/lib/64:/opt/MVS/lib/32:/opt/MVS/lib/64:/opt/MVS/lib/32 PYTHONPATH=/home/jason/gxs/GXS_2024_VisionCode/install/qrmsg/local/lib/python3.10/dist-packages:${PYTHONPATH} /usr/bin/cmake --install /home/jason/gxs/GXS_2024_VisionCode/build/binary_detector
[0.661s] Level 1:colcon.colcon_core.shell:create_environment_hook('binary_detector', 'cmake_prefix_path')
[0.661s] INFO:colcon.colcon_core.shell:Creating environment hook '/home/jason/gxs/GXS_2024_VisionCode/install/binary_detector/share/binary_detector/hook/cmake_prefix_path.ps1'
[0.661s] INFO:colcon.colcon_core.shell:Creating environment descriptor '/home/jason/gxs/GXS_2024_VisionCode/install/binary_detector/share/binary_detector/hook/cmake_prefix_path.dsv'
[0.662s] INFO:colcon.colcon_core.shell:Creating environment hook '/home/jason/gxs/GXS_2024_VisionCode/install/binary_detector/share/binary_detector/hook/cmake_prefix_path.sh'
[0.662s] Level 1:colcon.colcon_core.environment:checking '/home/jason/gxs/GXS_2024_VisionCode/install/binary_detector/lib'
[0.662s] Level 1:colcon.colcon_core.environment:checking '/home/jason/gxs/GXS_2024_VisionCode/install/binary_detector/bin'
[0.662s] Level 1:colcon.colcon_core.environment:checking '/home/jason/gxs/GXS_2024_VisionCode/install/binary_detector/lib/pkgconfig/binary_detector.pc'
[0.662s] Level 1:colcon.colcon_core.environment:checking '/home/jason/gxs/GXS_2024_VisionCode/install/binary_detector/lib/python3.10/site-packages'
[0.662s] Level 1:colcon.colcon_core.environment:checking '/home/jason/gxs/GXS_2024_VisionCode/install/binary_detector/bin'
[0.662s] INFO:colcon.colcon_core.shell:Creating package script '/home/jason/gxs/GXS_2024_VisionCode/install/binary_detector/share/binary_detector/package.ps1'
[0.663s] INFO:colcon.colcon_core.shell:Creating package descriptor '/home/jason/gxs/GXS_2024_VisionCode/install/binary_detector/share/binary_detector/package.dsv'
[0.663s] INFO:colcon.colcon_core.shell:Creating package script '/home/jason/gxs/GXS_2024_VisionCode/install/binary_detector/share/binary_detector/package.sh'
[0.663s] INFO:colcon.colcon_core.shell:Creating package script '/home/jason/gxs/GXS_2024_VisionCode/install/binary_detector/share/binary_detector/package.bash'
[0.663s] INFO:colcon.colcon_core.shell:Creating package script '/home/jason/gxs/GXS_2024_VisionCode/install/binary_detector/share/binary_detector/package.zsh'
[0.664s] Level 1:colcon.colcon_core.environment:create_file_with_runtime_dependencies(/home/jason/gxs/GXS_2024_VisionCode/install/binary_detector/share/colcon-core/packages/binary_detector)
[0.676s] Level 1:colcon.colcon_core.environment:create_environment_scripts_only(gxs_serial_driver)
[0.677s] Level 1:colcon.colcon_core.environment:checking '/home/jason/gxs/GXS_2024_VisionCode/install/gxs_serial_driver' for CMake module files
[0.677s] Level 1:colcon.colcon_core.environment:checking '/home/jason/gxs/GXS_2024_VisionCode/install/gxs_serial_driver' for CMake config files
[0.677s] Level 1:colcon.colcon_core.shell:create_environment_hook('gxs_serial_driver', 'cmake_prefix_path')
[0.677s] INFO:colcon.colcon_core.shell:Creating environment hook '/home/jason/gxs/GXS_2024_VisionCode/install/gxs_serial_driver/share/gxs_serial_driver/hook/cmake_prefix_path.ps1'
[0.678s] INFO:colcon.colcon_core.shell:Creating environment descriptor '/home/jason/gxs/GXS_2024_VisionCode/install/gxs_serial_driver/share/gxs_serial_driver/hook/cmake_prefix_path.dsv'
[0.678s] INFO:colcon.colcon_core.shell:Creating environment hook '/home/jason/gxs/GXS_2024_VisionCode/install/gxs_serial_driver/share/gxs_serial_driver/hook/cmake_prefix_path.sh'
[0.678s] Level 1:colcon.colcon_core.environment:checking '/home/jason/gxs/GXS_2024_VisionCode/install/gxs_serial_driver/lib'
[0.678s] Level 1:colcon.colcon_core.shell:create_environment_hook('gxs_serial_driver', 'ld_library_path_lib')
[0.678s] INFO:colcon.colcon_core.shell:Creating environment hook '/home/jason/gxs/GXS_2024_VisionCode/install/gxs_serial_driver/share/gxs_serial_driver/hook/ld_library_path_lib.ps1'
[0.679s] INFO:colcon.colcon_core.shell:Creating environment descriptor '/home/jason/gxs/GXS_2024_VisionCode/install/gxs_serial_driver/share/gxs_serial_driver/hook/ld_library_path_lib.dsv'
[0.679s] INFO:colcon.colcon_core.shell:Creating environment hook '/home/jason/gxs/GXS_2024_VisionCode/install/gxs_serial_driver/share/gxs_serial_driver/hook/ld_library_path_lib.sh'
[0.679s] Level 1:colcon.colcon_core.environment:checking '/home/jason/gxs/GXS_2024_VisionCode/install/gxs_serial_driver/bin'
[0.679s] Level 1:colcon.colcon_core.environment:checking '/home/jason/gxs/GXS_2024_VisionCode/install/gxs_serial_driver/lib/pkgconfig/gxs_serial_driver.pc'
[0.679s] Level 1:colcon.colcon_core.environment:checking '/home/jason/gxs/GXS_2024_VisionCode/install/gxs_serial_driver/lib/python3.10/site-packages'
[0.679s] Level 1:colcon.colcon_core.environment:checking '/home/jason/gxs/GXS_2024_VisionCode/install/gxs_serial_driver/bin'
[0.679s] INFO:colcon.colcon_core.shell:Creating package script '/home/jason/gxs/GXS_2024_VisionCode/install/gxs_serial_driver/share/gxs_serial_driver/package.ps1'
[0.680s] INFO:colcon.colcon_core.shell:Creating package descriptor '/home/jason/gxs/GXS_2024_VisionCode/install/gxs_serial_driver/share/gxs_serial_driver/package.dsv'
[0.680s] INFO:colcon.colcon_core.shell:Creating package script '/home/jason/gxs/GXS_2024_VisionCode/install/gxs_serial_driver/share/gxs_serial_driver/package.sh'
[0.680s] INFO:colcon.colcon_core.shell:Creating package script '/home/jason/gxs/GXS_2024_VisionCode/install/gxs_serial_driver/share/gxs_serial_driver/package.bash'
[0.680s] INFO:colcon.colcon_core.shell:Creating package script '/home/jason/gxs/GXS_2024_VisionCode/install/gxs_serial_driver/share/gxs_serial_driver/package.zsh'
[0.681s] Level 1:colcon.colcon_core.environment:create_file_with_runtime_dependencies(/home/jason/gxs/GXS_2024_VisionCode/install/gxs_serial_driver/share/colcon-core/packages/gxs_serial_driver)
[0.684s] Level 1:colcon.colcon_core.environment:create_environment_scripts_only(binary_detector)
[0.684s] Level 1:colcon.colcon_core.environment:checking '/home/jason/gxs/GXS_2024_VisionCode/install/binary_detector' for CMake module files
[0.685s] Level 1:colcon.colcon_core.environment:checking '/home/jason/gxs/GXS_2024_VisionCode/install/binary_detector' for CMake config files
[0.685s] Level 1:colcon.colcon_core.shell:create_environment_hook('binary_detector', 'cmake_prefix_path')
[0.685s] INFO:colcon.colcon_core.shell:Creating environment hook '/home/jason/gxs/GXS_2024_VisionCode/install/binary_detector/share/binary_detector/hook/cmake_prefix_path.ps1'
[0.686s] INFO:colcon.colcon_core.shell:Creating environment descriptor '/home/jason/gxs/GXS_2024_VisionCode/install/binary_detector/share/binary_detector/hook/cmake_prefix_path.dsv'
[0.686s] INFO:colcon.colcon_core.shell:Creating environment hook '/home/jason/gxs/GXS_2024_VisionCode/install/binary_detector/share/binary_detector/hook/cmake_prefix_path.sh'
[0.687s] Level 1:colcon.colcon_core.environment:checking '/home/jason/gxs/GXS_2024_VisionCode/install/binary_detector/lib'
[0.687s] Level 1:colcon.colcon_core.environment:checking '/home/jason/gxs/GXS_2024_VisionCode/install/binary_detector/bin'
[0.687s] Level 1:colcon.colcon_core.environment:checking '/home/jason/gxs/GXS_2024_VisionCode/install/binary_detector/lib/pkgconfig/binary_detector.pc'
[0.688s] Level 1:colcon.colcon_core.environment:checking '/home/jason/gxs/GXS_2024_VisionCode/install/binary_detector/lib/python3.10/site-packages'
[0.688s] Level 1:colcon.colcon_core.environment:checking '/home/jason/gxs/GXS_2024_VisionCode/install/binary_detector/bin'
[0.688s] INFO:colcon.colcon_core.shell:Creating package script '/home/jason/gxs/GXS_2024_VisionCode/install/binary_detector/share/binary_detector/package.ps1'
[0.689s] INFO:colcon.colcon_core.shell:Creating package descriptor '/home/jason/gxs/GXS_2024_VisionCode/install/binary_detector/share/binary_detector/package.dsv'
[0.690s] INFO:colcon.colcon_core.shell:Creating package script '/home/jason/gxs/GXS_2024_VisionCode/install/binary_detector/share/binary_detector/package.sh'
[0.690s] INFO:colcon.colcon_core.shell:Creating package script '/home/jason/gxs/GXS_2024_VisionCode/install/binary_detector/share/binary_detector/package.bash'
[0.690s] INFO:colcon.colcon_core.shell:Creating package script '/home/jason/gxs/GXS_2024_VisionCode/install/binary_detector/share/binary_detector/package.zsh'
[0.691s] Level 1:colcon.colcon_core.environment:create_file_with_runtime_dependencies(/home/jason/gxs/GXS_2024_VisionCode/install/binary_detector/share/colcon-core/packages/binary_detector)
[0.804s] Level 1:colcon.colcon_core.environment:checking '/home/jason/gxs/GXS_2024_VisionCode/install/line_follow' for CMake module files
[0.804s] DEBUG:colcon.colcon_core.event_handler.log_command:Invoked command in '/home/jason/gxs/GXS_2024_VisionCode/src/line_follow' returned '0': PYTHONPATH=/home/jason/gxs/GXS_2024_VisionCode/build/line_follow/prefix_override:/home/jason/gxs/GXS_2024_VisionCode/install/line_follow/lib/python3.10/site-packages:${PYTHONPATH} /usr/bin/python3 -W ignore:setup.py install is deprecated setup.py egg_info --egg-base ../../build/line_follow build --build-base /home/jason/gxs/GXS_2024_VisionCode/build/line_follow/build install --record /home/jason/gxs/GXS_2024_VisionCode/build/line_follow/install.log --single-version-externally-managed install_data
[0.805s] Level 1:colcon.colcon_core.environment:checking '/home/jason/gxs/GXS_2024_VisionCode/install/line_follow' for CMake config files
[0.805s] Level 1:colcon.colcon_core.environment:checking '/home/jason/gxs/GXS_2024_VisionCode/install/line_follow/lib'
[0.805s] Level 1:colcon.colcon_core.environment:checking '/home/jason/gxs/GXS_2024_VisionCode/install/line_follow/bin'
[0.805s] Level 1:colcon.colcon_core.environment:checking '/home/jason/gxs/GXS_2024_VisionCode/install/line_follow/lib/pkgconfig/line_follow.pc'
[0.806s] Level 1:colcon.colcon_core.environment:checking '/home/jason/gxs/GXS_2024_VisionCode/install/line_follow/lib/python3.10/site-packages'
[0.806s] Level 1:colcon.colcon_core.shell:create_environment_hook('line_follow', 'pythonpath')
[0.806s] INFO:colcon.colcon_core.shell:Creating environment hook '/home/jason/gxs/GXS_2024_VisionCode/install/line_follow/share/line_follow/hook/pythonpath.ps1'
[0.807s] INFO:colcon.colcon_core.shell:Creating environment descriptor '/home/jason/gxs/GXS_2024_VisionCode/install/line_follow/share/line_follow/hook/pythonpath.dsv'
[0.807s] INFO:colcon.colcon_core.shell:Creating environment hook '/home/jason/gxs/GXS_2024_VisionCode/install/line_follow/share/line_follow/hook/pythonpath.sh'
[0.808s] Level 1:colcon.colcon_core.environment:checking '/home/jason/gxs/GXS_2024_VisionCode/install/line_follow/bin'
[0.808s] Level 1:colcon.colcon_core.environment:create_environment_scripts_only(line_follow)
[0.808s] INFO:colcon.colcon_core.shell:Creating package script '/home/jason/gxs/GXS_2024_VisionCode/install/line_follow/share/line_follow/package.ps1'
[0.808s] INFO:colcon.colcon_core.shell:Creating package descriptor '/home/jason/gxs/GXS_2024_VisionCode/install/line_follow/share/line_follow/package.dsv'
[0.809s] INFO:colcon.colcon_core.shell:Creating package script '/home/jason/gxs/GXS_2024_VisionCode/install/line_follow/share/line_follow/package.sh'
[0.809s] INFO:colcon.colcon_core.shell:Creating package script '/home/jason/gxs/GXS_2024_VisionCode/install/line_follow/share/line_follow/package.bash'
[0.810s] INFO:colcon.colcon_core.shell:Creating package script '/home/jason/gxs/GXS_2024_VisionCode/install/line_follow/share/line_follow/package.zsh'
[0.810s] Level 1:colcon.colcon_core.environment:create_file_with_runtime_dependencies(/home/jason/gxs/GXS_2024_VisionCode/install/line_follow/share/colcon-core/packages/line_follow)
[1.570s] DEBUG:colcon.colcon_core.event_handler.log_command:Invoked command in '/home/jason/gxs/GXS_2024_VisionCode/build/adjust_hsv' returned '0': CMAKE_PREFIX_PATH=${CMAKE_PREFIX_PATH}:/opt/ros/humble /usr/bin/cmake --build /home/jason/gxs/GXS_2024_VisionCode/build/adjust_hsv -- -j16 -l16
[1.582s] DEBUG:colcon.colcon_core.event_handler.log_command:Invoking command in '/home/jason/gxs/GXS_2024_VisionCode/build/adjust_hsv': CMAKE_PREFIX_PATH=${CMAKE_PREFIX_PATH}:/opt/ros/humble /usr/bin/cmake --install /home/jason/gxs/GXS_2024_VisionCode/build/adjust_hsv
[1.588s] Level 1:colcon.colcon_core.environment:create_environment_scripts_only(adjust_hsv)
[1.589s] Level 1:colcon.colcon_core.environment:checking '/home/jason/gxs/GXS_2024_VisionCode/install/adjust_hsv' for CMake module files
[1.589s] DEBUG:colcon.colcon_core.event_handler.log_command:Invoked command in '/home/jason/gxs/GXS_2024_VisionCode/build/adjust_hsv' returned '0': CMAKE_PREFIX_PATH=${CMAKE_PREFIX_PATH}:/opt/ros/humble /usr/bin/cmake --install /home/jason/gxs/GXS_2024_VisionCode/build/adjust_hsv
[1.589s] Level 1:colcon.colcon_core.environment:checking '/home/jason/gxs/GXS_2024_VisionCode/install/adjust_hsv' for CMake config files
[1.590s] Level 1:colcon.colcon_core.shell:create_environment_hook('adjust_hsv', 'cmake_prefix_path')
[1.590s] INFO:colcon.colcon_core.shell:Creating environment hook '/home/jason/gxs/GXS_2024_VisionCode/install/adjust_hsv/share/adjust_hsv/hook/cmake_prefix_path.ps1'
[1.590s] INFO:colcon.colcon_core.shell:Creating environment descriptor '/home/jason/gxs/GXS_2024_VisionCode/install/adjust_hsv/share/adjust_hsv/hook/cmake_prefix_path.dsv'
[1.591s] INFO:colcon.colcon_core.shell:Creating environment hook '/home/jason/gxs/GXS_2024_VisionCode/install/adjust_hsv/share/adjust_hsv/hook/cmake_prefix_path.sh'
[1.591s] Level 1:colcon.colcon_core.environment:checking '/home/jason/gxs/GXS_2024_VisionCode/install/adjust_hsv/lib'
[1.591s] Level 1:colcon.colcon_core.environment:checking '/home/jason/gxs/GXS_2024_VisionCode/install/adjust_hsv/bin'
[1.591s] Level 1:colcon.colcon_core.environment:checking '/home/jason/gxs/GXS_2024_VisionCode/install/adjust_hsv/lib/pkgconfig/adjust_hsv.pc'
[1.591s] Level 1:colcon.colcon_core.environment:checking '/home/jason/gxs/GXS_2024_VisionCode/install/adjust_hsv/lib/python3.10/site-packages'
[1.591s] Level 1:colcon.colcon_core.environment:checking '/home/jason/gxs/GXS_2024_VisionCode/install/adjust_hsv/bin'
[1.591s] INFO:colcon.colcon_core.shell:Creating package script '/home/jason/gxs/GXS_2024_VisionCode/install/adjust_hsv/share/adjust_hsv/package.ps1'
[1.592s] INFO:colcon.colcon_core.shell:Creating package descriptor '/home/jason/gxs/GXS_2024_VisionCode/install/adjust_hsv/share/adjust_hsv/package.dsv'
[1.592s] INFO:colcon.colcon_core.shell:Creating package script '/home/jason/gxs/GXS_2024_VisionCode/install/adjust_hsv/share/adjust_hsv/package.sh'
[1.592s] INFO:colcon.colcon_core.shell:Creating package script '/home/jason/gxs/GXS_2024_VisionCode/install/adjust_hsv/share/adjust_hsv/package.bash'
[1.592s] INFO:colcon.colcon_core.shell:Creating package script '/home/jason/gxs/GXS_2024_VisionCode/install/adjust_hsv/share/adjust_hsv/package.zsh'
[1.592s] Level 1:colcon.colcon_core.environment:create_file_with_runtime_dependencies(/home/jason/gxs/GXS_2024_VisionCode/install/adjust_hsv/share/colcon-core/packages/adjust_hsv)
[1.606s] Level 1:colcon.colcon_core.environment:create_environment_scripts_only(adjust_hsv)
[1.606s] Level 1:colcon.colcon_core.environment:checking '/home/jason/gxs/GXS_2024_VisionCode/install/adjust_hsv' for CMake module files
[1.607s] Level 1:colcon.colcon_core.environment:checking '/home/jason/gxs/GXS_2024_VisionCode/install/adjust_hsv' for CMake config files
[1.607s] Level 1:colcon.colcon_core.shell:create_environment_hook('adjust_hsv', 'cmake_prefix_path')
[1.608s] INFO:colcon.colcon_core.shell:Creating environment hook '/home/jason/gxs/GXS_2024_VisionCode/install/adjust_hsv/share/adjust_hsv/hook/cmake_prefix_path.ps1'
[1.608s] INFO:colcon.colcon_core.shell:Creating environment descriptor '/home/jason/gxs/GXS_2024_VisionCode/install/adjust_hsv/share/adjust_hsv/hook/cmake_prefix_path.dsv'
[1.608s] INFO:colcon.colcon_core.shell:Creating environment hook '/home/jason/gxs/GXS_2024_VisionCode/install/adjust_hsv/share/adjust_hsv/hook/cmake_prefix_path.sh'
[1.609s] Level 1:colcon.colcon_core.environment:checking '/home/jason/gxs/GXS_2024_VisionCode/install/adjust_hsv/lib'
[1.609s] Level 1:colcon.colcon_core.environment:checking '/home/jason/gxs/GXS_2024_VisionCode/install/adjust_hsv/bin'
[1.609s] Level 1:colcon.colcon_core.environment:checking '/home/jason/gxs/GXS_2024_VisionCode/install/adjust_hsv/lib/pkgconfig/adjust_hsv.pc'
[1.609s] Level 1:colcon.colcon_core.environment:checking '/home/jason/gxs/GXS_2024_VisionCode/install/adjust_hsv/lib/python3.10/site-packages'
[1.609s] Level 1:colcon.colcon_core.environment:checking '/home/jason/gxs/GXS_2024_VisionCode/install/adjust_hsv/bin'
[1.609s] INFO:colcon.colcon_core.shell:Creating package script '/home/jason/gxs/GXS_2024_VisionCode/install/adjust_hsv/share/adjust_hsv/package.ps1'
[1.610s] INFO:colcon.colcon_core.shell:Creating package descriptor '/home/jason/gxs/GXS_2024_VisionCode/install/adjust_hsv/share/adjust_hsv/package.dsv'
[1.610s] INFO:colcon.colcon_core.shell:Creating package script '/home/jason/gxs/GXS_2024_VisionCode/install/adjust_hsv/share/adjust_hsv/package.sh'
[1.610s] INFO:colcon.colcon_core.shell:Creating package script '/home/jason/gxs/GXS_2024_VisionCode/install/adjust_hsv/share/adjust_hsv/package.bash'
[1.610s] INFO:colcon.colcon_core.shell:Creating package script '/home/jason/gxs/GXS_2024_VisionCode/install/adjust_hsv/share/adjust_hsv/package.zsh'
[1.611s] Level 1:colcon.colcon_core.environment:create_file_with_runtime_dependencies(/home/jason/gxs/GXS_2024_VisionCode/install/adjust_hsv/share/colcon-core/packages/adjust_hsv)
[1.611s] DEBUG:colcon.colcon_parallel_executor.executor.parallel:closing loop
[1.611s] DEBUG:colcon.colcon_parallel_executor.executor.parallel:loop closed
[1.611s] DEBUG:colcon.colcon_parallel_executor.executor.parallel:run_until_complete finished with '0'
[1.611s] DEBUG:colcon.colcon_core.event_reactor:joining thread
[1.615s] INFO:colcon.colcon_core.plugin_system:Skipping extension 'colcon_notification.desktop_notification.terminal_notifier': Not used on non-Darwin systems
[1.615s] INFO:colcon.colcon_core.plugin_system:Skipping extension 'colcon_notification.desktop_notification.win32': Not used on non-Windows systems
[1.615s] INFO:colcon.colcon_notification.desktop_notification:Sending desktop notification using 'notify2'
[1.626s] DEBUG:colcon.colcon_core.event_reactor:joined thread
[1.627s] INFO:colcon.colcon_core.shell:Creating prefix script '/home/jason/gxs/GXS_2024_VisionCode/install/local_setup.ps1'
[1.628s] INFO:colcon.colcon_core.shell:Creating prefix util module '/home/jason/gxs/GXS_2024_VisionCode/install/_local_setup_util_ps1.py'
[1.629s] INFO:colcon.colcon_core.shell:Creating prefix chain script '/home/jason/gxs/GXS_2024_VisionCode/install/setup.ps1'
[1.630s] INFO:colcon.colcon_core.shell:Creating prefix script '/home/jason/gxs/GXS_2024_VisionCode/install/local_setup.sh'
[1.630s] INFO:colcon.colcon_core.shell:Creating prefix util module '/home/jason/gxs/GXS_2024_VisionCode/install/_local_setup_util_sh.py'
[1.630s] INFO:colcon.colcon_core.shell:Creating prefix chain script '/home/jason/gxs/GXS_2024_VisionCode/install/setup.sh'
[1.631s] INFO:colcon.colcon_core.shell:Creating prefix script '/home/jason/gxs/GXS_2024_VisionCode/install/local_setup.bash'
[1.631s] INFO:colcon.colcon_core.shell:Creating prefix chain script '/home/jason/gxs/GXS_2024_VisionCode/install/setup.bash'
[1.632s] INFO:colcon.colcon_core.shell:Creating prefix script '/home/jason/gxs/GXS_2024_VisionCode/install/local_setup.zsh'
[1.632s] INFO:colcon.colcon_core.shell:Creating prefix chain script '/home/jason/gxs/GXS_2024_VisionCode/install/setup.zsh'
